<?xml version="1.0" encoding="UTF-8"?>
<testsuite xmlns:xsi="http://www.w3.org/2001/XMLSchema-instance" xsi:noNamespaceSchemaLocation="https://maven.apache.org/surefire/maven-surefire-plugin/xsd/surefire-test-report.xsd" version="3.0.2" name="edu.miu.cs.cs425.backend.BackendApplicationTests" time="19.178" tests="1" errors="0" skipped="0" failures="0">
  <properties>
    <property name="java.specification.version" value="23"/>
    <property name="sun.jnu.encoding" value="UTF-8"/>
    <property name="java.class.path" value="/Users/mercelvubangsi/Documents/MY DOCS/MIU/STUDIES/CS425 SWE/PROJECT/new/backend/target/test-classes:/Users/mercelvubangsi/Documents/MY DOCS/MIU/STUDIES/CS425 SWE/PROJECT/new/backend/target/classes:/Users/mercelvubangsi/.m2/repository/org/springframework/boot/spring-boot-starter-web/3.4.3/spring-boot-starter-web-3.4.3.jar:/Users/mercelvubangsi/.m2/repository/org/springframework/boot/spring-boot-starter/3.4.3/spring-boot-starter-3.4.3.jar:/Users/mercelvubangsi/.m2/repository/org/springframework/boot/spring-boot/3.4.3/spring-boot-3.4.3.jar:/Users/mercelvubangsi/.m2/repository/org/springframework/boot/spring-boot-autoconfigure/3.4.3/spring-boot-autoconfigure-3.4.3.jar:/Users/mercelvubangsi/.m2/repository/org/springframework/boot/spring-boot-starter-logging/3.4.3/spring-boot-starter-logging-3.4.3.jar:/Users/mercelvubangsi/.m2/repository/ch/qos/logback/logback-classic/1.5.16/logback-classic-1.5.16.jar:/Users/mercelvubangsi/.m2/repository/ch/qos/logback/logback-core/1.5.16/logback-core-1.5.16.jar:/Users/mercelvubangsi/.m2/repository/org/apache/logging/log4j/log4j-to-slf4j/2.24.3/log4j-to-slf4j-2.24.3.jar:/Users/mercelvubangsi/.m2/repository/org/apache/logging/log4j/log4j-api/2.24.3/log4j-api-2.24.3.jar:/Users/mercelvubangsi/.m2/repository/org/slf4j/jul-to-slf4j/2.0.16/jul-to-slf4j-2.0.16.jar:/Users/mercelvubangsi/.m2/repository/jakarta/annotation/jakarta.annotation-api/2.1.1/jakarta.annotation-api-2.1.1.jar:/Users/mercelvubangsi/.m2/repository/org/yaml/snakeyaml/2.3/snakeyaml-2.3.jar:/Users/mercelvubangsi/.m2/repository/org/springframework/boot/spring-boot-starter-json/3.4.3/spring-boot-starter-json-3.4.3.jar:/Users/mercelvubangsi/.m2/repository/com/fasterxml/jackson/datatype/jackson-datatype-jdk8/2.18.2/jackson-datatype-jdk8-2.18.2.jar:/Users/mercelvubangsi/.m2/repository/com/fasterxml/jackson/datatype/jackson-datatype-jsr310/2.18.2/jackson-datatype-jsr310-2.18.2.jar:/Users/mercelvubangsi/.m2/repository/com/fasterxml/jackson/module/jackson-module-parameter-names/2.18.2/jackson-module-parameter-names-2.18.2.jar:/Users/mercelvubangsi/.m2/repository/org/springframework/boot/spring-boot-starter-tomcat/3.4.3/spring-boot-starter-tomcat-3.4.3.jar:/Users/mercelvubangsi/.m2/repository/org/apache/tomcat/embed/tomcat-embed-core/10.1.36/tomcat-embed-core-10.1.36.jar:/Users/mercelvubangsi/.m2/repository/org/apache/tomcat/embed/tomcat-embed-websocket/10.1.36/tomcat-embed-websocket-10.1.36.jar:/Users/mercelvubangsi/.m2/repository/org/springframework/spring-web/6.2.3/spring-web-6.2.3.jar:/Users/mercelvubangsi/.m2/repository/org/springframework/spring-beans/6.2.3/spring-beans-6.2.3.jar:/Users/mercelvubangsi/.m2/repository/io/micrometer/micrometer-observation/1.14.4/micrometer-observation-1.14.4.jar:/Users/mercelvubangsi/.m2/repository/io/micrometer/micrometer-commons/1.14.4/micrometer-commons-1.14.4.jar:/Users/mercelvubangsi/.m2/repository/org/springframework/spring-webmvc/6.2.3/spring-webmvc-6.2.3.jar:/Users/mercelvubangsi/.m2/repository/org/springframework/spring-aop/6.2.3/spring-aop-6.2.3.jar:/Users/mercelvubangsi/.m2/repository/org/springframework/spring-context/6.2.3/spring-context-6.2.3.jar:/Users/mercelvubangsi/.m2/repository/org/springframework/spring-expression/6.2.3/spring-expression-6.2.3.jar:/Users/mercelvubangsi/.m2/repository/org/springframework/boot/spring-boot-starter-data-jpa/3.4.3/spring-boot-starter-data-jpa-3.4.3.jar:/Users/mercelvubangsi/.m2/repository/org/springframework/boot/spring-boot-starter-jdbc/3.4.3/spring-boot-starter-jdbc-3.4.3.jar:/Users/mercelvubangsi/.m2/repository/com/zaxxer/HikariCP/5.1.0/HikariCP-5.1.0.jar:/Users/mercelvubangsi/.m2/repository/org/springframework/spring-jdbc/6.2.3/spring-jdbc-6.2.3.jar:/Users/mercelvubangsi/.m2/repository/org/hibernate/orm/hibernate-core/6.6.8.Final/hibernate-core-6.6.8.Final.jar:/Users/mercelvubangsi/.m2/repository/jakarta/persistence/jakarta.persistence-api/3.1.0/jakarta.persistence-api-3.1.0.jar:/Users/mercelvubangsi/.m2/repository/jakarta/transaction/jakarta.transaction-api/2.0.1/jakarta.transaction-api-2.0.1.jar:/Users/mercelvubangsi/.m2/repository/org/jboss/logging/jboss-logging/3.6.1.Final/jboss-logging-3.6.1.Final.jar:/Users/mercelvubangsi/.m2/repository/org/hibernate/common/hibernate-commons-annotations/7.0.3.Final/hibernate-commons-annotations-7.0.3.Final.jar:/Users/mercelvubangsi/.m2/repository/io/smallrye/jandex/3.2.0/jandex-3.2.0.jar:/Users/mercelvubangsi/.m2/repository/com/fasterxml/classmate/1.7.0/classmate-1.7.0.jar:/Users/mercelvubangsi/.m2/repository/net/bytebuddy/byte-buddy/1.15.11/byte-buddy-1.15.11.jar:/Users/mercelvubangsi/.m2/repository/org/glassfish/jaxb/jaxb-runtime/4.0.5/jaxb-runtime-4.0.5.jar:/Users/mercelvubangsi/.m2/repository/org/glassfish/jaxb/jaxb-core/4.0.5/jaxb-core-4.0.5.jar:/Users/mercelvubangsi/.m2/repository/org/eclipse/angus/angus-activation/2.0.2/angus-activation-2.0.2.jar:/Users/mercelvubangsi/.m2/repository/org/glassfish/jaxb/txw2/4.0.5/txw2-4.0.5.jar:/Users/mercelvubangsi/.m2/repository/com/sun/istack/istack-commons-runtime/4.1.2/istack-commons-runtime-4.1.2.jar:/Users/mercelvubangsi/.m2/repository/jakarta/inject/jakarta.inject-api/2.0.1/jakarta.inject-api-2.0.1.jar:/Users/mercelvubangsi/.m2/repository/org/antlr/antlr4-runtime/4.13.0/antlr4-runtime-4.13.0.jar:/Users/mercelvubangsi/.m2/repository/org/springframework/data/spring-data-jpa/3.4.3/spring-data-jpa-3.4.3.jar:/Users/mercelvubangsi/.m2/repository/org/springframework/data/spring-data-commons/3.4.3/spring-data-commons-3.4.3.jar:/Users/mercelvubangsi/.m2/repository/org/springframework/spring-orm/6.2.3/spring-orm-6.2.3.jar:/Users/mercelvubangsi/.m2/repository/org/springframework/spring-tx/6.2.3/spring-tx-6.2.3.jar:/Users/mercelvubangsi/.m2/repository/org/slf4j/slf4j-api/2.0.16/slf4j-api-2.0.16.jar:/Users/mercelvubangsi/.m2/repository/org/springframework/spring-aspects/6.2.3/spring-aspects-6.2.3.jar:/Users/mercelvubangsi/.m2/repository/org/aspectj/aspectjweaver/1.9.22.1/aspectjweaver-1.9.22.1.jar:/Users/mercelvubangsi/.m2/repository/com/mysql/mysql-connector-j/8.0.33/mysql-connector-j-8.0.33.jar:/Users/mercelvubangsi/.m2/repository/com/auth0/java-jwt/4.4.0/java-jwt-4.4.0.jar:/Users/mercelvubangsi/.m2/repository/com/fasterxml/jackson/core/jackson-databind/2.18.2/jackson-databind-2.18.2.jar:/Users/mercelvubangsi/.m2/repository/com/fasterxml/jackson/core/jackson-annotations/2.18.2/jackson-annotations-2.18.2.jar:/Users/mercelvubangsi/.m2/repository/com/fasterxml/jackson/core/jackson-core/2.18.2/jackson-core-2.18.2.jar:/Users/mercelvubangsi/.m2/repository/org/springframework/boot/spring-boot-starter-validation/3.4.3/spring-boot-starter-validation-3.4.3.jar:/Users/mercelvubangsi/.m2/repository/org/apache/tomcat/embed/tomcat-embed-el/10.1.36/tomcat-embed-el-10.1.36.jar:/Users/mercelvubangsi/.m2/repository/org/hibernate/validator/hibernate-validator/8.0.2.Final/hibernate-validator-8.0.2.Final.jar:/Users/mercelvubangsi/.m2/repository/jakarta/validation/jakarta.validation-api/3.0.2/jakarta.validation-api-3.0.2.jar:/Users/mercelvubangsi/.m2/repository/org/springdoc/springdoc-openapi-starter-webmvc-ui/2.6.0/springdoc-openapi-starter-webmvc-ui-2.6.0.jar:/Users/mercelvubangsi/.m2/repository/org/springdoc/springdoc-openapi-starter-webmvc-api/2.6.0/springdoc-openapi-starter-webmvc-api-2.6.0.jar:/Users/mercelvubangsi/.m2/repository/org/springdoc/springdoc-openapi-starter-common/2.6.0/springdoc-openapi-starter-common-2.6.0.jar:/Users/mercelvubangsi/.m2/repository/io/swagger/core/v3/swagger-core-jakarta/2.2.22/swagger-core-jakarta-2.2.22.jar:/Users/mercelvubangsi/.m2/repository/org/apache/commons/commons-lang3/3.17.0/commons-lang3-3.17.0.jar:/Users/mercelvubangsi/.m2/repository/io/swagger/core/v3/swagger-annotations-jakarta/2.2.22/swagger-annotations-jakarta-2.2.22.jar:/Users/mercelvubangsi/.m2/repository/io/swagger/core/v3/swagger-models-jakarta/2.2.22/swagger-models-jakarta-2.2.22.jar:/Users/mercelvubangsi/.m2/repository/com/fasterxml/jackson/dataformat/jackson-dataformat-yaml/2.18.2/jackson-dataformat-yaml-2.18.2.jar:/Users/mercelvubangsi/.m2/repository/org/webjars/swagger-ui/5.17.14/swagger-ui-5.17.14.jar:/Users/mercelvubangsi/.m2/repository/org/mindrot/jbcrypt/0.4/jbcrypt-0.4.jar:/Users/mercelvubangsi/.m2/repository/org/projectlombok/lombok/1.18.36/lombok-1.18.36.jar:/Users/mercelvubangsi/.m2/repository/org/springframework/boot/spring-boot-starter-test/3.4.3/spring-boot-starter-test-3.4.3.jar:/Users/mercelvubangsi/.m2/repository/org/springframework/boot/spring-boot-test/3.4.3/spring-boot-test-3.4.3.jar:/Users/mercelvubangsi/.m2/repository/org/springframework/boot/spring-boot-test-autoconfigure/3.4.3/spring-boot-test-autoconfigure-3.4.3.jar:/Users/mercelvubangsi/.m2/repository/com/jayway/jsonpath/json-path/2.9.0/json-path-2.9.0.jar:/Users/mercelvubangsi/.m2/repository/jakarta/xml/bind/jakarta.xml.bind-api/4.0.2/jakarta.xml.bind-api-4.0.2.jar:/Users/mercelvubangsi/.m2/repository/jakarta/activation/jakarta.activation-api/2.1.3/jakarta.activation-api-2.1.3.jar:/Users/mercelvubangsi/.m2/repository/net/minidev/json-smart/2.5.2/json-smart-2.5.2.jar:/Users/mercelvubangsi/.m2/repository/net/minidev/accessors-smart/2.5.2/accessors-smart-2.5.2.jar:/Users/mercelvubangsi/.m2/repository/org/ow2/asm/asm/9.7.1/asm-9.7.1.jar:/Users/mercelvubangsi/.m2/repository/org/assertj/assertj-core/3.26.3/assertj-core-3.26.3.jar:/Users/mercelvubangsi/.m2/repository/org/awaitility/awaitility/4.2.2/awaitility-4.2.2.jar:/Users/mercelvubangsi/.m2/repository/org/hamcrest/hamcrest/2.2/hamcrest-2.2.jar:/Users/mercelvubangsi/.m2/repository/org/junit/jupiter/junit-jupiter/5.11.4/junit-jupiter-5.11.4.jar:/Users/mercelvubangsi/.m2/repository/org/junit/jupiter/junit-jupiter-api/5.11.4/junit-jupiter-api-5.11.4.jar:/Users/mercelvubangsi/.m2/repository/org/opentest4j/opentest4j/1.3.0/opentest4j-1.3.0.jar:/Users/mercelvubangsi/.m2/repository/org/junit/platform/junit-platform-commons/1.11.4/junit-platform-commons-1.11.4.jar:/Users/mercelvubangsi/.m2/repository/org/apiguardian/apiguardian-api/1.1.2/apiguardian-api-1.1.2.jar:/Users/mercelvubangsi/.m2/repository/org/junit/jupiter/junit-jupiter-params/5.11.4/junit-jupiter-params-5.11.4.jar:/Users/mercelvubangsi/.m2/repository/org/junit/jupiter/junit-jupiter-engine/5.11.4/junit-jupiter-engine-5.11.4.jar:/Users/mercelvubangsi/.m2/repository/org/junit/platform/junit-platform-engine/1.11.4/junit-platform-engine-1.11.4.jar:/Users/mercelvubangsi/.m2/repository/org/mockito/mockito-core/5.14.2/mockito-core-5.14.2.jar:/Users/mercelvubangsi/.m2/repository/net/bytebuddy/byte-buddy-agent/1.15.11/byte-buddy-agent-1.15.11.jar:/Users/mercelvubangsi/.m2/repository/org/objenesis/objenesis/3.3/objenesis-3.3.jar:/Users/mercelvubangsi/.m2/repository/org/mockito/mockito-junit-jupiter/5.14.2/mockito-junit-jupiter-5.14.2.jar:/Users/mercelvubangsi/.m2/repository/org/skyscreamer/jsonassert/1.5.3/jsonassert-1.5.3.jar:/Users/mercelvubangsi/.m2/repository/com/vaadin/external/google/android-json/0.0.20131108.vaadin1/android-json-0.0.20131108.vaadin1.jar:/Users/mercelvubangsi/.m2/repository/org/springframework/spring-core/6.2.3/spring-core-6.2.3.jar:/Users/mercelvubangsi/.m2/repository/org/springframework/spring-jcl/6.2.3/spring-jcl-6.2.3.jar:/Users/mercelvubangsi/.m2/repository/org/springframework/spring-test/6.2.3/spring-test-6.2.3.jar:/Users/mercelvubangsi/.m2/repository/org/xmlunit/xmlunit-core/2.10.0/xmlunit-core-2.10.0.jar:"/>
    <property name="java.vm.vendor" value="Homebrew"/>
    <property name="sun.arch.data.model" value="64"/>
    <property name="java.vendor.url" value="https://github.com/Homebrew/homebrew-core/issues"/>
    <property name="user.timezone" value="America/Chicago"/>
    <property name="org.jboss.logging.provider" value="slf4j"/>
    <property name="os.name" value="Mac OS X"/>
    <property name="java.vm.specification.version" value="23"/>
    <property name="APPLICATION_NAME" value="flight-booking"/>
    <property name="sun.java.launcher" value="SUN_STANDARD"/>
    <property name="user.country" value="US"/>
    <property name="sun.boot.library.path" value="/usr/local/Cellar/openjdk/23.0.1/libexec/openjdk.jdk/Contents/Home/lib"/>
    <property name="sun.java.command" value="/Users/mercelvubangsi/Documents/MY DOCS/MIU/STUDIES/CS425 SWE/PROJECT/new/backend/target/surefire/surefirebooter-20250314220019991_3.jar /Users/mercelvubangsi/Documents/MY DOCS/MIU/STUDIES/CS425 SWE/PROJECT/new/backend/target/surefire 2025-03-14T22-00-19_835-jvmRun1 surefire-20250314220019991_1tmp surefire_0-20250314220019991_2tmp"/>
    <property name="http.nonProxyHosts" value="local|*.local|169.254/16|*.169.254/16"/>
    <property name="jdk.debug" value="release"/>
    <property name="surefire.test.class.path" value="/Users/mercelvubangsi/Documents/MY DOCS/MIU/STUDIES/CS425 SWE/PROJECT/new/backend/target/test-classes:/Users/mercelvubangsi/Documents/MY DOCS/MIU/STUDIES/CS425 SWE/PROJECT/new/backend/target/classes:/Users/mercelvubangsi/.m2/repository/org/springframework/boot/spring-boot-starter-web/3.4.3/spring-boot-starter-web-3.4.3.jar:/Users/mercelvubangsi/.m2/repository/org/springframework/boot/spring-boot-starter/3.4.3/spring-boot-starter-3.4.3.jar:/Users/mercelvubangsi/.m2/repository/org/springframework/boot/spring-boot/3.4.3/spring-boot-3.4.3.jar:/Users/mercelvubangsi/.m2/repository/org/springframework/boot/spring-boot-autoconfigure/3.4.3/spring-boot-autoconfigure-3.4.3.jar:/Users/mercelvubangsi/.m2/repository/org/springframework/boot/spring-boot-starter-logging/3.4.3/spring-boot-starter-logging-3.4.3.jar:/Users/mercelvubangsi/.m2/repository/ch/qos/logback/logback-classic/1.5.16/logback-classic-1.5.16.jar:/Users/mercelvubangsi/.m2/repository/ch/qos/logback/logback-core/1.5.16/logback-core-1.5.16.jar:/Users/mercelvubangsi/.m2/repository/org/apache/logging/log4j/log4j-to-slf4j/2.24.3/log4j-to-slf4j-2.24.3.jar:/Users/mercelvubangsi/.m2/repository/org/apache/logging/log4j/log4j-api/2.24.3/log4j-api-2.24.3.jar:/Users/mercelvubangsi/.m2/repository/org/slf4j/jul-to-slf4j/2.0.16/jul-to-slf4j-2.0.16.jar:/Users/mercelvubangsi/.m2/repository/jakarta/annotation/jakarta.annotation-api/2.1.1/jakarta.annotation-api-2.1.1.jar:/Users/mercelvubangsi/.m2/repository/org/yaml/snakeyaml/2.3/snakeyaml-2.3.jar:/Users/mercelvubangsi/.m2/repository/org/springframework/boot/spring-boot-starter-json/3.4.3/spring-boot-starter-json-3.4.3.jar:/Users/mercelvubangsi/.m2/repository/com/fasterxml/jackson/datatype/jackson-datatype-jdk8/2.18.2/jackson-datatype-jdk8-2.18.2.jar:/Users/mercelvubangsi/.m2/repository/com/fasterxml/jackson/datatype/jackson-datatype-jsr310/2.18.2/jackson-datatype-jsr310-2.18.2.jar:/Users/mercelvubangsi/.m2/repository/com/fasterxml/jackson/module/jackson-module-parameter-names/2.18.2/jackson-module-parameter-names-2.18.2.jar:/Users/mercelvubangsi/.m2/repository/org/springframework/boot/spring-boot-starter-tomcat/3.4.3/spring-boot-starter-tomcat-3.4.3.jar:/Users/mercelvubangsi/.m2/repository/org/apache/tomcat/embed/tomcat-embed-core/10.1.36/tomcat-embed-core-10.1.36.jar:/Users/mercelvubangsi/.m2/repository/org/apache/tomcat/embed/tomcat-embed-websocket/10.1.36/tomcat-embed-websocket-10.1.36.jar:/Users/mercelvubangsi/.m2/repository/org/springframework/spring-web/6.2.3/spring-web-6.2.3.jar:/Users/mercelvubangsi/.m2/repository/org/springframework/spring-beans/6.2.3/spring-beans-6.2.3.jar:/Users/mercelvubangsi/.m2/repository/io/micrometer/micrometer-observation/1.14.4/micrometer-observation-1.14.4.jar:/Users/mercelvubangsi/.m2/repository/io/micrometer/micrometer-commons/1.14.4/micrometer-commons-1.14.4.jar:/Users/mercelvubangsi/.m2/repository/org/springframework/spring-webmvc/6.2.3/spring-webmvc-6.2.3.jar:/Users/mercelvubangsi/.m2/repository/org/springframework/spring-aop/6.2.3/spring-aop-6.2.3.jar:/Users/mercelvubangsi/.m2/repository/org/springframework/spring-context/6.2.3/spring-context-6.2.3.jar:/Users/mercelvubangsi/.m2/repository/org/springframework/spring-expression/6.2.3/spring-expression-6.2.3.jar:/Users/mercelvubangsi/.m2/repository/org/springframework/boot/spring-boot-starter-data-jpa/3.4.3/spring-boot-starter-data-jpa-3.4.3.jar:/Users/mercelvubangsi/.m2/repository/org/springframework/boot/spring-boot-starter-jdbc/3.4.3/spring-boot-starter-jdbc-3.4.3.jar:/Users/mercelvubangsi/.m2/repository/com/zaxxer/HikariCP/5.1.0/HikariCP-5.1.0.jar:/Users/mercelvubangsi/.m2/repository/org/springframework/spring-jdbc/6.2.3/spring-jdbc-6.2.3.jar:/Users/mercelvubangsi/.m2/repository/org/hibernate/orm/hibernate-core/6.6.8.Final/hibernate-core-6.6.8.Final.jar:/Users/mercelvubangsi/.m2/repository/jakarta/persistence/jakarta.persistence-api/3.1.0/jakarta.persistence-api-3.1.0.jar:/Users/mercelvubangsi/.m2/repository/jakarta/transaction/jakarta.transaction-api/2.0.1/jakarta.transaction-api-2.0.1.jar:/Users/mercelvubangsi/.m2/repository/org/jboss/logging/jboss-logging/3.6.1.Final/jboss-logging-3.6.1.Final.jar:/Users/mercelvubangsi/.m2/repository/org/hibernate/common/hibernate-commons-annotations/7.0.3.Final/hibernate-commons-annotations-7.0.3.Final.jar:/Users/mercelvubangsi/.m2/repository/io/smallrye/jandex/3.2.0/jandex-3.2.0.jar:/Users/mercelvubangsi/.m2/repository/com/fasterxml/classmate/1.7.0/classmate-1.7.0.jar:/Users/mercelvubangsi/.m2/repository/net/bytebuddy/byte-buddy/1.15.11/byte-buddy-1.15.11.jar:/Users/mercelvubangsi/.m2/repository/org/glassfish/jaxb/jaxb-runtime/4.0.5/jaxb-runtime-4.0.5.jar:/Users/mercelvubangsi/.m2/repository/org/glassfish/jaxb/jaxb-core/4.0.5/jaxb-core-4.0.5.jar:/Users/mercelvubangsi/.m2/repository/org/eclipse/angus/angus-activation/2.0.2/angus-activation-2.0.2.jar:/Users/mercelvubangsi/.m2/repository/org/glassfish/jaxb/txw2/4.0.5/txw2-4.0.5.jar:/Users/mercelvubangsi/.m2/repository/com/sun/istack/istack-commons-runtime/4.1.2/istack-commons-runtime-4.1.2.jar:/Users/mercelvubangsi/.m2/repository/jakarta/inject/jakarta.inject-api/2.0.1/jakarta.inject-api-2.0.1.jar:/Users/mercelvubangsi/.m2/repository/org/antlr/antlr4-runtime/4.13.0/antlr4-runtime-4.13.0.jar:/Users/mercelvubangsi/.m2/repository/org/springframework/data/spring-data-jpa/3.4.3/spring-data-jpa-3.4.3.jar:/Users/mercelvubangsi/.m2/repository/org/springframework/data/spring-data-commons/3.4.3/spring-data-commons-3.4.3.jar:/Users/mercelvubangsi/.m2/repository/org/springframework/spring-orm/6.2.3/spring-orm-6.2.3.jar:/Users/mercelvubangsi/.m2/repository/org/springframework/spring-tx/6.2.3/spring-tx-6.2.3.jar:/Users/mercelvubangsi/.m2/repository/org/slf4j/slf4j-api/2.0.16/slf4j-api-2.0.16.jar:/Users/mercelvubangsi/.m2/repository/org/springframework/spring-aspects/6.2.3/spring-aspects-6.2.3.jar:/Users/mercelvubangsi/.m2/repository/org/aspectj/aspectjweaver/1.9.22.1/aspectjweaver-1.9.22.1.jar:/Users/mercelvubangsi/.m2/repository/com/mysql/mysql-connector-j/8.0.33/mysql-connector-j-8.0.33.jar:/Users/mercelvubangsi/.m2/repository/com/auth0/java-jwt/4.4.0/java-jwt-4.4.0.jar:/Users/mercelvubangsi/.m2/repository/com/fasterxml/jackson/core/jackson-databind/2.18.2/jackson-databind-2.18.2.jar:/Users/mercelvubangsi/.m2/repository/com/fasterxml/jackson/core/jackson-annotations/2.18.2/jackson-annotations-2.18.2.jar:/Users/mercelvubangsi/.m2/repository/com/fasterxml/jackson/core/jackson-core/2.18.2/jackson-core-2.18.2.jar:/Users/mercelvubangsi/.m2/repository/org/springframework/boot/spring-boot-starter-validation/3.4.3/spring-boot-starter-validation-3.4.3.jar:/Users/mercelvubangsi/.m2/repository/org/apache/tomcat/embed/tomcat-embed-el/10.1.36/tomcat-embed-el-10.1.36.jar:/Users/mercelvubangsi/.m2/repository/org/hibernate/validator/hibernate-validator/8.0.2.Final/hibernate-validator-8.0.2.Final.jar:/Users/mercelvubangsi/.m2/repository/jakarta/validation/jakarta.validation-api/3.0.2/jakarta.validation-api-3.0.2.jar:/Users/mercelvubangsi/.m2/repository/org/springdoc/springdoc-openapi-starter-webmvc-ui/2.6.0/springdoc-openapi-starter-webmvc-ui-2.6.0.jar:/Users/mercelvubangsi/.m2/repository/org/springdoc/springdoc-openapi-starter-webmvc-api/2.6.0/springdoc-openapi-starter-webmvc-api-2.6.0.jar:/Users/mercelvubangsi/.m2/repository/org/springdoc/springdoc-openapi-starter-common/2.6.0/springdoc-openapi-starter-common-2.6.0.jar:/Users/mercelvubangsi/.m2/repository/io/swagger/core/v3/swagger-core-jakarta/2.2.22/swagger-core-jakarta-2.2.22.jar:/Users/mercelvubangsi/.m2/repository/org/apache/commons/commons-lang3/3.17.0/commons-lang3-3.17.0.jar:/Users/mercelvubangsi/.m2/repository/io/swagger/core/v3/swagger-annotations-jakarta/2.2.22/swagger-annotations-jakarta-2.2.22.jar:/Users/mercelvubangsi/.m2/repository/io/swagger/core/v3/swagger-models-jakarta/2.2.22/swagger-models-jakarta-2.2.22.jar:/Users/mercelvubangsi/.m2/repository/com/fasterxml/jackson/dataformat/jackson-dataformat-yaml/2.18.2/jackson-dataformat-yaml-2.18.2.jar:/Users/mercelvubangsi/.m2/repository/org/webjars/swagger-ui/5.17.14/swagger-ui-5.17.14.jar:/Users/mercelvubangsi/.m2/repository/org/mindrot/jbcrypt/0.4/jbcrypt-0.4.jar:/Users/mercelvubangsi/.m2/repository/org/projectlombok/lombok/1.18.36/lombok-1.18.36.jar:/Users/mercelvubangsi/.m2/repository/org/springframework/boot/spring-boot-starter-test/3.4.3/spring-boot-starter-test-3.4.3.jar:/Users/mercelvubangsi/.m2/repository/org/springframework/boot/spring-boot-test/3.4.3/spring-boot-test-3.4.3.jar:/Users/mercelvubangsi/.m2/repository/org/springframework/boot/spring-boot-test-autoconfigure/3.4.3/spring-boot-test-autoconfigure-3.4.3.jar:/Users/mercelvubangsi/.m2/repository/com/jayway/jsonpath/json-path/2.9.0/json-path-2.9.0.jar:/Users/mercelvubangsi/.m2/repository/jakarta/xml/bind/jakarta.xml.bind-api/4.0.2/jakarta.xml.bind-api-4.0.2.jar:/Users/mercelvubangsi/.m2/repository/jakarta/activation/jakarta.activation-api/2.1.3/jakarta.activation-api-2.1.3.jar:/Users/mercelvubangsi/.m2/repository/net/minidev/json-smart/2.5.2/json-smart-2.5.2.jar:/Users/mercelvubangsi/.m2/repository/net/minidev/accessors-smart/2.5.2/accessors-smart-2.5.2.jar:/Users/mercelvubangsi/.m2/repository/org/ow2/asm/asm/9.7.1/asm-9.7.1.jar:/Users/mercelvubangsi/.m2/repository/org/assertj/assertj-core/3.26.3/assertj-core-3.26.3.jar:/Users/mercelvubangsi/.m2/repository/org/awaitility/awaitility/4.2.2/awaitility-4.2.2.jar:/Users/mercelvubangsi/.m2/repository/org/hamcrest/hamcrest/2.2/hamcrest-2.2.jar:/Users/mercelvubangsi/.m2/repository/org/junit/jupiter/junit-jupiter/5.11.4/junit-jupiter-5.11.4.jar:/Users/mercelvubangsi/.m2/repository/org/junit/jupiter/junit-jupiter-api/5.11.4/junit-jupiter-api-5.11.4.jar:/Users/mercelvubangsi/.m2/repository/org/opentest4j/opentest4j/1.3.0/opentest4j-1.3.0.jar:/Users/mercelvubangsi/.m2/repository/org/junit/platform/junit-platform-commons/1.11.4/junit-platform-commons-1.11.4.jar:/Users/mercelvubangsi/.m2/repository/org/apiguardian/apiguardian-api/1.1.2/apiguardian-api-1.1.2.jar:/Users/mercelvubangsi/.m2/repository/org/junit/jupiter/junit-jupiter-params/5.11.4/junit-jupiter-params-5.11.4.jar:/Users/mercelvubangsi/.m2/repository/org/junit/jupiter/junit-jupiter-engine/5.11.4/junit-jupiter-engine-5.11.4.jar:/Users/mercelvubangsi/.m2/repository/org/junit/platform/junit-platform-engine/1.11.4/junit-platform-engine-1.11.4.jar:/Users/mercelvubangsi/.m2/repository/org/mockito/mockito-core/5.14.2/mockito-core-5.14.2.jar:/Users/mercelvubangsi/.m2/repository/net/bytebuddy/byte-buddy-agent/1.15.11/byte-buddy-agent-1.15.11.jar:/Users/mercelvubangsi/.m2/repository/org/objenesis/objenesis/3.3/objenesis-3.3.jar:/Users/mercelvubangsi/.m2/repository/org/mockito/mockito-junit-jupiter/5.14.2/mockito-junit-jupiter-5.14.2.jar:/Users/mercelvubangsi/.m2/repository/org/skyscreamer/jsonassert/1.5.3/jsonassert-1.5.3.jar:/Users/mercelvubangsi/.m2/repository/com/vaadin/external/google/android-json/0.0.20131108.vaadin1/android-json-0.0.20131108.vaadin1.jar:/Users/mercelvubangsi/.m2/repository/org/springframework/spring-core/6.2.3/spring-core-6.2.3.jar:/Users/mercelvubangsi/.m2/repository/org/springframework/spring-jcl/6.2.3/spring-jcl-6.2.3.jar:/Users/mercelvubangsi/.m2/repository/org/springframework/spring-test/6.2.3/spring-test-6.2.3.jar:/Users/mercelvubangsi/.m2/repository/org/xmlunit/xmlunit-core/2.10.0/xmlunit-core-2.10.0.jar:"/>
    <property name="sun.cpu.endian" value="little"/>
    <property name="user.home" value="/Users/mercelvubangsi"/>
    <property name="user.language" value="en"/>
    <property name="java.specification.vendor" value="Oracle Corporation"/>
    <property name="java.version.date" value="2024-10-15"/>
    <property name="java.home" value="/usr/local/Cellar/openjdk/23.0.1/libexec/openjdk.jdk/Contents/Home"/>
    <property name="file.separator" value="/"/>
    <property name="basedir" value="/Users/mercelvubangsi/Documents/MY DOCS/MIU/STUDIES/CS425 SWE/PROJECT/new/backend"/>
    <property name="java.vm.compressedOopsMode" value="Zero based"/>
    <property name="line.separator" value="&#10;"/>
    <property name="java.vm.specification.vendor" value="Oracle Corporation"/>
    <property name="java.specification.name" value="Java Platform API Specification"/>
    <property name="FILE_LOG_CHARSET" value="UTF-8"/>
    <property name="java.awt.headless" value="true"/>
    <property name="apple.awt.application.name" value="ForkedBooter"/>
    <property name="surefire.real.class.path" value="/Users/mercelvubangsi/Documents/MY DOCS/MIU/STUDIES/CS425 SWE/PROJECT/new/backend/target/surefire/surefirebooter-20250314220019991_3.jar"/>
    <property name="sun.management.compiler" value="HotSpot 64-Bit Tiered Compilers"/>
    <property name="ftp.nonProxyHosts" value="local|*.local|169.254/16|*.169.254/16"/>
    <property name="java.runtime.version" value="23.0.1"/>
    <property name="user.name" value="mercelvubangsi"/>
    <property name="stdout.encoding" value="UTF-8"/>
    <property name="path.separator" value=":"/>
    <property name="os.version" value="13.7.2"/>
    <property name="java.runtime.name" value="OpenJDK Runtime Environment"/>
    <property name="file.encoding" value="UTF-8"/>
    <property name="java.vm.name" value="OpenJDK 64-Bit Server VM"/>
    <property name="java.vendor.version" value="Homebrew"/>
    <property name="localRepository" value="/Users/mercelvubangsi/.m2/repository"/>
    <property name="java.vendor.url.bug" value="https://github.com/Homebrew/homebrew-core/issues"/>
    <property name="java.io.tmpdir" value="/var/folders/cs/h8q220ps5nb4znyn5h36865m0000gn/T/"/>
    <property name="com.zaxxer.hikari.pool_number" value="1"/>
    <property name="java.version" value="23.0.1"/>
    <property name="user.dir" value="/Users/mercelvubangsi/Documents/MY DOCS/MIU/STUDIES/CS425 SWE/PROJECT/new/backend"/>
    <property name="os.arch" value="x86_64"/>
    <property name="java.vm.specification.name" value="Java Virtual Machine Specification"/>
    <property name="PID" value="46911"/>
    <property name="CONSOLE_LOG_CHARSET" value="UTF-8"/>
    <property name="native.encoding" value="UTF-8"/>
    <property name="java.library.path" value="/Users/mercelvubangsi/Library/Java/Extensions:/Library/Java/Extensions:/Network/Library/Java/Extensions:/System/Library/Java/Extensions:/usr/lib/java:."/>
    <property name="java.vm.info" value="mixed mode, sharing"/>
    <property name="stderr.encoding" value="UTF-8"/>
    <property name="java.vendor" value="Homebrew"/>
    <property name="java.vm.version" value="23.0.1"/>
    <property name="sun.io.unicode.encoding" value="UnicodeBig"/>
    <property name="socksNonProxyHosts" value="local|*.local|169.254/16|*.169.254/16"/>
    <property name="java.class.version" value="67.0"/>
    <property name="LOGGED_APPLICATION_NAME" value="[flight-booking] "/>
  </properties>
  <testcase name="contextLoads" classname="edu.miu.cs.cs425.backend.BackendApplicationTests" time="0.934">
    <system-out><![CDATA[22:00:21.702 [main] INFO org.springframework.test.context.support.AnnotationConfigContextLoaderUtils -- Could not detect default configuration classes for test class [edu.miu.cs.cs425.backend.BackendApplicationTests]: BackendApplicationTests does not declare any static, non-private, non-final, nested classes annotated with @Configuration.
22:00:21.966 [main] INFO org.springframework.boot.test.context.SpringBootTestContextBootstrapper -- Found @SpringBootConfiguration edu.miu.cs.cs425.backend.BackendApplication for test class edu.miu.cs.cs425.backend.BackendApplicationTests
2025-03-14T22:00:23.055-05:00 DEBUG 46911 --- [flight-booking] [kground-preinit] o.h.v.i.xml.config.ValidationXmlParser   : Trying to load META-INF/validation.xml for XML based Validator configuration.
2025-03-14T22:00:23.068-05:00 DEBUG 46911 --- [flight-booking] [kground-preinit] o.h.v.i.xml.config.ResourceLoaderHelper  : Trying to load META-INF/validation.xml via TCCL
2025-03-14T22:00:23.069-05:00 DEBUG 46911 --- [flight-booking] [kground-preinit] o.h.v.i.xml.config.ResourceLoaderHelper  : Trying to load META-INF/validation.xml via Hibernate Validator's class loader
2025-03-14T22:00:23.070-05:00 DEBUG 46911 --- [flight-booking] [kground-preinit] o.h.v.i.xml.config.ValidationXmlParser   : No META-INF/validation.xml found. Using annotation based configuration only.
2025-03-14T22:00:23.080-05:00 DEBUG 46911 --- [flight-booking] [kground-preinit] o.h.v.i.e.resolver.TraversableResolvers  : Found jakarta.persistence.Persistence on classpath containing 'getPersistenceUtil'. Assuming JPA 2 environment. Trying to instantiate JPA aware TraversableResolver
2025-03-14T22:00:23.081-05:00 DEBUG 46911 --- [flight-booking] [kground-preinit] o.h.v.i.e.resolver.TraversableResolvers  : Instantiated JPA aware TraversableResolver of type org.hibernate.validator.internal.engine.resolver.JPATraversableResolver.
2025-03-14T22:00:23.098-05:00  INFO 46911 --- [flight-booking] [           main] e.m.c.c.backend.BackendApplicationTests  : Starting BackendApplicationTests using Java 23.0.1 with PID 46911 (started by mercelvubangsi in /Users/mercelvubangsi/Documents/MY DOCS/MIU/STUDIES/CS425 SWE/PROJECT/new/backend)
2025-03-14T22:00:23.099-05:00 DEBUG 46911 --- [flight-booking] [           main] e.m.c.c.backend.BackendApplicationTests  : Running with Spring Boot v3.4.3, Spring v6.2.3
2025-03-14T22:00:23.100-05:00  INFO 46911 --- [flight-booking] [           main] e.m.c.c.backend.BackendApplicationTests  : No active profile set, falling back to 1 default profile: "default"
2025-03-14T22:00:23.129-05:00 DEBUG 46911 --- [flight-booking] [kground-preinit] .h.v.m.ResourceBundleMessageInterpolator : Loaded expression factory via original TCCL
2025-03-14T22:00:23.330-05:00 DEBUG 46911 --- [flight-booking] [kground-preinit] .i.e.ValidatorFactoryConfigurationHelper : HV000252: Using org.hibernate.validator.internal.engine.DefaultPropertyNodeNameProvider as property node name provider.
2025-03-14T22:00:23.340-05:00 DEBUG 46911 --- [flight-booking] [kground-preinit] .i.e.ValidatorFactoryConfigurationHelper : HV000234: Using org.hibernate.validator.messageinterpolation.ResourceBundleMessageInterpolator as ValidatorFactory-scoped message interpolator.
2025-03-14T22:00:23.340-05:00 DEBUG 46911 --- [flight-booking] [kground-preinit] .i.e.ValidatorFactoryConfigurationHelper : HV000234: Using org.hibernate.validator.internal.engine.resolver.JPATraversableResolver as ValidatorFactory-scoped traversable resolver.
2025-03-14T22:00:23.340-05:00 DEBUG 46911 --- [flight-booking] [kground-preinit] .i.e.ValidatorFactoryConfigurationHelper : HV000234: Using org.hibernate.validator.internal.util.ExecutableParameterNameProvider as ValidatorFactory-scoped parameter name provider.
2025-03-14T22:00:23.340-05:00 DEBUG 46911 --- [flight-booking] [kground-preinit] .i.e.ValidatorFactoryConfigurationHelper : HV000234: Using org.hibernate.validator.internal.engine.DefaultClockProvider as ValidatorFactory-scoped clock provider.
2025-03-14T22:00:23.340-05:00 DEBUG 46911 --- [flight-booking] [kground-preinit] .i.e.ValidatorFactoryConfigurationHelper : HV000234: Using org.hibernate.validator.internal.engine.scripting.DefaultScriptEvaluatorFactory as ValidatorFactory-scoped script evaluator factory.
2025-03-14T22:00:25.304-05:00  INFO 46911 --- [flight-booking] [           main] .s.d.r.c.RepositoryConfigurationDelegate : Bootstrapping Spring Data JPA repositories in DEFAULT mode.
2025-03-14T22:00:25.478-05:00  INFO 46911 --- [flight-booking] [           main] .s.d.r.c.RepositoryConfigurationDelegate : Finished Spring Data repository scanning in 137 ms. Found 5 JPA repository interfaces.
2025-03-14T22:00:26.503-05:00 DEBUG 46911 --- [flight-booking] [           main] o.hibernate.jpa.internal.util.LogHelper  : PersistenceUnitInfo [
	name: default
	persistence provider classname: null
	classloader: jdk.internal.loader.ClassLoaders$AppClassLoader@18ff02e4
	excludeUnlistedClasses: true
	JTA datasource: null
	Non JTA datasource: HikariDataSource (null)
	Transaction type: RESOURCE_LOCAL
	PU root URL: file:/Users/mercelvubangsi/Documents/MY%20DOCS/MIU/STUDIES/CS425%20SWE/PROJECT/new/backend/target/test-classes/
	Shared Cache Mode: UNSPECIFIED
	Validation Mode: AUTO
	Jar files URLs []
	Managed classes names [
		edu.miu.cs.cs425.backend.domain.entity.Airline
		edu.miu.cs.cs425.backend.domain.entity.Airport
		edu.miu.cs.cs425.backend.domain.entity.Booking
		edu.miu.cs.cs425.backend.domain.entity.Flight
		edu.miu.cs.cs425.backend.domain.entity.FlightLeg
		edu.miu.cs.cs425.backend.domain.entity.User
		edu.miu.cs.cs425.backend.domain.entity.UserDetails]
	Mapping files names []
	Properties []
2025-03-14T22:00:26.524-05:00 DEBUG 46911 --- [flight-booking] [           main] o.h.i.internal.IntegratorServiceImpl     : Adding Integrator [org.hibernate.boot.beanvalidation.BeanValidationIntegrator].
2025-03-14T22:00:26.527-05:00 DEBUG 46911 --- [flight-booking] [           main] o.h.i.internal.IntegratorServiceImpl     : Adding Integrator [org.hibernate.cache.internal.CollectionCacheInvalidator].
2025-03-14T22:00:26.627-05:00  INFO 46911 --- [flight-booking] [           main] org.hibernate.Version                    : HHH000412: Hibernate ORM core version 6.6.8.Final
2025-03-14T22:00:26.629-05:00 DEBUG 46911 --- [flight-booking] [           main] org.hibernate.cfg.Environment            : HHH000206: 'hibernate.properties' not found
2025-03-14T22:00:26.677-05:00 DEBUG 46911 --- [flight-booking] [           main] org.hibernate.orm.idgen.factory          : Registering IdentifierGenerator strategy [uuid2] -> [org.hibernate.id.UUIDGenerator]
2025-03-14T22:00:26.680-05:00 DEBUG 46911 --- [flight-booking] [           main] org.hibernate.orm.idgen.factory          : Registering IdentifierGenerator strategy [guid] -> [org.hibernate.id.GUIDGenerator]
2025-03-14T22:00:26.684-05:00 DEBUG 46911 --- [flight-booking] [           main] org.hibernate.orm.idgen.factory          : Registering IdentifierGenerator strategy [uuid] -> [org.hibernate.id.UUIDHexGenerator]
2025-03-14T22:00:26.684-05:00 DEBUG 46911 --- [flight-booking] [           main] org.hibernate.orm.idgen.factory          : Registering IdentifierGenerator strategy [uuid.hex] -> [org.hibernate.id.UUIDHexGenerator]
2025-03-14T22:00:26.686-05:00 DEBUG 46911 --- [flight-booking] [           main] org.hibernate.orm.idgen.factory          : Registering IdentifierGenerator strategy [assigned] -> [org.hibernate.id.Assigned]
2025-03-14T22:00:26.693-05:00 DEBUG 46911 --- [flight-booking] [           main] org.hibernate.orm.idgen.factory          : Registering IdentifierGenerator strategy [identity] -> [org.hibernate.id.IdentityGenerator]
2025-03-14T22:00:26.694-05:00 DEBUG 46911 --- [flight-booking] [           main] org.hibernate.orm.idgen.factory          : Registering IdentifierGenerator strategy [select] -> [org.hibernate.id.SelectGenerator]
2025-03-14T22:00:26.696-05:00 DEBUG 46911 --- [flight-booking] [           main] org.hibernate.orm.idgen.factory          : Registering IdentifierGenerator strategy [sequence] -> [org.hibernate.id.enhanced.SequenceStyleGenerator]
2025-03-14T22:00:26.697-05:00 DEBUG 46911 --- [flight-booking] [           main] org.hibernate.orm.idgen.factory          : Registering IdentifierGenerator strategy [increment] -> [org.hibernate.id.IncrementGenerator]
2025-03-14T22:00:26.698-05:00 DEBUG 46911 --- [flight-booking] [           main] org.hibernate.orm.idgen.factory          : Registering IdentifierGenerator strategy [foreign] -> [org.hibernate.id.ForeignGenerator]
2025-03-14T22:00:26.698-05:00 DEBUG 46911 --- [flight-booking] [           main] org.hibernate.orm.idgen.factory          : Registering IdentifierGenerator strategy [enhanced-sequence] -> [org.hibernate.id.enhanced.SequenceStyleGenerator]
2025-03-14T22:00:26.700-05:00 DEBUG 46911 --- [flight-booking] [           main] org.hibernate.orm.idgen.factory          : Registering IdentifierGenerator strategy [enhanced-table] -> [org.hibernate.id.enhanced.TableGenerator]
2025-03-14T22:00:26.712-05:00 DEBUG 46911 --- [flight-booking] [           main] o.h.c.internal.RegionFactoryInitiator    : Cannot default RegionFactory based on registered strategies as `[]` RegionFactory strategies were registered
2025-03-14T22:00:26.714-05:00  INFO 46911 --- [flight-booking] [           main] o.h.c.internal.RegionFactoryInitiator    : HHH000026: Second-level cache disabled
2025-03-14T22:00:26.866-05:00 DEBUG 46911 --- [flight-booking] [           main] org.hibernate.type.BasicTypeRegistry     : Adding type registration boolean -> org.hibernate.type.BasicTypeReference@4e48462d
2025-03-14T22:00:26.867-05:00 DEBUG 46911 --- [flight-booking] [           main] org.hibernate.type.BasicTypeRegistry     : Adding type registration boolean -> org.hibernate.type.BasicTypeReference@4e48462d
2025-03-14T22:00:26.867-05:00 DEBUG 46911 --- [flight-booking] [           main] org.hibernate.type.BasicTypeRegistry     : Adding type registration java.lang.Boolean -> org.hibernate.type.BasicTypeReference@4e48462d
2025-03-14T22:00:26.867-05:00 DEBUG 46911 --- [flight-booking] [           main] org.hibernate.type.BasicTypeRegistry     : Adding type registration numeric_boolean -> org.hibernate.type.BasicTypeReference@17216605
2025-03-14T22:00:26.867-05:00 DEBUG 46911 --- [flight-booking] [           main] org.hibernate.type.BasicTypeRegistry     : Adding type registration org.hibernate.type.NumericBooleanConverter -> org.hibernate.type.BasicTypeReference@17216605
2025-03-14T22:00:26.867-05:00 DEBUG 46911 --- [flight-booking] [           main] org.hibernate.type.BasicTypeRegistry     : Adding type registration true_false -> org.hibernate.type.BasicTypeReference@10a907ec
2025-03-14T22:00:26.868-05:00 DEBUG 46911 --- [flight-booking] [           main] org.hibernate.type.BasicTypeRegistry     : Adding type registration org.hibernate.type.TrueFalseConverter -> org.hibernate.type.BasicTypeReference@10a907ec
2025-03-14T22:00:26.868-05:00 DEBUG 46911 --- [flight-booking] [           main] org.hibernate.type.BasicTypeRegistry     : Adding type registration yes_no -> org.hibernate.type.BasicTypeReference@59b492ec
2025-03-14T22:00:26.868-05:00 DEBUG 46911 --- [flight-booking] [           main] org.hibernate.type.BasicTypeRegistry     : Adding type registration org.hibernate.type.YesNoConverter -> org.hibernate.type.BasicTypeReference@59b492ec
2025-03-14T22:00:26.868-05:00 DEBUG 46911 --- [flight-booking] [           main] org.hibernate.type.BasicTypeRegistry     : Adding type registration byte -> org.hibernate.type.BasicTypeReference@55c1ced9
2025-03-14T22:00:26.868-05:00 DEBUG 46911 --- [flight-booking] [           main] org.hibernate.type.BasicTypeRegistry     : Adding type registration byte -> org.hibernate.type.BasicTypeReference@55c1ced9
2025-03-14T22:00:26.869-05:00 DEBUG 46911 --- [flight-booking] [           main] org.hibernate.type.BasicTypeRegistry     : Adding type registration java.lang.Byte -> org.hibernate.type.BasicTypeReference@55c1ced9
2025-03-14T22:00:26.869-05:00 DEBUG 46911 --- [flight-booking] [           main] org.hibernate.type.BasicTypeRegistry     : Adding type registration binary -> org.hibernate.type.BasicTypeReference@49cc9b2a
2025-03-14T22:00:26.869-05:00 DEBUG 46911 --- [flight-booking] [           main] org.hibernate.type.BasicTypeRegistry     : Adding type registration byte[] -> org.hibernate.type.BasicTypeReference@49cc9b2a
2025-03-14T22:00:26.869-05:00 DEBUG 46911 --- [flight-booking] [           main] org.hibernate.type.BasicTypeRegistry     : Adding type registration [B -> org.hibernate.type.BasicTypeReference@49cc9b2a
2025-03-14T22:00:26.869-05:00 DEBUG 46911 --- [flight-booking] [           main] org.hibernate.type.BasicTypeRegistry     : Adding type registration binary_wrapper -> org.hibernate.type.BasicTypeReference@11826398
2025-03-14T22:00:26.869-05:00 DEBUG 46911 --- [flight-booking] [           main] org.hibernate.type.BasicTypeRegistry     : Adding type registration wrapper-binary -> org.hibernate.type.BasicTypeReference@11826398
2025-03-14T22:00:26.870-05:00 DEBUG 46911 --- [flight-booking] [           main] org.hibernate.type.BasicTypeRegistry     : Adding type registration image -> org.hibernate.type.BasicTypeReference@6c5ca0b6
2025-03-14T22:00:26.870-05:00 DEBUG 46911 --- [flight-booking] [           main] org.hibernate.type.BasicTypeRegistry     : Adding type registration blob -> org.hibernate.type.BasicTypeReference@37b01ce2
2025-03-14T22:00:26.870-05:00 DEBUG 46911 --- [flight-booking] [           main] org.hibernate.type.BasicTypeRegistry     : Adding type registration java.sql.Blob -> org.hibernate.type.BasicTypeReference@37b01ce2
2025-03-14T22:00:26.870-05:00 DEBUG 46911 --- [flight-booking] [           main] org.hibernate.type.BasicTypeRegistry     : Adding type registration materialized_blob -> org.hibernate.type.BasicTypeReference@1a88c4f5
2025-03-14T22:00:26.870-05:00 DEBUG 46911 --- [flight-booking] [           main] org.hibernate.type.BasicTypeRegistry     : Adding type registration materialized_blob_wrapper -> org.hibernate.type.BasicTypeReference@1894fa9f
2025-03-14T22:00:26.870-05:00 DEBUG 46911 --- [flight-booking] [           main] org.hibernate.type.BasicTypeRegistry     : Adding type registration short -> org.hibernate.type.BasicTypeReference@1144a02b
2025-03-14T22:00:26.870-05:00 DEBUG 46911 --- [flight-booking] [           main] org.hibernate.type.BasicTypeRegistry     : Adding type registration short -> org.hibernate.type.BasicTypeReference@1144a02b
2025-03-14T22:00:26.870-05:00 DEBUG 46911 --- [flight-booking] [           main] org.hibernate.type.BasicTypeRegistry     : Adding type registration java.lang.Short -> org.hibernate.type.BasicTypeReference@1144a02b
2025-03-14T22:00:26.871-05:00 DEBUG 46911 --- [flight-booking] [           main] org.hibernate.type.BasicTypeRegistry     : Adding type registration integer -> org.hibernate.type.BasicTypeReference@26a4f9ed
2025-03-14T22:00:26.871-05:00 DEBUG 46911 --- [flight-booking] [           main] org.hibernate.type.BasicTypeRegistry     : Adding type registration int -> org.hibernate.type.BasicTypeReference@26a4f9ed
2025-03-14T22:00:26.871-05:00 DEBUG 46911 --- [flight-booking] [           main] org.hibernate.type.BasicTypeRegistry     : Adding type registration java.lang.Integer -> org.hibernate.type.BasicTypeReference@26a4f9ed
2025-03-14T22:00:26.871-05:00 DEBUG 46911 --- [flight-booking] [           main] org.hibernate.type.BasicTypeRegistry     : Adding type registration long -> org.hibernate.type.BasicTypeReference@7a572ea0
2025-03-14T22:00:26.871-05:00 DEBUG 46911 --- [flight-booking] [           main] org.hibernate.type.BasicTypeRegistry     : Adding type registration long -> org.hibernate.type.BasicTypeReference@7a572ea0
2025-03-14T22:00:26.871-05:00 DEBUG 46911 --- [flight-booking] [           main] org.hibernate.type.BasicTypeRegistry     : Adding type registration java.lang.Long -> org.hibernate.type.BasicTypeReference@7a572ea0
2025-03-14T22:00:26.871-05:00 DEBUG 46911 --- [flight-booking] [           main] org.hibernate.type.BasicTypeRegistry     : Adding type registration float -> org.hibernate.type.BasicTypeReference@45287377
2025-03-14T22:00:26.871-05:00 DEBUG 46911 --- [flight-booking] [           main] org.hibernate.type.BasicTypeRegistry     : Adding type registration float -> org.hibernate.type.BasicTypeReference@45287377
2025-03-14T22:00:26.872-05:00 DEBUG 46911 --- [flight-booking] [           main] org.hibernate.type.BasicTypeRegistry     : Adding type registration java.lang.Float -> org.hibernate.type.BasicTypeReference@45287377
2025-03-14T22:00:26.872-05:00 DEBUG 46911 --- [flight-booking] [           main] org.hibernate.type.BasicTypeRegistry     : Adding type registration double -> org.hibernate.type.BasicTypeReference@7159d601
2025-03-14T22:00:26.872-05:00 DEBUG 46911 --- [flight-booking] [           main] org.hibernate.type.BasicTypeRegistry     : Adding type registration double -> org.hibernate.type.BasicTypeReference@7159d601
2025-03-14T22:00:26.872-05:00 DEBUG 46911 --- [flight-booking] [           main] org.hibernate.type.BasicTypeRegistry     : Adding type registration java.lang.Double -> org.hibernate.type.BasicTypeReference@7159d601
2025-03-14T22:00:26.873-05:00 DEBUG 46911 --- [flight-booking] [           main] org.hibernate.type.BasicTypeRegistry     : Adding type registration big_integer -> org.hibernate.type.BasicTypeReference@70b33256
2025-03-14T22:00:26.873-05:00 DEBUG 46911 --- [flight-booking] [           main] org.hibernate.type.BasicTypeRegistry     : Adding type registration java.math.BigInteger -> org.hibernate.type.BasicTypeReference@70b33256
2025-03-14T22:00:26.873-05:00 DEBUG 46911 --- [flight-booking] [           main] org.hibernate.type.BasicTypeRegistry     : Adding type registration big_decimal -> org.hibernate.type.BasicTypeReference@33d230ce
2025-03-14T22:00:26.873-05:00 DEBUG 46911 --- [flight-booking] [           main] org.hibernate.type.BasicTypeRegistry     : Adding type registration java.math.BigDecimal -> org.hibernate.type.BasicTypeReference@33d230ce
2025-03-14T22:00:26.873-05:00 DEBUG 46911 --- [flight-booking] [           main] org.hibernate.type.BasicTypeRegistry     : Adding type registration character -> org.hibernate.type.BasicTypeReference@35e74e08
2025-03-14T22:00:26.874-05:00 DEBUG 46911 --- [flight-booking] [           main] org.hibernate.type.BasicTypeRegistry     : Adding type registration char -> org.hibernate.type.BasicTypeReference@35e74e08
2025-03-14T22:00:26.874-05:00 DEBUG 46911 --- [flight-booking] [           main] org.hibernate.type.BasicTypeRegistry     : Adding type registration java.lang.Character -> org.hibernate.type.BasicTypeReference@35e74e08
2025-03-14T22:00:26.874-05:00 DEBUG 46911 --- [flight-booking] [           main] org.hibernate.type.BasicTypeRegistry     : Adding type registration character_nchar -> org.hibernate.type.BasicTypeReference@a316f6b
2025-03-14T22:00:26.874-05:00 DEBUG 46911 --- [flight-booking] [           main] org.hibernate.type.BasicTypeRegistry     : Adding type registration string -> org.hibernate.type.BasicTypeReference@63f9ddf9
2025-03-14T22:00:26.874-05:00 DEBUG 46911 --- [flight-booking] [           main] org.hibernate.type.BasicTypeRegistry     : Adding type registration java.lang.String -> org.hibernate.type.BasicTypeReference@63f9ddf9
2025-03-14T22:00:26.874-05:00 DEBUG 46911 --- [flight-booking] [           main] org.hibernate.type.BasicTypeRegistry     : Adding type registration nstring -> org.hibernate.type.BasicTypeReference@410fc508
2025-03-14T22:00:26.875-05:00 DEBUG 46911 --- [flight-booking] [           main] org.hibernate.type.BasicTypeRegistry     : Adding type registration characters -> org.hibernate.type.BasicTypeReference@4e17442f
2025-03-14T22:00:26.875-05:00 DEBUG 46911 --- [flight-booking] [           main] org.hibernate.type.BasicTypeRegistry     : Adding type registration char[] -> org.hibernate.type.BasicTypeReference@4e17442f
2025-03-14T22:00:26.875-05:00 DEBUG 46911 --- [flight-booking] [           main] org.hibernate.type.BasicTypeRegistry     : Adding type registration [C -> org.hibernate.type.BasicTypeReference@4e17442f
2025-03-14T22:00:26.875-05:00 DEBUG 46911 --- [flight-booking] [           main] org.hibernate.type.BasicTypeRegistry     : Adding type registration wrapper-characters -> org.hibernate.type.BasicTypeReference@4f5c30b1
2025-03-14T22:00:26.875-05:00 DEBUG 46911 --- [flight-booking] [           main] org.hibernate.type.BasicTypeRegistry     : Adding type registration text -> org.hibernate.type.BasicTypeReference@62e73ab6
2025-03-14T22:00:26.875-05:00 DEBUG 46911 --- [flight-booking] [           main] org.hibernate.type.BasicTypeRegistry     : Adding type registration ntext -> org.hibernate.type.BasicTypeReference@5d7f8467
2025-03-14T22:00:26.875-05:00 DEBUG 46911 --- [flight-booking] [           main] org.hibernate.type.BasicTypeRegistry     : Adding type registration clob -> org.hibernate.type.BasicTypeReference@29bd85db
2025-03-14T22:00:26.876-05:00 DEBUG 46911 --- [flight-booking] [           main] org.hibernate.type.BasicTypeRegistry     : Adding type registration java.sql.Clob -> org.hibernate.type.BasicTypeReference@29bd85db
2025-03-14T22:00:26.876-05:00 DEBUG 46911 --- [flight-booking] [           main] org.hibernate.type.BasicTypeRegistry     : Adding type registration nclob -> org.hibernate.type.BasicTypeReference@7caf1e5
2025-03-14T22:00:26.876-05:00 DEBUG 46911 --- [flight-booking] [           main] org.hibernate.type.BasicTypeRegistry     : Adding type registration java.sql.NClob -> org.hibernate.type.BasicTypeReference@7caf1e5
2025-03-14T22:00:26.876-05:00 DEBUG 46911 --- [flight-booking] [           main] org.hibernate.type.BasicTypeRegistry     : Adding type registration materialized_clob -> org.hibernate.type.BasicTypeReference@5c234920
2025-03-14T22:00:26.876-05:00 DEBUG 46911 --- [flight-booking] [           main] org.hibernate.type.BasicTypeRegistry     : Adding type registration materialized_clob_char_array -> org.hibernate.type.BasicTypeReference@7ddeb27f
2025-03-14T22:00:26.876-05:00 DEBUG 46911 --- [flight-booking] [           main] org.hibernate.type.BasicTypeRegistry     : Adding type registration materialized_clob_character_array -> org.hibernate.type.BasicTypeReference@38087342
2025-03-14T22:00:26.876-05:00 DEBUG 46911 --- [flight-booking] [           main] org.hibernate.type.BasicTypeRegistry     : Adding type registration materialized_nclob -> org.hibernate.type.BasicTypeReference@681de87f
2025-03-14T22:00:26.876-05:00 DEBUG 46911 --- [flight-booking] [           main] org.hibernate.type.BasicTypeRegistry     : Adding type registration materialized_nclob_character_array -> org.hibernate.type.BasicTypeReference@2eb1c615
2025-03-14T22:00:26.876-05:00 DEBUG 46911 --- [flight-booking] [           main] org.hibernate.type.BasicTypeRegistry     : Adding type registration materialized_nclob_char_array -> org.hibernate.type.BasicTypeReference@2674d4f6
2025-03-14T22:00:26.877-05:00 DEBUG 46911 --- [flight-booking] [           main] org.hibernate.type.BasicTypeRegistry     : Adding type registration Duration -> org.hibernate.type.BasicTypeReference@5d9d2119
2025-03-14T22:00:26.877-05:00 DEBUG 46911 --- [flight-booking] [           main] org.hibernate.type.BasicTypeRegistry     : Adding type registration java.time.Duration -> org.hibernate.type.BasicTypeReference@5d9d2119
2025-03-14T22:00:26.877-05:00 DEBUG 46911 --- [flight-booking] [           main] org.hibernate.type.BasicTypeRegistry     : Adding type registration LocalDateTime -> org.hibernate.type.BasicTypeReference@5a4464c5
2025-03-14T22:00:26.877-05:00 DEBUG 46911 --- [flight-booking] [           main] org.hibernate.type.BasicTypeRegistry     : Adding type registration java.time.LocalDateTime -> org.hibernate.type.BasicTypeReference@5a4464c5
2025-03-14T22:00:26.877-05:00 DEBUG 46911 --- [flight-booking] [           main] org.hibernate.type.BasicTypeRegistry     : Adding type registration LocalDate -> org.hibernate.type.BasicTypeReference@7ae590f6
2025-03-14T22:00:26.877-05:00 DEBUG 46911 --- [flight-booking] [           main] org.hibernate.type.BasicTypeRegistry     : Adding type registration java.time.LocalDate -> org.hibernate.type.BasicTypeReference@7ae590f6
2025-03-14T22:00:26.877-05:00 DEBUG 46911 --- [flight-booking] [           main] org.hibernate.type.BasicTypeRegistry     : Adding type registration LocalTime -> org.hibernate.type.BasicTypeReference@7ab63838
2025-03-14T22:00:26.877-05:00 DEBUG 46911 --- [flight-booking] [           main] org.hibernate.type.BasicTypeRegistry     : Adding type registration java.time.LocalTime -> org.hibernate.type.BasicTypeReference@7ab63838
2025-03-14T22:00:26.877-05:00 DEBUG 46911 --- [flight-booking] [           main] org.hibernate.type.BasicTypeRegistry     : Adding type registration OffsetDateTime -> org.hibernate.type.BasicTypeReference@4e974b9e
2025-03-14T22:00:26.878-05:00 DEBUG 46911 --- [flight-booking] [           main] org.hibernate.type.BasicTypeRegistry     : Adding type registration java.time.OffsetDateTime -> org.hibernate.type.BasicTypeReference@4e974b9e
2025-03-14T22:00:26.878-05:00 DEBUG 46911 --- [flight-booking] [           main] org.hibernate.type.BasicTypeRegistry     : Adding type registration OffsetDateTimeWithTimezone -> org.hibernate.type.BasicTypeReference@370c7cc5
2025-03-14T22:00:26.878-05:00 DEBUG 46911 --- [flight-booking] [           main] org.hibernate.type.BasicTypeRegistry     : Adding type registration OffsetDateTimeWithoutTimezone -> org.hibernate.type.BasicTypeReference@61b838f2
2025-03-14T22:00:26.878-05:00 DEBUG 46911 --- [flight-booking] [           main] org.hibernate.type.BasicTypeRegistry     : Adding type registration OffsetTime -> org.hibernate.type.BasicTypeReference@2a04ab05
2025-03-14T22:00:26.878-05:00 DEBUG 46911 --- [flight-booking] [           main] org.hibernate.type.BasicTypeRegistry     : Adding type registration java.time.OffsetTime -> org.hibernate.type.BasicTypeReference@2a04ab05
2025-03-14T22:00:26.878-05:00 DEBUG 46911 --- [flight-booking] [           main] org.hibernate.type.BasicTypeRegistry     : Adding type registration OffsetTimeUtc -> org.hibernate.type.BasicTypeReference@5ebbde60
2025-03-14T22:00:26.878-05:00 DEBUG 46911 --- [flight-booking] [           main] org.hibernate.type.BasicTypeRegistry     : Adding type registration OffsetTimeWithTimezone -> org.hibernate.type.BasicTypeReference@a056b26
2025-03-14T22:00:26.878-05:00 DEBUG 46911 --- [flight-booking] [           main] org.hibernate.type.BasicTypeRegistry     : Adding type registration OffsetTimeWithoutTimezone -> org.hibernate.type.BasicTypeReference@2a5abd3c
2025-03-14T22:00:26.878-05:00 DEBUG 46911 --- [flight-booking] [           main] org.hibernate.type.BasicTypeRegistry     : Adding type registration ZonedDateTime -> org.hibernate.type.BasicTypeReference@250967f1
2025-03-14T22:00:26.878-05:00 DEBUG 46911 --- [flight-booking] [           main] org.hibernate.type.BasicTypeRegistry     : Adding type registration java.time.ZonedDateTime -> org.hibernate.type.BasicTypeReference@250967f1
2025-03-14T22:00:26.879-05:00 DEBUG 46911 --- [flight-booking] [           main] org.hibernate.type.BasicTypeRegistry     : Adding type registration ZonedDateTimeWithTimezone -> org.hibernate.type.BasicTypeReference@25c1f5ee
2025-03-14T22:00:26.879-05:00 DEBUG 46911 --- [flight-booking] [           main] org.hibernate.type.BasicTypeRegistry     : Adding type registration ZonedDateTimeWithoutTimezone -> org.hibernate.type.BasicTypeReference@4bce62b
2025-03-14T22:00:26.879-05:00 DEBUG 46911 --- [flight-booking] [           main] org.hibernate.type.BasicTypeRegistry     : Adding type registration date -> org.hibernate.type.BasicTypeReference@7bf018dd
2025-03-14T22:00:26.879-05:00 DEBUG 46911 --- [flight-booking] [           main] org.hibernate.type.BasicTypeRegistry     : Adding type registration java.sql.Date -> org.hibernate.type.BasicTypeReference@7bf018dd
2025-03-14T22:00:26.879-05:00 DEBUG 46911 --- [flight-booking] [           main] org.hibernate.type.BasicTypeRegistry     : Adding type registration time -> org.hibernate.type.BasicTypeReference@15a8cebd
2025-03-14T22:00:26.880-05:00 DEBUG 46911 --- [flight-booking] [           main] org.hibernate.type.BasicTypeRegistry     : Adding type registration java.sql.Time -> org.hibernate.type.BasicTypeReference@15a8cebd
2025-03-14T22:00:26.880-05:00 DEBUG 46911 --- [flight-booking] [           main] org.hibernate.type.BasicTypeRegistry     : Adding type registration timestamp -> org.hibernate.type.BasicTypeReference@3f6c2763
2025-03-14T22:00:26.880-05:00 DEBUG 46911 --- [flight-booking] [           main] org.hibernate.type.BasicTypeRegistry     : Adding type registration java.sql.Timestamp -> org.hibernate.type.BasicTypeReference@3f6c2763
2025-03-14T22:00:26.880-05:00 DEBUG 46911 --- [flight-booking] [           main] org.hibernate.type.BasicTypeRegistry     : Adding type registration java.util.Date -> org.hibernate.type.BasicTypeReference@3f6c2763
2025-03-14T22:00:26.880-05:00 DEBUG 46911 --- [flight-booking] [           main] org.hibernate.type.BasicTypeRegistry     : Adding type registration calendar -> org.hibernate.type.BasicTypeReference@5c82031b
2025-03-14T22:00:26.880-05:00 DEBUG 46911 --- [flight-booking] [           main] org.hibernate.type.BasicTypeRegistry     : Adding type registration java.util.Calendar -> org.hibernate.type.BasicTypeReference@5c82031b
2025-03-14T22:00:26.881-05:00 DEBUG 46911 --- [flight-booking] [           main] org.hibernate.type.BasicTypeRegistry     : Adding type registration java.util.GregorianCalendar -> org.hibernate.type.BasicTypeReference@5c82031b
2025-03-14T22:00:26.882-05:00 DEBUG 46911 --- [flight-booking] [           main] org.hibernate.type.BasicTypeRegistry     : Adding type registration calendar_date -> org.hibernate.type.BasicTypeReference@274fdea6
2025-03-14T22:00:26.882-05:00 DEBUG 46911 --- [flight-booking] [           main] org.hibernate.type.BasicTypeRegistry     : Adding type registration calendar_time -> org.hibernate.type.BasicTypeReference@2a484710
2025-03-14T22:00:26.882-05:00 DEBUG 46911 --- [flight-booking] [           main] org.hibernate.type.BasicTypeRegistry     : Adding type registration instant -> org.hibernate.type.BasicTypeReference@661e1399
2025-03-14T22:00:26.882-05:00 DEBUG 46911 --- [flight-booking] [           main] org.hibernate.type.BasicTypeRegistry     : Adding type registration java.time.Instant -> org.hibernate.type.BasicTypeReference@661e1399
2025-03-14T22:00:26.883-05:00 DEBUG 46911 --- [flight-booking] [           main] org.hibernate.type.BasicTypeRegistry     : Adding type registration uuid -> org.hibernate.type.BasicTypeReference@3ffd4b12
2025-03-14T22:00:26.883-05:00 DEBUG 46911 --- [flight-booking] [           main] org.hibernate.type.BasicTypeRegistry     : Adding type registration java.util.UUID -> org.hibernate.type.BasicTypeReference@3ffd4b12
2025-03-14T22:00:26.883-05:00 DEBUG 46911 --- [flight-booking] [           main] org.hibernate.type.BasicTypeRegistry     : Adding type registration pg-uuid -> org.hibernate.type.BasicTypeReference@3ffd4b12
2025-03-14T22:00:26.883-05:00 DEBUG 46911 --- [flight-booking] [           main] org.hibernate.type.BasicTypeRegistry     : Adding type registration uuid-binary -> org.hibernate.type.BasicTypeReference@424f02b8
2025-03-14T22:00:26.883-05:00 DEBUG 46911 --- [flight-booking] [           main] org.hibernate.type.BasicTypeRegistry     : Adding type registration uuid-char -> org.hibernate.type.BasicTypeReference@2ad7bd26
2025-03-14T22:00:26.883-05:00 DEBUG 46911 --- [flight-booking] [           main] org.hibernate.type.BasicTypeRegistry     : Adding type registration class -> org.hibernate.type.BasicTypeReference@3cc3f13e
2025-03-14T22:00:26.884-05:00 DEBUG 46911 --- [flight-booking] [           main] org.hibernate.type.BasicTypeRegistry     : Adding type registration java.lang.Class -> org.hibernate.type.BasicTypeReference@3cc3f13e
2025-03-14T22:00:26.884-05:00 DEBUG 46911 --- [flight-booking] [           main] org.hibernate.type.BasicTypeRegistry     : Adding type registration currency -> org.hibernate.type.BasicTypeReference@69b3886f
2025-03-14T22:00:26.884-05:00 DEBUG 46911 --- [flight-booking] [           main] org.hibernate.type.BasicTypeRegistry     : Adding type registration Currency -> org.hibernate.type.BasicTypeReference@69b3886f
2025-03-14T22:00:26.884-05:00 DEBUG 46911 --- [flight-booking] [           main] org.hibernate.type.BasicTypeRegistry     : Adding type registration java.util.Currency -> org.hibernate.type.BasicTypeReference@69b3886f
2025-03-14T22:00:26.884-05:00 DEBUG 46911 --- [flight-booking] [           main] org.hibernate.type.BasicTypeRegistry     : Adding type registration locale -> org.hibernate.type.BasicTypeReference@53d30d23
2025-03-14T22:00:26.884-05:00 DEBUG 46911 --- [flight-booking] [           main] org.hibernate.type.BasicTypeRegistry     : Adding type registration java.util.Locale -> org.hibernate.type.BasicTypeReference@53d30d23
2025-03-14T22:00:26.884-05:00 DEBUG 46911 --- [flight-booking] [           main] org.hibernate.type.BasicTypeRegistry     : Adding type registration serializable -> org.hibernate.type.BasicTypeReference@44faa4f2
2025-03-14T22:00:26.884-05:00 DEBUG 46911 --- [flight-booking] [           main] org.hibernate.type.BasicTypeRegistry     : Adding type registration java.io.Serializable -> org.hibernate.type.BasicTypeReference@44faa4f2
2025-03-14T22:00:26.885-05:00 DEBUG 46911 --- [flight-booking] [           main] org.hibernate.type.BasicTypeRegistry     : Adding type registration timezone -> org.hibernate.type.BasicTypeReference@6793f752
2025-03-14T22:00:26.885-05:00 DEBUG 46911 --- [flight-booking] [           main] org.hibernate.type.BasicTypeRegistry     : Adding type registration java.util.TimeZone -> org.hibernate.type.BasicTypeReference@6793f752
2025-03-14T22:00:26.885-05:00 DEBUG 46911 --- [flight-booking] [           main] org.hibernate.type.BasicTypeRegistry     : Adding type registration ZoneOffset -> org.hibernate.type.BasicTypeReference@1216eb3f
2025-03-14T22:00:26.885-05:00 DEBUG 46911 --- [flight-booking] [           main] org.hibernate.type.BasicTypeRegistry     : Adding type registration java.time.ZoneOffset -> org.hibernate.type.BasicTypeReference@1216eb3f
2025-03-14T22:00:26.885-05:00 DEBUG 46911 --- [flight-booking] [           main] org.hibernate.type.BasicTypeRegistry     : Adding type registration url -> org.hibernate.type.BasicTypeReference@59e7564b
2025-03-14T22:00:26.885-05:00 DEBUG 46911 --- [flight-booking] [           main] org.hibernate.type.BasicTypeRegistry     : Adding type registration java.net.URL -> org.hibernate.type.BasicTypeReference@59e7564b
2025-03-14T22:00:26.885-05:00 DEBUG 46911 --- [flight-booking] [           main] org.hibernate.type.BasicTypeRegistry     : Adding type registration vector -> org.hibernate.type.BasicTypeReference@482ba4b1
2025-03-14T22:00:26.885-05:00 DEBUG 46911 --- [flight-booking] [           main] org.hibernate.type.BasicTypeRegistry     : Adding type registration float_vector -> org.hibernate.type.BasicTypeReference@307af381
2025-03-14T22:00:26.885-05:00 DEBUG 46911 --- [flight-booking] [           main] org.hibernate.type.BasicTypeRegistry     : Adding type registration double_vector -> org.hibernate.type.BasicTypeReference@1510b9a2
2025-03-14T22:00:26.886-05:00 DEBUG 46911 --- [flight-booking] [           main] org.hibernate.type.BasicTypeRegistry     : Adding type registration byte_vector -> org.hibernate.type.BasicTypeReference@76a6f045
2025-03-14T22:00:26.886-05:00 DEBUG 46911 --- [flight-booking] [           main] org.hibernate.type.BasicTypeRegistry     : Adding type registration row_version -> org.hibernate.type.BasicTypeReference@633ddc0c
2025-03-14T22:00:26.893-05:00 DEBUG 46911 --- [flight-booking] [           main] org.hibernate.type.BasicTypeRegistry     : Adding type registration object -> org.hibernate.type.JavaObjectType@759a678a
2025-03-14T22:00:26.893-05:00 DEBUG 46911 --- [flight-booking] [           main] org.hibernate.type.BasicTypeRegistry     : Adding type registration java.lang.Object -> org.hibernate.type.JavaObjectType@759a678a
2025-03-14T22:00:26.894-05:00 DEBUG 46911 --- [flight-booking] [           main] org.hibernate.type.BasicTypeRegistry     : Adding type registration null -> org.hibernate.type.NullType@2b44605c
2025-03-14T22:00:26.895-05:00 DEBUG 46911 --- [flight-booking] [           main] org.hibernate.type.BasicTypeRegistry     : Adding type registration imm_date -> org.hibernate.type.BasicTypeReference@55421b8d
2025-03-14T22:00:26.895-05:00 DEBUG 46911 --- [flight-booking] [           main] org.hibernate.type.BasicTypeRegistry     : Adding type registration imm_time -> org.hibernate.type.BasicTypeReference@24a04257
2025-03-14T22:00:26.895-05:00 DEBUG 46911 --- [flight-booking] [           main] org.hibernate.type.BasicTypeRegistry     : Adding type registration imm_timestamp -> org.hibernate.type.BasicTypeReference@6615237
2025-03-14T22:00:26.895-05:00 DEBUG 46911 --- [flight-booking] [           main] org.hibernate.type.BasicTypeRegistry     : Adding type registration imm_calendar -> org.hibernate.type.BasicTypeReference@eaf8427
2025-03-14T22:00:26.895-05:00 DEBUG 46911 --- [flight-booking] [           main] org.hibernate.type.BasicTypeRegistry     : Adding type registration imm_calendar_date -> org.hibernate.type.BasicTypeReference@4bf4680c
2025-03-14T22:00:26.895-05:00 DEBUG 46911 --- [flight-booking] [           main] org.hibernate.type.BasicTypeRegistry     : Adding type registration imm_calendar_time -> org.hibernate.type.BasicTypeReference@6d6039df
2025-03-14T22:00:26.895-05:00 DEBUG 46911 --- [flight-booking] [           main] org.hibernate.type.BasicTypeRegistry     : Adding type registration imm_binary -> org.hibernate.type.BasicTypeReference@611c3eae
2025-03-14T22:00:26.896-05:00 DEBUG 46911 --- [flight-booking] [           main] org.hibernate.type.BasicTypeRegistry     : Adding type registration imm_serializable -> org.hibernate.type.BasicTypeReference@13e00016
2025-03-14T22:00:26.901-05:00 DEBUG 46911 --- [flight-booking] [           main] o.h.boot.internal.BootstrapContextImpl   : Injecting JPA temp ClassLoader [org.springframework.instrument.classloading.SimpleThrowawayClassLoader@22048bd6] into BootstrapContext; was [null]
2025-03-14T22:00:26.901-05:00 DEBUG 46911 --- [flight-booking] [           main] o.h.boot.internal.ClassLoaderAccessImpl  : ClassLoaderAccessImpl#injectTempClassLoader(org.springframework.instrument.classloading.SimpleThrowawayClassLoader@22048bd6) [was null]
2025-03-14T22:00:26.902-05:00 DEBUG 46911 --- [flight-booking] [           main] o.h.boot.internal.BootstrapContextImpl   : Injecting ScanEnvironment [org.hibernate.jpa.boot.internal.StandardJpaScanEnvironmentImpl@60b1ff3b] into BootstrapContext; was [null]
2025-03-14T22:00:26.902-05:00 DEBUG 46911 --- [flight-booking] [           main] o.h.boot.internal.BootstrapContextImpl   : Injecting ScanOptions [org.hibernate.boot.archive.scan.internal.StandardScanOptions@374c3975] into BootstrapContext; was [org.hibernate.boot.archive.scan.internal.StandardScanOptions@43c39321]
2025-03-14T22:00:26.940-05:00 DEBUG 46911 --- [flight-booking] [           main] o.h.j.b.i.PersistenceUnitInfoDescriptor  : Pushing class transformers for PU named 'default' on loading classloader jdk.internal.loader.ClassLoaders$AppClassLoader@18ff02e4
2025-03-14T22:00:27.383-05:00  INFO 46911 --- [flight-booking] [           main] o.s.o.j.p.SpringPersistenceUnitInfo      : No LoadTimeWeaver setup: ignoring JPA class transformer
2025-03-14T22:00:27.383-05:00 DEBUG 46911 --- [flight-booking] [           main] o.h.boot.internal.BootstrapContextImpl   : Injecting JPA temp ClassLoader [null] into BootstrapContext; was [org.springframework.instrument.classloading.SimpleThrowawayClassLoader@22048bd6]
2025-03-14T22:00:27.384-05:00 DEBUG 46911 --- [flight-booking] [           main] o.h.boot.internal.ClassLoaderAccessImpl  : ClassLoaderAccessImpl#injectTempClassLoader(null) [was org.springframework.instrument.classloading.SimpleThrowawayClassLoader@22048bd6]
2025-03-14T22:00:27.436-05:00  INFO 46911 --- [flight-booking] [           main] com.zaxxer.hikari.HikariDataSource       : HikariPool-1 - Starting...
2025-03-14T22:00:28.300-05:00  INFO 46911 --- [flight-booking] [           main] com.zaxxer.hikari.pool.HikariPool        : HikariPool-1 - Added connection com.mysql.cj.jdbc.ConnectionImpl@47ffdbba
2025-03-14T22:00:28.302-05:00  INFO 46911 --- [flight-booking] [           main] com.zaxxer.hikari.HikariDataSource       : HikariPool-1 - Start completed.
2025-03-14T22:00:28.309-05:00 DEBUG 46911 --- [flight-booking] [           main] o.h.e.j.e.i.JdbcEnvironmentInitiator     : Database ->
	   name : MySQL
	version : 9.1.0
	  major : 9
	  minor : 1
2025-03-14T22:00:28.309-05:00 DEBUG 46911 --- [flight-booking] [           main] o.h.e.j.e.i.JdbcEnvironmentInitiator     : Driver ->
	   name : MySQL Connector/J
	version : mysql-connector-j-8.0.33 (Revision: 7d6b0800528b6b25c68b52dc10d6c1c8429c100c)
	  major : 8
	  minor : 0
2025-03-14T22:00:28.309-05:00 DEBUG 46911 --- [flight-booking] [           main] o.h.e.j.e.i.JdbcEnvironmentInitiator     : JDBC version : 4.2
2025-03-14T22:00:28.552-05:00  WARN 46911 --- [flight-booking] [           main] org.hibernate.orm.deprecation            : HHH90000025: MySQLDialect does not need to be specified explicitly using 'hibernate.dialect' (remove the property setting and it will be selected by default)
2025-03-14T22:00:28.553-05:00 DEBUG 46911 --- [flight-booking] [           main] org.hibernate.orm.dialect                : HHH035001: Using dialect: org.hibernate.dialect.MySQLDialect, version: 9.1
2025-03-14T22:00:28.556-05:00 DEBUG 46911 --- [flight-booking] [           main] o.h.e.j.env.spi.IdentifierHelperBuilder  : JDBC driver metadata reported database stores quoted identifiers in more than one case
2025-03-14T22:00:28.557-05:00 DEBUG 46911 --- [flight-booking] [           main] o.h.e.j.env.spi.IdentifierHelperBuilder  : IdentifierCaseStrategy for both quoted and unquoted identifiers was set to the same strategy [MIXED]; that will likely lead to problems in schema update and validation if using quoted identifiers
2025-03-14T22:00:28.573-05:00  INFO 46911 --- [flight-booking] [           main] org.hibernate.orm.connections.pooling    : HHH10001005: Database info:
	Database JDBC URL [Connecting through datasource 'HikariDataSource (HikariPool-1)']
	Database driver: undefined/unknown
	Database version: 9.1
	Autocommit mode: undefined/unknown
	Isolation level: undefined/unknown
	Minimum pool size: undefined/unknown
	Maximum pool size: undefined/unknown
2025-03-14T22:00:28.584-05:00 DEBUG 46911 --- [flight-booking] [           main] o.h.t.d.sql.spi.DdlTypeRegistry          : addDescriptor(12, org.hibernate.type.descriptor.sql.internal.CapacityDependentDdlType@153c6603) replaced previous registration(org.hibernate.type.descriptor.sql.internal.CapacityDependentDdlType@24e2355c)
2025-03-14T22:00:28.584-05:00 DEBUG 46911 --- [flight-booking] [           main] o.h.t.d.sql.spi.DdlTypeRegistry          : addDescriptor(-9, org.hibernate.type.descriptor.sql.internal.CapacityDependentDdlType@19739906) replaced previous registration(org.hibernate.type.descriptor.sql.internal.CapacityDependentDdlType@65503a26)
2025-03-14T22:00:28.584-05:00 DEBUG 46911 --- [flight-booking] [           main] o.h.t.d.sql.spi.DdlTypeRegistry          : addDescriptor(-3, org.hibernate.type.descriptor.sql.internal.CapacityDependentDdlType@13aa54f1) replaced previous registration(org.hibernate.type.descriptor.sql.internal.CapacityDependentDdlType@26d7cb0d)
2025-03-14T22:00:28.585-05:00 DEBUG 46911 --- [flight-booking] [           main] o.h.t.d.sql.spi.DdlTypeRegistry          : addDescriptor(4003, org.hibernate.type.descriptor.sql.internal.DdlTypeImpl@23e9dd78) replaced previous registration(org.hibernate.type.descriptor.sql.internal.DdlTypeImpl@470c4229)
2025-03-14T22:00:28.585-05:00 DEBUG 46911 --- [flight-booking] [           main] o.h.t.d.sql.spi.DdlTypeRegistry          : addDescriptor(4001, org.hibernate.type.descriptor.sql.internal.DdlTypeImpl@6408be5) replaced previous registration(org.hibernate.type.descriptor.sql.internal.DdlTypeImpl@1e57b783)
2025-03-14T22:00:28.585-05:00 DEBUG 46911 --- [flight-booking] [           main] o.h.t.d.sql.spi.DdlTypeRegistry          : addDescriptor(4002, org.hibernate.type.descriptor.sql.internal.DdlTypeImpl@73b8ab2c) replaced previous registration(org.hibernate.type.descriptor.sql.internal.DdlTypeImpl@5600a278)
2025-03-14T22:00:28.585-05:00 DEBUG 46911 --- [flight-booking] [           main] o.h.t.d.sql.spi.DdlTypeRegistry          : addDescriptor(2004, org.hibernate.type.descriptor.sql.internal.CapacityDependentDdlType@549d14fe) replaced previous registration(org.hibernate.type.descriptor.sql.internal.DdlTypeImpl@77d54a41)
2025-03-14T22:00:28.585-05:00 DEBUG 46911 --- [flight-booking] [           main] o.h.t.d.sql.spi.DdlTypeRegistry          : addDescriptor(2005, org.hibernate.type.descriptor.sql.internal.CapacityDependentDdlType@41026e5c) replaced previous registration(org.hibernate.type.descriptor.sql.internal.DdlTypeImpl@12421766)
2025-03-14T22:00:28.585-05:00 DEBUG 46911 --- [flight-booking] [           main] o.h.t.d.sql.spi.DdlTypeRegistry          : addDescriptor(2011, org.hibernate.type.descriptor.sql.internal.CapacityDependentDdlType@2e44cb34) replaced previous registration(org.hibernate.type.descriptor.sql.internal.DdlTypeImpl@731e0bff)
2025-03-14T22:00:28.588-05:00 DEBUG 46911 --- [flight-booking] [           main] o.h.t.d.jdbc.spi.JdbcTypeRegistry        : addDescriptor(NCharTypeDescriptor) replaced previous registration(CharTypeDescriptor)
2025-03-14T22:00:28.588-05:00 DEBUG 46911 --- [flight-booking] [           main] o.h.t.d.jdbc.spi.JdbcTypeRegistry        : addDescriptor(NVarcharTypeDescriptor) replaced previous registration(VarcharTypeDescriptor)
2025-03-14T22:00:28.589-05:00 DEBUG 46911 --- [flight-booking] [           main] o.h.t.d.jdbc.spi.JdbcTypeRegistry        : addDescriptor(LongNVarcharTypeDescriptor) replaced previous registration(LongVarcharTypeDescriptor)
2025-03-14T22:00:28.592-05:00 DEBUG 46911 --- [flight-booking] [           main] o.h.t.d.jdbc.spi.JdbcTypeRegistry        : addDescriptor(NClobTypeDescriptor(DEFAULT)) replaced previous registration(ClobTypeDescriptor(DEFAULT))
2025-03-14T22:00:28.596-05:00 DEBUG 46911 --- [flight-booking] [           main] org.hibernate.type.BasicTypeRegistry     : Adding type registration null -> org.hibernate.type.NullType@41d877bb
2025-03-14T22:00:28.596-05:00 DEBUG 46911 --- [flight-booking] [           main] org.hibernate.type.BasicTypeRegistry     : Type registration key [null] overrode previous entry : `org.hibernate.type.NullType@2b44605c`
2025-03-14T22:00:28.600-05:00 DEBUG 46911 --- [flight-booking] [           main] org.hibernate.type.BasicTypeRegistry     : Adding type registration org.hibernate.type.DurationType -> basicType@1(java.time.Duration,3015)
2025-03-14T22:00:28.600-05:00 DEBUG 46911 --- [flight-booking] [           main] org.hibernate.type.BasicTypeRegistry     : Adding type registration Duration -> basicType@1(java.time.Duration,3015)
2025-03-14T22:00:28.600-05:00 DEBUG 46911 --- [flight-booking] [           main] org.hibernate.type.BasicTypeRegistry     : Adding type registration java.time.Duration -> basicType@1(java.time.Duration,3015)
2025-03-14T22:00:28.604-05:00 DEBUG 46911 --- [flight-booking] [           main] org.hibernate.type.BasicTypeRegistry     : Adding type registration org.hibernate.type.OffsetDateTimeType -> basicType@2(java.time.OffsetDateTime,3003)
2025-03-14T22:00:28.604-05:00 DEBUG 46911 --- [flight-booking] [           main] org.hibernate.type.BasicTypeRegistry     : Adding type registration OffsetDateTime -> basicType@2(java.time.OffsetDateTime,3003)
2025-03-14T22:00:28.604-05:00 DEBUG 46911 --- [flight-booking] [           main] org.hibernate.type.BasicTypeRegistry     : Adding type registration java.time.OffsetDateTime -> basicType@2(java.time.OffsetDateTime,3003)
2025-03-14T22:00:28.604-05:00 DEBUG 46911 --- [flight-booking] [           main] org.hibernate.type.BasicTypeRegistry     : Adding type registration org.hibernate.type.ZonedDateTimeType -> basicType@3(java.time.ZonedDateTime,3003)
2025-03-14T22:00:28.604-05:00 DEBUG 46911 --- [flight-booking] [           main] org.hibernate.type.BasicTypeRegistry     : Adding type registration ZonedDateTime -> basicType@3(java.time.ZonedDateTime,3003)
2025-03-14T22:00:28.605-05:00 DEBUG 46911 --- [flight-booking] [           main] org.hibernate.type.BasicTypeRegistry     : Adding type registration java.time.ZonedDateTime -> basicType@3(java.time.ZonedDateTime,3003)
2025-03-14T22:00:28.605-05:00 DEBUG 46911 --- [flight-booking] [           main] org.hibernate.type.BasicTypeRegistry     : Adding type registration org.hibernate.type.OffsetTimeType -> basicType@4(java.time.OffsetTime,3007)
2025-03-14T22:00:28.605-05:00 DEBUG 46911 --- [flight-booking] [           main] org.hibernate.type.BasicTypeRegistry     : Adding type registration OffsetTime -> basicType@4(java.time.OffsetTime,3007)
2025-03-14T22:00:28.605-05:00 DEBUG 46911 --- [flight-booking] [           main] org.hibernate.type.BasicTypeRegistry     : Adding type registration java.time.OffsetTime -> basicType@4(java.time.OffsetTime,3007)
2025-03-14T22:00:28.607-05:00 DEBUG 46911 --- [flight-booking] [           main] o.h.type.spi.TypeConfiguration$Scope     : Scoping TypeConfiguration [org.hibernate.type.spi.TypeConfiguration@27a0e6ce] to MetadataBuildingContext [org.hibernate.boot.internal.MetadataBuildingContextRootImpl@2b80497f]
2025-03-14T22:00:28.665-05:00 DEBUG 46911 --- [flight-booking] [           main] o.h.boot.model.relational.Namespace      : Created database namespace [logicalName=Name{catalog=null, schema=null}, physicalName=Name{catalog=null, schema=null}]
2025-03-14T22:00:28.708-05:00 DEBUG 46911 --- [flight-booking] [           main] o.h.boot.model.internal.EntityBinder     : Binding entity from annotated class: edu.miu.cs.cs425.backend.domain.entity.Airline
2025-03-14T22:00:28.716-05:00 DEBUG 46911 --- [flight-booking] [           main] o.h.boot.model.internal.EntityBinder     : Import with entity name Airline
2025-03-14T22:00:28.724-05:00 DEBUG 46911 --- [flight-booking] [           main] o.h.boot.model.internal.EntityBinder     : Bind entity edu.miu.cs.cs425.backend.domain.entity.Airline on table airline
2025-03-14T22:00:28.736-05:00 DEBUG 46911 --- [flight-booking] [           main] o.h.boot.model.internal.AnnotatedColumn  : Binding column: AnnotatedDiscriminatorColumn(column='DTYPE')
2025-03-14T22:00:28.751-05:00 DEBUG 46911 --- [flight-booking] [           main] o.h.boot.model.internal.AnnotatedColumn  : Binding column: AnnotatedColumn()
2025-03-14T22:00:28.752-05:00 DEBUG 46911 --- [flight-booking] [           main] o.h.boot.internal.ClassLoaderAccessImpl  : Not known whether passed class name [edu.miu.cs.cs425.backend.domain.entity.Airline] is safe
2025-03-14T22:00:28.752-05:00 DEBUG 46911 --- [flight-booking] [           main] o.h.boot.internal.ClassLoaderAccessImpl  : No temp ClassLoader provided; using live ClassLoader for loading potentially unsafe class : edu.miu.cs.cs425.backend.domain.entity.Airline
2025-03-14T22:00:28.755-05:00 DEBUG 46911 --- [flight-booking] [           main] o.h.boot.model.internal.PropertyBinder   : MetadataSourceProcessor property code with lazy=false
2025-03-14T22:00:28.761-05:00 DEBUG 46911 --- [flight-booking] [           main] o.h.b.m.internal.AbstractPropertyHolder  : Attempting to locate auto-apply AttributeConverter for property [edu.miu.cs.cs425.backend.domain.entity.Airline:code]
2025-03-14T22:00:28.766-05:00 DEBUG 46911 --- [flight-booking] [           main] o.h.b.model.internal.BasicValueBinder    : building BasicValue for code
2025-03-14T22:00:28.769-05:00 DEBUG 46911 --- [flight-booking] [           main] org.hibernate.mapping.BasicValue         : Skipping column re-registration: airline.code
2025-03-14T22:00:28.769-05:00 DEBUG 46911 --- [flight-booking] [           main] o.h.boot.model.internal.PropertyBinder   : Building property code
2025-03-14T22:00:28.772-05:00 DEBUG 46911 --- [flight-booking] [           main] o.h.boot.model.internal.AnnotatedColumn  : Binding column: AnnotatedColumn()
2025-03-14T22:00:28.773-05:00 DEBUG 46911 --- [flight-booking] [           main] o.h.boot.model.internal.PropertyBinder   : MetadataSourceProcessor property logoUrl with lazy=false
2025-03-14T22:00:28.773-05:00 DEBUG 46911 --- [flight-booking] [           main] o.h.b.m.internal.AbstractPropertyHolder  : Attempting to locate auto-apply AttributeConverter for property [edu.miu.cs.cs425.backend.domain.entity.Airline:logoUrl]
2025-03-14T22:00:28.773-05:00 DEBUG 46911 --- [flight-booking] [           main] o.h.b.model.internal.BasicValueBinder    : building BasicValue for logoUrl
2025-03-14T22:00:28.773-05:00 DEBUG 46911 --- [flight-booking] [           main] org.hibernate.mapping.BasicValue         : Skipping column re-registration: airline.logo_url
2025-03-14T22:00:28.773-05:00 DEBUG 46911 --- [flight-booking] [           main] o.h.boot.model.internal.PropertyBinder   : Building property logoUrl
2025-03-14T22:00:28.774-05:00 DEBUG 46911 --- [flight-booking] [           main] o.h.boot.model.internal.AnnotatedColumn  : Binding column: AnnotatedColumn()
2025-03-14T22:00:28.774-05:00 DEBUG 46911 --- [flight-booking] [           main] o.h.boot.model.internal.PropertyBinder   : MetadataSourceProcessor property name with lazy=false
2025-03-14T22:00:28.774-05:00 DEBUG 46911 --- [flight-booking] [           main] o.h.b.m.internal.AbstractPropertyHolder  : Attempting to locate auto-apply AttributeConverter for property [edu.miu.cs.cs425.backend.domain.entity.Airline:name]
2025-03-14T22:00:28.774-05:00 DEBUG 46911 --- [flight-booking] [           main] o.h.b.model.internal.BasicValueBinder    : building BasicValue for name
2025-03-14T22:00:28.774-05:00 DEBUG 46911 --- [flight-booking] [           main] org.hibernate.mapping.BasicValue         : Skipping column re-registration: airline.name
2025-03-14T22:00:28.775-05:00 DEBUG 46911 --- [flight-booking] [           main] o.h.boot.model.internal.PropertyBinder   : Building property name
2025-03-14T22:00:28.776-05:00 DEBUG 46911 --- [flight-booking] [           main] o.h.b.r.c.i.ClassLoaderServiceImpl       : HHH000194: Package not found or no package-info.java: edu.miu.cs.cs425.backend.domain.entity
2025-03-14T22:00:28.781-05:00 DEBUG 46911 --- [flight-booking] [           main] o.h.boot.model.internal.EntityBinder     : Binding entity from annotated class: edu.miu.cs.cs425.backend.domain.entity.Airport
2025-03-14T22:00:28.782-05:00 DEBUG 46911 --- [flight-booking] [           main] o.h.boot.model.internal.EntityBinder     : Import with entity name Airport
2025-03-14T22:00:28.782-05:00 DEBUG 46911 --- [flight-booking] [           main] o.h.boot.model.internal.EntityBinder     : Bind entity edu.miu.cs.cs425.backend.domain.entity.Airport on table airport
2025-03-14T22:00:28.782-05:00 DEBUG 46911 --- [flight-booking] [           main] o.h.boot.model.internal.AnnotatedColumn  : Binding column: AnnotatedDiscriminatorColumn(column='DTYPE')
2025-03-14T22:00:28.783-05:00 DEBUG 46911 --- [flight-booking] [           main] o.h.boot.model.internal.AnnotatedColumn  : Binding column: AnnotatedColumn()
2025-03-14T22:00:28.783-05:00 DEBUG 46911 --- [flight-booking] [           main] o.h.boot.internal.ClassLoaderAccessImpl  : Not known whether passed class name [edu.miu.cs.cs425.backend.domain.entity.Airport] is safe
2025-03-14T22:00:28.783-05:00 DEBUG 46911 --- [flight-booking] [           main] o.h.boot.internal.ClassLoaderAccessImpl  : No temp ClassLoader provided; using live ClassLoader for loading potentially unsafe class : edu.miu.cs.cs425.backend.domain.entity.Airport
2025-03-14T22:00:28.783-05:00 DEBUG 46911 --- [flight-booking] [           main] o.h.boot.model.internal.PropertyBinder   : MetadataSourceProcessor property iataCode with lazy=false
2025-03-14T22:00:28.783-05:00 DEBUG 46911 --- [flight-booking] [           main] o.h.b.m.internal.AbstractPropertyHolder  : Attempting to locate auto-apply AttributeConverter for property [edu.miu.cs.cs425.backend.domain.entity.Airport:iataCode]
2025-03-14T22:00:28.783-05:00 DEBUG 46911 --- [flight-booking] [           main] o.h.b.model.internal.BasicValueBinder    : building BasicValue for iataCode
2025-03-14T22:00:28.784-05:00 DEBUG 46911 --- [flight-booking] [           main] org.hibernate.mapping.BasicValue         : Skipping column re-registration: airport.iata_code
2025-03-14T22:00:28.784-05:00 DEBUG 46911 --- [flight-booking] [           main] o.h.boot.model.internal.PropertyBinder   : Building property iataCode
2025-03-14T22:00:28.784-05:00 DEBUG 46911 --- [flight-booking] [           main] o.h.boot.model.internal.AnnotatedColumn  : Binding column: AnnotatedColumn()
2025-03-14T22:00:28.784-05:00 DEBUG 46911 --- [flight-booking] [           main] o.h.boot.model.internal.PropertyBinder   : MetadataSourceProcessor property city with lazy=false
2025-03-14T22:00:28.784-05:00 DEBUG 46911 --- [flight-booking] [           main] o.h.b.m.internal.AbstractPropertyHolder  : Attempting to locate auto-apply AttributeConverter for property [edu.miu.cs.cs425.backend.domain.entity.Airport:city]
2025-03-14T22:00:28.784-05:00 DEBUG 46911 --- [flight-booking] [           main] o.h.b.model.internal.BasicValueBinder    : building BasicValue for city
2025-03-14T22:00:28.784-05:00 DEBUG 46911 --- [flight-booking] [           main] org.hibernate.mapping.BasicValue         : Skipping column re-registration: airport.city
2025-03-14T22:00:28.784-05:00 DEBUG 46911 --- [flight-booking] [           main] o.h.boot.model.internal.PropertyBinder   : Building property city
2025-03-14T22:00:28.785-05:00 DEBUG 46911 --- [flight-booking] [           main] o.h.boot.model.internal.AnnotatedColumn  : Binding column: AnnotatedColumn()
2025-03-14T22:00:28.785-05:00 DEBUG 46911 --- [flight-booking] [           main] o.h.boot.model.internal.PropertyBinder   : MetadataSourceProcessor property country with lazy=false
2025-03-14T22:00:28.785-05:00 DEBUG 46911 --- [flight-booking] [           main] o.h.b.m.internal.AbstractPropertyHolder  : Attempting to locate auto-apply AttributeConverter for property [edu.miu.cs.cs425.backend.domain.entity.Airport:country]
2025-03-14T22:00:28.785-05:00 DEBUG 46911 --- [flight-booking] [           main] o.h.b.model.internal.BasicValueBinder    : building BasicValue for country
2025-03-14T22:00:28.785-05:00 DEBUG 46911 --- [flight-booking] [           main] org.hibernate.mapping.BasicValue         : Skipping column re-registration: airport.country
2025-03-14T22:00:28.785-05:00 DEBUG 46911 --- [flight-booking] [           main] o.h.boot.model.internal.PropertyBinder   : Building property country
2025-03-14T22:00:28.786-05:00 DEBUG 46911 --- [flight-booking] [           main] o.h.boot.model.internal.AnnotatedColumn  : Binding column: AnnotatedColumn()
2025-03-14T22:00:28.786-05:00 DEBUG 46911 --- [flight-booking] [           main] o.h.boot.model.internal.PropertyBinder   : MetadataSourceProcessor property name with lazy=false
2025-03-14T22:00:28.786-05:00 DEBUG 46911 --- [flight-booking] [           main] o.h.b.m.internal.AbstractPropertyHolder  : Attempting to locate auto-apply AttributeConverter for property [edu.miu.cs.cs425.backend.domain.entity.Airport:name]
2025-03-14T22:00:28.786-05:00 DEBUG 46911 --- [flight-booking] [           main] o.h.b.model.internal.BasicValueBinder    : building BasicValue for name
2025-03-14T22:00:28.786-05:00 DEBUG 46911 --- [flight-booking] [           main] org.hibernate.mapping.BasicValue         : Skipping column re-registration: airport.name
2025-03-14T22:00:28.786-05:00 DEBUG 46911 --- [flight-booking] [           main] o.h.boot.model.internal.PropertyBinder   : Building property name
2025-03-14T22:00:28.787-05:00 DEBUG 46911 --- [flight-booking] [           main] o.h.b.r.c.i.ClassLoaderServiceImpl       : HHH000194: Package not found or no package-info.java: edu.miu.cs.cs425.backend.domain.entity
2025-03-14T22:00:28.788-05:00 DEBUG 46911 --- [flight-booking] [           main] o.h.boot.model.internal.EntityBinder     : Binding entity from annotated class: edu.miu.cs.cs425.backend.domain.entity.Booking
2025-03-14T22:00:28.789-05:00 DEBUG 46911 --- [flight-booking] [           main] o.h.boot.model.internal.EntityBinder     : Import with entity name Booking
2025-03-14T22:00:28.789-05:00 DEBUG 46911 --- [flight-booking] [           main] o.h.boot.model.internal.EntityBinder     : Bind entity edu.miu.cs.cs425.backend.domain.entity.Booking on table bookings
2025-03-14T22:00:28.790-05:00 DEBUG 46911 --- [flight-booking] [           main] o.h.boot.model.internal.AnnotatedColumn  : Binding column: AnnotatedDiscriminatorColumn(column='DTYPE')
2025-03-14T22:00:28.811-05:00 DEBUG 46911 --- [flight-booking] [           main] o.h.boot.model.internal.AnnotatedColumn  : Binding column: AnnotatedColumn()
2025-03-14T22:00:28.812-05:00 DEBUG 46911 --- [flight-booking] [           main] o.h.boot.internal.ClassLoaderAccessImpl  : Not known whether passed class name [edu.miu.cs.cs425.backend.domain.entity.Booking] is safe
2025-03-14T22:00:28.812-05:00 DEBUG 46911 --- [flight-booking] [           main] o.h.boot.internal.ClassLoaderAccessImpl  : No temp ClassLoader provided; using live ClassLoader for loading potentially unsafe class : edu.miu.cs.cs425.backend.domain.entity.Booking
2025-03-14T22:00:28.816-05:00 DEBUG 46911 --- [flight-booking] [           main] o.h.boot.model.internal.PropertyBinder   : MetadataSourceProcessor property id with lazy=false
2025-03-14T22:00:28.817-05:00 DEBUG 46911 --- [flight-booking] [           main] o.h.b.m.internal.AbstractPropertyHolder  : Attempting to locate auto-apply AttributeConverter for property [edu.miu.cs.cs425.backend.domain.entity.Booking:id]
2025-03-14T22:00:28.817-05:00 DEBUG 46911 --- [flight-booking] [           main] o.h.b.model.internal.BasicValueBinder    : building BasicValue for id
2025-03-14T22:00:28.817-05:00 DEBUG 46911 --- [flight-booking] [           main] org.hibernate.mapping.BasicValue         : Skipping column re-registration: bookings.id
2025-03-14T22:00:28.817-05:00 DEBUG 46911 --- [flight-booking] [           main] o.h.boot.model.internal.PropertyBinder   : Building property id
2025-03-14T22:00:28.820-05:00 DEBUG 46911 --- [flight-booking] [           main] o.h.boot.model.internal.BinderHelper     : #makeIdGenerator(BasicValue([Column(id)]), id, identity, , ...)
2025-03-14T22:00:28.822-05:00 DEBUG 46911 --- [flight-booking] [           main] o.h.boot.model.internal.AnnotatedColumn  : Binding column: AnnotatedColumn()
2025-03-14T22:00:28.822-05:00 DEBUG 46911 --- [flight-booking] [           main] o.h.boot.model.internal.PropertyBinder   : MetadataSourceProcessor property createdAt with lazy=false
2025-03-14T22:00:28.822-05:00 DEBUG 46911 --- [flight-booking] [           main] o.h.b.m.internal.AbstractPropertyHolder  : Attempting to locate auto-apply AttributeConverter for property [edu.miu.cs.cs425.backend.domain.entity.Booking:createdAt]
2025-03-14T22:00:28.822-05:00 DEBUG 46911 --- [flight-booking] [           main] o.h.b.model.internal.BasicValueBinder    : building BasicValue for createdAt
2025-03-14T22:00:28.823-05:00 DEBUG 46911 --- [flight-booking] [           main] org.hibernate.mapping.BasicValue         : Skipping column re-registration: bookings.created_at
2025-03-14T22:00:28.823-05:00 DEBUG 46911 --- [flight-booking] [           main] o.h.boot.model.internal.PropertyBinder   : Building property createdAt
2025-03-14T22:00:28.823-05:00 DEBUG 46911 --- [flight-booking] [           main] o.h.boot.model.internal.AnnotatedColumn  : Binding column: AnnotatedColumn()
2025-03-14T22:00:28.823-05:00 DEBUG 46911 --- [flight-booking] [           main] o.h.boot.model.internal.PropertyBinder   : MetadataSourceProcessor property fareType with lazy=false
2025-03-14T22:00:28.823-05:00 DEBUG 46911 --- [flight-booking] [           main] o.h.b.m.internal.AbstractPropertyHolder  : Attempting to locate auto-apply AttributeConverter for property [edu.miu.cs.cs425.backend.domain.entity.Booking:fareType]
2025-03-14T22:00:28.824-05:00 DEBUG 46911 --- [flight-booking] [           main] o.h.b.model.internal.BasicValueBinder    : building BasicValue for fareType
2025-03-14T22:00:28.824-05:00 DEBUG 46911 --- [flight-booking] [           main] org.hibernate.mapping.BasicValue         : Skipping column re-registration: bookings.fare_type
2025-03-14T22:00:28.824-05:00 DEBUG 46911 --- [flight-booking] [           main] o.h.boot.model.internal.PropertyBinder   : Building property fareType
2025-03-14T22:00:28.827-05:00 DEBUG 46911 --- [flight-booking] [           main] o.h.boot.model.internal.AnnotatedColumn  : Binding column: AnnotatedJoinColumn(column='booking_id')
2025-03-14T22:00:28.828-05:00 DEBUG 46911 --- [flight-booking] [           main] o.h.boot.model.internal.AnnotatedColumn  : Binding column: AnnotatedColumn()
2025-03-14T22:00:28.849-05:00 DEBUG 46911 --- [flight-booking] [           main] o.h.boot.model.internal.AnnotatedColumn  : Binding column: IndexColumn(column='flightLegs_ORDER')
2025-03-14T22:00:28.855-05:00 DEBUG 46911 --- [flight-booking] [           main] o.h.boot.model.internal.AnnotatedColumn  : Binding column: AnnotatedColumn()
2025-03-14T22:00:28.857-05:00 DEBUG 46911 --- [flight-booking] [           main] o.h.boot.model.internal.AnnotatedColumn  : Binding column: AnnotatedColumn(column='flightLegs_KEY')
2025-03-14T22:00:28.858-05:00 DEBUG 46911 --- [flight-booking] [           main] o.h.boot.model.internal.AnnotatedColumn  : Binding column: AnnotatedJoinColumn(column='flightLegs_KEY')
2025-03-14T22:00:28.861-05:00 DEBUG 46911 --- [flight-booking] [           main] o.h.boot.model.internal.AnnotatedColumn  : Binding column: AnnotatedJoinColumn()
2025-03-14T22:00:28.861-05:00 DEBUG 46911 --- [flight-booking] [           main] o.h.boot.model.internal.AnnotatedColumn  : Binding column: AnnotatedJoinColumn()
2025-03-14T22:00:28.867-05:00 DEBUG 46911 --- [flight-booking] [           main] o.h.b.model.internal.CollectionBinder    : Collection role: edu.miu.cs.cs425.backend.domain.entity.Booking.flightLegs
2025-03-14T22:00:28.870-05:00 DEBUG 46911 --- [flight-booking] [           main] o.h.boot.model.internal.PropertyBinder   : Building property flightLegs
2025-03-14T22:00:28.870-05:00 DEBUG 46911 --- [flight-booking] [           main] o.h.boot.model.internal.AnnotatedColumn  : Binding column: AnnotatedJoinColumn(column='booking_id')
2025-03-14T22:00:28.871-05:00 DEBUG 46911 --- [flight-booking] [           main] o.h.boot.model.internal.AnnotatedColumn  : Binding column: AnnotatedColumn()
2025-03-14T22:00:28.871-05:00 DEBUG 46911 --- [flight-booking] [           main] o.h.boot.model.internal.AnnotatedColumn  : Binding column: IndexColumn(column='returnFlightLegs_ORDER')
2025-03-14T22:00:28.872-05:00 DEBUG 46911 --- [flight-booking] [           main] o.h.boot.model.internal.AnnotatedColumn  : Binding column: AnnotatedColumn()
2025-03-14T22:00:28.872-05:00 DEBUG 46911 --- [flight-booking] [           main] o.h.boot.model.internal.AnnotatedColumn  : Binding column: AnnotatedColumn(column='returnFlightLegs_KEY')
2025-03-14T22:00:28.872-05:00 DEBUG 46911 --- [flight-booking] [           main] o.h.boot.model.internal.AnnotatedColumn  : Binding column: AnnotatedJoinColumn(column='returnFlightLegs_KEY')
2025-03-14T22:00:28.872-05:00 DEBUG 46911 --- [flight-booking] [           main] o.h.boot.model.internal.AnnotatedColumn  : Binding column: AnnotatedJoinColumn()
2025-03-14T22:00:28.872-05:00 DEBUG 46911 --- [flight-booking] [           main] o.h.boot.model.internal.AnnotatedColumn  : Binding column: AnnotatedJoinColumn()
2025-03-14T22:00:28.872-05:00 DEBUG 46911 --- [flight-booking] [           main] o.h.b.model.internal.CollectionBinder    : Collection role: edu.miu.cs.cs425.backend.domain.entity.Booking.returnFlightLegs
2025-03-14T22:00:28.872-05:00 DEBUG 46911 --- [flight-booking] [           main] o.h.boot.model.internal.PropertyBinder   : Building property returnFlightLegs
2025-03-14T22:00:28.873-05:00 DEBUG 46911 --- [flight-booking] [           main] o.h.boot.model.internal.AnnotatedColumn  : Binding column: AnnotatedColumn()
2025-03-14T22:00:28.873-05:00 DEBUG 46911 --- [flight-booking] [           main] o.h.boot.model.internal.PropertyBinder   : MetadataSourceProcessor property selectedSeat with lazy=false
2025-03-14T22:00:28.873-05:00 DEBUG 46911 --- [flight-booking] [           main] o.h.b.m.internal.AbstractPropertyHolder  : Attempting to locate auto-apply AttributeConverter for property [edu.miu.cs.cs425.backend.domain.entity.Booking:selectedSeat]
2025-03-14T22:00:28.873-05:00 DEBUG 46911 --- [flight-booking] [           main] o.h.b.model.internal.BasicValueBinder    : building BasicValue for selectedSeat
2025-03-14T22:00:28.873-05:00 DEBUG 46911 --- [flight-booking] [           main] org.hibernate.mapping.BasicValue         : Skipping column re-registration: bookings.selected_seat
2025-03-14T22:00:28.873-05:00 DEBUG 46911 --- [flight-booking] [           main] o.h.boot.model.internal.PropertyBinder   : Building property selectedSeat
2025-03-14T22:00:28.874-05:00 DEBUG 46911 --- [flight-booking] [           main] o.h.boot.model.internal.AnnotatedColumn  : Binding column: AnnotatedColumn()
2025-03-14T22:00:28.875-05:00 DEBUG 46911 --- [flight-booking] [           main] o.h.boot.model.internal.PropertyBinder   : MetadataSourceProcessor property status with lazy=false
2025-03-14T22:00:28.875-05:00 DEBUG 46911 --- [flight-booking] [           main] o.h.b.m.internal.AbstractPropertyHolder  : Attempting to locate auto-apply AttributeConverter for property [edu.miu.cs.cs425.backend.domain.entity.Booking:status]
2025-03-14T22:00:28.875-05:00 DEBUG 46911 --- [flight-booking] [           main] o.h.b.model.internal.BasicValueBinder    : building BasicValue for status
2025-03-14T22:00:28.875-05:00 DEBUG 46911 --- [flight-booking] [           main] org.hibernate.mapping.BasicValue         : Skipping column re-registration: bookings.status
2025-03-14T22:00:28.875-05:00 DEBUG 46911 --- [flight-booking] [           main] o.h.boot.model.internal.PropertyBinder   : Building property status
2025-03-14T22:00:28.876-05:00 DEBUG 46911 --- [flight-booking] [           main] o.h.boot.model.internal.AnnotatedColumn  : Binding column: AnnotatedColumn()
2025-03-14T22:00:28.876-05:00 DEBUG 46911 --- [flight-booking] [           main] o.h.boot.model.internal.PropertyBinder   : MetadataSourceProcessor property totalPrice with lazy=false
2025-03-14T22:00:28.876-05:00 DEBUG 46911 --- [flight-booking] [           main] o.h.b.m.internal.AbstractPropertyHolder  : Attempting to locate auto-apply AttributeConverter for property [edu.miu.cs.cs425.backend.domain.entity.Booking:totalPrice]
2025-03-14T22:00:28.876-05:00 DEBUG 46911 --- [flight-booking] [           main] o.h.b.model.internal.BasicValueBinder    : building BasicValue for totalPrice
2025-03-14T22:00:28.876-05:00 DEBUG 46911 --- [flight-booking] [           main] org.hibernate.mapping.BasicValue         : Skipping column re-registration: bookings.total_price
2025-03-14T22:00:28.877-05:00 DEBUG 46911 --- [flight-booking] [           main] o.h.boot.model.internal.PropertyBinder   : Building property totalPrice
2025-03-14T22:00:28.877-05:00 DEBUG 46911 --- [flight-booking] [           main] o.h.boot.model.internal.AnnotatedColumn  : Binding column: AnnotatedColumn()
2025-03-14T22:00:28.877-05:00 DEBUG 46911 --- [flight-booking] [           main] o.h.boot.model.internal.PropertyBinder   : MetadataSourceProcessor property updatedAt with lazy=false
2025-03-14T22:00:28.877-05:00 DEBUG 46911 --- [flight-booking] [           main] o.h.b.m.internal.AbstractPropertyHolder  : Attempting to locate auto-apply AttributeConverter for property [edu.miu.cs.cs425.backend.domain.entity.Booking:updatedAt]
2025-03-14T22:00:28.877-05:00 DEBUG 46911 --- [flight-booking] [           main] o.h.b.model.internal.BasicValueBinder    : building BasicValue for updatedAt
2025-03-14T22:00:28.877-05:00 DEBUG 46911 --- [flight-booking] [           main] org.hibernate.mapping.BasicValue         : Skipping column re-registration: bookings.updated_at
2025-03-14T22:00:28.877-05:00 DEBUG 46911 --- [flight-booking] [           main] o.h.boot.model.internal.PropertyBinder   : Building property updatedAt
2025-03-14T22:00:28.878-05:00 DEBUG 46911 --- [flight-booking] [           main] o.h.boot.model.internal.AnnotatedColumn  : Binding column: AnnotatedColumn()
2025-03-14T22:00:28.888-05:00 DEBUG 46911 --- [flight-booking] [           main] o.h.boot.model.internal.AnnotatedColumn  : Binding column: AnnotatedColumn()
2025-03-14T22:00:28.889-05:00 DEBUG 46911 --- [flight-booking] [           main] o.h.boot.model.internal.PropertyBinder   : MetadataSourceProcessor property address with lazy=false
2025-03-14T22:00:28.889-05:00 DEBUG 46911 --- [flight-booking] [           main] o.h.b.m.internal.AbstractPropertyHolder  : Attempting to locate auto-apply AttributeConverter for property [edu.miu.cs.cs425.backend.domain.entity.Booking.userDetails:address]
2025-03-14T22:00:28.889-05:00 DEBUG 46911 --- [flight-booking] [           main] o.h.b.model.internal.BasicValueBinder    : building BasicValue for address
2025-03-14T22:00:28.890-05:00 DEBUG 46911 --- [flight-booking] [           main] org.hibernate.mapping.BasicValue         : Skipping column re-registration: bookings.address
2025-03-14T22:00:28.890-05:00 DEBUG 46911 --- [flight-booking] [           main] o.h.boot.model.internal.PropertyBinder   : Building property address
2025-03-14T22:00:28.891-05:00 DEBUG 46911 --- [flight-booking] [           main] o.h.boot.model.internal.AnnotatedColumn  : Binding column: AnnotatedColumn()
2025-03-14T22:00:28.891-05:00 DEBUG 46911 --- [flight-booking] [           main] o.h.boot.model.internal.PropertyBinder   : MetadataSourceProcessor property email with lazy=false
2025-03-14T22:00:28.891-05:00 DEBUG 46911 --- [flight-booking] [           main] o.h.b.m.internal.AbstractPropertyHolder  : Attempting to locate auto-apply AttributeConverter for property [edu.miu.cs.cs425.backend.domain.entity.Booking.userDetails:email]
2025-03-14T22:00:28.891-05:00 DEBUG 46911 --- [flight-booking] [           main] o.h.b.model.internal.BasicValueBinder    : building BasicValue for email
2025-03-14T22:00:28.891-05:00 DEBUG 46911 --- [flight-booking] [           main] org.hibernate.mapping.BasicValue         : Skipping column re-registration: bookings.email
2025-03-14T22:00:28.892-05:00 DEBUG 46911 --- [flight-booking] [           main] o.h.boot.model.internal.PropertyBinder   : Building property email
2025-03-14T22:00:28.892-05:00 DEBUG 46911 --- [flight-booking] [           main] o.h.boot.model.internal.AnnotatedColumn  : Binding column: AnnotatedColumn()
2025-03-14T22:00:28.892-05:00 DEBUG 46911 --- [flight-booking] [           main] o.h.boot.model.internal.PropertyBinder   : MetadataSourceProcessor property firstName with lazy=false
2025-03-14T22:00:28.892-05:00 DEBUG 46911 --- [flight-booking] [           main] o.h.b.m.internal.AbstractPropertyHolder  : Attempting to locate auto-apply AttributeConverter for property [edu.miu.cs.cs425.backend.domain.entity.Booking.userDetails:firstName]
2025-03-14T22:00:28.892-05:00 DEBUG 46911 --- [flight-booking] [           main] o.h.b.model.internal.BasicValueBinder    : building BasicValue for firstName
2025-03-14T22:00:28.892-05:00 DEBUG 46911 --- [flight-booking] [           main] org.hibernate.mapping.BasicValue         : Skipping column re-registration: bookings.first_name
2025-03-14T22:00:28.893-05:00 DEBUG 46911 --- [flight-booking] [           main] o.h.boot.model.internal.PropertyBinder   : Building property firstName
2025-03-14T22:00:28.893-05:00 DEBUG 46911 --- [flight-booking] [           main] o.h.boot.model.internal.AnnotatedColumn  : Binding column: AnnotatedColumn()
2025-03-14T22:00:28.893-05:00 DEBUG 46911 --- [flight-booking] [           main] o.h.boot.model.internal.PropertyBinder   : MetadataSourceProcessor property lastName with lazy=false
2025-03-14T22:00:28.893-05:00 DEBUG 46911 --- [flight-booking] [           main] o.h.b.m.internal.AbstractPropertyHolder  : Attempting to locate auto-apply AttributeConverter for property [edu.miu.cs.cs425.backend.domain.entity.Booking.userDetails:lastName]
2025-03-14T22:00:28.893-05:00 DEBUG 46911 --- [flight-booking] [           main] o.h.b.model.internal.BasicValueBinder    : building BasicValue for lastName
2025-03-14T22:00:28.893-05:00 DEBUG 46911 --- [flight-booking] [           main] org.hibernate.mapping.BasicValue         : Skipping column re-registration: bookings.last_name
2025-03-14T22:00:28.894-05:00 DEBUG 46911 --- [flight-booking] [           main] o.h.boot.model.internal.PropertyBinder   : Building property lastName
2025-03-14T22:00:28.894-05:00 DEBUG 46911 --- [flight-booking] [           main] o.h.boot.model.internal.AnnotatedColumn  : Binding column: AnnotatedColumn()
2025-03-14T22:00:28.894-05:00 DEBUG 46911 --- [flight-booking] [           main] o.h.boot.model.internal.PropertyBinder   : MetadataSourceProcessor property passportNumber with lazy=false
2025-03-14T22:00:28.894-05:00 DEBUG 46911 --- [flight-booking] [           main] o.h.b.m.internal.AbstractPropertyHolder  : Attempting to locate auto-apply AttributeConverter for property [edu.miu.cs.cs425.backend.domain.entity.Booking.userDetails:passportNumber]
2025-03-14T22:00:28.895-05:00 DEBUG 46911 --- [flight-booking] [           main] o.h.b.model.internal.BasicValueBinder    : building BasicValue for passportNumber
2025-03-14T22:00:28.895-05:00 DEBUG 46911 --- [flight-booking] [           main] org.hibernate.mapping.BasicValue         : Skipping column re-registration: bookings.passport_number
2025-03-14T22:00:28.895-05:00 DEBUG 46911 --- [flight-booking] [           main] o.h.boot.model.internal.PropertyBinder   : Building property passportNumber
2025-03-14T22:00:28.896-05:00 DEBUG 46911 --- [flight-booking] [           main] o.h.boot.model.internal.AnnotatedColumn  : Binding column: AnnotatedColumn()
2025-03-14T22:00:28.896-05:00 DEBUG 46911 --- [flight-booking] [           main] o.h.boot.model.internal.PropertyBinder   : MetadataSourceProcessor property phone with lazy=false
2025-03-14T22:00:28.896-05:00 DEBUG 46911 --- [flight-booking] [           main] o.h.b.m.internal.AbstractPropertyHolder  : Attempting to locate auto-apply AttributeConverter for property [edu.miu.cs.cs425.backend.domain.entity.Booking.userDetails:phone]
2025-03-14T22:00:28.896-05:00 DEBUG 46911 --- [flight-booking] [           main] o.h.b.model.internal.BasicValueBinder    : building BasicValue for phone
2025-03-14T22:00:28.897-05:00 DEBUG 46911 --- [flight-booking] [           main] org.hibernate.mapping.BasicValue         : Skipping column re-registration: bookings.phone
2025-03-14T22:00:28.897-05:00 DEBUG 46911 --- [flight-booking] [           main] o.h.boot.model.internal.PropertyBinder   : Building property phone
2025-03-14T22:00:28.897-05:00 DEBUG 46911 --- [flight-booking] [           main] o.h.boot.model.internal.PropertyBinder   : Building property userDetails
2025-03-14T22:00:28.898-05:00 DEBUG 46911 --- [flight-booking] [           main] o.h.boot.model.internal.AnnotatedColumn  : Binding column: AnnotatedColumn(column='user_id')
2025-03-14T22:00:28.898-05:00 DEBUG 46911 --- [flight-booking] [           main] o.h.boot.model.internal.PropertyBinder   : MetadataSourceProcessor property userId with lazy=false
2025-03-14T22:00:28.898-05:00 DEBUG 46911 --- [flight-booking] [           main] o.h.b.m.internal.AbstractPropertyHolder  : Attempting to locate auto-apply AttributeConverter for property [edu.miu.cs.cs425.backend.domain.entity.Booking:userId]
2025-03-14T22:00:28.898-05:00 DEBUG 46911 --- [flight-booking] [           main] o.h.b.model.internal.BasicValueBinder    : building BasicValue for userId
2025-03-14T22:00:28.898-05:00 DEBUG 46911 --- [flight-booking] [           main] org.hibernate.mapping.BasicValue         : Skipping column re-registration: bookings.user_id
2025-03-14T22:00:28.898-05:00 DEBUG 46911 --- [flight-booking] [           main] o.h.boot.model.internal.PropertyBinder   : Building property userId
2025-03-14T22:00:28.901-05:00 DEBUG 46911 --- [flight-booking] [           main] o.h.b.r.c.i.ClassLoaderServiceImpl       : HHH000194: Package not found or no package-info.java: edu.miu.cs.cs425.backend.domain.entity
2025-03-14T22:00:28.906-05:00 DEBUG 46911 --- [flight-booking] [           main] e.i.CallbackDefinitionResolverLegacyImpl : Adding onUpdate as PreUpdate callback for entity edu.miu.cs.cs425.backend.domain.entity.Booking
2025-03-14T22:00:28.906-05:00 DEBUG 46911 --- [flight-booking] [           main] e.i.CallbackDefinitionResolverLegacyImpl : Adding onCreate as PrePersist callback for entity edu.miu.cs.cs425.backend.domain.entity.Booking
2025-03-14T22:00:28.907-05:00 DEBUG 46911 --- [flight-booking] [           main] o.h.boot.model.internal.EntityBinder     : Binding entity from annotated class: edu.miu.cs.cs425.backend.domain.entity.Flight
2025-03-14T22:00:28.907-05:00 DEBUG 46911 --- [flight-booking] [           main] o.h.boot.model.internal.EntityBinder     : Import with entity name Flight
2025-03-14T22:00:28.908-05:00 DEBUG 46911 --- [flight-booking] [           main] o.h.boot.model.internal.EntityBinder     : Bind entity edu.miu.cs.cs425.backend.domain.entity.Flight on table flight
2025-03-14T22:00:28.908-05:00 DEBUG 46911 --- [flight-booking] [           main] o.h.boot.model.internal.AnnotatedColumn  : Binding column: AnnotatedDiscriminatorColumn(column='DTYPE')
2025-03-14T22:00:28.911-05:00 DEBUG 46911 --- [flight-booking] [           main] o.h.boot.model.internal.AnnotatedColumn  : Binding column: AnnotatedColumn()
2025-03-14T22:00:28.912-05:00 DEBUG 46911 --- [flight-booking] [           main] o.h.boot.internal.ClassLoaderAccessImpl  : Not known whether passed class name [edu.miu.cs.cs425.backend.domain.entity.Flight] is safe
2025-03-14T22:00:28.912-05:00 DEBUG 46911 --- [flight-booking] [           main] o.h.boot.internal.ClassLoaderAccessImpl  : No temp ClassLoader provided; using live ClassLoader for loading potentially unsafe class : edu.miu.cs.cs425.backend.domain.entity.Flight
2025-03-14T22:00:28.912-05:00 DEBUG 46911 --- [flight-booking] [           main] o.h.boot.model.internal.PropertyBinder   : MetadataSourceProcessor property id with lazy=false
2025-03-14T22:00:28.912-05:00 DEBUG 46911 --- [flight-booking] [           main] o.h.b.m.internal.AbstractPropertyHolder  : Attempting to locate auto-apply AttributeConverter for property [edu.miu.cs.cs425.backend.domain.entity.Flight:id]
2025-03-14T22:00:28.912-05:00 DEBUG 46911 --- [flight-booking] [           main] o.h.b.model.internal.BasicValueBinder    : building BasicValue for id
2025-03-14T22:00:28.912-05:00 DEBUG 46911 --- [flight-booking] [           main] org.hibernate.mapping.BasicValue         : Skipping column re-registration: flight.id
2025-03-14T22:00:28.913-05:00 DEBUG 46911 --- [flight-booking] [           main] o.h.boot.model.internal.PropertyBinder   : Building property id
2025-03-14T22:00:28.913-05:00 DEBUG 46911 --- [flight-booking] [           main] o.h.boot.model.internal.AnnotatedColumn  : Binding column: AnnotatedJoinColumn()
2025-03-14T22:00:28.914-05:00 DEBUG 46911 --- [flight-booking] [           main] o.h.boot.model.internal.AnnotatedColumn  : Binding column: AnnotatedColumn()
2025-03-14T22:00:28.921-05:00 DEBUG 46911 --- [flight-booking] [           main] o.h.boot.model.internal.PropertyBinder   : Building property airline
2025-03-14T22:00:28.923-05:00 DEBUG 46911 --- [flight-booking] [           main] o.h.boot.model.internal.AnnotatedColumn  : Binding column: AnnotatedColumn()
2025-03-14T22:00:28.923-05:00 DEBUG 46911 --- [flight-booking] [           main] o.h.boot.model.internal.PropertyBinder   : MetadataSourceProcessor property arrival with lazy=false
2025-03-14T22:00:28.923-05:00 DEBUG 46911 --- [flight-booking] [           main] o.h.b.m.internal.AbstractPropertyHolder  : Attempting to locate auto-apply AttributeConverter for property [edu.miu.cs.cs425.backend.domain.entity.Flight:arrival]
2025-03-14T22:00:28.923-05:00 DEBUG 46911 --- [flight-booking] [           main] o.h.b.model.internal.BasicValueBinder    : building BasicValue for arrival
2025-03-14T22:00:28.923-05:00 DEBUG 46911 --- [flight-booking] [           main] org.hibernate.mapping.BasicValue         : Skipping column re-registration: flight.arrival
2025-03-14T22:00:28.923-05:00 DEBUG 46911 --- [flight-booking] [           main] o.h.boot.model.internal.PropertyBinder   : Building property arrival
2025-03-14T22:00:28.924-05:00 DEBUG 46911 --- [flight-booking] [           main] o.h.boot.model.internal.AnnotatedColumn  : Binding column: AnnotatedColumn()
2025-03-14T22:00:28.924-05:00 DEBUG 46911 --- [flight-booking] [           main] o.h.boot.model.internal.PropertyBinder   : MetadataSourceProcessor property departure with lazy=false
2025-03-14T22:00:28.924-05:00 DEBUG 46911 --- [flight-booking] [           main] o.h.b.m.internal.AbstractPropertyHolder  : Attempting to locate auto-apply AttributeConverter for property [edu.miu.cs.cs425.backend.domain.entity.Flight:departure]
2025-03-14T22:00:28.924-05:00 DEBUG 46911 --- [flight-booking] [           main] o.h.b.model.internal.BasicValueBinder    : building BasicValue for departure
2025-03-14T22:00:28.924-05:00 DEBUG 46911 --- [flight-booking] [           main] org.hibernate.mapping.BasicValue         : Skipping column re-registration: flight.departure
2025-03-14T22:00:28.924-05:00 DEBUG 46911 --- [flight-booking] [           main] o.h.boot.model.internal.PropertyBinder   : Building property departure
2025-03-14T22:00:28.924-05:00 DEBUG 46911 --- [flight-booking] [           main] o.h.boot.model.internal.AnnotatedColumn  : Binding column: AnnotatedJoinColumn()
2025-03-14T22:00:28.925-05:00 DEBUG 46911 --- [flight-booking] [           main] o.h.boot.model.internal.AnnotatedColumn  : Binding column: AnnotatedColumn()
2025-03-14T22:00:28.925-05:00 DEBUG 46911 --- [flight-booking] [           main] o.h.boot.model.internal.PropertyBinder   : Building property destination
2025-03-14T22:00:28.925-05:00 DEBUG 46911 --- [flight-booking] [           main] o.h.boot.model.internal.AnnotatedColumn  : Binding column: AnnotatedColumn()
2025-03-14T22:00:28.925-05:00 DEBUG 46911 --- [flight-booking] [           main] o.h.boot.model.internal.PropertyBinder   : MetadataSourceProcessor property duration with lazy=false
2025-03-14T22:00:28.925-05:00 DEBUG 46911 --- [flight-booking] [           main] o.h.b.m.internal.AbstractPropertyHolder  : Attempting to locate auto-apply AttributeConverter for property [edu.miu.cs.cs425.backend.domain.entity.Flight:duration]
2025-03-14T22:00:28.925-05:00 DEBUG 46911 --- [flight-booking] [           main] o.h.b.model.internal.BasicValueBinder    : building BasicValue for duration
2025-03-14T22:00:28.926-05:00 DEBUG 46911 --- [flight-booking] [           main] org.hibernate.mapping.BasicValue         : Skipping column re-registration: flight.duration
2025-03-14T22:00:28.926-05:00 DEBUG 46911 --- [flight-booking] [           main] o.h.boot.model.internal.PropertyBinder   : Building property duration
2025-03-14T22:00:28.926-05:00 DEBUG 46911 --- [flight-booking] [           main] o.h.boot.model.internal.AnnotatedColumn  : Binding column: AnnotatedColumn()
2025-03-14T22:00:28.926-05:00 DEBUG 46911 --- [flight-booking] [           main] o.h.boot.model.internal.PropertyBinder   : MetadataSourceProcessor property flightNumber with lazy=false
2025-03-14T22:00:28.927-05:00 DEBUG 46911 --- [flight-booking] [           main] o.h.b.m.internal.AbstractPropertyHolder  : Attempting to locate auto-apply AttributeConverter for property [edu.miu.cs.cs425.backend.domain.entity.Flight:flightNumber]
2025-03-14T22:00:28.927-05:00 DEBUG 46911 --- [flight-booking] [           main] o.h.b.model.internal.BasicValueBinder    : building BasicValue for flightNumber
2025-03-14T22:00:28.927-05:00 DEBUG 46911 --- [flight-booking] [           main] org.hibernate.mapping.BasicValue         : Skipping column re-registration: flight.flight_number
2025-03-14T22:00:28.927-05:00 DEBUG 46911 --- [flight-booking] [           main] o.h.boot.model.internal.PropertyBinder   : Building property flightNumber
2025-03-14T22:00:28.927-05:00 DEBUG 46911 --- [flight-booking] [           main] o.h.boot.model.internal.AnnotatedColumn  : Binding column: AnnotatedJoinColumn()
2025-03-14T22:00:28.928-05:00 DEBUG 46911 --- [flight-booking] [           main] o.h.boot.model.internal.AnnotatedColumn  : Binding column: AnnotatedColumn()
2025-03-14T22:00:28.928-05:00 DEBUG 46911 --- [flight-booking] [           main] o.h.boot.model.internal.PropertyBinder   : Building property origin
2025-03-14T22:00:28.928-05:00 DEBUG 46911 --- [flight-booking] [           main] o.h.boot.model.internal.AnnotatedColumn  : Binding column: AnnotatedColumn()
2025-03-14T22:00:28.928-05:00 DEBUG 46911 --- [flight-booking] [           main] o.h.boot.model.internal.PropertyBinder   : MetadataSourceProcessor property price with lazy=false
2025-03-14T22:00:28.928-05:00 DEBUG 46911 --- [flight-booking] [           main] o.h.b.m.internal.AbstractPropertyHolder  : Attempting to locate auto-apply AttributeConverter for property [edu.miu.cs.cs425.backend.domain.entity.Flight:price]
2025-03-14T22:00:28.928-05:00 DEBUG 46911 --- [flight-booking] [           main] o.h.b.model.internal.BasicValueBinder    : building BasicValue for price
2025-03-14T22:00:28.928-05:00 DEBUG 46911 --- [flight-booking] [           main] org.hibernate.mapping.BasicValue         : Skipping column re-registration: flight.price
2025-03-14T22:00:28.928-05:00 DEBUG 46911 --- [flight-booking] [           main] o.h.boot.model.internal.PropertyBinder   : Building property price
2025-03-14T22:00:28.929-05:00 DEBUG 46911 --- [flight-booking] [           main] o.h.boot.model.internal.AnnotatedColumn  : Binding column: AnnotatedColumn()
2025-03-14T22:00:28.932-05:00 DEBUG 46911 --- [flight-booking] [           main] o.h.boot.model.internal.PropertyBinder   : MetadataSourceProcessor property seatsAvailable with lazy=false
2025-03-14T22:00:28.932-05:00 DEBUG 46911 --- [flight-booking] [           main] o.h.b.m.internal.AbstractPropertyHolder  : Attempting to locate auto-apply AttributeConverter for property [edu.miu.cs.cs425.backend.domain.entity.Flight:seatsAvailable]
2025-03-14T22:00:28.932-05:00 DEBUG 46911 --- [flight-booking] [           main] o.h.b.model.internal.BasicValueBinder    : building BasicValue for seatsAvailable
2025-03-14T22:00:28.933-05:00 DEBUG 46911 --- [flight-booking] [           main] org.hibernate.mapping.BasicValue         : Skipping column re-registration: flight.seats_available
2025-03-14T22:00:28.933-05:00 DEBUG 46911 --- [flight-booking] [           main] o.h.boot.model.internal.PropertyBinder   : Building property seatsAvailable
2025-03-14T22:00:28.934-05:00 DEBUG 46911 --- [flight-booking] [           main] o.h.b.r.c.i.ClassLoaderServiceImpl       : HHH000194: Package not found or no package-info.java: edu.miu.cs.cs425.backend.domain.entity
2025-03-14T22:00:28.935-05:00 DEBUG 46911 --- [flight-booking] [           main] o.h.boot.model.internal.EntityBinder     : Binding entity from annotated class: edu.miu.cs.cs425.backend.domain.entity.FlightLeg
2025-03-14T22:00:28.935-05:00 DEBUG 46911 --- [flight-booking] [           main] o.h.boot.model.internal.EntityBinder     : Import with entity name FlightLeg
2025-03-14T22:00:28.935-05:00 DEBUG 46911 --- [flight-booking] [           main] o.h.boot.model.internal.EntityBinder     : Bind entity edu.miu.cs.cs425.backend.domain.entity.FlightLeg on table flight_legs
2025-03-14T22:00:28.937-05:00 DEBUG 46911 --- [flight-booking] [           main] o.h.boot.model.internal.AnnotatedColumn  : Binding column: AnnotatedDiscriminatorColumn(column='DTYPE')
2025-03-14T22:00:28.940-05:00 DEBUG 46911 --- [flight-booking] [           main] o.h.boot.model.internal.AnnotatedColumn  : Binding column: AnnotatedColumn()
2025-03-14T22:00:28.941-05:00 DEBUG 46911 --- [flight-booking] [           main] o.h.boot.internal.ClassLoaderAccessImpl  : Not known whether passed class name [edu.miu.cs.cs425.backend.domain.entity.FlightLeg] is safe
2025-03-14T22:00:28.941-05:00 DEBUG 46911 --- [flight-booking] [           main] o.h.boot.internal.ClassLoaderAccessImpl  : No temp ClassLoader provided; using live ClassLoader for loading potentially unsafe class : edu.miu.cs.cs425.backend.domain.entity.FlightLeg
2025-03-14T22:00:28.941-05:00 DEBUG 46911 --- [flight-booking] [           main] o.h.boot.model.internal.PropertyBinder   : MetadataSourceProcessor property id with lazy=false
2025-03-14T22:00:28.941-05:00 DEBUG 46911 --- [flight-booking] [           main] o.h.b.m.internal.AbstractPropertyHolder  : Attempting to locate auto-apply AttributeConverter for property [edu.miu.cs.cs425.backend.domain.entity.FlightLeg:id]
2025-03-14T22:00:28.941-05:00 DEBUG 46911 --- [flight-booking] [           main] o.h.b.model.internal.BasicValueBinder    : building BasicValue for id
2025-03-14T22:00:28.941-05:00 DEBUG 46911 --- [flight-booking] [           main] org.hibernate.mapping.BasicValue         : Skipping column re-registration: flight_legs.id
2025-03-14T22:00:28.941-05:00 DEBUG 46911 --- [flight-booking] [           main] o.h.boot.model.internal.PropertyBinder   : Building property id
2025-03-14T22:00:28.941-05:00 DEBUG 46911 --- [flight-booking] [           main] o.h.boot.model.internal.BinderHelper     : #makeIdGenerator(BasicValue([Column(id)]), id, identity, , ...)
2025-03-14T22:00:28.942-05:00 DEBUG 46911 --- [flight-booking] [           main] o.h.boot.model.internal.AnnotatedColumn  : Binding column: AnnotatedJoinColumn(column='flight_id')
2025-03-14T22:00:28.942-05:00 DEBUG 46911 --- [flight-booking] [           main] o.h.boot.model.internal.AnnotatedColumn  : Binding column: AnnotatedColumn()
2025-03-14T22:00:28.942-05:00 DEBUG 46911 --- [flight-booking] [           main] o.h.boot.model.internal.PropertyBinder   : Building property flight
2025-03-14T22:00:28.942-05:00 DEBUG 46911 --- [flight-booking] [           main] o.h.boot.model.internal.AnnotatedColumn  : Binding column: AnnotatedColumn()
2025-03-14T22:00:28.942-05:00 DEBUG 46911 --- [flight-booking] [           main] o.h.boot.model.internal.PropertyBinder   : MetadataSourceProcessor property legNumber with lazy=false
2025-03-14T22:00:28.943-05:00 DEBUG 46911 --- [flight-booking] [           main] o.h.b.m.internal.AbstractPropertyHolder  : Attempting to locate auto-apply AttributeConverter for property [edu.miu.cs.cs425.backend.domain.entity.FlightLeg:legNumber]
2025-03-14T22:00:28.947-05:00 DEBUG 46911 --- [flight-booking] [           main] o.h.b.model.internal.BasicValueBinder    : building BasicValue for legNumber
2025-03-14T22:00:28.947-05:00 DEBUG 46911 --- [flight-booking] [           main] org.hibernate.mapping.BasicValue         : Skipping column re-registration: flight_legs.leg_number
2025-03-14T22:00:28.948-05:00 DEBUG 46911 --- [flight-booking] [           main] o.h.boot.model.internal.PropertyBinder   : Building property legNumber
2025-03-14T22:00:28.949-05:00 DEBUG 46911 --- [flight-booking] [           main] o.h.b.r.c.i.ClassLoaderServiceImpl       : HHH000194: Package not found or no package-info.java: edu.miu.cs.cs425.backend.domain.entity
2025-03-14T22:00:28.950-05:00 DEBUG 46911 --- [flight-booking] [           main] o.h.boot.model.internal.EntityBinder     : Binding entity from annotated class: edu.miu.cs.cs425.backend.domain.entity.User
2025-03-14T22:00:28.951-05:00 DEBUG 46911 --- [flight-booking] [           main] o.h.boot.model.internal.EntityBinder     : Import with entity name User
2025-03-14T22:00:28.951-05:00 DEBUG 46911 --- [flight-booking] [           main] o.h.boot.model.internal.EntityBinder     : Bind entity edu.miu.cs.cs425.backend.domain.entity.User on table user
2025-03-14T22:00:28.953-05:00 DEBUG 46911 --- [flight-booking] [           main] o.h.boot.model.internal.AnnotatedColumn  : Binding column: AnnotatedDiscriminatorColumn(column='DTYPE')
2025-03-14T22:00:28.954-05:00 DEBUG 46911 --- [flight-booking] [           main] o.h.boot.model.internal.AnnotatedColumn  : Binding column: AnnotatedColumn()
2025-03-14T22:00:28.954-05:00 DEBUG 46911 --- [flight-booking] [           main] o.h.boot.internal.ClassLoaderAccessImpl  : Not known whether passed class name [edu.miu.cs.cs425.backend.domain.entity.User] is safe
2025-03-14T22:00:28.955-05:00 DEBUG 46911 --- [flight-booking] [           main] o.h.boot.internal.ClassLoaderAccessImpl  : No temp ClassLoader provided; using live ClassLoader for loading potentially unsafe class : edu.miu.cs.cs425.backend.domain.entity.User
2025-03-14T22:00:28.955-05:00 DEBUG 46911 --- [flight-booking] [           main] o.h.boot.model.internal.PropertyBinder   : MetadataSourceProcessor property id with lazy=false
2025-03-14T22:00:28.955-05:00 DEBUG 46911 --- [flight-booking] [           main] o.h.b.m.internal.AbstractPropertyHolder  : Attempting to locate auto-apply AttributeConverter for property [edu.miu.cs.cs425.backend.domain.entity.User:id]
2025-03-14T22:00:28.955-05:00 DEBUG 46911 --- [flight-booking] [           main] o.h.b.model.internal.BasicValueBinder    : building BasicValue for id
2025-03-14T22:00:28.955-05:00 DEBUG 46911 --- [flight-booking] [           main] org.hibernate.mapping.BasicValue         : Skipping column re-registration: user.id
2025-03-14T22:00:28.955-05:00 DEBUG 46911 --- [flight-booking] [           main] o.h.boot.model.internal.PropertyBinder   : Building property id
2025-03-14T22:00:28.956-05:00 DEBUG 46911 --- [flight-booking] [           main] o.h.boot.model.internal.AnnotatedColumn  : Binding column: AnnotatedColumn()
2025-03-14T22:00:28.956-05:00 DEBUG 46911 --- [flight-booking] [           main] o.h.boot.model.internal.PropertyBinder   : MetadataSourceProcessor property address with lazy=false
2025-03-14T22:00:28.956-05:00 DEBUG 46911 --- [flight-booking] [           main] o.h.b.m.internal.AbstractPropertyHolder  : Attempting to locate auto-apply AttributeConverter for property [edu.miu.cs.cs425.backend.domain.entity.User:address]
2025-03-14T22:00:28.957-05:00 DEBUG 46911 --- [flight-booking] [           main] o.h.b.model.internal.BasicValueBinder    : building BasicValue for address
2025-03-14T22:00:28.957-05:00 DEBUG 46911 --- [flight-booking] [           main] org.hibernate.mapping.BasicValue         : Skipping column re-registration: user.address
2025-03-14T22:00:28.957-05:00 DEBUG 46911 --- [flight-booking] [           main] o.h.boot.model.internal.PropertyBinder   : Building property address
2025-03-14T22:00:28.957-05:00 DEBUG 46911 --- [flight-booking] [           main] o.h.boot.model.internal.AnnotatedColumn  : Binding column: AnnotatedColumn()
2025-03-14T22:00:28.957-05:00 DEBUG 46911 --- [flight-booking] [           main] o.h.boot.model.internal.PropertyBinder   : MetadataSourceProcessor property avatar with lazy=false
2025-03-14T22:00:28.958-05:00 DEBUG 46911 --- [flight-booking] [           main] o.h.b.m.internal.AbstractPropertyHolder  : Attempting to locate auto-apply AttributeConverter for property [edu.miu.cs.cs425.backend.domain.entity.User:avatar]
2025-03-14T22:00:28.958-05:00 DEBUG 46911 --- [flight-booking] [           main] o.h.b.model.internal.BasicValueBinder    : building BasicValue for avatar
2025-03-14T22:00:28.958-05:00 DEBUG 46911 --- [flight-booking] [           main] org.hibernate.mapping.BasicValue         : Skipping column re-registration: user.avatar
2025-03-14T22:00:28.959-05:00 DEBUG 46911 --- [flight-booking] [           main] o.h.boot.model.internal.PropertyBinder   : Building property avatar
2025-03-14T22:00:28.961-05:00 DEBUG 46911 --- [flight-booking] [           main] o.h.boot.model.internal.AnnotatedColumn  : Binding column: AnnotatedColumn()
2025-03-14T22:00:28.962-05:00 DEBUG 46911 --- [flight-booking] [           main] o.h.boot.model.internal.PropertyBinder   : MetadataSourceProcessor property createdAt with lazy=false
2025-03-14T22:00:28.962-05:00 DEBUG 46911 --- [flight-booking] [           main] o.h.b.m.internal.AbstractPropertyHolder  : Attempting to locate auto-apply AttributeConverter for property [edu.miu.cs.cs425.backend.domain.entity.User:createdAt]
2025-03-14T22:00:28.962-05:00 DEBUG 46911 --- [flight-booking] [           main] o.h.b.model.internal.BasicValueBinder    : building BasicValue for createdAt
2025-03-14T22:00:28.963-05:00 DEBUG 46911 --- [flight-booking] [           main] org.hibernate.mapping.BasicValue         : Skipping column re-registration: user.created_at
2025-03-14T22:00:28.963-05:00 DEBUG 46911 --- [flight-booking] [           main] o.h.boot.model.internal.PropertyBinder   : Building property createdAt
2025-03-14T22:00:28.963-05:00 DEBUG 46911 --- [flight-booking] [           main] o.h.boot.model.internal.AnnotatedColumn  : Binding column: AnnotatedColumn()
2025-03-14T22:00:28.963-05:00 DEBUG 46911 --- [flight-booking] [           main] o.h.boot.model.internal.PropertyBinder   : MetadataSourceProcessor property email with lazy=false
2025-03-14T22:00:28.963-05:00 DEBUG 46911 --- [flight-booking] [           main] o.h.b.m.internal.AbstractPropertyHolder  : Attempting to locate auto-apply AttributeConverter for property [edu.miu.cs.cs425.backend.domain.entity.User:email]
2025-03-14T22:00:28.963-05:00 DEBUG 46911 --- [flight-booking] [           main] o.h.b.model.internal.BasicValueBinder    : building BasicValue for email
2025-03-14T22:00:28.963-05:00 DEBUG 46911 --- [flight-booking] [           main] org.hibernate.mapping.BasicValue         : Skipping column re-registration: user.email
2025-03-14T22:00:28.963-05:00 DEBUG 46911 --- [flight-booking] [           main] o.h.boot.model.internal.PropertyBinder   : Building property email
2025-03-14T22:00:28.964-05:00 DEBUG 46911 --- [flight-booking] [           main] o.h.boot.model.internal.AnnotatedColumn  : Binding column: AnnotatedColumn()
2025-03-14T22:00:28.964-05:00 DEBUG 46911 --- [flight-booking] [           main] o.h.boot.model.internal.PropertyBinder   : MetadataSourceProcessor property name with lazy=false
2025-03-14T22:00:28.965-05:00 DEBUG 46911 --- [flight-booking] [           main] o.h.b.m.internal.AbstractPropertyHolder  : Attempting to locate auto-apply AttributeConverter for property [edu.miu.cs.cs425.backend.domain.entity.User:name]
2025-03-14T22:00:28.965-05:00 DEBUG 46911 --- [flight-booking] [           main] o.h.b.model.internal.BasicValueBinder    : building BasicValue for name
2025-03-14T22:00:28.965-05:00 DEBUG 46911 --- [flight-booking] [           main] org.hibernate.mapping.BasicValue         : Skipping column re-registration: user.name
2025-03-14T22:00:28.965-05:00 DEBUG 46911 --- [flight-booking] [           main] o.h.boot.model.internal.PropertyBinder   : Building property name
2025-03-14T22:00:28.965-05:00 DEBUG 46911 --- [flight-booking] [           main] o.h.boot.model.internal.AnnotatedColumn  : Binding column: AnnotatedColumn()
2025-03-14T22:00:28.965-05:00 DEBUG 46911 --- [flight-booking] [           main] o.h.boot.model.internal.PropertyBinder   : MetadataSourceProcessor property password with lazy=false
2025-03-14T22:00:28.966-05:00 DEBUG 46911 --- [flight-booking] [           main] o.h.b.m.internal.AbstractPropertyHolder  : Attempting to locate auto-apply AttributeConverter for property [edu.miu.cs.cs425.backend.domain.entity.User:password]
2025-03-14T22:00:28.966-05:00 DEBUG 46911 --- [flight-booking] [           main] o.h.b.model.internal.BasicValueBinder    : building BasicValue for password
2025-03-14T22:00:28.966-05:00 DEBUG 46911 --- [flight-booking] [           main] org.hibernate.mapping.BasicValue         : Skipping column re-registration: user.password
2025-03-14T22:00:28.966-05:00 DEBUG 46911 --- [flight-booking] [           main] o.h.boot.model.internal.PropertyBinder   : Building property password
2025-03-14T22:00:28.966-05:00 DEBUG 46911 --- [flight-booking] [           main] o.h.boot.model.internal.AnnotatedColumn  : Binding column: AnnotatedColumn()
2025-03-14T22:00:28.967-05:00 DEBUG 46911 --- [flight-booking] [           main] o.h.boot.model.internal.PropertyBinder   : MetadataSourceProcessor property phone with lazy=false
2025-03-14T22:00:28.967-05:00 DEBUG 46911 --- [flight-booking] [           main] o.h.b.m.internal.AbstractPropertyHolder  : Attempting to locate auto-apply AttributeConverter for property [edu.miu.cs.cs425.backend.domain.entity.User:phone]
2025-03-14T22:00:28.968-05:00 DEBUG 46911 --- [flight-booking] [           main] o.h.b.model.internal.BasicValueBinder    : building BasicValue for phone
2025-03-14T22:00:28.969-05:00 DEBUG 46911 --- [flight-booking] [           main] org.hibernate.mapping.BasicValue         : Skipping column re-registration: user.phone
2025-03-14T22:00:28.969-05:00 DEBUG 46911 --- [flight-booking] [           main] o.h.boot.model.internal.PropertyBinder   : Building property phone
2025-03-14T22:00:28.970-05:00 DEBUG 46911 --- [flight-booking] [           main] o.h.boot.model.internal.AnnotatedColumn  : Binding column: AnnotatedColumn()
2025-03-14T22:00:28.970-05:00 DEBUG 46911 --- [flight-booking] [           main] o.h.boot.model.internal.PropertyBinder   : MetadataSourceProcessor property role with lazy=false
2025-03-14T22:00:28.970-05:00 DEBUG 46911 --- [flight-booking] [           main] o.h.b.m.internal.AbstractPropertyHolder  : Attempting to locate auto-apply AttributeConverter for property [edu.miu.cs.cs425.backend.domain.entity.User:role]
2025-03-14T22:00:28.970-05:00 DEBUG 46911 --- [flight-booking] [           main] o.h.b.model.internal.BasicValueBinder    : building BasicValue for role
2025-03-14T22:00:28.970-05:00 DEBUG 46911 --- [flight-booking] [           main] org.hibernate.mapping.BasicValue         : Skipping column re-registration: user.role
2025-03-14T22:00:28.971-05:00 DEBUG 46911 --- [flight-booking] [           main] o.h.boot.model.internal.PropertyBinder   : Building property role
2025-03-14T22:00:28.971-05:00 DEBUG 46911 --- [flight-booking] [           main] o.h.boot.model.internal.AnnotatedColumn  : Binding column: AnnotatedColumn()
2025-03-14T22:00:28.971-05:00 DEBUG 46911 --- [flight-booking] [           main] o.h.boot.model.internal.PropertyBinder   : MetadataSourceProcessor property updatedAt with lazy=false
2025-03-14T22:00:28.971-05:00 DEBUG 46911 --- [flight-booking] [           main] o.h.b.m.internal.AbstractPropertyHolder  : Attempting to locate auto-apply AttributeConverter for property [edu.miu.cs.cs425.backend.domain.entity.User:updatedAt]
2025-03-14T22:00:28.971-05:00 DEBUG 46911 --- [flight-booking] [           main] o.h.b.model.internal.BasicValueBinder    : building BasicValue for updatedAt
2025-03-14T22:00:28.971-05:00 DEBUG 46911 --- [flight-booking] [           main] org.hibernate.mapping.BasicValue         : Skipping column re-registration: user.updated_at
2025-03-14T22:00:28.971-05:00 DEBUG 46911 --- [flight-booking] [           main] o.h.boot.model.internal.PropertyBinder   : Building property updatedAt
2025-03-14T22:00:28.972-05:00 DEBUG 46911 --- [flight-booking] [           main] o.h.b.r.c.i.ClassLoaderServiceImpl       : HHH000194: Package not found or no package-info.java: edu.miu.cs.cs425.backend.domain.entity
2025-03-14T22:00:28.974-05:00 DEBUG 46911 --- [flight-booking] [           main] o.h.b.model.internal.BasicValueBinder    : Starting `BasicValueBinder#fillSimpleValue` for code
2025-03-14T22:00:28.976-05:00 DEBUG 46911 --- [flight-booking] [           main] o.h.b.model.internal.BasicValueBinder    : Starting `BasicValueBinder#fillSimpleValue` for logoUrl
2025-03-14T22:00:28.977-05:00 DEBUG 46911 --- [flight-booking] [           main] o.h.b.model.internal.BasicValueBinder    : Starting `BasicValueBinder#fillSimpleValue` for name
2025-03-14T22:00:28.977-05:00 DEBUG 46911 --- [flight-booking] [           main] o.h.b.model.internal.BasicValueBinder    : Starting `BasicValueBinder#fillSimpleValue` for iataCode
2025-03-14T22:00:28.977-05:00 DEBUG 46911 --- [flight-booking] [           main] o.h.b.model.internal.BasicValueBinder    : Starting `BasicValueBinder#fillSimpleValue` for city
2025-03-14T22:00:28.977-05:00 DEBUG 46911 --- [flight-booking] [           main] o.h.b.model.internal.BasicValueBinder    : Starting `BasicValueBinder#fillSimpleValue` for country
2025-03-14T22:00:28.977-05:00 DEBUG 46911 --- [flight-booking] [           main] o.h.b.model.internal.BasicValueBinder    : Starting `BasicValueBinder#fillSimpleValue` for name
2025-03-14T22:00:28.977-05:00 DEBUG 46911 --- [flight-booking] [           main] o.h.b.model.internal.BasicValueBinder    : Starting `BasicValueBinder#fillSimpleValue` for id
2025-03-14T22:00:28.977-05:00 DEBUG 46911 --- [flight-booking] [           main] o.h.b.model.internal.BasicValueBinder    : Starting `BasicValueBinder#fillSimpleValue` for createdAt
2025-03-14T22:00:28.977-05:00 DEBUG 46911 --- [flight-booking] [           main] o.h.b.model.internal.BasicValueBinder    : Starting `BasicValueBinder#fillSimpleValue` for fareType
2025-03-14T22:00:28.977-05:00 DEBUG 46911 --- [flight-booking] [           main] o.h.b.model.internal.BasicValueBinder    : Starting `BasicValueBinder#fillSimpleValue` for selectedSeat
2025-03-14T22:00:28.977-05:00 DEBUG 46911 --- [flight-booking] [           main] o.h.b.model.internal.BasicValueBinder    : Starting `BasicValueBinder#fillSimpleValue` for status
2025-03-14T22:00:28.980-05:00 DEBUG 46911 --- [flight-booking] [           main] o.h.b.model.internal.BasicValueBinder    : Starting `BasicValueBinder#fillSimpleValue` for totalPrice
2025-03-14T22:00:28.980-05:00 DEBUG 46911 --- [flight-booking] [           main] o.h.b.model.internal.BasicValueBinder    : Starting `BasicValueBinder#fillSimpleValue` for updatedAt
2025-03-14T22:00:28.980-05:00 DEBUG 46911 --- [flight-booking] [           main] o.h.b.model.internal.BasicValueBinder    : Starting `BasicValueBinder#fillSimpleValue` for address
2025-03-14T22:00:28.980-05:00 DEBUG 46911 --- [flight-booking] [           main] o.h.b.model.internal.BasicValueBinder    : Starting `BasicValueBinder#fillSimpleValue` for email
2025-03-14T22:00:28.980-05:00 DEBUG 46911 --- [flight-booking] [           main] o.h.b.model.internal.BasicValueBinder    : Starting `BasicValueBinder#fillSimpleValue` for firstName
2025-03-14T22:00:28.981-05:00 DEBUG 46911 --- [flight-booking] [           main] o.h.b.model.internal.BasicValueBinder    : Starting `BasicValueBinder#fillSimpleValue` for lastName
2025-03-14T22:00:28.981-05:00 DEBUG 46911 --- [flight-booking] [           main] o.h.b.model.internal.BasicValueBinder    : Starting `BasicValueBinder#fillSimpleValue` for passportNumber
2025-03-14T22:00:28.981-05:00 DEBUG 46911 --- [flight-booking] [           main] o.h.b.model.internal.BasicValueBinder    : Starting `BasicValueBinder#fillSimpleValue` for phone
2025-03-14T22:00:28.981-05:00 DEBUG 46911 --- [flight-booking] [           main] o.h.b.model.internal.BasicValueBinder    : Starting `BasicValueBinder#fillSimpleValue` for userId
2025-03-14T22:00:28.981-05:00 DEBUG 46911 --- [flight-booking] [           main] o.h.b.model.internal.BasicValueBinder    : Starting `BasicValueBinder#fillSimpleValue` for id
2025-03-14T22:00:28.981-05:00 DEBUG 46911 --- [flight-booking] [           main] o.h.b.model.internal.BasicValueBinder    : Starting `BasicValueBinder#fillSimpleValue` for arrival
2025-03-14T22:00:28.981-05:00 DEBUG 46911 --- [flight-booking] [           main] o.h.b.model.internal.BasicValueBinder    : Starting `BasicValueBinder#fillSimpleValue` for departure
2025-03-14T22:00:28.981-05:00 DEBUG 46911 --- [flight-booking] [           main] o.h.b.model.internal.BasicValueBinder    : Starting `BasicValueBinder#fillSimpleValue` for duration
2025-03-14T22:00:28.981-05:00 DEBUG 46911 --- [flight-booking] [           main] o.h.b.model.internal.BasicValueBinder    : Starting `BasicValueBinder#fillSimpleValue` for flightNumber
2025-03-14T22:00:28.981-05:00 DEBUG 46911 --- [flight-booking] [           main] o.h.b.model.internal.BasicValueBinder    : Starting `BasicValueBinder#fillSimpleValue` for price
2025-03-14T22:00:28.981-05:00 DEBUG 46911 --- [flight-booking] [           main] o.h.b.model.internal.BasicValueBinder    : Starting `BasicValueBinder#fillSimpleValue` for seatsAvailable
2025-03-14T22:00:28.981-05:00 DEBUG 46911 --- [flight-booking] [           main] o.h.b.model.internal.BasicValueBinder    : Starting `BasicValueBinder#fillSimpleValue` for id
2025-03-14T22:00:28.981-05:00 DEBUG 46911 --- [flight-booking] [           main] o.h.b.model.internal.BasicValueBinder    : Starting `BasicValueBinder#fillSimpleValue` for legNumber
2025-03-14T22:00:28.981-05:00 DEBUG 46911 --- [flight-booking] [           main] o.h.b.model.internal.BasicValueBinder    : Starting `BasicValueBinder#fillSimpleValue` for id
2025-03-14T22:00:28.981-05:00 DEBUG 46911 --- [flight-booking] [           main] o.h.b.model.internal.BasicValueBinder    : Starting `BasicValueBinder#fillSimpleValue` for address
2025-03-14T22:00:28.981-05:00 DEBUG 46911 --- [flight-booking] [           main] o.h.b.model.internal.BasicValueBinder    : Starting `BasicValueBinder#fillSimpleValue` for avatar
2025-03-14T22:00:28.981-05:00 DEBUG 46911 --- [flight-booking] [           main] o.h.b.model.internal.BasicValueBinder    : Starting `BasicValueBinder#fillSimpleValue` for createdAt
2025-03-14T22:00:28.981-05:00 DEBUG 46911 --- [flight-booking] [           main] o.h.b.model.internal.BasicValueBinder    : Starting `BasicValueBinder#fillSimpleValue` for email
2025-03-14T22:00:28.981-05:00 DEBUG 46911 --- [flight-booking] [           main] o.h.b.model.internal.BasicValueBinder    : Starting `BasicValueBinder#fillSimpleValue` for name
2025-03-14T22:00:28.982-05:00 DEBUG 46911 --- [flight-booking] [           main] o.h.b.model.internal.BasicValueBinder    : Starting `BasicValueBinder#fillSimpleValue` for password
2025-03-14T22:00:28.982-05:00 DEBUG 46911 --- [flight-booking] [           main] o.h.b.model.internal.BasicValueBinder    : Starting `BasicValueBinder#fillSimpleValue` for phone
2025-03-14T22:00:28.982-05:00 DEBUG 46911 --- [flight-booking] [           main] o.h.b.model.internal.BasicValueBinder    : Starting `BasicValueBinder#fillSimpleValue` for role
2025-03-14T22:00:28.982-05:00 DEBUG 46911 --- [flight-booking] [           main] o.h.b.model.internal.BasicValueBinder    : Starting `BasicValueBinder#fillSimpleValue` for updatedAt
2025-03-14T22:00:28.994-05:00 DEBUG 46911 --- [flight-booking] [           main] org.hibernate.mapping.PrimaryKey         : Forcing column [code] to be non-null as it is part of the primary key for table [airline]
2025-03-14T22:00:28.994-05:00 DEBUG 46911 --- [flight-booking] [           main] org.hibernate.mapping.PrimaryKey         : Forcing column [iata_code] to be non-null as it is part of the primary key for table [airport]
2025-03-14T22:00:28.995-05:00 DEBUG 46911 --- [flight-booking] [           main] org.hibernate.mapping.PrimaryKey         : Forcing column [id] to be non-null as it is part of the primary key for table [bookings]
2025-03-14T22:00:28.995-05:00 DEBUG 46911 --- [flight-booking] [           main] org.hibernate.mapping.PrimaryKey         : Forcing column [id] to be non-null as it is part of the primary key for table [flight]
2025-03-14T22:00:28.995-05:00 DEBUG 46911 --- [flight-booking] [           main] org.hibernate.mapping.PrimaryKey         : Forcing column [id] to be non-null as it is part of the primary key for table [flight_legs]
2025-03-14T22:00:28.995-05:00 DEBUG 46911 --- [flight-booking] [           main] org.hibernate.mapping.PrimaryKey         : Forcing column [id] to be non-null as it is part of the primary key for table [user]
2025-03-14T22:00:28.995-05:00 DEBUG 46911 --- [flight-booking] [           main] o.h.b.m.internal.CollectionSecondPass    : Second pass for collection: edu.miu.cs.cs425.backend.domain.entity.Booking.returnFlightLegs
2025-03-14T22:00:28.996-05:00 DEBUG 46911 --- [flight-booking] [           main] o.h.b.model.internal.CollectionBinder    : Binding a OneToMany: edu.miu.cs.cs425.backend.domain.entity.Booking.returnFlightLegs through a foreign key
2025-03-14T22:00:29.001-05:00 DEBUG 46911 --- [flight-booking] [           main] o.h.b.model.internal.CollectionBinder    : Mapping collection: edu.miu.cs.cs425.backend.domain.entity.Booking.returnFlightLegs -> flight_legs
2025-03-14T22:00:29.002-05:00 DEBUG 46911 --- [flight-booking] [           main] o.h.b.m.internal.CollectionSecondPass    : Mapped collection key: booking_id, one-to-many: edu.miu.cs.cs425.backend.domain.entity.FlightLeg
2025-03-14T22:00:29.002-05:00 DEBUG 46911 --- [flight-booking] [           main] o.h.b.m.internal.CollectionSecondPass    : Second pass for collection: edu.miu.cs.cs425.backend.domain.entity.Booking.flightLegs
2025-03-14T22:00:29.002-05:00 DEBUG 46911 --- [flight-booking] [           main] o.h.b.model.internal.CollectionBinder    : Binding a OneToMany: edu.miu.cs.cs425.backend.domain.entity.Booking.flightLegs through a foreign key
2025-03-14T22:00:29.003-05:00 DEBUG 46911 --- [flight-booking] [           main] o.h.b.model.internal.CollectionBinder    : Mapping collection: edu.miu.cs.cs425.backend.domain.entity.Booking.flightLegs -> flight_legs
2025-03-14T22:00:29.003-05:00 DEBUG 46911 --- [flight-booking] [           main] o.h.b.m.internal.CollectionSecondPass    : Mapped collection key: booking_id, one-to-many: edu.miu.cs.cs425.backend.domain.entity.FlightLeg
2025-03-14T22:00:29.147-05:00 DEBUG 46911 --- [flight-booking] [           main] o.hibernate.internal.SessionFactoryImpl  : Building session factory
2025-03-14T22:00:29.249-05:00 DEBUG 46911 --- [flight-booking] [           main] .h.s.i.SessionFactoryServiceRegistryImpl : EventListenerRegistry access via ServiceRegistry is deprecated.  Use `sessionFactory.getEventEngine().getListenerRegistry()` instead
2025-03-14T22:00:29.250-05:00 DEBUG 46911 --- [flight-booking] [           main] o.hibernate.internal.SessionFactoryImpl  : Instantiating SessionFactory with settings: {hibernate.format_sql=true, java.specification.version=23, hibernate.resource.beans.container=org.springframework.orm.hibernate5.SpringBeanContainer@3ba1f56e, hibernate.connection.handling_mode=DELAYED_ACQUISITION_AND_HOLD, sun.jnu.encoding=UTF-8, hibernate.dialect=org.hibernate.dialect.MySQLDialect, hibernate.implicit_naming_strategy=org.springframework.boot.orm.jpa.hibernate.SpringImplicitNamingStrategy, java.class.path=/Users/mercelvubangsi/Documents/MY DOCS/MIU/STUDIES/CS425 SWE/PROJECT/new/backend/target/test-classes:/Users/mercelvubangsi/Documents/MY DOCS/MIU/STUDIES/CS425 SWE/PROJECT/new/backend/target/classes:/Users/mercelvubangsi/.m2/repository/org/springframework/boot/spring-boot-starter-web/3.4.3/spring-boot-starter-web-3.4.3.jar:/Users/mercelvubangsi/.m2/repository/org/springframework/boot/spring-boot-starter/3.4.3/spring-boot-starter-3.4.3.jar:/Users/mercelvubangsi/.m2/repository/org/springframework/boot/spring-boot/3.4.3/spring-boot-3.4.3.jar:/Users/mercelvubangsi/.m2/repository/org/springframework/boot/spring-boot-autoconfigure/3.4.3/spring-boot-autoconfigure-3.4.3.jar:/Users/mercelvubangsi/.m2/repository/org/springframework/boot/spring-boot-starter-logging/3.4.3/spring-boot-starter-logging-3.4.3.jar:/Users/mercelvubangsi/.m2/repository/ch/qos/logback/logback-classic/1.5.16/logback-classic-1.5.16.jar:/Users/mercelvubangsi/.m2/repository/ch/qos/logback/logback-core/1.5.16/logback-core-1.5.16.jar:/Users/mercelvubangsi/.m2/repository/org/apache/logging/log4j/log4j-to-slf4j/2.24.3/log4j-to-slf4j-2.24.3.jar:/Users/mercelvubangsi/.m2/repository/org/apache/logging/log4j/log4j-api/2.24.3/log4j-api-2.24.3.jar:/Users/mercelvubangsi/.m2/repository/org/slf4j/jul-to-slf4j/2.0.16/jul-to-slf4j-2.0.16.jar:/Users/mercelvubangsi/.m2/repository/jakarta/annotation/jakarta.annotation-api/2.1.1/jakarta.annotation-api-2.1.1.jar:/Users/mercelvubangsi/.m2/repository/org/yaml/snakeyaml/2.3/snakeyaml-2.3.jar:/Users/mercelvubangsi/.m2/repository/org/springframework/boot/spring-boot-starter-json/3.4.3/spring-boot-starter-json-3.4.3.jar:/Users/mercelvubangsi/.m2/repository/com/fasterxml/jackson/datatype/jackson-datatype-jdk8/2.18.2/jackson-datatype-jdk8-2.18.2.jar:/Users/mercelvubangsi/.m2/repository/com/fasterxml/jackson/datatype/jackson-datatype-jsr310/2.18.2/jackson-datatype-jsr310-2.18.2.jar:/Users/mercelvubangsi/.m2/repository/com/fasterxml/jackson/module/jackson-module-parameter-names/2.18.2/jackson-module-parameter-names-2.18.2.jar:/Users/mercelvubangsi/.m2/repository/org/springframework/boot/spring-boot-starter-tomcat/3.4.3/spring-boot-starter-tomcat-3.4.3.jar:/Users/mercelvubangsi/.m2/repository/org/apache/tomcat/embed/tomcat-embed-core/10.1.36/tomcat-embed-core-10.1.36.jar:/Users/mercelvubangsi/.m2/repository/org/apache/tomcat/embed/tomcat-embed-websocket/10.1.36/tomcat-embed-websocket-10.1.36.jar:/Users/mercelvubangsi/.m2/repository/org/springframework/spring-web/6.2.3/spring-web-6.2.3.jar:/Users/mercelvubangsi/.m2/repository/org/springframework/spring-beans/6.2.3/spring-beans-6.2.3.jar:/Users/mercelvubangsi/.m2/repository/io/micrometer/micrometer-observation/1.14.4/micrometer-observation-1.14.4.jar:/Users/mercelvubangsi/.m2/repository/io/micrometer/micrometer-commons/1.14.4/micrometer-commons-1.14.4.jar:/Users/mercelvubangsi/.m2/repository/org/springframework/spring-webmvc/6.2.3/spring-webmvc-6.2.3.jar:/Users/mercelvubangsi/.m2/repository/org/springframework/spring-aop/6.2.3/spring-aop-6.2.3.jar:/Users/mercelvubangsi/.m2/repository/org/springframework/spring-context/6.2.3/spring-context-6.2.3.jar:/Users/mercelvubangsi/.m2/repository/org/springframework/spring-expression/6.2.3/spring-expression-6.2.3.jar:/Users/mercelvubangsi/.m2/repository/org/springframework/boot/spring-boot-starter-data-jpa/3.4.3/spring-boot-starter-data-jpa-3.4.3.jar:/Users/mercelvubangsi/.m2/repository/org/springframework/boot/spring-boot-starter-jdbc/3.4.3/spring-boot-starter-jdbc-3.4.3.jar:/Users/mercelvubangsi/.m2/repository/com/zaxxer/HikariCP/5.1.0/HikariCP-5.1.0.jar:/Users/mercelvubangsi/.m2/repository/org/springframework/spring-jdbc/6.2.3/spring-jdbc-6.2.3.jar:/Users/mercelvubangsi/.m2/repository/org/hibernate/orm/hibernate-core/6.6.8.Final/hibernate-core-6.6.8.Final.jar:/Users/mercelvubangsi/.m2/repository/jakarta/persistence/jakarta.persistence-api/3.1.0/jakarta.persistence-api-3.1.0.jar:/Users/mercelvubangsi/.m2/repository/jakarta/transaction/jakarta.transaction-api/2.0.1/jakarta.transaction-api-2.0.1.jar:/Users/mercelvubangsi/.m2/repository/org/jboss/logging/jboss-logging/3.6.1.Final/jboss-logging-3.6.1.Final.jar:/Users/mercelvubangsi/.m2/repository/org/hibernate/common/hibernate-commons-annotations/7.0.3.Final/hibernate-commons-annotations-7.0.3.Final.jar:/Users/mercelvubangsi/.m2/repository/io/smallrye/jandex/3.2.0/jandex-3.2.0.jar:/Users/mercelvubangsi/.m2/repository/com/fasterxml/classmate/1.7.0/classmate-1.7.0.jar:/Users/mercelvubangsi/.m2/repository/net/bytebuddy/byte-buddy/1.15.11/byte-buddy-1.15.11.jar:/Users/mercelvubangsi/.m2/repository/org/glassfish/jaxb/jaxb-runtime/4.0.5/jaxb-runtime-4.0.5.jar:/Users/mercelvubangsi/.m2/repository/org/glassfish/jaxb/jaxb-core/4.0.5/jaxb-core-4.0.5.jar:/Users/mercelvubangsi/.m2/repository/org/eclipse/angus/angus-activation/2.0.2/angus-activation-2.0.2.jar:/Users/mercelvubangsi/.m2/repository/org/glassfish/jaxb/txw2/4.0.5/txw2-4.0.5.jar:/Users/mercelvubangsi/.m2/repository/com/sun/istack/istack-commons-runtime/4.1.2/istack-commons-runtime-4.1.2.jar:/Users/mercelvubangsi/.m2/repository/jakarta/inject/jakarta.inject-api/2.0.1/jakarta.inject-api-2.0.1.jar:/Users/mercelvubangsi/.m2/repository/org/antlr/antlr4-runtime/4.13.0/antlr4-runtime-4.13.0.jar:/Users/mercelvubangsi/.m2/repository/org/springframework/data/spring-data-jpa/3.4.3/spring-data-jpa-3.4.3.jar:/Users/mercelvubangsi/.m2/repository/org/springframework/data/spring-data-commons/3.4.3/spring-data-commons-3.4.3.jar:/Users/mercelvubangsi/.m2/repository/org/springframework/spring-orm/6.2.3/spring-orm-6.2.3.jar:/Users/mercelvubangsi/.m2/repository/org/springframework/spring-tx/6.2.3/spring-tx-6.2.3.jar:/Users/mercelvubangsi/.m2/repository/org/slf4j/slf4j-api/2.0.16/slf4j-api-2.0.16.jar:/Users/mercelvubangsi/.m2/repository/org/springframework/spring-aspects/6.2.3/spring-aspects-6.2.3.jar:/Users/mercelvubangsi/.m2/repository/org/aspectj/aspectjweaver/1.9.22.1/aspectjweaver-1.9.22.1.jar:/Users/mercelvubangsi/.m2/repository/com/mysql/mysql-connector-j/8.0.33/mysql-connector-j-8.0.33.jar:/Users/mercelvubangsi/.m2/repository/com/auth0/java-jwt/4.4.0/java-jwt-4.4.0.jar:/Users/mercelvubangsi/.m2/repository/com/fasterxml/jackson/core/jackson-databind/2.18.2/jackson-databind-2.18.2.jar:/Users/mercelvubangsi/.m2/repository/com/fasterxml/jackson/core/jackson-annotations/2.18.2/jackson-annotations-2.18.2.jar:/Users/mercelvubangsi/.m2/repository/com/fasterxml/jackson/core/jackson-core/2.18.2/jackson-core-2.18.2.jar:/Users/mercelvubangsi/.m2/repository/org/springframework/boot/spring-boot-starter-validation/3.4.3/spring-boot-starter-validation-3.4.3.jar:/Users/mercelvubangsi/.m2/repository/org/apache/tomcat/embed/tomcat-embed-el/10.1.36/tomcat-embed-el-10.1.36.jar:/Users/mercelvubangsi/.m2/repository/org/hibernate/validator/hibernate-validator/8.0.2.Final/hibernate-validator-8.0.2.Final.jar:/Users/mercelvubangsi/.m2/repository/jakarta/validation/jakarta.validation-api/3.0.2/jakarta.validation-api-3.0.2.jar:/Users/mercelvubangsi/.m2/repository/org/springdoc/springdoc-openapi-starter-webmvc-ui/2.6.0/springdoc-openapi-starter-webmvc-ui-2.6.0.jar:/Users/mercelvubangsi/.m2/repository/org/springdoc/springdoc-openapi-starter-webmvc-api/2.6.0/springdoc-openapi-starter-webmvc-api-2.6.0.jar:/Users/mercelvubangsi/.m2/repository/org/springdoc/springdoc-openapi-starter-common/2.6.0/springdoc-openapi-starter-common-2.6.0.jar:/Users/mercelvubangsi/.m2/repository/io/swagger/core/v3/swagger-core-jakarta/2.2.22/swagger-core-jakarta-2.2.22.jar:/Users/mercelvubangsi/.m2/repository/org/apache/commons/commons-lang3/3.17.0/commons-lang3-3.17.0.jar:/Users/mercelvubangsi/.m2/repository/io/swagger/core/v3/swagger-annotations-jakarta/2.2.22/swagger-annotations-jakarta-2.2.22.jar:/Users/mercelvubangsi/.m2/repository/io/swagger/core/v3/swagger-models-jakarta/2.2.22/swagger-models-jakarta-2.2.22.jar:/Users/mercelvubangsi/.m2/repository/com/fasterxml/jackson/dataformat/jackson-dataformat-yaml/2.18.2/jackson-dataformat-yaml-2.18.2.jar:/Users/mercelvubangsi/.m2/repository/org/webjars/swagger-ui/5.17.14/swagger-ui-5.17.14.jar:/Users/mercelvubangsi/.m2/repository/org/mindrot/jbcrypt/0.4/jbcrypt-0.4.jar:/Users/mercelvubangsi/.m2/repository/org/projectlombok/lombok/1.18.36/lombok-1.18.36.jar:/Users/mercelvubangsi/.m2/repository/org/springframework/boot/spring-boot-starter-test/3.4.3/spring-boot-starter-test-3.4.3.jar:/Users/mercelvubangsi/.m2/repository/org/springframework/boot/spring-boot-test/3.4.3/spring-boot-test-3.4.3.jar:/Users/mercelvubangsi/.m2/repository/org/springframework/boot/spring-boot-test-autoconfigure/3.4.3/spring-boot-test-autoconfigure-3.4.3.jar:/Users/mercelvubangsi/.m2/repository/com/jayway/jsonpath/json-path/2.9.0/json-path-2.9.0.jar:/Users/mercelvubangsi/.m2/repository/jakarta/xml/bind/jakarta.xml.bind-api/4.0.2/jakarta.xml.bind-api-4.0.2.jar:/Users/mercelvubangsi/.m2/repository/jakarta/activation/jakarta.activation-api/2.1.3/jakarta.activation-api-2.1.3.jar:/Users/mercelvubangsi/.m2/repository/net/minidev/json-smart/2.5.2/json-smart-2.5.2.jar:/Users/mercelvubangsi/.m2/repository/net/minidev/accessors-smart/2.5.2/accessors-smart-2.5.2.jar:/Users/mercelvubangsi/.m2/repository/org/ow2/asm/asm/9.7.1/asm-9.7.1.jar:/Users/mercelvubangsi/.m2/repository/org/assertj/assertj-core/3.26.3/assertj-core-3.26.3.jar:/Users/mercelvubangsi/.m2/repository/org/awaitility/awaitility/4.2.2/awaitility-4.2.2.jar:/Users/mercelvubangsi/.m2/repository/org/hamcrest/hamcrest/2.2/hamcrest-2.2.jar:/Users/mercelvubangsi/.m2/repository/org/junit/jupiter/junit-jupiter/5.11.4/junit-jupiter-5.11.4.jar:/Users/mercelvubangsi/.m2/repository/org/junit/jupiter/junit-jupiter-api/5.11.4/junit-jupiter-api-5.11.4.jar:/Users/mercelvubangsi/.m2/repository/org/opentest4j/opentest4j/1.3.0/opentest4j-1.3.0.jar:/Users/mercelvubangsi/.m2/repository/org/junit/platform/junit-platform-commons/1.11.4/junit-platform-commons-1.11.4.jar:/Users/mercelvubangsi/.m2/repository/org/apiguardian/apiguardian-api/1.1.2/apiguardian-api-1.1.2.jar:/Users/mercelvubangsi/.m2/repository/org/junit/jupiter/junit-jupiter-params/5.11.4/junit-jupiter-params-5.11.4.jar:/Users/mercelvubangsi/.m2/repository/org/junit/jupiter/junit-jupiter-engine/5.11.4/junit-jupiter-engine-5.11.4.jar:/Users/mercelvubangsi/.m2/repository/org/junit/platform/junit-platform-engine/1.11.4/junit-platform-engine-1.11.4.jar:/Users/mercelvubangsi/.m2/repository/org/mockito/mockito-core/5.14.2/mockito-core-5.14.2.jar:/Users/mercelvubangsi/.m2/repository/net/bytebuddy/byte-buddy-agent/1.15.11/byte-buddy-agent-1.15.11.jar:/Users/mercelvubangsi/.m2/repository/org/objenesis/objenesis/3.3/objenesis-3.3.jar:/Users/mercelvubangsi/.m2/repository/org/mockito/mockito-junit-jupiter/5.14.2/mockito-junit-jupiter-5.14.2.jar:/Users/mercelvubangsi/.m2/repository/org/skyscreamer/jsonassert/1.5.3/jsonassert-1.5.3.jar:/Users/mercelvubangsi/.m2/repository/com/vaadin/external/google/android-json/0.0.20131108.vaadin1/android-json-0.0.20131108.vaadin1.jar:/Users/mercelvubangsi/.m2/repository/org/springframework/spring-core/6.2.3/spring-core-6.2.3.jar:/Users/mercelvubangsi/.m2/repository/org/springframework/spring-jcl/6.2.3/spring-jcl-6.2.3.jar:/Users/mercelvubangsi/.m2/repository/org/springframework/spring-test/6.2.3/spring-test-6.2.3.jar:/Users/mercelvubangsi/.m2/repository/org/xmlunit/xmlunit-core/2.10.0/xmlunit-core-2.10.0.jar:, java.vm.vendor=Homebrew, sun.arch.data.model=64, java.vendor.url=https://github.com/Homebrew/homebrew-core/issues, user.timezone=America/Chicago, jakarta.persistence.sharedCache.mode=UNSPECIFIED, org.jboss.logging.provider=slf4j, os.name=Mac OS X, java.vm.specification.version=23, APPLICATION_NAME=flight-booking, jakarta.persistence.nonJtaDataSource=HikariDataSource (HikariPool-1), sun.java.launcher=SUN_STANDARD, user.country=US, sun.boot.library.path=/usr/local/Cellar/openjdk/23.0.1/libexec/openjdk.jdk/Contents/Home/lib, sun.java.command=/Users/mercelvubangsi/Documents/MY DOCS/MIU/STUDIES/CS425 SWE/PROJECT/new/backend/target/surefire/surefirebooter-20250314220019991_3.jar /Users/mercelvubangsi/Documents/MY DOCS/MIU/STUDIES/CS425 SWE/PROJECT/new/backend/target/surefire 2025-03-14T22-00-19_835-jvmRun1 surefire-20250314220019991_1tmp surefire_0-20250314220019991_2tmp, javax.persistence.nonJtaDataSource=HikariDataSource (HikariPool-1), hibernate.transaction.jta.platform=org.hibernate.engine.transaction.jta.platform.internal.NoJtaPlatform@56a9b662, http.nonProxyHosts=local|*.local|169.254/16|*.169.254/16, jdk.debug=release, surefire.test.class.path=/Users/mercelvubangsi/Documents/MY DOCS/MIU/STUDIES/CS425 SWE/PROJECT/new/backend/target/test-classes:/Users/mercelvubangsi/Documents/MY DOCS/MIU/STUDIES/CS425 SWE/PROJECT/new/backend/target/classes:/Users/mercelvubangsi/.m2/repository/org/springframework/boot/spring-boot-starter-web/3.4.3/spring-boot-starter-web-3.4.3.jar:/Users/mercelvubangsi/.m2/repository/org/springframework/boot/spring-boot-starter/3.4.3/spring-boot-starter-3.4.3.jar:/Users/mercelvubangsi/.m2/repository/org/springframework/boot/spring-boot/3.4.3/spring-boot-3.4.3.jar:/Users/mercelvubangsi/.m2/repository/org/springframework/boot/spring-boot-autoconfigure/3.4.3/spring-boot-autoconfigure-3.4.3.jar:/Users/mercelvubangsi/.m2/repository/org/springframework/boot/spring-boot-starter-logging/3.4.3/spring-boot-starter-logging-3.4.3.jar:/Users/mercelvubangsi/.m2/repository/ch/qos/logback/logback-classic/1.5.16/logback-classic-1.5.16.jar:/Users/mercelvubangsi/.m2/repository/ch/qos/logback/logback-core/1.5.16/logback-core-1.5.16.jar:/Users/mercelvubangsi/.m2/repository/org/apache/logging/log4j/log4j-to-slf4j/2.24.3/log4j-to-slf4j-2.24.3.jar:/Users/mercelvubangsi/.m2/repository/org/apache/logging/log4j/log4j-api/2.24.3/log4j-api-2.24.3.jar:/Users/mercelvubangsi/.m2/repository/org/slf4j/jul-to-slf4j/2.0.16/jul-to-slf4j-2.0.16.jar:/Users/mercelvubangsi/.m2/repository/jakarta/annotation/jakarta.annotation-api/2.1.1/jakarta.annotation-api-2.1.1.jar:/Users/mercelvubangsi/.m2/repository/org/yaml/snakeyaml/2.3/snakeyaml-2.3.jar:/Users/mercelvubangsi/.m2/repository/org/springframework/boot/spring-boot-starter-json/3.4.3/spring-boot-starter-json-3.4.3.jar:/Users/mercelvubangsi/.m2/repository/com/fasterxml/jackson/datatype/jackson-datatype-jdk8/2.18.2/jackson-datatype-jdk8-2.18.2.jar:/Users/mercelvubangsi/.m2/repository/com/fasterxml/jackson/datatype/jackson-datatype-jsr310/2.18.2/jackson-datatype-jsr310-2.18.2.jar:/Users/mercelvubangsi/.m2/repository/com/fasterxml/jackson/module/jackson-module-parameter-names/2.18.2/jackson-module-parameter-names-2.18.2.jar:/Users/mercelvubangsi/.m2/repository/org/springframework/boot/spring-boot-starter-tomcat/3.4.3/spring-boot-starter-tomcat-3.4.3.jar:/Users/mercelvubangsi/.m2/repository/org/apache/tomcat/embed/tomcat-embed-core/10.1.36/tomcat-embed-core-10.1.36.jar:/Users/mercelvubangsi/.m2/repository/org/apache/tomcat/embed/tomcat-embed-websocket/10.1.36/tomcat-embed-websocket-10.1.36.jar:/Users/mercelvubangsi/.m2/repository/org/springframework/spring-web/6.2.3/spring-web-6.2.3.jar:/Users/mercelvubangsi/.m2/repository/org/springframework/spring-beans/6.2.3/spring-beans-6.2.3.jar:/Users/mercelvubangsi/.m2/repository/io/micrometer/micrometer-observation/1.14.4/micrometer-observation-1.14.4.jar:/Users/mercelvubangsi/.m2/repository/io/micrometer/micrometer-commons/1.14.4/micrometer-commons-1.14.4.jar:/Users/mercelvubangsi/.m2/repository/org/springframework/spring-webmvc/6.2.3/spring-webmvc-6.2.3.jar:/Users/mercelvubangsi/.m2/repository/org/springframework/spring-aop/6.2.3/spring-aop-6.2.3.jar:/Users/mercelvubangsi/.m2/repository/org/springframework/spring-context/6.2.3/spring-context-6.2.3.jar:/Users/mercelvubangsi/.m2/repository/org/springframework/spring-expression/6.2.3/spring-expression-6.2.3.jar:/Users/mercelvubangsi/.m2/repository/org/springframework/boot/spring-boot-starter-data-jpa/3.4.3/spring-boot-starter-data-jpa-3.4.3.jar:/Users/mercelvubangsi/.m2/repository/org/springframework/boot/spring-boot-starter-jdbc/3.4.3/spring-boot-starter-jdbc-3.4.3.jar:/Users/mercelvubangsi/.m2/repository/com/zaxxer/HikariCP/5.1.0/HikariCP-5.1.0.jar:/Users/mercelvubangsi/.m2/repository/org/springframework/spring-jdbc/6.2.3/spring-jdbc-6.2.3.jar:/Users/mercelvubangsi/.m2/repository/org/hibernate/orm/hibernate-core/6.6.8.Final/hibernate-core-6.6.8.Final.jar:/Users/mercelvubangsi/.m2/repository/jakarta/persistence/jakarta.persistence-api/3.1.0/jakarta.persistence-api-3.1.0.jar:/Users/mercelvubangsi/.m2/repository/jakarta/transaction/jakarta.transaction-api/2.0.1/jakarta.transaction-api-2.0.1.jar:/Users/mercelvubangsi/.m2/repository/org/jboss/logging/jboss-logging/3.6.1.Final/jboss-logging-3.6.1.Final.jar:/Users/mercelvubangsi/.m2/repository/org/hibernate/common/hibernate-commons-annotations/7.0.3.Final/hibernate-commons-annotations-7.0.3.Final.jar:/Users/mercelvubangsi/.m2/repository/io/smallrye/jandex/3.2.0/jandex-3.2.0.jar:/Users/mercelvubangsi/.m2/repository/com/fasterxml/classmate/1.7.0/classmate-1.7.0.jar:/Users/mercelvubangsi/.m2/repository/net/bytebuddy/byte-buddy/1.15.11/byte-buddy-1.15.11.jar:/Users/mercelvubangsi/.m2/repository/org/glassfish/jaxb/jaxb-runtime/4.0.5/jaxb-runtime-4.0.5.jar:/Users/mercelvubangsi/.m2/repository/org/glassfish/jaxb/jaxb-core/4.0.5/jaxb-core-4.0.5.jar:/Users/mercelvubangsi/.m2/repository/org/eclipse/angus/angus-activation/2.0.2/angus-activation-2.0.2.jar:/Users/mercelvubangsi/.m2/repository/org/glassfish/jaxb/txw2/4.0.5/txw2-4.0.5.jar:/Users/mercelvubangsi/.m2/repository/com/sun/istack/istack-commons-runtime/4.1.2/istack-commons-runtime-4.1.2.jar:/Users/mercelvubangsi/.m2/repository/jakarta/inject/jakarta.inject-api/2.0.1/jakarta.inject-api-2.0.1.jar:/Users/mercelvubangsi/.m2/repository/org/antlr/antlr4-runtime/4.13.0/antlr4-runtime-4.13.0.jar:/Users/mercelvubangsi/.m2/repository/org/springframework/data/spring-data-jpa/3.4.3/spring-data-jpa-3.4.3.jar:/Users/mercelvubangsi/.m2/repository/org/springframework/data/spring-data-commons/3.4.3/spring-data-commons-3.4.3.jar:/Users/mercelvubangsi/.m2/repository/org/springframework/spring-orm/6.2.3/spring-orm-6.2.3.jar:/Users/mercelvubangsi/.m2/repository/org/springframework/spring-tx/6.2.3/spring-tx-6.2.3.jar:/Users/mercelvubangsi/.m2/repository/org/slf4j/slf4j-api/2.0.16/slf4j-api-2.0.16.jar:/Users/mercelvubangsi/.m2/repository/org/springframework/spring-aspects/6.2.3/spring-aspects-6.2.3.jar:/Users/mercelvubangsi/.m2/repository/org/aspectj/aspectjweaver/1.9.22.1/aspectjweaver-1.9.22.1.jar:/Users/mercelvubangsi/.m2/repository/com/mysql/mysql-connector-j/8.0.33/mysql-connector-j-8.0.33.jar:/Users/mercelvubangsi/.m2/repository/com/auth0/java-jwt/4.4.0/java-jwt-4.4.0.jar:/Users/mercelvubangsi/.m2/repository/com/fasterxml/jackson/core/jackson-databind/2.18.2/jackson-databind-2.18.2.jar:/Users/mercelvubangsi/.m2/repository/com/fasterxml/jackson/core/jackson-annotations/2.18.2/jackson-annotations-2.18.2.jar:/Users/mercelvubangsi/.m2/repository/com/fasterxml/jackson/core/jackson-core/2.18.2/jackson-core-2.18.2.jar:/Users/mercelvubangsi/.m2/repository/org/springframework/boot/spring-boot-starter-validation/3.4.3/spring-boot-starter-validation-3.4.3.jar:/Users/mercelvubangsi/.m2/repository/org/apache/tomcat/embed/tomcat-embed-el/10.1.36/tomcat-embed-el-10.1.36.jar:/Users/mercelvubangsi/.m2/repository/org/hibernate/validator/hibernate-validator/8.0.2.Final/hibernate-validator-8.0.2.Final.jar:/Users/mercelvubangsi/.m2/repository/jakarta/validation/jakarta.validation-api/3.0.2/jakarta.validation-api-3.0.2.jar:/Users/mercelvubangsi/.m2/repository/org/springdoc/springdoc-openapi-starter-webmvc-ui/2.6.0/springdoc-openapi-starter-webmvc-ui-2.6.0.jar:/Users/mercelvubangsi/.m2/repository/org/springdoc/springdoc-openapi-starter-webmvc-api/2.6.0/springdoc-openapi-starter-webmvc-api-2.6.0.jar:/Users/mercelvubangsi/.m2/repository/org/springdoc/springdoc-openapi-starter-common/2.6.0/springdoc-openapi-starter-common-2.6.0.jar:/Users/mercelvubangsi/.m2/repository/io/swagger/core/v3/swagger-core-jakarta/2.2.22/swagger-core-jakarta-2.2.22.jar:/Users/mercelvubangsi/.m2/repository/org/apache/commons/commons-lang3/3.17.0/commons-lang3-3.17.0.jar:/Users/mercelvubangsi/.m2/repository/io/swagger/core/v3/swagger-annotations-jakarta/2.2.22/swagger-annotations-jakarta-2.2.22.jar:/Users/mercelvubangsi/.m2/repository/io/swagger/core/v3/swagger-models-jakarta/2.2.22/swagger-models-jakarta-2.2.22.jar:/Users/mercelvubangsi/.m2/repository/com/fasterxml/jackson/dataformat/jackson-dataformat-yaml/2.18.2/jackson-dataformat-yaml-2.18.2.jar:/Users/mercelvubangsi/.m2/repository/org/webjars/swagger-ui/5.17.14/swagger-ui-5.17.14.jar:/Users/mercelvubangsi/.m2/repository/org/mindrot/jbcrypt/0.4/jbcrypt-0.4.jar:/Users/mercelvubangsi/.m2/repository/org/projectlombok/lombok/1.18.36/lombok-1.18.36.jar:/Users/mercelvubangsi/.m2/repository/org/springframework/boot/spring-boot-starter-test/3.4.3/spring-boot-starter-test-3.4.3.jar:/Users/mercelvubangsi/.m2/repository/org/springframework/boot/spring-boot-test/3.4.3/spring-boot-test-3.4.3.jar:/Users/mercelvubangsi/.m2/repository/org/springframework/boot/spring-boot-test-autoconfigure/3.4.3/spring-boot-test-autoconfigure-3.4.3.jar:/Users/mercelvubangsi/.m2/repository/com/jayway/jsonpath/json-path/2.9.0/json-path-2.9.0.jar:/Users/mercelvubangsi/.m2/repository/jakarta/xml/bind/jakarta.xml.bind-api/4.0.2/jakarta.xml.bind-api-4.0.2.jar:/Users/mercelvubangsi/.m2/repository/jakarta/activation/jakarta.activation-api/2.1.3/jakarta.activation-api-2.1.3.jar:/Users/mercelvubangsi/.m2/repository/net/minidev/json-smart/2.5.2/json-smart-2.5.2.jar:/Users/mercelvubangsi/.m2/repository/net/minidev/accessors-smart/2.5.2/accessors-smart-2.5.2.jar:/Users/mercelvubangsi/.m2/repository/org/ow2/asm/asm/9.7.1/asm-9.7.1.jar:/Users/mercelvubangsi/.m2/repository/org/assertj/assertj-core/3.26.3/assertj-core-3.26.3.jar:/Users/mercelvubangsi/.m2/repository/org/awaitility/awaitility/4.2.2/awaitility-4.2.2.jar:/Users/mercelvubangsi/.m2/repository/org/hamcrest/hamcrest/2.2/hamcrest-2.2.jar:/Users/mercelvubangsi/.m2/repository/org/junit/jupiter/junit-jupiter/5.11.4/junit-jupiter-5.11.4.jar:/Users/mercelvubangsi/.m2/repository/org/junit/jupiter/junit-jupiter-api/5.11.4/junit-jupiter-api-5.11.4.jar:/Users/mercelvubangsi/.m2/repository/org/opentest4j/opentest4j/1.3.0/opentest4j-1.3.0.jar:/Users/mercelvubangsi/.m2/repository/org/junit/platform/junit-platform-commons/1.11.4/junit-platform-commons-1.11.4.jar:/Users/mercelvubangsi/.m2/repository/org/apiguardian/apiguardian-api/1.1.2/apiguardian-api-1.1.2.jar:/Users/mercelvubangsi/.m2/repository/org/junit/jupiter/junit-jupiter-params/5.11.4/junit-jupiter-params-5.11.4.jar:/Users/mercelvubangsi/.m2/repository/org/junit/jupiter/junit-jupiter-engine/5.11.4/junit-jupiter-engine-5.11.4.jar:/Users/mercelvubangsi/.m2/repository/org/junit/platform/junit-platform-engine/1.11.4/junit-platform-engine-1.11.4.jar:/Users/mercelvubangsi/.m2/repository/org/mockito/mockito-core/5.14.2/mockito-core-5.14.2.jar:/Users/mercelvubangsi/.m2/repository/net/bytebuddy/byte-buddy-agent/1.15.11/byte-buddy-agent-1.15.11.jar:/Users/mercelvubangsi/.m2/repository/org/objenesis/objenesis/3.3/objenesis-3.3.jar:/Users/mercelvubangsi/.m2/repository/org/mockito/mockito-junit-jupiter/5.14.2/mockito-junit-jupiter-5.14.2.jar:/Users/mercelvubangsi/.m2/repository/org/skyscreamer/jsonassert/1.5.3/jsonassert-1.5.3.jar:/Users/mercelvubangsi/.m2/repository/com/vaadin/external/google/android-json/0.0.20131108.vaadin1/android-json-0.0.20131108.vaadin1.jar:/Users/mercelvubangsi/.m2/repository/org/springframework/spring-core/6.2.3/spring-core-6.2.3.jar:/Users/mercelvubangsi/.m2/repository/org/springframework/spring-jcl/6.2.3/spring-jcl-6.2.3.jar:/Users/mercelvubangsi/.m2/repository/org/springframework/spring-test/6.2.3/spring-test-6.2.3.jar:/Users/mercelvubangsi/.m2/repository/org/xmlunit/xmlunit-core/2.10.0/xmlunit-core-2.10.0.jar:, sun.cpu.endian=little, hibernate.cdi.extensions=true, user.home=/Users/mercelvubangsi, user.language=en, java.specification.vendor=Oracle Corporation, java.version.date=2024-10-15, java.home=/usr/local/Cellar/openjdk/23.0.1/libexec/openjdk.jdk/Contents/Home, file.separator=/, basedir=/Users/mercelvubangsi/Documents/MY DOCS/MIU/STUDIES/CS425 SWE/PROJECT/new/backend, java.vm.compressedOopsMode=Zero based, line.separator=
, hibernate.persistenceUnitName=default, java.vm.specification.vendor=Oracle Corporation, java.specification.name=Java Platform API Specification, FILE_LOG_CHARSET=UTF-8, hibernate.transaction.coordinator_class=class org.hibernate.resource.transaction.backend.jdbc.internal.JdbcResourceLocalTransactionCoordinatorBuilderImpl, java.awt.headless=true, apple.awt.application.name=ForkedBooter, surefire.real.class.path=/Users/mercelvubangsi/Documents/MY DOCS/MIU/STUDIES/CS425 SWE/PROJECT/new/backend/target/surefire/surefirebooter-20250314220019991_3.jar, jakarta.persistence.validation.mode=AUTO, hibernate.hbm2ddl.auto=create, sun.management.compiler=HotSpot 64-Bit Tiered Compilers, ftp.nonProxyHosts=local|*.local|169.254/16|*.169.254/16, java.runtime.version=23.0.1, user.name=mercelvubangsi, stdout.encoding=UTF-8, path.separator=:, os.version=13.7.2, java.runtime.name=OpenJDK Runtime Environment, file.encoding=UTF-8, java.vm.name=OpenJDK 64-Bit Server VM, hibernate.show_sql=true, java.vendor.version=Homebrew, localRepository=/Users/mercelvubangsi/.m2/repository, java.vendor.url.bug=https://github.com/Homebrew/homebrew-core/issues, java.io.tmpdir=/var/folders/cs/h8q220ps5nb4znyn5h36865m0000gn/T/, java.version=23.0.1, hibernate.physical_naming_strategy=org.hibernate.boot.model.naming.CamelCaseToUnderscoresNamingStrategy, user.dir=/Users/mercelvubangsi/Documents/MY DOCS/MIU/STUDIES/CS425 SWE/PROJECT/new/backend, os.arch=x86_64, java.vm.specification.name=Java Virtual Machine Specification, PID=46911, CONSOLE_LOG_CHARSET=UTF-8, hibernate.boot.CfgXmlAccessService.key=org.hibernate.boot.registry.StandardServiceRegistryBuilder$1@77881b7a, native.encoding=UTF-8, java.library.path=/Users/mercelvubangsi/Library/Java/Extensions:/Library/Java/Extensions:/Network/Library/Java/Extensions:/System/Library/Java/Extensions:/usr/lib/java:., stderr.encoding=UTF-8, java.vendor=Homebrew, java.vm.info=mixed mode, sharing, java.vm.version=23.0.1, sun.io.unicode.encoding=UnicodeBig, hibernate.archive.scanner=org.hibernate.boot.archive.scan.internal.DisabledScanner, hibernate.connection.datasource=HikariDataSource (HikariPool-1), socksNonProxyHosts=local|*.local|169.254/16|*.169.254/16, java.class.version=67.0, LOGGED_APPLICATION_NAME=[flight-booking] }
2025-03-14T22:00:29.256-05:00 DEBUG 46911 --- [flight-booking] [           main] o.hibernate.internal.SessionFactoryImpl  : Session factory constructed with filter configurations : {}
2025-03-14T22:00:29.264-05:00 DEBUG 46911 --- [flight-booking] [           main] o.h.v.i.xml.config.ValidationXmlParser   : Trying to load META-INF/validation.xml for XML based Validator configuration.
2025-03-14T22:00:29.264-05:00 DEBUG 46911 --- [flight-booking] [           main] o.h.v.i.xml.config.ResourceLoaderHelper  : Trying to load META-INF/validation.xml via TCCL
2025-03-14T22:00:29.264-05:00 DEBUG 46911 --- [flight-booking] [           main] o.h.v.i.xml.config.ResourceLoaderHelper  : Trying to load META-INF/validation.xml via Hibernate Validator's class loader
2025-03-14T22:00:29.265-05:00 DEBUG 46911 --- [flight-booking] [           main] o.h.v.i.xml.config.ValidationXmlParser   : No META-INF/validation.xml found. Using annotation based configuration only.
2025-03-14T22:00:29.265-05:00 DEBUG 46911 --- [flight-booking] [           main] o.h.v.i.e.resolver.TraversableResolvers  : Found jakarta.persistence.Persistence on classpath containing 'getPersistenceUtil'. Assuming JPA 2 environment. Trying to instantiate JPA aware TraversableResolver
2025-03-14T22:00:29.265-05:00 DEBUG 46911 --- [flight-booking] [           main] o.h.v.i.e.resolver.TraversableResolvers  : Instantiated JPA aware TraversableResolver of type org.hibernate.validator.internal.engine.resolver.JPATraversableResolver.
2025-03-14T22:00:29.266-05:00 DEBUG 46911 --- [flight-booking] [           main] .h.v.m.ResourceBundleMessageInterpolator : Loaded expression factory via original TCCL
2025-03-14T22:00:29.269-05:00 DEBUG 46911 --- [flight-booking] [           main] .i.e.ValidatorFactoryConfigurationHelper : HV000252: Using org.hibernate.validator.internal.engine.DefaultPropertyNodeNameProvider as property node name provider.
2025-03-14T22:00:29.270-05:00 DEBUG 46911 --- [flight-booking] [           main] .i.e.ValidatorFactoryConfigurationHelper : HV000234: Using org.hibernate.validator.messageinterpolation.ResourceBundleMessageInterpolator as ValidatorFactory-scoped message interpolator.
2025-03-14T22:00:29.270-05:00 DEBUG 46911 --- [flight-booking] [           main] .i.e.ValidatorFactoryConfigurationHelper : HV000234: Using org.hibernate.validator.internal.engine.resolver.JPATraversableResolver as ValidatorFactory-scoped traversable resolver.
2025-03-14T22:00:29.270-05:00 DEBUG 46911 --- [flight-booking] [           main] .i.e.ValidatorFactoryConfigurationHelper : HV000234: Using org.hibernate.validator.internal.util.ExecutableParameterNameProvider as ValidatorFactory-scoped parameter name provider.
2025-03-14T22:00:29.270-05:00 DEBUG 46911 --- [flight-booking] [           main] .i.e.ValidatorFactoryConfigurationHelper : HV000234: Using org.hibernate.validator.internal.engine.DefaultClockProvider as ValidatorFactory-scoped clock provider.
2025-03-14T22:00:29.270-05:00 DEBUG 46911 --- [flight-booking] [           main] .i.e.ValidatorFactoryConfigurationHelper : HV000234: Using org.hibernate.validator.internal.engine.scripting.DefaultScriptEvaluatorFactory as ValidatorFactory-scoped script evaluator factory.
2025-03-14T22:00:29.272-05:00 DEBUG 46911 --- [flight-booking] [           main] o.h.boot.internal.ClassLoaderAccessImpl  : Not known whether passed class name [edu.miu.cs.cs425.backend.domain.entity.Flight] is safe
2025-03-14T22:00:29.273-05:00 DEBUG 46911 --- [flight-booking] [           main] o.h.boot.internal.ClassLoaderAccessImpl  : No temp ClassLoader provided; using live ClassLoader for loading potentially unsafe class : edu.miu.cs.cs425.backend.domain.entity.Flight
2025-03-14T22:00:29.511-05:00 DEBUG 46911 --- [flight-booking] [           main] o.h.boot.internal.ClassLoaderAccessImpl  : Not known whether passed class name [edu.miu.cs.cs425.backend.domain.entity.Airline] is safe
2025-03-14T22:00:29.511-05:00 DEBUG 46911 --- [flight-booking] [           main] o.h.boot.internal.ClassLoaderAccessImpl  : No temp ClassLoader provided; using live ClassLoader for loading potentially unsafe class : edu.miu.cs.cs425.backend.domain.entity.Airline
2025-03-14T22:00:29.516-05:00 DEBUG 46911 --- [flight-booking] [           main] o.h.boot.internal.ClassLoaderAccessImpl  : Not known whether passed class name [edu.miu.cs.cs425.backend.domain.entity.FlightLeg] is safe
2025-03-14T22:00:29.517-05:00 DEBUG 46911 --- [flight-booking] [           main] o.h.boot.internal.ClassLoaderAccessImpl  : No temp ClassLoader provided; using live ClassLoader for loading potentially unsafe class : edu.miu.cs.cs425.backend.domain.entity.FlightLeg
2025-03-14T22:00:29.521-05:00 DEBUG 46911 --- [flight-booking] [           main] o.h.boot.internal.ClassLoaderAccessImpl  : Not known whether passed class name [edu.miu.cs.cs425.backend.domain.entity.Airport] is safe
2025-03-14T22:00:29.521-05:00 DEBUG 46911 --- [flight-booking] [           main] o.h.boot.internal.ClassLoaderAccessImpl  : No temp ClassLoader provided; using live ClassLoader for loading potentially unsafe class : edu.miu.cs.cs425.backend.domain.entity.Airport
2025-03-14T22:00:29.534-05:00 DEBUG 46911 --- [flight-booking] [           main] o.h.boot.internal.ClassLoaderAccessImpl  : Not known whether passed class name [edu.miu.cs.cs425.backend.domain.entity.Booking] is safe
2025-03-14T22:00:29.535-05:00 DEBUG 46911 --- [flight-booking] [           main] o.h.boot.internal.ClassLoaderAccessImpl  : No temp ClassLoader provided; using live ClassLoader for loading potentially unsafe class : edu.miu.cs.cs425.backend.domain.entity.Booking
2025-03-14T22:00:29.541-05:00 DEBUG 46911 --- [flight-booking] [           main] o.h.boot.internal.ClassLoaderAccessImpl  : Not known whether passed class name [edu.miu.cs.cs425.backend.domain.entity.User] is safe
2025-03-14T22:00:29.542-05:00 DEBUG 46911 --- [flight-booking] [           main] o.h.boot.internal.ClassLoaderAccessImpl  : No temp ClassLoader provided; using live ClassLoader for loading potentially unsafe class : edu.miu.cs.cs425.backend.domain.entity.User
2025-03-14T22:00:29.549-05:00 DEBUG 46911 --- [flight-booking] [           main] .h.s.i.SessionFactoryServiceRegistryImpl : EventListenerRegistry access via ServiceRegistry is deprecated.  Use `sessionFactory.getEventEngine().getListenerRegistry()` instead
2025-03-14T22:00:29.642-05:00 DEBUG 46911 --- [flight-booking] [           main] o.h.q.sqm.function.SqmFunctionRegistry   : Registered SqmFunctionTemplate [NamedSqmFunctionTemplate(max)] under max; prior registration was null
2025-03-14T22:00:29.643-05:00 DEBUG 46911 --- [flight-booking] [           main] o.h.q.sqm.function.SqmFunctionRegistry   : Registered SqmFunctionTemplate [NamedSqmFunctionTemplate(min)] under min; prior registration was null
2025-03-14T22:00:29.643-05:00 DEBUG 46911 --- [flight-booking] [           main] o.h.q.sqm.function.SqmFunctionRegistry   : Registered SqmFunctionTemplate [NamedSqmFunctionTemplate(sum)] under sum; prior registration was null
2025-03-14T22:00:29.645-05:00 DEBUG 46911 --- [flight-booking] [           main] o.h.q.sqm.function.SqmFunctionRegistry   : Registered SqmFunctionTemplate [NamedSqmFunctionTemplate(avg)] under avg; prior registration was null
2025-03-14T22:00:29.648-05:00 DEBUG 46911 --- [flight-booking] [           main] o.h.q.sqm.function.SqmFunctionRegistry   : Registered SqmFunctionTemplate [org.hibernate.dialect.function.CountFunction@7c8689e] under count; prior registration was null
2025-03-14T22:00:29.649-05:00 DEBUG 46911 --- [flight-booking] [           main] o.h.q.sqm.function.SqmFunctionRegistry   : Registered SqmFunctionTemplate [org.hibernate.dialect.function.EveryAnyEmulation@6108fd23] under every; prior registration was null
2025-03-14T22:00:29.649-05:00 DEBUG 46911 --- [flight-booking] [           main] o.h.q.sqm.function.SqmFunctionRegistry   : Registered SqmFunctionTemplate [org.hibernate.dialect.function.EveryAnyEmulation@746f8520] under any; prior registration was null
2025-03-14T22:00:29.650-05:00 DEBUG 46911 --- [flight-booking] [           main] o.h.q.sqm.function.SqmFunctionRegistry   : Registered SqmFunctionTemplate [NamedSqmFunctionTemplate(floor)] under floor; prior registration was null
2025-03-14T22:00:29.650-05:00 DEBUG 46911 --- [flight-booking] [           main] o.h.q.sqm.function.SqmFunctionRegistry   : Registered SqmFunctionTemplate [NamedSqmFunctionTemplate(ceiling)] under ceiling; prior registration was null
2025-03-14T22:00:29.650-05:00 DEBUG 46911 --- [flight-booking] [           main] o.h.q.sqm.function.SqmFunctionRegistry   : Registered SqmFunctionTemplate [NamedSqmFunctionTemplate(mod)] under mod; prior registration was null
2025-03-14T22:00:29.650-05:00 DEBUG 46911 --- [flight-booking] [           main] o.h.q.sqm.function.SqmFunctionRegistry   : Registered SqmFunctionTemplate [NamedSqmFunctionTemplate(abs)] under abs; prior registration was null
2025-03-14T22:00:29.650-05:00 DEBUG 46911 --- [flight-booking] [           main] o.h.q.sqm.function.SqmFunctionRegistry   : Registered SqmFunctionTemplate [NamedSqmFunctionTemplate(sign)] under sign; prior registration was null
2025-03-14T22:00:29.650-05:00 DEBUG 46911 --- [flight-booking] [           main] o.h.q.sqm.function.SqmFunctionRegistry   : Registered SqmFunctionTemplate [NamedSqmFunctionTemplate(sqrt)] under sqrt; prior registration was null
2025-03-14T22:00:29.650-05:00 DEBUG 46911 --- [flight-booking] [           main] o.h.q.sqm.function.SqmFunctionRegistry   : Registered SqmFunctionTemplate [NamedSqmFunctionTemplate(ln)] under ln; prior registration was null
2025-03-14T22:00:29.651-05:00 DEBUG 46911 --- [flight-booking] [           main] o.h.q.sqm.function.SqmFunctionRegistry   : Registered SqmFunctionTemplate [NamedSqmFunctionTemplate(exp)] under exp; prior registration was null
2025-03-14T22:00:29.651-05:00 DEBUG 46911 --- [flight-booking] [           main] o.h.q.sqm.function.SqmFunctionRegistry   : Registered SqmFunctionTemplate [NamedSqmFunctionTemplate(power)] under power; prior registration was null
2025-03-14T22:00:29.651-05:00 DEBUG 46911 --- [flight-booking] [           main] o.h.q.sqm.function.SqmFunctionRegistry   : Registered SqmFunctionTemplate [NamedSqmFunctionTemplate(round)] under round; prior registration was null
2025-03-14T22:00:29.651-05:00 DEBUG 46911 --- [flight-booking] [           main] o.h.q.sqm.function.SqmFunctionRegistry   : Registered SqmFunctionTemplate [NamedSqmFunctionTemplate(sin)] under sin; prior registration was null
2025-03-14T22:00:29.651-05:00 DEBUG 46911 --- [flight-booking] [           main] o.h.q.sqm.function.SqmFunctionRegistry   : Registered SqmFunctionTemplate [NamedSqmFunctionTemplate(cos)] under cos; prior registration was null
2025-03-14T22:00:29.651-05:00 DEBUG 46911 --- [flight-booking] [           main] o.h.q.sqm.function.SqmFunctionRegistry   : Registered SqmFunctionTemplate [NamedSqmFunctionTemplate(tan)] under tan; prior registration was null
2025-03-14T22:00:29.651-05:00 DEBUG 46911 --- [flight-booking] [           main] o.h.q.sqm.function.SqmFunctionRegistry   : Registered SqmFunctionTemplate [NamedSqmFunctionTemplate(asin)] under asin; prior registration was null
2025-03-14T22:00:29.651-05:00 DEBUG 46911 --- [flight-booking] [           main] o.h.q.sqm.function.SqmFunctionRegistry   : Registered SqmFunctionTemplate [NamedSqmFunctionTemplate(acos)] under acos; prior registration was null
2025-03-14T22:00:29.652-05:00 DEBUG 46911 --- [flight-booking] [           main] o.h.q.sqm.function.SqmFunctionRegistry   : Registered SqmFunctionTemplate [NamedSqmFunctionTemplate(atan)] under atan; prior registration was null
2025-03-14T22:00:29.652-05:00 DEBUG 46911 --- [flight-booking] [           main] o.h.q.sqm.function.SqmFunctionRegistry   : Registered SqmFunctionTemplate [NamedSqmFunctionTemplate(atan2)] under atan2; prior registration was null
2025-03-14T22:00:29.657-05:00 DEBUG 46911 --- [flight-booking] [           main] o.h.q.sqm.function.SqmFunctionRegistry   : Registered SqmFunctionTemplate [org.hibernate.query.sqm.function.PatternBasedSqmFunctionDescriptor@58ad0586] under sinh; prior registration was null
2025-03-14T22:00:29.658-05:00 DEBUG 46911 --- [flight-booking] [           main] o.h.q.sqm.function.SqmFunctionRegistry   : Registered SqmFunctionTemplate [org.hibernate.query.sqm.function.PatternBasedSqmFunctionDescriptor@526fc044] under cosh; prior registration was null
2025-03-14T22:00:29.658-05:00 DEBUG 46911 --- [flight-booking] [           main] o.h.q.sqm.function.SqmFunctionRegistry   : Registered SqmFunctionTemplate [org.hibernate.query.sqm.function.PatternBasedSqmFunctionDescriptor@45635ae1] under tanh; prior registration was null
2025-03-14T22:00:29.658-05:00 DEBUG 46911 --- [flight-booking] [           main] o.h.q.sqm.function.SqmFunctionRegistry   : Registered SqmFunctionTemplate [org.hibernate.query.sqm.function.PatternBasedSqmFunctionDescriptor@7adbec34] under pi; prior registration was null
2025-03-14T22:00:29.659-05:00 DEBUG 46911 --- [flight-booking] [           main] o.h.q.sqm.function.SqmFunctionRegistry   : Registered SqmFunctionTemplate [org.hibernate.query.sqm.function.PatternBasedSqmFunctionDescriptor@4aea57dc] under log; prior registration was null
2025-03-14T22:00:29.660-05:00 DEBUG 46911 --- [flight-booking] [           main] o.h.q.sqm.function.SqmFunctionRegistry   : Registered SqmFunctionTemplate [NamedSqmFunctionTemplate(coalesce)] under coalesce; prior registration was null
2025-03-14T22:00:29.660-05:00 DEBUG 46911 --- [flight-booking] [           main] o.h.q.sqm.function.SqmFunctionRegistry   : Registered SqmFunctionTemplate [NamedSqmFunctionTemplate(nullif)] under nullif; prior registration was null
2025-03-14T22:00:29.660-05:00 DEBUG 46911 --- [flight-booking] [           main] o.h.q.sqm.function.SqmFunctionRegistry   : Registered SqmFunctionTemplate [NamedSqmFunctionTemplate(left)] under left; prior registration was null
2025-03-14T22:00:29.660-05:00 DEBUG 46911 --- [flight-booking] [           main] o.h.q.sqm.function.SqmFunctionRegistry   : Registered SqmFunctionTemplate [NamedSqmFunctionTemplate(right)] under right; prior registration was null
2025-03-14T22:00:29.660-05:00 DEBUG 46911 --- [flight-booking] [           main] o.h.q.sqm.function.SqmFunctionRegistry   : Registered SqmFunctionTemplate [NamedSqmFunctionTemplate(replace)] under replace; prior registration was null
2025-03-14T22:00:29.661-05:00 DEBUG 46911 --- [flight-booking] [           main] o.h.q.sqm.function.SqmFunctionRegistry   : Registered SqmFunctionTemplate [NamedSqmFunctionTemplate(concat)] under concat; prior registration was null
2025-03-14T22:00:29.661-05:00 DEBUG 46911 --- [flight-booking] [           main] o.h.q.sqm.function.SqmFunctionRegistry   : Registered SqmFunctionTemplate [NamedSqmFunctionTemplate(lower)] under lower; prior registration was null
2025-03-14T22:00:29.661-05:00 DEBUG 46911 --- [flight-booking] [           main] o.h.q.sqm.function.SqmFunctionRegistry   : Registered SqmFunctionTemplate [NamedSqmFunctionTemplate(upper)] under upper; prior registration was null
2025-03-14T22:00:29.661-05:00 DEBUG 46911 --- [flight-booking] [           main] o.h.q.sqm.function.SqmFunctionRegistry   : Registered SqmFunctionTemplate [NamedSqmFunctionTemplate(substring)] under substring; prior registration was null
2025-03-14T22:00:29.661-05:00 DEBUG 46911 --- [flight-booking] [           main] o.h.q.sqm.function.SqmFunctionRegistry   : Registered SqmFunctionTemplate [NamedSqmFunctionTemplate(locate)] under locate; prior registration was null
2025-03-14T22:00:29.661-05:00 DEBUG 46911 --- [flight-booking] [           main] o.h.q.sqm.function.SqmFunctionRegistry   : Registered SqmFunctionTemplate [NamedSqmFunctionTemplate(character_length)] under character_length; prior registration was null
2025-03-14T22:00:29.661-05:00 DEBUG 46911 --- [flight-booking] [           main] o.h.q.sqm.function.SqmFunctionRegistry   : Registering alternate key : length -> character_length
2025-03-14T22:00:29.666-05:00 DEBUG 46911 --- [flight-booking] [           main] o.h.q.sqm.function.SqmFunctionRegistry   : Registered SqmFunctionTemplate [org.hibernate.dialect.function.LocatePositionEmulation@56e78538] under position; prior registration was null
2025-03-14T22:00:29.685-05:00 DEBUG 46911 --- [flight-booking] [           main] o.h.q.sqm.function.SqmFunctionRegistry   : Registered SqmFunctionTemplate [org.hibernate.dialect.function.InsertSubstringOverlayEmulation@2b06681c] under overlay; prior registration was null
2025-03-14T22:00:29.692-05:00 DEBUG 46911 --- [flight-booking] [           main] o.h.q.sqm.function.SqmFunctionRegistry   : Registered SqmFunctionTemplate [org.hibernate.dialect.function.TrimFunction@4ae6451d] under trim; prior registration was null
2025-03-14T22:00:29.696-05:00 DEBUG 46911 --- [flight-booking] [           main] o.h.q.sqm.function.SqmFunctionRegistry   : Registered SqmFunctionTemplate [org.hibernate.dialect.function.CastFunction@64b8eb96] under cast; prior registration was null
2025-03-14T22:00:29.696-05:00 DEBUG 46911 --- [flight-booking] [           main] o.h.q.sqm.function.SqmFunctionRegistry   : Registered SqmFunctionTemplate [org.hibernate.query.sqm.function.PatternBasedSqmFunctionDescriptor@776a7ec6] under collate; prior registration was null
2025-03-14T22:00:29.698-05:00 DEBUG 46911 --- [flight-booking] [           main] o.h.q.sqm.function.SqmFunctionRegistry   : Registered SqmFunctionTemplate [org.hibernate.dialect.function.ExtractFunction@56554365] under extract; prior registration was null
2025-03-14T22:00:29.698-05:00 DEBUG 46911 --- [flight-booking] [           main] o.h.q.sqm.function.SqmFunctionRegistry   : Registered SqmFunctionTemplate [NamedSqmFunctionTemplate(least)] under least; prior registration was null
2025-03-14T22:00:29.698-05:00 DEBUG 46911 --- [flight-booking] [           main] o.h.q.sqm.function.SqmFunctionRegistry   : Registered SqmFunctionTemplate [NamedSqmFunctionTemplate(greatest)] under greatest; prior registration was null
2025-03-14T22:00:29.699-05:00 DEBUG 46911 --- [flight-booking] [           main] o.h.q.sqm.function.SqmFunctionRegistry   : Registered SqmFunctionTemplate [org.hibernate.dialect.function.CoalesceIfnullEmulation@42fa5cb] under ifnull; prior registration was null
2025-03-14T22:00:29.699-05:00 DEBUG 46911 --- [flight-booking] [           main] o.h.q.sqm.function.SqmFunctionRegistry   : Registered SqmFunctionTemplate [NamedSqmFunctionTemplate(lpad)] under lpad; prior registration was null
2025-03-14T22:00:29.699-05:00 DEBUG 46911 --- [flight-booking] [           main] o.h.q.sqm.function.SqmFunctionRegistry   : Registered SqmFunctionTemplate [NamedSqmFunctionTemplate(rpad)] under rpad; prior registration was null
2025-03-14T22:00:29.701-05:00 DEBUG 46911 --- [flight-booking] [           main] o.h.q.sqm.function.SqmFunctionRegistry   : Registered SqmFunctionTemplate [org.hibernate.dialect.function.LpadRpadPadEmulation@296bfddb] under pad; prior registration was null
2025-03-14T22:00:29.703-05:00 DEBUG 46911 --- [flight-booking] [           main] o.h.q.sqm.function.SqmFunctionRegistry   : Registered SqmFunctionTemplate [org.hibernate.dialect.function.CastStrEmulation@c86c486] under str; prior registration was null
2025-03-14T22:00:29.708-05:00 DEBUG 46911 --- [flight-booking] [           main] o.h.q.sqm.function.SqmFunctionRegistry   : Registered SqmFunctionTemplate [org.hibernate.dialect.function.FormatFunction@28654aff] under format; prior registration was null
2025-03-14T22:00:29.709-05:00 DEBUG 46911 --- [flight-booking] [           main] o.h.q.sqm.function.SqmFunctionRegistry   : Registered SqmFunctionTemplate [org.hibernate.dialect.function.TimestampaddFunction@7978550b] under timestampadd; prior registration was null
2025-03-14T22:00:29.711-05:00 DEBUG 46911 --- [flight-booking] [           main] o.h.q.sqm.function.SqmFunctionRegistry   : Registered SqmFunctionTemplate [org.hibernate.dialect.function.TimestampdiffFunction@320770d7] under timestampdiff; prior registration was null
2025-03-14T22:00:29.711-05:00 DEBUG 46911 --- [flight-booking] [           main] o.h.q.sqm.function.SqmFunctionRegistry   : Registering alternate key : dateadd -> timestampadd
2025-03-14T22:00:29.711-05:00 DEBUG 46911 --- [flight-booking] [           main] o.h.q.sqm.function.SqmFunctionRegistry   : Registering alternate key : datediff -> timestampdiff
2025-03-14T22:00:29.712-05:00 DEBUG 46911 --- [flight-booking] [           main] o.h.q.sqm.function.SqmFunctionRegistry   : Registered SqmFunctionTemplate [org.hibernate.dialect.function.CurrentFunction@6e6f5842] under current_date; prior registration was null
2025-03-14T22:00:29.712-05:00 DEBUG 46911 --- [flight-booking] [           main] o.h.q.sqm.function.SqmFunctionRegistry   : Registered SqmFunctionTemplate [org.hibernate.dialect.function.CurrentFunction@60b4c754] under current_time; prior registration was null
2025-03-14T22:00:29.712-05:00 DEBUG 46911 --- [flight-booking] [           main] o.h.q.sqm.function.SqmFunctionRegistry   : Registered SqmFunctionTemplate [org.hibernate.dialect.function.CurrentFunction@2c846d55] under current_timestamp; prior registration was null
2025-03-14T22:00:29.712-05:00 DEBUG 46911 --- [flight-booking] [           main] o.h.q.sqm.function.SqmFunctionRegistry   : Registering alternate key : current date -> current_date
2025-03-14T22:00:29.712-05:00 DEBUG 46911 --- [flight-booking] [           main] o.h.q.sqm.function.SqmFunctionRegistry   : Registering alternate key : current time -> current_time
2025-03-14T22:00:29.712-05:00 DEBUG 46911 --- [flight-booking] [           main] o.h.q.sqm.function.SqmFunctionRegistry   : Registering alternate key : current timestamp -> current_timestamp
2025-03-14T22:00:29.712-05:00 DEBUG 46911 --- [flight-booking] [           main] o.h.q.sqm.function.SqmFunctionRegistry   : Registered SqmFunctionTemplate [org.hibernate.dialect.function.CurrentFunction@735167e1] under local_date; prior registration was null
2025-03-14T22:00:29.712-05:00 DEBUG 46911 --- [flight-booking] [           main] o.h.q.sqm.function.SqmFunctionRegistry   : Registered SqmFunctionTemplate [org.hibernate.dialect.function.CurrentFunction@67689c81] under local_time; prior registration was null
2025-03-14T22:00:29.712-05:00 DEBUG 46911 --- [flight-booking] [           main] o.h.q.sqm.function.SqmFunctionRegistry   : Registered SqmFunctionTemplate [org.hibernate.dialect.function.CurrentFunction@21a0795f] under local_datetime; prior registration was null
2025-03-14T22:00:29.712-05:00 DEBUG 46911 --- [flight-booking] [           main] o.h.q.sqm.function.SqmFunctionRegistry   : Registered SqmFunctionTemplate [org.hibernate.dialect.function.CurrentFunction@2ec156fb] under offset_datetime; prior registration was null
2025-03-14T22:00:29.712-05:00 DEBUG 46911 --- [flight-booking] [           main] o.h.q.sqm.function.SqmFunctionRegistry   : Registering alternate key : local date -> local_date
2025-03-14T22:00:29.712-05:00 DEBUG 46911 --- [flight-booking] [           main] o.h.q.sqm.function.SqmFunctionRegistry   : Registering alternate key : local time -> local_time
2025-03-14T22:00:29.713-05:00 DEBUG 46911 --- [flight-booking] [           main] o.h.q.sqm.function.SqmFunctionRegistry   : Registering alternate key : local datetime -> local_datetime
2025-03-14T22:00:29.713-05:00 DEBUG 46911 --- [flight-booking] [           main] o.h.q.sqm.function.SqmFunctionRegistry   : Registering alternate key : offset datetime -> offset_datetime
2025-03-14T22:00:29.713-05:00 DEBUG 46911 --- [flight-booking] [           main] o.h.q.sqm.function.SqmFunctionRegistry   : Registered SqmFunctionTemplate [org.hibernate.dialect.function.CurrentFunction@56d742ad] under instant; prior registration was null
2025-03-14T22:00:29.713-05:00 DEBUG 46911 --- [flight-booking] [           main] o.h.q.sqm.function.SqmFunctionRegistry   : Registering alternate key : current_instant -> instant
2025-03-14T22:00:29.715-05:00 DEBUG 46911 --- [flight-booking] [           main] o.h.q.sqm.function.SqmFunctionRegistry   : Registered SqmFunctionTemplate [org.hibernate.dialect.function.SqlFunction@1f4cb17b] under sql; prior registration was null
2025-03-14T22:00:29.715-05:00 DEBUG 46911 --- [flight-booking] [           main] o.h.q.sqm.function.SqmFunctionRegistry   : Registered SqmFunctionTemplate [NamedSqmFunctionTemplate(soundex)] under soundex; prior registration was null
2025-03-14T22:00:29.715-05:00 DEBUG 46911 --- [flight-booking] [           main] o.h.q.sqm.function.SqmFunctionRegistry   : Registered SqmFunctionTemplate [NamedSqmFunctionTemplate(radians)] under radians; prior registration was null
2025-03-14T22:00:29.715-05:00 DEBUG 46911 --- [flight-booking] [           main] o.h.q.sqm.function.SqmFunctionRegistry   : Registered SqmFunctionTemplate [NamedSqmFunctionTemplate(degrees)] under degrees; prior registration was null
2025-03-14T22:00:29.715-05:00 DEBUG 46911 --- [flight-booking] [           main] o.h.q.sqm.function.SqmFunctionRegistry   : Registered SqmFunctionTemplate [NamedSqmFunctionTemplate(cot)] under cot; prior registration was null
2025-03-14T22:00:29.715-05:00 DEBUG 46911 --- [flight-booking] [           main] o.h.q.sqm.function.SqmFunctionRegistry   : Registered SqmFunctionTemplate [NamedSqmFunctionTemplate(log)] under log; prior registration was org.hibernate.query.sqm.function.PatternBasedSqmFunctionDescriptor@4aea57dc
2025-03-14T22:00:29.715-05:00 DEBUG 46911 --- [flight-booking] [           main] o.h.q.sqm.function.SqmFunctionRegistry   : Registered SqmFunctionTemplate [NamedSqmFunctionTemplate(log2)] under log2; prior registration was null
2025-03-14T22:00:29.715-05:00 DEBUG 46911 --- [flight-booking] [           main] o.h.q.sqm.function.SqmFunctionRegistry   : Registered SqmFunctionTemplate [NamedSqmFunctionTemplate(log10)] under log10; prior registration was null
2025-03-14T22:00:29.716-05:00 DEBUG 46911 --- [flight-booking] [           main] o.h.q.sqm.function.SqmFunctionRegistry   : Registered SqmFunctionTemplate [NamedSqmFunctionTemplate(ltrim)] under ltrim; prior registration was null
2025-03-14T22:00:29.716-05:00 DEBUG 46911 --- [flight-booking] [           main] o.h.q.sqm.function.SqmFunctionRegistry   : Registered SqmFunctionTemplate [NamedSqmFunctionTemplate(rtrim)] under rtrim; prior registration was null
2025-03-14T22:00:29.716-05:00 DEBUG 46911 --- [flight-booking] [           main] o.h.q.sqm.function.SqmFunctionRegistry   : Registered SqmFunctionTemplate [NamedSqmFunctionTemplate(octet_length)] under octet_length; prior registration was null
2025-03-14T22:00:29.716-05:00 DEBUG 46911 --- [flight-booking] [           main] o.h.q.sqm.function.SqmFunctionRegistry   : Registered SqmFunctionTemplate [NamedSqmFunctionTemplate(reverse)] under reverse; prior registration was null
2025-03-14T22:00:29.716-05:00 DEBUG 46911 --- [flight-booking] [           main] o.h.q.sqm.function.SqmFunctionRegistry   : Registered SqmFunctionTemplate [NamedSqmFunctionTemplate(space)] under space; prior registration was null
2025-03-14T22:00:29.716-05:00 DEBUG 46911 --- [flight-booking] [           main] o.h.q.sqm.function.SqmFunctionRegistry   : Registered SqmFunctionTemplate [NamedSqmFunctionTemplate(repeat)] under repeat; prior registration was null
2025-03-14T22:00:29.717-05:00 DEBUG 46911 --- [flight-booking] [           main] o.h.q.sqm.function.SqmFunctionRegistry   : Registered SqmFunctionTemplate [org.hibernate.query.sqm.function.MultipatternSqmFunctionDescriptor@6148827c] under lpad; prior registration was NamedSqmFunctionTemplate(lpad)
2025-03-14T22:00:29.719-05:00 DEBUG 46911 --- [flight-booking] [           main] o.h.q.sqm.function.SqmFunctionRegistry   : Registered SqmFunctionTemplate [org.hibernate.query.sqm.function.MultipatternSqmFunctionDescriptor@4da9da6c] under rpad; prior registration was NamedSqmFunctionTemplate(rpad)
2025-03-14T22:00:29.719-05:00 DEBUG 46911 --- [flight-booking] [           main] o.h.q.sqm.function.SqmFunctionRegistry   : Registered SqmFunctionTemplate [NamedSqmFunctionTemplate(md5)] under md5; prior registration was null
2025-03-14T22:00:29.719-05:00 DEBUG 46911 --- [flight-booking] [           main] o.h.q.sqm.function.SqmFunctionRegistry   : Registered SqmFunctionTemplate [NamedSqmFunctionTemplate(day)] under day; prior registration was null
2025-03-14T22:00:29.719-05:00 DEBUG 46911 --- [flight-booking] [           main] o.h.q.sqm.function.SqmFunctionRegistry   : Registered SqmFunctionTemplate [NamedSqmFunctionTemplate(month)] under month; prior registration was null
2025-03-14T22:00:29.719-05:00 DEBUG 46911 --- [flight-booking] [           main] o.h.q.sqm.function.SqmFunctionRegistry   : Registered SqmFunctionTemplate [NamedSqmFunctionTemplate(year)] under year; prior registration was null
2025-03-14T22:00:29.719-05:00 DEBUG 46911 --- [flight-booking] [           main] o.h.q.sqm.function.SqmFunctionRegistry   : Registered SqmFunctionTemplate [NamedSqmFunctionTemplate(hour)] under hour; prior registration was null
2025-03-14T22:00:29.719-05:00 DEBUG 46911 --- [flight-booking] [           main] o.h.q.sqm.function.SqmFunctionRegistry   : Registered SqmFunctionTemplate [NamedSqmFunctionTemplate(minute)] under minute; prior registration was null
2025-03-14T22:00:29.719-05:00 DEBUG 46911 --- [flight-booking] [           main] o.h.q.sqm.function.SqmFunctionRegistry   : Registered SqmFunctionTemplate [NamedSqmFunctionTemplate(second)] under second; prior registration was null
2025-03-14T22:00:29.720-05:00 DEBUG 46911 --- [flight-booking] [           main] o.h.q.sqm.function.SqmFunctionRegistry   : Registered SqmFunctionTemplate [NamedSqmFunctionTemplate(microsecond)] under microsecond; prior registration was null
2025-03-14T22:00:29.720-05:00 DEBUG 46911 --- [flight-booking] [           main] o.h.q.sqm.function.SqmFunctionRegistry   : Registered SqmFunctionTemplate [NamedSqmFunctionTemplate(dayofweek)] under dayofweek; prior registration was null
2025-03-14T22:00:29.720-05:00 DEBUG 46911 --- [flight-booking] [           main] o.h.q.sqm.function.SqmFunctionRegistry   : Registered SqmFunctionTemplate [NamedSqmFunctionTemplate(dayofmonth)] under dayofmonth; prior registration was null
2025-03-14T22:00:29.720-05:00 DEBUG 46911 --- [flight-booking] [           main] o.h.q.sqm.function.SqmFunctionRegistry   : Registering alternate key : day -> dayofmonth
2025-03-14T22:00:29.720-05:00 DEBUG 46911 --- [flight-booking] [           main] o.h.q.sqm.function.SqmFunctionRegistry   : Registered SqmFunctionTemplate [NamedSqmFunctionTemplate(dayofyear)] under dayofyear; prior registration was null
2025-03-14T22:00:29.720-05:00 DEBUG 46911 --- [flight-booking] [           main] o.h.q.sqm.function.SqmFunctionRegistry   : Registered SqmFunctionTemplate [NamedSqmFunctionTemplate(week)] under week; prior registration was null
2025-03-14T22:00:29.720-05:00 DEBUG 46911 --- [flight-booking] [           main] o.h.q.sqm.function.SqmFunctionRegistry   : Registered SqmFunctionTemplate [NamedSqmFunctionTemplate(quarter)] under quarter; prior registration was null
2025-03-14T22:00:29.720-05:00 DEBUG 46911 --- [flight-booking] [           main] o.h.q.sqm.function.SqmFunctionRegistry   : Registered SqmFunctionTemplate [NamedSqmFunctionTemplate(monthname)] under monthname; prior registration was null
2025-03-14T22:00:29.720-05:00 DEBUG 46911 --- [flight-booking] [           main] o.h.q.sqm.function.SqmFunctionRegistry   : Registered SqmFunctionTemplate [NamedSqmFunctionTemplate(dayname)] under dayname; prior registration was null
2025-03-14T22:00:29.720-05:00 DEBUG 46911 --- [flight-booking] [           main] o.h.q.sqm.function.SqmFunctionRegistry   : Registered SqmFunctionTemplate [NamedSqmFunctionTemplate(last_day)] under last_day; prior registration was null
2025-03-14T22:00:29.720-05:00 DEBUG 46911 --- [flight-booking] [           main] o.h.q.sqm.function.SqmFunctionRegistry   : Registered SqmFunctionTemplate [NamedSqmFunctionTemplate(date)] under date; prior registration was null
2025-03-14T22:00:29.720-05:00 DEBUG 46911 --- [flight-booking] [           main] o.h.q.sqm.function.SqmFunctionRegistry   : Registered SqmFunctionTemplate [NamedSqmFunctionTemplate(timestamp)] under timestamp; prior registration was null
2025-03-14T22:00:29.720-05:00 DEBUG 46911 --- [flight-booking] [           main] o.h.q.sqm.function.SqmFunctionRegistry   : Registered SqmFunctionTemplate [NamedSqmFunctionTemplate(time)] under time; prior registration was null
2025-03-14T22:00:29.720-05:00 DEBUG 46911 --- [flight-booking] [           main] o.h.q.sqm.function.SqmFunctionRegistry   : Registered SqmFunctionTemplate [NamedSqmFunctionTemplate(utc_date)] under utc_date; prior registration was null
2025-03-14T22:00:29.721-05:00 DEBUG 46911 --- [flight-booking] [           main] o.h.q.sqm.function.SqmFunctionRegistry   : Registered SqmFunctionTemplate [NamedSqmFunctionTemplate(utc_time)] under utc_time; prior registration was null
2025-03-14T22:00:29.723-05:00 DEBUG 46911 --- [flight-booking] [           main] o.h.q.sqm.function.SqmFunctionRegistry   : Registered SqmFunctionTemplate [NamedSqmFunctionTemplate(utc_timestamp)] under utc_timestamp; prior registration was null
2025-03-14T22:00:29.723-05:00 DEBUG 46911 --- [flight-booking] [           main] o.h.q.sqm.function.SqmFunctionRegistry   : Registered SqmFunctionTemplate [NamedSqmFunctionTemplate(rand)] under rand; prior registration was null
2025-03-14T22:00:29.723-05:00 DEBUG 46911 --- [flight-booking] [           main] o.h.q.sqm.function.SqmFunctionRegistry   : Registered SqmFunctionTemplate [NamedSqmFunctionTemplate(crc32)] under crc32; prior registration was null
2025-03-14T22:00:29.723-05:00 DEBUG 46911 --- [flight-booking] [           main] o.h.q.sqm.function.SqmFunctionRegistry   : Registered SqmFunctionTemplate [NamedSqmFunctionTemplate(sha1)] under sha1; prior registration was null
2025-03-14T22:00:29.723-05:00 DEBUG 46911 --- [flight-booking] [           main] o.h.q.sqm.function.SqmFunctionRegistry   : Registered SqmFunctionTemplate [NamedSqmFunctionTemplate(sha2)] under sha2; prior registration was null
2025-03-14T22:00:29.723-05:00 DEBUG 46911 --- [flight-booking] [           main] o.h.q.sqm.function.SqmFunctionRegistry   : Registered SqmFunctionTemplate [NamedSqmFunctionTemplate(sha)] under sha; prior registration was null
2025-03-14T22:00:29.723-05:00 DEBUG 46911 --- [flight-booking] [           main] o.h.q.sqm.function.SqmFunctionRegistry   : Registered SqmFunctionTemplate [NamedSqmFunctionTemplate(bit_length)] under bit_length; prior registration was null
2025-03-14T22:00:29.723-05:00 DEBUG 46911 --- [flight-booking] [           main] o.h.q.sqm.function.SqmFunctionRegistry   : Registered SqmFunctionTemplate [NamedSqmFunctionTemplate(octet_length)] under octet_length; prior registration was NamedSqmFunctionTemplate(octet_length)
2025-03-14T22:00:29.723-05:00 DEBUG 46911 --- [flight-booking] [           main] o.h.q.sqm.function.SqmFunctionRegistry   : Registered SqmFunctionTemplate [NamedSqmFunctionTemplate(ascii)] under ascii; prior registration was null
2025-03-14T22:00:29.723-05:00 DEBUG 46911 --- [flight-booking] [           main] o.h.q.sqm.function.SqmFunctionRegistry   : Registered SqmFunctionTemplate [NamedSqmFunctionTemplate(instr)] under instr; prior registration was null
2025-03-14T22:00:29.724-05:00 DEBUG 46911 --- [flight-booking] [           main] o.h.q.sqm.function.SqmFunctionRegistry   : Registered SqmFunctionTemplate [NamedSqmFunctionTemplate(substr)] under substr; prior registration was null
2025-03-14T22:00:29.724-05:00 DEBUG 46911 --- [flight-booking] [           main] o.h.q.sqm.function.SqmFunctionRegistry   : Registered SqmFunctionTemplate [org.hibernate.query.sqm.function.PatternBasedSqmFunctionDescriptor@66048c9e] under position; prior registration was org.hibernate.dialect.function.LocatePositionEmulation@56e78538
2025-03-14T22:00:29.724-05:00 DEBUG 46911 --- [flight-booking] [           main] o.h.q.sqm.function.SqmFunctionRegistry   : Registered SqmFunctionTemplate [NamedSqmFunctionTemplate(curtime)] under curtime; prior registration was null
2025-03-14T22:00:29.724-05:00 DEBUG 46911 --- [flight-booking] [           main] o.h.q.sqm.function.SqmFunctionRegistry   : Registered SqmFunctionTemplate [NamedSqmFunctionTemplate(curdate)] under curdate; prior registration was null
2025-03-14T22:00:29.724-05:00 DEBUG 46911 --- [flight-booking] [           main] o.h.q.sqm.function.SqmFunctionRegistry   : Registered SqmFunctionTemplate [NamedSqmFunctionTemplate(now)] under now; prior registration was null
2025-03-14T22:00:29.744-05:00 DEBUG 46911 --- [flight-booking] [           main] o.h.q.sqm.function.SqmFunctionRegistry   : Registered SqmFunctionTemplate [org.hibernate.dialect.function.TruncFunction@690e4b00] under trunc; prior registration was null
2025-03-14T22:00:29.745-05:00 DEBUG 46911 --- [flight-booking] [           main] o.h.q.sqm.function.SqmFunctionRegistry   : Registering alternate key : truncate -> trunc
2025-03-14T22:00:29.745-05:00 DEBUG 46911 --- [flight-booking] [           main] o.h.q.sqm.function.SqmFunctionRegistry   : Registered SqmFunctionTemplate [NamedSqmFunctionTemplate(insert)] under insert; prior registration was null
2025-03-14T22:00:29.746-05:00 DEBUG 46911 --- [flight-booking] [           main] o.h.q.sqm.function.SqmFunctionRegistry   : Registered SqmFunctionTemplate [org.hibernate.query.sqm.function.PatternBasedSqmFunctionDescriptor@5e3d84a] under bitand; prior registration was null
2025-03-14T22:00:29.747-05:00 DEBUG 46911 --- [flight-booking] [           main] o.h.q.sqm.function.SqmFunctionRegistry   : Registered SqmFunctionTemplate [org.hibernate.query.sqm.function.PatternBasedSqmFunctionDescriptor@2728add3] under bitor; prior registration was null
2025-03-14T22:00:29.747-05:00 DEBUG 46911 --- [flight-booking] [           main] o.h.q.sqm.function.SqmFunctionRegistry   : Registered SqmFunctionTemplate [org.hibernate.query.sqm.function.PatternBasedSqmFunctionDescriptor@4fce3ed7] under bitxor; prior registration was null
2025-03-14T22:00:29.747-05:00 DEBUG 46911 --- [flight-booking] [           main] o.h.q.sqm.function.SqmFunctionRegistry   : Registered SqmFunctionTemplate [org.hibernate.query.sqm.function.PatternBasedSqmFunctionDescriptor@54033a65] under bitnot; prior registration was null
2025-03-14T22:00:29.747-05:00 DEBUG 46911 --- [flight-booking] [           main] o.h.q.sqm.function.SqmFunctionRegistry   : Registered SqmFunctionTemplate [NamedSqmFunctionTemplate(bit_and)] under bit_and; prior registration was null
2025-03-14T22:00:29.747-05:00 DEBUG 46911 --- [flight-booking] [           main] o.h.q.sqm.function.SqmFunctionRegistry   : Registered SqmFunctionTemplate [NamedSqmFunctionTemplate(bit_or)] under bit_or; prior registration was null
2025-03-14T22:00:29.747-05:00 DEBUG 46911 --- [flight-booking] [           main] o.h.q.sqm.function.SqmFunctionRegistry   : Registered SqmFunctionTemplate [NamedSqmFunctionTemplate(stddev)] under stddev; prior registration was null
2025-03-14T22:00:29.747-05:00 DEBUG 46911 --- [flight-booking] [           main] o.h.q.sqm.function.SqmFunctionRegistry   : Registered SqmFunctionTemplate [NamedSqmFunctionTemplate(stddev_pop)] under stddev_pop; prior registration was null
2025-03-14T22:00:29.747-05:00 DEBUG 46911 --- [flight-booking] [           main] o.h.q.sqm.function.SqmFunctionRegistry   : Registered SqmFunctionTemplate [NamedSqmFunctionTemplate(stddev_samp)] under stddev_samp; prior registration was null
2025-03-14T22:00:29.747-05:00 DEBUG 46911 --- [flight-booking] [           main] o.h.q.sqm.function.SqmFunctionRegistry   : Registered SqmFunctionTemplate [NamedSqmFunctionTemplate(variance)] under variance; prior registration was null
2025-03-14T22:00:29.747-05:00 DEBUG 46911 --- [flight-booking] [           main] o.h.q.sqm.function.SqmFunctionRegistry   : Registered SqmFunctionTemplate [NamedSqmFunctionTemplate(var_pop)] under var_pop; prior registration was null
2025-03-14T22:00:29.747-05:00 DEBUG 46911 --- [flight-booking] [           main] o.h.q.sqm.function.SqmFunctionRegistry   : Registered SqmFunctionTemplate [NamedSqmFunctionTemplate(var_samp)] under var_samp; prior registration was null
2025-03-14T22:00:29.747-05:00 DEBUG 46911 --- [flight-booking] [           main] o.h.q.sqm.function.SqmFunctionRegistry   : Registered SqmFunctionTemplate [NamedSqmFunctionTemplate(datediff)] under datediff; prior registration was null
2025-03-14T22:00:29.747-05:00 DEBUG 46911 --- [flight-booking] [           main] o.h.q.sqm.function.SqmFunctionRegistry   : Registered SqmFunctionTemplate [NamedSqmFunctionTemplate(adddate)] under adddate; prior registration was null
2025-03-14T22:00:29.747-05:00 DEBUG 46911 --- [flight-booking] [           main] o.h.q.sqm.function.SqmFunctionRegistry   : Registered SqmFunctionTemplate [NamedSqmFunctionTemplate(subdate)] under subdate; prior registration was null
2025-03-14T22:00:29.748-05:00 DEBUG 46911 --- [flight-booking] [           main] o.h.q.sqm.function.SqmFunctionRegistry   : Registered SqmFunctionTemplate [NamedSqmFunctionTemplate(addtime)] under addtime; prior registration was null
2025-03-14T22:00:29.748-05:00 DEBUG 46911 --- [flight-booking] [           main] o.h.q.sqm.function.SqmFunctionRegistry   : Registered SqmFunctionTemplate [NamedSqmFunctionTemplate(subtime)] under subtime; prior registration was null
2025-03-14T22:00:29.748-05:00 DEBUG 46911 --- [flight-booking] [           main] o.h.q.sqm.function.SqmFunctionRegistry   : Registered SqmFunctionTemplate [org.hibernate.dialect.function.FormatFunction@4fb99927] under format; prior registration was org.hibernate.dialect.function.FormatFunction@28654aff
2025-03-14T22:00:29.748-05:00 DEBUG 46911 --- [flight-booking] [           main] o.h.q.sqm.function.SqmFunctionRegistry   : Registered SqmFunctionTemplate [NamedSqmFunctionTemplate(makedate)] under makedate; prior registration was null
2025-03-14T22:00:29.748-05:00 DEBUG 46911 --- [flight-booking] [           main] o.h.q.sqm.function.SqmFunctionRegistry   : Registered SqmFunctionTemplate [NamedSqmFunctionTemplate(maketime)] under maketime; prior registration was null
2025-03-14T22:00:29.748-05:00 DEBUG 46911 --- [flight-booking] [           main] o.h.q.sqm.function.SqmFunctionRegistry   : Registered SqmFunctionTemplate [NamedSqmFunctionTemplate(localtime)] under localtime; prior registration was null
2025-03-14T22:00:29.748-05:00 DEBUG 46911 --- [flight-booking] [           main] o.h.q.sqm.function.SqmFunctionRegistry   : Registered SqmFunctionTemplate [NamedSqmFunctionTemplate(localtimestamp)] under localtimestamp; prior registration was null
2025-03-14T22:00:29.748-05:00 DEBUG 46911 --- [flight-booking] [           main] o.h.q.sqm.function.SqmFunctionRegistry   : Registered SqmFunctionTemplate [NamedSqmFunctionTemplate(localtime)] under local_time; prior registration was org.hibernate.dialect.function.CurrentFunction@67689c81
2025-03-14T22:00:29.748-05:00 DEBUG 46911 --- [flight-booking] [           main] o.h.q.sqm.function.SqmFunctionRegistry   : Registered SqmFunctionTemplate [NamedSqmFunctionTemplate(localtimestamp)] under local_datetime; prior registration was org.hibernate.dialect.function.CurrentFunction@21a0795f
2025-03-14T22:00:29.748-05:00 DEBUG 46911 --- [flight-booking] [           main] o.h.q.sqm.function.SqmFunctionRegistry   : Registered SqmFunctionTemplate [NamedSqmFunctionTemplate(localtime)] under localtime; prior registration was NamedSqmFunctionTemplate(localtime)
2025-03-14T22:00:29.748-05:00 DEBUG 46911 --- [flight-booking] [           main] o.h.q.sqm.function.SqmFunctionRegistry   : Registered SqmFunctionTemplate [org.hibernate.query.sqm.function.PatternBasedSqmFunctionDescriptor@2d9df336] under pi; prior registration was org.hibernate.query.sqm.function.PatternBasedSqmFunctionDescriptor@7adbec34
2025-03-14T22:00:29.748-05:00 DEBUG 46911 --- [flight-booking] [           main] o.h.q.sqm.function.SqmFunctionRegistry   : Registered SqmFunctionTemplate [org.hibernate.query.sqm.function.PatternBasedSqmFunctionDescriptor@131b58d4] under chr; prior registration was null
2025-03-14T22:00:29.748-05:00 DEBUG 46911 --- [flight-booking] [           main] o.h.q.sqm.function.SqmFunctionRegistry   : Registering alternate key : char -> chr
2025-03-14T22:00:29.748-05:00 DEBUG 46911 --- [flight-booking] [           main] o.h.q.sqm.function.SqmFunctionRegistry   : Registered SqmFunctionTemplate [org.hibernate.query.sqm.function.PatternBasedSqmFunctionDescriptor@5e8698c0] under sysdate; prior registration was null
2025-03-14T22:00:29.748-05:00 DEBUG 46911 --- [flight-booking] [           main] o.h.q.sqm.function.SqmFunctionRegistry   : Registered SqmFunctionTemplate [NamedSqmFunctionTemplate(row_number)] under row_number; prior registration was null
2025-03-14T22:00:29.749-05:00 DEBUG 46911 --- [flight-booking] [           main] o.h.q.sqm.function.SqmFunctionRegistry   : Registered SqmFunctionTemplate [NamedSqmFunctionTemplate(lag)] under lag; prior registration was null
2025-03-14T22:00:29.749-05:00 DEBUG 46911 --- [flight-booking] [           main] o.h.q.sqm.function.SqmFunctionRegistry   : Registered SqmFunctionTemplate [NamedSqmFunctionTemplate(lead)] under lead; prior registration was null
2025-03-14T22:00:29.749-05:00 DEBUG 46911 --- [flight-booking] [           main] o.h.q.sqm.function.SqmFunctionRegistry   : Registered SqmFunctionTemplate [NamedSqmFunctionTemplate(first_value)] under first_value; prior registration was null
2025-03-14T22:00:29.749-05:00 DEBUG 46911 --- [flight-booking] [           main] o.h.q.sqm.function.SqmFunctionRegistry   : Registered SqmFunctionTemplate [NamedSqmFunctionTemplate(last_value)] under last_value; prior registration was null
2025-03-14T22:00:29.749-05:00 DEBUG 46911 --- [flight-booking] [           main] o.h.q.sqm.function.SqmFunctionRegistry   : Registered SqmFunctionTemplate [NamedSqmFunctionTemplate(nth_value)] under nth_value; prior registration was null
2025-03-14T22:00:29.753-05:00 DEBUG 46911 --- [flight-booking] [           main] o.h.q.sqm.function.SqmFunctionRegistry   : Registered SqmFunctionTemplate [org.hibernate.dialect.function.HypotheticalSetWindowEmulation@46590dd0] under rank; prior registration was null
2025-03-14T22:00:29.753-05:00 DEBUG 46911 --- [flight-booking] [           main] o.h.q.sqm.function.SqmFunctionRegistry   : Registered SqmFunctionTemplate [org.hibernate.dialect.function.HypotheticalSetWindowEmulation@6c737fdb] under dense_rank; prior registration was null
2025-03-14T22:00:29.754-05:00 DEBUG 46911 --- [flight-booking] [           main] o.h.q.sqm.function.SqmFunctionRegistry   : Registered SqmFunctionTemplate [org.hibernate.dialect.function.HypotheticalSetWindowEmulation@66a93b25] under percent_rank; prior registration was null
2025-03-14T22:00:29.754-05:00 DEBUG 46911 --- [flight-booking] [           main] o.h.q.sqm.function.SqmFunctionRegistry   : Registered SqmFunctionTemplate [org.hibernate.dialect.function.HypotheticalSetWindowEmulation@3f3f554f] under cume_dist; prior registration was null
2025-03-14T22:00:29.758-05:00 DEBUG 46911 --- [flight-booking] [           main] o.h.q.sqm.function.SqmFunctionRegistry   : Registered SqmFunctionTemplate [org.hibernate.dialect.function.ListaggGroupConcatEmulation@2c731a16] under listagg; prior registration was null
2025-03-14T22:00:29.761-05:00 DEBUG 46911 --- [flight-booking] [           main] org.hibernate.HQL_FUNCTIONS              : abs(NUMERIC arg)
2025-03-14T22:00:29.761-05:00 DEBUG 46911 --- [flight-booking] [           main] org.hibernate.HQL_FUNCTIONS              : Double acos(NUMERIC arg)
2025-03-14T22:00:29.761-05:00 DEBUG 46911 --- [flight-booking] [           main] org.hibernate.HQL_FUNCTIONS              : adddate(DATE datetime, INTEGER days)
2025-03-14T22:00:29.761-05:00 DEBUG 46911 --- [flight-booking] [           main] org.hibernate.HQL_FUNCTIONS              : addtime(TIME datetime, TIME time)
2025-03-14T22:00:29.761-05:00 DEBUG 46911 --- [flight-booking] [           main] org.hibernate.HQL_FUNCTIONS              : Boolean any(BOOLEAN arg)
2025-03-14T22:00:29.762-05:00 DEBUG 46911 --- [flight-booking] [           main] org.hibernate.HQL_FUNCTIONS              : Integer ascii(STRING arg)
2025-03-14T22:00:29.762-05:00 DEBUG 46911 --- [flight-booking] [           main] org.hibernate.HQL_FUNCTIONS              : Double asin(NUMERIC arg)
2025-03-14T22:00:29.762-05:00 DEBUG 46911 --- [flight-booking] [           main] org.hibernate.HQL_FUNCTIONS              : Double atan(NUMERIC arg)
2025-03-14T22:00:29.763-05:00 DEBUG 46911 --- [flight-booking] [           main] org.hibernate.HQL_FUNCTIONS              : Double atan2(NUMERIC arg0, NUMERIC arg1)
2025-03-14T22:00:29.763-05:00 DEBUG 46911 --- [flight-booking] [           main] org.hibernate.HQL_FUNCTIONS              : avg(arg)
2025-03-14T22:00:29.763-05:00 DEBUG 46911 --- [flight-booking] [           main] org.hibernate.HQL_FUNCTIONS              : bit_and(arg)
2025-03-14T22:00:29.763-05:00 DEBUG 46911 --- [flight-booking] [           main] org.hibernate.HQL_FUNCTIONS              : Integer bit_length(STRING_OR_CLOB arg)
2025-03-14T22:00:29.763-05:00 DEBUG 46911 --- [flight-booking] [           main] org.hibernate.HQL_FUNCTIONS              : bit_or(arg)
2025-03-14T22:00:29.763-05:00 DEBUG 46911 --- [flight-booking] [           main] org.hibernate.HQL_FUNCTIONS              : bitand(arg0, arg1)
2025-03-14T22:00:29.763-05:00 DEBUG 46911 --- [flight-booking] [           main] org.hibernate.HQL_FUNCTIONS              : bitnot(arg)
2025-03-14T22:00:29.763-05:00 DEBUG 46911 --- [flight-booking] [           main] org.hibernate.HQL_FUNCTIONS              : bitor(arg0, arg1)
2025-03-14T22:00:29.763-05:00 DEBUG 46911 --- [flight-booking] [           main] org.hibernate.HQL_FUNCTIONS              : bitxor(arg0, arg1)
2025-03-14T22:00:29.763-05:00 DEBUG 46911 --- [flight-booking] [           main] org.hibernate.HQL_FUNCTIONS              : cast(arg as Type)
2025-03-14T22:00:29.763-05:00 DEBUG 46911 --- [flight-booking] [           main] org.hibernate.HQL_FUNCTIONS              : ceiling(NUMERIC arg)
2025-03-14T22:00:29.763-05:00 DEBUG 46911 --- [flight-booking] [           main] org.hibernate.HQL_FUNCTIONS              : Character char(INTEGER arg)
2025-03-14T22:00:29.764-05:00 DEBUG 46911 --- [flight-booking] [           main] org.hibernate.HQL_FUNCTIONS              : Integer character_length(STRING_OR_CLOB arg)
2025-03-14T22:00:29.764-05:00 DEBUG 46911 --- [flight-booking] [           main] org.hibernate.HQL_FUNCTIONS              : Character chr(INTEGER arg)
2025-03-14T22:00:29.764-05:00 DEBUG 46911 --- [flight-booking] [           main] org.hibernate.HQL_FUNCTIONS              : coalesce(arg0[, arg1[, ...]])
2025-03-14T22:00:29.764-05:00 DEBUG 46911 --- [flight-booking] [           main] org.hibernate.HQL_FUNCTIONS              : String collate(STRING string as COLLATION collation)
2025-03-14T22:00:29.764-05:00 DEBUG 46911 --- [flight-booking] [           main] org.hibernate.HQL_FUNCTIONS              : String concat(STRING string0[, STRING string1[, ...]])
2025-03-14T22:00:29.764-05:00 DEBUG 46911 --- [flight-booking] [           main] org.hibernate.HQL_FUNCTIONS              : Double cos(NUMERIC arg)
2025-03-14T22:00:29.764-05:00 DEBUG 46911 --- [flight-booking] [           main] org.hibernate.HQL_FUNCTIONS              : Double cosh(NUMERIC arg)
2025-03-14T22:00:29.764-05:00 DEBUG 46911 --- [flight-booking] [           main] org.hibernate.HQL_FUNCTIONS              : Double cot(NUMERIC arg)
2025-03-14T22:00:29.764-05:00 DEBUG 46911 --- [flight-booking] [           main] org.hibernate.HQL_FUNCTIONS              : Long count([distinct ]{arg|*})
2025-03-14T22:00:29.765-05:00 DEBUG 46911 --- [flight-booking] [           main] org.hibernate.HQL_FUNCTIONS              : Integer crc32(arg)
2025-03-14T22:00:29.765-05:00 DEBUG 46911 --- [flight-booking] [           main] org.hibernate.HQL_FUNCTIONS              : Double cume_dist([arg0[, ...]])
2025-03-14T22:00:29.765-05:00 DEBUG 46911 --- [flight-booking] [           main] org.hibernate.HQL_FUNCTIONS              : Date curdate()
2025-03-14T22:00:29.766-05:00 DEBUG 46911 --- [flight-booking] [           main] org.hibernate.HQL_FUNCTIONS              : Date current date
2025-03-14T22:00:29.819-05:00 DEBUG 46911 --- [flight-booking] [           main] org.hibernate.HQL_FUNCTIONS              : Time current time
2025-03-14T22:00:29.835-05:00 DEBUG 46911 --- [flight-booking] [           main] org.hibernate.HQL_FUNCTIONS              : Timestamp current timestamp
2025-03-14T22:00:29.840-05:00 DEBUG 46911 --- [flight-booking] [           main] org.hibernate.HQL_FUNCTIONS              : Date current_date
2025-03-14T22:00:29.841-05:00 DEBUG 46911 --- [flight-booking] [           main] org.hibernate.HQL_FUNCTIONS              : Instant current_instant
2025-03-14T22:00:29.841-05:00 DEBUG 46911 --- [flight-booking] [           main] org.hibernate.HQL_FUNCTIONS              : Time current_time
2025-03-14T22:00:29.841-05:00 DEBUG 46911 --- [flight-booking] [           main] org.hibernate.HQL_FUNCTIONS              : Timestamp current_timestamp
2025-03-14T22:00:29.841-05:00 DEBUG 46911 --- [flight-booking] [           main] org.hibernate.HQL_FUNCTIONS              : Time curtime()
2025-03-14T22:00:29.841-05:00 DEBUG 46911 --- [flight-booking] [           main] org.hibernate.HQL_FUNCTIONS              : Date date(arg)
2025-03-14T22:00:29.841-05:00 DEBUG 46911 --- [flight-booking] [           main] org.hibernate.HQL_FUNCTIONS              : dateadd(TEMPORAL_UNIT field, INTEGER magnitude, TEMPORAL datetime)
2025-03-14T22:00:29.841-05:00 DEBUG 46911 --- [flight-booking] [           main] org.hibernate.HQL_FUNCTIONS              : Integer datediff(DATE end, DATE start)
2025-03-14T22:00:29.841-05:00 DEBUG 46911 --- [flight-booking] [           main] org.hibernate.HQL_FUNCTIONS              : Integer day(DATE arg)
2025-03-14T22:00:29.841-05:00 DEBUG 46911 --- [flight-booking] [           main] org.hibernate.HQL_FUNCTIONS              : String dayname(DATE arg)
2025-03-14T22:00:29.841-05:00 DEBUG 46911 --- [flight-booking] [           main] org.hibernate.HQL_FUNCTIONS              : Integer dayofmonth(DATE arg)
2025-03-14T22:00:29.841-05:00 DEBUG 46911 --- [flight-booking] [           main] org.hibernate.HQL_FUNCTIONS              : Integer dayofweek(DATE arg)
2025-03-14T22:00:29.841-05:00 DEBUG 46911 --- [flight-booking] [           main] org.hibernate.HQL_FUNCTIONS              : Integer dayofyear(DATE arg)
2025-03-14T22:00:29.841-05:00 DEBUG 46911 --- [flight-booking] [           main] org.hibernate.HQL_FUNCTIONS              : Double degrees(NUMERIC arg)
2025-03-14T22:00:29.841-05:00 DEBUG 46911 --- [flight-booking] [           main] org.hibernate.HQL_FUNCTIONS              : Long dense_rank([arg0[, ...]])
2025-03-14T22:00:29.841-05:00 DEBUG 46911 --- [flight-booking] [           main] org.hibernate.HQL_FUNCTIONS              : Boolean every(BOOLEAN arg)
2025-03-14T22:00:29.841-05:00 DEBUG 46911 --- [flight-booking] [           main] org.hibernate.HQL_FUNCTIONS              : Double exp(NUMERIC arg)
2025-03-14T22:00:29.841-05:00 DEBUG 46911 --- [flight-booking] [           main] org.hibernate.HQL_FUNCTIONS              : extract(TEMPORAL_UNIT field from TEMPORAL arg)
2025-03-14T22:00:29.841-05:00 DEBUG 46911 --- [flight-booking] [           main] org.hibernate.HQL_FUNCTIONS              : first_valueANY value
2025-03-14T22:00:29.841-05:00 DEBUG 46911 --- [flight-booking] [           main] org.hibernate.HQL_FUNCTIONS              : floor(NUMERIC arg)
2025-03-14T22:00:29.842-05:00 DEBUG 46911 --- [flight-booking] [           main] org.hibernate.HQL_FUNCTIONS              : String format(TEMPORAL datetime as STRING pattern)
2025-03-14T22:00:29.842-05:00 DEBUG 46911 --- [flight-booking] [           main] org.hibernate.HQL_FUNCTIONS              : greatest(COMPARABLE arg0, COMPARABLE arg1[, arg2[, ...]])
2025-03-14T22:00:29.842-05:00 DEBUG 46911 --- [flight-booking] [           main] org.hibernate.HQL_FUNCTIONS              : Integer hour(TIME arg)
2025-03-14T22:00:29.842-05:00 DEBUG 46911 --- [flight-booking] [           main] org.hibernate.HQL_FUNCTIONS              : ifnull(arg0, arg1)
2025-03-14T22:00:29.843-05:00 DEBUG 46911 --- [flight-booking] [           main] org.hibernate.HQL_FUNCTIONS              : String insert(STRING string, INTEGER start, INTEGER length, STRING replacement)
2025-03-14T22:00:29.843-05:00 DEBUG 46911 --- [flight-booking] [           main] org.hibernate.HQL_FUNCTIONS              : Instant instant
2025-03-14T22:00:29.843-05:00 DEBUG 46911 --- [flight-booking] [           main] org.hibernate.HQL_FUNCTIONS              : Integer instr(STRING string, STRING pattern[, INTEGER start[, INTEGER occurrence]])
2025-03-14T22:00:29.843-05:00 DEBUG 46911 --- [flight-booking] [           main] org.hibernate.HQL_FUNCTIONS              : lagANY value[, INTEGER offset[, ANY default]]
2025-03-14T22:00:29.844-05:00 DEBUG 46911 --- [flight-booking] [           main] org.hibernate.HQL_FUNCTIONS              : Date last_day(DATE arg)
2025-03-14T22:00:29.844-05:00 DEBUG 46911 --- [flight-booking] [           main] org.hibernate.HQL_FUNCTIONS              : last_valueANY value
2025-03-14T22:00:29.844-05:00 DEBUG 46911 --- [flight-booking] [           main] org.hibernate.HQL_FUNCTIONS              : leadANY value[, INTEGER offset[, ANY default]]
2025-03-14T22:00:29.844-05:00 DEBUG 46911 --- [flight-booking] [           main] org.hibernate.HQL_FUNCTIONS              : least(COMPARABLE arg0, COMPARABLE arg1[, arg2[, ...]])
2025-03-14T22:00:29.844-05:00 DEBUG 46911 --- [flight-booking] [           main] org.hibernate.HQL_FUNCTIONS              : String left(STRING string, INTEGER length)
2025-03-14T22:00:29.844-05:00 DEBUG 46911 --- [flight-booking] [           main] org.hibernate.HQL_FUNCTIONS              : Integer length(STRING_OR_CLOB arg)
2025-03-14T22:00:29.844-05:00 DEBUG 46911 --- [flight-booking] [           main] org.hibernate.HQL_FUNCTIONS              : String listagg(STRING arg0, STRING arg1)
2025-03-14T22:00:29.844-05:00 DEBUG 46911 --- [flight-booking] [           main] org.hibernate.HQL_FUNCTIONS              : Double ln(NUMERIC arg)
2025-03-14T22:00:29.844-05:00 DEBUG 46911 --- [flight-booking] [           main] org.hibernate.HQL_FUNCTIONS              : LocalDate local date
2025-03-14T22:00:29.844-05:00 DEBUG 46911 --- [flight-booking] [           main] org.hibernate.HQL_FUNCTIONS              : LocalDateTime local datetime
2025-03-14T22:00:29.844-05:00 DEBUG 46911 --- [flight-booking] [           main] org.hibernate.HQL_FUNCTIONS              : LocalTime local time
2025-03-14T22:00:29.844-05:00 DEBUG 46911 --- [flight-booking] [           main] org.hibernate.HQL_FUNCTIONS              : LocalDate local_date
2025-03-14T22:00:29.844-05:00 DEBUG 46911 --- [flight-booking] [           main] org.hibernate.HQL_FUNCTIONS              : LocalDateTime local_datetime
2025-03-14T22:00:29.844-05:00 DEBUG 46911 --- [flight-booking] [           main] org.hibernate.HQL_FUNCTIONS              : LocalTime local_time
2025-03-14T22:00:29.844-05:00 DEBUG 46911 --- [flight-booking] [           main] org.hibernate.HQL_FUNCTIONS              : Timestamp localtime
2025-03-14T22:00:29.844-05:00 DEBUG 46911 --- [flight-booking] [           main] org.hibernate.HQL_FUNCTIONS              : Timestamp localtimestamp
2025-03-14T22:00:29.844-05:00 DEBUG 46911 --- [flight-booking] [           main] org.hibernate.HQL_FUNCTIONS              : Integer locate(STRING pattern, STRING string[, INTEGER start])
2025-03-14T22:00:29.853-05:00 DEBUG 46911 --- [flight-booking] [           main] org.hibernate.HQL_FUNCTIONS              : Double log(NUMERIC arg0[, NUMERIC arg1])
2025-03-14T22:00:29.856-05:00 DEBUG 46911 --- [flight-booking] [           main] org.hibernate.HQL_FUNCTIONS              : Double log10(NUMERIC arg)
2025-03-14T22:00:29.856-05:00 DEBUG 46911 --- [flight-booking] [           main] org.hibernate.HQL_FUNCTIONS              : Double log2(NUMERIC arg)
2025-03-14T22:00:29.856-05:00 DEBUG 46911 --- [flight-booking] [           main] org.hibernate.HQL_FUNCTIONS              : String lower(STRING string)
2025-03-14T22:00:29.856-05:00 DEBUG 46911 --- [flight-booking] [           main] org.hibernate.HQL_FUNCTIONS              : String lpad(string, length[, padding])
2025-03-14T22:00:29.856-05:00 DEBUG 46911 --- [flight-booking] [           main] org.hibernate.HQL_FUNCTIONS              : String ltrim(STRING string[, STRING characters])
2025-03-14T22:00:29.856-05:00 DEBUG 46911 --- [flight-booking] [           main] org.hibernate.HQL_FUNCTIONS              : Date makedate(INTEGER year, INTEGER dayofyear)
2025-03-14T22:00:29.856-05:00 DEBUG 46911 --- [flight-booking] [           main] org.hibernate.HQL_FUNCTIONS              : Time maketime(INTEGER hour, INTEGER min, INTEGER sec)
2025-03-14T22:00:29.856-05:00 DEBUG 46911 --- [flight-booking] [           main] org.hibernate.HQL_FUNCTIONS              : max(COMPARABLE arg)
2025-03-14T22:00:29.856-05:00 DEBUG 46911 --- [flight-booking] [           main] org.hibernate.HQL_FUNCTIONS              : String md5(arg)
2025-03-14T22:00:29.857-05:00 DEBUG 46911 --- [flight-booking] [           main] org.hibernate.HQL_FUNCTIONS              : Integer microsecond(TIME arg)
2025-03-14T22:00:29.858-05:00 DEBUG 46911 --- [flight-booking] [           main] org.hibernate.HQL_FUNCTIONS              : min(COMPARABLE arg)
2025-03-14T22:00:29.859-05:00 DEBUG 46911 --- [flight-booking] [           main] org.hibernate.HQL_FUNCTIONS              : Integer minute(TIME arg)
2025-03-14T22:00:29.859-05:00 DEBUG 46911 --- [flight-booking] [           main] org.hibernate.HQL_FUNCTIONS              : Integer mod(INTEGER arg0, INTEGER arg1)
2025-03-14T22:00:29.859-05:00 DEBUG 46911 --- [flight-booking] [           main] org.hibernate.HQL_FUNCTIONS              : Integer month(DATE arg)
2025-03-14T22:00:29.859-05:00 DEBUG 46911 --- [flight-booking] [           main] org.hibernate.HQL_FUNCTIONS              : String monthname(DATE arg)
2025-03-14T22:00:29.859-05:00 DEBUG 46911 --- [flight-booking] [           main] org.hibernate.HQL_FUNCTIONS              : Timestamp now()
2025-03-14T22:00:29.859-05:00 DEBUG 46911 --- [flight-booking] [           main] org.hibernate.HQL_FUNCTIONS              : nth_valueANY value, INTEGER nth
2025-03-14T22:00:29.859-05:00 DEBUG 46911 --- [flight-booking] [           main] org.hibernate.HQL_FUNCTIONS              : nullif(arg0, arg1)
2025-03-14T22:00:29.859-05:00 DEBUG 46911 --- [flight-booking] [           main] org.hibernate.HQL_FUNCTIONS              : Integer octet_length(STRING_OR_CLOB arg)
2025-03-14T22:00:29.859-05:00 DEBUG 46911 --- [flight-booking] [           main] org.hibernate.HQL_FUNCTIONS              : OffsetDateTime offset datetime
2025-03-14T22:00:29.859-05:00 DEBUG 46911 --- [flight-booking] [           main] org.hibernate.HQL_FUNCTIONS              : OffsetDateTime offset_datetime
2025-03-14T22:00:29.859-05:00 DEBUG 46911 --- [flight-booking] [           main] org.hibernate.HQL_FUNCTIONS              : String overlay(STRING string placing STRING replacement from INTEGER start[ for INTEGER length])
2025-03-14T22:00:29.859-05:00 DEBUG 46911 --- [flight-booking] [           main] org.hibernate.HQL_FUNCTIONS              : String pad(STRING string with INTEGER length {leading|trailing}[ STRING character])
2025-03-14T22:00:29.859-05:00 DEBUG 46911 --- [flight-booking] [           main] org.hibernate.HQL_FUNCTIONS              : Double percent_rank([arg0[, ...]])
2025-03-14T22:00:29.861-05:00 DEBUG 46911 --- [flight-booking] [           main] org.hibernate.HQL_FUNCTIONS              : Double pi
2025-03-14T22:00:29.862-05:00 DEBUG 46911 --- [flight-booking] [           main] org.hibernate.HQL_FUNCTIONS              : Integer position(STRING pattern in STRING string)
2025-03-14T22:00:29.862-05:00 DEBUG 46911 --- [flight-booking] [           main] org.hibernate.HQL_FUNCTIONS              : Double power(NUMERIC arg0, NUMERIC arg1)
2025-03-14T22:00:29.862-05:00 DEBUG 46911 --- [flight-booking] [           main] org.hibernate.HQL_FUNCTIONS              : Integer quarter(DATE arg)
2025-03-14T22:00:29.862-05:00 DEBUG 46911 --- [flight-booking] [           main] org.hibernate.HQL_FUNCTIONS              : Double radians(NUMERIC arg)
2025-03-14T22:00:29.862-05:00 DEBUG 46911 --- [flight-booking] [           main] org.hibernate.HQL_FUNCTIONS              : Double rand([INTEGER seed])
2025-03-14T22:00:29.863-05:00 DEBUG 46911 --- [flight-booking] [           main] org.hibernate.HQL_FUNCTIONS              : Long rank([arg0[, ...]])
2025-03-14T22:00:29.863-05:00 DEBUG 46911 --- [flight-booking] [           main] org.hibernate.HQL_FUNCTIONS              : String repeat(STRING string, INTEGER times)
2025-03-14T22:00:29.863-05:00 DEBUG 46911 --- [flight-booking] [           main] org.hibernate.HQL_FUNCTIONS              : String replace(STRING string, STRING pattern, STRING replacement)
2025-03-14T22:00:29.863-05:00 DEBUG 46911 --- [flight-booking] [           main] org.hibernate.HQL_FUNCTIONS              : String reverse(STRING arg)
2025-03-14T22:00:29.863-05:00 DEBUG 46911 --- [flight-booking] [           main] org.hibernate.HQL_FUNCTIONS              : String right(STRING string, INTEGER length)
2025-03-14T22:00:29.863-05:00 DEBUG 46911 --- [flight-booking] [           main] org.hibernate.HQL_FUNCTIONS              : round(NUMERIC number[, INTEGER places])
2025-03-14T22:00:29.863-05:00 DEBUG 46911 --- [flight-booking] [           main] org.hibernate.HQL_FUNCTIONS              : Long row_number()
2025-03-14T22:00:29.863-05:00 DEBUG 46911 --- [flight-booking] [           main] org.hibernate.HQL_FUNCTIONS              : String rpad(string, length[, padding])
2025-03-14T22:00:29.863-05:00 DEBUG 46911 --- [flight-booking] [           main] org.hibernate.HQL_FUNCTIONS              : String rtrim(STRING string[, STRING characters])
2025-03-14T22:00:29.863-05:00 DEBUG 46911 --- [flight-booking] [           main] org.hibernate.HQL_FUNCTIONS              : Integer second(TIME arg)
2025-03-14T22:00:29.863-05:00 DEBUG 46911 --- [flight-booking] [           main] org.hibernate.HQL_FUNCTIONS              : String sha(arg)
2025-03-14T22:00:29.863-05:00 DEBUG 46911 --- [flight-booking] [           main] org.hibernate.HQL_FUNCTIONS              : String sha1(arg)
2025-03-14T22:00:29.863-05:00 DEBUG 46911 --- [flight-booking] [           main] org.hibernate.HQL_FUNCTIONS              : String sha2(arg0, arg1)
2025-03-14T22:00:29.863-05:00 DEBUG 46911 --- [flight-booking] [           main] org.hibernate.HQL_FUNCTIONS              : Integer sign(NUMERIC arg)
2025-03-14T22:00:29.863-05:00 DEBUG 46911 --- [flight-booking] [           main] org.hibernate.HQL_FUNCTIONS              : Double sin(NUMERIC arg)
2025-03-14T22:00:29.863-05:00 DEBUG 46911 --- [flight-booking] [           main] org.hibernate.HQL_FUNCTIONS              : Double sinh(NUMERIC arg)
2025-03-14T22:00:29.863-05:00 DEBUG 46911 --- [flight-booking] [           main] org.hibernate.HQL_FUNCTIONS              : String soundex(arg)
2025-03-14T22:00:29.863-05:00 DEBUG 46911 --- [flight-booking] [           main] org.hibernate.HQL_FUNCTIONS              : String space(INTEGER arg)
2025-03-14T22:00:29.865-05:00 DEBUG 46911 --- [flight-booking] [           main] org.hibernate.HQL_FUNCTIONS              : Object sql
2025-03-14T22:00:29.865-05:00 DEBUG 46911 --- [flight-booking] [           main] org.hibernate.HQL_FUNCTIONS              : Double sqrt(NUMERIC arg)
2025-03-14T22:00:29.865-05:00 DEBUG 46911 --- [flight-booking] [           main] org.hibernate.HQL_FUNCTIONS              : Double stddev(NUMERIC arg)
2025-03-14T22:00:29.865-05:00 DEBUG 46911 --- [flight-booking] [           main] org.hibernate.HQL_FUNCTIONS              : Double stddev_pop(NUMERIC arg)
2025-03-14T22:00:29.865-05:00 DEBUG 46911 --- [flight-booking] [           main] org.hibernate.HQL_FUNCTIONS              : Double stddev_samp(NUMERIC arg)
2025-03-14T22:00:29.865-05:00 DEBUG 46911 --- [flight-booking] [           main] org.hibernate.HQL_FUNCTIONS              : String str(arg)
2025-03-14T22:00:29.865-05:00 DEBUG 46911 --- [flight-booking] [           main] org.hibernate.HQL_FUNCTIONS              : subdate(DATE datetime, INTEGER days)
2025-03-14T22:00:29.865-05:00 DEBUG 46911 --- [flight-booking] [           main] org.hibernate.HQL_FUNCTIONS              : String substr(STRING string, INTEGER start[, INTEGER length])
2025-03-14T22:00:29.865-05:00 DEBUG 46911 --- [flight-booking] [           main] org.hibernate.HQL_FUNCTIONS              : String substring(STRING string{ from|,} INTEGER start[{ for|,} INTEGER length])
2025-03-14T22:00:29.865-05:00 DEBUG 46911 --- [flight-booking] [           main] org.hibernate.HQL_FUNCTIONS              : subtime(TIME datetime, TIME time)
2025-03-14T22:00:29.865-05:00 DEBUG 46911 --- [flight-booking] [           main] org.hibernate.HQL_FUNCTIONS              : sum(arg)
2025-03-14T22:00:29.865-05:00 DEBUG 46911 --- [flight-booking] [           main] org.hibernate.HQL_FUNCTIONS              : Timestamp sysdate()
2025-03-14T22:00:29.866-05:00 DEBUG 46911 --- [flight-booking] [           main] org.hibernate.HQL_FUNCTIONS              : Double tan(NUMERIC arg)
2025-03-14T22:00:29.866-05:00 DEBUG 46911 --- [flight-booking] [           main] org.hibernate.HQL_FUNCTIONS              : Double tanh(NUMERIC arg)
2025-03-14T22:00:29.866-05:00 DEBUG 46911 --- [flight-booking] [           main] org.hibernate.HQL_FUNCTIONS              : String time(arg)
2025-03-14T22:00:29.866-05:00 DEBUG 46911 --- [flight-booking] [           main] org.hibernate.HQL_FUNCTIONS              : Timestamp timestamp(arg0[, arg1])
2025-03-14T22:00:29.866-05:00 DEBUG 46911 --- [flight-booking] [           main] org.hibernate.HQL_FUNCTIONS              : timestampadd(TEMPORAL_UNIT field, INTEGER magnitude, TEMPORAL datetime)
2025-03-14T22:00:29.867-05:00 DEBUG 46911 --- [flight-booking] [           main] org.hibernate.HQL_FUNCTIONS              : Long|Double timestampdiff(TEMPORAL_UNIT field, TEMPORAL start, TEMPORAL end)
2025-03-14T22:00:29.867-05:00 DEBUG 46911 --- [flight-booking] [           main] org.hibernate.HQL_FUNCTIONS              : String trim([[{leading|trailing|both} ][STRING arg0 ]from] STRING arg1)
2025-03-14T22:00:29.867-05:00 DEBUG 46911 --- [flight-booking] [           main] org.hibernate.HQL_FUNCTIONS              : trunc( ... )
2025-03-14T22:00:29.867-05:00 DEBUG 46911 --- [flight-booking] [           main] org.hibernate.HQL_FUNCTIONS              : truncate( ... )
2025-03-14T22:00:29.867-05:00 DEBUG 46911 --- [flight-booking] [           main] org.hibernate.HQL_FUNCTIONS              : String upper(STRING string)
2025-03-14T22:00:29.867-05:00 DEBUG 46911 --- [flight-booking] [           main] org.hibernate.HQL_FUNCTIONS              : Date utc_date
2025-03-14T22:00:29.867-05:00 DEBUG 46911 --- [flight-booking] [           main] org.hibernate.HQL_FUNCTIONS              : Time utc_time
2025-03-14T22:00:29.867-05:00 DEBUG 46911 --- [flight-booking] [           main] org.hibernate.HQL_FUNCTIONS              : Timestamp utc_timestamp
2025-03-14T22:00:29.867-05:00 DEBUG 46911 --- [flight-booking] [           main] org.hibernate.HQL_FUNCTIONS              : Double var_pop(NUMERIC arg)
2025-03-14T22:00:29.867-05:00 DEBUG 46911 --- [flight-booking] [           main] org.hibernate.HQL_FUNCTIONS              : Double var_samp(NUMERIC arg)
2025-03-14T22:00:29.867-05:00 DEBUG 46911 --- [flight-booking] [           main] org.hibernate.HQL_FUNCTIONS              : Double variance(NUMERIC arg)
2025-03-14T22:00:29.867-05:00 DEBUG 46911 --- [flight-booking] [           main] org.hibernate.HQL_FUNCTIONS              : Integer week(DATE arg)
2025-03-14T22:00:29.867-05:00 DEBUG 46911 --- [flight-booking] [           main] org.hibernate.HQL_FUNCTIONS              : Integer year(DATE arg)
2025-03-14T22:00:29.895-05:00 DEBUG 46911 --- [flight-booking] [           main] org.hibernate.orm.query.plan.cache       : Starting QueryInterpretationCache(2048)
2025-03-14T22:00:30.092-05:00 DEBUG 46911 --- [flight-booking] [           main] .h.s.i.SessionFactoryServiceRegistryImpl : EventListenerRegistry access via ServiceRegistry is deprecated.  Use `sessionFactory.getEventEngine().getListenerRegistry()` instead
2025-03-14T22:00:30.096-05:00 DEBUG 46911 --- [flight-booking] [           main] h.e.i.EntityCopyObserverFactoryInitiator : Configured EntityCopyObserver strategy: disallow
2025-03-14T22:00:30.342-05:00 DEBUG 46911 --- [flight-booking] [           main] org.hibernate.ormbytecode.interceptor    : To-one property `edu.miu.cs.cs425.backend.domain.entity.Flight#airline` was mapped with LAZY + NO_PROXY but the class was not enhanced
2025-03-14T22:00:30.344-05:00 DEBUG 46911 --- [flight-booking] [           main] org.hibernate.ormbytecode.interceptor    : To-one property `edu.miu.cs.cs425.backend.domain.entity.Flight#airline` was mapped with LAZY + NO_PROXY but the class was not enhanced
2025-03-14T22:00:30.353-05:00 DEBUG 46911 --- [flight-booking] [           main] org.hibernate.ormbytecode.interceptor    : To-one property `edu.miu.cs.cs425.backend.domain.entity.Flight#destination` was mapped with LAZY + NO_PROXY but the class was not enhanced
2025-03-14T22:00:30.354-05:00 DEBUG 46911 --- [flight-booking] [           main] org.hibernate.ormbytecode.interceptor    : To-one property `edu.miu.cs.cs425.backend.domain.entity.Flight#destination` was mapped with LAZY + NO_PROXY but the class was not enhanced
2025-03-14T22:00:30.354-05:00 DEBUG 46911 --- [flight-booking] [           main] org.hibernate.ormbytecode.interceptor    : To-one property `edu.miu.cs.cs425.backend.domain.entity.Flight#origin` was mapped with LAZY + NO_PROXY but the class was not enhanced
2025-03-14T22:00:30.354-05:00 DEBUG 46911 --- [flight-booking] [           main] org.hibernate.ormbytecode.interceptor    : To-one property `edu.miu.cs.cs425.backend.domain.entity.Flight#origin` was mapped with LAZY + NO_PROXY but the class was not enhanced
2025-03-14T22:00:30.354-05:00 DEBUG 46911 --- [flight-booking] [           main] o.h.boot.internal.ClassLoaderAccessImpl  : Not known whether passed class name [edu.miu.cs.cs425.backend.domain.entity.Flight] is safe
2025-03-14T22:00:30.354-05:00 DEBUG 46911 --- [flight-booking] [           main] o.h.boot.internal.ClassLoaderAccessImpl  : No temp ClassLoader provided; using live ClassLoader for loading potentially unsafe class : edu.miu.cs.cs425.backend.domain.entity.Flight
2025-03-14T22:00:30.629-05:00 DEBUG 46911 --- [flight-booking] [           main] o.h.b.i.bytebuddy.BytecodeProviderImpl   : HHH000513: Unable to create the ReflectionOptimizer for [edu.miu.cs.cs425.backend.domain.entity.Flight]: private accessor [airline]
2025-03-14T22:00:30.634-05:00 DEBUG 46911 --- [flight-booking] [           main] org.hibernate.ormbytecode.interceptor    : To-one property `edu.miu.cs.cs425.backend.domain.entity.Flight#airline` was mapped with LAZY + NO_PROXY but the class was not enhanced
2025-03-14T22:00:30.634-05:00 DEBUG 46911 --- [flight-booking] [           main] org.hibernate.ormbytecode.interceptor    : To-one property `edu.miu.cs.cs425.backend.domain.entity.Flight#destination` was mapped with LAZY + NO_PROXY but the class was not enhanced
2025-03-14T22:00:30.634-05:00 DEBUG 46911 --- [flight-booking] [           main] org.hibernate.ormbytecode.interceptor    : To-one property `edu.miu.cs.cs425.backend.domain.entity.Flight#origin` was mapped with LAZY + NO_PROXY but the class was not enhanced
2025-03-14T22:00:30.667-05:00 DEBUG 46911 --- [flight-booking] [           main] o.h.boot.internal.ClassLoaderAccessImpl  : Not known whether passed class name [edu.miu.cs.cs425.backend.domain.entity.Airline] is safe
2025-03-14T22:00:30.667-05:00 DEBUG 46911 --- [flight-booking] [           main] o.h.boot.internal.ClassLoaderAccessImpl  : No temp ClassLoader provided; using live ClassLoader for loading potentially unsafe class : edu.miu.cs.cs425.backend.domain.entity.Airline
2025-03-14T22:00:30.699-05:00 DEBUG 46911 --- [flight-booking] [           main] o.h.b.i.bytebuddy.BytecodeProviderImpl   : HHH000513: Unable to create the ReflectionOptimizer for [edu.miu.cs.cs425.backend.domain.entity.Airline]: private accessor [logoUrl]
2025-03-14T22:00:30.700-05:00 DEBUG 46911 --- [flight-booking] [           main] org.hibernate.ormbytecode.interceptor    : To-one property `edu.miu.cs.cs425.backend.domain.entity.FlightLeg#flight` was mapped with LAZY + NO_PROXY but the class was not enhanced
2025-03-14T22:00:30.700-05:00 DEBUG 46911 --- [flight-booking] [           main] org.hibernate.ormbytecode.interceptor    : To-one property `edu.miu.cs.cs425.backend.domain.entity.FlightLeg#flight` was mapped with LAZY + NO_PROXY but the class was not enhanced
2025-03-14T22:00:30.700-05:00 DEBUG 46911 --- [flight-booking] [           main] o.h.boot.internal.ClassLoaderAccessImpl  : Not known whether passed class name [edu.miu.cs.cs425.backend.domain.entity.FlightLeg] is safe
2025-03-14T22:00:30.700-05:00 DEBUG 46911 --- [flight-booking] [           main] o.h.boot.internal.ClassLoaderAccessImpl  : No temp ClassLoader provided; using live ClassLoader for loading potentially unsafe class : edu.miu.cs.cs425.backend.domain.entity.FlightLeg
2025-03-14T22:00:30.722-05:00 DEBUG 46911 --- [flight-booking] [           main] o.h.b.i.bytebuddy.BytecodeProviderImpl   : HHH000513: Unable to create the ReflectionOptimizer for [edu.miu.cs.cs425.backend.domain.entity.FlightLeg]: private accessor [flight]
2025-03-14T22:00:30.723-05:00 DEBUG 46911 --- [flight-booking] [           main] org.hibernate.ormbytecode.interceptor    : To-one property `edu.miu.cs.cs425.backend.domain.entity.FlightLeg#flight` was mapped with LAZY + NO_PROXY but the class was not enhanced
2025-03-14T22:00:30.723-05:00 DEBUG 46911 --- [flight-booking] [           main] o.h.boot.internal.ClassLoaderAccessImpl  : Not known whether passed class name [edu.miu.cs.cs425.backend.domain.entity.Airport] is safe
2025-03-14T22:00:30.723-05:00 DEBUG 46911 --- [flight-booking] [           main] o.h.boot.internal.ClassLoaderAccessImpl  : No temp ClassLoader provided; using live ClassLoader for loading potentially unsafe class : edu.miu.cs.cs425.backend.domain.entity.Airport
2025-03-14T22:00:30.749-05:00 DEBUG 46911 --- [flight-booking] [           main] o.h.b.i.bytebuddy.BytecodeProviderImpl   : HHH000513: Unable to create the ReflectionOptimizer for [edu.miu.cs.cs425.backend.domain.entity.Airport]: private accessor [city]
2025-03-14T22:00:30.762-05:00 DEBUG 46911 --- [flight-booking] [           main] o.h.boot.internal.ClassLoaderAccessImpl  : Not known whether passed class name [edu.miu.cs.cs425.backend.domain.entity.Booking] is safe
2025-03-14T22:00:30.762-05:00 DEBUG 46911 --- [flight-booking] [           main] o.h.boot.internal.ClassLoaderAccessImpl  : No temp ClassLoader provided; using live ClassLoader for loading potentially unsafe class : edu.miu.cs.cs425.backend.domain.entity.Booking
2025-03-14T22:00:30.811-05:00 DEBUG 46911 --- [flight-booking] [           main] o.h.b.i.bytebuddy.BytecodeProviderImpl   : HHH000513: Unable to create the ReflectionOptimizer for [edu.miu.cs.cs425.backend.domain.entity.Booking]: private accessor [createdAt]
2025-03-14T22:00:30.814-05:00 DEBUG 46911 --- [flight-booking] [           main] o.h.boot.internal.ClassLoaderAccessImpl  : Not known whether passed class name [edu.miu.cs.cs425.backend.domain.entity.User] is safe
2025-03-14T22:00:30.814-05:00 DEBUG 46911 --- [flight-booking] [           main] o.h.boot.internal.ClassLoaderAccessImpl  : No temp ClassLoader provided; using live ClassLoader for loading potentially unsafe class : edu.miu.cs.cs425.backend.domain.entity.User
2025-03-14T22:00:30.835-05:00 DEBUG 46911 --- [flight-booking] [           main] o.h.b.i.bytebuddy.BytecodeProviderImpl   : HHH000513: Unable to create the ReflectionOptimizer for [edu.miu.cs.cs425.backend.domain.entity.User]: private accessor [address]
2025-03-14T22:00:30.994-05:00 DEBUG 46911 --- [flight-booking] [           main] o.hibernate.orm.model.mapping.creation   : Starting post-init callbacks
2025-03-14T22:00:30.994-05:00 DEBUG 46911 --- [flight-booking] [           main] o.hibernate.orm.model.mapping.creation   : Starting PostInitCallbackEntry : To-one key - NavigableRole[edu.miu.cs.cs425.backend.domain.entity.Flight.airline]
2025-03-14T22:00:31.001-05:00 DEBUG 46911 --- [flight-booking] [           main] o.hibernate.orm.model.mapping.creation   : Starting PostInitCallbackEntry : To-one key - NavigableRole[edu.miu.cs.cs425.backend.domain.entity.Flight.destination]
2025-03-14T22:00:31.001-05:00 DEBUG 46911 --- [flight-booking] [           main] o.hibernate.orm.model.mapping.creation   : Starting PostInitCallbackEntry : To-one key - NavigableRole[edu.miu.cs.cs425.backend.domain.entity.Flight.origin]
2025-03-14T22:00:31.001-05:00 DEBUG 46911 --- [flight-booking] [           main] o.hibernate.orm.model.mapping.creation   : Starting PostInitCallbackEntry : Entity(edu.miu.cs.cs425.backend.domain.entity.Flight) `staticFetchableList` generator
2025-03-14T22:00:31.001-05:00 DEBUG 46911 --- [flight-booking] [           main] o.hibernate.orm.model.mapping.creation   : Starting PostInitCallbackEntry : Entity(edu.miu.cs.cs425.backend.domain.entity.Airline) `staticFetchableList` generator
2025-03-14T22:00:31.001-05:00 DEBUG 46911 --- [flight-booking] [           main] o.hibernate.orm.model.mapping.creation   : Starting PostInitCallbackEntry : To-one key - NavigableRole[edu.miu.cs.cs425.backend.domain.entity.FlightLeg.flight]
2025-03-14T22:00:31.001-05:00 DEBUG 46911 --- [flight-booking] [           main] o.hibernate.orm.model.mapping.creation   : Starting PostInitCallbackEntry : Entity(edu.miu.cs.cs425.backend.domain.entity.FlightLeg) `staticFetchableList` generator
2025-03-14T22:00:31.001-05:00 DEBUG 46911 --- [flight-booking] [           main] o.hibernate.orm.model.mapping.creation   : Starting PostInitCallbackEntry : Entity(edu.miu.cs.cs425.backend.domain.entity.Airport) `staticFetchableList` generator
2025-03-14T22:00:31.001-05:00 DEBUG 46911 --- [flight-booking] [           main] o.hibernate.orm.model.mapping.creation   : Starting PostInitCallbackEntry : PluralAttributeMapping( NavigableRole[edu.miu.cs.cs425.backend.domain.entity.Booking.flightLegs#{element}]) - element descriptor
2025-03-14T22:00:31.001-05:00 DEBUG 46911 --- [flight-booking] [           main] o.hibernate.orm.model.mapping.creation   : Starting PostInitCallbackEntry : PluralAttributeMapping(edu.miu.cs.cs425.backend.domain.entity.Booking.flightLegs)#finishInitialization
2025-03-14T22:00:31.001-05:00 DEBUG 46911 --- [flight-booking] [           main] o.hibernate.orm.model.mapping.creation   : Starting PostInitCallbackEntry : PluralAttributeMapping(edu.miu.cs.cs425.backend.domain.entity.Booking.flightLegs) - key descriptor
2025-03-14T22:00:31.001-05:00 DEBUG 46911 --- [flight-booking] [           main] o.hibernate.orm.model.mapping.creation   : Starting PostInitCallbackEntry : PluralAttributeMapping( NavigableRole[edu.miu.cs.cs425.backend.domain.entity.Booking.returnFlightLegs#{element}]) - element descriptor
2025-03-14T22:00:31.001-05:00 DEBUG 46911 --- [flight-booking] [           main] o.hibernate.orm.model.mapping.creation   : Starting PostInitCallbackEntry : PluralAttributeMapping(edu.miu.cs.cs425.backend.domain.entity.Booking.returnFlightLegs)#finishInitialization
2025-03-14T22:00:31.001-05:00 DEBUG 46911 --- [flight-booking] [           main] o.hibernate.orm.model.mapping.creation   : Starting PostInitCallbackEntry : PluralAttributeMapping(edu.miu.cs.cs425.backend.domain.entity.Booking.returnFlightLegs) - key descriptor
2025-03-14T22:00:31.001-05:00 DEBUG 46911 --- [flight-booking] [           main] o.hibernate.orm.model.mapping.creation   : Starting PostInitCallbackEntry : EmbeddableMappingType(edu.miu.cs.cs425.backend.domain.entity.Booking.userDetails)#finishInitialization
2025-03-14T22:00:31.002-05:00 DEBUG 46911 --- [flight-booking] [           main] o.hibernate.orm.model.mapping.creation   : Starting PostInitCallbackEntry : Entity(edu.miu.cs.cs425.backend.domain.entity.Booking) `staticFetchableList` generator
2025-03-14T22:00:31.002-05:00 DEBUG 46911 --- [flight-booking] [           main] o.hibernate.orm.model.mapping.creation   : Starting PostInitCallbackEntry : Entity(edu.miu.cs.cs425.backend.domain.entity.User) `staticFetchableList` generator
2025-03-14T22:00:31.002-05:00 DEBUG 46911 --- [flight-booking] [           main] o.hibernate.orm.model.mapping.creation   : Starting PostInitCallbackEntry : PluralAttributeMapping( NavigableRole[edu.miu.cs.cs425.backend.domain.entity.Booking.flightLegs#{element}]) - element descriptor
2025-03-14T22:00:31.002-05:00 DEBUG 46911 --- [flight-booking] [           main] o.hibernate.orm.model.mapping.creation   : Starting PostInitCallbackEntry : PluralAttributeMapping( NavigableRole[edu.miu.cs.cs425.backend.domain.entity.Booking.returnFlightLegs#{element}]) - element descriptor
2025-03-14T22:00:31.002-05:00 DEBUG 46911 --- [flight-booking] [           main] o.hibernate.orm.model.mapping.creation   : Starting PostInitCallbackEntry : EmbeddableMappingType(edu.miu.cs.cs425.backend.domain.entity.Booking.userDetails)#initColumnMappings
2025-03-14T22:00:31.133-05:00 DEBUG 46911 --- [flight-booking] [           main] org.hibernate.orm.sql.ast.create         : Created new SQL alias : f1_0
2025-03-14T22:00:31.135-05:00 DEBUG 46911 --- [flight-booking] [           main] org.hibernate.orm.sql.ast.create         : Registration of TableGroup [StandardTableGroup(edu.miu.cs.cs425.backend.domain.entity.Flight)] with identifierForTableGroup [edu.miu.cs.cs425.backend.domain.entity.Flight] for NavigablePath [edu.miu.cs.cs425.backend.domain.entity.Flight] 
2025-03-14T22:00:31.155-05:00 DEBUG 46911 --- [flight-booking] [           main] org.hibernate.orm.sql.ast.create         : Registration of TableGroup [org.hibernate.sql.ast.tree.from.LazyTableGroup@1c15a6aa] with identifierForTableGroup [edu.miu.cs.cs425.backend.domain.entity.Flight.airline] for NavigablePath [edu.miu.cs.cs425.backend.domain.entity.Flight.airline] 
2025-03-14T22:00:31.157-05:00 DEBUG 46911 --- [flight-booking] [           main] org.hibernate.orm.sql.ast.create         : Created new SQL alias : a1_0
2025-03-14T22:00:31.164-05:00 DEBUG 46911 --- [flight-booking] [           main] org.hibernate.orm.sql.ast.create         : Registration of TableGroup [org.hibernate.sql.ast.tree.from.LazyTableGroup@3458be63] with identifierForTableGroup [edu.miu.cs.cs425.backend.domain.entity.Flight.destination] for NavigablePath [edu.miu.cs.cs425.backend.domain.entity.Flight.destination] 
2025-03-14T22:00:31.164-05:00 DEBUG 46911 --- [flight-booking] [           main] org.hibernate.orm.sql.ast.create         : Created new SQL alias : d1_0
2025-03-14T22:00:31.165-05:00 DEBUG 46911 --- [flight-booking] [           main] org.hibernate.orm.sql.ast.create         : Registration of TableGroup [org.hibernate.sql.ast.tree.from.LazyTableGroup@5cb32140] with identifierForTableGroup [edu.miu.cs.cs425.backend.domain.entity.Flight.origin] for NavigablePath [edu.miu.cs.cs425.backend.domain.entity.Flight.origin] 
2025-03-14T22:00:31.165-05:00 DEBUG 46911 --- [flight-booking] [           main] org.hibernate.orm.sql.ast.create         : Created new SQL alias : o1_0
2025-03-14T22:00:31.171-05:00 DEBUG 46911 --- [flight-booking] [           main] org.hibernate.orm.results.graph.AST      : DomainResult Graph:
 \-EntityResultImpl [edu.miu.cs.cs425.backend.domain.entity.Flight]
 |  +-EntityFetchJoinedImpl [edu.miu.cs.cs425.backend.domain.entity.Flight.airline]
 |  |  +-BasicFetch [edu.miu.cs.cs425.backend.domain.entity.Flight.airline.logoUrl]
 |  |  \-BasicFetch [edu.miu.cs.cs425.backend.domain.entity.Flight.airline.name]
 |  +-BasicFetch [edu.miu.cs.cs425.backend.domain.entity.Flight.arrival]
 |  +-BasicFetch [edu.miu.cs.cs425.backend.domain.entity.Flight.departure]
 |  +-EntityFetchJoinedImpl [edu.miu.cs.cs425.backend.domain.entity.Flight.destination]
 |  |  +-BasicFetch [edu.miu.cs.cs425.backend.domain.entity.Flight.destination.city]
 |  |  +-BasicFetch [edu.miu.cs.cs425.backend.domain.entity.Flight.destination.country]
 |  |  \-BasicFetch [edu.miu.cs.cs425.backend.domain.entity.Flight.destination.name]
 |  +-BasicFetch [edu.miu.cs.cs425.backend.domain.entity.Flight.duration]
 |  +-BasicFetch [edu.miu.cs.cs425.backend.domain.entity.Flight.flightNumber]
 |  +-EntityFetchJoinedImpl [edu.miu.cs.cs425.backend.domain.entity.Flight.origin]
 |  |  +-BasicFetch [edu.miu.cs.cs425.backend.domain.entity.Flight.origin.city]
 |  |  +-BasicFetch [edu.miu.cs.cs425.backend.domain.entity.Flight.origin.country]
 |  |  \-BasicFetch [edu.miu.cs.cs425.backend.domain.entity.Flight.origin.name]
 |  +-BasicFetch [edu.miu.cs.cs425.backend.domain.entity.Flight.price]
 |  \-BasicFetch [edu.miu.cs.cs425.backend.domain.entity.Flight.seatsAvailable]

2025-03-14T22:00:31.176-05:00 DEBUG 46911 --- [flight-booking] [           main] org.hibernate.orm.sql.ast.tree           : SQL AST Tree:
    SelectStatement {
      FromClause {
        StandardTableGroup (f1 : edu.miu.cs.cs425.backend.domain.entity.Flight) {
          primaryTableReference : flight as f1_0
          TableGroupJoins {
            left  join LazyTableGroup (a1 : edu.miu.cs.cs425.backend.domain.entity.Flight.airline) {
              primaryTableReference : airline as a1_0
            }
            left  join LazyTableGroup (d1 : edu.miu.cs.cs425.backend.domain.entity.Flight.destination) {
              primaryTableReference : airport as d1_0
            }
            left  join LazyTableGroup (o1 : edu.miu.cs.cs425.backend.domain.entity.Flight.origin) {
              primaryTableReference : airport as o1_0
            }
          }
        }
      }
    }

2025-03-14T22:00:31.202-05:00 DEBUG 46911 --- [flight-booking] [           main] o.h.p.entity.AbstractEntityPersister     : Static SQL for entity: edu.miu.cs.cs425.backend.domain.entity.Flight
2025-03-14T22:00:31.202-05:00 DEBUG 46911 --- [flight-booking] [           main] o.h.p.entity.AbstractEntityPersister     :  Version select: select id from flight where id=?
2025-03-14T22:00:31.202-05:00 DEBUG 46911 --- [flight-booking] [           main] o.h.p.entity.AbstractEntityPersister     :  Insert (0): insert into flight (airline_code,arrival,departure,destination_iata_code,duration,flight_number,origin_iata_code,price,seats_available,id) values (?,?,?,?,?,?,?,?,?,?)
2025-03-14T22:00:31.202-05:00 DEBUG 46911 --- [flight-booking] [           main] o.h.p.entity.AbstractEntityPersister     :  Update (0): update flight set airline_code=?,arrival=?,departure=?,destination_iata_code=?,duration=?,flight_number=?,origin_iata_code=?,price=?,seats_available=? where id=?
2025-03-14T22:00:31.202-05:00 DEBUG 46911 --- [flight-booking] [           main] o.h.p.entity.AbstractEntityPersister     :  Delete (0): delete from flight where id=?
2025-03-14T22:00:31.202-05:00 DEBUG 46911 --- [flight-booking] [           main] org.hibernate.orm.sql.ast.create         : Created new SQL alias : a1_0
2025-03-14T22:00:31.202-05:00 DEBUG 46911 --- [flight-booking] [           main] org.hibernate.orm.sql.ast.create         : Registration of TableGroup [StandardTableGroup(edu.miu.cs.cs425.backend.domain.entity.Airline)] with identifierForTableGroup [edu.miu.cs.cs425.backend.domain.entity.Airline] for NavigablePath [edu.miu.cs.cs425.backend.domain.entity.Airline] 
2025-03-14T22:00:31.203-05:00 DEBUG 46911 --- [flight-booking] [           main] org.hibernate.orm.results.graph.AST      : DomainResult Graph:
 \-EntityResultImpl [edu.miu.cs.cs425.backend.domain.entity.Airline]
 |  +-BasicFetch [edu.miu.cs.cs425.backend.domain.entity.Airline.logoUrl]
 |  \-BasicFetch [edu.miu.cs.cs425.backend.domain.entity.Airline.name]

2025-03-14T22:00:31.203-05:00 DEBUG 46911 --- [flight-booking] [           main] org.hibernate.orm.sql.ast.tree           : SQL AST Tree:
    SelectStatement {
      FromClause {
        StandardTableGroup (a1 : edu.miu.cs.cs425.backend.domain.entity.Airline) {
          primaryTableReference : airline as a1_0
        }
      }
    }

2025-03-14T22:00:31.203-05:00 DEBUG 46911 --- [flight-booking] [           main] o.h.p.entity.AbstractEntityPersister     : Static SQL for entity: edu.miu.cs.cs425.backend.domain.entity.Airline
2025-03-14T22:00:31.203-05:00 DEBUG 46911 --- [flight-booking] [           main] o.h.p.entity.AbstractEntityPersister     :  Version select: select code from airline where code=?
2025-03-14T22:00:31.203-05:00 DEBUG 46911 --- [flight-booking] [           main] o.h.p.entity.AbstractEntityPersister     :  Insert (0): insert into airline (logo_url,name,code) values (?,?,?)
2025-03-14T22:00:31.203-05:00 DEBUG 46911 --- [flight-booking] [           main] o.h.p.entity.AbstractEntityPersister     :  Update (0): update airline set logo_url=?,name=? where code=?
2025-03-14T22:00:31.203-05:00 DEBUG 46911 --- [flight-booking] [           main] o.h.p.entity.AbstractEntityPersister     :  Delete (0): delete from airline where code=?
2025-03-14T22:00:31.203-05:00 DEBUG 46911 --- [flight-booking] [           main] org.hibernate.orm.sql.ast.create         : Created new SQL alias : fl1_0
2025-03-14T22:00:31.203-05:00 DEBUG 46911 --- [flight-booking] [           main] org.hibernate.orm.sql.ast.create         : Registration of TableGroup [StandardTableGroup(edu.miu.cs.cs425.backend.domain.entity.FlightLeg)] with identifierForTableGroup [edu.miu.cs.cs425.backend.domain.entity.FlightLeg] for NavigablePath [edu.miu.cs.cs425.backend.domain.entity.FlightLeg] 
2025-03-14T22:00:31.204-05:00 DEBUG 46911 --- [flight-booking] [           main] org.hibernate.orm.sql.ast.create         : Registration of TableGroup [org.hibernate.sql.ast.tree.from.LazyTableGroup@5e75cf7a] with identifierForTableGroup [edu.miu.cs.cs425.backend.domain.entity.FlightLeg.flight] for NavigablePath [edu.miu.cs.cs425.backend.domain.entity.FlightLeg.flight] 
2025-03-14T22:00:31.205-05:00 DEBUG 46911 --- [flight-booking] [           main] org.hibernate.orm.sql.ast.create         : Created new SQL alias : f1_0
2025-03-14T22:00:31.206-05:00 DEBUG 46911 --- [flight-booking] [           main] org.hibernate.orm.sql.ast.create         : Registration of TableGroup [org.hibernate.sql.ast.tree.from.LazyTableGroup@7f7f544a] with identifierForTableGroup [edu.miu.cs.cs425.backend.domain.entity.FlightLeg.flight.airline] for NavigablePath [edu.miu.cs.cs425.backend.domain.entity.FlightLeg.flight.airline] 
2025-03-14T22:00:31.206-05:00 DEBUG 46911 --- [flight-booking] [           main] org.hibernate.orm.sql.ast.create         : Created new SQL alias : a1_0
2025-03-14T22:00:31.206-05:00 DEBUG 46911 --- [flight-booking] [           main] org.hibernate.orm.sql.ast.create         : Registration of TableGroup [org.hibernate.sql.ast.tree.from.LazyTableGroup@70b0dc92] with identifierForTableGroup [edu.miu.cs.cs425.backend.domain.entity.FlightLeg.flight.destination] for NavigablePath [edu.miu.cs.cs425.backend.domain.entity.FlightLeg.flight.destination] 
2025-03-14T22:00:31.206-05:00 DEBUG 46911 --- [flight-booking] [           main] org.hibernate.orm.sql.ast.create         : Created new SQL alias : d1_0
2025-03-14T22:00:31.206-05:00 DEBUG 46911 --- [flight-booking] [           main] org.hibernate.orm.sql.ast.create         : Registration of TableGroup [org.hibernate.sql.ast.tree.from.LazyTableGroup@309d54ac] with identifierForTableGroup [edu.miu.cs.cs425.backend.domain.entity.FlightLeg.flight.origin] for NavigablePath [edu.miu.cs.cs425.backend.domain.entity.FlightLeg.flight.origin] 
2025-03-14T22:00:31.206-05:00 DEBUG 46911 --- [flight-booking] [           main] org.hibernate.orm.sql.ast.create         : Created new SQL alias : o1_0
2025-03-14T22:00:31.207-05:00 DEBUG 46911 --- [flight-booking] [           main] org.hibernate.orm.results.graph.AST      : DomainResult Graph:
 \-EntityResultImpl [edu.miu.cs.cs425.backend.domain.entity.FlightLeg]
 |  +-EntityFetchJoinedImpl [edu.miu.cs.cs425.backend.domain.entity.FlightLeg.flight]
 |  |  +-EntityFetchJoinedImpl [edu.miu.cs.cs425.backend.domain.entity.FlightLeg.flight.airline]
 |  |  |  +-BasicFetch [edu.miu.cs.cs425.backend.domain.entity.FlightLeg.flight.airline.logoUrl]
 |  |  |  \-BasicFetch [edu.miu.cs.cs425.backend.domain.entity.FlightLeg.flight.airline.name]
 |  |  +-BasicFetch [edu.miu.cs.cs425.backend.domain.entity.FlightLeg.flight.arrival]
 |  |  +-BasicFetch [edu.miu.cs.cs425.backend.domain.entity.FlightLeg.flight.departure]
 |  |  +-EntityFetchJoinedImpl [edu.miu.cs.cs425.backend.domain.entity.FlightLeg.flight.destination]
 |  |  |  +-BasicFetch [edu.miu.cs.cs425.backend.domain.entity.FlightLeg.flight.destination.city]
 |  |  |  +-BasicFetch [edu.miu.cs.cs425.backend.domain.entity.FlightLeg.flight.destination.country]
 |  |  |  \-BasicFetch [edu.miu.cs.cs425.backend.domain.entity.FlightLeg.flight.destination.name]
 |  |  +-BasicFetch [edu.miu.cs.cs425.backend.domain.entity.FlightLeg.flight.duration]
 |  |  +-BasicFetch [edu.miu.cs.cs425.backend.domain.entity.FlightLeg.flight.flightNumber]
 |  |  +-EntityFetchJoinedImpl [edu.miu.cs.cs425.backend.domain.entity.FlightLeg.flight.origin]
 |  |  |  +-BasicFetch [edu.miu.cs.cs425.backend.domain.entity.FlightLeg.flight.origin.city]
 |  |  |  +-BasicFetch [edu.miu.cs.cs425.backend.domain.entity.FlightLeg.flight.origin.country]
 |  |  |  \-BasicFetch [edu.miu.cs.cs425.backend.domain.entity.FlightLeg.flight.origin.name]
 |  |  +-BasicFetch [edu.miu.cs.cs425.backend.domain.entity.FlightLeg.flight.price]
 |  |  \-BasicFetch [edu.miu.cs.cs425.backend.domain.entity.FlightLeg.flight.seatsAvailable]
 |  \-BasicFetch [edu.miu.cs.cs425.backend.domain.entity.FlightLeg.legNumber]

2025-03-14T22:00:31.207-05:00 DEBUG 46911 --- [flight-booking] [           main] org.hibernate.orm.sql.ast.tree           : SQL AST Tree:
    SelectStatement {
      FromClause {
        StandardTableGroup (fl1 : edu.miu.cs.cs425.backend.domain.entity.FlightLeg) {
          primaryTableReference : flight_legs as fl1_0
          TableGroupJoins {
             join LazyTableGroup (f1 : edu.miu.cs.cs425.backend.domain.entity.FlightLeg.flight) {
              primaryTableReference : flight as f1_0
              TableGroupJoins {
                left  join LazyTableGroup (a1 : edu.miu.cs.cs425.backend.domain.entity.FlightLeg.flight.airline) {
                  primaryTableReference : airline as a1_0
                }
                left  join LazyTableGroup (d1 : edu.miu.cs.cs425.backend.domain.entity.FlightLeg.flight.destination) {
                  primaryTableReference : airport as d1_0
                }
                left  join LazyTableGroup (o1 : edu.miu.cs.cs425.backend.domain.entity.FlightLeg.flight.origin) {
                  primaryTableReference : airport as o1_0
                }
              }
            }
          }
        }
      }
    }

2025-03-14T22:00:31.207-05:00 DEBUG 46911 --- [flight-booking] [           main] o.h.p.entity.AbstractEntityPersister     : Static SQL for entity: edu.miu.cs.cs425.backend.domain.entity.FlightLeg
2025-03-14T22:00:31.207-05:00 DEBUG 46911 --- [flight-booking] [           main] o.h.p.entity.AbstractEntityPersister     :  Version select: select id from flight_legs where id=?
2025-03-14T22:00:31.207-05:00 DEBUG 46911 --- [flight-booking] [           main] o.h.p.entity.AbstractEntityPersister     :  Insert (0): insert into flight_legs (flight_id,leg_number) values (?,?)
2025-03-14T22:00:31.207-05:00 DEBUG 46911 --- [flight-booking] [           main] o.h.p.entity.AbstractEntityPersister     :  Update (0): update flight_legs set flight_id=?,leg_number=? where id=?
2025-03-14T22:00:31.207-05:00 DEBUG 46911 --- [flight-booking] [           main] o.h.p.entity.AbstractEntityPersister     :  Delete (0): delete from flight_legs where id=?
2025-03-14T22:00:31.207-05:00 DEBUG 46911 --- [flight-booking] [           main] org.hibernate.orm.sql.ast.create         : Created new SQL alias : a1_0
2025-03-14T22:00:31.207-05:00 DEBUG 46911 --- [flight-booking] [           main] org.hibernate.orm.sql.ast.create         : Registration of TableGroup [StandardTableGroup(edu.miu.cs.cs425.backend.domain.entity.Airport)] with identifierForTableGroup [edu.miu.cs.cs425.backend.domain.entity.Airport] for NavigablePath [edu.miu.cs.cs425.backend.domain.entity.Airport] 
2025-03-14T22:00:31.207-05:00 DEBUG 46911 --- [flight-booking] [           main] org.hibernate.orm.results.graph.AST      : DomainResult Graph:
 \-EntityResultImpl [edu.miu.cs.cs425.backend.domain.entity.Airport]
 |  +-BasicFetch [edu.miu.cs.cs425.backend.domain.entity.Airport.city]
 |  +-BasicFetch [edu.miu.cs.cs425.backend.domain.entity.Airport.country]
 |  \-BasicFetch [edu.miu.cs.cs425.backend.domain.entity.Airport.name]

2025-03-14T22:00:31.208-05:00 DEBUG 46911 --- [flight-booking] [           main] org.hibernate.orm.sql.ast.tree           : SQL AST Tree:
    SelectStatement {
      FromClause {
        StandardTableGroup (a1 : edu.miu.cs.cs425.backend.domain.entity.Airport) {
          primaryTableReference : airport as a1_0
        }
      }
    }

2025-03-14T22:00:31.208-05:00 DEBUG 46911 --- [flight-booking] [           main] o.h.p.entity.AbstractEntityPersister     : Static SQL for entity: edu.miu.cs.cs425.backend.domain.entity.Airport
2025-03-14T22:00:31.208-05:00 DEBUG 46911 --- [flight-booking] [           main] o.h.p.entity.AbstractEntityPersister     :  Version select: select iata_code from airport where iata_code=?
2025-03-14T22:00:31.208-05:00 DEBUG 46911 --- [flight-booking] [           main] o.h.p.entity.AbstractEntityPersister     :  Insert (0): insert into airport (city,country,name,iata_code) values (?,?,?,?)
2025-03-14T22:00:31.208-05:00 DEBUG 46911 --- [flight-booking] [           main] o.h.p.entity.AbstractEntityPersister     :  Update (0): update airport set city=?,country=?,name=? where iata_code=?
2025-03-14T22:00:31.208-05:00 DEBUG 46911 --- [flight-booking] [           main] o.h.p.entity.AbstractEntityPersister     :  Delete (0): delete from airport where iata_code=?
2025-03-14T22:00:31.208-05:00 DEBUG 46911 --- [flight-booking] [           main] org.hibernate.orm.sql.ast.create         : Created new SQL alias : b1_0
2025-03-14T22:00:31.208-05:00 DEBUG 46911 --- [flight-booking] [           main] org.hibernate.orm.sql.ast.create         : Registration of TableGroup [StandardTableGroup(edu.miu.cs.cs425.backend.domain.entity.Booking)] with identifierForTableGroup [edu.miu.cs.cs425.backend.domain.entity.Booking] for NavigablePath [edu.miu.cs.cs425.backend.domain.entity.Booking] 
2025-03-14T22:00:31.211-05:00 DEBUG 46911 --- [flight-booking] [           main] org.hibernate.orm.sql.ast.create         : Registration of TableGroup [StandardVirtualTableGroup(edu.miu.cs.cs425.backend.domain.entity.Booking.userDetails)] with identifierForTableGroup [edu.miu.cs.cs425.backend.domain.entity.Booking.userDetails] for NavigablePath [edu.miu.cs.cs425.backend.domain.entity.Booking.userDetails] 
2025-03-14T22:00:31.214-05:00 DEBUG 46911 --- [flight-booking] [           main] org.hibernate.orm.results.graph.AST      : DomainResult Graph:
 \-EntityResultImpl [edu.miu.cs.cs425.backend.domain.entity.Booking]
 |  +-BasicFetch [edu.miu.cs.cs425.backend.domain.entity.Booking.createdAt]
 |  +-BasicFetch [edu.miu.cs.cs425.backend.domain.entity.Booking.fareType]
 |  +-DelayedCollectionFetch [edu.miu.cs.cs425.backend.domain.entity.Booking.flightLegs]
 |  +-DelayedCollectionFetch [edu.miu.cs.cs425.backend.domain.entity.Booking.returnFlightLegs]
 |  +-BasicFetch [edu.miu.cs.cs425.backend.domain.entity.Booking.selectedSeat]
 |  +-BasicFetch [edu.miu.cs.cs425.backend.domain.entity.Booking.status]
 |  +-BasicFetch [edu.miu.cs.cs425.backend.domain.entity.Booking.totalPrice]
 |  +-BasicFetch [edu.miu.cs.cs425.backend.domain.entity.Booking.updatedAt]
 |  +-EmbeddableFetchImpl [edu.miu.cs.cs425.backend.domain.entity.Booking.userDetails]
 |  |  +-BasicFetch [edu.miu.cs.cs425.backend.domain.entity.Booking.userDetails.address]
 |  |  +-BasicFetch [edu.miu.cs.cs425.backend.domain.entity.Booking.userDetails.email]
 |  |  +-BasicFetch [edu.miu.cs.cs425.backend.domain.entity.Booking.userDetails.firstName]
 |  |  +-BasicFetch [edu.miu.cs.cs425.backend.domain.entity.Booking.userDetails.lastName]
 |  |  +-BasicFetch [edu.miu.cs.cs425.backend.domain.entity.Booking.userDetails.passportNumber]
 |  |  \-BasicFetch [edu.miu.cs.cs425.backend.domain.entity.Booking.userDetails.phone]
 |  \-BasicFetch [edu.miu.cs.cs425.backend.domain.entity.Booking.userId]

2025-03-14T22:00:31.214-05:00 DEBUG 46911 --- [flight-booking] [           main] org.hibernate.orm.sql.ast.tree           : SQL AST Tree:
    SelectStatement {
      FromClause {
        StandardTableGroup (b1 : edu.miu.cs.cs425.backend.domain.entity.Booking) {
          primaryTableReference : bookings as b1_0
          TableGroupJoins {
             join StandardVirtualTableGroup (null : edu.miu.cs.cs425.backend.domain.entity.Booking.userDetails) {
              primaryTableReference : bookings as b1_0
            }
          }
        }
      }
    }

2025-03-14T22:00:31.214-05:00 DEBUG 46911 --- [flight-booking] [           main] o.h.p.entity.AbstractEntityPersister     : Static SQL for entity: edu.miu.cs.cs425.backend.domain.entity.Booking
2025-03-14T22:00:31.214-05:00 DEBUG 46911 --- [flight-booking] [           main] o.h.p.entity.AbstractEntityPersister     :  Version select: select id from bookings where id=?
2025-03-14T22:00:31.215-05:00 DEBUG 46911 --- [flight-booking] [           main] o.h.p.entity.AbstractEntityPersister     :  Insert (0): insert into bookings (created_at,fare_type,selected_seat,status,total_price,updated_at,address,email,first_name,last_name,passport_number,phone,user_id) values (?,?,?,?,?,?,?,?,?,?,?,?,?)
2025-03-14T22:00:31.215-05:00 DEBUG 46911 --- [flight-booking] [           main] o.h.p.entity.AbstractEntityPersister     :  Update (0): update bookings set created_at=?,fare_type=?,selected_seat=?,status=?,total_price=?,updated_at=?,address=?,email=?,first_name=?,last_name=?,passport_number=?,phone=?,user_id=? where id=?
2025-03-14T22:00:31.215-05:00 DEBUG 46911 --- [flight-booking] [           main] o.h.p.entity.AbstractEntityPersister     :  Delete (0): delete from bookings where id=?
2025-03-14T22:00:31.215-05:00 DEBUG 46911 --- [flight-booking] [           main] org.hibernate.orm.sql.ast.create         : Created new SQL alias : u1_0
2025-03-14T22:00:31.215-05:00 DEBUG 46911 --- [flight-booking] [           main] org.hibernate.orm.sql.ast.create         : Registration of TableGroup [StandardTableGroup(edu.miu.cs.cs425.backend.domain.entity.User)] with identifierForTableGroup [edu.miu.cs.cs425.backend.domain.entity.User] for NavigablePath [edu.miu.cs.cs425.backend.domain.entity.User] 
2025-03-14T22:00:31.215-05:00 DEBUG 46911 --- [flight-booking] [           main] org.hibernate.orm.results.graph.AST      : DomainResult Graph:
 \-EntityResultImpl [edu.miu.cs.cs425.backend.domain.entity.User]
 |  +-BasicFetch [edu.miu.cs.cs425.backend.domain.entity.User.address]
 |  +-BasicFetch [edu.miu.cs.cs425.backend.domain.entity.User.avatar]
 |  +-BasicFetch [edu.miu.cs.cs425.backend.domain.entity.User.createdAt]
 |  +-BasicFetch [edu.miu.cs.cs425.backend.domain.entity.User.email]
 |  +-BasicFetch [edu.miu.cs.cs425.backend.domain.entity.User.name]
 |  +-BasicFetch [edu.miu.cs.cs425.backend.domain.entity.User.password]
 |  +-BasicFetch [edu.miu.cs.cs425.backend.domain.entity.User.phone]
 |  +-BasicFetch [edu.miu.cs.cs425.backend.domain.entity.User.role]
 |  \-BasicFetch [edu.miu.cs.cs425.backend.domain.entity.User.updatedAt]

2025-03-14T22:00:31.216-05:00 DEBUG 46911 --- [flight-booking] [           main] org.hibernate.orm.sql.ast.tree           : SQL AST Tree:
    SelectStatement {
      FromClause {
        StandardTableGroup (u1 : edu.miu.cs.cs425.backend.domain.entity.User) {
          primaryTableReference : user as u1_0
        }
      }
    }

2025-03-14T22:00:31.216-05:00 DEBUG 46911 --- [flight-booking] [           main] o.h.p.entity.AbstractEntityPersister     : Static SQL for entity: edu.miu.cs.cs425.backend.domain.entity.User
2025-03-14T22:00:31.216-05:00 DEBUG 46911 --- [flight-booking] [           main] o.h.p.entity.AbstractEntityPersister     :  Version select: select id from user where id=?
2025-03-14T22:00:31.216-05:00 DEBUG 46911 --- [flight-booking] [           main] o.h.p.entity.AbstractEntityPersister     :  Insert (0): insert into user (address,avatar,created_at,email,name,password,phone,role,updated_at,id) values (?,?,?,?,?,?,?,?,?,?)
2025-03-14T22:00:31.216-05:00 DEBUG 46911 --- [flight-booking] [           main] o.h.p.entity.AbstractEntityPersister     :  Update (0): update user set address=?,avatar=?,created_at=?,email=?,name=?,password=?,phone=?,role=?,updated_at=? where id=?
2025-03-14T22:00:31.216-05:00 DEBUG 46911 --- [flight-booking] [           main] o.h.p.entity.AbstractEntityPersister     :  Delete (0): delete from user where id=?
2025-03-14T22:00:31.219-05:00 DEBUG 46911 --- [flight-booking] [           main] org.hibernate.orm.sql.ast.create         : Created new SQL alias : fl1_0
2025-03-14T22:00:31.220-05:00 DEBUG 46911 --- [flight-booking] [           main] org.hibernate.orm.sql.ast.create         : Registration of TableGroup [org.hibernate.sql.ast.tree.from.OneToManyTableGroup@6f9b5f01] with identifierForTableGroup [edu.miu.cs.cs425.backend.domain.entity.Booking.flightLegs] for NavigablePath [edu.miu.cs.cs425.backend.domain.entity.Booking.flightLegs] 
2025-03-14T22:00:31.221-05:00 DEBUG 46911 --- [flight-booking] [           main] org.hibernate.orm.sql.ast.create         : Registration of TableGroup [StandardTableGroup(edu.miu.cs.cs425.backend.domain.entity.Booking.flightLegs.{element})] with identifierForTableGroup [edu.miu.cs.cs425.backend.domain.entity.Booking.flightLegs.{element}] for NavigablePath [edu.miu.cs.cs425.backend.domain.entity.Booking.flightLegs.{element}] 
2025-03-14T22:00:31.223-05:00 DEBUG 46911 --- [flight-booking] [           main] org.hibernate.orm.sql.ast.create         : Registration of TableGroup [org.hibernate.sql.ast.tree.from.LazyTableGroup@474deb4c] with identifierForTableGroup [edu.miu.cs.cs425.backend.domain.entity.Booking.flightLegs.{element}.flight] for NavigablePath [edu.miu.cs.cs425.backend.domain.entity.Booking.flightLegs.{element}.flight] 
2025-03-14T22:00:31.223-05:00 DEBUG 46911 --- [flight-booking] [           main] org.hibernate.orm.sql.ast.create         : Created new SQL alias : f1_0
2025-03-14T22:00:31.223-05:00 DEBUG 46911 --- [flight-booking] [           main] org.hibernate.orm.sql.ast.create         : Registration of TableGroup [org.hibernate.sql.ast.tree.from.LazyTableGroup@6ba02f70] with identifierForTableGroup [edu.miu.cs.cs425.backend.domain.entity.Booking.flightLegs.{element}.flight.airline] for NavigablePath [edu.miu.cs.cs425.backend.domain.entity.Booking.flightLegs.{element}.flight.airline] 
2025-03-14T22:00:31.223-05:00 DEBUG 46911 --- [flight-booking] [           main] org.hibernate.orm.sql.ast.create         : Created new SQL alias : a1_0
2025-03-14T22:00:31.224-05:00 DEBUG 46911 --- [flight-booking] [           main] org.hibernate.orm.sql.ast.create         : Registration of TableGroup [org.hibernate.sql.ast.tree.from.LazyTableGroup@2e88ad38] with identifierForTableGroup [edu.miu.cs.cs425.backend.domain.entity.Booking.flightLegs.{element}.flight.destination] for NavigablePath [edu.miu.cs.cs425.backend.domain.entity.Booking.flightLegs.{element}.flight.destination] 
2025-03-14T22:00:31.224-05:00 DEBUG 46911 --- [flight-booking] [           main] org.hibernate.orm.sql.ast.create         : Created new SQL alias : d1_0
2025-03-14T22:00:31.224-05:00 DEBUG 46911 --- [flight-booking] [           main] org.hibernate.orm.sql.ast.create         : Registration of TableGroup [org.hibernate.sql.ast.tree.from.LazyTableGroup@2148849f] with identifierForTableGroup [edu.miu.cs.cs425.backend.domain.entity.Booking.flightLegs.{element}.flight.origin] for NavigablePath [edu.miu.cs.cs425.backend.domain.entity.Booking.flightLegs.{element}.flight.origin] 
2025-03-14T22:00:31.224-05:00 DEBUG 46911 --- [flight-booking] [           main] org.hibernate.orm.sql.ast.create         : Created new SQL alias : o1_0
2025-03-14T22:00:31.226-05:00 DEBUG 46911 --- [flight-booking] [           main] org.hibernate.orm.results.graph.AST      : DomainResult Graph:
 \-CollectionDomainResult [edu.miu.cs.cs425.backend.domain.entity.Booking.flightLegs]

2025-03-14T22:00:31.226-05:00 DEBUG 46911 --- [flight-booking] [           main] org.hibernate.orm.sql.ast.tree           : SQL AST Tree:
    SelectStatement {
      FromClause {
        OneToManyTableGroup (fl1 : edu.miu.cs.cs425.backend.domain.entity.Booking.flightLegs) {
          primaryTableReference : flight_legs as fl1_0
          TableGroupJoins {
            left  join LazyTableGroup (f1 : edu.miu.cs.cs425.backend.domain.entity.Booking.flightLegs.{element}.flight) {
              primaryTableReference : flight as f1_0
              TableGroupJoins {
                left  join LazyTableGroup (a1 : edu.miu.cs.cs425.backend.domain.entity.Booking.flightLegs.{element}.flight.airline) {
                  primaryTableReference : airline as a1_0
                }
                left  join LazyTableGroup (d1 : edu.miu.cs.cs425.backend.domain.entity.Booking.flightLegs.{element}.flight.destination) {
                  primaryTableReference : airport as d1_0
                }
                left  join LazyTableGroup (o1 : edu.miu.cs.cs425.backend.domain.entity.Booking.flightLegs.{element}.flight.origin) {
                  primaryTableReference : airport as o1_0
                }
              }
            }
          }
        }
      }
    }

2025-03-14T22:00:31.227-05:00 DEBUG 46911 --- [flight-booking] [           main] org.hibernate.orm.jdbc.mutation          : Static SQL for collection: edu.miu.cs.cs425.backend.domain.entity.Booking.flightLegs
2025-03-14T22:00:31.228-05:00 DEBUG 46911 --- [flight-booking] [           main] org.hibernate.orm.jdbc.mutation          :  Row insert: update flight_legs set booking_id=? where id=?
2025-03-14T22:00:31.229-05:00 DEBUG 46911 --- [flight-booking] [           main] org.hibernate.orm.jdbc.mutation          :  Row delete: update flight_legs set booking_id=null where booking_id=? and id=?
2025-03-14T22:00:31.231-05:00 DEBUG 46911 --- [flight-booking] [           main] org.hibernate.orm.jdbc.mutation          :  One-shot delete: update flight_legs set booking_id=null where booking_id=?
2025-03-14T22:00:31.231-05:00 DEBUG 46911 --- [flight-booking] [           main] org.hibernate.orm.sql.ast.create         : Created new SQL alias : rfl1_0
2025-03-14T22:00:31.231-05:00 DEBUG 46911 --- [flight-booking] [           main] org.hibernate.orm.sql.ast.create         : Registration of TableGroup [org.hibernate.sql.ast.tree.from.OneToManyTableGroup@5e8a678a] with identifierForTableGroup [edu.miu.cs.cs425.backend.domain.entity.Booking.returnFlightLegs] for NavigablePath [edu.miu.cs.cs425.backend.domain.entity.Booking.returnFlightLegs] 
2025-03-14T22:00:31.231-05:00 DEBUG 46911 --- [flight-booking] [           main] org.hibernate.orm.sql.ast.create         : Registration of TableGroup [StandardTableGroup(edu.miu.cs.cs425.backend.domain.entity.Booking.returnFlightLegs.{element})] with identifierForTableGroup [edu.miu.cs.cs425.backend.domain.entity.Booking.returnFlightLegs.{element}] for NavigablePath [edu.miu.cs.cs425.backend.domain.entity.Booking.returnFlightLegs.{element}] 
2025-03-14T22:00:31.231-05:00 DEBUG 46911 --- [flight-booking] [           main] org.hibernate.orm.sql.ast.create         : Registration of TableGroup [org.hibernate.sql.ast.tree.from.LazyTableGroup@6fe91918] with identifierForTableGroup [edu.miu.cs.cs425.backend.domain.entity.Booking.returnFlightLegs.{element}.flight] for NavigablePath [edu.miu.cs.cs425.backend.domain.entity.Booking.returnFlightLegs.{element}.flight] 
2025-03-14T22:00:31.231-05:00 DEBUG 46911 --- [flight-booking] [           main] org.hibernate.orm.sql.ast.create         : Created new SQL alias : f1_0
2025-03-14T22:00:31.231-05:00 DEBUG 46911 --- [flight-booking] [           main] org.hibernate.orm.sql.ast.create         : Registration of TableGroup [org.hibernate.sql.ast.tree.from.LazyTableGroup@4d3bde85] with identifierForTableGroup [edu.miu.cs.cs425.backend.domain.entity.Booking.returnFlightLegs.{element}.flight.airline] for NavigablePath [edu.miu.cs.cs425.backend.domain.entity.Booking.returnFlightLegs.{element}.flight.airline] 
2025-03-14T22:00:31.231-05:00 DEBUG 46911 --- [flight-booking] [           main] org.hibernate.orm.sql.ast.create         : Created new SQL alias : a1_0
2025-03-14T22:00:31.232-05:00 DEBUG 46911 --- [flight-booking] [           main] org.hibernate.orm.sql.ast.create         : Registration of TableGroup [org.hibernate.sql.ast.tree.from.LazyTableGroup@f5b4ca6] with identifierForTableGroup [edu.miu.cs.cs425.backend.domain.entity.Booking.returnFlightLegs.{element}.flight.destination] for NavigablePath [edu.miu.cs.cs425.backend.domain.entity.Booking.returnFlightLegs.{element}.flight.destination] 
2025-03-14T22:00:31.232-05:00 DEBUG 46911 --- [flight-booking] [           main] org.hibernate.orm.sql.ast.create         : Created new SQL alias : d1_0
2025-03-14T22:00:31.232-05:00 DEBUG 46911 --- [flight-booking] [           main] org.hibernate.orm.sql.ast.create         : Registration of TableGroup [org.hibernate.sql.ast.tree.from.LazyTableGroup@260ccf0] with identifierForTableGroup [edu.miu.cs.cs425.backend.domain.entity.Booking.returnFlightLegs.{element}.flight.origin] for NavigablePath [edu.miu.cs.cs425.backend.domain.entity.Booking.returnFlightLegs.{element}.flight.origin] 
2025-03-14T22:00:31.232-05:00 DEBUG 46911 --- [flight-booking] [           main] org.hibernate.orm.sql.ast.create         : Created new SQL alias : o1_0
2025-03-14T22:00:31.233-05:00 DEBUG 46911 --- [flight-booking] [           main] org.hibernate.orm.results.graph.AST      : DomainResult Graph:
 \-CollectionDomainResult [edu.miu.cs.cs425.backend.domain.entity.Booking.returnFlightLegs]

2025-03-14T22:00:31.233-05:00 DEBUG 46911 --- [flight-booking] [           main] org.hibernate.orm.sql.ast.tree           : SQL AST Tree:
    SelectStatement {
      FromClause {
        OneToManyTableGroup (rfl1 : edu.miu.cs.cs425.backend.domain.entity.Booking.returnFlightLegs) {
          primaryTableReference : flight_legs as rfl1_0
          TableGroupJoins {
            left  join LazyTableGroup (f1 : edu.miu.cs.cs425.backend.domain.entity.Booking.returnFlightLegs.{element}.flight) {
              primaryTableReference : flight as f1_0
              TableGroupJoins {
                left  join LazyTableGroup (a1 : edu.miu.cs.cs425.backend.domain.entity.Booking.returnFlightLegs.{element}.flight.airline) {
                  primaryTableReference : airline as a1_0
                }
                left  join LazyTableGroup (d1 : edu.miu.cs.cs425.backend.domain.entity.Booking.returnFlightLegs.{element}.flight.destination) {
                  primaryTableReference : airport as d1_0
                }
                left  join LazyTableGroup (o1 : edu.miu.cs.cs425.backend.domain.entity.Booking.returnFlightLegs.{element}.flight.origin) {
                  primaryTableReference : airport as o1_0
                }
              }
            }
          }
        }
      }
    }

2025-03-14T22:00:31.233-05:00 DEBUG 46911 --- [flight-booking] [           main] org.hibernate.orm.jdbc.mutation          : Static SQL for collection: edu.miu.cs.cs425.backend.domain.entity.Booking.returnFlightLegs
2025-03-14T22:00:31.233-05:00 DEBUG 46911 --- [flight-booking] [           main] org.hibernate.orm.jdbc.mutation          :  Row insert: update flight_legs set booking_id=? where id=?
2025-03-14T22:00:31.233-05:00 DEBUG 46911 --- [flight-booking] [           main] org.hibernate.orm.jdbc.mutation          :  Row delete: update flight_legs set booking_id=null where booking_id=? and id=?
2025-03-14T22:00:31.233-05:00 DEBUG 46911 --- [flight-booking] [           main] org.hibernate.orm.jdbc.mutation          :  One-shot delete: update flight_legs set booking_id=null where booking_id=?
2025-03-14T22:00:31.281-05:00  INFO 46911 --- [flight-booking] [           main] o.h.e.t.j.p.i.JtaPlatformInitiator       : HHH000489: No JTA platform available (set 'hibernate.transaction.jta.platform' to enable JTA platform integration)
2025-03-14T22:00:31.281-05:00 DEBUG 46911 --- [flight-booking] [           main] o.h.type.spi.TypeConfiguration$Scope     : Scoping TypeConfiguration [org.hibernate.type.spi.TypeConfiguration@27a0e6ce] to SessionFactoryImplementor [org.hibernate.internal.SessionFactoryImpl@574134ba]
2025-03-14T22:00:31.283-05:00 DEBUG 46911 --- [flight-booking] [           main] o.h.query.named.NamedObjectRepository    : Checking 0 named HQL queries
2025-03-14T22:00:31.283-05:00 DEBUG 46911 --- [flight-booking] [           main] o.h.query.named.NamedObjectRepository    : Checking 0 named SQL queries
2025-03-14T22:00:31.302-05:00 DEBUG 46911 --- [flight-booking] [           main] org.hibernate.SQL                        : 
    alter table flight 
       drop 
       foreign key FK1m4wjbo1sbsbjns2gu8i4m8no
Hibernate: 
    alter table flight 
       drop 
       foreign key FK1m4wjbo1sbsbjns2gu8i4m8no
2025-03-14T22:00:31.866-05:00 DEBUG 46911 --- [flight-booking] [           main] org.hibernate.SQL                        : 
    alter table flight 
       drop 
       foreign key FKjkq2h7wspal8nck45awoqwmmx
Hibernate: 
    alter table flight 
       drop 
       foreign key FKjkq2h7wspal8nck45awoqwmmx
2025-03-14T22:00:31.952-05:00 DEBUG 46911 --- [flight-booking] [           main] org.hibernate.SQL                        : 
    alter table flight 
       drop 
       foreign key FKaooum636fcj9lcmekobk2cbrl
Hibernate: 
    alter table flight 
       drop 
       foreign key FKaooum636fcj9lcmekobk2cbrl
2025-03-14T22:00:32.027-05:00 DEBUG 46911 --- [flight-booking] [           main] org.hibernate.SQL                        : 
    alter table flight_legs 
       drop 
       foreign key FKokbbd4x2yqwvc5ojfa2m2dbis
Hibernate: 
    alter table flight_legs 
       drop 
       foreign key FKokbbd4x2yqwvc5ojfa2m2dbis
2025-03-14T22:00:32.052-05:00 DEBUG 46911 --- [flight-booking] [           main] org.hibernate.SQL                        : 
    alter table flight_legs 
       drop 
       foreign key FKnhkrkcjpyadvh668v7w3iyg73
Hibernate: 
    alter table flight_legs 
       drop 
       foreign key FKnhkrkcjpyadvh668v7w3iyg73
2025-03-14T22:00:32.141-05:00 DEBUG 46911 --- [flight-booking] [           main] org.hibernate.SQL                        : 
    drop table if exists airline
Hibernate: 
    drop table if exists airline
2025-03-14T22:00:32.178-05:00 DEBUG 46911 --- [flight-booking] [           main] org.hibernate.SQL                        : 
    drop table if exists airport
Hibernate: 
    drop table if exists airport
2025-03-14T22:00:32.196-05:00 DEBUG 46911 --- [flight-booking] [           main] org.hibernate.SQL                        : 
    drop table if exists bookings
Hibernate: 
    drop table if exists bookings
2025-03-14T22:00:32.550-05:00 DEBUG 46911 --- [flight-booking] [           main] org.hibernate.SQL                        : 
    drop table if exists flight
Hibernate: 
    drop table if exists flight
2025-03-14T22:00:32.566-05:00 DEBUG 46911 --- [flight-booking] [           main] org.hibernate.SQL                        : 
    drop table if exists flight_legs
Hibernate: 
    drop table if exists flight_legs
2025-03-14T22:00:32.583-05:00 DEBUG 46911 --- [flight-booking] [           main] org.hibernate.SQL                        : 
    drop table if exists user
Hibernate: 
    drop table if exists user
2025-03-14T22:00:32.645-05:00 DEBUG 46911 --- [flight-booking] [           main] org.hibernate.SQL                        : 
    create table airline (
        code varchar(255) not null,
        logo_url varchar(255),
        name varchar(255),
        primary key (code)
    ) engine=InnoDB
Hibernate: 
    create table airline (
        code varchar(255) not null,
        logo_url varchar(255),
        name varchar(255),
        primary key (code)
    ) engine=InnoDB
2025-03-14T22:00:32.731-05:00 DEBUG 46911 --- [flight-booking] [           main] org.hibernate.SQL                        : 
    create table airport (
        city varchar(255),
        country varchar(255),
        iata_code varchar(255) not null,
        name varchar(255),
        primary key (iata_code)
    ) engine=InnoDB
Hibernate: 
    create table airport (
        city varchar(255),
        country varchar(255),
        iata_code varchar(255) not null,
        name varchar(255),
        primary key (iata_code)
    ) engine=InnoDB
2025-03-14T22:00:32.746-05:00 DEBUG 46911 --- [flight-booking] [           main] org.hibernate.SQL                        : 
    create table bookings (
        total_price float(53) not null,
        created_at datetime(6) not null,
        id bigint not null auto_increment,
        updated_at datetime(6),
        address varchar(255),
        email varchar(255),
        fare_type varchar(255),
        first_name varchar(255),
        last_name varchar(255),
        passport_number varchar(255),
        phone varchar(255),
        selected_seat varchar(255),
        user_id varchar(255) not null,
        status enum ('CANCELLED','CONFIRMED','PENDING') not null,
        primary key (id)
    ) engine=InnoDB
Hibernate: 
    create table bookings (
        total_price float(53) not null,
        created_at datetime(6) not null,
        id bigint not null auto_increment,
        updated_at datetime(6),
        address varchar(255),
        email varchar(255),
        fare_type varchar(255),
        first_name varchar(255),
        last_name varchar(255),
        passport_number varchar(255),
        phone varchar(255),
        selected_seat varchar(255),
        user_id varchar(255) not null,
        status enum ('CANCELLED','CONFIRMED','PENDING') not null,
        primary key (id)
    ) engine=InnoDB
2025-03-14T22:00:33.113-05:00 DEBUG 46911 --- [flight-booking] [           main] org.hibernate.SQL                        : 
    create table flight (
        duration integer not null,
        price float(53) not null,
        seats_available integer not null,
        arrival datetime(6),
        departure datetime(6),
        airline_code varchar(255),
        destination_iata_code varchar(255),
        flight_number varchar(255),
        id varchar(255) not null,
        origin_iata_code varchar(255),
        primary key (id)
    ) engine=InnoDB
Hibernate: 
    create table flight (
        duration integer not null,
        price float(53) not null,
        seats_available integer not null,
        arrival datetime(6),
        departure datetime(6),
        airline_code varchar(255),
        destination_iata_code varchar(255),
        flight_number varchar(255),
        id varchar(255) not null,
        origin_iata_code varchar(255),
        primary key (id)
    ) engine=InnoDB
2025-03-14T22:00:33.411-05:00 DEBUG 46911 --- [flight-booking] [           main] org.hibernate.SQL                        : 
    create table flight_legs (
        leg_number integer not null,
        booking_id bigint,
        id bigint not null auto_increment,
        flight_id varchar(255) not null,
        primary key (id)
    ) engine=InnoDB
Hibernate: 
    create table flight_legs (
        leg_number integer not null,
        booking_id bigint,
        id bigint not null auto_increment,
        flight_id varchar(255) not null,
        primary key (id)
    ) engine=InnoDB
2025-03-14T22:00:33.440-05:00 DEBUG 46911 --- [flight-booking] [           main] org.hibernate.SQL                        : 
    create table user (
        created_at datetime(6),
        updated_at datetime(6),
        address varchar(255),
        avatar varchar(255),
        email varchar(255),
        id varchar(255) not null,
        name varchar(255),
        password varchar(255),
        phone varchar(255),
        role varchar(255),
        primary key (id)
    ) engine=InnoDB
Hibernate: 
    create table user (
        created_at datetime(6),
        updated_at datetime(6),
        address varchar(255),
        avatar varchar(255),
        email varchar(255),
        id varchar(255) not null,
        name varchar(255),
        password varchar(255),
        phone varchar(255),
        role varchar(255),
        primary key (id)
    ) engine=InnoDB
2025-03-14T22:00:33.458-05:00 DEBUG 46911 --- [flight-booking] [           main] org.hibernate.SQL                        : 
    alter table flight 
       add constraint FK1m4wjbo1sbsbjns2gu8i4m8no 
       foreign key (airline_code) 
       references airline (code)
Hibernate: 
    alter table flight 
       add constraint FK1m4wjbo1sbsbjns2gu8i4m8no 
       foreign key (airline_code) 
       references airline (code)
2025-03-14T22:00:33.507-05:00 DEBUG 46911 --- [flight-booking] [           main] org.hibernate.SQL                        : 
    alter table flight 
       add constraint FKjkq2h7wspal8nck45awoqwmmx 
       foreign key (destination_iata_code) 
       references airport (iata_code)
Hibernate: 
    alter table flight 
       add constraint FKjkq2h7wspal8nck45awoqwmmx 
       foreign key (destination_iata_code) 
       references airport (iata_code)
2025-03-14T22:00:33.565-05:00 DEBUG 46911 --- [flight-booking] [           main] org.hibernate.SQL                        : 
    alter table flight 
       add constraint FKaooum636fcj9lcmekobk2cbrl 
       foreign key (origin_iata_code) 
       references airport (iata_code)
Hibernate: 
    alter table flight 
       add constraint FKaooum636fcj9lcmekobk2cbrl 
       foreign key (origin_iata_code) 
       references airport (iata_code)
2025-03-14T22:00:33.627-05:00 DEBUG 46911 --- [flight-booking] [           main] org.hibernate.SQL                        : 
    alter table flight_legs 
       add constraint FKokbbd4x2yqwvc5ojfa2m2dbis 
       foreign key (flight_id) 
       references flight (id)
Hibernate: 
    alter table flight_legs 
       add constraint FKokbbd4x2yqwvc5ojfa2m2dbis 
       foreign key (flight_id) 
       references flight (id)
2025-03-14T22:00:33.667-05:00 DEBUG 46911 --- [flight-booking] [           main] org.hibernate.SQL                        : 
    alter table flight_legs 
       add constraint FKnhkrkcjpyadvh668v7w3iyg73 
       foreign key (booking_id) 
       references bookings (id)
Hibernate: 
    alter table flight_legs 
       add constraint FKnhkrkcjpyadvh668v7w3iyg73 
       foreign key (booking_id) 
       references bookings (id)
2025-03-14T22:00:33.785-05:00 DEBUG 46911 --- [flight-booking] [           main] o.h.internal.SessionFactoryRegistry      : Initializing SessionFactoryRegistry : org.hibernate.internal.SessionFactoryRegistry@2be208db
2025-03-14T22:00:33.785-05:00 DEBUG 46911 --- [flight-booking] [           main] o.h.internal.SessionFactoryRegistry      : Registering SessionFactory: 8d8a1ae8-7dbf-436e-afc2-e9339a269c0f (<unnamed>)
2025-03-14T22:00:33.785-05:00 DEBUG 46911 --- [flight-booking] [           main] o.h.internal.SessionFactoryRegistry      : Not binding SessionFactory to JNDI, no JNDI name configured
2025-03-14T22:00:33.785-05:00 DEBUG 46911 --- [flight-booking] [           main] o.hibernate.internal.SessionFactoryImpl  : Instantiated SessionFactory
2025-03-14T22:00:33.786-05:00  INFO 46911 --- [flight-booking] [           main] j.LocalContainerEntityManagerFactoryBean : Initialized JPA EntityManagerFactory for persistence unit 'default'
2025-03-14T22:00:33.980-05:00 DEBUG 46911 --- [flight-booking] [           main] o.h.stat.internal.StatisticsInitiator    : Statistics initialized [enabled=false]
2025-03-14T22:00:34.137-05:00 DEBUG 46911 --- [flight-booking] [           main] cResourceLocalTransactionCoordinatorImpl : JDBC transaction marked for rollback-only (exception provided for stack trace)

java.lang.Exception: exception just for purpose of providing stack trace
	at org.hibernate.resource.transaction.backend.jdbc.internal.JdbcResourceLocalTransactionCoordinatorImpl$TransactionDriverControlImpl.markRollbackOnly(JdbcResourceLocalTransactionCoordinatorImpl.java:309) ~[hibernate-core-6.6.8.Final.jar:6.6.8.Final]
	at org.hibernate.internal.AbstractSharedSessionContract.buildNamedQuery(AbstractSharedSessionContract.java:1141) ~[hibernate-core-6.6.8.Final.jar:6.6.8.Final]
	at org.hibernate.internal.AbstractSharedSessionContract.createNamedQuery(AbstractSharedSessionContract.java:1019) ~[hibernate-core-6.6.8.Final.jar:6.6.8.Final]
	at org.hibernate.internal.AbstractSharedSessionContract.createNamedQuery(AbstractSharedSessionContract.java:143) ~[hibernate-core-6.6.8.Final.jar:6.6.8.Final]
	at java.base/jdk.internal.reflect.DirectMethodHandleAccessor.invoke(DirectMethodHandleAccessor.java:103) ~[na:na]
	at java.base/java.lang.reflect.Method.invoke(Method.java:580) ~[na:na]
	at org.springframework.orm.jpa.ExtendedEntityManagerCreator$ExtendedEntityManagerInvocationHandler.invoke(ExtendedEntityManagerCreator.java:364) ~[spring-orm-6.2.3.jar:6.2.3]
	at jdk.proxy2/jdk.proxy2.$Proxy135.createNamedQuery(Unknown Source) ~[na:na]
	at org.springframework.data.jpa.repository.query.NamedQuery.hasNamedQuery(NamedQuery.java:114) ~[spring-data-jpa-3.4.3.jar:3.4.3]
	at org.springframework.data.jpa.repository.query.NamedQuery.lookupFrom(NamedQuery.java:140) ~[spring-data-jpa-3.4.3.jar:3.4.3]
	at org.springframework.data.jpa.repository.query.JpaQueryLookupStrategy$DeclaredQueryLookupStrategy.resolveQuery(JpaQueryLookupStrategy.java:184) ~[spring-data-jpa-3.4.3.jar:3.4.3]
	at org.springframework.data.jpa.repository.query.JpaQueryLookupStrategy$CreateIfNotFoundQueryLookupStrategy.resolveQuery(JpaQueryLookupStrategy.java:256) ~[spring-data-jpa-3.4.3.jar:3.4.3]
	at org.springframework.data.jpa.repository.query.JpaQueryLookupStrategy$AbstractQueryLookupStrategy.resolveQuery(JpaQueryLookupStrategy.java:99) ~[spring-data-jpa-3.4.3.jar:3.4.3]
	at org.springframework.data.repository.core.support.QueryExecutorMethodInterceptor.lookupQuery(QueryExecutorMethodInterceptor.java:116) ~[spring-data-commons-3.4.3.jar:3.4.3]
	at org.springframework.data.repository.core.support.QueryExecutorMethodInterceptor.mapMethodsToQuery(QueryExecutorMethodInterceptor.java:104) ~[spring-data-commons-3.4.3.jar:3.4.3]
	at org.springframework.data.repository.core.support.QueryExecutorMethodInterceptor.lambda$new$0(QueryExecutorMethodInterceptor.java:92) ~[spring-data-commons-3.4.3.jar:3.4.3]
	at java.base/java.util.Optional.map(Optional.java:260) ~[na:na]
	at org.springframework.data.repository.core.support.QueryExecutorMethodInterceptor.<init>(QueryExecutorMethodInterceptor.java:92) ~[spring-data-commons-3.4.3.jar:3.4.3]
	at org.springframework.data.repository.core.support.RepositoryFactorySupport.getRepository(RepositoryFactorySupport.java:440) ~[spring-data-commons-3.4.3.jar:3.4.3]
	at org.springframework.data.repository.core.support.RepositoryFactoryBeanSupport.lambda$afterPropertiesSet$4(RepositoryFactoryBeanSupport.java:350) ~[spring-data-commons-3.4.3.jar:3.4.3]
	at org.springframework.data.util.Lazy.getNullable(Lazy.java:135) ~[spring-data-commons-3.4.3.jar:3.4.3]
	at org.springframework.data.util.Lazy.get(Lazy.java:113) ~[spring-data-commons-3.4.3.jar:3.4.3]
	at org.springframework.data.repository.core.support.RepositoryFactoryBeanSupport.afterPropertiesSet(RepositoryFactoryBeanSupport.java:356) ~[spring-data-commons-3.4.3.jar:3.4.3]
	at org.springframework.data.jpa.repository.support.JpaRepositoryFactoryBean.afterPropertiesSet(JpaRepositoryFactoryBean.java:132) ~[spring-data-jpa-3.4.3.jar:3.4.3]
	at org.springframework.beans.factory.support.AbstractAutowireCapableBeanFactory.invokeInitMethods(AbstractAutowireCapableBeanFactory.java:1859) ~[spring-beans-6.2.3.jar:6.2.3]
	at org.springframework.beans.factory.support.AbstractAutowireCapableBeanFactory.initializeBean(AbstractAutowireCapableBeanFactory.java:1808) ~[spring-beans-6.2.3.jar:6.2.3]
	at org.springframework.beans.factory.support.AbstractAutowireCapableBeanFactory.doCreateBean(AbstractAutowireCapableBeanFactory.java:601) ~[spring-beans-6.2.3.jar:6.2.3]
	at org.springframework.beans.factory.support.AbstractAutowireCapableBeanFactory.createBean(AbstractAutowireCapableBeanFactory.java:523) ~[spring-beans-6.2.3.jar:6.2.3]
	at org.springframework.beans.factory.support.AbstractBeanFactory.lambda$doGetBean$0(AbstractBeanFactory.java:339) ~[spring-beans-6.2.3.jar:6.2.3]
	at org.springframework.beans.factory.support.DefaultSingletonBeanRegistry.getSingleton(DefaultSingletonBeanRegistry.java:346) ~[spring-beans-6.2.3.jar:6.2.3]
	at org.springframework.beans.factory.support.AbstractBeanFactory.doGetBean(AbstractBeanFactory.java:337) ~[spring-beans-6.2.3.jar:6.2.3]
	at org.springframework.beans.factory.support.AbstractBeanFactory.getBean(AbstractBeanFactory.java:202) ~[spring-beans-6.2.3.jar:6.2.3]
	at org.springframework.beans.factory.support.DefaultListableBeanFactory.doResolveDependency(DefaultListableBeanFactory.java:1606) ~[spring-beans-6.2.3.jar:6.2.3]
	at org.springframework.beans.factory.support.DefaultListableBeanFactory.resolveDependency(DefaultListableBeanFactory.java:1552) ~[spring-beans-6.2.3.jar:6.2.3]
	at org.springframework.beans.factory.support.ConstructorResolver.resolveAutowiredArgument(ConstructorResolver.java:913) ~[spring-beans-6.2.3.jar:6.2.3]
	at org.springframework.beans.factory.support.ConstructorResolver.createArgumentArray(ConstructorResolver.java:791) ~[spring-beans-6.2.3.jar:6.2.3]
	at org.springframework.beans.factory.support.ConstructorResolver.autowireConstructor(ConstructorResolver.java:240) ~[spring-beans-6.2.3.jar:6.2.3]
	at org.springframework.beans.factory.support.AbstractAutowireCapableBeanFactory.autowireConstructor(AbstractAutowireCapableBeanFactory.java:1381) ~[spring-beans-6.2.3.jar:6.2.3]
	at org.springframework.beans.factory.support.AbstractAutowireCapableBeanFactory.createBeanInstance(AbstractAutowireCapableBeanFactory.java:1218) ~[spring-beans-6.2.3.jar:6.2.3]
	at org.springframework.beans.factory.support.AbstractAutowireCapableBeanFactory.doCreateBean(AbstractAutowireCapableBeanFactory.java:563) ~[spring-beans-6.2.3.jar:6.2.3]
	at org.springframework.beans.factory.support.AbstractAutowireCapableBeanFactory.createBean(AbstractAutowireCapableBeanFactory.java:523) ~[spring-beans-6.2.3.jar:6.2.3]
	at org.springframework.beans.factory.support.AbstractBeanFactory.lambda$doGetBean$0(AbstractBeanFactory.java:339) ~[spring-beans-6.2.3.jar:6.2.3]
	at org.springframework.beans.factory.support.DefaultSingletonBeanRegistry.getSingleton(DefaultSingletonBeanRegistry.java:346) ~[spring-beans-6.2.3.jar:6.2.3]
	at org.springframework.beans.factory.support.AbstractBeanFactory.doGetBean(AbstractBeanFactory.java:337) ~[spring-beans-6.2.3.jar:6.2.3]
	at org.springframework.beans.factory.support.AbstractBeanFactory.getBean(AbstractBeanFactory.java:202) ~[spring-beans-6.2.3.jar:6.2.3]
	at org.springframework.beans.factory.support.DefaultListableBeanFactory.instantiateSingleton(DefaultListableBeanFactory.java:1155) ~[spring-beans-6.2.3.jar:6.2.3]
	at org.springframework.beans.factory.support.DefaultListableBeanFactory.preInstantiateSingleton(DefaultListableBeanFactory.java:1121) ~[spring-beans-6.2.3.jar:6.2.3]
	at org.springframework.beans.factory.support.DefaultListableBeanFactory.preInstantiateSingletons(DefaultListableBeanFactory.java:1056) ~[spring-beans-6.2.3.jar:6.2.3]
	at org.springframework.context.support.AbstractApplicationContext.finishBeanFactoryInitialization(AbstractApplicationContext.java:987) ~[spring-context-6.2.3.jar:6.2.3]
	at org.springframework.context.support.AbstractApplicationContext.refresh(AbstractApplicationContext.java:627) ~[spring-context-6.2.3.jar:6.2.3]
	at org.springframework.boot.SpringApplication.refresh(SpringApplication.java:752) ~[spring-boot-3.4.3.jar:3.4.3]
	at org.springframework.boot.SpringApplication.refreshContext(SpringApplication.java:439) ~[spring-boot-3.4.3.jar:3.4.3]
	at org.springframework.boot.SpringApplication.run(SpringApplication.java:318) ~[spring-boot-3.4.3.jar:3.4.3]
	at org.springframework.boot.test.context.SpringBootContextLoader.lambda$loadContext$3(SpringBootContextLoader.java:137) ~[spring-boot-test-3.4.3.jar:3.4.3]
	at org.springframework.util.function.ThrowingSupplier.get(ThrowingSupplier.java:58) ~[spring-core-6.2.3.jar:6.2.3]
	at org.springframework.util.function.ThrowingSupplier.get(ThrowingSupplier.java:46) ~[spring-core-6.2.3.jar:6.2.3]
	at org.springframework.boot.SpringApplication.withHook(SpringApplication.java:1461) ~[spring-boot-3.4.3.jar:3.4.3]
	at org.springframework.boot.test.context.SpringBootContextLoader$ContextLoaderHook.run(SpringBootContextLoader.java:553) ~[spring-boot-test-3.4.3.jar:3.4.3]
	at org.springframework.boot.test.context.SpringBootContextLoader.loadContext(SpringBootContextLoader.java:137) ~[spring-boot-test-3.4.3.jar:3.4.3]
	at org.springframework.boot.test.context.SpringBootContextLoader.loadContext(SpringBootContextLoader.java:108) ~[spring-boot-test-3.4.3.jar:3.4.3]
	at org.springframework.test.context.cache.DefaultCacheAwareContextLoaderDelegate.loadContextInternal(DefaultCacheAwareContextLoaderDelegate.java:225) ~[spring-test-6.2.3.jar:6.2.3]
	at org.springframework.test.context.cache.DefaultCacheAwareContextLoaderDelegate.loadContext(DefaultCacheAwareContextLoaderDelegate.java:152) ~[spring-test-6.2.3.jar:6.2.3]
	at org.springframework.test.context.support.DefaultTestContext.getApplicationContext(DefaultTestContext.java:130) ~[spring-test-6.2.3.jar:6.2.3]
	at org.springframework.test.context.web.ServletTestExecutionListener.setUpRequestContextIfNecessary(ServletTestExecutionListener.java:200) ~[spring-test-6.2.3.jar:6.2.3]
	at org.springframework.test.context.web.ServletTestExecutionListener.prepareTestInstance(ServletTestExecutionListener.java:139) ~[spring-test-6.2.3.jar:6.2.3]
	at org.springframework.test.context.TestContextManager.prepareTestInstance(TestContextManager.java:260) ~[spring-test-6.2.3.jar:6.2.3]
	at org.springframework.test.context.junit.jupiter.SpringExtension.postProcessTestInstance(SpringExtension.java:160) ~[spring-test-6.2.3.jar:6.2.3]
	at org.junit.jupiter.engine.descriptor.ClassBasedTestDescriptor.lambda$invokeTestInstancePostProcessors$11(ClassBasedTestDescriptor.java:378) ~[junit-jupiter-engine-5.11.4.jar:5.11.4]
	at org.junit.jupiter.engine.descriptor.ClassBasedTestDescriptor.executeAndMaskThrowable(ClassBasedTestDescriptor.java:383) ~[junit-jupiter-engine-5.11.4.jar:5.11.4]
	at org.junit.jupiter.engine.descriptor.ClassBasedTestDescriptor.lambda$invokeTestInstancePostProcessors$12(ClassBasedTestDescriptor.java:378) ~[junit-jupiter-engine-5.11.4.jar:5.11.4]
	at java.base/java.util.stream.ForEachOps$ForEachOp$OfRef.accept(ForEachOps.java:184) ~[na:na]
	at java.base/java.util.stream.ReferencePipeline$3$1.accept(ReferencePipeline.java:215) ~[na:na]
	at java.base/java.util.stream.ReferencePipeline$2$1.accept(ReferencePipeline.java:197) ~[na:na]
	at java.base/java.util.stream.ReferencePipeline$3$1.accept(ReferencePipeline.java:215) ~[na:na]
	at java.base/java.util.ArrayList$ArrayListSpliterator.forEachRemaining(ArrayList.java:1709) ~[na:na]
	at java.base/java.util.stream.AbstractPipeline.copyInto(AbstractPipeline.java:570) ~[na:na]
	at java.base/java.util.stream.AbstractPipeline.wrapAndCopyInto(AbstractPipeline.java:560) ~[na:na]
	at java.base/java.util.stream.ForEachOps$ForEachOp.evaluateSequential(ForEachOps.java:151) ~[na:na]
	at java.base/java.util.stream.ForEachOps$ForEachOp$OfRef.evaluateSequential(ForEachOps.java:174) ~[na:na]
	at java.base/java.util.stream.AbstractPipeline.evaluate(AbstractPipeline.java:265) ~[na:na]
	at java.base/java.util.stream.ReferencePipeline.forEach(ReferencePipeline.java:636) ~[na:na]
	at org.junit.jupiter.engine.descriptor.ClassBasedTestDescriptor.invokeTestInstancePostProcessors(ClassBasedTestDescriptor.java:377) ~[junit-jupiter-engine-5.11.4.jar:5.11.4]
	at org.junit.jupiter.engine.descriptor.ClassBasedTestDescriptor.lambda$instantiateAndPostProcessTestInstance$7(ClassBasedTestDescriptor.java:290) ~[junit-jupiter-engine-5.11.4.jar:5.11.4]
	at org.junit.platform.engine.support.hierarchical.ThrowableCollector.execute(ThrowableCollector.java:73) ~[junit-platform-engine-1.11.4.jar:1.11.4]
	at org.junit.jupiter.engine.descriptor.ClassBasedTestDescriptor.instantiateAndPostProcessTestInstance(ClassBasedTestDescriptor.java:289) ~[junit-jupiter-engine-5.11.4.jar:5.11.4]
	at org.junit.jupiter.engine.descriptor.ClassBasedTestDescriptor.lambda$testInstancesProvider$5(ClassBasedTestDescriptor.java:279) ~[junit-jupiter-engine-5.11.4.jar:5.11.4]
	at java.base/java.util.Optional.orElseGet(Optional.java:364) ~[na:na]
	at org.junit.jupiter.engine.descriptor.ClassBasedTestDescriptor.lambda$testInstancesProvider$6(ClassBasedTestDescriptor.java:278) ~[junit-jupiter-engine-5.11.4.jar:5.11.4]
	at org.junit.jupiter.engine.execution.TestInstancesProvider.getTestInstances(TestInstancesProvider.java:31) ~[junit-jupiter-engine-5.11.4.jar:5.11.4]
	at org.junit.jupiter.engine.descriptor.TestMethodTestDescriptor.lambda$prepare$1(TestMethodTestDescriptor.java:105) ~[junit-jupiter-engine-5.11.4.jar:5.11.4]
	at org.junit.platform.engine.support.hierarchical.ThrowableCollector.execute(ThrowableCollector.java:73) ~[junit-platform-engine-1.11.4.jar:1.11.4]
	at org.junit.jupiter.engine.descriptor.TestMethodTestDescriptor.prepare(TestMethodTestDescriptor.java:104) ~[junit-jupiter-engine-5.11.4.jar:5.11.4]
	at org.junit.jupiter.engine.descriptor.TestMethodTestDescriptor.prepare(TestMethodTestDescriptor.java:68) ~[junit-jupiter-engine-5.11.4.jar:5.11.4]
	at org.junit.platform.engine.support.hierarchical.NodeTestTask.lambda$prepare$2(NodeTestTask.java:128) ~[junit-platform-engine-1.11.4.jar:1.11.4]
	at org.junit.platform.engine.support.hierarchical.ThrowableCollector.execute(ThrowableCollector.java:73) ~[junit-platform-engine-1.11.4.jar:1.11.4]
	at org.junit.platform.engine.support.hierarchical.NodeTestTask.prepare(NodeTestTask.java:128) ~[junit-platform-engine-1.11.4.jar:1.11.4]
	at org.junit.platform.engine.support.hierarchical.NodeTestTask.execute(NodeTestTask.java:95) ~[junit-platform-engine-1.11.4.jar:1.11.4]
	at java.base/java.util.ArrayList.forEach(ArrayList.java:1597) ~[na:na]
	at org.junit.platform.engine.support.hierarchical.SameThreadHierarchicalTestExecutorService.invokeAll(SameThreadHierarchicalTestExecutorService.java:41) ~[junit-platform-engine-1.11.4.jar:1.11.4]
	at org.junit.platform.engine.support.hierarchical.NodeTestTask.lambda$executeRecursively$6(NodeTestTask.java:160) ~[junit-platform-engine-1.11.4.jar:1.11.4]
	at org.junit.platform.engine.support.hierarchical.ThrowableCollector.execute(ThrowableCollector.java:73) ~[junit-platform-engine-1.11.4.jar:1.11.4]
	at org.junit.platform.engine.support.hierarchical.NodeTestTask.lambda$executeRecursively$8(NodeTestTask.java:146) ~[junit-platform-engine-1.11.4.jar:1.11.4]
	at org.junit.platform.engine.support.hierarchical.Node.around(Node.java:137) ~[junit-platform-engine-1.11.4.jar:1.11.4]
	at org.junit.platform.engine.support.hierarchical.NodeTestTask.lambda$executeRecursively$9(NodeTestTask.java:144) ~[junit-platform-engine-1.11.4.jar:1.11.4]
	at org.junit.platform.engine.support.hierarchical.ThrowableCollector.execute(ThrowableCollector.java:73) ~[junit-platform-engine-1.11.4.jar:1.11.4]
	at org.junit.platform.engine.support.hierarchical.NodeTestTask.executeRecursively(NodeTestTask.java:143) ~[junit-platform-engine-1.11.4.jar:1.11.4]
	at org.junit.platform.engine.support.hierarchical.NodeTestTask.execute(NodeTestTask.java:100) ~[junit-platform-engine-1.11.4.jar:1.11.4]
	at java.base/java.util.ArrayList.forEach(ArrayList.java:1597) ~[na:na]
	at org.junit.platform.engine.support.hierarchical.SameThreadHierarchicalTestExecutorService.invokeAll(SameThreadHierarchicalTestExecutorService.java:41) ~[junit-platform-engine-1.11.4.jar:1.11.4]
	at org.junit.platform.engine.support.hierarchical.NodeTestTask.lambda$executeRecursively$6(NodeTestTask.java:160) ~[junit-platform-engine-1.11.4.jar:1.11.4]
	at org.junit.platform.engine.support.hierarchical.ThrowableCollector.execute(ThrowableCollector.java:73) ~[junit-platform-engine-1.11.4.jar:1.11.4]
	at org.junit.platform.engine.support.hierarchical.NodeTestTask.lambda$executeRecursively$8(NodeTestTask.java:146) ~[junit-platform-engine-1.11.4.jar:1.11.4]
	at org.junit.platform.engine.support.hierarchical.Node.around(Node.java:137) ~[junit-platform-engine-1.11.4.jar:1.11.4]
	at org.junit.platform.engine.support.hierarchical.NodeTestTask.lambda$executeRecursively$9(NodeTestTask.java:144) ~[junit-platform-engine-1.11.4.jar:1.11.4]
	at org.junit.platform.engine.support.hierarchical.ThrowableCollector.execute(ThrowableCollector.java:73) ~[junit-platform-engine-1.11.4.jar:1.11.4]
	at org.junit.platform.engine.support.hierarchical.NodeTestTask.executeRecursively(NodeTestTask.java:143) ~[junit-platform-engine-1.11.4.jar:1.11.4]
	at org.junit.platform.engine.support.hierarchical.NodeTestTask.execute(NodeTestTask.java:100) ~[junit-platform-engine-1.11.4.jar:1.11.4]
	at org.junit.platform.engine.support.hierarchical.SameThreadHierarchicalTestExecutorService.submit(SameThreadHierarchicalTestExecutorService.java:35) ~[junit-platform-engine-1.11.4.jar:1.11.4]
	at org.junit.platform.engine.support.hierarchical.HierarchicalTestExecutor.execute(HierarchicalTestExecutor.java:57) ~[junit-platform-engine-1.11.4.jar:1.11.4]
	at org.junit.platform.engine.support.hierarchical.HierarchicalTestEngine.execute(HierarchicalTestEngine.java:54) ~[junit-platform-engine-1.11.4.jar:1.11.4]
	at org.junit.platform.launcher.core.EngineExecutionOrchestrator.execute(EngineExecutionOrchestrator.java:198) ~[junit-platform-launcher-1.11.4.jar:1.11.4]
	at org.junit.platform.launcher.core.EngineExecutionOrchestrator.execute(EngineExecutionOrchestrator.java:169) ~[junit-platform-launcher-1.11.4.jar:1.11.4]
	at org.junit.platform.launcher.core.EngineExecutionOrchestrator.execute(EngineExecutionOrchestrator.java:93) ~[junit-platform-launcher-1.11.4.jar:1.11.4]
	at org.junit.platform.launcher.core.EngineExecutionOrchestrator.lambda$execute$0(EngineExecutionOrchestrator.java:58) ~[junit-platform-launcher-1.11.4.jar:1.11.4]
	at org.junit.platform.launcher.core.EngineExecutionOrchestrator.withInterceptedStreams(EngineExecutionOrchestrator.java:141) ~[junit-platform-launcher-1.11.4.jar:1.11.4]
	at org.junit.platform.launcher.core.EngineExecutionOrchestrator.execute(EngineExecutionOrchestrator.java:57) ~[junit-platform-launcher-1.11.4.jar:1.11.4]
	at org.junit.platform.launcher.core.DefaultLauncher.execute(DefaultLauncher.java:103) ~[junit-platform-launcher-1.11.4.jar:1.11.4]
	at org.junit.platform.launcher.core.DefaultLauncher.execute(DefaultLauncher.java:85) ~[junit-platform-launcher-1.11.4.jar:1.11.4]
	at org.junit.platform.launcher.core.DelegatingLauncher.execute(DelegatingLauncher.java:47) ~[junit-platform-launcher-1.11.4.jar:1.11.4]
	at org.apache.maven.surefire.junitplatform.LazyLauncher.execute(LazyLauncher.java:56) ~[surefire-junit-platform-3.5.2.jar:3.5.2]
	at org.apache.maven.surefire.junitplatform.JUnitPlatformProvider.execute(JUnitPlatformProvider.java:184) ~[surefire-junit-platform-3.5.2.jar:3.5.2]
	at org.apache.maven.surefire.junitplatform.JUnitPlatformProvider.invokeAllTests(JUnitPlatformProvider.java:148) ~[surefire-junit-platform-3.5.2.jar:3.5.2]
	at org.apache.maven.surefire.junitplatform.JUnitPlatformProvider.invoke(JUnitPlatformProvider.java:122) ~[surefire-junit-platform-3.5.2.jar:3.5.2]
	at org.apache.maven.surefire.booter.ForkedBooter.runSuitesInProcess(ForkedBooter.java:385) ~[surefire-booter-3.5.2.jar:3.5.2]
	at org.apache.maven.surefire.booter.ForkedBooter.execute(ForkedBooter.java:162) ~[surefire-booter-3.5.2.jar:3.5.2]
	at org.apache.maven.surefire.booter.ForkedBooter.run(ForkedBooter.java:507) ~[surefire-booter-3.5.2.jar:3.5.2]
	at org.apache.maven.surefire.booter.ForkedBooter.main(ForkedBooter.java:495) ~[surefire-booter-3.5.2.jar:3.5.2]

2025-03-14T22:00:34.268-05:00 DEBUG 46911 --- [flight-booking] [           main] cResourceLocalTransactionCoordinatorImpl : JDBC transaction marked for rollback-only (exception provided for stack trace)

java.lang.Exception: exception just for purpose of providing stack trace
	at org.hibernate.resource.transaction.backend.jdbc.internal.JdbcResourceLocalTransactionCoordinatorImpl$TransactionDriverControlImpl.markRollbackOnly(JdbcResourceLocalTransactionCoordinatorImpl.java:309) ~[hibernate-core-6.6.8.Final.jar:6.6.8.Final]
	at org.hibernate.internal.AbstractSharedSessionContract.buildNamedQuery(AbstractSharedSessionContract.java:1141) ~[hibernate-core-6.6.8.Final.jar:6.6.8.Final]
	at org.hibernate.internal.AbstractSharedSessionContract.createNamedQuery(AbstractSharedSessionContract.java:1019) ~[hibernate-core-6.6.8.Final.jar:6.6.8.Final]
	at org.hibernate.internal.AbstractSharedSessionContract.createNamedQuery(AbstractSharedSessionContract.java:143) ~[hibernate-core-6.6.8.Final.jar:6.6.8.Final]
	at java.base/jdk.internal.reflect.DirectMethodHandleAccessor.invoke(DirectMethodHandleAccessor.java:103) ~[na:na]
	at java.base/java.lang.reflect.Method.invoke(Method.java:580) ~[na:na]
	at org.springframework.orm.jpa.ExtendedEntityManagerCreator$ExtendedEntityManagerInvocationHandler.invoke(ExtendedEntityManagerCreator.java:364) ~[spring-orm-6.2.3.jar:6.2.3]
	at jdk.proxy2/jdk.proxy2.$Proxy135.createNamedQuery(Unknown Source) ~[na:na]
	at org.springframework.data.jpa.repository.query.NamedQuery.hasNamedQuery(NamedQuery.java:114) ~[spring-data-jpa-3.4.3.jar:3.4.3]
	at org.springframework.data.jpa.repository.query.JpaQueryLookupStrategy$DeclaredQueryLookupStrategy.getCountQuery(JpaQueryLookupStrategy.java:208) ~[spring-data-jpa-3.4.3.jar:3.4.3]
	at org.springframework.data.jpa.repository.query.JpaQueryLookupStrategy$DeclaredQueryLookupStrategy.resolveQuery(JpaQueryLookupStrategy.java:175) ~[spring-data-jpa-3.4.3.jar:3.4.3]
	at org.springframework.data.jpa.repository.query.JpaQueryLookupStrategy$CreateIfNotFoundQueryLookupStrategy.resolveQuery(JpaQueryLookupStrategy.java:256) ~[spring-data-jpa-3.4.3.jar:3.4.3]
	at org.springframework.data.jpa.repository.query.JpaQueryLookupStrategy$AbstractQueryLookupStrategy.resolveQuery(JpaQueryLookupStrategy.java:99) ~[spring-data-jpa-3.4.3.jar:3.4.3]
	at org.springframework.data.repository.core.support.QueryExecutorMethodInterceptor.lookupQuery(QueryExecutorMethodInterceptor.java:116) ~[spring-data-commons-3.4.3.jar:3.4.3]
	at org.springframework.data.repository.core.support.QueryExecutorMethodInterceptor.mapMethodsToQuery(QueryExecutorMethodInterceptor.java:104) ~[spring-data-commons-3.4.3.jar:3.4.3]
	at org.springframework.data.repository.core.support.QueryExecutorMethodInterceptor.lambda$new$0(QueryExecutorMethodInterceptor.java:92) ~[spring-data-commons-3.4.3.jar:3.4.3]
	at java.base/java.util.Optional.map(Optional.java:260) ~[na:na]
	at org.springframework.data.repository.core.support.QueryExecutorMethodInterceptor.<init>(QueryExecutorMethodInterceptor.java:92) ~[spring-data-commons-3.4.3.jar:3.4.3]
	at org.springframework.data.repository.core.support.RepositoryFactorySupport.getRepository(RepositoryFactorySupport.java:440) ~[spring-data-commons-3.4.3.jar:3.4.3]
	at org.springframework.data.repository.core.support.RepositoryFactoryBeanSupport.lambda$afterPropertiesSet$4(RepositoryFactoryBeanSupport.java:350) ~[spring-data-commons-3.4.3.jar:3.4.3]
	at org.springframework.data.util.Lazy.getNullable(Lazy.java:135) ~[spring-data-commons-3.4.3.jar:3.4.3]
	at org.springframework.data.util.Lazy.get(Lazy.java:113) ~[spring-data-commons-3.4.3.jar:3.4.3]
	at org.springframework.data.repository.core.support.RepositoryFactoryBeanSupport.afterPropertiesSet(RepositoryFactoryBeanSupport.java:356) ~[spring-data-commons-3.4.3.jar:3.4.3]
	at org.springframework.data.jpa.repository.support.JpaRepositoryFactoryBean.afterPropertiesSet(JpaRepositoryFactoryBean.java:132) ~[spring-data-jpa-3.4.3.jar:3.4.3]
	at org.springframework.beans.factory.support.AbstractAutowireCapableBeanFactory.invokeInitMethods(AbstractAutowireCapableBeanFactory.java:1859) ~[spring-beans-6.2.3.jar:6.2.3]
	at org.springframework.beans.factory.support.AbstractAutowireCapableBeanFactory.initializeBean(AbstractAutowireCapableBeanFactory.java:1808) ~[spring-beans-6.2.3.jar:6.2.3]
	at org.springframework.beans.factory.support.AbstractAutowireCapableBeanFactory.doCreateBean(AbstractAutowireCapableBeanFactory.java:601) ~[spring-beans-6.2.3.jar:6.2.3]
	at org.springframework.beans.factory.support.AbstractAutowireCapableBeanFactory.createBean(AbstractAutowireCapableBeanFactory.java:523) ~[spring-beans-6.2.3.jar:6.2.3]
	at org.springframework.beans.factory.support.AbstractBeanFactory.lambda$doGetBean$0(AbstractBeanFactory.java:339) ~[spring-beans-6.2.3.jar:6.2.3]
	at org.springframework.beans.factory.support.DefaultSingletonBeanRegistry.getSingleton(DefaultSingletonBeanRegistry.java:346) ~[spring-beans-6.2.3.jar:6.2.3]
	at org.springframework.beans.factory.support.AbstractBeanFactory.doGetBean(AbstractBeanFactory.java:337) ~[spring-beans-6.2.3.jar:6.2.3]
	at org.springframework.beans.factory.support.AbstractBeanFactory.getBean(AbstractBeanFactory.java:202) ~[spring-beans-6.2.3.jar:6.2.3]
	at org.springframework.beans.factory.support.DefaultListableBeanFactory.doResolveDependency(DefaultListableBeanFactory.java:1606) ~[spring-beans-6.2.3.jar:6.2.3]
	at org.springframework.beans.factory.support.DefaultListableBeanFactory.resolveDependency(DefaultListableBeanFactory.java:1552) ~[spring-beans-6.2.3.jar:6.2.3]
	at org.springframework.beans.factory.support.ConstructorResolver.resolveAutowiredArgument(ConstructorResolver.java:913) ~[spring-beans-6.2.3.jar:6.2.3]
	at org.springframework.beans.factory.support.ConstructorResolver.createArgumentArray(ConstructorResolver.java:791) ~[spring-beans-6.2.3.jar:6.2.3]
	at org.springframework.beans.factory.support.ConstructorResolver.autowireConstructor(ConstructorResolver.java:240) ~[spring-beans-6.2.3.jar:6.2.3]
	at org.springframework.beans.factory.support.AbstractAutowireCapableBeanFactory.autowireConstructor(AbstractAutowireCapableBeanFactory.java:1381) ~[spring-beans-6.2.3.jar:6.2.3]
	at org.springframework.beans.factory.support.AbstractAutowireCapableBeanFactory.createBeanInstance(AbstractAutowireCapableBeanFactory.java:1218) ~[spring-beans-6.2.3.jar:6.2.3]
	at org.springframework.beans.factory.support.AbstractAutowireCapableBeanFactory.doCreateBean(AbstractAutowireCapableBeanFactory.java:563) ~[spring-beans-6.2.3.jar:6.2.3]
	at org.springframework.beans.factory.support.AbstractAutowireCapableBeanFactory.createBean(AbstractAutowireCapableBeanFactory.java:523) ~[spring-beans-6.2.3.jar:6.2.3]
	at org.springframework.beans.factory.support.AbstractBeanFactory.lambda$doGetBean$0(AbstractBeanFactory.java:339) ~[spring-beans-6.2.3.jar:6.2.3]
	at org.springframework.beans.factory.support.DefaultSingletonBeanRegistry.getSingleton(DefaultSingletonBeanRegistry.java:346) ~[spring-beans-6.2.3.jar:6.2.3]
	at org.springframework.beans.factory.support.AbstractBeanFactory.doGetBean(AbstractBeanFactory.java:337) ~[spring-beans-6.2.3.jar:6.2.3]
	at org.springframework.beans.factory.support.AbstractBeanFactory.getBean(AbstractBeanFactory.java:202) ~[spring-beans-6.2.3.jar:6.2.3]
	at org.springframework.beans.factory.support.DefaultListableBeanFactory.instantiateSingleton(DefaultListableBeanFactory.java:1155) ~[spring-beans-6.2.3.jar:6.2.3]
	at org.springframework.beans.factory.support.DefaultListableBeanFactory.preInstantiateSingleton(DefaultListableBeanFactory.java:1121) ~[spring-beans-6.2.3.jar:6.2.3]
	at org.springframework.beans.factory.support.DefaultListableBeanFactory.preInstantiateSingletons(DefaultListableBeanFactory.java:1056) ~[spring-beans-6.2.3.jar:6.2.3]
	at org.springframework.context.support.AbstractApplicationContext.finishBeanFactoryInitialization(AbstractApplicationContext.java:987) ~[spring-context-6.2.3.jar:6.2.3]
	at org.springframework.context.support.AbstractApplicationContext.refresh(AbstractApplicationContext.java:627) ~[spring-context-6.2.3.jar:6.2.3]
	at org.springframework.boot.SpringApplication.refresh(SpringApplication.java:752) ~[spring-boot-3.4.3.jar:3.4.3]
	at org.springframework.boot.SpringApplication.refreshContext(SpringApplication.java:439) ~[spring-boot-3.4.3.jar:3.4.3]
	at org.springframework.boot.SpringApplication.run(SpringApplication.java:318) ~[spring-boot-3.4.3.jar:3.4.3]
	at org.springframework.boot.test.context.SpringBootContextLoader.lambda$loadContext$3(SpringBootContextLoader.java:137) ~[spring-boot-test-3.4.3.jar:3.4.3]
	at org.springframework.util.function.ThrowingSupplier.get(ThrowingSupplier.java:58) ~[spring-core-6.2.3.jar:6.2.3]
	at org.springframework.util.function.ThrowingSupplier.get(ThrowingSupplier.java:46) ~[spring-core-6.2.3.jar:6.2.3]
	at org.springframework.boot.SpringApplication.withHook(SpringApplication.java:1461) ~[spring-boot-3.4.3.jar:3.4.3]
	at org.springframework.boot.test.context.SpringBootContextLoader$ContextLoaderHook.run(SpringBootContextLoader.java:553) ~[spring-boot-test-3.4.3.jar:3.4.3]
	at org.springframework.boot.test.context.SpringBootContextLoader.loadContext(SpringBootContextLoader.java:137) ~[spring-boot-test-3.4.3.jar:3.4.3]
	at org.springframework.boot.test.context.SpringBootContextLoader.loadContext(SpringBootContextLoader.java:108) ~[spring-boot-test-3.4.3.jar:3.4.3]
	at org.springframework.test.context.cache.DefaultCacheAwareContextLoaderDelegate.loadContextInternal(DefaultCacheAwareContextLoaderDelegate.java:225) ~[spring-test-6.2.3.jar:6.2.3]
	at org.springframework.test.context.cache.DefaultCacheAwareContextLoaderDelegate.loadContext(DefaultCacheAwareContextLoaderDelegate.java:152) ~[spring-test-6.2.3.jar:6.2.3]
	at org.springframework.test.context.support.DefaultTestContext.getApplicationContext(DefaultTestContext.java:130) ~[spring-test-6.2.3.jar:6.2.3]
	at org.springframework.test.context.web.ServletTestExecutionListener.setUpRequestContextIfNecessary(ServletTestExecutionListener.java:200) ~[spring-test-6.2.3.jar:6.2.3]
	at org.springframework.test.context.web.ServletTestExecutionListener.prepareTestInstance(ServletTestExecutionListener.java:139) ~[spring-test-6.2.3.jar:6.2.3]
	at org.springframework.test.context.TestContextManager.prepareTestInstance(TestContextManager.java:260) ~[spring-test-6.2.3.jar:6.2.3]
	at org.springframework.test.context.junit.jupiter.SpringExtension.postProcessTestInstance(SpringExtension.java:160) ~[spring-test-6.2.3.jar:6.2.3]
	at org.junit.jupiter.engine.descriptor.ClassBasedTestDescriptor.lambda$invokeTestInstancePostProcessors$11(ClassBasedTestDescriptor.java:378) ~[junit-jupiter-engine-5.11.4.jar:5.11.4]
	at org.junit.jupiter.engine.descriptor.ClassBasedTestDescriptor.executeAndMaskThrowable(ClassBasedTestDescriptor.java:383) ~[junit-jupiter-engine-5.11.4.jar:5.11.4]
	at org.junit.jupiter.engine.descriptor.ClassBasedTestDescriptor.lambda$invokeTestInstancePostProcessors$12(ClassBasedTestDescriptor.java:378) ~[junit-jupiter-engine-5.11.4.jar:5.11.4]
	at java.base/java.util.stream.ForEachOps$ForEachOp$OfRef.accept(ForEachOps.java:184) ~[na:na]
	at java.base/java.util.stream.ReferencePipeline$3$1.accept(ReferencePipeline.java:215) ~[na:na]
	at java.base/java.util.stream.ReferencePipeline$2$1.accept(ReferencePipeline.java:197) ~[na:na]
	at java.base/java.util.stream.ReferencePipeline$3$1.accept(ReferencePipeline.java:215) ~[na:na]
	at java.base/java.util.ArrayList$ArrayListSpliterator.forEachRemaining(ArrayList.java:1709) ~[na:na]
	at java.base/java.util.stream.AbstractPipeline.copyInto(AbstractPipeline.java:570) ~[na:na]
	at java.base/java.util.stream.AbstractPipeline.wrapAndCopyInto(AbstractPipeline.java:560) ~[na:na]
	at java.base/java.util.stream.ForEachOps$ForEachOp.evaluateSequential(ForEachOps.java:151) ~[na:na]
	at java.base/java.util.stream.ForEachOps$ForEachOp$OfRef.evaluateSequential(ForEachOps.java:174) ~[na:na]
	at java.base/java.util.stream.AbstractPipeline.evaluate(AbstractPipeline.java:265) ~[na:na]
	at java.base/java.util.stream.ReferencePipeline.forEach(ReferencePipeline.java:636) ~[na:na]
	at org.junit.jupiter.engine.descriptor.ClassBasedTestDescriptor.invokeTestInstancePostProcessors(ClassBasedTestDescriptor.java:377) ~[junit-jupiter-engine-5.11.4.jar:5.11.4]
	at org.junit.jupiter.engine.descriptor.ClassBasedTestDescriptor.lambda$instantiateAndPostProcessTestInstance$7(ClassBasedTestDescriptor.java:290) ~[junit-jupiter-engine-5.11.4.jar:5.11.4]
	at org.junit.platform.engine.support.hierarchical.ThrowableCollector.execute(ThrowableCollector.java:73) ~[junit-platform-engine-1.11.4.jar:1.11.4]
	at org.junit.jupiter.engine.descriptor.ClassBasedTestDescriptor.instantiateAndPostProcessTestInstance(ClassBasedTestDescriptor.java:289) ~[junit-jupiter-engine-5.11.4.jar:5.11.4]
	at org.junit.jupiter.engine.descriptor.ClassBasedTestDescriptor.lambda$testInstancesProvider$5(ClassBasedTestDescriptor.java:279) ~[junit-jupiter-engine-5.11.4.jar:5.11.4]
	at java.base/java.util.Optional.orElseGet(Optional.java:364) ~[na:na]
	at org.junit.jupiter.engine.descriptor.ClassBasedTestDescriptor.lambda$testInstancesProvider$6(ClassBasedTestDescriptor.java:278) ~[junit-jupiter-engine-5.11.4.jar:5.11.4]
	at org.junit.jupiter.engine.execution.TestInstancesProvider.getTestInstances(TestInstancesProvider.java:31) ~[junit-jupiter-engine-5.11.4.jar:5.11.4]
	at org.junit.jupiter.engine.descriptor.TestMethodTestDescriptor.lambda$prepare$1(TestMethodTestDescriptor.java:105) ~[junit-jupiter-engine-5.11.4.jar:5.11.4]
	at org.junit.platform.engine.support.hierarchical.ThrowableCollector.execute(ThrowableCollector.java:73) ~[junit-platform-engine-1.11.4.jar:1.11.4]
	at org.junit.jupiter.engine.descriptor.TestMethodTestDescriptor.prepare(TestMethodTestDescriptor.java:104) ~[junit-jupiter-engine-5.11.4.jar:5.11.4]
	at org.junit.jupiter.engine.descriptor.TestMethodTestDescriptor.prepare(TestMethodTestDescriptor.java:68) ~[junit-jupiter-engine-5.11.4.jar:5.11.4]
	at org.junit.platform.engine.support.hierarchical.NodeTestTask.lambda$prepare$2(NodeTestTask.java:128) ~[junit-platform-engine-1.11.4.jar:1.11.4]
	at org.junit.platform.engine.support.hierarchical.ThrowableCollector.execute(ThrowableCollector.java:73) ~[junit-platform-engine-1.11.4.jar:1.11.4]
	at org.junit.platform.engine.support.hierarchical.NodeTestTask.prepare(NodeTestTask.java:128) ~[junit-platform-engine-1.11.4.jar:1.11.4]
	at org.junit.platform.engine.support.hierarchical.NodeTestTask.execute(NodeTestTask.java:95) ~[junit-platform-engine-1.11.4.jar:1.11.4]
	at java.base/java.util.ArrayList.forEach(ArrayList.java:1597) ~[na:na]
	at org.junit.platform.engine.support.hierarchical.SameThreadHierarchicalTestExecutorService.invokeAll(SameThreadHierarchicalTestExecutorService.java:41) ~[junit-platform-engine-1.11.4.jar:1.11.4]
	at org.junit.platform.engine.support.hierarchical.NodeTestTask.lambda$executeRecursively$6(NodeTestTask.java:160) ~[junit-platform-engine-1.11.4.jar:1.11.4]
	at org.junit.platform.engine.support.hierarchical.ThrowableCollector.execute(ThrowableCollector.java:73) ~[junit-platform-engine-1.11.4.jar:1.11.4]
	at org.junit.platform.engine.support.hierarchical.NodeTestTask.lambda$executeRecursively$8(NodeTestTask.java:146) ~[junit-platform-engine-1.11.4.jar:1.11.4]
	at org.junit.platform.engine.support.hierarchical.Node.around(Node.java:137) ~[junit-platform-engine-1.11.4.jar:1.11.4]
	at org.junit.platform.engine.support.hierarchical.NodeTestTask.lambda$executeRecursively$9(NodeTestTask.java:144) ~[junit-platform-engine-1.11.4.jar:1.11.4]
	at org.junit.platform.engine.support.hierarchical.ThrowableCollector.execute(ThrowableCollector.java:73) ~[junit-platform-engine-1.11.4.jar:1.11.4]
	at org.junit.platform.engine.support.hierarchical.NodeTestTask.executeRecursively(NodeTestTask.java:143) ~[junit-platform-engine-1.11.4.jar:1.11.4]
	at org.junit.platform.engine.support.hierarchical.NodeTestTask.execute(NodeTestTask.java:100) ~[junit-platform-engine-1.11.4.jar:1.11.4]
	at java.base/java.util.ArrayList.forEach(ArrayList.java:1597) ~[na:na]
	at org.junit.platform.engine.support.hierarchical.SameThreadHierarchicalTestExecutorService.invokeAll(SameThreadHierarchicalTestExecutorService.java:41) ~[junit-platform-engine-1.11.4.jar:1.11.4]
	at org.junit.platform.engine.support.hierarchical.NodeTestTask.lambda$executeRecursively$6(NodeTestTask.java:160) ~[junit-platform-engine-1.11.4.jar:1.11.4]
	at org.junit.platform.engine.support.hierarchical.ThrowableCollector.execute(ThrowableCollector.java:73) ~[junit-platform-engine-1.11.4.jar:1.11.4]
	at org.junit.platform.engine.support.hierarchical.NodeTestTask.lambda$executeRecursively$8(NodeTestTask.java:146) ~[junit-platform-engine-1.11.4.jar:1.11.4]
	at org.junit.platform.engine.support.hierarchical.Node.around(Node.java:137) ~[junit-platform-engine-1.11.4.jar:1.11.4]
	at org.junit.platform.engine.support.hierarchical.NodeTestTask.lambda$executeRecursively$9(NodeTestTask.java:144) ~[junit-platform-engine-1.11.4.jar:1.11.4]
	at org.junit.platform.engine.support.hierarchical.ThrowableCollector.execute(ThrowableCollector.java:73) ~[junit-platform-engine-1.11.4.jar:1.11.4]
	at org.junit.platform.engine.support.hierarchical.NodeTestTask.executeRecursively(NodeTestTask.java:143) ~[junit-platform-engine-1.11.4.jar:1.11.4]
	at org.junit.platform.engine.support.hierarchical.NodeTestTask.execute(NodeTestTask.java:100) ~[junit-platform-engine-1.11.4.jar:1.11.4]
	at org.junit.platform.engine.support.hierarchical.SameThreadHierarchicalTestExecutorService.submit(SameThreadHierarchicalTestExecutorService.java:35) ~[junit-platform-engine-1.11.4.jar:1.11.4]
	at org.junit.platform.engine.support.hierarchical.HierarchicalTestExecutor.execute(HierarchicalTestExecutor.java:57) ~[junit-platform-engine-1.11.4.jar:1.11.4]
	at org.junit.platform.engine.support.hierarchical.HierarchicalTestEngine.execute(HierarchicalTestEngine.java:54) ~[junit-platform-engine-1.11.4.jar:1.11.4]
	at org.junit.platform.launcher.core.EngineExecutionOrchestrator.execute(EngineExecutionOrchestrator.java:198) ~[junit-platform-launcher-1.11.4.jar:1.11.4]
	at org.junit.platform.launcher.core.EngineExecutionOrchestrator.execute(EngineExecutionOrchestrator.java:169) ~[junit-platform-launcher-1.11.4.jar:1.11.4]
	at org.junit.platform.launcher.core.EngineExecutionOrchestrator.execute(EngineExecutionOrchestrator.java:93) ~[junit-platform-launcher-1.11.4.jar:1.11.4]
	at org.junit.platform.launcher.core.EngineExecutionOrchestrator.lambda$execute$0(EngineExecutionOrchestrator.java:58) ~[junit-platform-launcher-1.11.4.jar:1.11.4]
	at org.junit.platform.launcher.core.EngineExecutionOrchestrator.withInterceptedStreams(EngineExecutionOrchestrator.java:141) ~[junit-platform-launcher-1.11.4.jar:1.11.4]
	at org.junit.platform.launcher.core.EngineExecutionOrchestrator.execute(EngineExecutionOrchestrator.java:57) ~[junit-platform-launcher-1.11.4.jar:1.11.4]
	at org.junit.platform.launcher.core.DefaultLauncher.execute(DefaultLauncher.java:103) ~[junit-platform-launcher-1.11.4.jar:1.11.4]
	at org.junit.platform.launcher.core.DefaultLauncher.execute(DefaultLauncher.java:85) ~[junit-platform-launcher-1.11.4.jar:1.11.4]
	at org.junit.platform.launcher.core.DelegatingLauncher.execute(DelegatingLauncher.java:47) ~[junit-platform-launcher-1.11.4.jar:1.11.4]
	at org.apache.maven.surefire.junitplatform.LazyLauncher.execute(LazyLauncher.java:56) ~[surefire-junit-platform-3.5.2.jar:3.5.2]
	at org.apache.maven.surefire.junitplatform.JUnitPlatformProvider.execute(JUnitPlatformProvider.java:184) ~[surefire-junit-platform-3.5.2.jar:3.5.2]
	at org.apache.maven.surefire.junitplatform.JUnitPlatformProvider.invokeAllTests(JUnitPlatformProvider.java:148) ~[surefire-junit-platform-3.5.2.jar:3.5.2]
	at org.apache.maven.surefire.junitplatform.JUnitPlatformProvider.invoke(JUnitPlatformProvider.java:122) ~[surefire-junit-platform-3.5.2.jar:3.5.2]
	at org.apache.maven.surefire.booter.ForkedBooter.runSuitesInProcess(ForkedBooter.java:385) ~[surefire-booter-3.5.2.jar:3.5.2]
	at org.apache.maven.surefire.booter.ForkedBooter.execute(ForkedBooter.java:162) ~[surefire-booter-3.5.2.jar:3.5.2]
	at org.apache.maven.surefire.booter.ForkedBooter.run(ForkedBooter.java:507) ~[surefire-booter-3.5.2.jar:3.5.2]
	at org.apache.maven.surefire.booter.ForkedBooter.main(ForkedBooter.java:495) ~[surefire-booter-3.5.2.jar:3.5.2]

2025-03-14T22:00:34.289-05:00  INFO 46911 --- [flight-booking] [           main] o.s.d.j.r.query.QueryEnhancerFactory     : Hibernate is in classpath; If applicable, HQL parser will be used.
2025-03-14T22:00:35.226-05:00 DEBUG 46911 --- [flight-booking] [           main] org.hibernate.orm.query.hql              : HQL : SELECT f FROM Flight f WHERE (:originIataCode IS NULL OR f.origin.iataCode = :originIataCode) AND (:destinationIataCode IS NULL OR f.destination.iataCode = :destinationIataCode) AND f.departure BETWEEN :startDateTime AND :endDateTime
2025-03-14T22:00:36.032-05:00 DEBUG 46911 --- [flight-booking] [           main] org.hibernate.orm.query.sqm.creation     : Applying inferable type to SqmExpression [SqmNamedParameter(originIataCode)] : null -> SqmBasicValuedSimplePath(edu.miu.cs.cs425.backend.domain.entity.Flight(f).origin.iataCode)
2025-03-14T22:00:36.034-05:00 DEBUG 46911 --- [flight-booking] [           main] org.hibernate.orm.query.sqm.creation     : Applying inferable type to SqmExpression [SqmNamedParameter(destinationIataCode)] : null -> SqmBasicValuedSimplePath(edu.miu.cs.cs425.backend.domain.entity.Flight(f).destination.iataCode)
2025-03-14T22:00:36.035-05:00 DEBUG 46911 --- [flight-booking] [           main] org.hibernate.orm.query.sqm.creation     : Applying inferable type to SqmExpression [SqmNamedParameter(startDateTime)] : null -> SqmBasicValuedSimplePath(edu.miu.cs.cs425.backend.domain.entity.Flight(f).departure)
2025-03-14T22:00:36.035-05:00 DEBUG 46911 --- [flight-booking] [           main] org.hibernate.orm.query.sqm.creation     : Applying inferable type to SqmExpression [SqmNamedParameter(endDateTime)] : null -> SqmBasicValuedSimplePath(edu.miu.cs.cs425.backend.domain.entity.Flight(f).departure)
2025-03-14T22:00:36.049-05:00 DEBUG 46911 --- [flight-booking] [           main] org.hibernate.orm.query.sqm.ast          : SqmStatement Tree :
    -> [select]
      -> [query-spec]
        -> [select]
          -> [selection]
            -> [root] - `edu.miu.cs.cs425.backend.domain.entity.Flight(f)`
            <- [root] - `edu.miu.cs.cs425.backend.domain.entity.Flight(f)`
          <- [selection]
        <- [select]
        -> [from]
          -> [root] - `edu.miu.cs.cs425.backend.domain.entity.Flight(f)`
          <- [root] - `edu.miu.cs.cs425.backend.domain.entity.Flight(f)`
        <- [from]
        -> [where]
          -> [and]
            -> [grouped]
                -> [or]
                  -> [is-null]
                      :originIataCode
                  <- [is-null]
                  -> [EQUAL]
                      -> [basic-path] - `edu.miu.cs.cs425.backend.domain.entity.Flight(f).origin.iataCode`
                      :originIataCode
                  <- [EQUAL]
                <- [or]
            <- [grouped]
            -> [grouped]
                -> [or]
                  -> [is-null]
                      :destinationIataCode
                  <- [is-null]
                  -> [EQUAL]
                      -> [basic-path] - `edu.miu.cs.cs425.backend.domain.entity.Flight(f).destination.iataCode`
                      :destinationIataCode
                  <- [EQUAL]
                <- [or]
            <- [grouped]
            -> [is-between]
              -> [basic-path] - `edu.miu.cs.cs425.backend.domain.entity.Flight(f).departure`
              :startDateTime
              :endDateTime
            <- [is-between]
          <- [and]
        <- [where]
      <- [query-spec]
    <- [select]

2025-03-14T22:00:36.113-05:00 DEBUG 46911 --- [flight-booking] [           main] cResourceLocalTransactionCoordinatorImpl : JDBC transaction marked for rollback-only (exception provided for stack trace)

java.lang.Exception: exception just for purpose of providing stack trace
	at org.hibernate.resource.transaction.backend.jdbc.internal.JdbcResourceLocalTransactionCoordinatorImpl$TransactionDriverControlImpl.markRollbackOnly(JdbcResourceLocalTransactionCoordinatorImpl.java:309) ~[hibernate-core-6.6.8.Final.jar:6.6.8.Final]
	at org.hibernate.internal.AbstractSharedSessionContract.buildNamedQuery(AbstractSharedSessionContract.java:1141) ~[hibernate-core-6.6.8.Final.jar:6.6.8.Final]
	at org.hibernate.internal.AbstractSharedSessionContract.createNamedQuery(AbstractSharedSessionContract.java:1019) ~[hibernate-core-6.6.8.Final.jar:6.6.8.Final]
	at org.hibernate.internal.AbstractSharedSessionContract.createNamedQuery(AbstractSharedSessionContract.java:143) ~[hibernate-core-6.6.8.Final.jar:6.6.8.Final]
	at java.base/jdk.internal.reflect.DirectMethodHandleAccessor.invoke(DirectMethodHandleAccessor.java:103) ~[na:na]
	at java.base/java.lang.reflect.Method.invoke(Method.java:580) ~[na:na]
	at org.springframework.orm.jpa.ExtendedEntityManagerCreator$ExtendedEntityManagerInvocationHandler.invoke(ExtendedEntityManagerCreator.java:364) ~[spring-orm-6.2.3.jar:6.2.3]
	at jdk.proxy2/jdk.proxy2.$Proxy135.createNamedQuery(Unknown Source) ~[na:na]
	at org.springframework.data.jpa.repository.query.NamedQuery.hasNamedQuery(NamedQuery.java:114) ~[spring-data-jpa-3.4.3.jar:3.4.3]
	at org.springframework.data.jpa.repository.query.NamedQuery.lookupFrom(NamedQuery.java:140) ~[spring-data-jpa-3.4.3.jar:3.4.3]
	at org.springframework.data.jpa.repository.query.JpaQueryLookupStrategy$DeclaredQueryLookupStrategy.resolveQuery(JpaQueryLookupStrategy.java:184) ~[spring-data-jpa-3.4.3.jar:3.4.3]
	at org.springframework.data.jpa.repository.query.JpaQueryLookupStrategy$CreateIfNotFoundQueryLookupStrategy.resolveQuery(JpaQueryLookupStrategy.java:256) ~[spring-data-jpa-3.4.3.jar:3.4.3]
	at org.springframework.data.jpa.repository.query.JpaQueryLookupStrategy$AbstractQueryLookupStrategy.resolveQuery(JpaQueryLookupStrategy.java:99) ~[spring-data-jpa-3.4.3.jar:3.4.3]
	at org.springframework.data.repository.core.support.QueryExecutorMethodInterceptor.lookupQuery(QueryExecutorMethodInterceptor.java:116) ~[spring-data-commons-3.4.3.jar:3.4.3]
	at org.springframework.data.repository.core.support.QueryExecutorMethodInterceptor.mapMethodsToQuery(QueryExecutorMethodInterceptor.java:104) ~[spring-data-commons-3.4.3.jar:3.4.3]
	at org.springframework.data.repository.core.support.QueryExecutorMethodInterceptor.lambda$new$0(QueryExecutorMethodInterceptor.java:92) ~[spring-data-commons-3.4.3.jar:3.4.3]
	at java.base/java.util.Optional.map(Optional.java:260) ~[na:na]
	at org.springframework.data.repository.core.support.QueryExecutorMethodInterceptor.<init>(QueryExecutorMethodInterceptor.java:92) ~[spring-data-commons-3.4.3.jar:3.4.3]
	at org.springframework.data.repository.core.support.RepositoryFactorySupport.getRepository(RepositoryFactorySupport.java:440) ~[spring-data-commons-3.4.3.jar:3.4.3]
	at org.springframework.data.repository.core.support.RepositoryFactoryBeanSupport.lambda$afterPropertiesSet$4(RepositoryFactoryBeanSupport.java:350) ~[spring-data-commons-3.4.3.jar:3.4.3]
	at org.springframework.data.util.Lazy.getNullable(Lazy.java:135) ~[spring-data-commons-3.4.3.jar:3.4.3]
	at org.springframework.data.util.Lazy.get(Lazy.java:113) ~[spring-data-commons-3.4.3.jar:3.4.3]
	at org.springframework.data.repository.core.support.RepositoryFactoryBeanSupport.afterPropertiesSet(RepositoryFactoryBeanSupport.java:356) ~[spring-data-commons-3.4.3.jar:3.4.3]
	at org.springframework.data.jpa.repository.support.JpaRepositoryFactoryBean.afterPropertiesSet(JpaRepositoryFactoryBean.java:132) ~[spring-data-jpa-3.4.3.jar:3.4.3]
	at org.springframework.beans.factory.support.AbstractAutowireCapableBeanFactory.invokeInitMethods(AbstractAutowireCapableBeanFactory.java:1859) ~[spring-beans-6.2.3.jar:6.2.3]
	at org.springframework.beans.factory.support.AbstractAutowireCapableBeanFactory.initializeBean(AbstractAutowireCapableBeanFactory.java:1808) ~[spring-beans-6.2.3.jar:6.2.3]
	at org.springframework.beans.factory.support.AbstractAutowireCapableBeanFactory.doCreateBean(AbstractAutowireCapableBeanFactory.java:601) ~[spring-beans-6.2.3.jar:6.2.3]
	at org.springframework.beans.factory.support.AbstractAutowireCapableBeanFactory.createBean(AbstractAutowireCapableBeanFactory.java:523) ~[spring-beans-6.2.3.jar:6.2.3]
	at org.springframework.beans.factory.support.AbstractBeanFactory.lambda$doGetBean$0(AbstractBeanFactory.java:339) ~[spring-beans-6.2.3.jar:6.2.3]
	at org.springframework.beans.factory.support.DefaultSingletonBeanRegistry.getSingleton(DefaultSingletonBeanRegistry.java:346) ~[spring-beans-6.2.3.jar:6.2.3]
	at org.springframework.beans.factory.support.AbstractBeanFactory.doGetBean(AbstractBeanFactory.java:337) ~[spring-beans-6.2.3.jar:6.2.3]
	at org.springframework.beans.factory.support.AbstractBeanFactory.getBean(AbstractBeanFactory.java:202) ~[spring-beans-6.2.3.jar:6.2.3]
	at org.springframework.beans.factory.support.DefaultListableBeanFactory.doResolveDependency(DefaultListableBeanFactory.java:1606) ~[spring-beans-6.2.3.jar:6.2.3]
	at org.springframework.beans.factory.support.DefaultListableBeanFactory.resolveDependency(DefaultListableBeanFactory.java:1552) ~[spring-beans-6.2.3.jar:6.2.3]
	at org.springframework.beans.factory.support.ConstructorResolver.resolveAutowiredArgument(ConstructorResolver.java:913) ~[spring-beans-6.2.3.jar:6.2.3]
	at org.springframework.beans.factory.support.ConstructorResolver.createArgumentArray(ConstructorResolver.java:791) ~[spring-beans-6.2.3.jar:6.2.3]
	at org.springframework.beans.factory.support.ConstructorResolver.autowireConstructor(ConstructorResolver.java:240) ~[spring-beans-6.2.3.jar:6.2.3]
	at org.springframework.beans.factory.support.AbstractAutowireCapableBeanFactory.autowireConstructor(AbstractAutowireCapableBeanFactory.java:1381) ~[spring-beans-6.2.3.jar:6.2.3]
	at org.springframework.beans.factory.support.AbstractAutowireCapableBeanFactory.createBeanInstance(AbstractAutowireCapableBeanFactory.java:1218) ~[spring-beans-6.2.3.jar:6.2.3]
	at org.springframework.beans.factory.support.AbstractAutowireCapableBeanFactory.doCreateBean(AbstractAutowireCapableBeanFactory.java:563) ~[spring-beans-6.2.3.jar:6.2.3]
	at org.springframework.beans.factory.support.AbstractAutowireCapableBeanFactory.createBean(AbstractAutowireCapableBeanFactory.java:523) ~[spring-beans-6.2.3.jar:6.2.3]
	at org.springframework.beans.factory.support.AbstractBeanFactory.lambda$doGetBean$0(AbstractBeanFactory.java:339) ~[spring-beans-6.2.3.jar:6.2.3]
	at org.springframework.beans.factory.support.DefaultSingletonBeanRegistry.getSingleton(DefaultSingletonBeanRegistry.java:346) ~[spring-beans-6.2.3.jar:6.2.3]
	at org.springframework.beans.factory.support.AbstractBeanFactory.doGetBean(AbstractBeanFactory.java:337) ~[spring-beans-6.2.3.jar:6.2.3]
	at org.springframework.beans.factory.support.AbstractBeanFactory.getBean(AbstractBeanFactory.java:202) ~[spring-beans-6.2.3.jar:6.2.3]
	at org.springframework.beans.factory.support.DefaultListableBeanFactory.instantiateSingleton(DefaultListableBeanFactory.java:1155) ~[spring-beans-6.2.3.jar:6.2.3]
	at org.springframework.beans.factory.support.DefaultListableBeanFactory.preInstantiateSingleton(DefaultListableBeanFactory.java:1121) ~[spring-beans-6.2.3.jar:6.2.3]
	at org.springframework.beans.factory.support.DefaultListableBeanFactory.preInstantiateSingletons(DefaultListableBeanFactory.java:1056) ~[spring-beans-6.2.3.jar:6.2.3]
	at org.springframework.context.support.AbstractApplicationContext.finishBeanFactoryInitialization(AbstractApplicationContext.java:987) ~[spring-context-6.2.3.jar:6.2.3]
	at org.springframework.context.support.AbstractApplicationContext.refresh(AbstractApplicationContext.java:627) ~[spring-context-6.2.3.jar:6.2.3]
	at org.springframework.boot.SpringApplication.refresh(SpringApplication.java:752) ~[spring-boot-3.4.3.jar:3.4.3]
	at org.springframework.boot.SpringApplication.refreshContext(SpringApplication.java:439) ~[spring-boot-3.4.3.jar:3.4.3]
	at org.springframework.boot.SpringApplication.run(SpringApplication.java:318) ~[spring-boot-3.4.3.jar:3.4.3]
	at org.springframework.boot.test.context.SpringBootContextLoader.lambda$loadContext$3(SpringBootContextLoader.java:137) ~[spring-boot-test-3.4.3.jar:3.4.3]
	at org.springframework.util.function.ThrowingSupplier.get(ThrowingSupplier.java:58) ~[spring-core-6.2.3.jar:6.2.3]
	at org.springframework.util.function.ThrowingSupplier.get(ThrowingSupplier.java:46) ~[spring-core-6.2.3.jar:6.2.3]
	at org.springframework.boot.SpringApplication.withHook(SpringApplication.java:1461) ~[spring-boot-3.4.3.jar:3.4.3]
	at org.springframework.boot.test.context.SpringBootContextLoader$ContextLoaderHook.run(SpringBootContextLoader.java:553) ~[spring-boot-test-3.4.3.jar:3.4.3]
	at org.springframework.boot.test.context.SpringBootContextLoader.loadContext(SpringBootContextLoader.java:137) ~[spring-boot-test-3.4.3.jar:3.4.3]
	at org.springframework.boot.test.context.SpringBootContextLoader.loadContext(SpringBootContextLoader.java:108) ~[spring-boot-test-3.4.3.jar:3.4.3]
	at org.springframework.test.context.cache.DefaultCacheAwareContextLoaderDelegate.loadContextInternal(DefaultCacheAwareContextLoaderDelegate.java:225) ~[spring-test-6.2.3.jar:6.2.3]
	at org.springframework.test.context.cache.DefaultCacheAwareContextLoaderDelegate.loadContext(DefaultCacheAwareContextLoaderDelegate.java:152) ~[spring-test-6.2.3.jar:6.2.3]
	at org.springframework.test.context.support.DefaultTestContext.getApplicationContext(DefaultTestContext.java:130) ~[spring-test-6.2.3.jar:6.2.3]
	at org.springframework.test.context.web.ServletTestExecutionListener.setUpRequestContextIfNecessary(ServletTestExecutionListener.java:200) ~[spring-test-6.2.3.jar:6.2.3]
	at org.springframework.test.context.web.ServletTestExecutionListener.prepareTestInstance(ServletTestExecutionListener.java:139) ~[spring-test-6.2.3.jar:6.2.3]
	at org.springframework.test.context.TestContextManager.prepareTestInstance(TestContextManager.java:260) ~[spring-test-6.2.3.jar:6.2.3]
	at org.springframework.test.context.junit.jupiter.SpringExtension.postProcessTestInstance(SpringExtension.java:160) ~[spring-test-6.2.3.jar:6.2.3]
	at org.junit.jupiter.engine.descriptor.ClassBasedTestDescriptor.lambda$invokeTestInstancePostProcessors$11(ClassBasedTestDescriptor.java:378) ~[junit-jupiter-engine-5.11.4.jar:5.11.4]
	at org.junit.jupiter.engine.descriptor.ClassBasedTestDescriptor.executeAndMaskThrowable(ClassBasedTestDescriptor.java:383) ~[junit-jupiter-engine-5.11.4.jar:5.11.4]
	at org.junit.jupiter.engine.descriptor.ClassBasedTestDescriptor.lambda$invokeTestInstancePostProcessors$12(ClassBasedTestDescriptor.java:378) ~[junit-jupiter-engine-5.11.4.jar:5.11.4]
	at java.base/java.util.stream.ForEachOps$ForEachOp$OfRef.accept(ForEachOps.java:184) ~[na:na]
	at java.base/java.util.stream.ReferencePipeline$3$1.accept(ReferencePipeline.java:215) ~[na:na]
	at java.base/java.util.stream.ReferencePipeline$2$1.accept(ReferencePipeline.java:197) ~[na:na]
	at java.base/java.util.stream.ReferencePipeline$3$1.accept(ReferencePipeline.java:215) ~[na:na]
	at java.base/java.util.ArrayList$ArrayListSpliterator.forEachRemaining(ArrayList.java:1709) ~[na:na]
	at java.base/java.util.stream.AbstractPipeline.copyInto(AbstractPipeline.java:570) ~[na:na]
	at java.base/java.util.stream.AbstractPipeline.wrapAndCopyInto(AbstractPipeline.java:560) ~[na:na]
	at java.base/java.util.stream.ForEachOps$ForEachOp.evaluateSequential(ForEachOps.java:151) ~[na:na]
	at java.base/java.util.stream.ForEachOps$ForEachOp$OfRef.evaluateSequential(ForEachOps.java:174) ~[na:na]
	at java.base/java.util.stream.AbstractPipeline.evaluate(AbstractPipeline.java:265) ~[na:na]
	at java.base/java.util.stream.ReferencePipeline.forEach(ReferencePipeline.java:636) ~[na:na]
	at org.junit.jupiter.engine.descriptor.ClassBasedTestDescriptor.invokeTestInstancePostProcessors(ClassBasedTestDescriptor.java:377) ~[junit-jupiter-engine-5.11.4.jar:5.11.4]
	at org.junit.jupiter.engine.descriptor.ClassBasedTestDescriptor.lambda$instantiateAndPostProcessTestInstance$7(ClassBasedTestDescriptor.java:290) ~[junit-jupiter-engine-5.11.4.jar:5.11.4]
	at org.junit.platform.engine.support.hierarchical.ThrowableCollector.execute(ThrowableCollector.java:73) ~[junit-platform-engine-1.11.4.jar:1.11.4]
	at org.junit.jupiter.engine.descriptor.ClassBasedTestDescriptor.instantiateAndPostProcessTestInstance(ClassBasedTestDescriptor.java:289) ~[junit-jupiter-engine-5.11.4.jar:5.11.4]
	at org.junit.jupiter.engine.descriptor.ClassBasedTestDescriptor.lambda$testInstancesProvider$5(ClassBasedTestDescriptor.java:279) ~[junit-jupiter-engine-5.11.4.jar:5.11.4]
	at java.base/java.util.Optional.orElseGet(Optional.java:364) ~[na:na]
	at org.junit.jupiter.engine.descriptor.ClassBasedTestDescriptor.lambda$testInstancesProvider$6(ClassBasedTestDescriptor.java:278) ~[junit-jupiter-engine-5.11.4.jar:5.11.4]
	at org.junit.jupiter.engine.execution.TestInstancesProvider.getTestInstances(TestInstancesProvider.java:31) ~[junit-jupiter-engine-5.11.4.jar:5.11.4]
	at org.junit.jupiter.engine.descriptor.TestMethodTestDescriptor.lambda$prepare$1(TestMethodTestDescriptor.java:105) ~[junit-jupiter-engine-5.11.4.jar:5.11.4]
	at org.junit.platform.engine.support.hierarchical.ThrowableCollector.execute(ThrowableCollector.java:73) ~[junit-platform-engine-1.11.4.jar:1.11.4]
	at org.junit.jupiter.engine.descriptor.TestMethodTestDescriptor.prepare(TestMethodTestDescriptor.java:104) ~[junit-jupiter-engine-5.11.4.jar:5.11.4]
	at org.junit.jupiter.engine.descriptor.TestMethodTestDescriptor.prepare(TestMethodTestDescriptor.java:68) ~[junit-jupiter-engine-5.11.4.jar:5.11.4]
	at org.junit.platform.engine.support.hierarchical.NodeTestTask.lambda$prepare$2(NodeTestTask.java:128) ~[junit-platform-engine-1.11.4.jar:1.11.4]
	at org.junit.platform.engine.support.hierarchical.ThrowableCollector.execute(ThrowableCollector.java:73) ~[junit-platform-engine-1.11.4.jar:1.11.4]
	at org.junit.platform.engine.support.hierarchical.NodeTestTask.prepare(NodeTestTask.java:128) ~[junit-platform-engine-1.11.4.jar:1.11.4]
	at org.junit.platform.engine.support.hierarchical.NodeTestTask.execute(NodeTestTask.java:95) ~[junit-platform-engine-1.11.4.jar:1.11.4]
	at java.base/java.util.ArrayList.forEach(ArrayList.java:1597) ~[na:na]
	at org.junit.platform.engine.support.hierarchical.SameThreadHierarchicalTestExecutorService.invokeAll(SameThreadHierarchicalTestExecutorService.java:41) ~[junit-platform-engine-1.11.4.jar:1.11.4]
	at org.junit.platform.engine.support.hierarchical.NodeTestTask.lambda$executeRecursively$6(NodeTestTask.java:160) ~[junit-platform-engine-1.11.4.jar:1.11.4]
	at org.junit.platform.engine.support.hierarchical.ThrowableCollector.execute(ThrowableCollector.java:73) ~[junit-platform-engine-1.11.4.jar:1.11.4]
	at org.junit.platform.engine.support.hierarchical.NodeTestTask.lambda$executeRecursively$8(NodeTestTask.java:146) ~[junit-platform-engine-1.11.4.jar:1.11.4]
	at org.junit.platform.engine.support.hierarchical.Node.around(Node.java:137) ~[junit-platform-engine-1.11.4.jar:1.11.4]
	at org.junit.platform.engine.support.hierarchical.NodeTestTask.lambda$executeRecursively$9(NodeTestTask.java:144) ~[junit-platform-engine-1.11.4.jar:1.11.4]
	at org.junit.platform.engine.support.hierarchical.ThrowableCollector.execute(ThrowableCollector.java:73) ~[junit-platform-engine-1.11.4.jar:1.11.4]
	at org.junit.platform.engine.support.hierarchical.NodeTestTask.executeRecursively(NodeTestTask.java:143) ~[junit-platform-engine-1.11.4.jar:1.11.4]
	at org.junit.platform.engine.support.hierarchical.NodeTestTask.execute(NodeTestTask.java:100) ~[junit-platform-engine-1.11.4.jar:1.11.4]
	at java.base/java.util.ArrayList.forEach(ArrayList.java:1597) ~[na:na]
	at org.junit.platform.engine.support.hierarchical.SameThreadHierarchicalTestExecutorService.invokeAll(SameThreadHierarchicalTestExecutorService.java:41) ~[junit-platform-engine-1.11.4.jar:1.11.4]
	at org.junit.platform.engine.support.hierarchical.NodeTestTask.lambda$executeRecursively$6(NodeTestTask.java:160) ~[junit-platform-engine-1.11.4.jar:1.11.4]
	at org.junit.platform.engine.support.hierarchical.ThrowableCollector.execute(ThrowableCollector.java:73) ~[junit-platform-engine-1.11.4.jar:1.11.4]
	at org.junit.platform.engine.support.hierarchical.NodeTestTask.lambda$executeRecursively$8(NodeTestTask.java:146) ~[junit-platform-engine-1.11.4.jar:1.11.4]
	at org.junit.platform.engine.support.hierarchical.Node.around(Node.java:137) ~[junit-platform-engine-1.11.4.jar:1.11.4]
	at org.junit.platform.engine.support.hierarchical.NodeTestTask.lambda$executeRecursively$9(NodeTestTask.java:144) ~[junit-platform-engine-1.11.4.jar:1.11.4]
	at org.junit.platform.engine.support.hierarchical.ThrowableCollector.execute(ThrowableCollector.java:73) ~[junit-platform-engine-1.11.4.jar:1.11.4]
	at org.junit.platform.engine.support.hierarchical.NodeTestTask.executeRecursively(NodeTestTask.java:143) ~[junit-platform-engine-1.11.4.jar:1.11.4]
	at org.junit.platform.engine.support.hierarchical.NodeTestTask.execute(NodeTestTask.java:100) ~[junit-platform-engine-1.11.4.jar:1.11.4]
	at org.junit.platform.engine.support.hierarchical.SameThreadHierarchicalTestExecutorService.submit(SameThreadHierarchicalTestExecutorService.java:35) ~[junit-platform-engine-1.11.4.jar:1.11.4]
	at org.junit.platform.engine.support.hierarchical.HierarchicalTestExecutor.execute(HierarchicalTestExecutor.java:57) ~[junit-platform-engine-1.11.4.jar:1.11.4]
	at org.junit.platform.engine.support.hierarchical.HierarchicalTestEngine.execute(HierarchicalTestEngine.java:54) ~[junit-platform-engine-1.11.4.jar:1.11.4]
	at org.junit.platform.launcher.core.EngineExecutionOrchestrator.execute(EngineExecutionOrchestrator.java:198) ~[junit-platform-launcher-1.11.4.jar:1.11.4]
	at org.junit.platform.launcher.core.EngineExecutionOrchestrator.execute(EngineExecutionOrchestrator.java:169) ~[junit-platform-launcher-1.11.4.jar:1.11.4]
	at org.junit.platform.launcher.core.EngineExecutionOrchestrator.execute(EngineExecutionOrchestrator.java:93) ~[junit-platform-launcher-1.11.4.jar:1.11.4]
	at org.junit.platform.launcher.core.EngineExecutionOrchestrator.lambda$execute$0(EngineExecutionOrchestrator.java:58) ~[junit-platform-launcher-1.11.4.jar:1.11.4]
	at org.junit.platform.launcher.core.EngineExecutionOrchestrator.withInterceptedStreams(EngineExecutionOrchestrator.java:141) ~[junit-platform-launcher-1.11.4.jar:1.11.4]
	at org.junit.platform.launcher.core.EngineExecutionOrchestrator.execute(EngineExecutionOrchestrator.java:57) ~[junit-platform-launcher-1.11.4.jar:1.11.4]
	at org.junit.platform.launcher.core.DefaultLauncher.execute(DefaultLauncher.java:103) ~[junit-platform-launcher-1.11.4.jar:1.11.4]
	at org.junit.platform.launcher.core.DefaultLauncher.execute(DefaultLauncher.java:85) ~[junit-platform-launcher-1.11.4.jar:1.11.4]
	at org.junit.platform.launcher.core.DelegatingLauncher.execute(DelegatingLauncher.java:47) ~[junit-platform-launcher-1.11.4.jar:1.11.4]
	at org.apache.maven.surefire.junitplatform.LazyLauncher.execute(LazyLauncher.java:56) ~[surefire-junit-platform-3.5.2.jar:3.5.2]
	at org.apache.maven.surefire.junitplatform.JUnitPlatformProvider.execute(JUnitPlatformProvider.java:184) ~[surefire-junit-platform-3.5.2.jar:3.5.2]
	at org.apache.maven.surefire.junitplatform.JUnitPlatformProvider.invokeAllTests(JUnitPlatformProvider.java:148) ~[surefire-junit-platform-3.5.2.jar:3.5.2]
	at org.apache.maven.surefire.junitplatform.JUnitPlatformProvider.invoke(JUnitPlatformProvider.java:122) ~[surefire-junit-platform-3.5.2.jar:3.5.2]
	at org.apache.maven.surefire.booter.ForkedBooter.runSuitesInProcess(ForkedBooter.java:385) ~[surefire-booter-3.5.2.jar:3.5.2]
	at org.apache.maven.surefire.booter.ForkedBooter.execute(ForkedBooter.java:162) ~[surefire-booter-3.5.2.jar:3.5.2]
	at org.apache.maven.surefire.booter.ForkedBooter.run(ForkedBooter.java:507) ~[surefire-booter-3.5.2.jar:3.5.2]
	at org.apache.maven.surefire.booter.ForkedBooter.main(ForkedBooter.java:495) ~[surefire-booter-3.5.2.jar:3.5.2]

2025-03-14T22:00:36.126-05:00 DEBUG 46911 --- [flight-booking] [           main] cResourceLocalTransactionCoordinatorImpl : JDBC transaction marked for rollback-only (exception provided for stack trace)

java.lang.Exception: exception just for purpose of providing stack trace
	at org.hibernate.resource.transaction.backend.jdbc.internal.JdbcResourceLocalTransactionCoordinatorImpl$TransactionDriverControlImpl.markRollbackOnly(JdbcResourceLocalTransactionCoordinatorImpl.java:309) ~[hibernate-core-6.6.8.Final.jar:6.6.8.Final]
	at org.hibernate.internal.AbstractSharedSessionContract.buildNamedQuery(AbstractSharedSessionContract.java:1141) ~[hibernate-core-6.6.8.Final.jar:6.6.8.Final]
	at org.hibernate.internal.AbstractSharedSessionContract.createNamedQuery(AbstractSharedSessionContract.java:1019) ~[hibernate-core-6.6.8.Final.jar:6.6.8.Final]
	at org.hibernate.internal.AbstractSharedSessionContract.createNamedQuery(AbstractSharedSessionContract.java:143) ~[hibernate-core-6.6.8.Final.jar:6.6.8.Final]
	at java.base/jdk.internal.reflect.DirectMethodHandleAccessor.invoke(DirectMethodHandleAccessor.java:103) ~[na:na]
	at java.base/java.lang.reflect.Method.invoke(Method.java:580) ~[na:na]
	at org.springframework.orm.jpa.ExtendedEntityManagerCreator$ExtendedEntityManagerInvocationHandler.invoke(ExtendedEntityManagerCreator.java:364) ~[spring-orm-6.2.3.jar:6.2.3]
	at jdk.proxy2/jdk.proxy2.$Proxy135.createNamedQuery(Unknown Source) ~[na:na]
	at org.springframework.data.jpa.repository.query.NamedQuery.hasNamedQuery(NamedQuery.java:114) ~[spring-data-jpa-3.4.3.jar:3.4.3]
	at org.springframework.data.jpa.repository.query.NamedQuery.lookupFrom(NamedQuery.java:140) ~[spring-data-jpa-3.4.3.jar:3.4.3]
	at org.springframework.data.jpa.repository.query.JpaQueryLookupStrategy$DeclaredQueryLookupStrategy.resolveQuery(JpaQueryLookupStrategy.java:184) ~[spring-data-jpa-3.4.3.jar:3.4.3]
	at org.springframework.data.jpa.repository.query.JpaQueryLookupStrategy$CreateIfNotFoundQueryLookupStrategy.resolveQuery(JpaQueryLookupStrategy.java:256) ~[spring-data-jpa-3.4.3.jar:3.4.3]
	at org.springframework.data.jpa.repository.query.JpaQueryLookupStrategy$AbstractQueryLookupStrategy.resolveQuery(JpaQueryLookupStrategy.java:99) ~[spring-data-jpa-3.4.3.jar:3.4.3]
	at org.springframework.data.repository.core.support.QueryExecutorMethodInterceptor.lookupQuery(QueryExecutorMethodInterceptor.java:116) ~[spring-data-commons-3.4.3.jar:3.4.3]
	at org.springframework.data.repository.core.support.QueryExecutorMethodInterceptor.mapMethodsToQuery(QueryExecutorMethodInterceptor.java:104) ~[spring-data-commons-3.4.3.jar:3.4.3]
	at org.springframework.data.repository.core.support.QueryExecutorMethodInterceptor.lambda$new$0(QueryExecutorMethodInterceptor.java:92) ~[spring-data-commons-3.4.3.jar:3.4.3]
	at java.base/java.util.Optional.map(Optional.java:260) ~[na:na]
	at org.springframework.data.repository.core.support.QueryExecutorMethodInterceptor.<init>(QueryExecutorMethodInterceptor.java:92) ~[spring-data-commons-3.4.3.jar:3.4.3]
	at org.springframework.data.repository.core.support.RepositoryFactorySupport.getRepository(RepositoryFactorySupport.java:440) ~[spring-data-commons-3.4.3.jar:3.4.3]
	at org.springframework.data.repository.core.support.RepositoryFactoryBeanSupport.lambda$afterPropertiesSet$4(RepositoryFactoryBeanSupport.java:350) ~[spring-data-commons-3.4.3.jar:3.4.3]
	at org.springframework.data.util.Lazy.getNullable(Lazy.java:135) ~[spring-data-commons-3.4.3.jar:3.4.3]
	at org.springframework.data.util.Lazy.get(Lazy.java:113) ~[spring-data-commons-3.4.3.jar:3.4.3]
	at org.springframework.data.repository.core.support.RepositoryFactoryBeanSupport.afterPropertiesSet(RepositoryFactoryBeanSupport.java:356) ~[spring-data-commons-3.4.3.jar:3.4.3]
	at org.springframework.data.jpa.repository.support.JpaRepositoryFactoryBean.afterPropertiesSet(JpaRepositoryFactoryBean.java:132) ~[spring-data-jpa-3.4.3.jar:3.4.3]
	at org.springframework.beans.factory.support.AbstractAutowireCapableBeanFactory.invokeInitMethods(AbstractAutowireCapableBeanFactory.java:1859) ~[spring-beans-6.2.3.jar:6.2.3]
	at org.springframework.beans.factory.support.AbstractAutowireCapableBeanFactory.initializeBean(AbstractAutowireCapableBeanFactory.java:1808) ~[spring-beans-6.2.3.jar:6.2.3]
	at org.springframework.beans.factory.support.AbstractAutowireCapableBeanFactory.doCreateBean(AbstractAutowireCapableBeanFactory.java:601) ~[spring-beans-6.2.3.jar:6.2.3]
	at org.springframework.beans.factory.support.AbstractAutowireCapableBeanFactory.createBean(AbstractAutowireCapableBeanFactory.java:523) ~[spring-beans-6.2.3.jar:6.2.3]
	at org.springframework.beans.factory.support.AbstractBeanFactory.lambda$doGetBean$0(AbstractBeanFactory.java:339) ~[spring-beans-6.2.3.jar:6.2.3]
	at org.springframework.beans.factory.support.DefaultSingletonBeanRegistry.getSingleton(DefaultSingletonBeanRegistry.java:346) ~[spring-beans-6.2.3.jar:6.2.3]
	at org.springframework.beans.factory.support.AbstractBeanFactory.doGetBean(AbstractBeanFactory.java:337) ~[spring-beans-6.2.3.jar:6.2.3]
	at org.springframework.beans.factory.support.AbstractBeanFactory.getBean(AbstractBeanFactory.java:202) ~[spring-beans-6.2.3.jar:6.2.3]
	at org.springframework.beans.factory.support.DefaultListableBeanFactory.doResolveDependency(DefaultListableBeanFactory.java:1606) ~[spring-beans-6.2.3.jar:6.2.3]
	at org.springframework.beans.factory.support.DefaultListableBeanFactory.resolveDependency(DefaultListableBeanFactory.java:1552) ~[spring-beans-6.2.3.jar:6.2.3]
	at org.springframework.beans.factory.support.ConstructorResolver.resolveAutowiredArgument(ConstructorResolver.java:913) ~[spring-beans-6.2.3.jar:6.2.3]
	at org.springframework.beans.factory.support.ConstructorResolver.createArgumentArray(ConstructorResolver.java:791) ~[spring-beans-6.2.3.jar:6.2.3]
	at org.springframework.beans.factory.support.ConstructorResolver.autowireConstructor(ConstructorResolver.java:240) ~[spring-beans-6.2.3.jar:6.2.3]
	at org.springframework.beans.factory.support.AbstractAutowireCapableBeanFactory.autowireConstructor(AbstractAutowireCapableBeanFactory.java:1381) ~[spring-beans-6.2.3.jar:6.2.3]
	at org.springframework.beans.factory.support.AbstractAutowireCapableBeanFactory.createBeanInstance(AbstractAutowireCapableBeanFactory.java:1218) ~[spring-beans-6.2.3.jar:6.2.3]
	at org.springframework.beans.factory.support.AbstractAutowireCapableBeanFactory.doCreateBean(AbstractAutowireCapableBeanFactory.java:563) ~[spring-beans-6.2.3.jar:6.2.3]
	at org.springframework.beans.factory.support.AbstractAutowireCapableBeanFactory.createBean(AbstractAutowireCapableBeanFactory.java:523) ~[spring-beans-6.2.3.jar:6.2.3]
	at org.springframework.beans.factory.support.AbstractBeanFactory.lambda$doGetBean$0(AbstractBeanFactory.java:339) ~[spring-beans-6.2.3.jar:6.2.3]
	at org.springframework.beans.factory.support.DefaultSingletonBeanRegistry.getSingleton(DefaultSingletonBeanRegistry.java:346) ~[spring-beans-6.2.3.jar:6.2.3]
	at org.springframework.beans.factory.support.AbstractBeanFactory.doGetBean(AbstractBeanFactory.java:337) ~[spring-beans-6.2.3.jar:6.2.3]
	at org.springframework.beans.factory.support.AbstractBeanFactory.getBean(AbstractBeanFactory.java:202) ~[spring-beans-6.2.3.jar:6.2.3]
	at org.springframework.beans.factory.support.DefaultListableBeanFactory.instantiateSingleton(DefaultListableBeanFactory.java:1155) ~[spring-beans-6.2.3.jar:6.2.3]
	at org.springframework.beans.factory.support.DefaultListableBeanFactory.preInstantiateSingleton(DefaultListableBeanFactory.java:1121) ~[spring-beans-6.2.3.jar:6.2.3]
	at org.springframework.beans.factory.support.DefaultListableBeanFactory.preInstantiateSingletons(DefaultListableBeanFactory.java:1056) ~[spring-beans-6.2.3.jar:6.2.3]
	at org.springframework.context.support.AbstractApplicationContext.finishBeanFactoryInitialization(AbstractApplicationContext.java:987) ~[spring-context-6.2.3.jar:6.2.3]
	at org.springframework.context.support.AbstractApplicationContext.refresh(AbstractApplicationContext.java:627) ~[spring-context-6.2.3.jar:6.2.3]
	at org.springframework.boot.SpringApplication.refresh(SpringApplication.java:752) ~[spring-boot-3.4.3.jar:3.4.3]
	at org.springframework.boot.SpringApplication.refreshContext(SpringApplication.java:439) ~[spring-boot-3.4.3.jar:3.4.3]
	at org.springframework.boot.SpringApplication.run(SpringApplication.java:318) ~[spring-boot-3.4.3.jar:3.4.3]
	at org.springframework.boot.test.context.SpringBootContextLoader.lambda$loadContext$3(SpringBootContextLoader.java:137) ~[spring-boot-test-3.4.3.jar:3.4.3]
	at org.springframework.util.function.ThrowingSupplier.get(ThrowingSupplier.java:58) ~[spring-core-6.2.3.jar:6.2.3]
	at org.springframework.util.function.ThrowingSupplier.get(ThrowingSupplier.java:46) ~[spring-core-6.2.3.jar:6.2.3]
	at org.springframework.boot.SpringApplication.withHook(SpringApplication.java:1461) ~[spring-boot-3.4.3.jar:3.4.3]
	at org.springframework.boot.test.context.SpringBootContextLoader$ContextLoaderHook.run(SpringBootContextLoader.java:553) ~[spring-boot-test-3.4.3.jar:3.4.3]
	at org.springframework.boot.test.context.SpringBootContextLoader.loadContext(SpringBootContextLoader.java:137) ~[spring-boot-test-3.4.3.jar:3.4.3]
	at org.springframework.boot.test.context.SpringBootContextLoader.loadContext(SpringBootContextLoader.java:108) ~[spring-boot-test-3.4.3.jar:3.4.3]
	at org.springframework.test.context.cache.DefaultCacheAwareContextLoaderDelegate.loadContextInternal(DefaultCacheAwareContextLoaderDelegate.java:225) ~[spring-test-6.2.3.jar:6.2.3]
	at org.springframework.test.context.cache.DefaultCacheAwareContextLoaderDelegate.loadContext(DefaultCacheAwareContextLoaderDelegate.java:152) ~[spring-test-6.2.3.jar:6.2.3]
	at org.springframework.test.context.support.DefaultTestContext.getApplicationContext(DefaultTestContext.java:130) ~[spring-test-6.2.3.jar:6.2.3]
	at org.springframework.test.context.web.ServletTestExecutionListener.setUpRequestContextIfNecessary(ServletTestExecutionListener.java:200) ~[spring-test-6.2.3.jar:6.2.3]
	at org.springframework.test.context.web.ServletTestExecutionListener.prepareTestInstance(ServletTestExecutionListener.java:139) ~[spring-test-6.2.3.jar:6.2.3]
	at org.springframework.test.context.TestContextManager.prepareTestInstance(TestContextManager.java:260) ~[spring-test-6.2.3.jar:6.2.3]
	at org.springframework.test.context.junit.jupiter.SpringExtension.postProcessTestInstance(SpringExtension.java:160) ~[spring-test-6.2.3.jar:6.2.3]
	at org.junit.jupiter.engine.descriptor.ClassBasedTestDescriptor.lambda$invokeTestInstancePostProcessors$11(ClassBasedTestDescriptor.java:378) ~[junit-jupiter-engine-5.11.4.jar:5.11.4]
	at org.junit.jupiter.engine.descriptor.ClassBasedTestDescriptor.executeAndMaskThrowable(ClassBasedTestDescriptor.java:383) ~[junit-jupiter-engine-5.11.4.jar:5.11.4]
	at org.junit.jupiter.engine.descriptor.ClassBasedTestDescriptor.lambda$invokeTestInstancePostProcessors$12(ClassBasedTestDescriptor.java:378) ~[junit-jupiter-engine-5.11.4.jar:5.11.4]
	at java.base/java.util.stream.ForEachOps$ForEachOp$OfRef.accept(ForEachOps.java:184) ~[na:na]
	at java.base/java.util.stream.ReferencePipeline$3$1.accept(ReferencePipeline.java:215) ~[na:na]
	at java.base/java.util.stream.ReferencePipeline$2$1.accept(ReferencePipeline.java:197) ~[na:na]
	at java.base/java.util.stream.ReferencePipeline$3$1.accept(ReferencePipeline.java:215) ~[na:na]
	at java.base/java.util.ArrayList$ArrayListSpliterator.forEachRemaining(ArrayList.java:1709) ~[na:na]
	at java.base/java.util.stream.AbstractPipeline.copyInto(AbstractPipeline.java:570) ~[na:na]
	at java.base/java.util.stream.AbstractPipeline.wrapAndCopyInto(AbstractPipeline.java:560) ~[na:na]
	at java.base/java.util.stream.ForEachOps$ForEachOp.evaluateSequential(ForEachOps.java:151) ~[na:na]
	at java.base/java.util.stream.ForEachOps$ForEachOp$OfRef.evaluateSequential(ForEachOps.java:174) ~[na:na]
	at java.base/java.util.stream.AbstractPipeline.evaluate(AbstractPipeline.java:265) ~[na:na]
	at java.base/java.util.stream.ReferencePipeline.forEach(ReferencePipeline.java:636) ~[na:na]
	at org.junit.jupiter.engine.descriptor.ClassBasedTestDescriptor.invokeTestInstancePostProcessors(ClassBasedTestDescriptor.java:377) ~[junit-jupiter-engine-5.11.4.jar:5.11.4]
	at org.junit.jupiter.engine.descriptor.ClassBasedTestDescriptor.lambda$instantiateAndPostProcessTestInstance$7(ClassBasedTestDescriptor.java:290) ~[junit-jupiter-engine-5.11.4.jar:5.11.4]
	at org.junit.platform.engine.support.hierarchical.ThrowableCollector.execute(ThrowableCollector.java:73) ~[junit-platform-engine-1.11.4.jar:1.11.4]
	at org.junit.jupiter.engine.descriptor.ClassBasedTestDescriptor.instantiateAndPostProcessTestInstance(ClassBasedTestDescriptor.java:289) ~[junit-jupiter-engine-5.11.4.jar:5.11.4]
	at org.junit.jupiter.engine.descriptor.ClassBasedTestDescriptor.lambda$testInstancesProvider$5(ClassBasedTestDescriptor.java:279) ~[junit-jupiter-engine-5.11.4.jar:5.11.4]
	at java.base/java.util.Optional.orElseGet(Optional.java:364) ~[na:na]
	at org.junit.jupiter.engine.descriptor.ClassBasedTestDescriptor.lambda$testInstancesProvider$6(ClassBasedTestDescriptor.java:278) ~[junit-jupiter-engine-5.11.4.jar:5.11.4]
	at org.junit.jupiter.engine.execution.TestInstancesProvider.getTestInstances(TestInstancesProvider.java:31) ~[junit-jupiter-engine-5.11.4.jar:5.11.4]
	at org.junit.jupiter.engine.descriptor.TestMethodTestDescriptor.lambda$prepare$1(TestMethodTestDescriptor.java:105) ~[junit-jupiter-engine-5.11.4.jar:5.11.4]
	at org.junit.platform.engine.support.hierarchical.ThrowableCollector.execute(ThrowableCollector.java:73) ~[junit-platform-engine-1.11.4.jar:1.11.4]
	at org.junit.jupiter.engine.descriptor.TestMethodTestDescriptor.prepare(TestMethodTestDescriptor.java:104) ~[junit-jupiter-engine-5.11.4.jar:5.11.4]
	at org.junit.jupiter.engine.descriptor.TestMethodTestDescriptor.prepare(TestMethodTestDescriptor.java:68) ~[junit-jupiter-engine-5.11.4.jar:5.11.4]
	at org.junit.platform.engine.support.hierarchical.NodeTestTask.lambda$prepare$2(NodeTestTask.java:128) ~[junit-platform-engine-1.11.4.jar:1.11.4]
	at org.junit.platform.engine.support.hierarchical.ThrowableCollector.execute(ThrowableCollector.java:73) ~[junit-platform-engine-1.11.4.jar:1.11.4]
	at org.junit.platform.engine.support.hierarchical.NodeTestTask.prepare(NodeTestTask.java:128) ~[junit-platform-engine-1.11.4.jar:1.11.4]
	at org.junit.platform.engine.support.hierarchical.NodeTestTask.execute(NodeTestTask.java:95) ~[junit-platform-engine-1.11.4.jar:1.11.4]
	at java.base/java.util.ArrayList.forEach(ArrayList.java:1597) ~[na:na]
	at org.junit.platform.engine.support.hierarchical.SameThreadHierarchicalTestExecutorService.invokeAll(SameThreadHierarchicalTestExecutorService.java:41) ~[junit-platform-engine-1.11.4.jar:1.11.4]
	at org.junit.platform.engine.support.hierarchical.NodeTestTask.lambda$executeRecursively$6(NodeTestTask.java:160) ~[junit-platform-engine-1.11.4.jar:1.11.4]
	at org.junit.platform.engine.support.hierarchical.ThrowableCollector.execute(ThrowableCollector.java:73) ~[junit-platform-engine-1.11.4.jar:1.11.4]
	at org.junit.platform.engine.support.hierarchical.NodeTestTask.lambda$executeRecursively$8(NodeTestTask.java:146) ~[junit-platform-engine-1.11.4.jar:1.11.4]
	at org.junit.platform.engine.support.hierarchical.Node.around(Node.java:137) ~[junit-platform-engine-1.11.4.jar:1.11.4]
	at org.junit.platform.engine.support.hierarchical.NodeTestTask.lambda$executeRecursively$9(NodeTestTask.java:144) ~[junit-platform-engine-1.11.4.jar:1.11.4]
	at org.junit.platform.engine.support.hierarchical.ThrowableCollector.execute(ThrowableCollector.java:73) ~[junit-platform-engine-1.11.4.jar:1.11.4]
	at org.junit.platform.engine.support.hierarchical.NodeTestTask.executeRecursively(NodeTestTask.java:143) ~[junit-platform-engine-1.11.4.jar:1.11.4]
	at org.junit.platform.engine.support.hierarchical.NodeTestTask.execute(NodeTestTask.java:100) ~[junit-platform-engine-1.11.4.jar:1.11.4]
	at java.base/java.util.ArrayList.forEach(ArrayList.java:1597) ~[na:na]
	at org.junit.platform.engine.support.hierarchical.SameThreadHierarchicalTestExecutorService.invokeAll(SameThreadHierarchicalTestExecutorService.java:41) ~[junit-platform-engine-1.11.4.jar:1.11.4]
	at org.junit.platform.engine.support.hierarchical.NodeTestTask.lambda$executeRecursively$6(NodeTestTask.java:160) ~[junit-platform-engine-1.11.4.jar:1.11.4]
	at org.junit.platform.engine.support.hierarchical.ThrowableCollector.execute(ThrowableCollector.java:73) ~[junit-platform-engine-1.11.4.jar:1.11.4]
	at org.junit.platform.engine.support.hierarchical.NodeTestTask.lambda$executeRecursively$8(NodeTestTask.java:146) ~[junit-platform-engine-1.11.4.jar:1.11.4]
	at org.junit.platform.engine.support.hierarchical.Node.around(Node.java:137) ~[junit-platform-engine-1.11.4.jar:1.11.4]
	at org.junit.platform.engine.support.hierarchical.NodeTestTask.lambda$executeRecursively$9(NodeTestTask.java:144) ~[junit-platform-engine-1.11.4.jar:1.11.4]
	at org.junit.platform.engine.support.hierarchical.ThrowableCollector.execute(ThrowableCollector.java:73) ~[junit-platform-engine-1.11.4.jar:1.11.4]
	at org.junit.platform.engine.support.hierarchical.NodeTestTask.executeRecursively(NodeTestTask.java:143) ~[junit-platform-engine-1.11.4.jar:1.11.4]
	at org.junit.platform.engine.support.hierarchical.NodeTestTask.execute(NodeTestTask.java:100) ~[junit-platform-engine-1.11.4.jar:1.11.4]
	at org.junit.platform.engine.support.hierarchical.SameThreadHierarchicalTestExecutorService.submit(SameThreadHierarchicalTestExecutorService.java:35) ~[junit-platform-engine-1.11.4.jar:1.11.4]
	at org.junit.platform.engine.support.hierarchical.HierarchicalTestExecutor.execute(HierarchicalTestExecutor.java:57) ~[junit-platform-engine-1.11.4.jar:1.11.4]
	at org.junit.platform.engine.support.hierarchical.HierarchicalTestEngine.execute(HierarchicalTestEngine.java:54) ~[junit-platform-engine-1.11.4.jar:1.11.4]
	at org.junit.platform.launcher.core.EngineExecutionOrchestrator.execute(EngineExecutionOrchestrator.java:198) ~[junit-platform-launcher-1.11.4.jar:1.11.4]
	at org.junit.platform.launcher.core.EngineExecutionOrchestrator.execute(EngineExecutionOrchestrator.java:169) ~[junit-platform-launcher-1.11.4.jar:1.11.4]
	at org.junit.platform.launcher.core.EngineExecutionOrchestrator.execute(EngineExecutionOrchestrator.java:93) ~[junit-platform-launcher-1.11.4.jar:1.11.4]
	at org.junit.platform.launcher.core.EngineExecutionOrchestrator.lambda$execute$0(EngineExecutionOrchestrator.java:58) ~[junit-platform-launcher-1.11.4.jar:1.11.4]
	at org.junit.platform.launcher.core.EngineExecutionOrchestrator.withInterceptedStreams(EngineExecutionOrchestrator.java:141) ~[junit-platform-launcher-1.11.4.jar:1.11.4]
	at org.junit.platform.launcher.core.EngineExecutionOrchestrator.execute(EngineExecutionOrchestrator.java:57) ~[junit-platform-launcher-1.11.4.jar:1.11.4]
	at org.junit.platform.launcher.core.DefaultLauncher.execute(DefaultLauncher.java:103) ~[junit-platform-launcher-1.11.4.jar:1.11.4]
	at org.junit.platform.launcher.core.DefaultLauncher.execute(DefaultLauncher.java:85) ~[junit-platform-launcher-1.11.4.jar:1.11.4]
	at org.junit.platform.launcher.core.DelegatingLauncher.execute(DelegatingLauncher.java:47) ~[junit-platform-launcher-1.11.4.jar:1.11.4]
	at org.apache.maven.surefire.junitplatform.LazyLauncher.execute(LazyLauncher.java:56) ~[surefire-junit-platform-3.5.2.jar:3.5.2]
	at org.apache.maven.surefire.junitplatform.JUnitPlatformProvider.execute(JUnitPlatformProvider.java:184) ~[surefire-junit-platform-3.5.2.jar:3.5.2]
	at org.apache.maven.surefire.junitplatform.JUnitPlatformProvider.invokeAllTests(JUnitPlatformProvider.java:148) ~[surefire-junit-platform-3.5.2.jar:3.5.2]
	at org.apache.maven.surefire.junitplatform.JUnitPlatformProvider.invoke(JUnitPlatformProvider.java:122) ~[surefire-junit-platform-3.5.2.jar:3.5.2]
	at org.apache.maven.surefire.booter.ForkedBooter.runSuitesInProcess(ForkedBooter.java:385) ~[surefire-booter-3.5.2.jar:3.5.2]
	at org.apache.maven.surefire.booter.ForkedBooter.execute(ForkedBooter.java:162) ~[surefire-booter-3.5.2.jar:3.5.2]
	at org.apache.maven.surefire.booter.ForkedBooter.run(ForkedBooter.java:507) ~[surefire-booter-3.5.2.jar:3.5.2]
	at org.apache.maven.surefire.booter.ForkedBooter.main(ForkedBooter.java:495) ~[surefire-booter-3.5.2.jar:3.5.2]

2025-03-14T22:00:36.237-05:00 DEBUG 46911 --- [flight-booking] [           main] cResourceLocalTransactionCoordinatorImpl : JDBC transaction marked for rollback-only (exception provided for stack trace)

java.lang.Exception: exception just for purpose of providing stack trace
	at org.hibernate.resource.transaction.backend.jdbc.internal.JdbcResourceLocalTransactionCoordinatorImpl$TransactionDriverControlImpl.markRollbackOnly(JdbcResourceLocalTransactionCoordinatorImpl.java:309) ~[hibernate-core-6.6.8.Final.jar:6.6.8.Final]
	at org.hibernate.internal.AbstractSharedSessionContract.buildNamedQuery(AbstractSharedSessionContract.java:1141) ~[hibernate-core-6.6.8.Final.jar:6.6.8.Final]
	at org.hibernate.internal.AbstractSharedSessionContract.createNamedQuery(AbstractSharedSessionContract.java:1019) ~[hibernate-core-6.6.8.Final.jar:6.6.8.Final]
	at org.hibernate.internal.AbstractSharedSessionContract.createNamedQuery(AbstractSharedSessionContract.java:143) ~[hibernate-core-6.6.8.Final.jar:6.6.8.Final]
	at java.base/jdk.internal.reflect.DirectMethodHandleAccessor.invoke(DirectMethodHandleAccessor.java:103) ~[na:na]
	at java.base/java.lang.reflect.Method.invoke(Method.java:580) ~[na:na]
	at org.springframework.orm.jpa.ExtendedEntityManagerCreator$ExtendedEntityManagerInvocationHandler.invoke(ExtendedEntityManagerCreator.java:364) ~[spring-orm-6.2.3.jar:6.2.3]
	at jdk.proxy2/jdk.proxy2.$Proxy135.createNamedQuery(Unknown Source) ~[na:na]
	at org.springframework.data.jpa.repository.query.NamedQuery.hasNamedQuery(NamedQuery.java:114) ~[spring-data-jpa-3.4.3.jar:3.4.3]
	at org.springframework.data.jpa.repository.query.NamedQuery.lookupFrom(NamedQuery.java:140) ~[spring-data-jpa-3.4.3.jar:3.4.3]
	at org.springframework.data.jpa.repository.query.JpaQueryLookupStrategy$DeclaredQueryLookupStrategy.resolveQuery(JpaQueryLookupStrategy.java:184) ~[spring-data-jpa-3.4.3.jar:3.4.3]
	at org.springframework.data.jpa.repository.query.JpaQueryLookupStrategy$CreateIfNotFoundQueryLookupStrategy.resolveQuery(JpaQueryLookupStrategy.java:256) ~[spring-data-jpa-3.4.3.jar:3.4.3]
	at org.springframework.data.jpa.repository.query.JpaQueryLookupStrategy$AbstractQueryLookupStrategy.resolveQuery(JpaQueryLookupStrategy.java:99) ~[spring-data-jpa-3.4.3.jar:3.4.3]
	at org.springframework.data.repository.core.support.QueryExecutorMethodInterceptor.lookupQuery(QueryExecutorMethodInterceptor.java:116) ~[spring-data-commons-3.4.3.jar:3.4.3]
	at org.springframework.data.repository.core.support.QueryExecutorMethodInterceptor.mapMethodsToQuery(QueryExecutorMethodInterceptor.java:104) ~[spring-data-commons-3.4.3.jar:3.4.3]
	at org.springframework.data.repository.core.support.QueryExecutorMethodInterceptor.lambda$new$0(QueryExecutorMethodInterceptor.java:92) ~[spring-data-commons-3.4.3.jar:3.4.3]
	at java.base/java.util.Optional.map(Optional.java:260) ~[na:na]
	at org.springframework.data.repository.core.support.QueryExecutorMethodInterceptor.<init>(QueryExecutorMethodInterceptor.java:92) ~[spring-data-commons-3.4.3.jar:3.4.3]
	at org.springframework.data.repository.core.support.RepositoryFactorySupport.getRepository(RepositoryFactorySupport.java:440) ~[spring-data-commons-3.4.3.jar:3.4.3]
	at org.springframework.data.repository.core.support.RepositoryFactoryBeanSupport.lambda$afterPropertiesSet$4(RepositoryFactoryBeanSupport.java:350) ~[spring-data-commons-3.4.3.jar:3.4.3]
	at org.springframework.data.util.Lazy.getNullable(Lazy.java:135) ~[spring-data-commons-3.4.3.jar:3.4.3]
	at org.springframework.data.util.Lazy.get(Lazy.java:113) ~[spring-data-commons-3.4.3.jar:3.4.3]
	at org.springframework.data.repository.core.support.RepositoryFactoryBeanSupport.afterPropertiesSet(RepositoryFactoryBeanSupport.java:356) ~[spring-data-commons-3.4.3.jar:3.4.3]
	at org.springframework.data.jpa.repository.support.JpaRepositoryFactoryBean.afterPropertiesSet(JpaRepositoryFactoryBean.java:132) ~[spring-data-jpa-3.4.3.jar:3.4.3]
	at org.springframework.beans.factory.support.AbstractAutowireCapableBeanFactory.invokeInitMethods(AbstractAutowireCapableBeanFactory.java:1859) ~[spring-beans-6.2.3.jar:6.2.3]
	at org.springframework.beans.factory.support.AbstractAutowireCapableBeanFactory.initializeBean(AbstractAutowireCapableBeanFactory.java:1808) ~[spring-beans-6.2.3.jar:6.2.3]
	at org.springframework.beans.factory.support.AbstractAutowireCapableBeanFactory.doCreateBean(AbstractAutowireCapableBeanFactory.java:601) ~[spring-beans-6.2.3.jar:6.2.3]
	at org.springframework.beans.factory.support.AbstractAutowireCapableBeanFactory.createBean(AbstractAutowireCapableBeanFactory.java:523) ~[spring-beans-6.2.3.jar:6.2.3]
	at org.springframework.beans.factory.support.AbstractBeanFactory.lambda$doGetBean$0(AbstractBeanFactory.java:339) ~[spring-beans-6.2.3.jar:6.2.3]
	at org.springframework.beans.factory.support.DefaultSingletonBeanRegistry.getSingleton(DefaultSingletonBeanRegistry.java:346) ~[spring-beans-6.2.3.jar:6.2.3]
	at org.springframework.beans.factory.support.AbstractBeanFactory.doGetBean(AbstractBeanFactory.java:337) ~[spring-beans-6.2.3.jar:6.2.3]
	at org.springframework.beans.factory.support.AbstractBeanFactory.getBean(AbstractBeanFactory.java:202) ~[spring-beans-6.2.3.jar:6.2.3]
	at org.springframework.beans.factory.support.DefaultListableBeanFactory.doResolveDependency(DefaultListableBeanFactory.java:1606) ~[spring-beans-6.2.3.jar:6.2.3]
	at org.springframework.beans.factory.support.DefaultListableBeanFactory.resolveDependency(DefaultListableBeanFactory.java:1552) ~[spring-beans-6.2.3.jar:6.2.3]
	at org.springframework.beans.factory.support.ConstructorResolver.resolveAutowiredArgument(ConstructorResolver.java:913) ~[spring-beans-6.2.3.jar:6.2.3]
	at org.springframework.beans.factory.support.ConstructorResolver.createArgumentArray(ConstructorResolver.java:791) ~[spring-beans-6.2.3.jar:6.2.3]
	at org.springframework.beans.factory.support.ConstructorResolver.autowireConstructor(ConstructorResolver.java:240) ~[spring-beans-6.2.3.jar:6.2.3]
	at org.springframework.beans.factory.support.AbstractAutowireCapableBeanFactory.autowireConstructor(AbstractAutowireCapableBeanFactory.java:1381) ~[spring-beans-6.2.3.jar:6.2.3]
	at org.springframework.beans.factory.support.AbstractAutowireCapableBeanFactory.createBeanInstance(AbstractAutowireCapableBeanFactory.java:1218) ~[spring-beans-6.2.3.jar:6.2.3]
	at org.springframework.beans.factory.support.AbstractAutowireCapableBeanFactory.doCreateBean(AbstractAutowireCapableBeanFactory.java:563) ~[spring-beans-6.2.3.jar:6.2.3]
	at org.springframework.beans.factory.support.AbstractAutowireCapableBeanFactory.createBean(AbstractAutowireCapableBeanFactory.java:523) ~[spring-beans-6.2.3.jar:6.2.3]
	at org.springframework.beans.factory.support.AbstractBeanFactory.lambda$doGetBean$0(AbstractBeanFactory.java:339) ~[spring-beans-6.2.3.jar:6.2.3]
	at org.springframework.beans.factory.support.DefaultSingletonBeanRegistry.getSingleton(DefaultSingletonBeanRegistry.java:346) ~[spring-beans-6.2.3.jar:6.2.3]
	at org.springframework.beans.factory.support.AbstractBeanFactory.doGetBean(AbstractBeanFactory.java:337) ~[spring-beans-6.2.3.jar:6.2.3]
	at org.springframework.beans.factory.support.AbstractBeanFactory.getBean(AbstractBeanFactory.java:202) ~[spring-beans-6.2.3.jar:6.2.3]
	at org.springframework.beans.factory.support.DefaultListableBeanFactory.doResolveDependency(DefaultListableBeanFactory.java:1606) ~[spring-beans-6.2.3.jar:6.2.3]
	at org.springframework.beans.factory.support.DefaultListableBeanFactory.resolveDependency(DefaultListableBeanFactory.java:1552) ~[spring-beans-6.2.3.jar:6.2.3]
	at org.springframework.beans.factory.support.ConstructorResolver.resolveAutowiredArgument(ConstructorResolver.java:913) ~[spring-beans-6.2.3.jar:6.2.3]
	at org.springframework.beans.factory.support.ConstructorResolver.createArgumentArray(ConstructorResolver.java:791) ~[spring-beans-6.2.3.jar:6.2.3]
	at org.springframework.beans.factory.support.ConstructorResolver.autowireConstructor(ConstructorResolver.java:240) ~[spring-beans-6.2.3.jar:6.2.3]
	at org.springframework.beans.factory.support.AbstractAutowireCapableBeanFactory.autowireConstructor(AbstractAutowireCapableBeanFactory.java:1381) ~[spring-beans-6.2.3.jar:6.2.3]
	at org.springframework.beans.factory.support.AbstractAutowireCapableBeanFactory.createBeanInstance(AbstractAutowireCapableBeanFactory.java:1218) ~[spring-beans-6.2.3.jar:6.2.3]
	at org.springframework.beans.factory.support.AbstractAutowireCapableBeanFactory.doCreateBean(AbstractAutowireCapableBeanFactory.java:563) ~[spring-beans-6.2.3.jar:6.2.3]
	at org.springframework.beans.factory.support.AbstractAutowireCapableBeanFactory.createBean(AbstractAutowireCapableBeanFactory.java:523) ~[spring-beans-6.2.3.jar:6.2.3]
	at org.springframework.beans.factory.support.AbstractBeanFactory.lambda$doGetBean$0(AbstractBeanFactory.java:339) ~[spring-beans-6.2.3.jar:6.2.3]
	at org.springframework.beans.factory.support.DefaultSingletonBeanRegistry.getSingleton(DefaultSingletonBeanRegistry.java:346) ~[spring-beans-6.2.3.jar:6.2.3]
	at org.springframework.beans.factory.support.AbstractBeanFactory.doGetBean(AbstractBeanFactory.java:337) ~[spring-beans-6.2.3.jar:6.2.3]
	at org.springframework.beans.factory.support.AbstractBeanFactory.getBean(AbstractBeanFactory.java:202) ~[spring-beans-6.2.3.jar:6.2.3]
	at org.springframework.beans.factory.support.DefaultListableBeanFactory.instantiateSingleton(DefaultListableBeanFactory.java:1155) ~[spring-beans-6.2.3.jar:6.2.3]
	at org.springframework.beans.factory.support.DefaultListableBeanFactory.preInstantiateSingleton(DefaultListableBeanFactory.java:1121) ~[spring-beans-6.2.3.jar:6.2.3]
	at org.springframework.beans.factory.support.DefaultListableBeanFactory.preInstantiateSingletons(DefaultListableBeanFactory.java:1056) ~[spring-beans-6.2.3.jar:6.2.3]
	at org.springframework.context.support.AbstractApplicationContext.finishBeanFactoryInitialization(AbstractApplicationContext.java:987) ~[spring-context-6.2.3.jar:6.2.3]
	at org.springframework.context.support.AbstractApplicationContext.refresh(AbstractApplicationContext.java:627) ~[spring-context-6.2.3.jar:6.2.3]
	at org.springframework.boot.SpringApplication.refresh(SpringApplication.java:752) ~[spring-boot-3.4.3.jar:3.4.3]
	at org.springframework.boot.SpringApplication.refreshContext(SpringApplication.java:439) ~[spring-boot-3.4.3.jar:3.4.3]
	at org.springframework.boot.SpringApplication.run(SpringApplication.java:318) ~[spring-boot-3.4.3.jar:3.4.3]
	at org.springframework.boot.test.context.SpringBootContextLoader.lambda$loadContext$3(SpringBootContextLoader.java:137) ~[spring-boot-test-3.4.3.jar:3.4.3]
	at org.springframework.util.function.ThrowingSupplier.get(ThrowingSupplier.java:58) ~[spring-core-6.2.3.jar:6.2.3]
	at org.springframework.util.function.ThrowingSupplier.get(ThrowingSupplier.java:46) ~[spring-core-6.2.3.jar:6.2.3]
	at org.springframework.boot.SpringApplication.withHook(SpringApplication.java:1461) ~[spring-boot-3.4.3.jar:3.4.3]
	at org.springframework.boot.test.context.SpringBootContextLoader$ContextLoaderHook.run(SpringBootContextLoader.java:553) ~[spring-boot-test-3.4.3.jar:3.4.3]
	at org.springframework.boot.test.context.SpringBootContextLoader.loadContext(SpringBootContextLoader.java:137) ~[spring-boot-test-3.4.3.jar:3.4.3]
	at org.springframework.boot.test.context.SpringBootContextLoader.loadContext(SpringBootContextLoader.java:108) ~[spring-boot-test-3.4.3.jar:3.4.3]
	at org.springframework.test.context.cache.DefaultCacheAwareContextLoaderDelegate.loadContextInternal(DefaultCacheAwareContextLoaderDelegate.java:225) ~[spring-test-6.2.3.jar:6.2.3]
	at org.springframework.test.context.cache.DefaultCacheAwareContextLoaderDelegate.loadContext(DefaultCacheAwareContextLoaderDelegate.java:152) ~[spring-test-6.2.3.jar:6.2.3]
	at org.springframework.test.context.support.DefaultTestContext.getApplicationContext(DefaultTestContext.java:130) ~[spring-test-6.2.3.jar:6.2.3]
	at org.springframework.test.context.web.ServletTestExecutionListener.setUpRequestContextIfNecessary(ServletTestExecutionListener.java:200) ~[spring-test-6.2.3.jar:6.2.3]
	at org.springframework.test.context.web.ServletTestExecutionListener.prepareTestInstance(ServletTestExecutionListener.java:139) ~[spring-test-6.2.3.jar:6.2.3]
	at org.springframework.test.context.TestContextManager.prepareTestInstance(TestContextManager.java:260) ~[spring-test-6.2.3.jar:6.2.3]
	at org.springframework.test.context.junit.jupiter.SpringExtension.postProcessTestInstance(SpringExtension.java:160) ~[spring-test-6.2.3.jar:6.2.3]
	at org.junit.jupiter.engine.descriptor.ClassBasedTestDescriptor.lambda$invokeTestInstancePostProcessors$11(ClassBasedTestDescriptor.java:378) ~[junit-jupiter-engine-5.11.4.jar:5.11.4]
	at org.junit.jupiter.engine.descriptor.ClassBasedTestDescriptor.executeAndMaskThrowable(ClassBasedTestDescriptor.java:383) ~[junit-jupiter-engine-5.11.4.jar:5.11.4]
	at org.junit.jupiter.engine.descriptor.ClassBasedTestDescriptor.lambda$invokeTestInstancePostProcessors$12(ClassBasedTestDescriptor.java:378) ~[junit-jupiter-engine-5.11.4.jar:5.11.4]
	at java.base/java.util.stream.ForEachOps$ForEachOp$OfRef.accept(ForEachOps.java:184) ~[na:na]
	at java.base/java.util.stream.ReferencePipeline$3$1.accept(ReferencePipeline.java:215) ~[na:na]
	at java.base/java.util.stream.ReferencePipeline$2$1.accept(ReferencePipeline.java:197) ~[na:na]
	at java.base/java.util.stream.ReferencePipeline$3$1.accept(ReferencePipeline.java:215) ~[na:na]
	at java.base/java.util.ArrayList$ArrayListSpliterator.forEachRemaining(ArrayList.java:1709) ~[na:na]
	at java.base/java.util.stream.AbstractPipeline.copyInto(AbstractPipeline.java:570) ~[na:na]
	at java.base/java.util.stream.AbstractPipeline.wrapAndCopyInto(AbstractPipeline.java:560) ~[na:na]
	at java.base/java.util.stream.ForEachOps$ForEachOp.evaluateSequential(ForEachOps.java:151) ~[na:na]
	at java.base/java.util.stream.ForEachOps$ForEachOp$OfRef.evaluateSequential(ForEachOps.java:174) ~[na:na]
	at java.base/java.util.stream.AbstractPipeline.evaluate(AbstractPipeline.java:265) ~[na:na]
	at java.base/java.util.stream.ReferencePipeline.forEach(ReferencePipeline.java:636) ~[na:na]
	at org.junit.jupiter.engine.descriptor.ClassBasedTestDescriptor.invokeTestInstancePostProcessors(ClassBasedTestDescriptor.java:377) ~[junit-jupiter-engine-5.11.4.jar:5.11.4]
	at org.junit.jupiter.engine.descriptor.ClassBasedTestDescriptor.lambda$instantiateAndPostProcessTestInstance$7(ClassBasedTestDescriptor.java:290) ~[junit-jupiter-engine-5.11.4.jar:5.11.4]
	at org.junit.platform.engine.support.hierarchical.ThrowableCollector.execute(ThrowableCollector.java:73) ~[junit-platform-engine-1.11.4.jar:1.11.4]
	at org.junit.jupiter.engine.descriptor.ClassBasedTestDescriptor.instantiateAndPostProcessTestInstance(ClassBasedTestDescriptor.java:289) ~[junit-jupiter-engine-5.11.4.jar:5.11.4]
	at org.junit.jupiter.engine.descriptor.ClassBasedTestDescriptor.lambda$testInstancesProvider$5(ClassBasedTestDescriptor.java:279) ~[junit-jupiter-engine-5.11.4.jar:5.11.4]
	at java.base/java.util.Optional.orElseGet(Optional.java:364) ~[na:na]
	at org.junit.jupiter.engine.descriptor.ClassBasedTestDescriptor.lambda$testInstancesProvider$6(ClassBasedTestDescriptor.java:278) ~[junit-jupiter-engine-5.11.4.jar:5.11.4]
	at org.junit.jupiter.engine.execution.TestInstancesProvider.getTestInstances(TestInstancesProvider.java:31) ~[junit-jupiter-engine-5.11.4.jar:5.11.4]
	at org.junit.jupiter.engine.descriptor.TestMethodTestDescriptor.lambda$prepare$1(TestMethodTestDescriptor.java:105) ~[junit-jupiter-engine-5.11.4.jar:5.11.4]
	at org.junit.platform.engine.support.hierarchical.ThrowableCollector.execute(ThrowableCollector.java:73) ~[junit-platform-engine-1.11.4.jar:1.11.4]
	at org.junit.jupiter.engine.descriptor.TestMethodTestDescriptor.prepare(TestMethodTestDescriptor.java:104) ~[junit-jupiter-engine-5.11.4.jar:5.11.4]
	at org.junit.jupiter.engine.descriptor.TestMethodTestDescriptor.prepare(TestMethodTestDescriptor.java:68) ~[junit-jupiter-engine-5.11.4.jar:5.11.4]
	at org.junit.platform.engine.support.hierarchical.NodeTestTask.lambda$prepare$2(NodeTestTask.java:128) ~[junit-platform-engine-1.11.4.jar:1.11.4]
	at org.junit.platform.engine.support.hierarchical.ThrowableCollector.execute(ThrowableCollector.java:73) ~[junit-platform-engine-1.11.4.jar:1.11.4]
	at org.junit.platform.engine.support.hierarchical.NodeTestTask.prepare(NodeTestTask.java:128) ~[junit-platform-engine-1.11.4.jar:1.11.4]
	at org.junit.platform.engine.support.hierarchical.NodeTestTask.execute(NodeTestTask.java:95) ~[junit-platform-engine-1.11.4.jar:1.11.4]
	at java.base/java.util.ArrayList.forEach(ArrayList.java:1597) ~[na:na]
	at org.junit.platform.engine.support.hierarchical.SameThreadHierarchicalTestExecutorService.invokeAll(SameThreadHierarchicalTestExecutorService.java:41) ~[junit-platform-engine-1.11.4.jar:1.11.4]
	at org.junit.platform.engine.support.hierarchical.NodeTestTask.lambda$executeRecursively$6(NodeTestTask.java:160) ~[junit-platform-engine-1.11.4.jar:1.11.4]
	at org.junit.platform.engine.support.hierarchical.ThrowableCollector.execute(ThrowableCollector.java:73) ~[junit-platform-engine-1.11.4.jar:1.11.4]
	at org.junit.platform.engine.support.hierarchical.NodeTestTask.lambda$executeRecursively$8(NodeTestTask.java:146) ~[junit-platform-engine-1.11.4.jar:1.11.4]
	at org.junit.platform.engine.support.hierarchical.Node.around(Node.java:137) ~[junit-platform-engine-1.11.4.jar:1.11.4]
	at org.junit.platform.engine.support.hierarchical.NodeTestTask.lambda$executeRecursively$9(NodeTestTask.java:144) ~[junit-platform-engine-1.11.4.jar:1.11.4]
	at org.junit.platform.engine.support.hierarchical.ThrowableCollector.execute(ThrowableCollector.java:73) ~[junit-platform-engine-1.11.4.jar:1.11.4]
	at org.junit.platform.engine.support.hierarchical.NodeTestTask.executeRecursively(NodeTestTask.java:143) ~[junit-platform-engine-1.11.4.jar:1.11.4]
	at org.junit.platform.engine.support.hierarchical.NodeTestTask.execute(NodeTestTask.java:100) ~[junit-platform-engine-1.11.4.jar:1.11.4]
	at java.base/java.util.ArrayList.forEach(ArrayList.java:1597) ~[na:na]
	at org.junit.platform.engine.support.hierarchical.SameThreadHierarchicalTestExecutorService.invokeAll(SameThreadHierarchicalTestExecutorService.java:41) ~[junit-platform-engine-1.11.4.jar:1.11.4]
	at org.junit.platform.engine.support.hierarchical.NodeTestTask.lambda$executeRecursively$6(NodeTestTask.java:160) ~[junit-platform-engine-1.11.4.jar:1.11.4]
	at org.junit.platform.engine.support.hierarchical.ThrowableCollector.execute(ThrowableCollector.java:73) ~[junit-platform-engine-1.11.4.jar:1.11.4]
	at org.junit.platform.engine.support.hierarchical.NodeTestTask.lambda$executeRecursively$8(NodeTestTask.java:146) ~[junit-platform-engine-1.11.4.jar:1.11.4]
	at org.junit.platform.engine.support.hierarchical.Node.around(Node.java:137) ~[junit-platform-engine-1.11.4.jar:1.11.4]
	at org.junit.platform.engine.support.hierarchical.NodeTestTask.lambda$executeRecursively$9(NodeTestTask.java:144) ~[junit-platform-engine-1.11.4.jar:1.11.4]
	at org.junit.platform.engine.support.hierarchical.ThrowableCollector.execute(ThrowableCollector.java:73) ~[junit-platform-engine-1.11.4.jar:1.11.4]
	at org.junit.platform.engine.support.hierarchical.NodeTestTask.executeRecursively(NodeTestTask.java:143) ~[junit-platform-engine-1.11.4.jar:1.11.4]
	at org.junit.platform.engine.support.hierarchical.NodeTestTask.execute(NodeTestTask.java:100) ~[junit-platform-engine-1.11.4.jar:1.11.4]
	at org.junit.platform.engine.support.hierarchical.SameThreadHierarchicalTestExecutorService.submit(SameThreadHierarchicalTestExecutorService.java:35) ~[junit-platform-engine-1.11.4.jar:1.11.4]
	at org.junit.platform.engine.support.hierarchical.HierarchicalTestExecutor.execute(HierarchicalTestExecutor.java:57) ~[junit-platform-engine-1.11.4.jar:1.11.4]
	at org.junit.platform.engine.support.hierarchical.HierarchicalTestEngine.execute(HierarchicalTestEngine.java:54) ~[junit-platform-engine-1.11.4.jar:1.11.4]
	at org.junit.platform.launcher.core.EngineExecutionOrchestrator.execute(EngineExecutionOrchestrator.java:198) ~[junit-platform-launcher-1.11.4.jar:1.11.4]
	at org.junit.platform.launcher.core.EngineExecutionOrchestrator.execute(EngineExecutionOrchestrator.java:169) ~[junit-platform-launcher-1.11.4.jar:1.11.4]
	at org.junit.platform.launcher.core.EngineExecutionOrchestrator.execute(EngineExecutionOrchestrator.java:93) ~[junit-platform-launcher-1.11.4.jar:1.11.4]
	at org.junit.platform.launcher.core.EngineExecutionOrchestrator.lambda$execute$0(EngineExecutionOrchestrator.java:58) ~[junit-platform-launcher-1.11.4.jar:1.11.4]
	at org.junit.platform.launcher.core.EngineExecutionOrchestrator.withInterceptedStreams(EngineExecutionOrchestrator.java:141) ~[junit-platform-launcher-1.11.4.jar:1.11.4]
	at org.junit.platform.launcher.core.EngineExecutionOrchestrator.execute(EngineExecutionOrchestrator.java:57) ~[junit-platform-launcher-1.11.4.jar:1.11.4]
	at org.junit.platform.launcher.core.DefaultLauncher.execute(DefaultLauncher.java:103) ~[junit-platform-launcher-1.11.4.jar:1.11.4]
	at org.junit.platform.launcher.core.DefaultLauncher.execute(DefaultLauncher.java:85) ~[junit-platform-launcher-1.11.4.jar:1.11.4]
	at org.junit.platform.launcher.core.DelegatingLauncher.execute(DelegatingLauncher.java:47) ~[junit-platform-launcher-1.11.4.jar:1.11.4]
	at org.apache.maven.surefire.junitplatform.LazyLauncher.execute(LazyLauncher.java:56) ~[surefire-junit-platform-3.5.2.jar:3.5.2]
	at org.apache.maven.surefire.junitplatform.JUnitPlatformProvider.execute(JUnitPlatformProvider.java:184) ~[surefire-junit-platform-3.5.2.jar:3.5.2]
	at org.apache.maven.surefire.junitplatform.JUnitPlatformProvider.invokeAllTests(JUnitPlatformProvider.java:148) ~[surefire-junit-platform-3.5.2.jar:3.5.2]
	at org.apache.maven.surefire.junitplatform.JUnitPlatformProvider.invoke(JUnitPlatformProvider.java:122) ~[surefire-junit-platform-3.5.2.jar:3.5.2]
	at org.apache.maven.surefire.booter.ForkedBooter.runSuitesInProcess(ForkedBooter.java:385) ~[surefire-booter-3.5.2.jar:3.5.2]
	at org.apache.maven.surefire.booter.ForkedBooter.execute(ForkedBooter.java:162) ~[surefire-booter-3.5.2.jar:3.5.2]
	at org.apache.maven.surefire.booter.ForkedBooter.run(ForkedBooter.java:507) ~[surefire-booter-3.5.2.jar:3.5.2]
	at org.apache.maven.surefire.booter.ForkedBooter.main(ForkedBooter.java:495) ~[surefire-booter-3.5.2.jar:3.5.2]

2025-03-14T22:00:36.246-05:00 DEBUG 46911 --- [flight-booking] [           main] cResourceLocalTransactionCoordinatorImpl : JDBC transaction marked for rollback-only (exception provided for stack trace)

java.lang.Exception: exception just for purpose of providing stack trace
	at org.hibernate.resource.transaction.backend.jdbc.internal.JdbcResourceLocalTransactionCoordinatorImpl$TransactionDriverControlImpl.markRollbackOnly(JdbcResourceLocalTransactionCoordinatorImpl.java:309) ~[hibernate-core-6.6.8.Final.jar:6.6.8.Final]
	at org.hibernate.internal.AbstractSharedSessionContract.buildNamedQuery(AbstractSharedSessionContract.java:1141) ~[hibernate-core-6.6.8.Final.jar:6.6.8.Final]
	at org.hibernate.internal.AbstractSharedSessionContract.createNamedQuery(AbstractSharedSessionContract.java:1019) ~[hibernate-core-6.6.8.Final.jar:6.6.8.Final]
	at org.hibernate.internal.AbstractSharedSessionContract.createNamedQuery(AbstractSharedSessionContract.java:143) ~[hibernate-core-6.6.8.Final.jar:6.6.8.Final]
	at java.base/jdk.internal.reflect.DirectMethodHandleAccessor.invoke(DirectMethodHandleAccessor.java:103) ~[na:na]
	at java.base/java.lang.reflect.Method.invoke(Method.java:580) ~[na:na]
	at org.springframework.orm.jpa.ExtendedEntityManagerCreator$ExtendedEntityManagerInvocationHandler.invoke(ExtendedEntityManagerCreator.java:364) ~[spring-orm-6.2.3.jar:6.2.3]
	at jdk.proxy2/jdk.proxy2.$Proxy135.createNamedQuery(Unknown Source) ~[na:na]
	at org.springframework.data.jpa.repository.query.NamedQuery.hasNamedQuery(NamedQuery.java:114) ~[spring-data-jpa-3.4.3.jar:3.4.3]
	at org.springframework.data.jpa.repository.query.NamedQuery.lookupFrom(NamedQuery.java:140) ~[spring-data-jpa-3.4.3.jar:3.4.3]
	at org.springframework.data.jpa.repository.query.JpaQueryLookupStrategy$DeclaredQueryLookupStrategy.resolveQuery(JpaQueryLookupStrategy.java:184) ~[spring-data-jpa-3.4.3.jar:3.4.3]
	at org.springframework.data.jpa.repository.query.JpaQueryLookupStrategy$CreateIfNotFoundQueryLookupStrategy.resolveQuery(JpaQueryLookupStrategy.java:256) ~[spring-data-jpa-3.4.3.jar:3.4.3]
	at org.springframework.data.jpa.repository.query.JpaQueryLookupStrategy$AbstractQueryLookupStrategy.resolveQuery(JpaQueryLookupStrategy.java:99) ~[spring-data-jpa-3.4.3.jar:3.4.3]
	at org.springframework.data.repository.core.support.QueryExecutorMethodInterceptor.lookupQuery(QueryExecutorMethodInterceptor.java:116) ~[spring-data-commons-3.4.3.jar:3.4.3]
	at org.springframework.data.repository.core.support.QueryExecutorMethodInterceptor.mapMethodsToQuery(QueryExecutorMethodInterceptor.java:104) ~[spring-data-commons-3.4.3.jar:3.4.3]
	at org.springframework.data.repository.core.support.QueryExecutorMethodInterceptor.lambda$new$0(QueryExecutorMethodInterceptor.java:92) ~[spring-data-commons-3.4.3.jar:3.4.3]
	at java.base/java.util.Optional.map(Optional.java:260) ~[na:na]
	at org.springframework.data.repository.core.support.QueryExecutorMethodInterceptor.<init>(QueryExecutorMethodInterceptor.java:92) ~[spring-data-commons-3.4.3.jar:3.4.3]
	at org.springframework.data.repository.core.support.RepositoryFactorySupport.getRepository(RepositoryFactorySupport.java:440) ~[spring-data-commons-3.4.3.jar:3.4.3]
	at org.springframework.data.repository.core.support.RepositoryFactoryBeanSupport.lambda$afterPropertiesSet$4(RepositoryFactoryBeanSupport.java:350) ~[spring-data-commons-3.4.3.jar:3.4.3]
	at org.springframework.data.util.Lazy.getNullable(Lazy.java:135) ~[spring-data-commons-3.4.3.jar:3.4.3]
	at org.springframework.data.util.Lazy.get(Lazy.java:113) ~[spring-data-commons-3.4.3.jar:3.4.3]
	at org.springframework.data.repository.core.support.RepositoryFactoryBeanSupport.afterPropertiesSet(RepositoryFactoryBeanSupport.java:356) ~[spring-data-commons-3.4.3.jar:3.4.3]
	at org.springframework.data.jpa.repository.support.JpaRepositoryFactoryBean.afterPropertiesSet(JpaRepositoryFactoryBean.java:132) ~[spring-data-jpa-3.4.3.jar:3.4.3]
	at org.springframework.beans.factory.support.AbstractAutowireCapableBeanFactory.invokeInitMethods(AbstractAutowireCapableBeanFactory.java:1859) ~[spring-beans-6.2.3.jar:6.2.3]
	at org.springframework.beans.factory.support.AbstractAutowireCapableBeanFactory.initializeBean(AbstractAutowireCapableBeanFactory.java:1808) ~[spring-beans-6.2.3.jar:6.2.3]
	at org.springframework.beans.factory.support.AbstractAutowireCapableBeanFactory.doCreateBean(AbstractAutowireCapableBeanFactory.java:601) ~[spring-beans-6.2.3.jar:6.2.3]
	at org.springframework.beans.factory.support.AbstractAutowireCapableBeanFactory.createBean(AbstractAutowireCapableBeanFactory.java:523) ~[spring-beans-6.2.3.jar:6.2.3]
	at org.springframework.beans.factory.support.AbstractBeanFactory.lambda$doGetBean$0(AbstractBeanFactory.java:339) ~[spring-beans-6.2.3.jar:6.2.3]
	at org.springframework.beans.factory.support.DefaultSingletonBeanRegistry.getSingleton(DefaultSingletonBeanRegistry.java:346) ~[spring-beans-6.2.3.jar:6.2.3]
	at org.springframework.beans.factory.support.AbstractBeanFactory.doGetBean(AbstractBeanFactory.java:337) ~[spring-beans-6.2.3.jar:6.2.3]
	at org.springframework.beans.factory.support.AbstractBeanFactory.getBean(AbstractBeanFactory.java:202) ~[spring-beans-6.2.3.jar:6.2.3]
	at org.springframework.beans.factory.support.DefaultListableBeanFactory.doResolveDependency(DefaultListableBeanFactory.java:1606) ~[spring-beans-6.2.3.jar:6.2.3]
	at org.springframework.beans.factory.support.DefaultListableBeanFactory.resolveDependency(DefaultListableBeanFactory.java:1552) ~[spring-beans-6.2.3.jar:6.2.3]
	at org.springframework.beans.factory.support.ConstructorResolver.resolveAutowiredArgument(ConstructorResolver.java:913) ~[spring-beans-6.2.3.jar:6.2.3]
	at org.springframework.beans.factory.support.ConstructorResolver.createArgumentArray(ConstructorResolver.java:791) ~[spring-beans-6.2.3.jar:6.2.3]
	at org.springframework.beans.factory.support.ConstructorResolver.autowireConstructor(ConstructorResolver.java:240) ~[spring-beans-6.2.3.jar:6.2.3]
	at org.springframework.beans.factory.support.AbstractAutowireCapableBeanFactory.autowireConstructor(AbstractAutowireCapableBeanFactory.java:1381) ~[spring-beans-6.2.3.jar:6.2.3]
	at org.springframework.beans.factory.support.AbstractAutowireCapableBeanFactory.createBeanInstance(AbstractAutowireCapableBeanFactory.java:1218) ~[spring-beans-6.2.3.jar:6.2.3]
	at org.springframework.beans.factory.support.AbstractAutowireCapableBeanFactory.doCreateBean(AbstractAutowireCapableBeanFactory.java:563) ~[spring-beans-6.2.3.jar:6.2.3]
	at org.springframework.beans.factory.support.AbstractAutowireCapableBeanFactory.createBean(AbstractAutowireCapableBeanFactory.java:523) ~[spring-beans-6.2.3.jar:6.2.3]
	at org.springframework.beans.factory.support.AbstractBeanFactory.lambda$doGetBean$0(AbstractBeanFactory.java:339) ~[spring-beans-6.2.3.jar:6.2.3]
	at org.springframework.beans.factory.support.DefaultSingletonBeanRegistry.getSingleton(DefaultSingletonBeanRegistry.java:346) ~[spring-beans-6.2.3.jar:6.2.3]
	at org.springframework.beans.factory.support.AbstractBeanFactory.doGetBean(AbstractBeanFactory.java:337) ~[spring-beans-6.2.3.jar:6.2.3]
	at org.springframework.beans.factory.support.AbstractBeanFactory.getBean(AbstractBeanFactory.java:202) ~[spring-beans-6.2.3.jar:6.2.3]
	at org.springframework.beans.factory.support.DefaultListableBeanFactory.doResolveDependency(DefaultListableBeanFactory.java:1606) ~[spring-beans-6.2.3.jar:6.2.3]
	at org.springframework.beans.factory.support.DefaultListableBeanFactory.resolveDependency(DefaultListableBeanFactory.java:1552) ~[spring-beans-6.2.3.jar:6.2.3]
	at org.springframework.beans.factory.support.ConstructorResolver.resolveAutowiredArgument(ConstructorResolver.java:913) ~[spring-beans-6.2.3.jar:6.2.3]
	at org.springframework.beans.factory.support.ConstructorResolver.createArgumentArray(ConstructorResolver.java:791) ~[spring-beans-6.2.3.jar:6.2.3]
	at org.springframework.beans.factory.support.ConstructorResolver.autowireConstructor(ConstructorResolver.java:240) ~[spring-beans-6.2.3.jar:6.2.3]
	at org.springframework.beans.factory.support.AbstractAutowireCapableBeanFactory.autowireConstructor(AbstractAutowireCapableBeanFactory.java:1381) ~[spring-beans-6.2.3.jar:6.2.3]
	at org.springframework.beans.factory.support.AbstractAutowireCapableBeanFactory.createBeanInstance(AbstractAutowireCapableBeanFactory.java:1218) ~[spring-beans-6.2.3.jar:6.2.3]
	at org.springframework.beans.factory.support.AbstractAutowireCapableBeanFactory.doCreateBean(AbstractAutowireCapableBeanFactory.java:563) ~[spring-beans-6.2.3.jar:6.2.3]
	at org.springframework.beans.factory.support.AbstractAutowireCapableBeanFactory.createBean(AbstractAutowireCapableBeanFactory.java:523) ~[spring-beans-6.2.3.jar:6.2.3]
	at org.springframework.beans.factory.support.AbstractBeanFactory.lambda$doGetBean$0(AbstractBeanFactory.java:339) ~[spring-beans-6.2.3.jar:6.2.3]
	at org.springframework.beans.factory.support.DefaultSingletonBeanRegistry.getSingleton(DefaultSingletonBeanRegistry.java:346) ~[spring-beans-6.2.3.jar:6.2.3]
	at org.springframework.beans.factory.support.AbstractBeanFactory.doGetBean(AbstractBeanFactory.java:337) ~[spring-beans-6.2.3.jar:6.2.3]
	at org.springframework.beans.factory.support.AbstractBeanFactory.getBean(AbstractBeanFactory.java:202) ~[spring-beans-6.2.3.jar:6.2.3]
	at org.springframework.beans.factory.support.DefaultListableBeanFactory.instantiateSingleton(DefaultListableBeanFactory.java:1155) ~[spring-beans-6.2.3.jar:6.2.3]
	at org.springframework.beans.factory.support.DefaultListableBeanFactory.preInstantiateSingleton(DefaultListableBeanFactory.java:1121) ~[spring-beans-6.2.3.jar:6.2.3]
	at org.springframework.beans.factory.support.DefaultListableBeanFactory.preInstantiateSingletons(DefaultListableBeanFactory.java:1056) ~[spring-beans-6.2.3.jar:6.2.3]
	at org.springframework.context.support.AbstractApplicationContext.finishBeanFactoryInitialization(AbstractApplicationContext.java:987) ~[spring-context-6.2.3.jar:6.2.3]
	at org.springframework.context.support.AbstractApplicationContext.refresh(AbstractApplicationContext.java:627) ~[spring-context-6.2.3.jar:6.2.3]
	at org.springframework.boot.SpringApplication.refresh(SpringApplication.java:752) ~[spring-boot-3.4.3.jar:3.4.3]
	at org.springframework.boot.SpringApplication.refreshContext(SpringApplication.java:439) ~[spring-boot-3.4.3.jar:3.4.3]
	at org.springframework.boot.SpringApplication.run(SpringApplication.java:318) ~[spring-boot-3.4.3.jar:3.4.3]
	at org.springframework.boot.test.context.SpringBootContextLoader.lambda$loadContext$3(SpringBootContextLoader.java:137) ~[spring-boot-test-3.4.3.jar:3.4.3]
	at org.springframework.util.function.ThrowingSupplier.get(ThrowingSupplier.java:58) ~[spring-core-6.2.3.jar:6.2.3]
	at org.springframework.util.function.ThrowingSupplier.get(ThrowingSupplier.java:46) ~[spring-core-6.2.3.jar:6.2.3]
	at org.springframework.boot.SpringApplication.withHook(SpringApplication.java:1461) ~[spring-boot-3.4.3.jar:3.4.3]
	at org.springframework.boot.test.context.SpringBootContextLoader$ContextLoaderHook.run(SpringBootContextLoader.java:553) ~[spring-boot-test-3.4.3.jar:3.4.3]
	at org.springframework.boot.test.context.SpringBootContextLoader.loadContext(SpringBootContextLoader.java:137) ~[spring-boot-test-3.4.3.jar:3.4.3]
	at org.springframework.boot.test.context.SpringBootContextLoader.loadContext(SpringBootContextLoader.java:108) ~[spring-boot-test-3.4.3.jar:3.4.3]
	at org.springframework.test.context.cache.DefaultCacheAwareContextLoaderDelegate.loadContextInternal(DefaultCacheAwareContextLoaderDelegate.java:225) ~[spring-test-6.2.3.jar:6.2.3]
	at org.springframework.test.context.cache.DefaultCacheAwareContextLoaderDelegate.loadContext(DefaultCacheAwareContextLoaderDelegate.java:152) ~[spring-test-6.2.3.jar:6.2.3]
	at org.springframework.test.context.support.DefaultTestContext.getApplicationContext(DefaultTestContext.java:130) ~[spring-test-6.2.3.jar:6.2.3]
	at org.springframework.test.context.web.ServletTestExecutionListener.setUpRequestContextIfNecessary(ServletTestExecutionListener.java:200) ~[spring-test-6.2.3.jar:6.2.3]
	at org.springframework.test.context.web.ServletTestExecutionListener.prepareTestInstance(ServletTestExecutionListener.java:139) ~[spring-test-6.2.3.jar:6.2.3]
	at org.springframework.test.context.TestContextManager.prepareTestInstance(TestContextManager.java:260) ~[spring-test-6.2.3.jar:6.2.3]
	at org.springframework.test.context.junit.jupiter.SpringExtension.postProcessTestInstance(SpringExtension.java:160) ~[spring-test-6.2.3.jar:6.2.3]
	at org.junit.jupiter.engine.descriptor.ClassBasedTestDescriptor.lambda$invokeTestInstancePostProcessors$11(ClassBasedTestDescriptor.java:378) ~[junit-jupiter-engine-5.11.4.jar:5.11.4]
	at org.junit.jupiter.engine.descriptor.ClassBasedTestDescriptor.executeAndMaskThrowable(ClassBasedTestDescriptor.java:383) ~[junit-jupiter-engine-5.11.4.jar:5.11.4]
	at org.junit.jupiter.engine.descriptor.ClassBasedTestDescriptor.lambda$invokeTestInstancePostProcessors$12(ClassBasedTestDescriptor.java:378) ~[junit-jupiter-engine-5.11.4.jar:5.11.4]
	at java.base/java.util.stream.ForEachOps$ForEachOp$OfRef.accept(ForEachOps.java:184) ~[na:na]
	at java.base/java.util.stream.ReferencePipeline$3$1.accept(ReferencePipeline.java:215) ~[na:na]
	at java.base/java.util.stream.ReferencePipeline$2$1.accept(ReferencePipeline.java:197) ~[na:na]
	at java.base/java.util.stream.ReferencePipeline$3$1.accept(ReferencePipeline.java:215) ~[na:na]
	at java.base/java.util.ArrayList$ArrayListSpliterator.forEachRemaining(ArrayList.java:1709) ~[na:na]
	at java.base/java.util.stream.AbstractPipeline.copyInto(AbstractPipeline.java:570) ~[na:na]
	at java.base/java.util.stream.AbstractPipeline.wrapAndCopyInto(AbstractPipeline.java:560) ~[na:na]
	at java.base/java.util.stream.ForEachOps$ForEachOp.evaluateSequential(ForEachOps.java:151) ~[na:na]
	at java.base/java.util.stream.ForEachOps$ForEachOp$OfRef.evaluateSequential(ForEachOps.java:174) ~[na:na]
	at java.base/java.util.stream.AbstractPipeline.evaluate(AbstractPipeline.java:265) ~[na:na]
	at java.base/java.util.stream.ReferencePipeline.forEach(ReferencePipeline.java:636) ~[na:na]
	at org.junit.jupiter.engine.descriptor.ClassBasedTestDescriptor.invokeTestInstancePostProcessors(ClassBasedTestDescriptor.java:377) ~[junit-jupiter-engine-5.11.4.jar:5.11.4]
	at org.junit.jupiter.engine.descriptor.ClassBasedTestDescriptor.lambda$instantiateAndPostProcessTestInstance$7(ClassBasedTestDescriptor.java:290) ~[junit-jupiter-engine-5.11.4.jar:5.11.4]
	at org.junit.platform.engine.support.hierarchical.ThrowableCollector.execute(ThrowableCollector.java:73) ~[junit-platform-engine-1.11.4.jar:1.11.4]
	at org.junit.jupiter.engine.descriptor.ClassBasedTestDescriptor.instantiateAndPostProcessTestInstance(ClassBasedTestDescriptor.java:289) ~[junit-jupiter-engine-5.11.4.jar:5.11.4]
	at org.junit.jupiter.engine.descriptor.ClassBasedTestDescriptor.lambda$testInstancesProvider$5(ClassBasedTestDescriptor.java:279) ~[junit-jupiter-engine-5.11.4.jar:5.11.4]
	at java.base/java.util.Optional.orElseGet(Optional.java:364) ~[na:na]
	at org.junit.jupiter.engine.descriptor.ClassBasedTestDescriptor.lambda$testInstancesProvider$6(ClassBasedTestDescriptor.java:278) ~[junit-jupiter-engine-5.11.4.jar:5.11.4]
	at org.junit.jupiter.engine.execution.TestInstancesProvider.getTestInstances(TestInstancesProvider.java:31) ~[junit-jupiter-engine-5.11.4.jar:5.11.4]
	at org.junit.jupiter.engine.descriptor.TestMethodTestDescriptor.lambda$prepare$1(TestMethodTestDescriptor.java:105) ~[junit-jupiter-engine-5.11.4.jar:5.11.4]
	at org.junit.platform.engine.support.hierarchical.ThrowableCollector.execute(ThrowableCollector.java:73) ~[junit-platform-engine-1.11.4.jar:1.11.4]
	at org.junit.jupiter.engine.descriptor.TestMethodTestDescriptor.prepare(TestMethodTestDescriptor.java:104) ~[junit-jupiter-engine-5.11.4.jar:5.11.4]
	at org.junit.jupiter.engine.descriptor.TestMethodTestDescriptor.prepare(TestMethodTestDescriptor.java:68) ~[junit-jupiter-engine-5.11.4.jar:5.11.4]
	at org.junit.platform.engine.support.hierarchical.NodeTestTask.lambda$prepare$2(NodeTestTask.java:128) ~[junit-platform-engine-1.11.4.jar:1.11.4]
	at org.junit.platform.engine.support.hierarchical.ThrowableCollector.execute(ThrowableCollector.java:73) ~[junit-platform-engine-1.11.4.jar:1.11.4]
	at org.junit.platform.engine.support.hierarchical.NodeTestTask.prepare(NodeTestTask.java:128) ~[junit-platform-engine-1.11.4.jar:1.11.4]
	at org.junit.platform.engine.support.hierarchical.NodeTestTask.execute(NodeTestTask.java:95) ~[junit-platform-engine-1.11.4.jar:1.11.4]
	at java.base/java.util.ArrayList.forEach(ArrayList.java:1597) ~[na:na]
	at org.junit.platform.engine.support.hierarchical.SameThreadHierarchicalTestExecutorService.invokeAll(SameThreadHierarchicalTestExecutorService.java:41) ~[junit-platform-engine-1.11.4.jar:1.11.4]
	at org.junit.platform.engine.support.hierarchical.NodeTestTask.lambda$executeRecursively$6(NodeTestTask.java:160) ~[junit-platform-engine-1.11.4.jar:1.11.4]
	at org.junit.platform.engine.support.hierarchical.ThrowableCollector.execute(ThrowableCollector.java:73) ~[junit-platform-engine-1.11.4.jar:1.11.4]
	at org.junit.platform.engine.support.hierarchical.NodeTestTask.lambda$executeRecursively$8(NodeTestTask.java:146) ~[junit-platform-engine-1.11.4.jar:1.11.4]
	at org.junit.platform.engine.support.hierarchical.Node.around(Node.java:137) ~[junit-platform-engine-1.11.4.jar:1.11.4]
	at org.junit.platform.engine.support.hierarchical.NodeTestTask.lambda$executeRecursively$9(NodeTestTask.java:144) ~[junit-platform-engine-1.11.4.jar:1.11.4]
	at org.junit.platform.engine.support.hierarchical.ThrowableCollector.execute(ThrowableCollector.java:73) ~[junit-platform-engine-1.11.4.jar:1.11.4]
	at org.junit.platform.engine.support.hierarchical.NodeTestTask.executeRecursively(NodeTestTask.java:143) ~[junit-platform-engine-1.11.4.jar:1.11.4]
	at org.junit.platform.engine.support.hierarchical.NodeTestTask.execute(NodeTestTask.java:100) ~[junit-platform-engine-1.11.4.jar:1.11.4]
	at java.base/java.util.ArrayList.forEach(ArrayList.java:1597) ~[na:na]
	at org.junit.platform.engine.support.hierarchical.SameThreadHierarchicalTestExecutorService.invokeAll(SameThreadHierarchicalTestExecutorService.java:41) ~[junit-platform-engine-1.11.4.jar:1.11.4]
	at org.junit.platform.engine.support.hierarchical.NodeTestTask.lambda$executeRecursively$6(NodeTestTask.java:160) ~[junit-platform-engine-1.11.4.jar:1.11.4]
	at org.junit.platform.engine.support.hierarchical.ThrowableCollector.execute(ThrowableCollector.java:73) ~[junit-platform-engine-1.11.4.jar:1.11.4]
	at org.junit.platform.engine.support.hierarchical.NodeTestTask.lambda$executeRecursively$8(NodeTestTask.java:146) ~[junit-platform-engine-1.11.4.jar:1.11.4]
	at org.junit.platform.engine.support.hierarchical.Node.around(Node.java:137) ~[junit-platform-engine-1.11.4.jar:1.11.4]
	at org.junit.platform.engine.support.hierarchical.NodeTestTask.lambda$executeRecursively$9(NodeTestTask.java:144) ~[junit-platform-engine-1.11.4.jar:1.11.4]
	at org.junit.platform.engine.support.hierarchical.ThrowableCollector.execute(ThrowableCollector.java:73) ~[junit-platform-engine-1.11.4.jar:1.11.4]
	at org.junit.platform.engine.support.hierarchical.NodeTestTask.executeRecursively(NodeTestTask.java:143) ~[junit-platform-engine-1.11.4.jar:1.11.4]
	at org.junit.platform.engine.support.hierarchical.NodeTestTask.execute(NodeTestTask.java:100) ~[junit-platform-engine-1.11.4.jar:1.11.4]
	at org.junit.platform.engine.support.hierarchical.SameThreadHierarchicalTestExecutorService.submit(SameThreadHierarchicalTestExecutorService.java:35) ~[junit-platform-engine-1.11.4.jar:1.11.4]
	at org.junit.platform.engine.support.hierarchical.HierarchicalTestExecutor.execute(HierarchicalTestExecutor.java:57) ~[junit-platform-engine-1.11.4.jar:1.11.4]
	at org.junit.platform.engine.support.hierarchical.HierarchicalTestEngine.execute(HierarchicalTestEngine.java:54) ~[junit-platform-engine-1.11.4.jar:1.11.4]
	at org.junit.platform.launcher.core.EngineExecutionOrchestrator.execute(EngineExecutionOrchestrator.java:198) ~[junit-platform-launcher-1.11.4.jar:1.11.4]
	at org.junit.platform.launcher.core.EngineExecutionOrchestrator.execute(EngineExecutionOrchestrator.java:169) ~[junit-platform-launcher-1.11.4.jar:1.11.4]
	at org.junit.platform.launcher.core.EngineExecutionOrchestrator.execute(EngineExecutionOrchestrator.java:93) ~[junit-platform-launcher-1.11.4.jar:1.11.4]
	at org.junit.platform.launcher.core.EngineExecutionOrchestrator.lambda$execute$0(EngineExecutionOrchestrator.java:58) ~[junit-platform-launcher-1.11.4.jar:1.11.4]
	at org.junit.platform.launcher.core.EngineExecutionOrchestrator.withInterceptedStreams(EngineExecutionOrchestrator.java:141) ~[junit-platform-launcher-1.11.4.jar:1.11.4]
	at org.junit.platform.launcher.core.EngineExecutionOrchestrator.execute(EngineExecutionOrchestrator.java:57) ~[junit-platform-launcher-1.11.4.jar:1.11.4]
	at org.junit.platform.launcher.core.DefaultLauncher.execute(DefaultLauncher.java:103) ~[junit-platform-launcher-1.11.4.jar:1.11.4]
	at org.junit.platform.launcher.core.DefaultLauncher.execute(DefaultLauncher.java:85) ~[junit-platform-launcher-1.11.4.jar:1.11.4]
	at org.junit.platform.launcher.core.DelegatingLauncher.execute(DelegatingLauncher.java:47) ~[junit-platform-launcher-1.11.4.jar:1.11.4]
	at org.apache.maven.surefire.junitplatform.LazyLauncher.execute(LazyLauncher.java:56) ~[surefire-junit-platform-3.5.2.jar:3.5.2]
	at org.apache.maven.surefire.junitplatform.JUnitPlatformProvider.execute(JUnitPlatformProvider.java:184) ~[surefire-junit-platform-3.5.2.jar:3.5.2]
	at org.apache.maven.surefire.junitplatform.JUnitPlatformProvider.invokeAllTests(JUnitPlatformProvider.java:148) ~[surefire-junit-platform-3.5.2.jar:3.5.2]
	at org.apache.maven.surefire.junitplatform.JUnitPlatformProvider.invoke(JUnitPlatformProvider.java:122) ~[surefire-junit-platform-3.5.2.jar:3.5.2]
	at org.apache.maven.surefire.booter.ForkedBooter.runSuitesInProcess(ForkedBooter.java:385) ~[surefire-booter-3.5.2.jar:3.5.2]
	at org.apache.maven.surefire.booter.ForkedBooter.execute(ForkedBooter.java:162) ~[surefire-booter-3.5.2.jar:3.5.2]
	at org.apache.maven.surefire.booter.ForkedBooter.run(ForkedBooter.java:507) ~[surefire-booter-3.5.2.jar:3.5.2]
	at org.apache.maven.surefire.booter.ForkedBooter.main(ForkedBooter.java:495) ~[surefire-booter-3.5.2.jar:3.5.2]

2025-03-14T22:00:36.255-05:00 DEBUG 46911 --- [flight-booking] [           main] cResourceLocalTransactionCoordinatorImpl : JDBC transaction marked for rollback-only (exception provided for stack trace)

java.lang.Exception: exception just for purpose of providing stack trace
	at org.hibernate.resource.transaction.backend.jdbc.internal.JdbcResourceLocalTransactionCoordinatorImpl$TransactionDriverControlImpl.markRollbackOnly(JdbcResourceLocalTransactionCoordinatorImpl.java:309) ~[hibernate-core-6.6.8.Final.jar:6.6.8.Final]
	at org.hibernate.internal.AbstractSharedSessionContract.buildNamedQuery(AbstractSharedSessionContract.java:1141) ~[hibernate-core-6.6.8.Final.jar:6.6.8.Final]
	at org.hibernate.internal.AbstractSharedSessionContract.createNamedQuery(AbstractSharedSessionContract.java:1019) ~[hibernate-core-6.6.8.Final.jar:6.6.8.Final]
	at org.hibernate.internal.AbstractSharedSessionContract.createNamedQuery(AbstractSharedSessionContract.java:143) ~[hibernate-core-6.6.8.Final.jar:6.6.8.Final]
	at java.base/jdk.internal.reflect.DirectMethodHandleAccessor.invoke(DirectMethodHandleAccessor.java:103) ~[na:na]
	at java.base/java.lang.reflect.Method.invoke(Method.java:580) ~[na:na]
	at org.springframework.orm.jpa.ExtendedEntityManagerCreator$ExtendedEntityManagerInvocationHandler.invoke(ExtendedEntityManagerCreator.java:364) ~[spring-orm-6.2.3.jar:6.2.3]
	at jdk.proxy2/jdk.proxy2.$Proxy135.createNamedQuery(Unknown Source) ~[na:na]
	at org.springframework.data.jpa.repository.query.NamedQuery.hasNamedQuery(NamedQuery.java:114) ~[spring-data-jpa-3.4.3.jar:3.4.3]
	at org.springframework.data.jpa.repository.query.NamedQuery.lookupFrom(NamedQuery.java:140) ~[spring-data-jpa-3.4.3.jar:3.4.3]
	at org.springframework.data.jpa.repository.query.JpaQueryLookupStrategy$DeclaredQueryLookupStrategy.resolveQuery(JpaQueryLookupStrategy.java:184) ~[spring-data-jpa-3.4.3.jar:3.4.3]
	at org.springframework.data.jpa.repository.query.JpaQueryLookupStrategy$CreateIfNotFoundQueryLookupStrategy.resolveQuery(JpaQueryLookupStrategy.java:256) ~[spring-data-jpa-3.4.3.jar:3.4.3]
	at org.springframework.data.jpa.repository.query.JpaQueryLookupStrategy$AbstractQueryLookupStrategy.resolveQuery(JpaQueryLookupStrategy.java:99) ~[spring-data-jpa-3.4.3.jar:3.4.3]
	at org.springframework.data.repository.core.support.QueryExecutorMethodInterceptor.lookupQuery(QueryExecutorMethodInterceptor.java:116) ~[spring-data-commons-3.4.3.jar:3.4.3]
	at org.springframework.data.repository.core.support.QueryExecutorMethodInterceptor.mapMethodsToQuery(QueryExecutorMethodInterceptor.java:104) ~[spring-data-commons-3.4.3.jar:3.4.3]
	at org.springframework.data.repository.core.support.QueryExecutorMethodInterceptor.lambda$new$0(QueryExecutorMethodInterceptor.java:92) ~[spring-data-commons-3.4.3.jar:3.4.3]
	at java.base/java.util.Optional.map(Optional.java:260) ~[na:na]
	at org.springframework.data.repository.core.support.QueryExecutorMethodInterceptor.<init>(QueryExecutorMethodInterceptor.java:92) ~[spring-data-commons-3.4.3.jar:3.4.3]
	at org.springframework.data.repository.core.support.RepositoryFactorySupport.getRepository(RepositoryFactorySupport.java:440) ~[spring-data-commons-3.4.3.jar:3.4.3]
	at org.springframework.data.repository.core.support.RepositoryFactoryBeanSupport.lambda$afterPropertiesSet$4(RepositoryFactoryBeanSupport.java:350) ~[spring-data-commons-3.4.3.jar:3.4.3]
	at org.springframework.data.util.Lazy.getNullable(Lazy.java:135) ~[spring-data-commons-3.4.3.jar:3.4.3]
	at org.springframework.data.util.Lazy.get(Lazy.java:113) ~[spring-data-commons-3.4.3.jar:3.4.3]
	at org.springframework.data.repository.core.support.RepositoryFactoryBeanSupport.afterPropertiesSet(RepositoryFactoryBeanSupport.java:356) ~[spring-data-commons-3.4.3.jar:3.4.3]
	at org.springframework.data.jpa.repository.support.JpaRepositoryFactoryBean.afterPropertiesSet(JpaRepositoryFactoryBean.java:132) ~[spring-data-jpa-3.4.3.jar:3.4.3]
	at org.springframework.beans.factory.support.AbstractAutowireCapableBeanFactory.invokeInitMethods(AbstractAutowireCapableBeanFactory.java:1859) ~[spring-beans-6.2.3.jar:6.2.3]
	at org.springframework.beans.factory.support.AbstractAutowireCapableBeanFactory.initializeBean(AbstractAutowireCapableBeanFactory.java:1808) ~[spring-beans-6.2.3.jar:6.2.3]
	at org.springframework.beans.factory.support.AbstractAutowireCapableBeanFactory.doCreateBean(AbstractAutowireCapableBeanFactory.java:601) ~[spring-beans-6.2.3.jar:6.2.3]
	at org.springframework.beans.factory.support.AbstractAutowireCapableBeanFactory.createBean(AbstractAutowireCapableBeanFactory.java:523) ~[spring-beans-6.2.3.jar:6.2.3]
	at org.springframework.beans.factory.support.AbstractBeanFactory.lambda$doGetBean$0(AbstractBeanFactory.java:339) ~[spring-beans-6.2.3.jar:6.2.3]
	at org.springframework.beans.factory.support.DefaultSingletonBeanRegistry.getSingleton(DefaultSingletonBeanRegistry.java:346) ~[spring-beans-6.2.3.jar:6.2.3]
	at org.springframework.beans.factory.support.AbstractBeanFactory.doGetBean(AbstractBeanFactory.java:337) ~[spring-beans-6.2.3.jar:6.2.3]
	at org.springframework.beans.factory.support.AbstractBeanFactory.getBean(AbstractBeanFactory.java:202) ~[spring-beans-6.2.3.jar:6.2.3]
	at org.springframework.beans.factory.support.DefaultListableBeanFactory.doResolveDependency(DefaultListableBeanFactory.java:1606) ~[spring-beans-6.2.3.jar:6.2.3]
	at org.springframework.beans.factory.support.DefaultListableBeanFactory.resolveDependency(DefaultListableBeanFactory.java:1552) ~[spring-beans-6.2.3.jar:6.2.3]
	at org.springframework.beans.factory.support.ConstructorResolver.resolveAutowiredArgument(ConstructorResolver.java:913) ~[spring-beans-6.2.3.jar:6.2.3]
	at org.springframework.beans.factory.support.ConstructorResolver.createArgumentArray(ConstructorResolver.java:791) ~[spring-beans-6.2.3.jar:6.2.3]
	at org.springframework.beans.factory.support.ConstructorResolver.autowireConstructor(ConstructorResolver.java:240) ~[spring-beans-6.2.3.jar:6.2.3]
	at org.springframework.beans.factory.support.AbstractAutowireCapableBeanFactory.autowireConstructor(AbstractAutowireCapableBeanFactory.java:1381) ~[spring-beans-6.2.3.jar:6.2.3]
	at org.springframework.beans.factory.support.AbstractAutowireCapableBeanFactory.createBeanInstance(AbstractAutowireCapableBeanFactory.java:1218) ~[spring-beans-6.2.3.jar:6.2.3]
	at org.springframework.beans.factory.support.AbstractAutowireCapableBeanFactory.doCreateBean(AbstractAutowireCapableBeanFactory.java:563) ~[spring-beans-6.2.3.jar:6.2.3]
	at org.springframework.beans.factory.support.AbstractAutowireCapableBeanFactory.createBean(AbstractAutowireCapableBeanFactory.java:523) ~[spring-beans-6.2.3.jar:6.2.3]
	at org.springframework.beans.factory.support.AbstractBeanFactory.lambda$doGetBean$0(AbstractBeanFactory.java:339) ~[spring-beans-6.2.3.jar:6.2.3]
	at org.springframework.beans.factory.support.DefaultSingletonBeanRegistry.getSingleton(DefaultSingletonBeanRegistry.java:346) ~[spring-beans-6.2.3.jar:6.2.3]
	at org.springframework.beans.factory.support.AbstractBeanFactory.doGetBean(AbstractBeanFactory.java:337) ~[spring-beans-6.2.3.jar:6.2.3]
	at org.springframework.beans.factory.support.AbstractBeanFactory.getBean(AbstractBeanFactory.java:202) ~[spring-beans-6.2.3.jar:6.2.3]
	at org.springframework.beans.factory.support.DefaultListableBeanFactory.doResolveDependency(DefaultListableBeanFactory.java:1606) ~[spring-beans-6.2.3.jar:6.2.3]
	at org.springframework.beans.factory.support.DefaultListableBeanFactory.resolveDependency(DefaultListableBeanFactory.java:1552) ~[spring-beans-6.2.3.jar:6.2.3]
	at org.springframework.beans.factory.support.ConstructorResolver.resolveAutowiredArgument(ConstructorResolver.java:913) ~[spring-beans-6.2.3.jar:6.2.3]
	at org.springframework.beans.factory.support.ConstructorResolver.createArgumentArray(ConstructorResolver.java:791) ~[spring-beans-6.2.3.jar:6.2.3]
	at org.springframework.beans.factory.support.ConstructorResolver.autowireConstructor(ConstructorResolver.java:240) ~[spring-beans-6.2.3.jar:6.2.3]
	at org.springframework.beans.factory.support.AbstractAutowireCapableBeanFactory.autowireConstructor(AbstractAutowireCapableBeanFactory.java:1381) ~[spring-beans-6.2.3.jar:6.2.3]
	at org.springframework.beans.factory.support.AbstractAutowireCapableBeanFactory.createBeanInstance(AbstractAutowireCapableBeanFactory.java:1218) ~[spring-beans-6.2.3.jar:6.2.3]
	at org.springframework.beans.factory.support.AbstractAutowireCapableBeanFactory.doCreateBean(AbstractAutowireCapableBeanFactory.java:563) ~[spring-beans-6.2.3.jar:6.2.3]
	at org.springframework.beans.factory.support.AbstractAutowireCapableBeanFactory.createBean(AbstractAutowireCapableBeanFactory.java:523) ~[spring-beans-6.2.3.jar:6.2.3]
	at org.springframework.beans.factory.support.AbstractBeanFactory.lambda$doGetBean$0(AbstractBeanFactory.java:339) ~[spring-beans-6.2.3.jar:6.2.3]
	at org.springframework.beans.factory.support.DefaultSingletonBeanRegistry.getSingleton(DefaultSingletonBeanRegistry.java:346) ~[spring-beans-6.2.3.jar:6.2.3]
	at org.springframework.beans.factory.support.AbstractBeanFactory.doGetBean(AbstractBeanFactory.java:337) ~[spring-beans-6.2.3.jar:6.2.3]
	at org.springframework.beans.factory.support.AbstractBeanFactory.getBean(AbstractBeanFactory.java:202) ~[spring-beans-6.2.3.jar:6.2.3]
	at org.springframework.beans.factory.support.DefaultListableBeanFactory.instantiateSingleton(DefaultListableBeanFactory.java:1155) ~[spring-beans-6.2.3.jar:6.2.3]
	at org.springframework.beans.factory.support.DefaultListableBeanFactory.preInstantiateSingleton(DefaultListableBeanFactory.java:1121) ~[spring-beans-6.2.3.jar:6.2.3]
	at org.springframework.beans.factory.support.DefaultListableBeanFactory.preInstantiateSingletons(DefaultListableBeanFactory.java:1056) ~[spring-beans-6.2.3.jar:6.2.3]
	at org.springframework.context.support.AbstractApplicationContext.finishBeanFactoryInitialization(AbstractApplicationContext.java:987) ~[spring-context-6.2.3.jar:6.2.3]
	at org.springframework.context.support.AbstractApplicationContext.refresh(AbstractApplicationContext.java:627) ~[spring-context-6.2.3.jar:6.2.3]
	at org.springframework.boot.SpringApplication.refresh(SpringApplication.java:752) ~[spring-boot-3.4.3.jar:3.4.3]
	at org.springframework.boot.SpringApplication.refreshContext(SpringApplication.java:439) ~[spring-boot-3.4.3.jar:3.4.3]
	at org.springframework.boot.SpringApplication.run(SpringApplication.java:318) ~[spring-boot-3.4.3.jar:3.4.3]
	at org.springframework.boot.test.context.SpringBootContextLoader.lambda$loadContext$3(SpringBootContextLoader.java:137) ~[spring-boot-test-3.4.3.jar:3.4.3]
	at org.springframework.util.function.ThrowingSupplier.get(ThrowingSupplier.java:58) ~[spring-core-6.2.3.jar:6.2.3]
	at org.springframework.util.function.ThrowingSupplier.get(ThrowingSupplier.java:46) ~[spring-core-6.2.3.jar:6.2.3]
	at org.springframework.boot.SpringApplication.withHook(SpringApplication.java:1461) ~[spring-boot-3.4.3.jar:3.4.3]
	at org.springframework.boot.test.context.SpringBootContextLoader$ContextLoaderHook.run(SpringBootContextLoader.java:553) ~[spring-boot-test-3.4.3.jar:3.4.3]
	at org.springframework.boot.test.context.SpringBootContextLoader.loadContext(SpringBootContextLoader.java:137) ~[spring-boot-test-3.4.3.jar:3.4.3]
	at org.springframework.boot.test.context.SpringBootContextLoader.loadContext(SpringBootContextLoader.java:108) ~[spring-boot-test-3.4.3.jar:3.4.3]
	at org.springframework.test.context.cache.DefaultCacheAwareContextLoaderDelegate.loadContextInternal(DefaultCacheAwareContextLoaderDelegate.java:225) ~[spring-test-6.2.3.jar:6.2.3]
	at org.springframework.test.context.cache.DefaultCacheAwareContextLoaderDelegate.loadContext(DefaultCacheAwareContextLoaderDelegate.java:152) ~[spring-test-6.2.3.jar:6.2.3]
	at org.springframework.test.context.support.DefaultTestContext.getApplicationContext(DefaultTestContext.java:130) ~[spring-test-6.2.3.jar:6.2.3]
	at org.springframework.test.context.web.ServletTestExecutionListener.setUpRequestContextIfNecessary(ServletTestExecutionListener.java:200) ~[spring-test-6.2.3.jar:6.2.3]
	at org.springframework.test.context.web.ServletTestExecutionListener.prepareTestInstance(ServletTestExecutionListener.java:139) ~[spring-test-6.2.3.jar:6.2.3]
	at org.springframework.test.context.TestContextManager.prepareTestInstance(TestContextManager.java:260) ~[spring-test-6.2.3.jar:6.2.3]
	at org.springframework.test.context.junit.jupiter.SpringExtension.postProcessTestInstance(SpringExtension.java:160) ~[spring-test-6.2.3.jar:6.2.3]
	at org.junit.jupiter.engine.descriptor.ClassBasedTestDescriptor.lambda$invokeTestInstancePostProcessors$11(ClassBasedTestDescriptor.java:378) ~[junit-jupiter-engine-5.11.4.jar:5.11.4]
	at org.junit.jupiter.engine.descriptor.ClassBasedTestDescriptor.executeAndMaskThrowable(ClassBasedTestDescriptor.java:383) ~[junit-jupiter-engine-5.11.4.jar:5.11.4]
	at org.junit.jupiter.engine.descriptor.ClassBasedTestDescriptor.lambda$invokeTestInstancePostProcessors$12(ClassBasedTestDescriptor.java:378) ~[junit-jupiter-engine-5.11.4.jar:5.11.4]
	at java.base/java.util.stream.ForEachOps$ForEachOp$OfRef.accept(ForEachOps.java:184) ~[na:na]
	at java.base/java.util.stream.ReferencePipeline$3$1.accept(ReferencePipeline.java:215) ~[na:na]
	at java.base/java.util.stream.ReferencePipeline$2$1.accept(ReferencePipeline.java:197) ~[na:na]
	at java.base/java.util.stream.ReferencePipeline$3$1.accept(ReferencePipeline.java:215) ~[na:na]
	at java.base/java.util.ArrayList$ArrayListSpliterator.forEachRemaining(ArrayList.java:1709) ~[na:na]
	at java.base/java.util.stream.AbstractPipeline.copyInto(AbstractPipeline.java:570) ~[na:na]
	at java.base/java.util.stream.AbstractPipeline.wrapAndCopyInto(AbstractPipeline.java:560) ~[na:na]
	at java.base/java.util.stream.ForEachOps$ForEachOp.evaluateSequential(ForEachOps.java:151) ~[na:na]
	at java.base/java.util.stream.ForEachOps$ForEachOp$OfRef.evaluateSequential(ForEachOps.java:174) ~[na:na]
	at java.base/java.util.stream.AbstractPipeline.evaluate(AbstractPipeline.java:265) ~[na:na]
	at java.base/java.util.stream.ReferencePipeline.forEach(ReferencePipeline.java:636) ~[na:na]
	at org.junit.jupiter.engine.descriptor.ClassBasedTestDescriptor.invokeTestInstancePostProcessors(ClassBasedTestDescriptor.java:377) ~[junit-jupiter-engine-5.11.4.jar:5.11.4]
	at org.junit.jupiter.engine.descriptor.ClassBasedTestDescriptor.lambda$instantiateAndPostProcessTestInstance$7(ClassBasedTestDescriptor.java:290) ~[junit-jupiter-engine-5.11.4.jar:5.11.4]
	at org.junit.platform.engine.support.hierarchical.ThrowableCollector.execute(ThrowableCollector.java:73) ~[junit-platform-engine-1.11.4.jar:1.11.4]
	at org.junit.jupiter.engine.descriptor.ClassBasedTestDescriptor.instantiateAndPostProcessTestInstance(ClassBasedTestDescriptor.java:289) ~[junit-jupiter-engine-5.11.4.jar:5.11.4]
	at org.junit.jupiter.engine.descriptor.ClassBasedTestDescriptor.lambda$testInstancesProvider$5(ClassBasedTestDescriptor.java:279) ~[junit-jupiter-engine-5.11.4.jar:5.11.4]
	at java.base/java.util.Optional.orElseGet(Optional.java:364) ~[na:na]
	at org.junit.jupiter.engine.descriptor.ClassBasedTestDescriptor.lambda$testInstancesProvider$6(ClassBasedTestDescriptor.java:278) ~[junit-jupiter-engine-5.11.4.jar:5.11.4]
	at org.junit.jupiter.engine.execution.TestInstancesProvider.getTestInstances(TestInstancesProvider.java:31) ~[junit-jupiter-engine-5.11.4.jar:5.11.4]
	at org.junit.jupiter.engine.descriptor.TestMethodTestDescriptor.lambda$prepare$1(TestMethodTestDescriptor.java:105) ~[junit-jupiter-engine-5.11.4.jar:5.11.4]
	at org.junit.platform.engine.support.hierarchical.ThrowableCollector.execute(ThrowableCollector.java:73) ~[junit-platform-engine-1.11.4.jar:1.11.4]
	at org.junit.jupiter.engine.descriptor.TestMethodTestDescriptor.prepare(TestMethodTestDescriptor.java:104) ~[junit-jupiter-engine-5.11.4.jar:5.11.4]
	at org.junit.jupiter.engine.descriptor.TestMethodTestDescriptor.prepare(TestMethodTestDescriptor.java:68) ~[junit-jupiter-engine-5.11.4.jar:5.11.4]
	at org.junit.platform.engine.support.hierarchical.NodeTestTask.lambda$prepare$2(NodeTestTask.java:128) ~[junit-platform-engine-1.11.4.jar:1.11.4]
	at org.junit.platform.engine.support.hierarchical.ThrowableCollector.execute(ThrowableCollector.java:73) ~[junit-platform-engine-1.11.4.jar:1.11.4]
	at org.junit.platform.engine.support.hierarchical.NodeTestTask.prepare(NodeTestTask.java:128) ~[junit-platform-engine-1.11.4.jar:1.11.4]
	at org.junit.platform.engine.support.hierarchical.NodeTestTask.execute(NodeTestTask.java:95) ~[junit-platform-engine-1.11.4.jar:1.11.4]
	at java.base/java.util.ArrayList.forEach(ArrayList.java:1597) ~[na:na]
	at org.junit.platform.engine.support.hierarchical.SameThreadHierarchicalTestExecutorService.invokeAll(SameThreadHierarchicalTestExecutorService.java:41) ~[junit-platform-engine-1.11.4.jar:1.11.4]
	at org.junit.platform.engine.support.hierarchical.NodeTestTask.lambda$executeRecursively$6(NodeTestTask.java:160) ~[junit-platform-engine-1.11.4.jar:1.11.4]
	at org.junit.platform.engine.support.hierarchical.ThrowableCollector.execute(ThrowableCollector.java:73) ~[junit-platform-engine-1.11.4.jar:1.11.4]
	at org.junit.platform.engine.support.hierarchical.NodeTestTask.lambda$executeRecursively$8(NodeTestTask.java:146) ~[junit-platform-engine-1.11.4.jar:1.11.4]
	at org.junit.platform.engine.support.hierarchical.Node.around(Node.java:137) ~[junit-platform-engine-1.11.4.jar:1.11.4]
	at org.junit.platform.engine.support.hierarchical.NodeTestTask.lambda$executeRecursively$9(NodeTestTask.java:144) ~[junit-platform-engine-1.11.4.jar:1.11.4]
	at org.junit.platform.engine.support.hierarchical.ThrowableCollector.execute(ThrowableCollector.java:73) ~[junit-platform-engine-1.11.4.jar:1.11.4]
	at org.junit.platform.engine.support.hierarchical.NodeTestTask.executeRecursively(NodeTestTask.java:143) ~[junit-platform-engine-1.11.4.jar:1.11.4]
	at org.junit.platform.engine.support.hierarchical.NodeTestTask.execute(NodeTestTask.java:100) ~[junit-platform-engine-1.11.4.jar:1.11.4]
	at java.base/java.util.ArrayList.forEach(ArrayList.java:1597) ~[na:na]
	at org.junit.platform.engine.support.hierarchical.SameThreadHierarchicalTestExecutorService.invokeAll(SameThreadHierarchicalTestExecutorService.java:41) ~[junit-platform-engine-1.11.4.jar:1.11.4]
	at org.junit.platform.engine.support.hierarchical.NodeTestTask.lambda$executeRecursively$6(NodeTestTask.java:160) ~[junit-platform-engine-1.11.4.jar:1.11.4]
	at org.junit.platform.engine.support.hierarchical.ThrowableCollector.execute(ThrowableCollector.java:73) ~[junit-platform-engine-1.11.4.jar:1.11.4]
	at org.junit.platform.engine.support.hierarchical.NodeTestTask.lambda$executeRecursively$8(NodeTestTask.java:146) ~[junit-platform-engine-1.11.4.jar:1.11.4]
	at org.junit.platform.engine.support.hierarchical.Node.around(Node.java:137) ~[junit-platform-engine-1.11.4.jar:1.11.4]
	at org.junit.platform.engine.support.hierarchical.NodeTestTask.lambda$executeRecursively$9(NodeTestTask.java:144) ~[junit-platform-engine-1.11.4.jar:1.11.4]
	at org.junit.platform.engine.support.hierarchical.ThrowableCollector.execute(ThrowableCollector.java:73) ~[junit-platform-engine-1.11.4.jar:1.11.4]
	at org.junit.platform.engine.support.hierarchical.NodeTestTask.executeRecursively(NodeTestTask.java:143) ~[junit-platform-engine-1.11.4.jar:1.11.4]
	at org.junit.platform.engine.support.hierarchical.NodeTestTask.execute(NodeTestTask.java:100) ~[junit-platform-engine-1.11.4.jar:1.11.4]
	at org.junit.platform.engine.support.hierarchical.SameThreadHierarchicalTestExecutorService.submit(SameThreadHierarchicalTestExecutorService.java:35) ~[junit-platform-engine-1.11.4.jar:1.11.4]
	at org.junit.platform.engine.support.hierarchical.HierarchicalTestExecutor.execute(HierarchicalTestExecutor.java:57) ~[junit-platform-engine-1.11.4.jar:1.11.4]
	at org.junit.platform.engine.support.hierarchical.HierarchicalTestEngine.execute(HierarchicalTestEngine.java:54) ~[junit-platform-engine-1.11.4.jar:1.11.4]
	at org.junit.platform.launcher.core.EngineExecutionOrchestrator.execute(EngineExecutionOrchestrator.java:198) ~[junit-platform-launcher-1.11.4.jar:1.11.4]
	at org.junit.platform.launcher.core.EngineExecutionOrchestrator.execute(EngineExecutionOrchestrator.java:169) ~[junit-platform-launcher-1.11.4.jar:1.11.4]
	at org.junit.platform.launcher.core.EngineExecutionOrchestrator.execute(EngineExecutionOrchestrator.java:93) ~[junit-platform-launcher-1.11.4.jar:1.11.4]
	at org.junit.platform.launcher.core.EngineExecutionOrchestrator.lambda$execute$0(EngineExecutionOrchestrator.java:58) ~[junit-platform-launcher-1.11.4.jar:1.11.4]
	at org.junit.platform.launcher.core.EngineExecutionOrchestrator.withInterceptedStreams(EngineExecutionOrchestrator.java:141) ~[junit-platform-launcher-1.11.4.jar:1.11.4]
	at org.junit.platform.launcher.core.EngineExecutionOrchestrator.execute(EngineExecutionOrchestrator.java:57) ~[junit-platform-launcher-1.11.4.jar:1.11.4]
	at org.junit.platform.launcher.core.DefaultLauncher.execute(DefaultLauncher.java:103) ~[junit-platform-launcher-1.11.4.jar:1.11.4]
	at org.junit.platform.launcher.core.DefaultLauncher.execute(DefaultLauncher.java:85) ~[junit-platform-launcher-1.11.4.jar:1.11.4]
	at org.junit.platform.launcher.core.DelegatingLauncher.execute(DelegatingLauncher.java:47) ~[junit-platform-launcher-1.11.4.jar:1.11.4]
	at org.apache.maven.surefire.junitplatform.LazyLauncher.execute(LazyLauncher.java:56) ~[surefire-junit-platform-3.5.2.jar:3.5.2]
	at org.apache.maven.surefire.junitplatform.JUnitPlatformProvider.execute(JUnitPlatformProvider.java:184) ~[surefire-junit-platform-3.5.2.jar:3.5.2]
	at org.apache.maven.surefire.junitplatform.JUnitPlatformProvider.invokeAllTests(JUnitPlatformProvider.java:148) ~[surefire-junit-platform-3.5.2.jar:3.5.2]
	at org.apache.maven.surefire.junitplatform.JUnitPlatformProvider.invoke(JUnitPlatformProvider.java:122) ~[surefire-junit-platform-3.5.2.jar:3.5.2]
	at org.apache.maven.surefire.booter.ForkedBooter.runSuitesInProcess(ForkedBooter.java:385) ~[surefire-booter-3.5.2.jar:3.5.2]
	at org.apache.maven.surefire.booter.ForkedBooter.execute(ForkedBooter.java:162) ~[surefire-booter-3.5.2.jar:3.5.2]
	at org.apache.maven.surefire.booter.ForkedBooter.run(ForkedBooter.java:507) ~[surefire-booter-3.5.2.jar:3.5.2]
	at org.apache.maven.surefire.booter.ForkedBooter.main(ForkedBooter.java:495) ~[surefire-booter-3.5.2.jar:3.5.2]

2025-03-14T22:00:36.289-05:00 DEBUG 46911 --- [flight-booking] [           main] cResourceLocalTransactionCoordinatorImpl : JDBC transaction marked for rollback-only (exception provided for stack trace)

java.lang.Exception: exception just for purpose of providing stack trace
	at org.hibernate.resource.transaction.backend.jdbc.internal.JdbcResourceLocalTransactionCoordinatorImpl$TransactionDriverControlImpl.markRollbackOnly(JdbcResourceLocalTransactionCoordinatorImpl.java:309) ~[hibernate-core-6.6.8.Final.jar:6.6.8.Final]
	at org.hibernate.internal.AbstractSharedSessionContract.buildNamedQuery(AbstractSharedSessionContract.java:1141) ~[hibernate-core-6.6.8.Final.jar:6.6.8.Final]
	at org.hibernate.internal.AbstractSharedSessionContract.createNamedQuery(AbstractSharedSessionContract.java:1019) ~[hibernate-core-6.6.8.Final.jar:6.6.8.Final]
	at org.hibernate.internal.AbstractSharedSessionContract.createNamedQuery(AbstractSharedSessionContract.java:143) ~[hibernate-core-6.6.8.Final.jar:6.6.8.Final]
	at java.base/jdk.internal.reflect.DirectMethodHandleAccessor.invoke(DirectMethodHandleAccessor.java:103) ~[na:na]
	at java.base/java.lang.reflect.Method.invoke(Method.java:580) ~[na:na]
	at org.springframework.orm.jpa.ExtendedEntityManagerCreator$ExtendedEntityManagerInvocationHandler.invoke(ExtendedEntityManagerCreator.java:364) ~[spring-orm-6.2.3.jar:6.2.3]
	at jdk.proxy2/jdk.proxy2.$Proxy135.createNamedQuery(Unknown Source) ~[na:na]
	at org.springframework.data.jpa.repository.query.NamedQuery.hasNamedQuery(NamedQuery.java:114) ~[spring-data-jpa-3.4.3.jar:3.4.3]
	at org.springframework.data.jpa.repository.query.NamedQuery.lookupFrom(NamedQuery.java:140) ~[spring-data-jpa-3.4.3.jar:3.4.3]
	at org.springframework.data.jpa.repository.query.JpaQueryLookupStrategy$DeclaredQueryLookupStrategy.resolveQuery(JpaQueryLookupStrategy.java:184) ~[spring-data-jpa-3.4.3.jar:3.4.3]
	at org.springframework.data.jpa.repository.query.JpaQueryLookupStrategy$CreateIfNotFoundQueryLookupStrategy.resolveQuery(JpaQueryLookupStrategy.java:256) ~[spring-data-jpa-3.4.3.jar:3.4.3]
	at org.springframework.data.jpa.repository.query.JpaQueryLookupStrategy$AbstractQueryLookupStrategy.resolveQuery(JpaQueryLookupStrategy.java:99) ~[spring-data-jpa-3.4.3.jar:3.4.3]
	at org.springframework.data.repository.core.support.QueryExecutorMethodInterceptor.lookupQuery(QueryExecutorMethodInterceptor.java:116) ~[spring-data-commons-3.4.3.jar:3.4.3]
	at org.springframework.data.repository.core.support.QueryExecutorMethodInterceptor.mapMethodsToQuery(QueryExecutorMethodInterceptor.java:104) ~[spring-data-commons-3.4.3.jar:3.4.3]
	at org.springframework.data.repository.core.support.QueryExecutorMethodInterceptor.lambda$new$0(QueryExecutorMethodInterceptor.java:92) ~[spring-data-commons-3.4.3.jar:3.4.3]
	at java.base/java.util.Optional.map(Optional.java:260) ~[na:na]
	at org.springframework.data.repository.core.support.QueryExecutorMethodInterceptor.<init>(QueryExecutorMethodInterceptor.java:92) ~[spring-data-commons-3.4.3.jar:3.4.3]
	at org.springframework.data.repository.core.support.RepositoryFactorySupport.getRepository(RepositoryFactorySupport.java:440) ~[spring-data-commons-3.4.3.jar:3.4.3]
	at org.springframework.data.repository.core.support.RepositoryFactoryBeanSupport.lambda$afterPropertiesSet$4(RepositoryFactoryBeanSupport.java:350) ~[spring-data-commons-3.4.3.jar:3.4.3]
	at org.springframework.data.util.Lazy.getNullable(Lazy.java:135) ~[spring-data-commons-3.4.3.jar:3.4.3]
	at org.springframework.data.util.Lazy.get(Lazy.java:113) ~[spring-data-commons-3.4.3.jar:3.4.3]
	at org.springframework.data.repository.core.support.RepositoryFactoryBeanSupport.afterPropertiesSet(RepositoryFactoryBeanSupport.java:356) ~[spring-data-commons-3.4.3.jar:3.4.3]
	at org.springframework.data.jpa.repository.support.JpaRepositoryFactoryBean.afterPropertiesSet(JpaRepositoryFactoryBean.java:132) ~[spring-data-jpa-3.4.3.jar:3.4.3]
	at org.springframework.beans.factory.support.AbstractAutowireCapableBeanFactory.invokeInitMethods(AbstractAutowireCapableBeanFactory.java:1859) ~[spring-beans-6.2.3.jar:6.2.3]
	at org.springframework.beans.factory.support.AbstractAutowireCapableBeanFactory.initializeBean(AbstractAutowireCapableBeanFactory.java:1808) ~[spring-beans-6.2.3.jar:6.2.3]
	at org.springframework.beans.factory.support.AbstractAutowireCapableBeanFactory.doCreateBean(AbstractAutowireCapableBeanFactory.java:601) ~[spring-beans-6.2.3.jar:6.2.3]
	at org.springframework.beans.factory.support.AbstractAutowireCapableBeanFactory.createBean(AbstractAutowireCapableBeanFactory.java:523) ~[spring-beans-6.2.3.jar:6.2.3]
	at org.springframework.beans.factory.support.AbstractBeanFactory.lambda$doGetBean$0(AbstractBeanFactory.java:339) ~[spring-beans-6.2.3.jar:6.2.3]
	at org.springframework.beans.factory.support.DefaultSingletonBeanRegistry.getSingleton(DefaultSingletonBeanRegistry.java:346) ~[spring-beans-6.2.3.jar:6.2.3]
	at org.springframework.beans.factory.support.AbstractBeanFactory.doGetBean(AbstractBeanFactory.java:337) ~[spring-beans-6.2.3.jar:6.2.3]
	at org.springframework.beans.factory.support.AbstractBeanFactory.getBean(AbstractBeanFactory.java:202) ~[spring-beans-6.2.3.jar:6.2.3]
	at org.springframework.beans.factory.support.DefaultListableBeanFactory.doResolveDependency(DefaultListableBeanFactory.java:1606) ~[spring-beans-6.2.3.jar:6.2.3]
	at org.springframework.beans.factory.support.DefaultListableBeanFactory.resolveDependency(DefaultListableBeanFactory.java:1552) ~[spring-beans-6.2.3.jar:6.2.3]
	at org.springframework.beans.factory.support.ConstructorResolver.resolveAutowiredArgument(ConstructorResolver.java:913) ~[spring-beans-6.2.3.jar:6.2.3]
	at org.springframework.beans.factory.support.ConstructorResolver.createArgumentArray(ConstructorResolver.java:791) ~[spring-beans-6.2.3.jar:6.2.3]
	at org.springframework.beans.factory.support.ConstructorResolver.autowireConstructor(ConstructorResolver.java:240) ~[spring-beans-6.2.3.jar:6.2.3]
	at org.springframework.beans.factory.support.AbstractAutowireCapableBeanFactory.autowireConstructor(AbstractAutowireCapableBeanFactory.java:1381) ~[spring-beans-6.2.3.jar:6.2.3]
	at org.springframework.beans.factory.support.AbstractAutowireCapableBeanFactory.createBeanInstance(AbstractAutowireCapableBeanFactory.java:1218) ~[spring-beans-6.2.3.jar:6.2.3]
	at org.springframework.beans.factory.support.AbstractAutowireCapableBeanFactory.doCreateBean(AbstractAutowireCapableBeanFactory.java:563) ~[spring-beans-6.2.3.jar:6.2.3]
	at org.springframework.beans.factory.support.AbstractAutowireCapableBeanFactory.createBean(AbstractAutowireCapableBeanFactory.java:523) ~[spring-beans-6.2.3.jar:6.2.3]
	at org.springframework.beans.factory.support.AbstractBeanFactory.lambda$doGetBean$0(AbstractBeanFactory.java:339) ~[spring-beans-6.2.3.jar:6.2.3]
	at org.springframework.beans.factory.support.DefaultSingletonBeanRegistry.getSingleton(DefaultSingletonBeanRegistry.java:346) ~[spring-beans-6.2.3.jar:6.2.3]
	at org.springframework.beans.factory.support.AbstractBeanFactory.doGetBean(AbstractBeanFactory.java:337) ~[spring-beans-6.2.3.jar:6.2.3]
	at org.springframework.beans.factory.support.AbstractBeanFactory.getBean(AbstractBeanFactory.java:202) ~[spring-beans-6.2.3.jar:6.2.3]
	at org.springframework.beans.factory.support.DefaultListableBeanFactory.instantiateSingleton(DefaultListableBeanFactory.java:1155) ~[spring-beans-6.2.3.jar:6.2.3]
	at org.springframework.beans.factory.support.DefaultListableBeanFactory.preInstantiateSingleton(DefaultListableBeanFactory.java:1121) ~[spring-beans-6.2.3.jar:6.2.3]
	at org.springframework.beans.factory.support.DefaultListableBeanFactory.preInstantiateSingletons(DefaultListableBeanFactory.java:1056) ~[spring-beans-6.2.3.jar:6.2.3]
	at org.springframework.context.support.AbstractApplicationContext.finishBeanFactoryInitialization(AbstractApplicationContext.java:987) ~[spring-context-6.2.3.jar:6.2.3]
	at org.springframework.context.support.AbstractApplicationContext.refresh(AbstractApplicationContext.java:627) ~[spring-context-6.2.3.jar:6.2.3]
	at org.springframework.boot.SpringApplication.refresh(SpringApplication.java:752) ~[spring-boot-3.4.3.jar:3.4.3]
	at org.springframework.boot.SpringApplication.refreshContext(SpringApplication.java:439) ~[spring-boot-3.4.3.jar:3.4.3]
	at org.springframework.boot.SpringApplication.run(SpringApplication.java:318) ~[spring-boot-3.4.3.jar:3.4.3]
	at org.springframework.boot.test.context.SpringBootContextLoader.lambda$loadContext$3(SpringBootContextLoader.java:137) ~[spring-boot-test-3.4.3.jar:3.4.3]
	at org.springframework.util.function.ThrowingSupplier.get(ThrowingSupplier.java:58) ~[spring-core-6.2.3.jar:6.2.3]
	at org.springframework.util.function.ThrowingSupplier.get(ThrowingSupplier.java:46) ~[spring-core-6.2.3.jar:6.2.3]
	at org.springframework.boot.SpringApplication.withHook(SpringApplication.java:1461) ~[spring-boot-3.4.3.jar:3.4.3]
	at org.springframework.boot.test.context.SpringBootContextLoader$ContextLoaderHook.run(SpringBootContextLoader.java:553) ~[spring-boot-test-3.4.3.jar:3.4.3]
	at org.springframework.boot.test.context.SpringBootContextLoader.loadContext(SpringBootContextLoader.java:137) ~[spring-boot-test-3.4.3.jar:3.4.3]
	at org.springframework.boot.test.context.SpringBootContextLoader.loadContext(SpringBootContextLoader.java:108) ~[spring-boot-test-3.4.3.jar:3.4.3]
	at org.springframework.test.context.cache.DefaultCacheAwareContextLoaderDelegate.loadContextInternal(DefaultCacheAwareContextLoaderDelegate.java:225) ~[spring-test-6.2.3.jar:6.2.3]
	at org.springframework.test.context.cache.DefaultCacheAwareContextLoaderDelegate.loadContext(DefaultCacheAwareContextLoaderDelegate.java:152) ~[spring-test-6.2.3.jar:6.2.3]
	at org.springframework.test.context.support.DefaultTestContext.getApplicationContext(DefaultTestContext.java:130) ~[spring-test-6.2.3.jar:6.2.3]
	at org.springframework.test.context.web.ServletTestExecutionListener.setUpRequestContextIfNecessary(ServletTestExecutionListener.java:200) ~[spring-test-6.2.3.jar:6.2.3]
	at org.springframework.test.context.web.ServletTestExecutionListener.prepareTestInstance(ServletTestExecutionListener.java:139) ~[spring-test-6.2.3.jar:6.2.3]
	at org.springframework.test.context.TestContextManager.prepareTestInstance(TestContextManager.java:260) ~[spring-test-6.2.3.jar:6.2.3]
	at org.springframework.test.context.junit.jupiter.SpringExtension.postProcessTestInstance(SpringExtension.java:160) ~[spring-test-6.2.3.jar:6.2.3]
	at org.junit.jupiter.engine.descriptor.ClassBasedTestDescriptor.lambda$invokeTestInstancePostProcessors$11(ClassBasedTestDescriptor.java:378) ~[junit-jupiter-engine-5.11.4.jar:5.11.4]
	at org.junit.jupiter.engine.descriptor.ClassBasedTestDescriptor.executeAndMaskThrowable(ClassBasedTestDescriptor.java:383) ~[junit-jupiter-engine-5.11.4.jar:5.11.4]
	at org.junit.jupiter.engine.descriptor.ClassBasedTestDescriptor.lambda$invokeTestInstancePostProcessors$12(ClassBasedTestDescriptor.java:378) ~[junit-jupiter-engine-5.11.4.jar:5.11.4]
	at java.base/java.util.stream.ForEachOps$ForEachOp$OfRef.accept(ForEachOps.java:184) ~[na:na]
	at java.base/java.util.stream.ReferencePipeline$3$1.accept(ReferencePipeline.java:215) ~[na:na]
	at java.base/java.util.stream.ReferencePipeline$2$1.accept(ReferencePipeline.java:197) ~[na:na]
	at java.base/java.util.stream.ReferencePipeline$3$1.accept(ReferencePipeline.java:215) ~[na:na]
	at java.base/java.util.ArrayList$ArrayListSpliterator.forEachRemaining(ArrayList.java:1709) ~[na:na]
	at java.base/java.util.stream.AbstractPipeline.copyInto(AbstractPipeline.java:570) ~[na:na]
	at java.base/java.util.stream.AbstractPipeline.wrapAndCopyInto(AbstractPipeline.java:560) ~[na:na]
	at java.base/java.util.stream.ForEachOps$ForEachOp.evaluateSequential(ForEachOps.java:151) ~[na:na]
	at java.base/java.util.stream.ForEachOps$ForEachOp$OfRef.evaluateSequential(ForEachOps.java:174) ~[na:na]
	at java.base/java.util.stream.AbstractPipeline.evaluate(AbstractPipeline.java:265) ~[na:na]
	at java.base/java.util.stream.ReferencePipeline.forEach(ReferencePipeline.java:636) ~[na:na]
	at org.junit.jupiter.engine.descriptor.ClassBasedTestDescriptor.invokeTestInstancePostProcessors(ClassBasedTestDescriptor.java:377) ~[junit-jupiter-engine-5.11.4.jar:5.11.4]
	at org.junit.jupiter.engine.descriptor.ClassBasedTestDescriptor.lambda$instantiateAndPostProcessTestInstance$7(ClassBasedTestDescriptor.java:290) ~[junit-jupiter-engine-5.11.4.jar:5.11.4]
	at org.junit.platform.engine.support.hierarchical.ThrowableCollector.execute(ThrowableCollector.java:73) ~[junit-platform-engine-1.11.4.jar:1.11.4]
	at org.junit.jupiter.engine.descriptor.ClassBasedTestDescriptor.instantiateAndPostProcessTestInstance(ClassBasedTestDescriptor.java:289) ~[junit-jupiter-engine-5.11.4.jar:5.11.4]
	at org.junit.jupiter.engine.descriptor.ClassBasedTestDescriptor.lambda$testInstancesProvider$5(ClassBasedTestDescriptor.java:279) ~[junit-jupiter-engine-5.11.4.jar:5.11.4]
	at java.base/java.util.Optional.orElseGet(Optional.java:364) ~[na:na]
	at org.junit.jupiter.engine.descriptor.ClassBasedTestDescriptor.lambda$testInstancesProvider$6(ClassBasedTestDescriptor.java:278) ~[junit-jupiter-engine-5.11.4.jar:5.11.4]
	at org.junit.jupiter.engine.execution.TestInstancesProvider.getTestInstances(TestInstancesProvider.java:31) ~[junit-jupiter-engine-5.11.4.jar:5.11.4]
	at org.junit.jupiter.engine.descriptor.TestMethodTestDescriptor.lambda$prepare$1(TestMethodTestDescriptor.java:105) ~[junit-jupiter-engine-5.11.4.jar:5.11.4]
	at org.junit.platform.engine.support.hierarchical.ThrowableCollector.execute(ThrowableCollector.java:73) ~[junit-platform-engine-1.11.4.jar:1.11.4]
	at org.junit.jupiter.engine.descriptor.TestMethodTestDescriptor.prepare(TestMethodTestDescriptor.java:104) ~[junit-jupiter-engine-5.11.4.jar:5.11.4]
	at org.junit.jupiter.engine.descriptor.TestMethodTestDescriptor.prepare(TestMethodTestDescriptor.java:68) ~[junit-jupiter-engine-5.11.4.jar:5.11.4]
	at org.junit.platform.engine.support.hierarchical.NodeTestTask.lambda$prepare$2(NodeTestTask.java:128) ~[junit-platform-engine-1.11.4.jar:1.11.4]
	at org.junit.platform.engine.support.hierarchical.ThrowableCollector.execute(ThrowableCollector.java:73) ~[junit-platform-engine-1.11.4.jar:1.11.4]
	at org.junit.platform.engine.support.hierarchical.NodeTestTask.prepare(NodeTestTask.java:128) ~[junit-platform-engine-1.11.4.jar:1.11.4]
	at org.junit.platform.engine.support.hierarchical.NodeTestTask.execute(NodeTestTask.java:95) ~[junit-platform-engine-1.11.4.jar:1.11.4]
	at java.base/java.util.ArrayList.forEach(ArrayList.java:1597) ~[na:na]
	at org.junit.platform.engine.support.hierarchical.SameThreadHierarchicalTestExecutorService.invokeAll(SameThreadHierarchicalTestExecutorService.java:41) ~[junit-platform-engine-1.11.4.jar:1.11.4]
	at org.junit.platform.engine.support.hierarchical.NodeTestTask.lambda$executeRecursively$6(NodeTestTask.java:160) ~[junit-platform-engine-1.11.4.jar:1.11.4]
	at org.junit.platform.engine.support.hierarchical.ThrowableCollector.execute(ThrowableCollector.java:73) ~[junit-platform-engine-1.11.4.jar:1.11.4]
	at org.junit.platform.engine.support.hierarchical.NodeTestTask.lambda$executeRecursively$8(NodeTestTask.java:146) ~[junit-platform-engine-1.11.4.jar:1.11.4]
	at org.junit.platform.engine.support.hierarchical.Node.around(Node.java:137) ~[junit-platform-engine-1.11.4.jar:1.11.4]
	at org.junit.platform.engine.support.hierarchical.NodeTestTask.lambda$executeRecursively$9(NodeTestTask.java:144) ~[junit-platform-engine-1.11.4.jar:1.11.4]
	at org.junit.platform.engine.support.hierarchical.ThrowableCollector.execute(ThrowableCollector.java:73) ~[junit-platform-engine-1.11.4.jar:1.11.4]
	at org.junit.platform.engine.support.hierarchical.NodeTestTask.executeRecursively(NodeTestTask.java:143) ~[junit-platform-engine-1.11.4.jar:1.11.4]
	at org.junit.platform.engine.support.hierarchical.NodeTestTask.execute(NodeTestTask.java:100) ~[junit-platform-engine-1.11.4.jar:1.11.4]
	at java.base/java.util.ArrayList.forEach(ArrayList.java:1597) ~[na:na]
	at org.junit.platform.engine.support.hierarchical.SameThreadHierarchicalTestExecutorService.invokeAll(SameThreadHierarchicalTestExecutorService.java:41) ~[junit-platform-engine-1.11.4.jar:1.11.4]
	at org.junit.platform.engine.support.hierarchical.NodeTestTask.lambda$executeRecursively$6(NodeTestTask.java:160) ~[junit-platform-engine-1.11.4.jar:1.11.4]
	at org.junit.platform.engine.support.hierarchical.ThrowableCollector.execute(ThrowableCollector.java:73) ~[junit-platform-engine-1.11.4.jar:1.11.4]
	at org.junit.platform.engine.support.hierarchical.NodeTestTask.lambda$executeRecursively$8(NodeTestTask.java:146) ~[junit-platform-engine-1.11.4.jar:1.11.4]
	at org.junit.platform.engine.support.hierarchical.Node.around(Node.java:137) ~[junit-platform-engine-1.11.4.jar:1.11.4]
	at org.junit.platform.engine.support.hierarchical.NodeTestTask.lambda$executeRecursively$9(NodeTestTask.java:144) ~[junit-platform-engine-1.11.4.jar:1.11.4]
	at org.junit.platform.engine.support.hierarchical.ThrowableCollector.execute(ThrowableCollector.java:73) ~[junit-platform-engine-1.11.4.jar:1.11.4]
	at org.junit.platform.engine.support.hierarchical.NodeTestTask.executeRecursively(NodeTestTask.java:143) ~[junit-platform-engine-1.11.4.jar:1.11.4]
	at org.junit.platform.engine.support.hierarchical.NodeTestTask.execute(NodeTestTask.java:100) ~[junit-platform-engine-1.11.4.jar:1.11.4]
	at org.junit.platform.engine.support.hierarchical.SameThreadHierarchicalTestExecutorService.submit(SameThreadHierarchicalTestExecutorService.java:35) ~[junit-platform-engine-1.11.4.jar:1.11.4]
	at org.junit.platform.engine.support.hierarchical.HierarchicalTestExecutor.execute(HierarchicalTestExecutor.java:57) ~[junit-platform-engine-1.11.4.jar:1.11.4]
	at org.junit.platform.engine.support.hierarchical.HierarchicalTestEngine.execute(HierarchicalTestEngine.java:54) ~[junit-platform-engine-1.11.4.jar:1.11.4]
	at org.junit.platform.launcher.core.EngineExecutionOrchestrator.execute(EngineExecutionOrchestrator.java:198) ~[junit-platform-launcher-1.11.4.jar:1.11.4]
	at org.junit.platform.launcher.core.EngineExecutionOrchestrator.execute(EngineExecutionOrchestrator.java:169) ~[junit-platform-launcher-1.11.4.jar:1.11.4]
	at org.junit.platform.launcher.core.EngineExecutionOrchestrator.execute(EngineExecutionOrchestrator.java:93) ~[junit-platform-launcher-1.11.4.jar:1.11.4]
	at org.junit.platform.launcher.core.EngineExecutionOrchestrator.lambda$execute$0(EngineExecutionOrchestrator.java:58) ~[junit-platform-launcher-1.11.4.jar:1.11.4]
	at org.junit.platform.launcher.core.EngineExecutionOrchestrator.withInterceptedStreams(EngineExecutionOrchestrator.java:141) ~[junit-platform-launcher-1.11.4.jar:1.11.4]
	at org.junit.platform.launcher.core.EngineExecutionOrchestrator.execute(EngineExecutionOrchestrator.java:57) ~[junit-platform-launcher-1.11.4.jar:1.11.4]
	at org.junit.platform.launcher.core.DefaultLauncher.execute(DefaultLauncher.java:103) ~[junit-platform-launcher-1.11.4.jar:1.11.4]
	at org.junit.platform.launcher.core.DefaultLauncher.execute(DefaultLauncher.java:85) ~[junit-platform-launcher-1.11.4.jar:1.11.4]
	at org.junit.platform.launcher.core.DelegatingLauncher.execute(DelegatingLauncher.java:47) ~[junit-platform-launcher-1.11.4.jar:1.11.4]
	at org.apache.maven.surefire.junitplatform.LazyLauncher.execute(LazyLauncher.java:56) ~[surefire-junit-platform-3.5.2.jar:3.5.2]
	at org.apache.maven.surefire.junitplatform.JUnitPlatformProvider.execute(JUnitPlatformProvider.java:184) ~[surefire-junit-platform-3.5.2.jar:3.5.2]
	at org.apache.maven.surefire.junitplatform.JUnitPlatformProvider.invokeAllTests(JUnitPlatformProvider.java:148) ~[surefire-junit-platform-3.5.2.jar:3.5.2]
	at org.apache.maven.surefire.junitplatform.JUnitPlatformProvider.invoke(JUnitPlatformProvider.java:122) ~[surefire-junit-platform-3.5.2.jar:3.5.2]
	at org.apache.maven.surefire.booter.ForkedBooter.runSuitesInProcess(ForkedBooter.java:385) ~[surefire-booter-3.5.2.jar:3.5.2]
	at org.apache.maven.surefire.booter.ForkedBooter.execute(ForkedBooter.java:162) ~[surefire-booter-3.5.2.jar:3.5.2]
	at org.apache.maven.surefire.booter.ForkedBooter.run(ForkedBooter.java:507) ~[surefire-booter-3.5.2.jar:3.5.2]
	at org.apache.maven.surefire.booter.ForkedBooter.main(ForkedBooter.java:495) ~[surefire-booter-3.5.2.jar:3.5.2]

2025-03-14T22:00:36.318-05:00 DEBUG 46911 --- [flight-booking] [           main] cResourceLocalTransactionCoordinatorImpl : JDBC transaction marked for rollback-only (exception provided for stack trace)

java.lang.Exception: exception just for purpose of providing stack trace
	at org.hibernate.resource.transaction.backend.jdbc.internal.JdbcResourceLocalTransactionCoordinatorImpl$TransactionDriverControlImpl.markRollbackOnly(JdbcResourceLocalTransactionCoordinatorImpl.java:309) ~[hibernate-core-6.6.8.Final.jar:6.6.8.Final]
	at org.hibernate.internal.AbstractSharedSessionContract.buildNamedQuery(AbstractSharedSessionContract.java:1141) ~[hibernate-core-6.6.8.Final.jar:6.6.8.Final]
	at org.hibernate.internal.AbstractSharedSessionContract.createNamedQuery(AbstractSharedSessionContract.java:1019) ~[hibernate-core-6.6.8.Final.jar:6.6.8.Final]
	at org.hibernate.internal.AbstractSharedSessionContract.createNamedQuery(AbstractSharedSessionContract.java:143) ~[hibernate-core-6.6.8.Final.jar:6.6.8.Final]
	at java.base/jdk.internal.reflect.DirectMethodHandleAccessor.invoke(DirectMethodHandleAccessor.java:103) ~[na:na]
	at java.base/java.lang.reflect.Method.invoke(Method.java:580) ~[na:na]
	at org.springframework.orm.jpa.ExtendedEntityManagerCreator$ExtendedEntityManagerInvocationHandler.invoke(ExtendedEntityManagerCreator.java:364) ~[spring-orm-6.2.3.jar:6.2.3]
	at jdk.proxy2/jdk.proxy2.$Proxy135.createNamedQuery(Unknown Source) ~[na:na]
	at org.springframework.data.jpa.repository.query.NamedQuery.hasNamedQuery(NamedQuery.java:114) ~[spring-data-jpa-3.4.3.jar:3.4.3]
	at org.springframework.data.jpa.repository.query.NamedQuery.lookupFrom(NamedQuery.java:140) ~[spring-data-jpa-3.4.3.jar:3.4.3]
	at org.springframework.data.jpa.repository.query.JpaQueryLookupStrategy$DeclaredQueryLookupStrategy.resolveQuery(JpaQueryLookupStrategy.java:184) ~[spring-data-jpa-3.4.3.jar:3.4.3]
	at org.springframework.data.jpa.repository.query.JpaQueryLookupStrategy$CreateIfNotFoundQueryLookupStrategy.resolveQuery(JpaQueryLookupStrategy.java:256) ~[spring-data-jpa-3.4.3.jar:3.4.3]
	at org.springframework.data.jpa.repository.query.JpaQueryLookupStrategy$AbstractQueryLookupStrategy.resolveQuery(JpaQueryLookupStrategy.java:99) ~[spring-data-jpa-3.4.3.jar:3.4.3]
	at org.springframework.data.repository.core.support.QueryExecutorMethodInterceptor.lookupQuery(QueryExecutorMethodInterceptor.java:116) ~[spring-data-commons-3.4.3.jar:3.4.3]
	at org.springframework.data.repository.core.support.QueryExecutorMethodInterceptor.mapMethodsToQuery(QueryExecutorMethodInterceptor.java:104) ~[spring-data-commons-3.4.3.jar:3.4.3]
	at org.springframework.data.repository.core.support.QueryExecutorMethodInterceptor.lambda$new$0(QueryExecutorMethodInterceptor.java:92) ~[spring-data-commons-3.4.3.jar:3.4.3]
	at java.base/java.util.Optional.map(Optional.java:260) ~[na:na]
	at org.springframework.data.repository.core.support.QueryExecutorMethodInterceptor.<init>(QueryExecutorMethodInterceptor.java:92) ~[spring-data-commons-3.4.3.jar:3.4.3]
	at org.springframework.data.repository.core.support.RepositoryFactorySupport.getRepository(RepositoryFactorySupport.java:440) ~[spring-data-commons-3.4.3.jar:3.4.3]
	at org.springframework.data.repository.core.support.RepositoryFactoryBeanSupport.lambda$afterPropertiesSet$4(RepositoryFactoryBeanSupport.java:350) ~[spring-data-commons-3.4.3.jar:3.4.3]
	at org.springframework.data.util.Lazy.getNullable(Lazy.java:135) ~[spring-data-commons-3.4.3.jar:3.4.3]
	at org.springframework.data.util.Lazy.get(Lazy.java:113) ~[spring-data-commons-3.4.3.jar:3.4.3]
	at org.springframework.data.repository.core.support.RepositoryFactoryBeanSupport.afterPropertiesSet(RepositoryFactoryBeanSupport.java:356) ~[spring-data-commons-3.4.3.jar:3.4.3]
	at org.springframework.data.jpa.repository.support.JpaRepositoryFactoryBean.afterPropertiesSet(JpaRepositoryFactoryBean.java:132) ~[spring-data-jpa-3.4.3.jar:3.4.3]
	at org.springframework.beans.factory.support.AbstractAutowireCapableBeanFactory.invokeInitMethods(AbstractAutowireCapableBeanFactory.java:1859) ~[spring-beans-6.2.3.jar:6.2.3]
	at org.springframework.beans.factory.support.AbstractAutowireCapableBeanFactory.initializeBean(AbstractAutowireCapableBeanFactory.java:1808) ~[spring-beans-6.2.3.jar:6.2.3]
	at org.springframework.beans.factory.support.AbstractAutowireCapableBeanFactory.doCreateBean(AbstractAutowireCapableBeanFactory.java:601) ~[spring-beans-6.2.3.jar:6.2.3]
	at org.springframework.beans.factory.support.AbstractAutowireCapableBeanFactory.createBean(AbstractAutowireCapableBeanFactory.java:523) ~[spring-beans-6.2.3.jar:6.2.3]
	at org.springframework.beans.factory.support.AbstractBeanFactory.lambda$doGetBean$0(AbstractBeanFactory.java:339) ~[spring-beans-6.2.3.jar:6.2.3]
	at org.springframework.beans.factory.support.DefaultSingletonBeanRegistry.getSingleton(DefaultSingletonBeanRegistry.java:346) ~[spring-beans-6.2.3.jar:6.2.3]
	at org.springframework.beans.factory.support.AbstractBeanFactory.doGetBean(AbstractBeanFactory.java:337) ~[spring-beans-6.2.3.jar:6.2.3]
	at org.springframework.beans.factory.support.AbstractBeanFactory.getBean(AbstractBeanFactory.java:202) ~[spring-beans-6.2.3.jar:6.2.3]
	at org.springframework.beans.factory.support.DefaultListableBeanFactory.doResolveDependency(DefaultListableBeanFactory.java:1606) ~[spring-beans-6.2.3.jar:6.2.3]
	at org.springframework.beans.factory.support.DefaultListableBeanFactory.resolveDependency(DefaultListableBeanFactory.java:1552) ~[spring-beans-6.2.3.jar:6.2.3]
	at org.springframework.beans.factory.support.ConstructorResolver.resolveAutowiredArgument(ConstructorResolver.java:913) ~[spring-beans-6.2.3.jar:6.2.3]
	at org.springframework.beans.factory.support.ConstructorResolver.createArgumentArray(ConstructorResolver.java:791) ~[spring-beans-6.2.3.jar:6.2.3]
	at org.springframework.beans.factory.support.ConstructorResolver.autowireConstructor(ConstructorResolver.java:240) ~[spring-beans-6.2.3.jar:6.2.3]
	at org.springframework.beans.factory.support.AbstractAutowireCapableBeanFactory.autowireConstructor(AbstractAutowireCapableBeanFactory.java:1381) ~[spring-beans-6.2.3.jar:6.2.3]
	at org.springframework.beans.factory.support.AbstractAutowireCapableBeanFactory.createBeanInstance(AbstractAutowireCapableBeanFactory.java:1218) ~[spring-beans-6.2.3.jar:6.2.3]
	at org.springframework.beans.factory.support.AbstractAutowireCapableBeanFactory.doCreateBean(AbstractAutowireCapableBeanFactory.java:563) ~[spring-beans-6.2.3.jar:6.2.3]
	at org.springframework.beans.factory.support.AbstractAutowireCapableBeanFactory.createBean(AbstractAutowireCapableBeanFactory.java:523) ~[spring-beans-6.2.3.jar:6.2.3]
	at org.springframework.beans.factory.support.AbstractBeanFactory.lambda$doGetBean$0(AbstractBeanFactory.java:339) ~[spring-beans-6.2.3.jar:6.2.3]
	at org.springframework.beans.factory.support.DefaultSingletonBeanRegistry.getSingleton(DefaultSingletonBeanRegistry.java:346) ~[spring-beans-6.2.3.jar:6.2.3]
	at org.springframework.beans.factory.support.AbstractBeanFactory.doGetBean(AbstractBeanFactory.java:337) ~[spring-beans-6.2.3.jar:6.2.3]
	at org.springframework.beans.factory.support.AbstractBeanFactory.getBean(AbstractBeanFactory.java:202) ~[spring-beans-6.2.3.jar:6.2.3]
	at org.springframework.beans.factory.support.DefaultListableBeanFactory.instantiateSingleton(DefaultListableBeanFactory.java:1155) ~[spring-beans-6.2.3.jar:6.2.3]
	at org.springframework.beans.factory.support.DefaultListableBeanFactory.preInstantiateSingleton(DefaultListableBeanFactory.java:1121) ~[spring-beans-6.2.3.jar:6.2.3]
	at org.springframework.beans.factory.support.DefaultListableBeanFactory.preInstantiateSingletons(DefaultListableBeanFactory.java:1056) ~[spring-beans-6.2.3.jar:6.2.3]
	at org.springframework.context.support.AbstractApplicationContext.finishBeanFactoryInitialization(AbstractApplicationContext.java:987) ~[spring-context-6.2.3.jar:6.2.3]
	at org.springframework.context.support.AbstractApplicationContext.refresh(AbstractApplicationContext.java:627) ~[spring-context-6.2.3.jar:6.2.3]
	at org.springframework.boot.SpringApplication.refresh(SpringApplication.java:752) ~[spring-boot-3.4.3.jar:3.4.3]
	at org.springframework.boot.SpringApplication.refreshContext(SpringApplication.java:439) ~[spring-boot-3.4.3.jar:3.4.3]
	at org.springframework.boot.SpringApplication.run(SpringApplication.java:318) ~[spring-boot-3.4.3.jar:3.4.3]
	at org.springframework.boot.test.context.SpringBootContextLoader.lambda$loadContext$3(SpringBootContextLoader.java:137) ~[spring-boot-test-3.4.3.jar:3.4.3]
	at org.springframework.util.function.ThrowingSupplier.get(ThrowingSupplier.java:58) ~[spring-core-6.2.3.jar:6.2.3]
	at org.springframework.util.function.ThrowingSupplier.get(ThrowingSupplier.java:46) ~[spring-core-6.2.3.jar:6.2.3]
	at org.springframework.boot.SpringApplication.withHook(SpringApplication.java:1461) ~[spring-boot-3.4.3.jar:3.4.3]
	at org.springframework.boot.test.context.SpringBootContextLoader$ContextLoaderHook.run(SpringBootContextLoader.java:553) ~[spring-boot-test-3.4.3.jar:3.4.3]
	at org.springframework.boot.test.context.SpringBootContextLoader.loadContext(SpringBootContextLoader.java:137) ~[spring-boot-test-3.4.3.jar:3.4.3]
	at org.springframework.boot.test.context.SpringBootContextLoader.loadContext(SpringBootContextLoader.java:108) ~[spring-boot-test-3.4.3.jar:3.4.3]
	at org.springframework.test.context.cache.DefaultCacheAwareContextLoaderDelegate.loadContextInternal(DefaultCacheAwareContextLoaderDelegate.java:225) ~[spring-test-6.2.3.jar:6.2.3]
	at org.springframework.test.context.cache.DefaultCacheAwareContextLoaderDelegate.loadContext(DefaultCacheAwareContextLoaderDelegate.java:152) ~[spring-test-6.2.3.jar:6.2.3]
	at org.springframework.test.context.support.DefaultTestContext.getApplicationContext(DefaultTestContext.java:130) ~[spring-test-6.2.3.jar:6.2.3]
	at org.springframework.test.context.web.ServletTestExecutionListener.setUpRequestContextIfNecessary(ServletTestExecutionListener.java:200) ~[spring-test-6.2.3.jar:6.2.3]
	at org.springframework.test.context.web.ServletTestExecutionListener.prepareTestInstance(ServletTestExecutionListener.java:139) ~[spring-test-6.2.3.jar:6.2.3]
	at org.springframework.test.context.TestContextManager.prepareTestInstance(TestContextManager.java:260) ~[spring-test-6.2.3.jar:6.2.3]
	at org.springframework.test.context.junit.jupiter.SpringExtension.postProcessTestInstance(SpringExtension.java:160) ~[spring-test-6.2.3.jar:6.2.3]
	at org.junit.jupiter.engine.descriptor.ClassBasedTestDescriptor.lambda$invokeTestInstancePostProcessors$11(ClassBasedTestDescriptor.java:378) ~[junit-jupiter-engine-5.11.4.jar:5.11.4]
	at org.junit.jupiter.engine.descriptor.ClassBasedTestDescriptor.executeAndMaskThrowable(ClassBasedTestDescriptor.java:383) ~[junit-jupiter-engine-5.11.4.jar:5.11.4]
	at org.junit.jupiter.engine.descriptor.ClassBasedTestDescriptor.lambda$invokeTestInstancePostProcessors$12(ClassBasedTestDescriptor.java:378) ~[junit-jupiter-engine-5.11.4.jar:5.11.4]
	at java.base/java.util.stream.ForEachOps$ForEachOp$OfRef.accept(ForEachOps.java:184) ~[na:na]
	at java.base/java.util.stream.ReferencePipeline$3$1.accept(ReferencePipeline.java:215) ~[na:na]
	at java.base/java.util.stream.ReferencePipeline$2$1.accept(ReferencePipeline.java:197) ~[na:na]
	at java.base/java.util.stream.ReferencePipeline$3$1.accept(ReferencePipeline.java:215) ~[na:na]
	at java.base/java.util.ArrayList$ArrayListSpliterator.forEachRemaining(ArrayList.java:1709) ~[na:na]
	at java.base/java.util.stream.AbstractPipeline.copyInto(AbstractPipeline.java:570) ~[na:na]
	at java.base/java.util.stream.AbstractPipeline.wrapAndCopyInto(AbstractPipeline.java:560) ~[na:na]
	at java.base/java.util.stream.ForEachOps$ForEachOp.evaluateSequential(ForEachOps.java:151) ~[na:na]
	at java.base/java.util.stream.ForEachOps$ForEachOp$OfRef.evaluateSequential(ForEachOps.java:174) ~[na:na]
	at java.base/java.util.stream.AbstractPipeline.evaluate(AbstractPipeline.java:265) ~[na:na]
	at java.base/java.util.stream.ReferencePipeline.forEach(ReferencePipeline.java:636) ~[na:na]
	at org.junit.jupiter.engine.descriptor.ClassBasedTestDescriptor.invokeTestInstancePostProcessors(ClassBasedTestDescriptor.java:377) ~[junit-jupiter-engine-5.11.4.jar:5.11.4]
	at org.junit.jupiter.engine.descriptor.ClassBasedTestDescriptor.lambda$instantiateAndPostProcessTestInstance$7(ClassBasedTestDescriptor.java:290) ~[junit-jupiter-engine-5.11.4.jar:5.11.4]
	at org.junit.platform.engine.support.hierarchical.ThrowableCollector.execute(ThrowableCollector.java:73) ~[junit-platform-engine-1.11.4.jar:1.11.4]
	at org.junit.jupiter.engine.descriptor.ClassBasedTestDescriptor.instantiateAndPostProcessTestInstance(ClassBasedTestDescriptor.java:289) ~[junit-jupiter-engine-5.11.4.jar:5.11.4]
	at org.junit.jupiter.engine.descriptor.ClassBasedTestDescriptor.lambda$testInstancesProvider$5(ClassBasedTestDescriptor.java:279) ~[junit-jupiter-engine-5.11.4.jar:5.11.4]
	at java.base/java.util.Optional.orElseGet(Optional.java:364) ~[na:na]
	at org.junit.jupiter.engine.descriptor.ClassBasedTestDescriptor.lambda$testInstancesProvider$6(ClassBasedTestDescriptor.java:278) ~[junit-jupiter-engine-5.11.4.jar:5.11.4]
	at org.junit.jupiter.engine.execution.TestInstancesProvider.getTestInstances(TestInstancesProvider.java:31) ~[junit-jupiter-engine-5.11.4.jar:5.11.4]
	at org.junit.jupiter.engine.descriptor.TestMethodTestDescriptor.lambda$prepare$1(TestMethodTestDescriptor.java:105) ~[junit-jupiter-engine-5.11.4.jar:5.11.4]
	at org.junit.platform.engine.support.hierarchical.ThrowableCollector.execute(ThrowableCollector.java:73) ~[junit-platform-engine-1.11.4.jar:1.11.4]
	at org.junit.jupiter.engine.descriptor.TestMethodTestDescriptor.prepare(TestMethodTestDescriptor.java:104) ~[junit-jupiter-engine-5.11.4.jar:5.11.4]
	at org.junit.jupiter.engine.descriptor.TestMethodTestDescriptor.prepare(TestMethodTestDescriptor.java:68) ~[junit-jupiter-engine-5.11.4.jar:5.11.4]
	at org.junit.platform.engine.support.hierarchical.NodeTestTask.lambda$prepare$2(NodeTestTask.java:128) ~[junit-platform-engine-1.11.4.jar:1.11.4]
	at org.junit.platform.engine.support.hierarchical.ThrowableCollector.execute(ThrowableCollector.java:73) ~[junit-platform-engine-1.11.4.jar:1.11.4]
	at org.junit.platform.engine.support.hierarchical.NodeTestTask.prepare(NodeTestTask.java:128) ~[junit-platform-engine-1.11.4.jar:1.11.4]
	at org.junit.platform.engine.support.hierarchical.NodeTestTask.execute(NodeTestTask.java:95) ~[junit-platform-engine-1.11.4.jar:1.11.4]
	at java.base/java.util.ArrayList.forEach(ArrayList.java:1597) ~[na:na]
	at org.junit.platform.engine.support.hierarchical.SameThreadHierarchicalTestExecutorService.invokeAll(SameThreadHierarchicalTestExecutorService.java:41) ~[junit-platform-engine-1.11.4.jar:1.11.4]
	at org.junit.platform.engine.support.hierarchical.NodeTestTask.lambda$executeRecursively$6(NodeTestTask.java:160) ~[junit-platform-engine-1.11.4.jar:1.11.4]
	at org.junit.platform.engine.support.hierarchical.ThrowableCollector.execute(ThrowableCollector.java:73) ~[junit-platform-engine-1.11.4.jar:1.11.4]
	at org.junit.platform.engine.support.hierarchical.NodeTestTask.lambda$executeRecursively$8(NodeTestTask.java:146) ~[junit-platform-engine-1.11.4.jar:1.11.4]
	at org.junit.platform.engine.support.hierarchical.Node.around(Node.java:137) ~[junit-platform-engine-1.11.4.jar:1.11.4]
	at org.junit.platform.engine.support.hierarchical.NodeTestTask.lambda$executeRecursively$9(NodeTestTask.java:144) ~[junit-platform-engine-1.11.4.jar:1.11.4]
	at org.junit.platform.engine.support.hierarchical.ThrowableCollector.execute(ThrowableCollector.java:73) ~[junit-platform-engine-1.11.4.jar:1.11.4]
	at org.junit.platform.engine.support.hierarchical.NodeTestTask.executeRecursively(NodeTestTask.java:143) ~[junit-platform-engine-1.11.4.jar:1.11.4]
	at org.junit.platform.engine.support.hierarchical.NodeTestTask.execute(NodeTestTask.java:100) ~[junit-platform-engine-1.11.4.jar:1.11.4]
	at java.base/java.util.ArrayList.forEach(ArrayList.java:1597) ~[na:na]
	at org.junit.platform.engine.support.hierarchical.SameThreadHierarchicalTestExecutorService.invokeAll(SameThreadHierarchicalTestExecutorService.java:41) ~[junit-platform-engine-1.11.4.jar:1.11.4]
	at org.junit.platform.engine.support.hierarchical.NodeTestTask.lambda$executeRecursively$6(NodeTestTask.java:160) ~[junit-platform-engine-1.11.4.jar:1.11.4]
	at org.junit.platform.engine.support.hierarchical.ThrowableCollector.execute(ThrowableCollector.java:73) ~[junit-platform-engine-1.11.4.jar:1.11.4]
	at org.junit.platform.engine.support.hierarchical.NodeTestTask.lambda$executeRecursively$8(NodeTestTask.java:146) ~[junit-platform-engine-1.11.4.jar:1.11.4]
	at org.junit.platform.engine.support.hierarchical.Node.around(Node.java:137) ~[junit-platform-engine-1.11.4.jar:1.11.4]
	at org.junit.platform.engine.support.hierarchical.NodeTestTask.lambda$executeRecursively$9(NodeTestTask.java:144) ~[junit-platform-engine-1.11.4.jar:1.11.4]
	at org.junit.platform.engine.support.hierarchical.ThrowableCollector.execute(ThrowableCollector.java:73) ~[junit-platform-engine-1.11.4.jar:1.11.4]
	at org.junit.platform.engine.support.hierarchical.NodeTestTask.executeRecursively(NodeTestTask.java:143) ~[junit-platform-engine-1.11.4.jar:1.11.4]
	at org.junit.platform.engine.support.hierarchical.NodeTestTask.execute(NodeTestTask.java:100) ~[junit-platform-engine-1.11.4.jar:1.11.4]
	at org.junit.platform.engine.support.hierarchical.SameThreadHierarchicalTestExecutorService.submit(SameThreadHierarchicalTestExecutorService.java:35) ~[junit-platform-engine-1.11.4.jar:1.11.4]
	at org.junit.platform.engine.support.hierarchical.HierarchicalTestExecutor.execute(HierarchicalTestExecutor.java:57) ~[junit-platform-engine-1.11.4.jar:1.11.4]
	at org.junit.platform.engine.support.hierarchical.HierarchicalTestEngine.execute(HierarchicalTestEngine.java:54) ~[junit-platform-engine-1.11.4.jar:1.11.4]
	at org.junit.platform.launcher.core.EngineExecutionOrchestrator.execute(EngineExecutionOrchestrator.java:198) ~[junit-platform-launcher-1.11.4.jar:1.11.4]
	at org.junit.platform.launcher.core.EngineExecutionOrchestrator.execute(EngineExecutionOrchestrator.java:169) ~[junit-platform-launcher-1.11.4.jar:1.11.4]
	at org.junit.platform.launcher.core.EngineExecutionOrchestrator.execute(EngineExecutionOrchestrator.java:93) ~[junit-platform-launcher-1.11.4.jar:1.11.4]
	at org.junit.platform.launcher.core.EngineExecutionOrchestrator.lambda$execute$0(EngineExecutionOrchestrator.java:58) ~[junit-platform-launcher-1.11.4.jar:1.11.4]
	at org.junit.platform.launcher.core.EngineExecutionOrchestrator.withInterceptedStreams(EngineExecutionOrchestrator.java:141) ~[junit-platform-launcher-1.11.4.jar:1.11.4]
	at org.junit.platform.launcher.core.EngineExecutionOrchestrator.execute(EngineExecutionOrchestrator.java:57) ~[junit-platform-launcher-1.11.4.jar:1.11.4]
	at org.junit.platform.launcher.core.DefaultLauncher.execute(DefaultLauncher.java:103) ~[junit-platform-launcher-1.11.4.jar:1.11.4]
	at org.junit.platform.launcher.core.DefaultLauncher.execute(DefaultLauncher.java:85) ~[junit-platform-launcher-1.11.4.jar:1.11.4]
	at org.junit.platform.launcher.core.DelegatingLauncher.execute(DelegatingLauncher.java:47) ~[junit-platform-launcher-1.11.4.jar:1.11.4]
	at org.apache.maven.surefire.junitplatform.LazyLauncher.execute(LazyLauncher.java:56) ~[surefire-junit-platform-3.5.2.jar:3.5.2]
	at org.apache.maven.surefire.junitplatform.JUnitPlatformProvider.execute(JUnitPlatformProvider.java:184) ~[surefire-junit-platform-3.5.2.jar:3.5.2]
	at org.apache.maven.surefire.junitplatform.JUnitPlatformProvider.invokeAllTests(JUnitPlatformProvider.java:148) ~[surefire-junit-platform-3.5.2.jar:3.5.2]
	at org.apache.maven.surefire.junitplatform.JUnitPlatformProvider.invoke(JUnitPlatformProvider.java:122) ~[surefire-junit-platform-3.5.2.jar:3.5.2]
	at org.apache.maven.surefire.booter.ForkedBooter.runSuitesInProcess(ForkedBooter.java:385) ~[surefire-booter-3.5.2.jar:3.5.2]
	at org.apache.maven.surefire.booter.ForkedBooter.execute(ForkedBooter.java:162) ~[surefire-booter-3.5.2.jar:3.5.2]
	at org.apache.maven.surefire.booter.ForkedBooter.run(ForkedBooter.java:507) ~[surefire-booter-3.5.2.jar:3.5.2]
	at org.apache.maven.surefire.booter.ForkedBooter.main(ForkedBooter.java:495) ~[surefire-booter-3.5.2.jar:3.5.2]

2025-03-14T22:00:36.325-05:00 DEBUG 46911 --- [flight-booking] [           main] cResourceLocalTransactionCoordinatorImpl : JDBC transaction marked for rollback-only (exception provided for stack trace)

java.lang.Exception: exception just for purpose of providing stack trace
	at org.hibernate.resource.transaction.backend.jdbc.internal.JdbcResourceLocalTransactionCoordinatorImpl$TransactionDriverControlImpl.markRollbackOnly(JdbcResourceLocalTransactionCoordinatorImpl.java:309) ~[hibernate-core-6.6.8.Final.jar:6.6.8.Final]
	at org.hibernate.internal.AbstractSharedSessionContract.buildNamedQuery(AbstractSharedSessionContract.java:1141) ~[hibernate-core-6.6.8.Final.jar:6.6.8.Final]
	at org.hibernate.internal.AbstractSharedSessionContract.createNamedQuery(AbstractSharedSessionContract.java:1019) ~[hibernate-core-6.6.8.Final.jar:6.6.8.Final]
	at org.hibernate.internal.AbstractSharedSessionContract.createNamedQuery(AbstractSharedSessionContract.java:143) ~[hibernate-core-6.6.8.Final.jar:6.6.8.Final]
	at java.base/jdk.internal.reflect.DirectMethodHandleAccessor.invoke(DirectMethodHandleAccessor.java:103) ~[na:na]
	at java.base/java.lang.reflect.Method.invoke(Method.java:580) ~[na:na]
	at org.springframework.orm.jpa.ExtendedEntityManagerCreator$ExtendedEntityManagerInvocationHandler.invoke(ExtendedEntityManagerCreator.java:364) ~[spring-orm-6.2.3.jar:6.2.3]
	at jdk.proxy2/jdk.proxy2.$Proxy135.createNamedQuery(Unknown Source) ~[na:na]
	at org.springframework.data.jpa.repository.query.NamedQuery.hasNamedQuery(NamedQuery.java:114) ~[spring-data-jpa-3.4.3.jar:3.4.3]
	at org.springframework.data.jpa.repository.query.NamedQuery.lookupFrom(NamedQuery.java:140) ~[spring-data-jpa-3.4.3.jar:3.4.3]
	at org.springframework.data.jpa.repository.query.JpaQueryLookupStrategy$DeclaredQueryLookupStrategy.resolveQuery(JpaQueryLookupStrategy.java:184) ~[spring-data-jpa-3.4.3.jar:3.4.3]
	at org.springframework.data.jpa.repository.query.JpaQueryLookupStrategy$CreateIfNotFoundQueryLookupStrategy.resolveQuery(JpaQueryLookupStrategy.java:256) ~[spring-data-jpa-3.4.3.jar:3.4.3]
	at org.springframework.data.jpa.repository.query.JpaQueryLookupStrategy$AbstractQueryLookupStrategy.resolveQuery(JpaQueryLookupStrategy.java:99) ~[spring-data-jpa-3.4.3.jar:3.4.3]
	at org.springframework.data.repository.core.support.QueryExecutorMethodInterceptor.lookupQuery(QueryExecutorMethodInterceptor.java:116) ~[spring-data-commons-3.4.3.jar:3.4.3]
	at org.springframework.data.repository.core.support.QueryExecutorMethodInterceptor.mapMethodsToQuery(QueryExecutorMethodInterceptor.java:104) ~[spring-data-commons-3.4.3.jar:3.4.3]
	at org.springframework.data.repository.core.support.QueryExecutorMethodInterceptor.lambda$new$0(QueryExecutorMethodInterceptor.java:92) ~[spring-data-commons-3.4.3.jar:3.4.3]
	at java.base/java.util.Optional.map(Optional.java:260) ~[na:na]
	at org.springframework.data.repository.core.support.QueryExecutorMethodInterceptor.<init>(QueryExecutorMethodInterceptor.java:92) ~[spring-data-commons-3.4.3.jar:3.4.3]
	at org.springframework.data.repository.core.support.RepositoryFactorySupport.getRepository(RepositoryFactorySupport.java:440) ~[spring-data-commons-3.4.3.jar:3.4.3]
	at org.springframework.data.repository.core.support.RepositoryFactoryBeanSupport.lambda$afterPropertiesSet$4(RepositoryFactoryBeanSupport.java:350) ~[spring-data-commons-3.4.3.jar:3.4.3]
	at org.springframework.data.util.Lazy.getNullable(Lazy.java:135) ~[spring-data-commons-3.4.3.jar:3.4.3]
	at org.springframework.data.util.Lazy.get(Lazy.java:113) ~[spring-data-commons-3.4.3.jar:3.4.3]
	at org.springframework.data.repository.core.support.RepositoryFactoryBeanSupport.afterPropertiesSet(RepositoryFactoryBeanSupport.java:356) ~[spring-data-commons-3.4.3.jar:3.4.3]
	at org.springframework.data.jpa.repository.support.JpaRepositoryFactoryBean.afterPropertiesSet(JpaRepositoryFactoryBean.java:132) ~[spring-data-jpa-3.4.3.jar:3.4.3]
	at org.springframework.beans.factory.support.AbstractAutowireCapableBeanFactory.invokeInitMethods(AbstractAutowireCapableBeanFactory.java:1859) ~[spring-beans-6.2.3.jar:6.2.3]
	at org.springframework.beans.factory.support.AbstractAutowireCapableBeanFactory.initializeBean(AbstractAutowireCapableBeanFactory.java:1808) ~[spring-beans-6.2.3.jar:6.2.3]
	at org.springframework.beans.factory.support.AbstractAutowireCapableBeanFactory.doCreateBean(AbstractAutowireCapableBeanFactory.java:601) ~[spring-beans-6.2.3.jar:6.2.3]
	at org.springframework.beans.factory.support.AbstractAutowireCapableBeanFactory.createBean(AbstractAutowireCapableBeanFactory.java:523) ~[spring-beans-6.2.3.jar:6.2.3]
	at org.springframework.beans.factory.support.AbstractBeanFactory.lambda$doGetBean$0(AbstractBeanFactory.java:339) ~[spring-beans-6.2.3.jar:6.2.3]
	at org.springframework.beans.factory.support.DefaultSingletonBeanRegistry.getSingleton(DefaultSingletonBeanRegistry.java:346) ~[spring-beans-6.2.3.jar:6.2.3]
	at org.springframework.beans.factory.support.AbstractBeanFactory.doGetBean(AbstractBeanFactory.java:337) ~[spring-beans-6.2.3.jar:6.2.3]
	at org.springframework.beans.factory.support.AbstractBeanFactory.getBean(AbstractBeanFactory.java:202) ~[spring-beans-6.2.3.jar:6.2.3]
	at org.springframework.beans.factory.support.DefaultListableBeanFactory.doResolveDependency(DefaultListableBeanFactory.java:1606) ~[spring-beans-6.2.3.jar:6.2.3]
	at org.springframework.beans.factory.support.DefaultListableBeanFactory.resolveDependency(DefaultListableBeanFactory.java:1552) ~[spring-beans-6.2.3.jar:6.2.3]
	at org.springframework.beans.factory.support.ConstructorResolver.resolveAutowiredArgument(ConstructorResolver.java:913) ~[spring-beans-6.2.3.jar:6.2.3]
	at org.springframework.beans.factory.support.ConstructorResolver.createArgumentArray(ConstructorResolver.java:791) ~[spring-beans-6.2.3.jar:6.2.3]
	at org.springframework.beans.factory.support.ConstructorResolver.autowireConstructor(ConstructorResolver.java:240) ~[spring-beans-6.2.3.jar:6.2.3]
	at org.springframework.beans.factory.support.AbstractAutowireCapableBeanFactory.autowireConstructor(AbstractAutowireCapableBeanFactory.java:1381) ~[spring-beans-6.2.3.jar:6.2.3]
	at org.springframework.beans.factory.support.AbstractAutowireCapableBeanFactory.createBeanInstance(AbstractAutowireCapableBeanFactory.java:1218) ~[spring-beans-6.2.3.jar:6.2.3]
	at org.springframework.beans.factory.support.AbstractAutowireCapableBeanFactory.doCreateBean(AbstractAutowireCapableBeanFactory.java:563) ~[spring-beans-6.2.3.jar:6.2.3]
	at org.springframework.beans.factory.support.AbstractAutowireCapableBeanFactory.createBean(AbstractAutowireCapableBeanFactory.java:523) ~[spring-beans-6.2.3.jar:6.2.3]
	at org.springframework.beans.factory.support.AbstractBeanFactory.lambda$doGetBean$0(AbstractBeanFactory.java:339) ~[spring-beans-6.2.3.jar:6.2.3]
	at org.springframework.beans.factory.support.DefaultSingletonBeanRegistry.getSingleton(DefaultSingletonBeanRegistry.java:346) ~[spring-beans-6.2.3.jar:6.2.3]
	at org.springframework.beans.factory.support.AbstractBeanFactory.doGetBean(AbstractBeanFactory.java:337) ~[spring-beans-6.2.3.jar:6.2.3]
	at org.springframework.beans.factory.support.AbstractBeanFactory.getBean(AbstractBeanFactory.java:202) ~[spring-beans-6.2.3.jar:6.2.3]
	at org.springframework.beans.factory.support.DefaultListableBeanFactory.instantiateSingleton(DefaultListableBeanFactory.java:1155) ~[spring-beans-6.2.3.jar:6.2.3]
	at org.springframework.beans.factory.support.DefaultListableBeanFactory.preInstantiateSingleton(DefaultListableBeanFactory.java:1121) ~[spring-beans-6.2.3.jar:6.2.3]
	at org.springframework.beans.factory.support.DefaultListableBeanFactory.preInstantiateSingletons(DefaultListableBeanFactory.java:1056) ~[spring-beans-6.2.3.jar:6.2.3]
	at org.springframework.context.support.AbstractApplicationContext.finishBeanFactoryInitialization(AbstractApplicationContext.java:987) ~[spring-context-6.2.3.jar:6.2.3]
	at org.springframework.context.support.AbstractApplicationContext.refresh(AbstractApplicationContext.java:627) ~[spring-context-6.2.3.jar:6.2.3]
	at org.springframework.boot.SpringApplication.refresh(SpringApplication.java:752) ~[spring-boot-3.4.3.jar:3.4.3]
	at org.springframework.boot.SpringApplication.refreshContext(SpringApplication.java:439) ~[spring-boot-3.4.3.jar:3.4.3]
	at org.springframework.boot.SpringApplication.run(SpringApplication.java:318) ~[spring-boot-3.4.3.jar:3.4.3]
	at org.springframework.boot.test.context.SpringBootContextLoader.lambda$loadContext$3(SpringBootContextLoader.java:137) ~[spring-boot-test-3.4.3.jar:3.4.3]
	at org.springframework.util.function.ThrowingSupplier.get(ThrowingSupplier.java:58) ~[spring-core-6.2.3.jar:6.2.3]
	at org.springframework.util.function.ThrowingSupplier.get(ThrowingSupplier.java:46) ~[spring-core-6.2.3.jar:6.2.3]
	at org.springframework.boot.SpringApplication.withHook(SpringApplication.java:1461) ~[spring-boot-3.4.3.jar:3.4.3]
	at org.springframework.boot.test.context.SpringBootContextLoader$ContextLoaderHook.run(SpringBootContextLoader.java:553) ~[spring-boot-test-3.4.3.jar:3.4.3]
	at org.springframework.boot.test.context.SpringBootContextLoader.loadContext(SpringBootContextLoader.java:137) ~[spring-boot-test-3.4.3.jar:3.4.3]
	at org.springframework.boot.test.context.SpringBootContextLoader.loadContext(SpringBootContextLoader.java:108) ~[spring-boot-test-3.4.3.jar:3.4.3]
	at org.springframework.test.context.cache.DefaultCacheAwareContextLoaderDelegate.loadContextInternal(DefaultCacheAwareContextLoaderDelegate.java:225) ~[spring-test-6.2.3.jar:6.2.3]
	at org.springframework.test.context.cache.DefaultCacheAwareContextLoaderDelegate.loadContext(DefaultCacheAwareContextLoaderDelegate.java:152) ~[spring-test-6.2.3.jar:6.2.3]
	at org.springframework.test.context.support.DefaultTestContext.getApplicationContext(DefaultTestContext.java:130) ~[spring-test-6.2.3.jar:6.2.3]
	at org.springframework.test.context.web.ServletTestExecutionListener.setUpRequestContextIfNecessary(ServletTestExecutionListener.java:200) ~[spring-test-6.2.3.jar:6.2.3]
	at org.springframework.test.context.web.ServletTestExecutionListener.prepareTestInstance(ServletTestExecutionListener.java:139) ~[spring-test-6.2.3.jar:6.2.3]
	at org.springframework.test.context.TestContextManager.prepareTestInstance(TestContextManager.java:260) ~[spring-test-6.2.3.jar:6.2.3]
	at org.springframework.test.context.junit.jupiter.SpringExtension.postProcessTestInstance(SpringExtension.java:160) ~[spring-test-6.2.3.jar:6.2.3]
	at org.junit.jupiter.engine.descriptor.ClassBasedTestDescriptor.lambda$invokeTestInstancePostProcessors$11(ClassBasedTestDescriptor.java:378) ~[junit-jupiter-engine-5.11.4.jar:5.11.4]
	at org.junit.jupiter.engine.descriptor.ClassBasedTestDescriptor.executeAndMaskThrowable(ClassBasedTestDescriptor.java:383) ~[junit-jupiter-engine-5.11.4.jar:5.11.4]
	at org.junit.jupiter.engine.descriptor.ClassBasedTestDescriptor.lambda$invokeTestInstancePostProcessors$12(ClassBasedTestDescriptor.java:378) ~[junit-jupiter-engine-5.11.4.jar:5.11.4]
	at java.base/java.util.stream.ForEachOps$ForEachOp$OfRef.accept(ForEachOps.java:184) ~[na:na]
	at java.base/java.util.stream.ReferencePipeline$3$1.accept(ReferencePipeline.java:215) ~[na:na]
	at java.base/java.util.stream.ReferencePipeline$2$1.accept(ReferencePipeline.java:197) ~[na:na]
	at java.base/java.util.stream.ReferencePipeline$3$1.accept(ReferencePipeline.java:215) ~[na:na]
	at java.base/java.util.ArrayList$ArrayListSpliterator.forEachRemaining(ArrayList.java:1709) ~[na:na]
	at java.base/java.util.stream.AbstractPipeline.copyInto(AbstractPipeline.java:570) ~[na:na]
	at java.base/java.util.stream.AbstractPipeline.wrapAndCopyInto(AbstractPipeline.java:560) ~[na:na]
	at java.base/java.util.stream.ForEachOps$ForEachOp.evaluateSequential(ForEachOps.java:151) ~[na:na]
	at java.base/java.util.stream.ForEachOps$ForEachOp$OfRef.evaluateSequential(ForEachOps.java:174) ~[na:na]
	at java.base/java.util.stream.AbstractPipeline.evaluate(AbstractPipeline.java:265) ~[na:na]
	at java.base/java.util.stream.ReferencePipeline.forEach(ReferencePipeline.java:636) ~[na:na]
	at org.junit.jupiter.engine.descriptor.ClassBasedTestDescriptor.invokeTestInstancePostProcessors(ClassBasedTestDescriptor.java:377) ~[junit-jupiter-engine-5.11.4.jar:5.11.4]
	at org.junit.jupiter.engine.descriptor.ClassBasedTestDescriptor.lambda$instantiateAndPostProcessTestInstance$7(ClassBasedTestDescriptor.java:290) ~[junit-jupiter-engine-5.11.4.jar:5.11.4]
	at org.junit.platform.engine.support.hierarchical.ThrowableCollector.execute(ThrowableCollector.java:73) ~[junit-platform-engine-1.11.4.jar:1.11.4]
	at org.junit.jupiter.engine.descriptor.ClassBasedTestDescriptor.instantiateAndPostProcessTestInstance(ClassBasedTestDescriptor.java:289) ~[junit-jupiter-engine-5.11.4.jar:5.11.4]
	at org.junit.jupiter.engine.descriptor.ClassBasedTestDescriptor.lambda$testInstancesProvider$5(ClassBasedTestDescriptor.java:279) ~[junit-jupiter-engine-5.11.4.jar:5.11.4]
	at java.base/java.util.Optional.orElseGet(Optional.java:364) ~[na:na]
	at org.junit.jupiter.engine.descriptor.ClassBasedTestDescriptor.lambda$testInstancesProvider$6(ClassBasedTestDescriptor.java:278) ~[junit-jupiter-engine-5.11.4.jar:5.11.4]
	at org.junit.jupiter.engine.execution.TestInstancesProvider.getTestInstances(TestInstancesProvider.java:31) ~[junit-jupiter-engine-5.11.4.jar:5.11.4]
	at org.junit.jupiter.engine.descriptor.TestMethodTestDescriptor.lambda$prepare$1(TestMethodTestDescriptor.java:105) ~[junit-jupiter-engine-5.11.4.jar:5.11.4]
	at org.junit.platform.engine.support.hierarchical.ThrowableCollector.execute(ThrowableCollector.java:73) ~[junit-platform-engine-1.11.4.jar:1.11.4]
	at org.junit.jupiter.engine.descriptor.TestMethodTestDescriptor.prepare(TestMethodTestDescriptor.java:104) ~[junit-jupiter-engine-5.11.4.jar:5.11.4]
	at org.junit.jupiter.engine.descriptor.TestMethodTestDescriptor.prepare(TestMethodTestDescriptor.java:68) ~[junit-jupiter-engine-5.11.4.jar:5.11.4]
	at org.junit.platform.engine.support.hierarchical.NodeTestTask.lambda$prepare$2(NodeTestTask.java:128) ~[junit-platform-engine-1.11.4.jar:1.11.4]
	at org.junit.platform.engine.support.hierarchical.ThrowableCollector.execute(ThrowableCollector.java:73) ~[junit-platform-engine-1.11.4.jar:1.11.4]
	at org.junit.platform.engine.support.hierarchical.NodeTestTask.prepare(NodeTestTask.java:128) ~[junit-platform-engine-1.11.4.jar:1.11.4]
	at org.junit.platform.engine.support.hierarchical.NodeTestTask.execute(NodeTestTask.java:95) ~[junit-platform-engine-1.11.4.jar:1.11.4]
	at java.base/java.util.ArrayList.forEach(ArrayList.java:1597) ~[na:na]
	at org.junit.platform.engine.support.hierarchical.SameThreadHierarchicalTestExecutorService.invokeAll(SameThreadHierarchicalTestExecutorService.java:41) ~[junit-platform-engine-1.11.4.jar:1.11.4]
	at org.junit.platform.engine.support.hierarchical.NodeTestTask.lambda$executeRecursively$6(NodeTestTask.java:160) ~[junit-platform-engine-1.11.4.jar:1.11.4]
	at org.junit.platform.engine.support.hierarchical.ThrowableCollector.execute(ThrowableCollector.java:73) ~[junit-platform-engine-1.11.4.jar:1.11.4]
	at org.junit.platform.engine.support.hierarchical.NodeTestTask.lambda$executeRecursively$8(NodeTestTask.java:146) ~[junit-platform-engine-1.11.4.jar:1.11.4]
	at org.junit.platform.engine.support.hierarchical.Node.around(Node.java:137) ~[junit-platform-engine-1.11.4.jar:1.11.4]
	at org.junit.platform.engine.support.hierarchical.NodeTestTask.lambda$executeRecursively$9(NodeTestTask.java:144) ~[junit-platform-engine-1.11.4.jar:1.11.4]
	at org.junit.platform.engine.support.hierarchical.ThrowableCollector.execute(ThrowableCollector.java:73) ~[junit-platform-engine-1.11.4.jar:1.11.4]
	at org.junit.platform.engine.support.hierarchical.NodeTestTask.executeRecursively(NodeTestTask.java:143) ~[junit-platform-engine-1.11.4.jar:1.11.4]
	at org.junit.platform.engine.support.hierarchical.NodeTestTask.execute(NodeTestTask.java:100) ~[junit-platform-engine-1.11.4.jar:1.11.4]
	at java.base/java.util.ArrayList.forEach(ArrayList.java:1597) ~[na:na]
	at org.junit.platform.engine.support.hierarchical.SameThreadHierarchicalTestExecutorService.invokeAll(SameThreadHierarchicalTestExecutorService.java:41) ~[junit-platform-engine-1.11.4.jar:1.11.4]
	at org.junit.platform.engine.support.hierarchical.NodeTestTask.lambda$executeRecursively$6(NodeTestTask.java:160) ~[junit-platform-engine-1.11.4.jar:1.11.4]
	at org.junit.platform.engine.support.hierarchical.ThrowableCollector.execute(ThrowableCollector.java:73) ~[junit-platform-engine-1.11.4.jar:1.11.4]
	at org.junit.platform.engine.support.hierarchical.NodeTestTask.lambda$executeRecursively$8(NodeTestTask.java:146) ~[junit-platform-engine-1.11.4.jar:1.11.4]
	at org.junit.platform.engine.support.hierarchical.Node.around(Node.java:137) ~[junit-platform-engine-1.11.4.jar:1.11.4]
	at org.junit.platform.engine.support.hierarchical.NodeTestTask.lambda$executeRecursively$9(NodeTestTask.java:144) ~[junit-platform-engine-1.11.4.jar:1.11.4]
	at org.junit.platform.engine.support.hierarchical.ThrowableCollector.execute(ThrowableCollector.java:73) ~[junit-platform-engine-1.11.4.jar:1.11.4]
	at org.junit.platform.engine.support.hierarchical.NodeTestTask.executeRecursively(NodeTestTask.java:143) ~[junit-platform-engine-1.11.4.jar:1.11.4]
	at org.junit.platform.engine.support.hierarchical.NodeTestTask.execute(NodeTestTask.java:100) ~[junit-platform-engine-1.11.4.jar:1.11.4]
	at org.junit.platform.engine.support.hierarchical.SameThreadHierarchicalTestExecutorService.submit(SameThreadHierarchicalTestExecutorService.java:35) ~[junit-platform-engine-1.11.4.jar:1.11.4]
	at org.junit.platform.engine.support.hierarchical.HierarchicalTestExecutor.execute(HierarchicalTestExecutor.java:57) ~[junit-platform-engine-1.11.4.jar:1.11.4]
	at org.junit.platform.engine.support.hierarchical.HierarchicalTestEngine.execute(HierarchicalTestEngine.java:54) ~[junit-platform-engine-1.11.4.jar:1.11.4]
	at org.junit.platform.launcher.core.EngineExecutionOrchestrator.execute(EngineExecutionOrchestrator.java:198) ~[junit-platform-launcher-1.11.4.jar:1.11.4]
	at org.junit.platform.launcher.core.EngineExecutionOrchestrator.execute(EngineExecutionOrchestrator.java:169) ~[junit-platform-launcher-1.11.4.jar:1.11.4]
	at org.junit.platform.launcher.core.EngineExecutionOrchestrator.execute(EngineExecutionOrchestrator.java:93) ~[junit-platform-launcher-1.11.4.jar:1.11.4]
	at org.junit.platform.launcher.core.EngineExecutionOrchestrator.lambda$execute$0(EngineExecutionOrchestrator.java:58) ~[junit-platform-launcher-1.11.4.jar:1.11.4]
	at org.junit.platform.launcher.core.EngineExecutionOrchestrator.withInterceptedStreams(EngineExecutionOrchestrator.java:141) ~[junit-platform-launcher-1.11.4.jar:1.11.4]
	at org.junit.platform.launcher.core.EngineExecutionOrchestrator.execute(EngineExecutionOrchestrator.java:57) ~[junit-platform-launcher-1.11.4.jar:1.11.4]
	at org.junit.platform.launcher.core.DefaultLauncher.execute(DefaultLauncher.java:103) ~[junit-platform-launcher-1.11.4.jar:1.11.4]
	at org.junit.platform.launcher.core.DefaultLauncher.execute(DefaultLauncher.java:85) ~[junit-platform-launcher-1.11.4.jar:1.11.4]
	at org.junit.platform.launcher.core.DelegatingLauncher.execute(DelegatingLauncher.java:47) ~[junit-platform-launcher-1.11.4.jar:1.11.4]
	at org.apache.maven.surefire.junitplatform.LazyLauncher.execute(LazyLauncher.java:56) ~[surefire-junit-platform-3.5.2.jar:3.5.2]
	at org.apache.maven.surefire.junitplatform.JUnitPlatformProvider.execute(JUnitPlatformProvider.java:184) ~[surefire-junit-platform-3.5.2.jar:3.5.2]
	at org.apache.maven.surefire.junitplatform.JUnitPlatformProvider.invokeAllTests(JUnitPlatformProvider.java:148) ~[surefire-junit-platform-3.5.2.jar:3.5.2]
	at org.apache.maven.surefire.junitplatform.JUnitPlatformProvider.invoke(JUnitPlatformProvider.java:122) ~[surefire-junit-platform-3.5.2.jar:3.5.2]
	at org.apache.maven.surefire.booter.ForkedBooter.runSuitesInProcess(ForkedBooter.java:385) ~[surefire-booter-3.5.2.jar:3.5.2]
	at org.apache.maven.surefire.booter.ForkedBooter.execute(ForkedBooter.java:162) ~[surefire-booter-3.5.2.jar:3.5.2]
	at org.apache.maven.surefire.booter.ForkedBooter.run(ForkedBooter.java:507) ~[surefire-booter-3.5.2.jar:3.5.2]
	at org.apache.maven.surefire.booter.ForkedBooter.main(ForkedBooter.java:495) ~[surefire-booter-3.5.2.jar:3.5.2]

2025-03-14T22:00:36.810-05:00 DEBUG 46911 --- [flight-booking] [           main] .h.v.m.ResourceBundleMessageInterpolator : Loaded expression factory via original TCCL
2025-03-14T22:00:36.816-05:00 DEBUG 46911 --- [flight-booking] [           main] o.h.v.i.e.AbstractConfigurationImpl      : Setting custom MessageInterpolator of type org.springframework.validation.beanvalidation.LocaleContextMessageInterpolator
2025-03-14T22:00:36.823-05:00 DEBUG 46911 --- [flight-booking] [           main] o.h.v.i.e.AbstractConfigurationImpl      : Setting custom ConstraintValidatorFactory of type org.springframework.validation.beanvalidation.SpringConstraintValidatorFactory
2025-03-14T22:00:36.827-05:00 DEBUG 46911 --- [flight-booking] [           main] o.h.v.i.xml.config.ValidationXmlParser   : Trying to load META-INF/validation.xml for XML based Validator configuration.
2025-03-14T22:00:36.828-05:00 DEBUG 46911 --- [flight-booking] [           main] o.h.v.i.xml.config.ResourceLoaderHelper  : Trying to load META-INF/validation.xml via user class loader
2025-03-14T22:00:36.828-05:00 DEBUG 46911 --- [flight-booking] [           main] o.h.v.i.xml.config.ResourceLoaderHelper  : Trying to load META-INF/validation.xml via TCCL
2025-03-14T22:00:36.828-05:00 DEBUG 46911 --- [flight-booking] [           main] o.h.v.i.xml.config.ResourceLoaderHelper  : Trying to load META-INF/validation.xml via Hibernate Validator's class loader
2025-03-14T22:00:36.829-05:00 DEBUG 46911 --- [flight-booking] [           main] o.h.v.i.xml.config.ValidationXmlParser   : No META-INF/validation.xml found. Using annotation based configuration only.
2025-03-14T22:00:36.830-05:00 DEBUG 46911 --- [flight-booking] [           main] o.h.v.i.e.resolver.TraversableResolvers  : Found jakarta.persistence.Persistence on classpath containing 'getPersistenceUtil'. Assuming JPA 2 environment. Trying to instantiate JPA aware TraversableResolver
2025-03-14T22:00:36.830-05:00 DEBUG 46911 --- [flight-booking] [           main] o.h.v.i.e.resolver.TraversableResolvers  : Instantiated JPA aware TraversableResolver of type org.hibernate.validator.internal.engine.resolver.JPATraversableResolver.
2025-03-14T22:00:36.833-05:00 DEBUG 46911 --- [flight-booking] [           main] .i.e.ValidatorFactoryConfigurationHelper : HV000252: Using org.hibernate.validator.internal.engine.DefaultPropertyNodeNameProvider as property node name provider.
2025-03-14T22:00:36.834-05:00 DEBUG 46911 --- [flight-booking] [           main] .i.e.ValidatorFactoryConfigurationHelper : HV000234: Using org.springframework.validation.beanvalidation.LocaleContextMessageInterpolator as ValidatorFactory-scoped message interpolator.
2025-03-14T22:00:36.834-05:00 DEBUG 46911 --- [flight-booking] [           main] .i.e.ValidatorFactoryConfigurationHelper : HV000234: Using org.hibernate.validator.internal.engine.resolver.JPATraversableResolver as ValidatorFactory-scoped traversable resolver.
2025-03-14T22:00:36.834-05:00 DEBUG 46911 --- [flight-booking] [           main] .i.e.ValidatorFactoryConfigurationHelper : HV000234: Using org.hibernate.validator.internal.util.ExecutableParameterNameProvider as ValidatorFactory-scoped parameter name provider.
2025-03-14T22:00:36.834-05:00 DEBUG 46911 --- [flight-booking] [           main] .i.e.ValidatorFactoryConfigurationHelper : HV000234: Using org.hibernate.validator.internal.engine.DefaultClockProvider as ValidatorFactory-scoped clock provider.
2025-03-14T22:00:36.834-05:00 DEBUG 46911 --- [flight-booking] [           main] .i.e.ValidatorFactoryConfigurationHelper : HV000234: Using org.hibernate.validator.internal.engine.scripting.DefaultScriptEvaluatorFactory as ValidatorFactory-scoped script evaluator factory.
2025-03-14T22:00:37.131-05:00  WARN 46911 --- [flight-booking] [           main] JpaBaseConfiguration$JpaWebConfiguration : spring.jpa.open-in-view is enabled by default. Therefore, database queries may be performed during view rendering. Explicitly configure spring.jpa.open-in-view to disable this warning
2025-03-14T22:00:38.190-05:00  INFO 46911 --- [flight-booking] [           main] e.m.c.c.backend.BackendApplicationTests  : Started BackendApplicationTests in 15.795 seconds (process running for 17.913)
2025-03-14T22:00:38.334-05:00 DEBUG 46911 --- [flight-booking] [           main] o.h.e.t.internal.TransactionImpl         : On TransactionImpl creation, JpaCompliance#isJpaTransactionComplianceEnabled == false
2025-03-14T22:00:38.334-05:00 DEBUG 46911 --- [flight-booking] [           main] o.h.e.t.internal.TransactionImpl         : begin
2025-03-14T22:00:38.420-05:00 DEBUG 46911 --- [flight-booking] [           main] org.hibernate.orm.sql.ast.create         : Created new SQL alias : a1_0
2025-03-14T22:00:38.420-05:00 DEBUG 46911 --- [flight-booking] [           main] org.hibernate.orm.sql.ast.create         : Registration of TableGroup [StandardTableGroup(edu.miu.cs.cs425.backend.domain.entity.Airline(25))] with identifierForTableGroup [edu.miu.cs.cs425.backend.domain.entity.Airline] for NavigablePath [edu.miu.cs.cs425.backend.domain.entity.Airline] 
2025-03-14T22:00:38.429-05:00 DEBUG 46911 --- [flight-booking] [           main] org.hibernate.orm.results.graph.AST      : DomainResult Graph:
 \-EntityResultImpl [edu.miu.cs.cs425.backend.domain.entity.Airline(25)]
 |  +-BasicFetch [edu.miu.cs.cs425.backend.domain.entity.Airline(25).logoUrl]
 |  \-BasicFetch [edu.miu.cs.cs425.backend.domain.entity.Airline(25).name]

2025-03-14T22:00:38.430-05:00 DEBUG 46911 --- [flight-booking] [           main] org.hibernate.orm.sql.ast.tree           : SQL AST Tree:
    SelectStatement {
      FromClause {
        StandardTableGroup (a1 : edu.miu.cs.cs425.backend.domain.entity.Airline(25)) {
          primaryTableReference : airline as a1_0
        }
      }
    }

2025-03-14T22:00:38.459-05:00 DEBUG 46911 --- [flight-booking] [           main] org.hibernate.orm.sql.exec               : Skipping reading Query result cache data: cache-enabled = false, cache-mode = NORMAL
2025-03-14T22:00:38.464-05:00 DEBUG 46911 --- [flight-booking] [           main] org.hibernate.SQL                        : 
    select
        a1_0.code,
        a1_0.logo_url,
        a1_0.name 
    from
        airline a1_0
Hibernate: 
    select
        a1_0.code,
        a1_0.logo_url,
        a1_0.name 
    from
        airline a1_0
2025-03-14T22:00:38.548-05:00 DEBUG 46911 --- [flight-booking] [           main] org.hibernate.orm.results                : Initializer list:
	  edu.miu.cs.cs425.backend.domain.entity.Airline(25) -> EntityJoinedFetchInitializer(edu.miu.cs.cs425.backend.domain.entity.Airline(25))@421999504 (SingleTableEntityPersister(edu.miu.cs.cs425.backend.domain.entity.Airline))

2025-03-14T22:00:38.558-05:00 DEBUG 46911 --- [flight-booking] [           main] o.h.e.t.internal.TransactionImpl         : committing
2025-03-14T22:00:38.584-05:00 DEBUG 46911 --- [flight-booking] [           main] o.h.e.t.internal.TransactionImpl         : On TransactionImpl creation, JpaCompliance#isJpaTransactionComplianceEnabled == false
2025-03-14T22:00:38.584-05:00 DEBUG 46911 --- [flight-booking] [           main] o.h.e.t.internal.TransactionImpl         : begin
2025-03-14T22:00:38.586-05:00 DEBUG 46911 --- [flight-booking] [           main] org.hibernate.orm.sql.ast.create         : Created new SQL alias : a1_0
2025-03-14T22:00:38.587-05:00 DEBUG 46911 --- [flight-booking] [           main] org.hibernate.orm.sql.ast.create         : Registration of TableGroup [StandardTableGroup(edu.miu.cs.cs425.backend.domain.entity.Airport(26))] with identifierForTableGroup [edu.miu.cs.cs425.backend.domain.entity.Airport] for NavigablePath [edu.miu.cs.cs425.backend.domain.entity.Airport] 
2025-03-14T22:00:38.587-05:00 DEBUG 46911 --- [flight-booking] [           main] org.hibernate.orm.results.graph.AST      : DomainResult Graph:
 \-EntityResultImpl [edu.miu.cs.cs425.backend.domain.entity.Airport(26)]
 |  +-BasicFetch [edu.miu.cs.cs425.backend.domain.entity.Airport(26).city]
 |  +-BasicFetch [edu.miu.cs.cs425.backend.domain.entity.Airport(26).country]
 |  \-BasicFetch [edu.miu.cs.cs425.backend.domain.entity.Airport(26).name]

2025-03-14T22:00:38.587-05:00 DEBUG 46911 --- [flight-booking] [           main] org.hibernate.orm.sql.ast.tree           : SQL AST Tree:
    SelectStatement {
      FromClause {
        StandardTableGroup (a1 : edu.miu.cs.cs425.backend.domain.entity.Airport(26)) {
          primaryTableReference : airport as a1_0
        }
      }
    }

2025-03-14T22:00:38.588-05:00 DEBUG 46911 --- [flight-booking] [           main] org.hibernate.orm.sql.exec               : Skipping reading Query result cache data: cache-enabled = false, cache-mode = NORMAL
2025-03-14T22:00:38.588-05:00 DEBUG 46911 --- [flight-booking] [           main] org.hibernate.SQL                        : 
    select
        a1_0.iata_code,
        a1_0.city,
        a1_0.country,
        a1_0.name 
    from
        airport a1_0
Hibernate: 
    select
        a1_0.iata_code,
        a1_0.city,
        a1_0.country,
        a1_0.name 
    from
        airport a1_0
2025-03-14T22:00:38.658-05:00 DEBUG 46911 --- [flight-booking] [           main] org.hibernate.orm.results                : Initializer list:
	  edu.miu.cs.cs425.backend.domain.entity.Airport(26) -> EntityJoinedFetchInitializer(edu.miu.cs.cs425.backend.domain.entity.Airport(26))@114891172 (SingleTableEntityPersister(edu.miu.cs.cs425.backend.domain.entity.Airport))

2025-03-14T22:00:38.658-05:00 DEBUG 46911 --- [flight-booking] [           main] o.h.e.t.internal.TransactionImpl         : committing
2025-03-14T22:00:38.660-05:00 DEBUG 46911 --- [flight-booking] [           main] o.h.e.t.internal.TransactionImpl         : On TransactionImpl creation, JpaCompliance#isJpaTransactionComplianceEnabled == false
2025-03-14T22:00:38.660-05:00 DEBUG 46911 --- [flight-booking] [           main] o.h.e.t.internal.TransactionImpl         : begin
2025-03-14T22:00:38.661-05:00 DEBUG 46911 --- [flight-booking] [           main] org.hibernate.orm.sql.ast.create         : Created new SQL alias : u1_0
2025-03-14T22:00:38.661-05:00 DEBUG 46911 --- [flight-booking] [           main] org.hibernate.orm.sql.ast.create         : Registration of TableGroup [StandardTableGroup(edu.miu.cs.cs425.backend.domain.entity.User(27))] with identifierForTableGroup [edu.miu.cs.cs425.backend.domain.entity.User] for NavigablePath [edu.miu.cs.cs425.backend.domain.entity.User] 
2025-03-14T22:00:38.662-05:00 DEBUG 46911 --- [flight-booking] [           main] org.hibernate.orm.results.graph.AST      : DomainResult Graph:
 \-EntityResultImpl [edu.miu.cs.cs425.backend.domain.entity.User(27)]
 |  +-BasicFetch [edu.miu.cs.cs425.backend.domain.entity.User(27).address]
 |  +-BasicFetch [edu.miu.cs.cs425.backend.domain.entity.User(27).avatar]
 |  +-BasicFetch [edu.miu.cs.cs425.backend.domain.entity.User(27).createdAt]
 |  +-BasicFetch [edu.miu.cs.cs425.backend.domain.entity.User(27).email]
 |  +-BasicFetch [edu.miu.cs.cs425.backend.domain.entity.User(27).name]
 |  +-BasicFetch [edu.miu.cs.cs425.backend.domain.entity.User(27).password]
 |  +-BasicFetch [edu.miu.cs.cs425.backend.domain.entity.User(27).phone]
 |  +-BasicFetch [edu.miu.cs.cs425.backend.domain.entity.User(27).role]
 |  \-BasicFetch [edu.miu.cs.cs425.backend.domain.entity.User(27).updatedAt]

2025-03-14T22:00:38.663-05:00 DEBUG 46911 --- [flight-booking] [           main] org.hibernate.orm.sql.ast.tree           : SQL AST Tree:
    SelectStatement {
      FromClause {
        StandardTableGroup (u1 : edu.miu.cs.cs425.backend.domain.entity.User(27)) {
          primaryTableReference : user as u1_0
        }
      }
    }

2025-03-14T22:00:38.664-05:00 DEBUG 46911 --- [flight-booking] [           main] org.hibernate.orm.sql.exec               : Skipping reading Query result cache data: cache-enabled = false, cache-mode = NORMAL
2025-03-14T22:00:38.664-05:00 DEBUG 46911 --- [flight-booking] [           main] org.hibernate.SQL                        : 
    select
        u1_0.id,
        u1_0.address,
        u1_0.avatar,
        u1_0.created_at,
        u1_0.email,
        u1_0.name,
        u1_0.password,
        u1_0.phone,
        u1_0.role,
        u1_0.updated_at 
    from
        user u1_0
Hibernate: 
    select
        u1_0.id,
        u1_0.address,
        u1_0.avatar,
        u1_0.created_at,
        u1_0.email,
        u1_0.name,
        u1_0.password,
        u1_0.phone,
        u1_0.role,
        u1_0.updated_at 
    from
        user u1_0
2025-03-14T22:00:38.689-05:00 DEBUG 46911 --- [flight-booking] [           main] org.hibernate.orm.results                : Initializer list:
	  edu.miu.cs.cs425.backend.domain.entity.User(27) -> EntityJoinedFetchInitializer(edu.miu.cs.cs425.backend.domain.entity.User(27))@1871196571 (SingleTableEntityPersister(edu.miu.cs.cs425.backend.domain.entity.User))

2025-03-14T22:00:38.689-05:00 DEBUG 46911 --- [flight-booking] [           main] o.h.e.t.internal.TransactionImpl         : committing
2025-03-14T22:00:38.693-05:00 DEBUG 46911 --- [flight-booking] [           main] o.h.e.t.internal.TransactionImpl         : On TransactionImpl creation, JpaCompliance#isJpaTransactionComplianceEnabled == false
2025-03-14T22:00:38.693-05:00 DEBUG 46911 --- [flight-booking] [           main] o.h.e.t.internal.TransactionImpl         : begin
2025-03-14T22:00:38.694-05:00 DEBUG 46911 --- [flight-booking] [           main] org.hibernate.orm.sql.ast.create         : Created new SQL alias : f1_0
2025-03-14T22:00:38.694-05:00 DEBUG 46911 --- [flight-booking] [           main] org.hibernate.orm.sql.ast.create         : Registration of TableGroup [StandardTableGroup(edu.miu.cs.cs425.backend.domain.entity.Flight(28))] with identifierForTableGroup [edu.miu.cs.cs425.backend.domain.entity.Flight] for NavigablePath [edu.miu.cs.cs425.backend.domain.entity.Flight] 
2025-03-14T22:00:38.696-05:00 DEBUG 46911 --- [flight-booking] [           main] org.hibernate.orm.sql.ast.create         : Registration of TableGroup [org.hibernate.sql.ast.tree.from.LazyTableGroup@3605d078] with identifierForTableGroup [edu.miu.cs.cs425.backend.domain.entity.Flight(28).airline] for NavigablePath [edu.miu.cs.cs425.backend.domain.entity.Flight(28).airline] 
2025-03-14T22:00:38.697-05:00 DEBUG 46911 --- [flight-booking] [           main] org.hibernate.orm.sql.ast.create         : Registration of TableGroup [org.hibernate.sql.ast.tree.from.LazyTableGroup@6a79a909] with identifierForTableGroup [edu.miu.cs.cs425.backend.domain.entity.Flight(28).destination] for NavigablePath [edu.miu.cs.cs425.backend.domain.entity.Flight(28).destination] 
2025-03-14T22:00:38.697-05:00 DEBUG 46911 --- [flight-booking] [           main] org.hibernate.orm.sql.ast.create         : Registration of TableGroup [org.hibernate.sql.ast.tree.from.LazyTableGroup@721d3a03] with identifierForTableGroup [edu.miu.cs.cs425.backend.domain.entity.Flight(28).origin] for NavigablePath [edu.miu.cs.cs425.backend.domain.entity.Flight(28).origin] 
2025-03-14T22:00:38.698-05:00 DEBUG 46911 --- [flight-booking] [           main] org.hibernate.orm.results.graph.AST      : DomainResult Graph:
 \-EntityResultImpl [edu.miu.cs.cs425.backend.domain.entity.Flight(28)]
 |  +-EntityFetchSelectImpl [edu.miu.cs.cs425.backend.domain.entity.Flight(28).airline]
 |  +-BasicFetch [edu.miu.cs.cs425.backend.domain.entity.Flight(28).arrival]
 |  +-BasicFetch [edu.miu.cs.cs425.backend.domain.entity.Flight(28).departure]
 |  +-EntityFetchSelectImpl [edu.miu.cs.cs425.backend.domain.entity.Flight(28).destination]
 |  +-BasicFetch [edu.miu.cs.cs425.backend.domain.entity.Flight(28).duration]
 |  +-BasicFetch [edu.miu.cs.cs425.backend.domain.entity.Flight(28).flightNumber]
 |  +-EntityFetchSelectImpl [edu.miu.cs.cs425.backend.domain.entity.Flight(28).origin]
 |  +-BasicFetch [edu.miu.cs.cs425.backend.domain.entity.Flight(28).price]
 |  \-BasicFetch [edu.miu.cs.cs425.backend.domain.entity.Flight(28).seatsAvailable]

2025-03-14T22:00:38.698-05:00 DEBUG 46911 --- [flight-booking] [           main] org.hibernate.orm.sql.ast.tree           : SQL AST Tree:
    SelectStatement {
      FromClause {
        StandardTableGroup (f1 : edu.miu.cs.cs425.backend.domain.entity.Flight(28)) {
          primaryTableReference : flight as f1_0
          TableGroupJoins {
            left  join LazyTableGroup (a1 : edu.miu.cs.cs425.backend.domain.entity.Flight(28).airline) {
            }
            left  join LazyTableGroup (d1 : edu.miu.cs.cs425.backend.domain.entity.Flight(28).destination) {
            }
            left  join LazyTableGroup (o1 : edu.miu.cs.cs425.backend.domain.entity.Flight(28).origin) {
            }
          }
        }
      }
    }

2025-03-14T22:00:38.698-05:00 DEBUG 46911 --- [flight-booking] [           main] org.hibernate.orm.sql.exec               : Skipping reading Query result cache data: cache-enabled = false, cache-mode = NORMAL
2025-03-14T22:00:38.698-05:00 DEBUG 46911 --- [flight-booking] [           main] org.hibernate.SQL                        : 
    select
        f1_0.id,
        f1_0.airline_code,
        f1_0.arrival,
        f1_0.departure,
        f1_0.destination_iata_code,
        f1_0.duration,
        f1_0.flight_number,
        f1_0.origin_iata_code,
        f1_0.price,
        f1_0.seats_available 
    from
        flight f1_0
Hibernate: 
    select
        f1_0.id,
        f1_0.airline_code,
        f1_0.arrival,
        f1_0.departure,
        f1_0.destination_iata_code,
        f1_0.duration,
        f1_0.flight_number,
        f1_0.origin_iata_code,
        f1_0.price,
        f1_0.seats_available 
    from
        flight f1_0
2025-03-14T22:00:38.710-05:00 DEBUG 46911 --- [flight-booking] [           main] org.hibernate.orm.results                : Initializer list:
	  edu.miu.cs.cs425.backend.domain.entity.Flight(28).airline -> EntitySelectFetchInitializer(edu.miu.cs.cs425.backend.domain.entity.Flight(28).airline)@450029922 (ToOneAttributeMapping(NavigableRole[edu.miu.cs.cs425.backend.domain.entity.Flight.airline])@1042679820)
	  edu.miu.cs.cs425.backend.domain.entity.Flight(28).origin -> EntitySelectFetchInitializer(edu.miu.cs.cs425.backend.domain.entity.Flight(28).origin)@596373030 (ToOneAttributeMapping(NavigableRole[edu.miu.cs.cs425.backend.domain.entity.Flight.origin])@801447344)
	  edu.miu.cs.cs425.backend.domain.entity.Flight(28) -> EntityJoinedFetchInitializer(edu.miu.cs.cs425.backend.domain.entity.Flight(28))@584153299 (SingleTableEntityPersister(edu.miu.cs.cs425.backend.domain.entity.Flight))
	  edu.miu.cs.cs425.backend.domain.entity.Flight(28).destination -> EntitySelectFetchInitializer(edu.miu.cs.cs425.backend.domain.entity.Flight(28).destination)@750346989 (ToOneAttributeMapping(NavigableRole[edu.miu.cs.cs425.backend.domain.entity.Flight.destination])@1346327426)

2025-03-14T22:00:38.710-05:00 DEBUG 46911 --- [flight-booking] [           main] o.h.e.t.internal.TransactionImpl         : committing
2025-03-14T22:00:38.712-05:00 DEBUG 46911 --- [flight-booking] [           main] o.h.e.t.internal.TransactionImpl         : On TransactionImpl creation, JpaCompliance#isJpaTransactionComplianceEnabled == false
2025-03-14T22:00:38.712-05:00 DEBUG 46911 --- [flight-booking] [           main] o.h.e.t.internal.TransactionImpl         : begin
2025-03-14T22:00:38.716-05:00 DEBUG 46911 --- [flight-booking] [           main] org.hibernate.orm.sql.ast.create         : Created new SQL alias : b1_0
2025-03-14T22:00:38.716-05:00 DEBUG 46911 --- [flight-booking] [           main] org.hibernate.orm.sql.ast.create         : Registration of TableGroup [StandardTableGroup(edu.miu.cs.cs425.backend.domain.entity.Booking(29))] with identifierForTableGroup [edu.miu.cs.cs425.backend.domain.entity.Booking] for NavigablePath [edu.miu.cs.cs425.backend.domain.entity.Booking] 
2025-03-14T22:00:38.717-05:00 DEBUG 46911 --- [flight-booking] [           main] org.hibernate.orm.sql.ast.create         : Registration of TableGroup [StandardVirtualTableGroup(edu.miu.cs.cs425.backend.domain.entity.Booking(29).userDetails)] with identifierForTableGroup [edu.miu.cs.cs425.backend.domain.entity.Booking(29).userDetails] for NavigablePath [edu.miu.cs.cs425.backend.domain.entity.Booking(29).userDetails] 
2025-03-14T22:00:38.717-05:00 DEBUG 46911 --- [flight-booking] [           main] org.hibernate.orm.results.graph.AST      : DomainResult Graph:
 \-EntityResultImpl [edu.miu.cs.cs425.backend.domain.entity.Booking(29)]
 |  +-BasicFetch [edu.miu.cs.cs425.backend.domain.entity.Booking(29).createdAt]
 |  +-BasicFetch [edu.miu.cs.cs425.backend.domain.entity.Booking(29).fareType]
 |  +-DelayedCollectionFetch [edu.miu.cs.cs425.backend.domain.entity.Booking(29).flightLegs]
 |  +-DelayedCollectionFetch [edu.miu.cs.cs425.backend.domain.entity.Booking(29).returnFlightLegs]
 |  +-BasicFetch [edu.miu.cs.cs425.backend.domain.entity.Booking(29).selectedSeat]
 |  +-BasicFetch [edu.miu.cs.cs425.backend.domain.entity.Booking(29).status]
 |  +-BasicFetch [edu.miu.cs.cs425.backend.domain.entity.Booking(29).totalPrice]
 |  +-BasicFetch [edu.miu.cs.cs425.backend.domain.entity.Booking(29).updatedAt]
 |  +-EmbeddableFetchImpl [edu.miu.cs.cs425.backend.domain.entity.Booking(29).userDetails]
 |  |  +-BasicFetch [edu.miu.cs.cs425.backend.domain.entity.Booking(29).userDetails.address]
 |  |  +-BasicFetch [edu.miu.cs.cs425.backend.domain.entity.Booking(29).userDetails.email]
 |  |  +-BasicFetch [edu.miu.cs.cs425.backend.domain.entity.Booking(29).userDetails.firstName]
 |  |  +-BasicFetch [edu.miu.cs.cs425.backend.domain.entity.Booking(29).userDetails.lastName]
 |  |  +-BasicFetch [edu.miu.cs.cs425.backend.domain.entity.Booking(29).userDetails.passportNumber]
 |  |  \-BasicFetch [edu.miu.cs.cs425.backend.domain.entity.Booking(29).userDetails.phone]
 |  \-BasicFetch [edu.miu.cs.cs425.backend.domain.entity.Booking(29).userId]

2025-03-14T22:00:38.717-05:00 DEBUG 46911 --- [flight-booking] [           main] org.hibernate.orm.sql.ast.tree           : SQL AST Tree:
    SelectStatement {
      FromClause {
        StandardTableGroup (b1 : edu.miu.cs.cs425.backend.domain.entity.Booking(29)) {
          primaryTableReference : bookings as b1_0
          TableGroupJoins {
             join StandardVirtualTableGroup (null : edu.miu.cs.cs425.backend.domain.entity.Booking(29).userDetails) {
              primaryTableReference : bookings as b1_0
            }
          }
        }
      }
    }

2025-03-14T22:00:38.718-05:00 DEBUG 46911 --- [flight-booking] [           main] org.hibernate.orm.sql.exec               : Skipping reading Query result cache data: cache-enabled = false, cache-mode = NORMAL
2025-03-14T22:00:38.718-05:00 DEBUG 46911 --- [flight-booking] [           main] org.hibernate.SQL                        : 
    select
        b1_0.id,
        b1_0.created_at,
        b1_0.fare_type,
        b1_0.selected_seat,
        b1_0.status,
        b1_0.total_price,
        b1_0.updated_at,
        b1_0.address,
        b1_0.email,
        b1_0.first_name,
        b1_0.last_name,
        b1_0.passport_number,
        b1_0.phone,
        b1_0.user_id 
    from
        bookings b1_0
Hibernate: 
    select
        b1_0.id,
        b1_0.created_at,
        b1_0.fare_type,
        b1_0.selected_seat,
        b1_0.status,
        b1_0.total_price,
        b1_0.updated_at,
        b1_0.address,
        b1_0.email,
        b1_0.first_name,
        b1_0.last_name,
        b1_0.passport_number,
        b1_0.phone,
        b1_0.user_id 
    from
        bookings b1_0
2025-03-14T22:00:38.834-05:00 DEBUG 46911 --- [flight-booking] [           main] org.hibernate.orm.results                : Initializer list:
	  edu.miu.cs.cs425.backend.domain.entity.Booking(29).returnFlightLegs -> DelayedCollectionInitializer(edu.miu.cs.cs425.backend.domain.entity.Booking(29).returnFlightLegs)@1066465146 (PluralAttribute(edu.miu.cs.cs425.backend.domain.entity.Booking.returnFlightLegs))
	  edu.miu.cs.cs425.backend.domain.entity.Booking(29).userDetails -> EmbeddableInitializerImpl(edu.miu.cs.cs425.backend.domain.entity.Booking(29).userDetails) : `class edu.miu.cs.cs425.backend.domain.entity.UserDetails`@1015129370 (EmbeddedAttributeMapping(NavigableRole[edu.miu.cs.cs425.backend.domain.entity.Booking.userDetails])@1246980942)
	  edu.miu.cs.cs425.backend.domain.entity.Booking(29) -> EntityJoinedFetchInitializer(edu.miu.cs.cs425.backend.domain.entity.Booking(29))@1891486175 (SingleTableEntityPersister(edu.miu.cs.cs425.backend.domain.entity.Booking))
	  edu.miu.cs.cs425.backend.domain.entity.Booking(29).flightLegs -> DelayedCollectionInitializer(edu.miu.cs.cs425.backend.domain.entity.Booking(29).flightLegs)@1211026325 (PluralAttribute(edu.miu.cs.cs425.backend.domain.entity.Booking.flightLegs))

2025-03-14T22:00:38.836-05:00 DEBUG 46911 --- [flight-booking] [           main] o.h.e.t.internal.TransactionImpl         : committing
2025-03-14T22:00:38.841-05:00 DEBUG 46911 --- [flight-booking] [           main] o.h.e.t.internal.TransactionImpl         : On TransactionImpl creation, JpaCompliance#isJpaTransactionComplianceEnabled == false
2025-03-14T22:00:38.842-05:00 DEBUG 46911 --- [flight-booking] [           main] o.h.e.t.internal.TransactionImpl         : begin
2025-03-14T22:00:38.843-05:00 DEBUG 46911 --- [flight-booking] [           main] o.h.j.internal.PersistenceUnitUtilImpl   : jakarta.persistence.PersistenceUnitUtil.getIdentifier is only intended to work with enhanced entities (although Hibernate also adapts this support to its proxies); however the passed entity was not enhanced (nor a proxy).. may not be able to read identifier
2025-03-14T22:00:38.860-05:00 DEBUG 46911 --- [flight-booking] [           main] org.hibernate.orm.sql.ast.create         : Created new SQL alias : a1_0
2025-03-14T22:00:38.860-05:00 DEBUG 46911 --- [flight-booking] [           main] org.hibernate.orm.sql.ast.create         : Registration of TableGroup [StandardTableGroup(edu.miu.cs.cs425.backend.domain.entity.Airline)] with identifierForTableGroup [edu.miu.cs.cs425.backend.domain.entity.Airline] for NavigablePath [edu.miu.cs.cs425.backend.domain.entity.Airline] 
2025-03-14T22:00:38.861-05:00 DEBUG 46911 --- [flight-booking] [           main] org.hibernate.orm.results.graph.AST      : DomainResult Graph:
 \-EntityResultImpl [edu.miu.cs.cs425.backend.domain.entity.Airline]
 |  +-BasicFetch [edu.miu.cs.cs425.backend.domain.entity.Airline.logoUrl]
 |  \-BasicFetch [edu.miu.cs.cs425.backend.domain.entity.Airline.name]

2025-03-14T22:00:38.861-05:00 DEBUG 46911 --- [flight-booking] [           main] org.hibernate.orm.sql.ast.tree           : SQL AST Tree:
    SelectStatement {
      FromClause {
        StandardTableGroup (a1 : edu.miu.cs.cs425.backend.domain.entity.Airline) {
          primaryTableReference : airline as a1_0
        }
      }
    }

2025-03-14T22:00:38.865-05:00 DEBUG 46911 --- [flight-booking] [           main] org.hibernate.orm.sql.exec               : Skipping reading Query result cache data: cache-enabled = false, cache-mode = IGNORE
2025-03-14T22:00:38.865-05:00 DEBUG 46911 --- [flight-booking] [           main] org.hibernate.SQL                        : 
    select
        a1_0.code,
        a1_0.logo_url,
        a1_0.name 
    from
        airline a1_0 
    where
        a1_0.code=?
Hibernate: 
    select
        a1_0.code,
        a1_0.logo_url,
        a1_0.name 
    from
        airline a1_0 
    where
        a1_0.code=?
2025-03-14T22:00:38.874-05:00 DEBUG 46911 --- [flight-booking] [           main] org.hibernate.orm.results                : Initializer list:
	  edu.miu.cs.cs425.backend.domain.entity.Airline -> EntityJoinedFetchInitializer(edu.miu.cs.cs425.backend.domain.entity.Airline)@972199232 (SingleTableEntityPersister(edu.miu.cs.cs425.backend.domain.entity.Airline))

2025-03-14T22:00:38.902-05:00 DEBUG 46911 --- [flight-booking] [           main] o.h.j.internal.PersistenceUnitUtilImpl   : jakarta.persistence.PersistenceUnitUtil.getIdentifier is only intended to work with enhanced entities (although Hibernate also adapts this support to its proxies); however the passed entity was not enhanced (nor a proxy).. may not be able to read identifier
2025-03-14T22:00:38.902-05:00 DEBUG 46911 --- [flight-booking] [           main] org.hibernate.orm.sql.exec               : Skipping reading Query result cache data: cache-enabled = false, cache-mode = IGNORE
2025-03-14T22:00:38.903-05:00 DEBUG 46911 --- [flight-booking] [           main] org.hibernate.SQL                        : 
    select
        a1_0.code,
        a1_0.logo_url,
        a1_0.name 
    from
        airline a1_0 
    where
        a1_0.code=?
Hibernate: 
    select
        a1_0.code,
        a1_0.logo_url,
        a1_0.name 
    from
        airline a1_0 
    where
        a1_0.code=?
2025-03-14T22:00:38.904-05:00 DEBUG 46911 --- [flight-booking] [           main] o.h.j.internal.PersistenceUnitUtilImpl   : jakarta.persistence.PersistenceUnitUtil.getIdentifier is only intended to work with enhanced entities (although Hibernate also adapts this support to its proxies); however the passed entity was not enhanced (nor a proxy).. may not be able to read identifier
2025-03-14T22:00:38.905-05:00 DEBUG 46911 --- [flight-booking] [           main] org.hibernate.orm.sql.exec               : Skipping reading Query result cache data: cache-enabled = false, cache-mode = IGNORE
2025-03-14T22:00:38.905-05:00 DEBUG 46911 --- [flight-booking] [           main] org.hibernate.SQL                        : 
    select
        a1_0.code,
        a1_0.logo_url,
        a1_0.name 
    from
        airline a1_0 
    where
        a1_0.code=?
Hibernate: 
    select
        a1_0.code,
        a1_0.logo_url,
        a1_0.name 
    from
        airline a1_0 
    where
        a1_0.code=?
2025-03-14T22:00:38.907-05:00 DEBUG 46911 --- [flight-booking] [           main] o.h.j.internal.PersistenceUnitUtilImpl   : jakarta.persistence.PersistenceUnitUtil.getIdentifier is only intended to work with enhanced entities (although Hibernate also adapts this support to its proxies); however the passed entity was not enhanced (nor a proxy).. may not be able to read identifier
2025-03-14T22:00:38.908-05:00 DEBUG 46911 --- [flight-booking] [           main] org.hibernate.orm.sql.exec               : Skipping reading Query result cache data: cache-enabled = false, cache-mode = IGNORE
2025-03-14T22:00:38.908-05:00 DEBUG 46911 --- [flight-booking] [           main] org.hibernate.SQL                        : 
    select
        a1_0.code,
        a1_0.logo_url,
        a1_0.name 
    from
        airline a1_0 
    where
        a1_0.code=?
Hibernate: 
    select
        a1_0.code,
        a1_0.logo_url,
        a1_0.name 
    from
        airline a1_0 
    where
        a1_0.code=?
2025-03-14T22:00:38.922-05:00 DEBUG 46911 --- [flight-booking] [           main] o.h.e.t.internal.TransactionImpl         : committing
2025-03-14T22:00:38.923-05:00 DEBUG 46911 --- [flight-booking] [           main] o.h.e.i.AbstractFlushingEventListener    : Processing flush-time cascades
2025-03-14T22:00:38.924-05:00 DEBUG 46911 --- [flight-booking] [           main] o.h.e.i.AbstractFlushingEventListener    : Dirty checking collections
2025-03-14T22:00:38.968-05:00 DEBUG 46911 --- [flight-booking] [           main] o.h.e.i.AbstractFlushingEventListener    : Flushed: 4 insertions, 0 updates, 0 deletions to 4 objects
2025-03-14T22:00:38.968-05:00 DEBUG 46911 --- [flight-booking] [           main] o.h.e.i.AbstractFlushingEventListener    : Flushed: 0 (re)creations, 0 updates, 0 removals to 0 collections
2025-03-14T22:00:38.970-05:00 DEBUG 46911 --- [flight-booking] [           main] o.hibernate.internal.util.EntityPrinter  : Listing entities:
2025-03-14T22:00:38.971-05:00 DEBUG 46911 --- [flight-booking] [           main] o.hibernate.internal.util.EntityPrinter  : edu.miu.cs.cs425.backend.domain.entity.Airline{code=AIR001, name=Delta Airlines, logoUrl=null}
2025-03-14T22:00:38.971-05:00 DEBUG 46911 --- [flight-booking] [           main] o.hibernate.internal.util.EntityPrinter  : edu.miu.cs.cs425.backend.domain.entity.Airline{code=AIR003, name=Air Canada, logoUrl=null}
2025-03-14T22:00:38.971-05:00 DEBUG 46911 --- [flight-booking] [           main] o.hibernate.internal.util.EntityPrinter  : edu.miu.cs.cs425.backend.domain.entity.Airline{code=AIR002, name=British Airways, logoUrl=null}
2025-03-14T22:00:38.971-05:00 DEBUG 46911 --- [flight-booking] [           main] o.hibernate.internal.util.EntityPrinter  : edu.miu.cs.cs425.backend.domain.entity.Airline{code=AIR004, name=Air France, logoUrl=null}
2025-03-14T22:00:38.984-05:00 DEBUG 46911 --- [flight-booking] [           main] org.hibernate.SQL                        : 
    insert 
    into
        airline
        (logo_url, name, code) 
    values
        (?, ?, ?)
Hibernate: 
    insert 
    into
        airline
        (logo_url, name, code) 
    values
        (?, ?, ?)
2025-03-14T22:00:39.052-05:00 DEBUG 46911 --- [flight-booking] [           main] org.hibernate.SQL                        : 
    insert 
    into
        airline
        (logo_url, name, code) 
    values
        (?, ?, ?)
Hibernate: 
    insert 
    into
        airline
        (logo_url, name, code) 
    values
        (?, ?, ?)
2025-03-14T22:00:39.054-05:00 DEBUG 46911 --- [flight-booking] [           main] org.hibernate.SQL                        : 
    insert 
    into
        airline
        (logo_url, name, code) 
    values
        (?, ?, ?)
Hibernate: 
    insert 
    into
        airline
        (logo_url, name, code) 
    values
        (?, ?, ?)
2025-03-14T22:00:39.056-05:00 DEBUG 46911 --- [flight-booking] [           main] org.hibernate.SQL                        : 
    insert 
    into
        airline
        (logo_url, name, code) 
    values
        (?, ?, ?)
Hibernate: 
    insert 
    into
        airline
        (logo_url, name, code) 
    values
        (?, ?, ?)
2025-03-14T22:00:39.105-05:00 DEBUG 46911 --- [flight-booking] [           main] o.h.e.t.internal.TransactionImpl         : On TransactionImpl creation, JpaCompliance#isJpaTransactionComplianceEnabled == false
2025-03-14T22:00:39.105-05:00 DEBUG 46911 --- [flight-booking] [           main] o.h.e.t.internal.TransactionImpl         : begin
2025-03-14T22:00:39.106-05:00 DEBUG 46911 --- [flight-booking] [           main] o.h.j.internal.PersistenceUnitUtilImpl   : jakarta.persistence.PersistenceUnitUtil.getIdentifier is only intended to work with enhanced entities (although Hibernate also adapts this support to its proxies); however the passed entity was not enhanced (nor a proxy).. may not be able to read identifier
2025-03-14T22:00:39.106-05:00 DEBUG 46911 --- [flight-booking] [           main] org.hibernate.orm.sql.ast.create         : Created new SQL alias : a1_0
2025-03-14T22:00:39.106-05:00 DEBUG 46911 --- [flight-booking] [           main] org.hibernate.orm.sql.ast.create         : Registration of TableGroup [StandardTableGroup(edu.miu.cs.cs425.backend.domain.entity.Airport)] with identifierForTableGroup [edu.miu.cs.cs425.backend.domain.entity.Airport] for NavigablePath [edu.miu.cs.cs425.backend.domain.entity.Airport] 
2025-03-14T22:00:39.107-05:00 DEBUG 46911 --- [flight-booking] [           main] org.hibernate.orm.results.graph.AST      : DomainResult Graph:
 \-EntityResultImpl [edu.miu.cs.cs425.backend.domain.entity.Airport]
 |  +-BasicFetch [edu.miu.cs.cs425.backend.domain.entity.Airport.city]
 |  +-BasicFetch [edu.miu.cs.cs425.backend.domain.entity.Airport.country]
 |  \-BasicFetch [edu.miu.cs.cs425.backend.domain.entity.Airport.name]

2025-03-14T22:00:39.107-05:00 DEBUG 46911 --- [flight-booking] [           main] org.hibernate.orm.sql.ast.tree           : SQL AST Tree:
    SelectStatement {
      FromClause {
        StandardTableGroup (a1 : edu.miu.cs.cs425.backend.domain.entity.Airport) {
          primaryTableReference : airport as a1_0
        }
      }
    }

2025-03-14T22:00:39.107-05:00 DEBUG 46911 --- [flight-booking] [           main] org.hibernate.orm.sql.exec               : Skipping reading Query result cache data: cache-enabled = false, cache-mode = IGNORE
2025-03-14T22:00:39.107-05:00 DEBUG 46911 --- [flight-booking] [           main] org.hibernate.SQL                        : 
    select
        a1_0.iata_code,
        a1_0.city,
        a1_0.country,
        a1_0.name 
    from
        airport a1_0 
    where
        a1_0.iata_code=?
Hibernate: 
    select
        a1_0.iata_code,
        a1_0.city,
        a1_0.country,
        a1_0.name 
    from
        airport a1_0 
    where
        a1_0.iata_code=?
2025-03-14T22:00:39.109-05:00 DEBUG 46911 --- [flight-booking] [           main] org.hibernate.orm.results                : Initializer list:
	  edu.miu.cs.cs425.backend.domain.entity.Airport -> EntityJoinedFetchInitializer(edu.miu.cs.cs425.backend.domain.entity.Airport)@1840243848 (SingleTableEntityPersister(edu.miu.cs.cs425.backend.domain.entity.Airport))

2025-03-14T22:00:39.110-05:00 DEBUG 46911 --- [flight-booking] [           main] o.h.j.internal.PersistenceUnitUtilImpl   : jakarta.persistence.PersistenceUnitUtil.getIdentifier is only intended to work with enhanced entities (although Hibernate also adapts this support to its proxies); however the passed entity was not enhanced (nor a proxy).. may not be able to read identifier
2025-03-14T22:00:39.110-05:00 DEBUG 46911 --- [flight-booking] [           main] org.hibernate.orm.sql.exec               : Skipping reading Query result cache data: cache-enabled = false, cache-mode = IGNORE
2025-03-14T22:00:39.110-05:00 DEBUG 46911 --- [flight-booking] [           main] org.hibernate.SQL                        : 
    select
        a1_0.iata_code,
        a1_0.city,
        a1_0.country,
        a1_0.name 
    from
        airport a1_0 
    where
        a1_0.iata_code=?
Hibernate: 
    select
        a1_0.iata_code,
        a1_0.city,
        a1_0.country,
        a1_0.name 
    from
        airport a1_0 
    where
        a1_0.iata_code=?
2025-03-14T22:00:39.112-05:00 DEBUG 46911 --- [flight-booking] [           main] o.h.j.internal.PersistenceUnitUtilImpl   : jakarta.persistence.PersistenceUnitUtil.getIdentifier is only intended to work with enhanced entities (although Hibernate also adapts this support to its proxies); however the passed entity was not enhanced (nor a proxy).. may not be able to read identifier
2025-03-14T22:00:39.112-05:00 DEBUG 46911 --- [flight-booking] [           main] org.hibernate.orm.sql.exec               : Skipping reading Query result cache data: cache-enabled = false, cache-mode = IGNORE
2025-03-14T22:00:39.112-05:00 DEBUG 46911 --- [flight-booking] [           main] org.hibernate.SQL                        : 
    select
        a1_0.iata_code,
        a1_0.city,
        a1_0.country,
        a1_0.name 
    from
        airport a1_0 
    where
        a1_0.iata_code=?
Hibernate: 
    select
        a1_0.iata_code,
        a1_0.city,
        a1_0.country,
        a1_0.name 
    from
        airport a1_0 
    where
        a1_0.iata_code=?
2025-03-14T22:00:39.116-05:00 DEBUG 46911 --- [flight-booking] [           main] o.h.j.internal.PersistenceUnitUtilImpl   : jakarta.persistence.PersistenceUnitUtil.getIdentifier is only intended to work with enhanced entities (although Hibernate also adapts this support to its proxies); however the passed entity was not enhanced (nor a proxy).. may not be able to read identifier
2025-03-14T22:00:39.116-05:00 DEBUG 46911 --- [flight-booking] [           main] org.hibernate.orm.sql.exec               : Skipping reading Query result cache data: cache-enabled = false, cache-mode = IGNORE
2025-03-14T22:00:39.116-05:00 DEBUG 46911 --- [flight-booking] [           main] org.hibernate.SQL                        : 
    select
        a1_0.iata_code,
        a1_0.city,
        a1_0.country,
        a1_0.name 
    from
        airport a1_0 
    where
        a1_0.iata_code=?
Hibernate: 
    select
        a1_0.iata_code,
        a1_0.city,
        a1_0.country,
        a1_0.name 
    from
        airport a1_0 
    where
        a1_0.iata_code=?
2025-03-14T22:00:39.119-05:00 DEBUG 46911 --- [flight-booking] [           main] o.h.e.t.internal.TransactionImpl         : committing
2025-03-14T22:00:39.119-05:00 DEBUG 46911 --- [flight-booking] [           main] o.h.e.i.AbstractFlushingEventListener    : Processing flush-time cascades
2025-03-14T22:00:39.119-05:00 DEBUG 46911 --- [flight-booking] [           main] o.h.e.i.AbstractFlushingEventListener    : Dirty checking collections
2025-03-14T22:00:39.119-05:00 DEBUG 46911 --- [flight-booking] [           main] o.h.e.i.AbstractFlushingEventListener    : Flushed: 4 insertions, 0 updates, 0 deletions to 4 objects
2025-03-14T22:00:39.119-05:00 DEBUG 46911 --- [flight-booking] [           main] o.h.e.i.AbstractFlushingEventListener    : Flushed: 0 (re)creations, 0 updates, 0 removals to 0 collections
2025-03-14T22:00:39.119-05:00 DEBUG 46911 --- [flight-booking] [           main] o.hibernate.internal.util.EntityPrinter  : Listing entities:
2025-03-14T22:00:39.119-05:00 DEBUG 46911 --- [flight-booking] [           main] o.hibernate.internal.util.EntityPrinter  : edu.miu.cs.cs425.backend.domain.entity.Airport{country=USA, iataCode=JFK, city=New York, name=John F. Kennedy International Airport}
2025-03-14T22:00:39.119-05:00 DEBUG 46911 --- [flight-booking] [           main] o.hibernate.internal.util.EntityPrinter  : edu.miu.cs.cs425.backend.domain.entity.Airport{country=UK, iataCode=LHR, city=London, name=London Heathrow Airport}
2025-03-14T22:00:39.120-05:00 DEBUG 46911 --- [flight-booking] [           main] o.hibernate.internal.util.EntityPrinter  : edu.miu.cs.cs425.backend.domain.entity.Airport{country=France, iataCode=CDG, city=Paris, name=Charles de Gaulle Airport}
2025-03-14T22:00:39.120-05:00 DEBUG 46911 --- [flight-booking] [           main] o.hibernate.internal.util.EntityPrinter  : edu.miu.cs.cs425.backend.domain.entity.Airport{country=Canada, iataCode=YYZ, city=Toronto, name=Toronto Pearson International Airport}
2025-03-14T22:00:39.120-05:00 DEBUG 46911 --- [flight-booking] [           main] org.hibernate.SQL                        : 
    insert 
    into
        airport
        (city, country, name, iata_code) 
    values
        (?, ?, ?, ?)
Hibernate: 
    insert 
    into
        airport
        (city, country, name, iata_code) 
    values
        (?, ?, ?, ?)
2025-03-14T22:00:39.122-05:00 DEBUG 46911 --- [flight-booking] [           main] org.hibernate.SQL                        : 
    insert 
    into
        airport
        (city, country, name, iata_code) 
    values
        (?, ?, ?, ?)
Hibernate: 
    insert 
    into
        airport
        (city, country, name, iata_code) 
    values
        (?, ?, ?, ?)
2025-03-14T22:00:39.132-05:00 DEBUG 46911 --- [flight-booking] [           main] org.hibernate.SQL                        : 
    insert 
    into
        airport
        (city, country, name, iata_code) 
    values
        (?, ?, ?, ?)
Hibernate: 
    insert 
    into
        airport
        (city, country, name, iata_code) 
    values
        (?, ?, ?, ?)
2025-03-14T22:00:39.133-05:00 DEBUG 46911 --- [flight-booking] [           main] org.hibernate.SQL                        : 
    insert 
    into
        airport
        (city, country, name, iata_code) 
    values
        (?, ?, ?, ?)
Hibernate: 
    insert 
    into
        airport
        (city, country, name, iata_code) 
    values
        (?, ?, ?, ?)
2025-03-14T22:00:39.246-05:00 DEBUG 46911 --- [flight-booking] [           main] o.h.e.t.internal.TransactionImpl         : On TransactionImpl creation, JpaCompliance#isJpaTransactionComplianceEnabled == false
2025-03-14T22:00:39.246-05:00 DEBUG 46911 --- [flight-booking] [           main] o.h.e.t.internal.TransactionImpl         : begin
2025-03-14T22:00:39.250-05:00 DEBUG 46911 --- [flight-booking] [           main] o.h.j.internal.PersistenceUnitUtilImpl   : jakarta.persistence.PersistenceUnitUtil.getIdentifier is only intended to work with enhanced entities (although Hibernate also adapts this support to its proxies); however the passed entity was not enhanced (nor a proxy).. may not be able to read identifier
2025-03-14T22:00:39.250-05:00 DEBUG 46911 --- [flight-booking] [           main] org.hibernate.orm.sql.ast.create         : Created new SQL alias : u1_0
2025-03-14T22:00:39.250-05:00 DEBUG 46911 --- [flight-booking] [           main] org.hibernate.orm.sql.ast.create         : Registration of TableGroup [StandardTableGroup(edu.miu.cs.cs425.backend.domain.entity.User)] with identifierForTableGroup [edu.miu.cs.cs425.backend.domain.entity.User] for NavigablePath [edu.miu.cs.cs425.backend.domain.entity.User] 
2025-03-14T22:00:39.251-05:00 DEBUG 46911 --- [flight-booking] [           main] org.hibernate.orm.results.graph.AST      : DomainResult Graph:
 \-EntityResultImpl [edu.miu.cs.cs425.backend.domain.entity.User]
 |  +-BasicFetch [edu.miu.cs.cs425.backend.domain.entity.User.address]
 |  +-BasicFetch [edu.miu.cs.cs425.backend.domain.entity.User.avatar]
 |  +-BasicFetch [edu.miu.cs.cs425.backend.domain.entity.User.createdAt]
 |  +-BasicFetch [edu.miu.cs.cs425.backend.domain.entity.User.email]
 |  +-BasicFetch [edu.miu.cs.cs425.backend.domain.entity.User.name]
 |  +-BasicFetch [edu.miu.cs.cs425.backend.domain.entity.User.password]
 |  +-BasicFetch [edu.miu.cs.cs425.backend.domain.entity.User.phone]
 |  +-BasicFetch [edu.miu.cs.cs425.backend.domain.entity.User.role]
 |  \-BasicFetch [edu.miu.cs.cs425.backend.domain.entity.User.updatedAt]

2025-03-14T22:00:39.251-05:00 DEBUG 46911 --- [flight-booking] [           main] org.hibernate.orm.sql.ast.tree           : SQL AST Tree:
    SelectStatement {
      FromClause {
        StandardTableGroup (u1 : edu.miu.cs.cs425.backend.domain.entity.User) {
          primaryTableReference : user as u1_0
        }
      }
    }

2025-03-14T22:00:39.251-05:00 DEBUG 46911 --- [flight-booking] [           main] org.hibernate.orm.sql.exec               : Skipping reading Query result cache data: cache-enabled = false, cache-mode = IGNORE
2025-03-14T22:00:39.252-05:00 DEBUG 46911 --- [flight-booking] [           main] org.hibernate.SQL                        : 
    select
        u1_0.id,
        u1_0.address,
        u1_0.avatar,
        u1_0.created_at,
        u1_0.email,
        u1_0.name,
        u1_0.password,
        u1_0.phone,
        u1_0.role,
        u1_0.updated_at 
    from
        user u1_0 
    where
        u1_0.id=?
Hibernate: 
    select
        u1_0.id,
        u1_0.address,
        u1_0.avatar,
        u1_0.created_at,
        u1_0.email,
        u1_0.name,
        u1_0.password,
        u1_0.phone,
        u1_0.role,
        u1_0.updated_at 
    from
        user u1_0 
    where
        u1_0.id=?
2025-03-14T22:00:39.254-05:00 DEBUG 46911 --- [flight-booking] [           main] org.hibernate.orm.results                : Initializer list:
	  edu.miu.cs.cs425.backend.domain.entity.User -> EntityJoinedFetchInitializer(edu.miu.cs.cs425.backend.domain.entity.User)@1434592412 (SingleTableEntityPersister(edu.miu.cs.cs425.backend.domain.entity.User))

2025-03-14T22:00:39.256-05:00 DEBUG 46911 --- [flight-booking] [           main] o.h.e.t.internal.TransactionImpl         : committing
2025-03-14T22:00:39.256-05:00 DEBUG 46911 --- [flight-booking] [           main] o.h.e.i.AbstractFlushingEventListener    : Processing flush-time cascades
2025-03-14T22:00:39.256-05:00 DEBUG 46911 --- [flight-booking] [           main] o.h.e.i.AbstractFlushingEventListener    : Dirty checking collections
2025-03-14T22:00:39.256-05:00 DEBUG 46911 --- [flight-booking] [           main] o.h.e.i.AbstractFlushingEventListener    : Flushed: 1 insertions, 0 updates, 0 deletions to 1 objects
2025-03-14T22:00:39.256-05:00 DEBUG 46911 --- [flight-booking] [           main] o.h.e.i.AbstractFlushingEventListener    : Flushed: 0 (re)creations, 0 updates, 0 removals to 0 collections
2025-03-14T22:00:39.256-05:00 DEBUG 46911 --- [flight-booking] [           main] o.hibernate.internal.util.EntityPrinter  : Listing entities:
2025-03-14T22:00:39.256-05:00 DEBUG 46911 --- [flight-booking] [           main] o.hibernate.internal.util.EntityPrinter  : edu.miu.cs.cs425.backend.domain.entity.User{createdAt=null, password=$2a$10$aGCKIMa6ZurM2HpinxtcqOLz8oaHq955dqpaztr8dmFBM588gNMnS, address=null, role=null, phone=null, name=John Doe, id=c9643f5b-a2c3-45ba-ab46-a75834bbf85f, avatar=null, email=john.doe@example.com, updatedAt=null}
2025-03-14T22:00:39.256-05:00 DEBUG 46911 --- [flight-booking] [           main] org.hibernate.SQL                        : 
    insert 
    into
        user
        (address, avatar, created_at, email, name, password, phone, role, updated_at, id) 
    values
        (?, ?, ?, ?, ?, ?, ?, ?, ?, ?)
Hibernate: 
    insert 
    into
        user
        (address, avatar, created_at, email, name, password, phone, role, updated_at, id) 
    values
        (?, ?, ?, ?, ?, ?, ?, ?, ?, ?)
2025-03-14T22:00:39.265-05:00 DEBUG 46911 --- [flight-booking] [           main] o.h.e.t.internal.TransactionImpl         : On TransactionImpl creation, JpaCompliance#isJpaTransactionComplianceEnabled == false
2025-03-14T22:00:39.265-05:00 DEBUG 46911 --- [flight-booking] [           main] o.h.e.t.internal.TransactionImpl         : begin
2025-03-14T22:00:39.266-05:00 DEBUG 46911 --- [flight-booking] [           main] o.h.j.internal.PersistenceUnitUtilImpl   : jakarta.persistence.PersistenceUnitUtil.getIdentifier is only intended to work with enhanced entities (although Hibernate also adapts this support to its proxies); however the passed entity was not enhanced (nor a proxy).. may not be able to read identifier
2025-03-14T22:00:39.267-05:00 DEBUG 46911 --- [flight-booking] [           main] org.hibernate.orm.sql.ast.create         : Created new SQL alias : f1_0
2025-03-14T22:00:39.267-05:00 DEBUG 46911 --- [flight-booking] [           main] org.hibernate.orm.sql.ast.create         : Registration of TableGroup [StandardTableGroup(edu.miu.cs.cs425.backend.domain.entity.Flight)] with identifierForTableGroup [edu.miu.cs.cs425.backend.domain.entity.Flight] for NavigablePath [edu.miu.cs.cs425.backend.domain.entity.Flight] 
2025-03-14T22:00:39.267-05:00 DEBUG 46911 --- [flight-booking] [           main] org.hibernate.orm.sql.ast.create         : Registration of TableGroup [org.hibernate.sql.ast.tree.from.LazyTableGroup@2f75c3f3] with identifierForTableGroup [edu.miu.cs.cs425.backend.domain.entity.Flight.airline] for NavigablePath [edu.miu.cs.cs425.backend.domain.entity.Flight.airline] 
2025-03-14T22:00:39.268-05:00 DEBUG 46911 --- [flight-booking] [           main] org.hibernate.orm.sql.ast.create         : Created new SQL alias : a1_0
2025-03-14T22:00:39.268-05:00 DEBUG 46911 --- [flight-booking] [           main] org.hibernate.orm.sql.ast.create         : Registration of TableGroup [org.hibernate.sql.ast.tree.from.LazyTableGroup@313c7515] with identifierForTableGroup [edu.miu.cs.cs425.backend.domain.entity.Flight.destination] for NavigablePath [edu.miu.cs.cs425.backend.domain.entity.Flight.destination] 
2025-03-14T22:00:39.268-05:00 DEBUG 46911 --- [flight-booking] [           main] org.hibernate.orm.sql.ast.create         : Created new SQL alias : d1_0
2025-03-14T22:00:39.268-05:00 DEBUG 46911 --- [flight-booking] [           main] org.hibernate.orm.sql.ast.create         : Registration of TableGroup [org.hibernate.sql.ast.tree.from.LazyTableGroup@287cfa9c] with identifierForTableGroup [edu.miu.cs.cs425.backend.domain.entity.Flight.origin] for NavigablePath [edu.miu.cs.cs425.backend.domain.entity.Flight.origin] 
2025-03-14T22:00:39.268-05:00 DEBUG 46911 --- [flight-booking] [           main] org.hibernate.orm.sql.ast.create         : Created new SQL alias : o1_0
2025-03-14T22:00:39.269-05:00 DEBUG 46911 --- [flight-booking] [           main] org.hibernate.orm.results.graph.AST      : DomainResult Graph:
 \-EntityResultImpl [edu.miu.cs.cs425.backend.domain.entity.Flight]
 |  +-EntityFetchJoinedImpl [edu.miu.cs.cs425.backend.domain.entity.Flight.airline]
 |  |  +-BasicFetch [edu.miu.cs.cs425.backend.domain.entity.Flight.airline.logoUrl]
 |  |  \-BasicFetch [edu.miu.cs.cs425.backend.domain.entity.Flight.airline.name]
 |  +-BasicFetch [edu.miu.cs.cs425.backend.domain.entity.Flight.arrival]
 |  +-BasicFetch [edu.miu.cs.cs425.backend.domain.entity.Flight.departure]
 |  +-EntityFetchJoinedImpl [edu.miu.cs.cs425.backend.domain.entity.Flight.destination]
 |  |  +-BasicFetch [edu.miu.cs.cs425.backend.domain.entity.Flight.destination.city]
 |  |  +-BasicFetch [edu.miu.cs.cs425.backend.domain.entity.Flight.destination.country]
 |  |  \-BasicFetch [edu.miu.cs.cs425.backend.domain.entity.Flight.destination.name]
 |  +-BasicFetch [edu.miu.cs.cs425.backend.domain.entity.Flight.duration]
 |  +-BasicFetch [edu.miu.cs.cs425.backend.domain.entity.Flight.flightNumber]
 |  +-EntityFetchJoinedImpl [edu.miu.cs.cs425.backend.domain.entity.Flight.origin]
 |  |  +-BasicFetch [edu.miu.cs.cs425.backend.domain.entity.Flight.origin.city]
 |  |  +-BasicFetch [edu.miu.cs.cs425.backend.domain.entity.Flight.origin.country]
 |  |  \-BasicFetch [edu.miu.cs.cs425.backend.domain.entity.Flight.origin.name]
 |  +-BasicFetch [edu.miu.cs.cs425.backend.domain.entity.Flight.price]
 |  \-BasicFetch [edu.miu.cs.cs425.backend.domain.entity.Flight.seatsAvailable]

2025-03-14T22:00:39.269-05:00 DEBUG 46911 --- [flight-booking] [           main] org.hibernate.orm.sql.ast.tree           : SQL AST Tree:
    SelectStatement {
      FromClause {
        StandardTableGroup (f1 : edu.miu.cs.cs425.backend.domain.entity.Flight) {
          primaryTableReference : flight as f1_0
          TableGroupJoins {
            left  join LazyTableGroup (a1 : edu.miu.cs.cs425.backend.domain.entity.Flight.airline) {
              primaryTableReference : airline as a1_0
            }
            left  join LazyTableGroup (d1 : edu.miu.cs.cs425.backend.domain.entity.Flight.destination) {
              primaryTableReference : airport as d1_0
            }
            left  join LazyTableGroup (o1 : edu.miu.cs.cs425.backend.domain.entity.Flight.origin) {
              primaryTableReference : airport as o1_0
            }
          }
        }
      }
    }

2025-03-14T22:00:39.269-05:00 DEBUG 46911 --- [flight-booking] [           main] org.hibernate.orm.sql.exec               : Skipping reading Query result cache data: cache-enabled = false, cache-mode = IGNORE
2025-03-14T22:00:39.269-05:00 DEBUG 46911 --- [flight-booking] [           main] org.hibernate.SQL                        : 
    select
        f1_0.id,
        a1_0.code,
        a1_0.logo_url,
        a1_0.name,
        f1_0.arrival,
        f1_0.departure,
        d1_0.iata_code,
        d1_0.city,
        d1_0.country,
        d1_0.name,
        f1_0.duration,
        f1_0.flight_number,
        o1_0.iata_code,
        o1_0.city,
        o1_0.country,
        o1_0.name,
        f1_0.price,
        f1_0.seats_available 
    from
        flight f1_0 
    left join
        airline a1_0 
            on a1_0.code=f1_0.airline_code 
    left join
        airport d1_0 
            on d1_0.iata_code=f1_0.destination_iata_code 
    left join
        airport o1_0 
            on o1_0.iata_code=f1_0.origin_iata_code 
    where
        f1_0.id=?
Hibernate: 
    select
        f1_0.id,
        a1_0.code,
        a1_0.logo_url,
        a1_0.name,
        f1_0.arrival,
        f1_0.departure,
        d1_0.iata_code,
        d1_0.city,
        d1_0.country,
        d1_0.name,
        f1_0.duration,
        f1_0.flight_number,
        o1_0.iata_code,
        o1_0.city,
        o1_0.country,
        o1_0.name,
        f1_0.price,
        f1_0.seats_available 
    from
        flight f1_0 
    left join
        airline a1_0 
            on a1_0.code=f1_0.airline_code 
    left join
        airport d1_0 
            on d1_0.iata_code=f1_0.destination_iata_code 
    left join
        airport o1_0 
            on o1_0.iata_code=f1_0.origin_iata_code 
    where
        f1_0.id=?
2025-03-14T22:00:39.272-05:00 DEBUG 46911 --- [flight-booking] [           main] org.hibernate.orm.results                : Initializer list:
	  edu.miu.cs.cs425.backend.domain.entity.Flight -> EntityJoinedFetchInitializer(edu.miu.cs.cs425.backend.domain.entity.Flight)@211029675 (SingleTableEntityPersister(edu.miu.cs.cs425.backend.domain.entity.Flight))
	  edu.miu.cs.cs425.backend.domain.entity.Flight.airline -> EntityJoinedFetchInitializer(edu.miu.cs.cs425.backend.domain.entity.Flight.airline)@1783405851 (ToOneAttributeMapping(NavigableRole[edu.miu.cs.cs425.backend.domain.entity.Flight.airline])@1042679820)
	  edu.miu.cs.cs425.backend.domain.entity.Flight.destination -> EntityJoinedFetchInitializer(edu.miu.cs.cs425.backend.domain.entity.Flight.destination)@1421496184 (ToOneAttributeMapping(NavigableRole[edu.miu.cs.cs425.backend.domain.entity.Flight.destination])@1346327426)
	  edu.miu.cs.cs425.backend.domain.entity.Flight.origin -> EntityJoinedFetchInitializer(edu.miu.cs.cs425.backend.domain.entity.Flight.origin)@179677200 (ToOneAttributeMapping(NavigableRole[edu.miu.cs.cs425.backend.domain.entity.Flight.origin])@801447344)

2025-03-14T22:00:39.277-05:00 DEBUG 46911 --- [flight-booking] [           main] org.hibernate.orm.sql.exec               : Skipping reading Query result cache data: cache-enabled = false, cache-mode = IGNORE
2025-03-14T22:00:39.278-05:00 DEBUG 46911 --- [flight-booking] [           main] org.hibernate.SQL                        : 
    select
        a1_0.code,
        a1_0.logo_url,
        a1_0.name 
    from
        airline a1_0 
    where
        a1_0.code=?
Hibernate: 
    select
        a1_0.code,
        a1_0.logo_url,
        a1_0.name 
    from
        airline a1_0 
    where
        a1_0.code=?
2025-03-14T22:00:39.280-05:00 DEBUG 46911 --- [flight-booking] [           main] org.hibernate.orm.results                : Initializer list:
	  edu.miu.cs.cs425.backend.domain.entity.Airline -> EntityJoinedFetchInitializer(edu.miu.cs.cs425.backend.domain.entity.Airline)@2035125068 (SingleTableEntityPersister(edu.miu.cs.cs425.backend.domain.entity.Airline))

2025-03-14T22:00:39.286-05:00 DEBUG 46911 --- [flight-booking] [           main] org.hibernate.orm.sql.exec               : Skipping reading Query result cache data: cache-enabled = false, cache-mode = IGNORE
2025-03-14T22:00:39.286-05:00 DEBUG 46911 --- [flight-booking] [           main] org.hibernate.SQL                        : 
    select
        a1_0.iata_code,
        a1_0.city,
        a1_0.country,
        a1_0.name 
    from
        airport a1_0 
    where
        a1_0.iata_code=?
Hibernate: 
    select
        a1_0.iata_code,
        a1_0.city,
        a1_0.country,
        a1_0.name 
    from
        airport a1_0 
    where
        a1_0.iata_code=?
2025-03-14T22:00:39.341-05:00 DEBUG 46911 --- [flight-booking] [           main] org.hibernate.orm.results                : Initializer list:
	  edu.miu.cs.cs425.backend.domain.entity.Airport -> EntityJoinedFetchInitializer(edu.miu.cs.cs425.backend.domain.entity.Airport)@2000887570 (SingleTableEntityPersister(edu.miu.cs.cs425.backend.domain.entity.Airport))

2025-03-14T22:00:39.342-05:00 DEBUG 46911 --- [flight-booking] [           main] org.hibernate.orm.sql.exec               : Skipping reading Query result cache data: cache-enabled = false, cache-mode = IGNORE
2025-03-14T22:00:39.342-05:00 DEBUG 46911 --- [flight-booking] [           main] org.hibernate.SQL                        : 
    select
        a1_0.iata_code,
        a1_0.city,
        a1_0.country,
        a1_0.name 
    from
        airport a1_0 
    where
        a1_0.iata_code=?
Hibernate: 
    select
        a1_0.iata_code,
        a1_0.city,
        a1_0.country,
        a1_0.name 
    from
        airport a1_0 
    where
        a1_0.iata_code=?
2025-03-14T22:00:39.345-05:00 DEBUG 46911 --- [flight-booking] [           main] o.h.j.internal.PersistenceUnitUtilImpl   : jakarta.persistence.PersistenceUnitUtil.getIdentifier is only intended to work with enhanced entities (although Hibernate also adapts this support to its proxies); however the passed entity was not enhanced (nor a proxy).. may not be able to read identifier
2025-03-14T22:00:39.345-05:00 DEBUG 46911 --- [flight-booking] [           main] org.hibernate.orm.sql.exec               : Skipping reading Query result cache data: cache-enabled = false, cache-mode = IGNORE
2025-03-14T22:00:39.345-05:00 DEBUG 46911 --- [flight-booking] [           main] org.hibernate.SQL                        : 
    select
        f1_0.id,
        a1_0.code,
        a1_0.logo_url,
        a1_0.name,
        f1_0.arrival,
        f1_0.departure,
        d1_0.iata_code,
        d1_0.city,
        d1_0.country,
        d1_0.name,
        f1_0.duration,
        f1_0.flight_number,
        o1_0.iata_code,
        o1_0.city,
        o1_0.country,
        o1_0.name,
        f1_0.price,
        f1_0.seats_available 
    from
        flight f1_0 
    left join
        airline a1_0 
            on a1_0.code=f1_0.airline_code 
    left join
        airport d1_0 
            on d1_0.iata_code=f1_0.destination_iata_code 
    left join
        airport o1_0 
            on o1_0.iata_code=f1_0.origin_iata_code 
    where
        f1_0.id=?
Hibernate: 
    select
        f1_0.id,
        a1_0.code,
        a1_0.logo_url,
        a1_0.name,
        f1_0.arrival,
        f1_0.departure,
        d1_0.iata_code,
        d1_0.city,
        d1_0.country,
        d1_0.name,
        f1_0.duration,
        f1_0.flight_number,
        o1_0.iata_code,
        o1_0.city,
        o1_0.country,
        o1_0.name,
        f1_0.price,
        f1_0.seats_available 
    from
        flight f1_0 
    left join
        airline a1_0 
            on a1_0.code=f1_0.airline_code 
    left join
        airport d1_0 
            on d1_0.iata_code=f1_0.destination_iata_code 
    left join
        airport o1_0 
            on o1_0.iata_code=f1_0.origin_iata_code 
    where
        f1_0.id=?
2025-03-14T22:00:39.355-05:00 DEBUG 46911 --- [flight-booking] [           main] org.hibernate.orm.sql.exec               : Skipping reading Query result cache data: cache-enabled = false, cache-mode = IGNORE
2025-03-14T22:00:39.355-05:00 DEBUG 46911 --- [flight-booking] [           main] org.hibernate.SQL                        : 
    select
        a1_0.code,
        a1_0.logo_url,
        a1_0.name 
    from
        airline a1_0 
    where
        a1_0.code=?
Hibernate: 
    select
        a1_0.code,
        a1_0.logo_url,
        a1_0.name 
    from
        airline a1_0 
    where
        a1_0.code=?
2025-03-14T22:00:39.358-05:00 DEBUG 46911 --- [flight-booking] [           main] org.hibernate.orm.sql.exec               : Skipping reading Query result cache data: cache-enabled = false, cache-mode = IGNORE
2025-03-14T22:00:39.359-05:00 DEBUG 46911 --- [flight-booking] [           main] org.hibernate.SQL                        : 
    select
        a1_0.iata_code,
        a1_0.city,
        a1_0.country,
        a1_0.name 
    from
        airport a1_0 
    where
        a1_0.iata_code=?
Hibernate: 
    select
        a1_0.iata_code,
        a1_0.city,
        a1_0.country,
        a1_0.name 
    from
        airport a1_0 
    where
        a1_0.iata_code=?
2025-03-14T22:00:39.362-05:00 DEBUG 46911 --- [flight-booking] [           main] o.h.j.internal.PersistenceUnitUtilImpl   : jakarta.persistence.PersistenceUnitUtil.getIdentifier is only intended to work with enhanced entities (although Hibernate also adapts this support to its proxies); however the passed entity was not enhanced (nor a proxy).. may not be able to read identifier
2025-03-14T22:00:39.363-05:00 DEBUG 46911 --- [flight-booking] [           main] org.hibernate.orm.sql.exec               : Skipping reading Query result cache data: cache-enabled = false, cache-mode = IGNORE
2025-03-14T22:00:39.363-05:00 DEBUG 46911 --- [flight-booking] [           main] org.hibernate.SQL                        : 
    select
        f1_0.id,
        a1_0.code,
        a1_0.logo_url,
        a1_0.name,
        f1_0.arrival,
        f1_0.departure,
        d1_0.iata_code,
        d1_0.city,
        d1_0.country,
        d1_0.name,
        f1_0.duration,
        f1_0.flight_number,
        o1_0.iata_code,
        o1_0.city,
        o1_0.country,
        o1_0.name,
        f1_0.price,
        f1_0.seats_available 
    from
        flight f1_0 
    left join
        airline a1_0 
            on a1_0.code=f1_0.airline_code 
    left join
        airport d1_0 
            on d1_0.iata_code=f1_0.destination_iata_code 
    left join
        airport o1_0 
            on o1_0.iata_code=f1_0.origin_iata_code 
    where
        f1_0.id=?
Hibernate: 
    select
        f1_0.id,
        a1_0.code,
        a1_0.logo_url,
        a1_0.name,
        f1_0.arrival,
        f1_0.departure,
        d1_0.iata_code,
        d1_0.city,
        d1_0.country,
        d1_0.name,
        f1_0.duration,
        f1_0.flight_number,
        o1_0.iata_code,
        o1_0.city,
        o1_0.country,
        o1_0.name,
        f1_0.price,
        f1_0.seats_available 
    from
        flight f1_0 
    left join
        airline a1_0 
            on a1_0.code=f1_0.airline_code 
    left join
        airport d1_0 
            on d1_0.iata_code=f1_0.destination_iata_code 
    left join
        airport o1_0 
            on o1_0.iata_code=f1_0.origin_iata_code 
    where
        f1_0.id=?
2025-03-14T22:00:39.366-05:00 DEBUG 46911 --- [flight-booking] [           main] o.h.j.internal.PersistenceUnitUtilImpl   : jakarta.persistence.PersistenceUnitUtil.getIdentifier is only intended to work with enhanced entities (although Hibernate also adapts this support to its proxies); however the passed entity was not enhanced (nor a proxy).. may not be able to read identifier
2025-03-14T22:00:39.367-05:00 DEBUG 46911 --- [flight-booking] [           main] org.hibernate.orm.sql.exec               : Skipping reading Query result cache data: cache-enabled = false, cache-mode = IGNORE
2025-03-14T22:00:39.367-05:00 DEBUG 46911 --- [flight-booking] [           main] org.hibernate.SQL                        : 
    select
        f1_0.id,
        a1_0.code,
        a1_0.logo_url,
        a1_0.name,
        f1_0.arrival,
        f1_0.departure,
        d1_0.iata_code,
        d1_0.city,
        d1_0.country,
        d1_0.name,
        f1_0.duration,
        f1_0.flight_number,
        o1_0.iata_code,
        o1_0.city,
        o1_0.country,
        o1_0.name,
        f1_0.price,
        f1_0.seats_available 
    from
        flight f1_0 
    left join
        airline a1_0 
            on a1_0.code=f1_0.airline_code 
    left join
        airport d1_0 
            on d1_0.iata_code=f1_0.destination_iata_code 
    left join
        airport o1_0 
            on o1_0.iata_code=f1_0.origin_iata_code 
    where
        f1_0.id=?
Hibernate: 
    select
        f1_0.id,
        a1_0.code,
        a1_0.logo_url,
        a1_0.name,
        f1_0.arrival,
        f1_0.departure,
        d1_0.iata_code,
        d1_0.city,
        d1_0.country,
        d1_0.name,
        f1_0.duration,
        f1_0.flight_number,
        o1_0.iata_code,
        o1_0.city,
        o1_0.country,
        o1_0.name,
        f1_0.price,
        f1_0.seats_available 
    from
        flight f1_0 
    left join
        airline a1_0 
            on a1_0.code=f1_0.airline_code 
    left join
        airport d1_0 
            on d1_0.iata_code=f1_0.destination_iata_code 
    left join
        airport o1_0 
            on o1_0.iata_code=f1_0.origin_iata_code 
    where
        f1_0.id=?
2025-03-14T22:00:39.371-05:00 DEBUG 46911 --- [flight-booking] [           main] o.h.j.internal.PersistenceUnitUtilImpl   : jakarta.persistence.PersistenceUnitUtil.getIdentifier is only intended to work with enhanced entities (although Hibernate also adapts this support to its proxies); however the passed entity was not enhanced (nor a proxy).. may not be able to read identifier
2025-03-14T22:00:39.371-05:00 DEBUG 46911 --- [flight-booking] [           main] org.hibernate.orm.sql.exec               : Skipping reading Query result cache data: cache-enabled = false, cache-mode = IGNORE
2025-03-14T22:00:39.371-05:00 DEBUG 46911 --- [flight-booking] [           main] org.hibernate.SQL                        : 
    select
        f1_0.id,
        a1_0.code,
        a1_0.logo_url,
        a1_0.name,
        f1_0.arrival,
        f1_0.departure,
        d1_0.iata_code,
        d1_0.city,
        d1_0.country,
        d1_0.name,
        f1_0.duration,
        f1_0.flight_number,
        o1_0.iata_code,
        o1_0.city,
        o1_0.country,
        o1_0.name,
        f1_0.price,
        f1_0.seats_available 
    from
        flight f1_0 
    left join
        airline a1_0 
            on a1_0.code=f1_0.airline_code 
    left join
        airport d1_0 
            on d1_0.iata_code=f1_0.destination_iata_code 
    left join
        airport o1_0 
            on o1_0.iata_code=f1_0.origin_iata_code 
    where
        f1_0.id=?
Hibernate: 
    select
        f1_0.id,
        a1_0.code,
        a1_0.logo_url,
        a1_0.name,
        f1_0.arrival,
        f1_0.departure,
        d1_0.iata_code,
        d1_0.city,
        d1_0.country,
        d1_0.name,
        f1_0.duration,
        f1_0.flight_number,
        o1_0.iata_code,
        o1_0.city,
        o1_0.country,
        o1_0.name,
        f1_0.price,
        f1_0.seats_available 
    from
        flight f1_0 
    left join
        airline a1_0 
            on a1_0.code=f1_0.airline_code 
    left join
        airport d1_0 
            on d1_0.iata_code=f1_0.destination_iata_code 
    left join
        airport o1_0 
            on o1_0.iata_code=f1_0.origin_iata_code 
    where
        f1_0.id=?
2025-03-14T22:00:39.374-05:00 DEBUG 46911 --- [flight-booking] [           main] org.hibernate.orm.sql.exec               : Skipping reading Query result cache data: cache-enabled = false, cache-mode = IGNORE
2025-03-14T22:00:39.374-05:00 DEBUG 46911 --- [flight-booking] [           main] org.hibernate.SQL                        : 
    select
        a1_0.code,
        a1_0.logo_url,
        a1_0.name 
    from
        airline a1_0 
    where
        a1_0.code=?
Hibernate: 
    select
        a1_0.code,
        a1_0.logo_url,
        a1_0.name 
    from
        airline a1_0 
    where
        a1_0.code=?
2025-03-14T22:00:39.376-05:00 DEBUG 46911 --- [flight-booking] [           main] org.hibernate.orm.sql.exec               : Skipping reading Query result cache data: cache-enabled = false, cache-mode = IGNORE
2025-03-14T22:00:39.376-05:00 DEBUG 46911 --- [flight-booking] [           main] org.hibernate.SQL                        : 
    select
        a1_0.iata_code,
        a1_0.city,
        a1_0.country,
        a1_0.name 
    from
        airport a1_0 
    where
        a1_0.iata_code=?
Hibernate: 
    select
        a1_0.iata_code,
        a1_0.city,
        a1_0.country,
        a1_0.name 
    from
        airport a1_0 
    where
        a1_0.iata_code=?
2025-03-14T22:00:39.379-05:00 DEBUG 46911 --- [flight-booking] [           main] o.h.j.internal.PersistenceUnitUtilImpl   : jakarta.persistence.PersistenceUnitUtil.getIdentifier is only intended to work with enhanced entities (although Hibernate also adapts this support to its proxies); however the passed entity was not enhanced (nor a proxy).. may not be able to read identifier
2025-03-14T22:00:39.379-05:00 DEBUG 46911 --- [flight-booking] [           main] org.hibernate.orm.sql.exec               : Skipping reading Query result cache data: cache-enabled = false, cache-mode = IGNORE
2025-03-14T22:00:39.379-05:00 DEBUG 46911 --- [flight-booking] [           main] org.hibernate.SQL                        : 
    select
        f1_0.id,
        a1_0.code,
        a1_0.logo_url,
        a1_0.name,
        f1_0.arrival,
        f1_0.departure,
        d1_0.iata_code,
        d1_0.city,
        d1_0.country,
        d1_0.name,
        f1_0.duration,
        f1_0.flight_number,
        o1_0.iata_code,
        o1_0.city,
        o1_0.country,
        o1_0.name,
        f1_0.price,
        f1_0.seats_available 
    from
        flight f1_0 
    left join
        airline a1_0 
            on a1_0.code=f1_0.airline_code 
    left join
        airport d1_0 
            on d1_0.iata_code=f1_0.destination_iata_code 
    left join
        airport o1_0 
            on o1_0.iata_code=f1_0.origin_iata_code 
    where
        f1_0.id=?
Hibernate: 
    select
        f1_0.id,
        a1_0.code,
        a1_0.logo_url,
        a1_0.name,
        f1_0.arrival,
        f1_0.departure,
        d1_0.iata_code,
        d1_0.city,
        d1_0.country,
        d1_0.name,
        f1_0.duration,
        f1_0.flight_number,
        o1_0.iata_code,
        o1_0.city,
        o1_0.country,
        o1_0.name,
        f1_0.price,
        f1_0.seats_available 
    from
        flight f1_0 
    left join
        airline a1_0 
            on a1_0.code=f1_0.airline_code 
    left join
        airport d1_0 
            on d1_0.iata_code=f1_0.destination_iata_code 
    left join
        airport o1_0 
            on o1_0.iata_code=f1_0.origin_iata_code 
    where
        f1_0.id=?
2025-03-14T22:00:39.384-05:00 DEBUG 46911 --- [flight-booking] [           main] o.h.e.t.internal.TransactionImpl         : committing
2025-03-14T22:00:39.384-05:00 DEBUG 46911 --- [flight-booking] [           main] o.h.e.i.AbstractFlushingEventListener    : Processing flush-time cascades
2025-03-14T22:00:39.384-05:00 DEBUG 46911 --- [flight-booking] [           main] o.h.e.i.AbstractFlushingEventListener    : Dirty checking collections
2025-03-14T22:00:39.385-05:00 DEBUG 46911 --- [flight-booking] [           main] o.h.e.i.AbstractFlushingEventListener    : Flushed: 6 insertions, 0 updates, 0 deletions to 13 objects
2025-03-14T22:00:39.385-05:00 DEBUG 46911 --- [flight-booking] [           main] o.h.e.i.AbstractFlushingEventListener    : Flushed: 0 (re)creations, 0 updates, 0 removals to 0 collections
2025-03-14T22:00:39.385-05:00 DEBUG 46911 --- [flight-booking] [           main] o.hibernate.internal.util.EntityPrinter  : Listing entities:
2025-03-14T22:00:39.385-05:00 DEBUG 46911 --- [flight-booking] [           main] o.hibernate.internal.util.EntityPrinter  : edu.miu.cs.cs425.backend.domain.entity.Airport{country=USA, iataCode=JFK, city=New York, name=John F. Kennedy International Airport}
2025-03-14T22:00:39.386-05:00 DEBUG 46911 --- [flight-booking] [           main] o.hibernate.internal.util.EntityPrinter  : edu.miu.cs.cs425.backend.domain.entity.Airport{country=UK, iataCode=LHR, city=London, name=London Heathrow Airport}
2025-03-14T22:00:39.386-05:00 DEBUG 46911 --- [flight-booking] [           main] o.hibernate.internal.util.EntityPrinter  : edu.miu.cs.cs425.backend.domain.entity.Airline{code=AIR003, name=Air Canada, logoUrl=null}
2025-03-14T22:00:39.386-05:00 DEBUG 46911 --- [flight-booking] [           main] o.hibernate.internal.util.EntityPrinter  : edu.miu.cs.cs425.backend.domain.entity.Airport{country=Canada, iataCode=YYZ, city=Toronto, name=Toronto Pearson International Airport}
2025-03-14T22:00:39.386-05:00 DEBUG 46911 --- [flight-booking] [           main] o.hibernate.internal.util.EntityPrinter  : edu.miu.cs.cs425.backend.domain.entity.Airline{code=AIR002, name=British Airways, logoUrl=null}
2025-03-14T22:00:39.386-05:00 DEBUG 46911 --- [flight-booking] [           main] o.hibernate.internal.util.EntityPrinter  : edu.miu.cs.cs425.backend.domain.entity.Flight{duration=360, arrival=2025-03-12T18:30, price=400.0, origin=edu.miu.cs.cs425.backend.domain.entity.Airport#YYZ, destination=edu.miu.cs.cs425.backend.domain.entity.Airport#CDG, id=935bae1e-0e63-43f2-a2c4-1226cd6f7c6a, departure=2025-03-12T12:30, airline=edu.miu.cs.cs425.backend.domain.entity.Airline#AIR004, seatsAvailable=50, flightNumber=FL95808F}
2025-03-14T22:00:39.386-05:00 DEBUG 46911 --- [flight-booking] [           main] o.hibernate.internal.util.EntityPrinter  : edu.miu.cs.cs425.backend.domain.entity.Flight{duration=90, arrival=2025-03-12T10:30, price=175.0, origin=edu.miu.cs.cs425.backend.domain.entity.Airport#JFK, destination=edu.miu.cs.cs425.backend.domain.entity.Airport#YYZ, id=f53c0517-5bd7-4528-a7ca-b997a5873375, departure=2025-03-12T09:00, airline=edu.miu.cs.cs425.backend.domain.entity.Airline#AIR003, seatsAvailable=50, flightNumber=FL657C5A}
2025-03-14T22:00:39.386-05:00 DEBUG 46911 --- [flight-booking] [           main] o.hibernate.internal.util.EntityPrinter  : edu.miu.cs.cs425.backend.domain.entity.Flight{duration=90, arrival=2025-03-12T11:30, price=175.0, origin=edu.miu.cs.cs425.backend.domain.entity.Airport#JFK, destination=edu.miu.cs.cs425.backend.domain.entity.Airport#YYZ, id=c6a5ad08-0a2e-4efd-adaa-71dc01ef3a20, departure=2025-03-12T10:00, airline=edu.miu.cs.cs425.backend.domain.entity.Airline#AIR003, seatsAvailable=50, flightNumber=FL245746}
2025-03-14T22:00:39.386-05:00 DEBUG 46911 --- [flight-booking] [           main] o.hibernate.internal.util.EntityPrinter  : edu.miu.cs.cs425.backend.domain.entity.Airline{code=AIR004, name=Air France, logoUrl=null}
2025-03-14T22:00:39.386-05:00 DEBUG 46911 --- [flight-booking] [           main] o.hibernate.internal.util.EntityPrinter  : edu.miu.cs.cs425.backend.domain.entity.Airport{country=France, iataCode=CDG, city=Paris, name=Charles de Gaulle Airport}
2025-03-14T22:00:39.386-05:00 DEBUG 46911 --- [flight-booking] [           main] o.hibernate.internal.util.EntityPrinter  : edu.miu.cs.cs425.backend.domain.entity.Flight{duration=60, arrival=2025-03-12T20:30, price=150.0, origin=edu.miu.cs.cs425.backend.domain.entity.Airport#CDG, destination=edu.miu.cs.cs425.backend.domain.entity.Airport#LHR, id=da997264-061b-4e7e-88d0-f6615247154f, departure=2025-03-12T19:30, airline=edu.miu.cs.cs425.backend.domain.entity.Airline#AIR002, seatsAvailable=50, flightNumber=FLD1467C}
2025-03-14T22:00:39.386-05:00 DEBUG 46911 --- [flight-booking] [           main] o.hibernate.internal.util.EntityPrinter  : edu.miu.cs.cs425.backend.domain.entity.Flight{duration=420, arrival=2025-03-12T15:00, price=450.0, origin=edu.miu.cs.cs425.backend.domain.entity.Airport#JFK, destination=edu.miu.cs.cs425.backend.domain.entity.Airport#LHR, id=de06d224-85b9-4191-af56-6f8cfc7bb1e0, departure=2025-03-12T08:00, airline=edu.miu.cs.cs425.backend.domain.entity.Airline#AIR002, seatsAvailable=50, flightNumber=FL6F5650}
2025-03-14T22:00:39.387-05:00 DEBUG 46911 --- [flight-booking] [           main] o.hibernate.internal.util.EntityPrinter  : edu.miu.cs.cs425.backend.domain.entity.Flight{duration=420, arrival=2025-03-12T18:30, price=450.0, origin=edu.miu.cs.cs425.backend.domain.entity.Airport#YYZ, destination=edu.miu.cs.cs425.backend.domain.entity.Airport#LHR, id=c02f68ac-0be9-4b55-9824-7d9225dbaa33, departure=2025-03-12T11:30, airline=edu.miu.cs.cs425.backend.domain.entity.Airline#AIR002, seatsAvailable=50, flightNumber=FL1DA882}
2025-03-14T22:00:39.387-05:00 DEBUG 46911 --- [flight-booking] [           main] org.hibernate.SQL                        : 
    insert 
    into
        flight
        (airline_code, arrival, departure, destination_iata_code, duration, flight_number, origin_iata_code, price, seats_available, id) 
    values
        (?, ?, ?, ?, ?, ?, ?, ?, ?, ?)
Hibernate: 
    insert 
    into
        flight
        (airline_code, arrival, departure, destination_iata_code, duration, flight_number, origin_iata_code, price, seats_available, id) 
    values
        (?, ?, ?, ?, ?, ?, ?, ?, ?, ?)
2025-03-14T22:00:39.568-05:00 DEBUG 46911 --- [flight-booking] [           main] org.hibernate.SQL                        : 
    insert 
    into
        flight
        (airline_code, arrival, departure, destination_iata_code, duration, flight_number, origin_iata_code, price, seats_available, id) 
    values
        (?, ?, ?, ?, ?, ?, ?, ?, ?, ?)
Hibernate: 
    insert 
    into
        flight
        (airline_code, arrival, departure, destination_iata_code, duration, flight_number, origin_iata_code, price, seats_available, id) 
    values
        (?, ?, ?, ?, ?, ?, ?, ?, ?, ?)
2025-03-14T22:00:39.575-05:00 DEBUG 46911 --- [flight-booking] [           main] org.hibernate.SQL                        : 
    insert 
    into
        flight
        (airline_code, arrival, departure, destination_iata_code, duration, flight_number, origin_iata_code, price, seats_available, id) 
    values
        (?, ?, ?, ?, ?, ?, ?, ?, ?, ?)
Hibernate: 
    insert 
    into
        flight
        (airline_code, arrival, departure, destination_iata_code, duration, flight_number, origin_iata_code, price, seats_available, id) 
    values
        (?, ?, ?, ?, ?, ?, ?, ?, ?, ?)
2025-03-14T22:00:39.577-05:00 DEBUG 46911 --- [flight-booking] [           main] org.hibernate.SQL                        : 
    insert 
    into
        flight
        (airline_code, arrival, departure, destination_iata_code, duration, flight_number, origin_iata_code, price, seats_available, id) 
    values
        (?, ?, ?, ?, ?, ?, ?, ?, ?, ?)
Hibernate: 
    insert 
    into
        flight
        (airline_code, arrival, departure, destination_iata_code, duration, flight_number, origin_iata_code, price, seats_available, id) 
    values
        (?, ?, ?, ?, ?, ?, ?, ?, ?, ?)
2025-03-14T22:00:39.581-05:00 DEBUG 46911 --- [flight-booking] [           main] org.hibernate.SQL                        : 
    insert 
    into
        flight
        (airline_code, arrival, departure, destination_iata_code, duration, flight_number, origin_iata_code, price, seats_available, id) 
    values
        (?, ?, ?, ?, ?, ?, ?, ?, ?, ?)
Hibernate: 
    insert 
    into
        flight
        (airline_code, arrival, departure, destination_iata_code, duration, flight_number, origin_iata_code, price, seats_available, id) 
    values
        (?, ?, ?, ?, ?, ?, ?, ?, ?, ?)
2025-03-14T22:00:39.584-05:00 DEBUG 46911 --- [flight-booking] [           main] org.hibernate.SQL                        : 
    insert 
    into
        flight
        (airline_code, arrival, departure, destination_iata_code, duration, flight_number, origin_iata_code, price, seats_available, id) 
    values
        (?, ?, ?, ?, ?, ?, ?, ?, ?, ?)
Hibernate: 
    insert 
    into
        flight
        (airline_code, arrival, departure, destination_iata_code, duration, flight_number, origin_iata_code, price, seats_available, id) 
    values
        (?, ?, ?, ?, ?, ?, ?, ?, ?, ?)
Data initialized successfully!
Airlines: 4
Airports: 4
Users: 1
Flights: 6

JFK to LHR Explicit Entries (March 12, 2025):
Direct (No Legs):
  JFK → LHR @ 2025-03-12T08:00 - 2025-03-12T15:00
2-Leg (JFK → YYZ → LHR):
  JFK → YYZ @ 2025-03-12T09:00 - 2025-03-12T10:30
  YYZ → LHR @ 2025-03-12T11:30 - 2025-03-12T18:30
3-Leg (JFK → YYZ → CDG → LHR):
  JFK → YYZ @ 2025-03-12T10:00 - 2025-03-12T11:30
  YYZ → CDG @ 2025-03-12T12:30 - 2025-03-12T18:30
  CDG → LHR @ 2025-03-12T19:30 - 2025-03-12T20:30
]]></system-out>
    <system-err><![CDATA[Mockito is currently self-attaching to enable the inline-mock-maker. This will no longer work in future releases of the JDK. Please add Mockito as an agent to your build what is described in Mockito's documentation: https://javadoc.io/doc/org.mockito/mockito-core/latest/org/mockito/Mockito.html#0.3
WARNING: A Java agent has been loaded dynamically (/Users/mercelvubangsi/.m2/repository/net/bytebuddy/byte-buddy-agent/1.15.11/byte-buddy-agent-1.15.11.jar)
WARNING: If a serviceability tool is in use, please run with -XX:+EnableDynamicAgentLoading to hide this warning
WARNING: If a serviceability tool is not in use, please run with -Djdk.instrument.traceUsage for more information
WARNING: Dynamic loading of agents will be disallowed by default in a future release
]]></system-err>
  </testcase>
</testsuite>