<?xml version="1.0" encoding="UTF-8"?>
<testsuite xmlns:xsi="http://www.w3.org/2001/XMLSchema-instance" xsi:noNamespaceSchemaLocation="https://maven.apache.org/surefire/maven-surefire-plugin/xsd/surefire-test-report.xsd" version="3.0.2" name="edu.miu.cs.cs425.backend.BackendApplicationTests" time="12.135" tests="1" errors="1" skipped="0" failures="0">
  <properties>
    <property name="java.specification.version" value="23"/>
    <property name="sun.jnu.encoding" value="UTF-8"/>
    <property name="java.class.path" value="/Users/mercelvubangsi/Documents/MY DOCS/MIU/STUDIES/CS425 SWE/PROJECT/new/backend/target/test-classes:/Users/mercelvubangsi/Documents/MY DOCS/MIU/STUDIES/CS425 SWE/PROJECT/new/backend/target/classes:/Users/mercelvubangsi/.m2/repository/org/springframework/boot/spring-boot-starter-web/3.4.3/spring-boot-starter-web-3.4.3.jar:/Users/mercelvubangsi/.m2/repository/org/springframework/boot/spring-boot-starter/3.4.3/spring-boot-starter-3.4.3.jar:/Users/mercelvubangsi/.m2/repository/org/springframework/boot/spring-boot/3.4.3/spring-boot-3.4.3.jar:/Users/mercelvubangsi/.m2/repository/org/springframework/boot/spring-boot-autoconfigure/3.4.3/spring-boot-autoconfigure-3.4.3.jar:/Users/mercelvubangsi/.m2/repository/org/springframework/boot/spring-boot-starter-logging/3.4.3/spring-boot-starter-logging-3.4.3.jar:/Users/mercelvubangsi/.m2/repository/ch/qos/logback/logback-classic/1.5.16/logback-classic-1.5.16.jar:/Users/mercelvubangsi/.m2/repository/ch/qos/logback/logback-core/1.5.16/logback-core-1.5.16.jar:/Users/mercelvubangsi/.m2/repository/org/apache/logging/log4j/log4j-to-slf4j/2.24.3/log4j-to-slf4j-2.24.3.jar:/Users/mercelvubangsi/.m2/repository/org/apache/logging/log4j/log4j-api/2.24.3/log4j-api-2.24.3.jar:/Users/mercelvubangsi/.m2/repository/org/slf4j/jul-to-slf4j/2.0.16/jul-to-slf4j-2.0.16.jar:/Users/mercelvubangsi/.m2/repository/jakarta/annotation/jakarta.annotation-api/2.1.1/jakarta.annotation-api-2.1.1.jar:/Users/mercelvubangsi/.m2/repository/org/yaml/snakeyaml/2.3/snakeyaml-2.3.jar:/Users/mercelvubangsi/.m2/repository/org/springframework/boot/spring-boot-starter-json/3.4.3/spring-boot-starter-json-3.4.3.jar:/Users/mercelvubangsi/.m2/repository/com/fasterxml/jackson/datatype/jackson-datatype-jdk8/2.18.2/jackson-datatype-jdk8-2.18.2.jar:/Users/mercelvubangsi/.m2/repository/com/fasterxml/jackson/datatype/jackson-datatype-jsr310/2.18.2/jackson-datatype-jsr310-2.18.2.jar:/Users/mercelvubangsi/.m2/repository/com/fasterxml/jackson/module/jackson-module-parameter-names/2.18.2/jackson-module-parameter-names-2.18.2.jar:/Users/mercelvubangsi/.m2/repository/org/springframework/boot/spring-boot-starter-tomcat/3.4.3/spring-boot-starter-tomcat-3.4.3.jar:/Users/mercelvubangsi/.m2/repository/org/apache/tomcat/embed/tomcat-embed-core/10.1.36/tomcat-embed-core-10.1.36.jar:/Users/mercelvubangsi/.m2/repository/org/apache/tomcat/embed/tomcat-embed-websocket/10.1.36/tomcat-embed-websocket-10.1.36.jar:/Users/mercelvubangsi/.m2/repository/org/springframework/spring-web/6.2.3/spring-web-6.2.3.jar:/Users/mercelvubangsi/.m2/repository/org/springframework/spring-beans/6.2.3/spring-beans-6.2.3.jar:/Users/mercelvubangsi/.m2/repository/io/micrometer/micrometer-observation/1.14.4/micrometer-observation-1.14.4.jar:/Users/mercelvubangsi/.m2/repository/io/micrometer/micrometer-commons/1.14.4/micrometer-commons-1.14.4.jar:/Users/mercelvubangsi/.m2/repository/org/springframework/spring-webmvc/6.2.3/spring-webmvc-6.2.3.jar:/Users/mercelvubangsi/.m2/repository/org/springframework/spring-aop/6.2.3/spring-aop-6.2.3.jar:/Users/mercelvubangsi/.m2/repository/org/springframework/spring-context/6.2.3/spring-context-6.2.3.jar:/Users/mercelvubangsi/.m2/repository/org/springframework/spring-expression/6.2.3/spring-expression-6.2.3.jar:/Users/mercelvubangsi/.m2/repository/org/springframework/boot/spring-boot-starter-data-jpa/3.4.3/spring-boot-starter-data-jpa-3.4.3.jar:/Users/mercelvubangsi/.m2/repository/org/springframework/boot/spring-boot-starter-jdbc/3.4.3/spring-boot-starter-jdbc-3.4.3.jar:/Users/mercelvubangsi/.m2/repository/com/zaxxer/HikariCP/5.1.0/HikariCP-5.1.0.jar:/Users/mercelvubangsi/.m2/repository/org/springframework/spring-jdbc/6.2.3/spring-jdbc-6.2.3.jar:/Users/mercelvubangsi/.m2/repository/org/hibernate/orm/hibernate-core/6.6.8.Final/hibernate-core-6.6.8.Final.jar:/Users/mercelvubangsi/.m2/repository/jakarta/persistence/jakarta.persistence-api/3.1.0/jakarta.persistence-api-3.1.0.jar:/Users/mercelvubangsi/.m2/repository/jakarta/transaction/jakarta.transaction-api/2.0.1/jakarta.transaction-api-2.0.1.jar:/Users/mercelvubangsi/.m2/repository/org/jboss/logging/jboss-logging/3.6.1.Final/jboss-logging-3.6.1.Final.jar:/Users/mercelvubangsi/.m2/repository/org/hibernate/common/hibernate-commons-annotations/7.0.3.Final/hibernate-commons-annotations-7.0.3.Final.jar:/Users/mercelvubangsi/.m2/repository/io/smallrye/jandex/3.2.0/jandex-3.2.0.jar:/Users/mercelvubangsi/.m2/repository/com/fasterxml/classmate/1.7.0/classmate-1.7.0.jar:/Users/mercelvubangsi/.m2/repository/net/bytebuddy/byte-buddy/1.15.11/byte-buddy-1.15.11.jar:/Users/mercelvubangsi/.m2/repository/org/glassfish/jaxb/jaxb-runtime/4.0.5/jaxb-runtime-4.0.5.jar:/Users/mercelvubangsi/.m2/repository/org/glassfish/jaxb/jaxb-core/4.0.5/jaxb-core-4.0.5.jar:/Users/mercelvubangsi/.m2/repository/org/eclipse/angus/angus-activation/2.0.2/angus-activation-2.0.2.jar:/Users/mercelvubangsi/.m2/repository/org/glassfish/jaxb/txw2/4.0.5/txw2-4.0.5.jar:/Users/mercelvubangsi/.m2/repository/com/sun/istack/istack-commons-runtime/4.1.2/istack-commons-runtime-4.1.2.jar:/Users/mercelvubangsi/.m2/repository/jakarta/inject/jakarta.inject-api/2.0.1/jakarta.inject-api-2.0.1.jar:/Users/mercelvubangsi/.m2/repository/org/antlr/antlr4-runtime/4.13.0/antlr4-runtime-4.13.0.jar:/Users/mercelvubangsi/.m2/repository/org/springframework/data/spring-data-jpa/3.4.3/spring-data-jpa-3.4.3.jar:/Users/mercelvubangsi/.m2/repository/org/springframework/data/spring-data-commons/3.4.3/spring-data-commons-3.4.3.jar:/Users/mercelvubangsi/.m2/repository/org/springframework/spring-orm/6.2.3/spring-orm-6.2.3.jar:/Users/mercelvubangsi/.m2/repository/org/springframework/spring-tx/6.2.3/spring-tx-6.2.3.jar:/Users/mercelvubangsi/.m2/repository/org/slf4j/slf4j-api/2.0.16/slf4j-api-2.0.16.jar:/Users/mercelvubangsi/.m2/repository/org/springframework/spring-aspects/6.2.3/spring-aspects-6.2.3.jar:/Users/mercelvubangsi/.m2/repository/org/aspectj/aspectjweaver/1.9.22.1/aspectjweaver-1.9.22.1.jar:/Users/mercelvubangsi/.m2/repository/com/mysql/mysql-connector-j/8.0.33/mysql-connector-j-8.0.33.jar:/Users/mercelvubangsi/.m2/repository/com/auth0/java-jwt/4.4.0/java-jwt-4.4.0.jar:/Users/mercelvubangsi/.m2/repository/com/fasterxml/jackson/core/jackson-databind/2.18.2/jackson-databind-2.18.2.jar:/Users/mercelvubangsi/.m2/repository/com/fasterxml/jackson/core/jackson-annotations/2.18.2/jackson-annotations-2.18.2.jar:/Users/mercelvubangsi/.m2/repository/com/fasterxml/jackson/core/jackson-core/2.18.2/jackson-core-2.18.2.jar:/Users/mercelvubangsi/.m2/repository/org/springframework/boot/spring-boot-starter-validation/3.4.3/spring-boot-starter-validation-3.4.3.jar:/Users/mercelvubangsi/.m2/repository/org/apache/tomcat/embed/tomcat-embed-el/10.1.36/tomcat-embed-el-10.1.36.jar:/Users/mercelvubangsi/.m2/repository/org/hibernate/validator/hibernate-validator/8.0.2.Final/hibernate-validator-8.0.2.Final.jar:/Users/mercelvubangsi/.m2/repository/jakarta/validation/jakarta.validation-api/3.0.2/jakarta.validation-api-3.0.2.jar:/Users/mercelvubangsi/.m2/repository/org/springdoc/springdoc-openapi-starter-webmvc-ui/2.6.0/springdoc-openapi-starter-webmvc-ui-2.6.0.jar:/Users/mercelvubangsi/.m2/repository/org/springdoc/springdoc-openapi-starter-webmvc-api/2.6.0/springdoc-openapi-starter-webmvc-api-2.6.0.jar:/Users/mercelvubangsi/.m2/repository/org/springdoc/springdoc-openapi-starter-common/2.6.0/springdoc-openapi-starter-common-2.6.0.jar:/Users/mercelvubangsi/.m2/repository/io/swagger/core/v3/swagger-core-jakarta/2.2.22/swagger-core-jakarta-2.2.22.jar:/Users/mercelvubangsi/.m2/repository/org/apache/commons/commons-lang3/3.17.0/commons-lang3-3.17.0.jar:/Users/mercelvubangsi/.m2/repository/io/swagger/core/v3/swagger-annotations-jakarta/2.2.22/swagger-annotations-jakarta-2.2.22.jar:/Users/mercelvubangsi/.m2/repository/io/swagger/core/v3/swagger-models-jakarta/2.2.22/swagger-models-jakarta-2.2.22.jar:/Users/mercelvubangsi/.m2/repository/com/fasterxml/jackson/dataformat/jackson-dataformat-yaml/2.18.2/jackson-dataformat-yaml-2.18.2.jar:/Users/mercelvubangsi/.m2/repository/org/webjars/swagger-ui/5.17.14/swagger-ui-5.17.14.jar:/Users/mercelvubangsi/.m2/repository/org/mindrot/jbcrypt/0.4/jbcrypt-0.4.jar:/Users/mercelvubangsi/.m2/repository/org/projectlombok/lombok/1.18.36/lombok-1.18.36.jar:/Users/mercelvubangsi/.m2/repository/org/springframework/boot/spring-boot-starter-test/3.4.3/spring-boot-starter-test-3.4.3.jar:/Users/mercelvubangsi/.m2/repository/org/springframework/boot/spring-boot-test/3.4.3/spring-boot-test-3.4.3.jar:/Users/mercelvubangsi/.m2/repository/org/springframework/boot/spring-boot-test-autoconfigure/3.4.3/spring-boot-test-autoconfigure-3.4.3.jar:/Users/mercelvubangsi/.m2/repository/com/jayway/jsonpath/json-path/2.9.0/json-path-2.9.0.jar:/Users/mercelvubangsi/.m2/repository/jakarta/xml/bind/jakarta.xml.bind-api/4.0.2/jakarta.xml.bind-api-4.0.2.jar:/Users/mercelvubangsi/.m2/repository/jakarta/activation/jakarta.activation-api/2.1.3/jakarta.activation-api-2.1.3.jar:/Users/mercelvubangsi/.m2/repository/net/minidev/json-smart/2.5.2/json-smart-2.5.2.jar:/Users/mercelvubangsi/.m2/repository/net/minidev/accessors-smart/2.5.2/accessors-smart-2.5.2.jar:/Users/mercelvubangsi/.m2/repository/org/ow2/asm/asm/9.7.1/asm-9.7.1.jar:/Users/mercelvubangsi/.m2/repository/org/assertj/assertj-core/3.26.3/assertj-core-3.26.3.jar:/Users/mercelvubangsi/.m2/repository/org/awaitility/awaitility/4.2.2/awaitility-4.2.2.jar:/Users/mercelvubangsi/.m2/repository/org/hamcrest/hamcrest/2.2/hamcrest-2.2.jar:/Users/mercelvubangsi/.m2/repository/org/junit/jupiter/junit-jupiter/5.11.4/junit-jupiter-5.11.4.jar:/Users/mercelvubangsi/.m2/repository/org/junit/jupiter/junit-jupiter-api/5.11.4/junit-jupiter-api-5.11.4.jar:/Users/mercelvubangsi/.m2/repository/org/opentest4j/opentest4j/1.3.0/opentest4j-1.3.0.jar:/Users/mercelvubangsi/.m2/repository/org/junit/platform/junit-platform-commons/1.11.4/junit-platform-commons-1.11.4.jar:/Users/mercelvubangsi/.m2/repository/org/apiguardian/apiguardian-api/1.1.2/apiguardian-api-1.1.2.jar:/Users/mercelvubangsi/.m2/repository/org/junit/jupiter/junit-jupiter-params/5.11.4/junit-jupiter-params-5.11.4.jar:/Users/mercelvubangsi/.m2/repository/org/junit/jupiter/junit-jupiter-engine/5.11.4/junit-jupiter-engine-5.11.4.jar:/Users/mercelvubangsi/.m2/repository/org/junit/platform/junit-platform-engine/1.11.4/junit-platform-engine-1.11.4.jar:/Users/mercelvubangsi/.m2/repository/org/mockito/mockito-core/5.14.2/mockito-core-5.14.2.jar:/Users/mercelvubangsi/.m2/repository/net/bytebuddy/byte-buddy-agent/1.15.11/byte-buddy-agent-1.15.11.jar:/Users/mercelvubangsi/.m2/repository/org/objenesis/objenesis/3.3/objenesis-3.3.jar:/Users/mercelvubangsi/.m2/repository/org/mockito/mockito-junit-jupiter/5.14.2/mockito-junit-jupiter-5.14.2.jar:/Users/mercelvubangsi/.m2/repository/org/skyscreamer/jsonassert/1.5.3/jsonassert-1.5.3.jar:/Users/mercelvubangsi/.m2/repository/com/vaadin/external/google/android-json/0.0.20131108.vaadin1/android-json-0.0.20131108.vaadin1.jar:/Users/mercelvubangsi/.m2/repository/org/springframework/spring-core/6.2.3/spring-core-6.2.3.jar:/Users/mercelvubangsi/.m2/repository/org/springframework/spring-jcl/6.2.3/spring-jcl-6.2.3.jar:/Users/mercelvubangsi/.m2/repository/org/springframework/spring-test/6.2.3/spring-test-6.2.3.jar:/Users/mercelvubangsi/.m2/repository/org/xmlunit/xmlunit-core/2.10.0/xmlunit-core-2.10.0.jar:"/>
    <property name="java.vm.vendor" value="Homebrew"/>
    <property name="sun.arch.data.model" value="64"/>
    <property name="java.vendor.url" value="https://github.com/Homebrew/homebrew-core/issues"/>
    <property name="user.timezone" value="America/Chicago"/>
    <property name="org.jboss.logging.provider" value="slf4j"/>
    <property name="os.name" value="Mac OS X"/>
    <property name="java.vm.specification.version" value="23"/>
    <property name="APPLICATION_NAME" value="flight-booking"/>
    <property name="sun.java.launcher" value="SUN_STANDARD"/>
    <property name="user.country" value="US"/>
    <property name="sun.boot.library.path" value="/usr/local/Cellar/openjdk/23.0.1/libexec/openjdk.jdk/Contents/Home/lib"/>
    <property name="sun.java.command" value="/Users/mercelvubangsi/Documents/MY DOCS/MIU/STUDIES/CS425 SWE/PROJECT/new/backend/target/surefire/surefirebooter-20250315100551325_3.jar /Users/mercelvubangsi/Documents/MY DOCS/MIU/STUDIES/CS425 SWE/PROJECT/new/backend/target/surefire 2025-03-15T10-05-51_170-jvmRun1 surefire-20250315100551325_1tmp surefire_0-20250315100551325_2tmp"/>
    <property name="http.nonProxyHosts" value="local|*.local|169.254/16|*.169.254/16"/>
    <property name="jdk.debug" value="release"/>
    <property name="surefire.test.class.path" value="/Users/mercelvubangsi/Documents/MY DOCS/MIU/STUDIES/CS425 SWE/PROJECT/new/backend/target/test-classes:/Users/mercelvubangsi/Documents/MY DOCS/MIU/STUDIES/CS425 SWE/PROJECT/new/backend/target/classes:/Users/mercelvubangsi/.m2/repository/org/springframework/boot/spring-boot-starter-web/3.4.3/spring-boot-starter-web-3.4.3.jar:/Users/mercelvubangsi/.m2/repository/org/springframework/boot/spring-boot-starter/3.4.3/spring-boot-starter-3.4.3.jar:/Users/mercelvubangsi/.m2/repository/org/springframework/boot/spring-boot/3.4.3/spring-boot-3.4.3.jar:/Users/mercelvubangsi/.m2/repository/org/springframework/boot/spring-boot-autoconfigure/3.4.3/spring-boot-autoconfigure-3.4.3.jar:/Users/mercelvubangsi/.m2/repository/org/springframework/boot/spring-boot-starter-logging/3.4.3/spring-boot-starter-logging-3.4.3.jar:/Users/mercelvubangsi/.m2/repository/ch/qos/logback/logback-classic/1.5.16/logback-classic-1.5.16.jar:/Users/mercelvubangsi/.m2/repository/ch/qos/logback/logback-core/1.5.16/logback-core-1.5.16.jar:/Users/mercelvubangsi/.m2/repository/org/apache/logging/log4j/log4j-to-slf4j/2.24.3/log4j-to-slf4j-2.24.3.jar:/Users/mercelvubangsi/.m2/repository/org/apache/logging/log4j/log4j-api/2.24.3/log4j-api-2.24.3.jar:/Users/mercelvubangsi/.m2/repository/org/slf4j/jul-to-slf4j/2.0.16/jul-to-slf4j-2.0.16.jar:/Users/mercelvubangsi/.m2/repository/jakarta/annotation/jakarta.annotation-api/2.1.1/jakarta.annotation-api-2.1.1.jar:/Users/mercelvubangsi/.m2/repository/org/yaml/snakeyaml/2.3/snakeyaml-2.3.jar:/Users/mercelvubangsi/.m2/repository/org/springframework/boot/spring-boot-starter-json/3.4.3/spring-boot-starter-json-3.4.3.jar:/Users/mercelvubangsi/.m2/repository/com/fasterxml/jackson/datatype/jackson-datatype-jdk8/2.18.2/jackson-datatype-jdk8-2.18.2.jar:/Users/mercelvubangsi/.m2/repository/com/fasterxml/jackson/datatype/jackson-datatype-jsr310/2.18.2/jackson-datatype-jsr310-2.18.2.jar:/Users/mercelvubangsi/.m2/repository/com/fasterxml/jackson/module/jackson-module-parameter-names/2.18.2/jackson-module-parameter-names-2.18.2.jar:/Users/mercelvubangsi/.m2/repository/org/springframework/boot/spring-boot-starter-tomcat/3.4.3/spring-boot-starter-tomcat-3.4.3.jar:/Users/mercelvubangsi/.m2/repository/org/apache/tomcat/embed/tomcat-embed-core/10.1.36/tomcat-embed-core-10.1.36.jar:/Users/mercelvubangsi/.m2/repository/org/apache/tomcat/embed/tomcat-embed-websocket/10.1.36/tomcat-embed-websocket-10.1.36.jar:/Users/mercelvubangsi/.m2/repository/org/springframework/spring-web/6.2.3/spring-web-6.2.3.jar:/Users/mercelvubangsi/.m2/repository/org/springframework/spring-beans/6.2.3/spring-beans-6.2.3.jar:/Users/mercelvubangsi/.m2/repository/io/micrometer/micrometer-observation/1.14.4/micrometer-observation-1.14.4.jar:/Users/mercelvubangsi/.m2/repository/io/micrometer/micrometer-commons/1.14.4/micrometer-commons-1.14.4.jar:/Users/mercelvubangsi/.m2/repository/org/springframework/spring-webmvc/6.2.3/spring-webmvc-6.2.3.jar:/Users/mercelvubangsi/.m2/repository/org/springframework/spring-aop/6.2.3/spring-aop-6.2.3.jar:/Users/mercelvubangsi/.m2/repository/org/springframework/spring-context/6.2.3/spring-context-6.2.3.jar:/Users/mercelvubangsi/.m2/repository/org/springframework/spring-expression/6.2.3/spring-expression-6.2.3.jar:/Users/mercelvubangsi/.m2/repository/org/springframework/boot/spring-boot-starter-data-jpa/3.4.3/spring-boot-starter-data-jpa-3.4.3.jar:/Users/mercelvubangsi/.m2/repository/org/springframework/boot/spring-boot-starter-jdbc/3.4.3/spring-boot-starter-jdbc-3.4.3.jar:/Users/mercelvubangsi/.m2/repository/com/zaxxer/HikariCP/5.1.0/HikariCP-5.1.0.jar:/Users/mercelvubangsi/.m2/repository/org/springframework/spring-jdbc/6.2.3/spring-jdbc-6.2.3.jar:/Users/mercelvubangsi/.m2/repository/org/hibernate/orm/hibernate-core/6.6.8.Final/hibernate-core-6.6.8.Final.jar:/Users/mercelvubangsi/.m2/repository/jakarta/persistence/jakarta.persistence-api/3.1.0/jakarta.persistence-api-3.1.0.jar:/Users/mercelvubangsi/.m2/repository/jakarta/transaction/jakarta.transaction-api/2.0.1/jakarta.transaction-api-2.0.1.jar:/Users/mercelvubangsi/.m2/repository/org/jboss/logging/jboss-logging/3.6.1.Final/jboss-logging-3.6.1.Final.jar:/Users/mercelvubangsi/.m2/repository/org/hibernate/common/hibernate-commons-annotations/7.0.3.Final/hibernate-commons-annotations-7.0.3.Final.jar:/Users/mercelvubangsi/.m2/repository/io/smallrye/jandex/3.2.0/jandex-3.2.0.jar:/Users/mercelvubangsi/.m2/repository/com/fasterxml/classmate/1.7.0/classmate-1.7.0.jar:/Users/mercelvubangsi/.m2/repository/net/bytebuddy/byte-buddy/1.15.11/byte-buddy-1.15.11.jar:/Users/mercelvubangsi/.m2/repository/org/glassfish/jaxb/jaxb-runtime/4.0.5/jaxb-runtime-4.0.5.jar:/Users/mercelvubangsi/.m2/repository/org/glassfish/jaxb/jaxb-core/4.0.5/jaxb-core-4.0.5.jar:/Users/mercelvubangsi/.m2/repository/org/eclipse/angus/angus-activation/2.0.2/angus-activation-2.0.2.jar:/Users/mercelvubangsi/.m2/repository/org/glassfish/jaxb/txw2/4.0.5/txw2-4.0.5.jar:/Users/mercelvubangsi/.m2/repository/com/sun/istack/istack-commons-runtime/4.1.2/istack-commons-runtime-4.1.2.jar:/Users/mercelvubangsi/.m2/repository/jakarta/inject/jakarta.inject-api/2.0.1/jakarta.inject-api-2.0.1.jar:/Users/mercelvubangsi/.m2/repository/org/antlr/antlr4-runtime/4.13.0/antlr4-runtime-4.13.0.jar:/Users/mercelvubangsi/.m2/repository/org/springframework/data/spring-data-jpa/3.4.3/spring-data-jpa-3.4.3.jar:/Users/mercelvubangsi/.m2/repository/org/springframework/data/spring-data-commons/3.4.3/spring-data-commons-3.4.3.jar:/Users/mercelvubangsi/.m2/repository/org/springframework/spring-orm/6.2.3/spring-orm-6.2.3.jar:/Users/mercelvubangsi/.m2/repository/org/springframework/spring-tx/6.2.3/spring-tx-6.2.3.jar:/Users/mercelvubangsi/.m2/repository/org/slf4j/slf4j-api/2.0.16/slf4j-api-2.0.16.jar:/Users/mercelvubangsi/.m2/repository/org/springframework/spring-aspects/6.2.3/spring-aspects-6.2.3.jar:/Users/mercelvubangsi/.m2/repository/org/aspectj/aspectjweaver/1.9.22.1/aspectjweaver-1.9.22.1.jar:/Users/mercelvubangsi/.m2/repository/com/mysql/mysql-connector-j/8.0.33/mysql-connector-j-8.0.33.jar:/Users/mercelvubangsi/.m2/repository/com/auth0/java-jwt/4.4.0/java-jwt-4.4.0.jar:/Users/mercelvubangsi/.m2/repository/com/fasterxml/jackson/core/jackson-databind/2.18.2/jackson-databind-2.18.2.jar:/Users/mercelvubangsi/.m2/repository/com/fasterxml/jackson/core/jackson-annotations/2.18.2/jackson-annotations-2.18.2.jar:/Users/mercelvubangsi/.m2/repository/com/fasterxml/jackson/core/jackson-core/2.18.2/jackson-core-2.18.2.jar:/Users/mercelvubangsi/.m2/repository/org/springframework/boot/spring-boot-starter-validation/3.4.3/spring-boot-starter-validation-3.4.3.jar:/Users/mercelvubangsi/.m2/repository/org/apache/tomcat/embed/tomcat-embed-el/10.1.36/tomcat-embed-el-10.1.36.jar:/Users/mercelvubangsi/.m2/repository/org/hibernate/validator/hibernate-validator/8.0.2.Final/hibernate-validator-8.0.2.Final.jar:/Users/mercelvubangsi/.m2/repository/jakarta/validation/jakarta.validation-api/3.0.2/jakarta.validation-api-3.0.2.jar:/Users/mercelvubangsi/.m2/repository/org/springdoc/springdoc-openapi-starter-webmvc-ui/2.6.0/springdoc-openapi-starter-webmvc-ui-2.6.0.jar:/Users/mercelvubangsi/.m2/repository/org/springdoc/springdoc-openapi-starter-webmvc-api/2.6.0/springdoc-openapi-starter-webmvc-api-2.6.0.jar:/Users/mercelvubangsi/.m2/repository/org/springdoc/springdoc-openapi-starter-common/2.6.0/springdoc-openapi-starter-common-2.6.0.jar:/Users/mercelvubangsi/.m2/repository/io/swagger/core/v3/swagger-core-jakarta/2.2.22/swagger-core-jakarta-2.2.22.jar:/Users/mercelvubangsi/.m2/repository/org/apache/commons/commons-lang3/3.17.0/commons-lang3-3.17.0.jar:/Users/mercelvubangsi/.m2/repository/io/swagger/core/v3/swagger-annotations-jakarta/2.2.22/swagger-annotations-jakarta-2.2.22.jar:/Users/mercelvubangsi/.m2/repository/io/swagger/core/v3/swagger-models-jakarta/2.2.22/swagger-models-jakarta-2.2.22.jar:/Users/mercelvubangsi/.m2/repository/com/fasterxml/jackson/dataformat/jackson-dataformat-yaml/2.18.2/jackson-dataformat-yaml-2.18.2.jar:/Users/mercelvubangsi/.m2/repository/org/webjars/swagger-ui/5.17.14/swagger-ui-5.17.14.jar:/Users/mercelvubangsi/.m2/repository/org/mindrot/jbcrypt/0.4/jbcrypt-0.4.jar:/Users/mercelvubangsi/.m2/repository/org/projectlombok/lombok/1.18.36/lombok-1.18.36.jar:/Users/mercelvubangsi/.m2/repository/org/springframework/boot/spring-boot-starter-test/3.4.3/spring-boot-starter-test-3.4.3.jar:/Users/mercelvubangsi/.m2/repository/org/springframework/boot/spring-boot-test/3.4.3/spring-boot-test-3.4.3.jar:/Users/mercelvubangsi/.m2/repository/org/springframework/boot/spring-boot-test-autoconfigure/3.4.3/spring-boot-test-autoconfigure-3.4.3.jar:/Users/mercelvubangsi/.m2/repository/com/jayway/jsonpath/json-path/2.9.0/json-path-2.9.0.jar:/Users/mercelvubangsi/.m2/repository/jakarta/xml/bind/jakarta.xml.bind-api/4.0.2/jakarta.xml.bind-api-4.0.2.jar:/Users/mercelvubangsi/.m2/repository/jakarta/activation/jakarta.activation-api/2.1.3/jakarta.activation-api-2.1.3.jar:/Users/mercelvubangsi/.m2/repository/net/minidev/json-smart/2.5.2/json-smart-2.5.2.jar:/Users/mercelvubangsi/.m2/repository/net/minidev/accessors-smart/2.5.2/accessors-smart-2.5.2.jar:/Users/mercelvubangsi/.m2/repository/org/ow2/asm/asm/9.7.1/asm-9.7.1.jar:/Users/mercelvubangsi/.m2/repository/org/assertj/assertj-core/3.26.3/assertj-core-3.26.3.jar:/Users/mercelvubangsi/.m2/repository/org/awaitility/awaitility/4.2.2/awaitility-4.2.2.jar:/Users/mercelvubangsi/.m2/repository/org/hamcrest/hamcrest/2.2/hamcrest-2.2.jar:/Users/mercelvubangsi/.m2/repository/org/junit/jupiter/junit-jupiter/5.11.4/junit-jupiter-5.11.4.jar:/Users/mercelvubangsi/.m2/repository/org/junit/jupiter/junit-jupiter-api/5.11.4/junit-jupiter-api-5.11.4.jar:/Users/mercelvubangsi/.m2/repository/org/opentest4j/opentest4j/1.3.0/opentest4j-1.3.0.jar:/Users/mercelvubangsi/.m2/repository/org/junit/platform/junit-platform-commons/1.11.4/junit-platform-commons-1.11.4.jar:/Users/mercelvubangsi/.m2/repository/org/apiguardian/apiguardian-api/1.1.2/apiguardian-api-1.1.2.jar:/Users/mercelvubangsi/.m2/repository/org/junit/jupiter/junit-jupiter-params/5.11.4/junit-jupiter-params-5.11.4.jar:/Users/mercelvubangsi/.m2/repository/org/junit/jupiter/junit-jupiter-engine/5.11.4/junit-jupiter-engine-5.11.4.jar:/Users/mercelvubangsi/.m2/repository/org/junit/platform/junit-platform-engine/1.11.4/junit-platform-engine-1.11.4.jar:/Users/mercelvubangsi/.m2/repository/org/mockito/mockito-core/5.14.2/mockito-core-5.14.2.jar:/Users/mercelvubangsi/.m2/repository/net/bytebuddy/byte-buddy-agent/1.15.11/byte-buddy-agent-1.15.11.jar:/Users/mercelvubangsi/.m2/repository/org/objenesis/objenesis/3.3/objenesis-3.3.jar:/Users/mercelvubangsi/.m2/repository/org/mockito/mockito-junit-jupiter/5.14.2/mockito-junit-jupiter-5.14.2.jar:/Users/mercelvubangsi/.m2/repository/org/skyscreamer/jsonassert/1.5.3/jsonassert-1.5.3.jar:/Users/mercelvubangsi/.m2/repository/com/vaadin/external/google/android-json/0.0.20131108.vaadin1/android-json-0.0.20131108.vaadin1.jar:/Users/mercelvubangsi/.m2/repository/org/springframework/spring-core/6.2.3/spring-core-6.2.3.jar:/Users/mercelvubangsi/.m2/repository/org/springframework/spring-jcl/6.2.3/spring-jcl-6.2.3.jar:/Users/mercelvubangsi/.m2/repository/org/springframework/spring-test/6.2.3/spring-test-6.2.3.jar:/Users/mercelvubangsi/.m2/repository/org/xmlunit/xmlunit-core/2.10.0/xmlunit-core-2.10.0.jar:"/>
    <property name="sun.cpu.endian" value="little"/>
    <property name="user.home" value="/Users/mercelvubangsi"/>
    <property name="user.language" value="en"/>
    <property name="java.specification.vendor" value="Oracle Corporation"/>
    <property name="java.version.date" value="2024-10-15"/>
    <property name="java.home" value="/usr/local/Cellar/openjdk/23.0.1/libexec/openjdk.jdk/Contents/Home"/>
    <property name="file.separator" value="/"/>
    <property name="basedir" value="/Users/mercelvubangsi/Documents/MY DOCS/MIU/STUDIES/CS425 SWE/PROJECT/new/backend"/>
    <property name="java.vm.compressedOopsMode" value="Zero based"/>
    <property name="line.separator" value="&#10;"/>
    <property name="java.vm.specification.vendor" value="Oracle Corporation"/>
    <property name="java.specification.name" value="Java Platform API Specification"/>
    <property name="FILE_LOG_CHARSET" value="UTF-8"/>
    <property name="java.awt.headless" value="true"/>
    <property name="apple.awt.application.name" value="ForkedBooter"/>
    <property name="surefire.real.class.path" value="/Users/mercelvubangsi/Documents/MY DOCS/MIU/STUDIES/CS425 SWE/PROJECT/new/backend/target/surefire/surefirebooter-20250315100551325_3.jar"/>
    <property name="sun.management.compiler" value="HotSpot 64-Bit Tiered Compilers"/>
    <property name="ftp.nonProxyHosts" value="local|*.local|169.254/16|*.169.254/16"/>
    <property name="java.runtime.version" value="23.0.1"/>
    <property name="user.name" value="mercelvubangsi"/>
    <property name="stdout.encoding" value="UTF-8"/>
    <property name="path.separator" value=":"/>
    <property name="os.version" value="13.7.2"/>
    <property name="java.runtime.name" value="OpenJDK Runtime Environment"/>
    <property name="file.encoding" value="UTF-8"/>
    <property name="java.vm.name" value="OpenJDK 64-Bit Server VM"/>
    <property name="java.vendor.version" value="Homebrew"/>
    <property name="localRepository" value="/Users/mercelvubangsi/.m2/repository"/>
    <property name="java.vendor.url.bug" value="https://github.com/Homebrew/homebrew-core/issues"/>
    <property name="java.io.tmpdir" value="/var/folders/cs/h8q220ps5nb4znyn5h36865m0000gn/T/"/>
    <property name="com.zaxxer.hikari.pool_number" value="1"/>
    <property name="java.version" value="23.0.1"/>
    <property name="user.dir" value="/Users/mercelvubangsi/Documents/MY DOCS/MIU/STUDIES/CS425 SWE/PROJECT/new/backend"/>
    <property name="os.arch" value="x86_64"/>
    <property name="java.vm.specification.name" value="Java Virtual Machine Specification"/>
    <property name="PID" value="37662"/>
    <property name="CONSOLE_LOG_CHARSET" value="UTF-8"/>
    <property name="native.encoding" value="UTF-8"/>
    <property name="java.library.path" value="/Users/mercelvubangsi/Library/Java/Extensions:/Library/Java/Extensions:/Network/Library/Java/Extensions:/System/Library/Java/Extensions:/usr/lib/java:."/>
    <property name="java.vm.info" value="mixed mode, sharing"/>
    <property name="stderr.encoding" value="UTF-8"/>
    <property name="java.vendor" value="Homebrew"/>
    <property name="java.vm.version" value="23.0.1"/>
    <property name="sun.io.unicode.encoding" value="UnicodeBig"/>
    <property name="socksNonProxyHosts" value="local|*.local|169.254/16|*.169.254/16"/>
    <property name="java.class.version" value="67.0"/>
    <property name="LOGGED_APPLICATION_NAME" value="[flight-booking] "/>
  </properties>
  <testcase name="contextLoads" classname="edu.miu.cs.cs425.backend.BackendApplicationTests" time="0.043">
    <error message="Failed to load ApplicationContext for [WebMergedContextConfiguration@4587f0f9 testClass = edu.miu.cs.cs425.backend.BackendApplicationTests, locations = [], classes = [edu.miu.cs.cs425.backend.BackendApplication], contextInitializerClasses = [], activeProfiles = [], propertySourceDescriptors = [], propertySourceProperties = [&quot;org.springframework.boot.test.context.SpringBootTestContextBootstrapper=true&quot;], contextCustomizers = [org.springframework.boot.test.context.filter.ExcludeFilterContextCustomizer@2584b82d, org.springframework.boot.test.json.DuplicateJsonObjectContextCustomizerFactory$DuplicateJsonObjectContextCustomizer@626abbd0, org.springframework.boot.test.mock.mockito.MockitoContextCustomizer@0, org.springframework.boot.test.web.client.TestRestTemplateContextCustomizer@798162bc, org.springframework.boot.test.web.reactor.netty.DisableReactorResourceFactoryGlobalResourcesContextCustomizerFactory$DisableReactorResourceFactoryGlobalResourcesContextCustomizerCustomizer@565f390, org.springframework.boot.test.autoconfigure.OnFailureConditionReportContextCustomizerFactory$OnFailureConditionReportContextCustomizer@5e3f861, org.springframework.boot.test.autoconfigure.actuate.observability.ObservabilityContextCustomizerFactory$DisableObservabilityContextCustomizer@1f, org.springframework.boot.test.autoconfigure.properties.PropertyMappingContextCustomizer@0, org.springframework.boot.test.autoconfigure.web.servlet.WebDriverContextCustomizer@32115b28, org.springframework.test.context.support.DynamicPropertiesContextCustomizer@0, org.springframework.boot.test.context.SpringBootTestAnnotation@95981886], resourceBasePath = &quot;src/main/webapp&quot;, contextLoader = org.springframework.boot.test.context.SpringBootContextLoader, parent = null]" type="java.lang.IllegalStateException"><![CDATA[java.lang.IllegalStateException: Failed to load ApplicationContext for [WebMergedContextConfiguration@4587f0f9 testClass = edu.miu.cs.cs425.backend.BackendApplicationTests, locations = [], classes = [edu.miu.cs.cs425.backend.BackendApplication], contextInitializerClasses = [], activeProfiles = [], propertySourceDescriptors = [], propertySourceProperties = ["org.springframework.boot.test.context.SpringBootTestContextBootstrapper=true"], contextCustomizers = [org.springframework.boot.test.context.filter.ExcludeFilterContextCustomizer@2584b82d, org.springframework.boot.test.json.DuplicateJsonObjectContextCustomizerFactory$DuplicateJsonObjectContextCustomizer@626abbd0, org.springframework.boot.test.mock.mockito.MockitoContextCustomizer@0, org.springframework.boot.test.web.client.TestRestTemplateContextCustomizer@798162bc, org.springframework.boot.test.web.reactor.netty.DisableReactorResourceFactoryGlobalResourcesContextCustomizerFactory$DisableReactorResourceFactoryGlobalResourcesContextCustomizerCustomizer@565f390, org.springframework.boot.test.autoconfigure.OnFailureConditionReportContextCustomizerFactory$OnFailureConditionReportContextCustomizer@5e3f861, org.springframework.boot.test.autoconfigure.actuate.observability.ObservabilityContextCustomizerFactory$DisableObservabilityContextCustomizer@1f, org.springframework.boot.test.autoconfigure.properties.PropertyMappingContextCustomizer@0, org.springframework.boot.test.autoconfigure.web.servlet.WebDriverContextCustomizer@32115b28, org.springframework.test.context.support.DynamicPropertiesContextCustomizer@0, org.springframework.boot.test.context.SpringBootTestAnnotation@95981886], resourceBasePath = "src/main/webapp", contextLoader = org.springframework.boot.test.context.SpringBootContextLoader, parent = null]
	at org.springframework.test.context.cache.DefaultCacheAwareContextLoaderDelegate.loadContext(DefaultCacheAwareContextLoaderDelegate.java:180)
	at org.springframework.test.context.support.DefaultTestContext.getApplicationContext(DefaultTestContext.java:130)
	at org.springframework.test.context.web.ServletTestExecutionListener.setUpRequestContextIfNecessary(ServletTestExecutionListener.java:200)
	at org.springframework.test.context.web.ServletTestExecutionListener.prepareTestInstance(ServletTestExecutionListener.java:139)
	at org.springframework.test.context.TestContextManager.prepareTestInstance(TestContextManager.java:260)
	at org.springframework.test.context.junit.jupiter.SpringExtension.postProcessTestInstance(SpringExtension.java:160)
	at java.base/java.util.stream.ForEachOps$ForEachOp$OfRef.accept(ForEachOps.java:184)
	at java.base/java.util.stream.ReferencePipeline$3$1.accept(ReferencePipeline.java:215)
	at java.base/java.util.stream.ReferencePipeline$2$1.accept(ReferencePipeline.java:197)
	at java.base/java.util.stream.ReferencePipeline$3$1.accept(ReferencePipeline.java:215)
	at java.base/java.util.ArrayList$ArrayListSpliterator.forEachRemaining(ArrayList.java:1709)
	at java.base/java.util.stream.AbstractPipeline.copyInto(AbstractPipeline.java:570)
	at java.base/java.util.stream.AbstractPipeline.wrapAndCopyInto(AbstractPipeline.java:560)
	at java.base/java.util.stream.ForEachOps$ForEachOp.evaluateSequential(ForEachOps.java:151)
	at java.base/java.util.stream.ForEachOps$ForEachOp$OfRef.evaluateSequential(ForEachOps.java:174)
	at java.base/java.util.stream.AbstractPipeline.evaluate(AbstractPipeline.java:265)
	at java.base/java.util.stream.ReferencePipeline.forEach(ReferencePipeline.java:636)
	at java.base/java.util.Optional.orElseGet(Optional.java:364)
	at java.base/java.util.ArrayList.forEach(ArrayList.java:1597)
	at java.base/java.util.ArrayList.forEach(ArrayList.java:1597)
Caused by: org.springframework.beans.factory.BeanCreationException: Error creating bean with name 'entityManagerFactory' defined in class path resource [org/springframework/boot/autoconfigure/orm/jpa/HibernateJpaConfiguration.class]: [PersistenceUnit: default] Unable to build Hibernate SessionFactory; nested exception is org.hibernate.exception.JDBCConnectionException: Unable to open JDBC Connection for DDL execution [Communications link failure

The last packet sent successfully to the server was 0 milliseconds ago. The driver has not received any packets from the server.] [n/a]
	at org.springframework.beans.factory.support.AbstractAutowireCapableBeanFactory.initializeBean(AbstractAutowireCapableBeanFactory.java:1812)
	at org.springframework.beans.factory.support.AbstractAutowireCapableBeanFactory.doCreateBean(AbstractAutowireCapableBeanFactory.java:601)
	at org.springframework.beans.factory.support.AbstractAutowireCapableBeanFactory.createBean(AbstractAutowireCapableBeanFactory.java:523)
	at org.springframework.beans.factory.support.AbstractBeanFactory.lambda$doGetBean$0(AbstractBeanFactory.java:339)
	at org.springframework.beans.factory.support.DefaultSingletonBeanRegistry.getSingleton(DefaultSingletonBeanRegistry.java:346)
	at org.springframework.beans.factory.support.AbstractBeanFactory.doGetBean(AbstractBeanFactory.java:337)
	at org.springframework.beans.factory.support.AbstractBeanFactory.getBean(AbstractBeanFactory.java:207)
	at org.springframework.context.support.AbstractApplicationContext.finishBeanFactoryInitialization(AbstractApplicationContext.java:970)
	at org.springframework.context.support.AbstractApplicationContext.refresh(AbstractApplicationContext.java:627)
	at org.springframework.boot.SpringApplication.refresh(SpringApplication.java:752)
	at org.springframework.boot.SpringApplication.refreshContext(SpringApplication.java:439)
	at org.springframework.boot.SpringApplication.run(SpringApplication.java:318)
	at org.springframework.boot.test.context.SpringBootContextLoader.lambda$loadContext$3(SpringBootContextLoader.java:137)
	at org.springframework.util.function.ThrowingSupplier.get(ThrowingSupplier.java:58)
	at org.springframework.util.function.ThrowingSupplier.get(ThrowingSupplier.java:46)
	at org.springframework.boot.SpringApplication.withHook(SpringApplication.java:1461)
	at org.springframework.boot.test.context.SpringBootContextLoader$ContextLoaderHook.run(SpringBootContextLoader.java:553)
	at org.springframework.boot.test.context.SpringBootContextLoader.loadContext(SpringBootContextLoader.java:137)
	at org.springframework.boot.test.context.SpringBootContextLoader.loadContext(SpringBootContextLoader.java:108)
	at org.springframework.test.context.cache.DefaultCacheAwareContextLoaderDelegate.loadContextInternal(DefaultCacheAwareContextLoaderDelegate.java:225)
	at org.springframework.test.context.cache.DefaultCacheAwareContextLoaderDelegate.loadContext(DefaultCacheAwareContextLoaderDelegate.java:152)
	... 19 more
Caused by: jakarta.persistence.PersistenceException: [PersistenceUnit: default] Unable to build Hibernate SessionFactory; nested exception is org.hibernate.exception.JDBCConnectionException: Unable to open JDBC Connection for DDL execution [Communications link failure

The last packet sent successfully to the server was 0 milliseconds ago. The driver has not received any packets from the server.] [n/a]
	at org.springframework.orm.jpa.AbstractEntityManagerFactoryBean.buildNativeEntityManagerFactory(AbstractEntityManagerFactoryBean.java:431)
	at org.springframework.orm.jpa.AbstractEntityManagerFactoryBean.afterPropertiesSet(AbstractEntityManagerFactoryBean.java:400)
	at org.springframework.orm.jpa.LocalContainerEntityManagerFactoryBean.afterPropertiesSet(LocalContainerEntityManagerFactoryBean.java:366)
	at org.springframework.beans.factory.support.AbstractAutowireCapableBeanFactory.invokeInitMethods(AbstractAutowireCapableBeanFactory.java:1859)
	at org.springframework.beans.factory.support.AbstractAutowireCapableBeanFactory.initializeBean(AbstractAutowireCapableBeanFactory.java:1808)
	... 39 more
Caused by: org.hibernate.exception.JDBCConnectionException: Unable to open JDBC Connection for DDL execution [Communications link failure

The last packet sent successfully to the server was 0 milliseconds ago. The driver has not received any packets from the server.] [n/a]
	at org.hibernate.exception.internal.SQLStateConversionDelegate.convert(SQLStateConversionDelegate.java:100)
	at org.hibernate.exception.internal.StandardSQLExceptionConverter.convert(StandardSQLExceptionConverter.java:58)
	at org.hibernate.engine.jdbc.spi.SqlExceptionHelper.convert(SqlExceptionHelper.java:108)
	at org.hibernate.engine.jdbc.spi.SqlExceptionHelper.convert(SqlExceptionHelper.java:94)
	at org.hibernate.resource.transaction.backend.jdbc.internal.DdlTransactionIsolatorNonJtaImpl.getIsolatedConnection(DdlTransactionIsolatorNonJtaImpl.java:74)
	at org.hibernate.tool.schema.internal.exec.GenerationTargetToDatabase.getIsolatedConnection(GenerationTargetToDatabase.java:60)
	at org.hibernate.tool.schema.internal.exec.GenerationTargetToDatabase.jdbcStatement(GenerationTargetToDatabase.java:112)
	at org.hibernate.tool.schema.internal.exec.GenerationTargetToDatabase.accept(GenerationTargetToDatabase.java:79)
	at org.hibernate.tool.schema.internal.Helper.applySqlString(Helper.java:233)
	at org.hibernate.tool.schema.internal.Helper.applySqlStrings(Helper.java:217)
	at org.hibernate.tool.schema.internal.SchemaDropperImpl.applyConstraintDropping(SchemaDropperImpl.java:479)
	at org.hibernate.tool.schema.internal.SchemaDropperImpl.dropConstraintsTablesSequences(SchemaDropperImpl.java:245)
	at org.hibernate.tool.schema.internal.SchemaDropperImpl.dropFromMetadata(SchemaDropperImpl.java:218)
	at org.hibernate.tool.schema.internal.SchemaDropperImpl.performDrop(SchemaDropperImpl.java:186)
	at org.hibernate.tool.schema.internal.SchemaDropperImpl.doDrop(SchemaDropperImpl.java:156)
	at org.hibernate.tool.schema.internal.SchemaDropperImpl.doDrop(SchemaDropperImpl.java:116)
	at org.hibernate.tool.schema.spi.SchemaManagementToolCoordinator.performDatabaseAction(SchemaManagementToolCoordinator.java:238)
	at org.hibernate.tool.schema.spi.SchemaManagementToolCoordinator.lambda$process$5(SchemaManagementToolCoordinator.java:144)
	at java.base/java.util.HashMap.forEach(HashMap.java:1430)
	at org.hibernate.tool.schema.spi.SchemaManagementToolCoordinator.process(SchemaManagementToolCoordinator.java:141)
	at org.hibernate.boot.internal.SessionFactoryObserverForSchemaExport.sessionFactoryCreated(SessionFactoryObserverForSchemaExport.java:37)
	at org.hibernate.internal.SessionFactoryObserverChain.sessionFactoryCreated(SessionFactoryObserverChain.java:35)
	at org.hibernate.internal.SessionFactoryImpl.<init>(SessionFactoryImpl.java:324)
	at org.hibernate.boot.internal.SessionFactoryBuilderImpl.build(SessionFactoryBuilderImpl.java:463)
	at org.hibernate.jpa.boot.internal.EntityManagerFactoryBuilderImpl.build(EntityManagerFactoryBuilderImpl.java:1517)
	at org.springframework.orm.jpa.vendor.SpringHibernateJpaPersistenceProvider.createContainerEntityManagerFactory(SpringHibernateJpaPersistenceProvider.java:66)
	at org.springframework.orm.jpa.LocalContainerEntityManagerFactoryBean.createNativeEntityManagerFactory(LocalContainerEntityManagerFactoryBean.java:390)
	at org.springframework.orm.jpa.AbstractEntityManagerFactoryBean.buildNativeEntityManagerFactory(AbstractEntityManagerFactoryBean.java:419)
	... 43 more
Caused by: com.mysql.cj.jdbc.exceptions.CommunicationsException: Communications link failure

The last packet sent successfully to the server was 0 milliseconds ago. The driver has not received any packets from the server.
	at com.mysql.cj.jdbc.exceptions.SQLError.createCommunicationsException(SQLError.java:175)
	at com.mysql.cj.jdbc.exceptions.SQLExceptionsMapping.translateException(SQLExceptionsMapping.java:64)
	at com.mysql.cj.jdbc.ConnectionImpl.createNewIO(ConnectionImpl.java:825)
	at com.mysql.cj.jdbc.ConnectionImpl.<init>(ConnectionImpl.java:446)
	at com.mysql.cj.jdbc.ConnectionImpl.getInstance(ConnectionImpl.java:239)
	at com.mysql.cj.jdbc.NonRegisteringDriver.connect(NonRegisteringDriver.java:188)
	at com.zaxxer.hikari.util.DriverDataSource.getConnection(DriverDataSource.java:137)
	at com.zaxxer.hikari.pool.PoolBase.newConnection(PoolBase.java:360)
	at com.zaxxer.hikari.pool.PoolBase.newPoolEntry(PoolBase.java:202)
	at com.zaxxer.hikari.pool.HikariPool.createPoolEntry(HikariPool.java:461)
	at com.zaxxer.hikari.pool.HikariPool.checkFailFast(HikariPool.java:550)
	at com.zaxxer.hikari.pool.HikariPool.<init>(HikariPool.java:98)
	at com.zaxxer.hikari.HikariDataSource.getConnection(HikariDataSource.java:111)
	at org.hibernate.engine.jdbc.connections.internal.DatasourceConnectionProviderImpl.getConnection(DatasourceConnectionProviderImpl.java:126)
	at org.hibernate.engine.jdbc.env.internal.JdbcEnvironmentInitiator$ConnectionProviderJdbcConnectionAccess.obtainConnection(JdbcEnvironmentInitiator.java:467)
	at org.hibernate.resource.transaction.backend.jdbc.internal.DdlTransactionIsolatorNonJtaImpl.getIsolatedConnection(DdlTransactionIsolatorNonJtaImpl.java:46)
	... 66 more
Caused by: com.mysql.cj.exceptions.CJCommunicationsException: Communications link failure

The last packet sent successfully to the server was 0 milliseconds ago. The driver has not received any packets from the server.
	at java.base/java.lang.reflect.Constructor.newInstanceWithCaller(Constructor.java:501)
	at java.base/java.lang.reflect.Constructor.newInstance(Constructor.java:485)
	at com.mysql.cj.exceptions.ExceptionFactory.createException(ExceptionFactory.java:62)
	at com.mysql.cj.exceptions.ExceptionFactory.createException(ExceptionFactory.java:105)
	at com.mysql.cj.exceptions.ExceptionFactory.createException(ExceptionFactory.java:150)
	at com.mysql.cj.exceptions.ExceptionFactory.createCommunicationsException(ExceptionFactory.java:166)
	at com.mysql.cj.protocol.a.NativeSocketConnection.connect(NativeSocketConnection.java:89)
	at com.mysql.cj.NativeSession.connect(NativeSession.java:121)
	at com.mysql.cj.jdbc.ConnectionImpl.connectOneTryOnly(ConnectionImpl.java:945)
	at com.mysql.cj.jdbc.ConnectionImpl.createNewIO(ConnectionImpl.java:815)
	... 79 more
Caused by: java.net.UnknownHostException: flight-server.mysql.database.azure.com
	at java.base/java.net.InetAddress$CachedLookup.get(InetAddress.java:998)
	at java.base/java.net.InetAddress.getAllByName0(InetAddress.java:1807)
	at java.base/java.net.InetAddress.getAllByName(InetAddress.java:1676)
	at com.mysql.cj.protocol.StandardSocketFactory.connect(StandardSocketFactory.java:130)
	at com.mysql.cj.protocol.a.NativeSocketConnection.connect(NativeSocketConnection.java:63)
	... 82 more
]]></error>
    <system-out><![CDATA[10:05:52.573 [main] INFO org.springframework.test.context.support.AnnotationConfigContextLoaderUtils -- Could not detect default configuration classes for test class [edu.miu.cs.cs425.backend.BackendApplicationTests]: BackendApplicationTests does not declare any static, non-private, non-final, nested classes annotated with @Configuration.
10:05:52.795 [main] INFO org.springframework.boot.test.context.SpringBootTestContextBootstrapper -- Found @SpringBootConfiguration edu.miu.cs.cs425.backend.BackendApplication for test class edu.miu.cs.cs425.backend.BackendApplicationTests
2025-03-15T10:05:53.550-05:00 DEBUG 37662 --- [flight-booking] [kground-preinit] o.h.v.i.xml.config.ValidationXmlParser   : Trying to load META-INF/validation.xml for XML based Validator configuration.
2025-03-15T10:05:53.561-05:00 DEBUG 37662 --- [flight-booking] [kground-preinit] o.h.v.i.xml.config.ResourceLoaderHelper  : Trying to load META-INF/validation.xml via TCCL
2025-03-15T10:05:53.562-05:00 DEBUG 37662 --- [flight-booking] [kground-preinit] o.h.v.i.xml.config.ResourceLoaderHelper  : Trying to load META-INF/validation.xml via Hibernate Validator's class loader
2025-03-15T10:05:53.563-05:00 DEBUG 37662 --- [flight-booking] [kground-preinit] o.h.v.i.xml.config.ValidationXmlParser   : No META-INF/validation.xml found. Using annotation based configuration only.
2025-03-15T10:05:53.571-05:00 DEBUG 37662 --- [flight-booking] [kground-preinit] o.h.v.i.e.resolver.TraversableResolvers  : Found jakarta.persistence.Persistence on classpath containing 'getPersistenceUtil'. Assuming JPA 2 environment. Trying to instantiate JPA aware TraversableResolver
2025-03-15T10:05:53.573-05:00 DEBUG 37662 --- [flight-booking] [kground-preinit] o.h.v.i.e.resolver.TraversableResolvers  : Instantiated JPA aware TraversableResolver of type org.hibernate.validator.internal.engine.resolver.JPATraversableResolver.
2025-03-15T10:05:53.590-05:00  INFO 37662 --- [flight-booking] [           main] e.m.c.c.backend.BackendApplicationTests  : Starting BackendApplicationTests using Java 23.0.1 with PID 37662 (started by mercelvubangsi in /Users/mercelvubangsi/Documents/MY DOCS/MIU/STUDIES/CS425 SWE/PROJECT/new/backend)
2025-03-15T10:05:53.591-05:00 DEBUG 37662 --- [flight-booking] [           main] e.m.c.c.backend.BackendApplicationTests  : Running with Spring Boot v3.4.3, Spring v6.2.3
2025-03-15T10:05:53.593-05:00  INFO 37662 --- [flight-booking] [           main] e.m.c.c.backend.BackendApplicationTests  : No active profile set, falling back to 1 default profile: "default"
2025-03-15T10:05:53.625-05:00 DEBUG 37662 --- [flight-booking] [kground-preinit] .h.v.m.ResourceBundleMessageInterpolator : Loaded expression factory via original TCCL
2025-03-15T10:05:53.822-05:00 DEBUG 37662 --- [flight-booking] [kground-preinit] .i.e.ValidatorFactoryConfigurationHelper : HV000252: Using org.hibernate.validator.internal.engine.DefaultPropertyNodeNameProvider as property node name provider.
2025-03-15T10:05:53.834-05:00 DEBUG 37662 --- [flight-booking] [kground-preinit] .i.e.ValidatorFactoryConfigurationHelper : HV000234: Using org.hibernate.validator.messageinterpolation.ResourceBundleMessageInterpolator as ValidatorFactory-scoped message interpolator.
2025-03-15T10:05:53.835-05:00 DEBUG 37662 --- [flight-booking] [kground-preinit] .i.e.ValidatorFactoryConfigurationHelper : HV000234: Using org.hibernate.validator.internal.engine.resolver.JPATraversableResolver as ValidatorFactory-scoped traversable resolver.
2025-03-15T10:05:53.835-05:00 DEBUG 37662 --- [flight-booking] [kground-preinit] .i.e.ValidatorFactoryConfigurationHelper : HV000234: Using org.hibernate.validator.internal.util.ExecutableParameterNameProvider as ValidatorFactory-scoped parameter name provider.
2025-03-15T10:05:53.835-05:00 DEBUG 37662 --- [flight-booking] [kground-preinit] .i.e.ValidatorFactoryConfigurationHelper : HV000234: Using org.hibernate.validator.internal.engine.DefaultClockProvider as ValidatorFactory-scoped clock provider.
2025-03-15T10:05:53.836-05:00 DEBUG 37662 --- [flight-booking] [kground-preinit] .i.e.ValidatorFactoryConfigurationHelper : HV000234: Using org.hibernate.validator.internal.engine.scripting.DefaultScriptEvaluatorFactory as ValidatorFactory-scoped script evaluator factory.
2025-03-15T10:05:55.151-05:00  INFO 37662 --- [flight-booking] [           main] .s.d.r.c.RepositoryConfigurationDelegate : Bootstrapping Spring Data JPA repositories in DEFAULT mode.
2025-03-15T10:05:55.276-05:00  INFO 37662 --- [flight-booking] [           main] .s.d.r.c.RepositoryConfigurationDelegate : Finished Spring Data repository scanning in 107 ms. Found 5 JPA repository interfaces.
2025-03-15T10:05:56.074-05:00 DEBUG 37662 --- [flight-booking] [           main] o.hibernate.jpa.internal.util.LogHelper  : PersistenceUnitInfo [
	name: default
	persistence provider classname: null
	classloader: jdk.internal.loader.ClassLoaders$AppClassLoader@18ff02e4
	excludeUnlistedClasses: true
	JTA datasource: null
	Non JTA datasource: HikariDataSource (null)
	Transaction type: RESOURCE_LOCAL
	PU root URL: file:/Users/mercelvubangsi/Documents/MY%20DOCS/MIU/STUDIES/CS425%20SWE/PROJECT/new/backend/target/test-classes/
	Shared Cache Mode: UNSPECIFIED
	Validation Mode: AUTO
	Jar files URLs []
	Managed classes names [
		edu.miu.cs.cs425.backend.domain.entity.Airline
		edu.miu.cs.cs425.backend.domain.entity.Airport
		edu.miu.cs.cs425.backend.domain.entity.Booking
		edu.miu.cs.cs425.backend.domain.entity.Flight
		edu.miu.cs.cs425.backend.domain.entity.FlightLeg
		edu.miu.cs.cs425.backend.domain.entity.User
		edu.miu.cs.cs425.backend.domain.entity.UserDetails]
	Mapping files names []
	Properties []
2025-03-15T10:05:56.098-05:00 DEBUG 37662 --- [flight-booking] [           main] o.h.i.internal.IntegratorServiceImpl     : Adding Integrator [org.hibernate.boot.beanvalidation.BeanValidationIntegrator].
2025-03-15T10:05:56.100-05:00 DEBUG 37662 --- [flight-booking] [           main] o.h.i.internal.IntegratorServiceImpl     : Adding Integrator [org.hibernate.cache.internal.CollectionCacheInvalidator].
2025-03-15T10:05:56.209-05:00  INFO 37662 --- [flight-booking] [           main] org.hibernate.Version                    : HHH000412: Hibernate ORM core version 6.6.8.Final
2025-03-15T10:05:56.212-05:00 DEBUG 37662 --- [flight-booking] [           main] org.hibernate.cfg.Environment            : HHH000206: 'hibernate.properties' not found
2025-03-15T10:05:56.252-05:00 DEBUG 37662 --- [flight-booking] [           main] org.hibernate.orm.idgen.factory          : Registering IdentifierGenerator strategy [uuid2] -> [org.hibernate.id.UUIDGenerator]
2025-03-15T10:05:56.253-05:00 DEBUG 37662 --- [flight-booking] [           main] org.hibernate.orm.idgen.factory          : Registering IdentifierGenerator strategy [guid] -> [org.hibernate.id.GUIDGenerator]
2025-03-15T10:05:56.255-05:00 DEBUG 37662 --- [flight-booking] [           main] org.hibernate.orm.idgen.factory          : Registering IdentifierGenerator strategy [uuid] -> [org.hibernate.id.UUIDHexGenerator]
2025-03-15T10:05:56.256-05:00 DEBUG 37662 --- [flight-booking] [           main] org.hibernate.orm.idgen.factory          : Registering IdentifierGenerator strategy [uuid.hex] -> [org.hibernate.id.UUIDHexGenerator]
2025-03-15T10:05:56.257-05:00 DEBUG 37662 --- [flight-booking] [           main] org.hibernate.orm.idgen.factory          : Registering IdentifierGenerator strategy [assigned] -> [org.hibernate.id.Assigned]
2025-03-15T10:05:56.261-05:00 DEBUG 37662 --- [flight-booking] [           main] org.hibernate.orm.idgen.factory          : Registering IdentifierGenerator strategy [identity] -> [org.hibernate.id.IdentityGenerator]
2025-03-15T10:05:56.263-05:00 DEBUG 37662 --- [flight-booking] [           main] org.hibernate.orm.idgen.factory          : Registering IdentifierGenerator strategy [select] -> [org.hibernate.id.SelectGenerator]
2025-03-15T10:05:56.265-05:00 DEBUG 37662 --- [flight-booking] [           main] org.hibernate.orm.idgen.factory          : Registering IdentifierGenerator strategy [sequence] -> [org.hibernate.id.enhanced.SequenceStyleGenerator]
2025-03-15T10:05:56.266-05:00 DEBUG 37662 --- [flight-booking] [           main] org.hibernate.orm.idgen.factory          : Registering IdentifierGenerator strategy [increment] -> [org.hibernate.id.IncrementGenerator]
2025-03-15T10:05:56.267-05:00 DEBUG 37662 --- [flight-booking] [           main] org.hibernate.orm.idgen.factory          : Registering IdentifierGenerator strategy [foreign] -> [org.hibernate.id.ForeignGenerator]
2025-03-15T10:05:56.267-05:00 DEBUG 37662 --- [flight-booking] [           main] org.hibernate.orm.idgen.factory          : Registering IdentifierGenerator strategy [enhanced-sequence] -> [org.hibernate.id.enhanced.SequenceStyleGenerator]
2025-03-15T10:05:56.269-05:00 DEBUG 37662 --- [flight-booking] [           main] org.hibernate.orm.idgen.factory          : Registering IdentifierGenerator strategy [enhanced-table] -> [org.hibernate.id.enhanced.TableGenerator]
2025-03-15T10:05:56.284-05:00 DEBUG 37662 --- [flight-booking] [           main] o.h.c.internal.RegionFactoryInitiator    : Cannot default RegionFactory based on registered strategies as `[]` RegionFactory strategies were registered
2025-03-15T10:05:56.287-05:00  INFO 37662 --- [flight-booking] [           main] o.h.c.internal.RegionFactoryInitiator    : HHH000026: Second-level cache disabled
2025-03-15T10:05:56.432-05:00 DEBUG 37662 --- [flight-booking] [           main] org.hibernate.type.BasicTypeRegistry     : Adding type registration boolean -> org.hibernate.type.BasicTypeReference@45287377
2025-03-15T10:05:56.432-05:00 DEBUG 37662 --- [flight-booking] [           main] org.hibernate.type.BasicTypeRegistry     : Adding type registration boolean -> org.hibernate.type.BasicTypeReference@45287377
2025-03-15T10:05:56.432-05:00 DEBUG 37662 --- [flight-booking] [           main] org.hibernate.type.BasicTypeRegistry     : Adding type registration java.lang.Boolean -> org.hibernate.type.BasicTypeReference@45287377
2025-03-15T10:05:56.432-05:00 DEBUG 37662 --- [flight-booking] [           main] org.hibernate.type.BasicTypeRegistry     : Adding type registration numeric_boolean -> org.hibernate.type.BasicTypeReference@7159d601
2025-03-15T10:05:56.432-05:00 DEBUG 37662 --- [flight-booking] [           main] org.hibernate.type.BasicTypeRegistry     : Adding type registration org.hibernate.type.NumericBooleanConverter -> org.hibernate.type.BasicTypeReference@7159d601
2025-03-15T10:05:56.433-05:00 DEBUG 37662 --- [flight-booking] [           main] org.hibernate.type.BasicTypeRegistry     : Adding type registration true_false -> org.hibernate.type.BasicTypeReference@70b33256
2025-03-15T10:05:56.433-05:00 DEBUG 37662 --- [flight-booking] [           main] org.hibernate.type.BasicTypeRegistry     : Adding type registration org.hibernate.type.TrueFalseConverter -> org.hibernate.type.BasicTypeReference@70b33256
2025-03-15T10:05:56.433-05:00 DEBUG 37662 --- [flight-booking] [           main] org.hibernate.type.BasicTypeRegistry     : Adding type registration yes_no -> org.hibernate.type.BasicTypeReference@33d230ce
2025-03-15T10:05:56.433-05:00 DEBUG 37662 --- [flight-booking] [           main] org.hibernate.type.BasicTypeRegistry     : Adding type registration org.hibernate.type.YesNoConverter -> org.hibernate.type.BasicTypeReference@33d230ce
2025-03-15T10:05:56.433-05:00 DEBUG 37662 --- [flight-booking] [           main] org.hibernate.type.BasicTypeRegistry     : Adding type registration byte -> org.hibernate.type.BasicTypeReference@35e74e08
2025-03-15T10:05:56.434-05:00 DEBUG 37662 --- [flight-booking] [           main] org.hibernate.type.BasicTypeRegistry     : Adding type registration byte -> org.hibernate.type.BasicTypeReference@35e74e08
2025-03-15T10:05:56.434-05:00 DEBUG 37662 --- [flight-booking] [           main] org.hibernate.type.BasicTypeRegistry     : Adding type registration java.lang.Byte -> org.hibernate.type.BasicTypeReference@35e74e08
2025-03-15T10:05:56.434-05:00 DEBUG 37662 --- [flight-booking] [           main] org.hibernate.type.BasicTypeRegistry     : Adding type registration binary -> org.hibernate.type.BasicTypeReference@a316f6b
2025-03-15T10:05:56.434-05:00 DEBUG 37662 --- [flight-booking] [           main] org.hibernate.type.BasicTypeRegistry     : Adding type registration byte[] -> org.hibernate.type.BasicTypeReference@a316f6b
2025-03-15T10:05:56.434-05:00 DEBUG 37662 --- [flight-booking] [           main] org.hibernate.type.BasicTypeRegistry     : Adding type registration [B -> org.hibernate.type.BasicTypeReference@a316f6b
2025-03-15T10:05:56.434-05:00 DEBUG 37662 --- [flight-booking] [           main] org.hibernate.type.BasicTypeRegistry     : Adding type registration binary_wrapper -> org.hibernate.type.BasicTypeReference@63f9ddf9
2025-03-15T10:05:56.434-05:00 DEBUG 37662 --- [flight-booking] [           main] org.hibernate.type.BasicTypeRegistry     : Adding type registration wrapper-binary -> org.hibernate.type.BasicTypeReference@63f9ddf9
2025-03-15T10:05:56.435-05:00 DEBUG 37662 --- [flight-booking] [           main] org.hibernate.type.BasicTypeRegistry     : Adding type registration image -> org.hibernate.type.BasicTypeReference@410fc508
2025-03-15T10:05:56.435-05:00 DEBUG 37662 --- [flight-booking] [           main] org.hibernate.type.BasicTypeRegistry     : Adding type registration blob -> org.hibernate.type.BasicTypeReference@4e17442f
2025-03-15T10:05:56.435-05:00 DEBUG 37662 --- [flight-booking] [           main] org.hibernate.type.BasicTypeRegistry     : Adding type registration java.sql.Blob -> org.hibernate.type.BasicTypeReference@4e17442f
2025-03-15T10:05:56.435-05:00 DEBUG 37662 --- [flight-booking] [           main] org.hibernate.type.BasicTypeRegistry     : Adding type registration materialized_blob -> org.hibernate.type.BasicTypeReference@4f5c30b1
2025-03-15T10:05:56.435-05:00 DEBUG 37662 --- [flight-booking] [           main] org.hibernate.type.BasicTypeRegistry     : Adding type registration materialized_blob_wrapper -> org.hibernate.type.BasicTypeReference@62e73ab6
2025-03-15T10:05:56.435-05:00 DEBUG 37662 --- [flight-booking] [           main] org.hibernate.type.BasicTypeRegistry     : Adding type registration short -> org.hibernate.type.BasicTypeReference@5d7f8467
2025-03-15T10:05:56.435-05:00 DEBUG 37662 --- [flight-booking] [           main] org.hibernate.type.BasicTypeRegistry     : Adding type registration short -> org.hibernate.type.BasicTypeReference@5d7f8467
2025-03-15T10:05:56.435-05:00 DEBUG 37662 --- [flight-booking] [           main] org.hibernate.type.BasicTypeRegistry     : Adding type registration java.lang.Short -> org.hibernate.type.BasicTypeReference@5d7f8467
2025-03-15T10:05:56.436-05:00 DEBUG 37662 --- [flight-booking] [           main] org.hibernate.type.BasicTypeRegistry     : Adding type registration integer -> org.hibernate.type.BasicTypeReference@29bd85db
2025-03-15T10:05:56.436-05:00 DEBUG 37662 --- [flight-booking] [           main] org.hibernate.type.BasicTypeRegistry     : Adding type registration int -> org.hibernate.type.BasicTypeReference@29bd85db
2025-03-15T10:05:56.436-05:00 DEBUG 37662 --- [flight-booking] [           main] org.hibernate.type.BasicTypeRegistry     : Adding type registration java.lang.Integer -> org.hibernate.type.BasicTypeReference@29bd85db
2025-03-15T10:05:56.436-05:00 DEBUG 37662 --- [flight-booking] [           main] org.hibernate.type.BasicTypeRegistry     : Adding type registration long -> org.hibernate.type.BasicTypeReference@7caf1e5
2025-03-15T10:05:56.436-05:00 DEBUG 37662 --- [flight-booking] [           main] org.hibernate.type.BasicTypeRegistry     : Adding type registration long -> org.hibernate.type.BasicTypeReference@7caf1e5
2025-03-15T10:05:56.436-05:00 DEBUG 37662 --- [flight-booking] [           main] org.hibernate.type.BasicTypeRegistry     : Adding type registration java.lang.Long -> org.hibernate.type.BasicTypeReference@7caf1e5
2025-03-15T10:05:56.437-05:00 DEBUG 37662 --- [flight-booking] [           main] org.hibernate.type.BasicTypeRegistry     : Adding type registration float -> org.hibernate.type.BasicTypeReference@5c234920
2025-03-15T10:05:56.437-05:00 DEBUG 37662 --- [flight-booking] [           main] org.hibernate.type.BasicTypeRegistry     : Adding type registration float -> org.hibernate.type.BasicTypeReference@5c234920
2025-03-15T10:05:56.437-05:00 DEBUG 37662 --- [flight-booking] [           main] org.hibernate.type.BasicTypeRegistry     : Adding type registration java.lang.Float -> org.hibernate.type.BasicTypeReference@5c234920
2025-03-15T10:05:56.437-05:00 DEBUG 37662 --- [flight-booking] [           main] org.hibernate.type.BasicTypeRegistry     : Adding type registration double -> org.hibernate.type.BasicTypeReference@7ddeb27f
2025-03-15T10:05:56.437-05:00 DEBUG 37662 --- [flight-booking] [           main] org.hibernate.type.BasicTypeRegistry     : Adding type registration double -> org.hibernate.type.BasicTypeReference@7ddeb27f
2025-03-15T10:05:56.438-05:00 DEBUG 37662 --- [flight-booking] [           main] org.hibernate.type.BasicTypeRegistry     : Adding type registration java.lang.Double -> org.hibernate.type.BasicTypeReference@7ddeb27f
2025-03-15T10:05:56.438-05:00 DEBUG 37662 --- [flight-booking] [           main] org.hibernate.type.BasicTypeRegistry     : Adding type registration big_integer -> org.hibernate.type.BasicTypeReference@38087342
2025-03-15T10:05:56.438-05:00 DEBUG 37662 --- [flight-booking] [           main] org.hibernate.type.BasicTypeRegistry     : Adding type registration java.math.BigInteger -> org.hibernate.type.BasicTypeReference@38087342
2025-03-15T10:05:56.438-05:00 DEBUG 37662 --- [flight-booking] [           main] org.hibernate.type.BasicTypeRegistry     : Adding type registration big_decimal -> org.hibernate.type.BasicTypeReference@681de87f
2025-03-15T10:05:56.438-05:00 DEBUG 37662 --- [flight-booking] [           main] org.hibernate.type.BasicTypeRegistry     : Adding type registration java.math.BigDecimal -> org.hibernate.type.BasicTypeReference@681de87f
2025-03-15T10:05:56.438-05:00 DEBUG 37662 --- [flight-booking] [           main] org.hibernate.type.BasicTypeRegistry     : Adding type registration character -> org.hibernate.type.BasicTypeReference@2eb1c615
2025-03-15T10:05:56.439-05:00 DEBUG 37662 --- [flight-booking] [           main] org.hibernate.type.BasicTypeRegistry     : Adding type registration char -> org.hibernate.type.BasicTypeReference@2eb1c615
2025-03-15T10:05:56.439-05:00 DEBUG 37662 --- [flight-booking] [           main] org.hibernate.type.BasicTypeRegistry     : Adding type registration java.lang.Character -> org.hibernate.type.BasicTypeReference@2eb1c615
2025-03-15T10:05:56.439-05:00 DEBUG 37662 --- [flight-booking] [           main] org.hibernate.type.BasicTypeRegistry     : Adding type registration character_nchar -> org.hibernate.type.BasicTypeReference@2674d4f6
2025-03-15T10:05:56.439-05:00 DEBUG 37662 --- [flight-booking] [           main] org.hibernate.type.BasicTypeRegistry     : Adding type registration string -> org.hibernate.type.BasicTypeReference@5d9d2119
2025-03-15T10:05:56.439-05:00 DEBUG 37662 --- [flight-booking] [           main] org.hibernate.type.BasicTypeRegistry     : Adding type registration java.lang.String -> org.hibernate.type.BasicTypeReference@5d9d2119
2025-03-15T10:05:56.440-05:00 DEBUG 37662 --- [flight-booking] [           main] org.hibernate.type.BasicTypeRegistry     : Adding type registration nstring -> org.hibernate.type.BasicTypeReference@5a4464c5
2025-03-15T10:05:56.440-05:00 DEBUG 37662 --- [flight-booking] [           main] org.hibernate.type.BasicTypeRegistry     : Adding type registration characters -> org.hibernate.type.BasicTypeReference@7ae590f6
2025-03-15T10:05:56.440-05:00 DEBUG 37662 --- [flight-booking] [           main] org.hibernate.type.BasicTypeRegistry     : Adding type registration char[] -> org.hibernate.type.BasicTypeReference@7ae590f6
2025-03-15T10:05:56.440-05:00 DEBUG 37662 --- [flight-booking] [           main] org.hibernate.type.BasicTypeRegistry     : Adding type registration [C -> org.hibernate.type.BasicTypeReference@7ae590f6
2025-03-15T10:05:56.440-05:00 DEBUG 37662 --- [flight-booking] [           main] org.hibernate.type.BasicTypeRegistry     : Adding type registration wrapper-characters -> org.hibernate.type.BasicTypeReference@7ab63838
2025-03-15T10:05:56.440-05:00 DEBUG 37662 --- [flight-booking] [           main] org.hibernate.type.BasicTypeRegistry     : Adding type registration text -> org.hibernate.type.BasicTypeReference@4e974b9e
2025-03-15T10:05:56.440-05:00 DEBUG 37662 --- [flight-booking] [           main] org.hibernate.type.BasicTypeRegistry     : Adding type registration ntext -> org.hibernate.type.BasicTypeReference@370c7cc5
2025-03-15T10:05:56.441-05:00 DEBUG 37662 --- [flight-booking] [           main] org.hibernate.type.BasicTypeRegistry     : Adding type registration clob -> org.hibernate.type.BasicTypeReference@61b838f2
2025-03-15T10:05:56.441-05:00 DEBUG 37662 --- [flight-booking] [           main] org.hibernate.type.BasicTypeRegistry     : Adding type registration java.sql.Clob -> org.hibernate.type.BasicTypeReference@61b838f2
2025-03-15T10:05:56.441-05:00 DEBUG 37662 --- [flight-booking] [           main] org.hibernate.type.BasicTypeRegistry     : Adding type registration nclob -> org.hibernate.type.BasicTypeReference@2a04ab05
2025-03-15T10:05:56.441-05:00 DEBUG 37662 --- [flight-booking] [           main] org.hibernate.type.BasicTypeRegistry     : Adding type registration java.sql.NClob -> org.hibernate.type.BasicTypeReference@2a04ab05
2025-03-15T10:05:56.441-05:00 DEBUG 37662 --- [flight-booking] [           main] org.hibernate.type.BasicTypeRegistry     : Adding type registration materialized_clob -> org.hibernate.type.BasicTypeReference@5ebbde60
2025-03-15T10:05:56.441-05:00 DEBUG 37662 --- [flight-booking] [           main] org.hibernate.type.BasicTypeRegistry     : Adding type registration materialized_clob_char_array -> org.hibernate.type.BasicTypeReference@a056b26
2025-03-15T10:05:56.442-05:00 DEBUG 37662 --- [flight-booking] [           main] org.hibernate.type.BasicTypeRegistry     : Adding type registration materialized_clob_character_array -> org.hibernate.type.BasicTypeReference@2a5abd3c
2025-03-15T10:05:56.442-05:00 DEBUG 37662 --- [flight-booking] [           main] org.hibernate.type.BasicTypeRegistry     : Adding type registration materialized_nclob -> org.hibernate.type.BasicTypeReference@250967f1
2025-03-15T10:05:56.442-05:00 DEBUG 37662 --- [flight-booking] [           main] org.hibernate.type.BasicTypeRegistry     : Adding type registration materialized_nclob_character_array -> org.hibernate.type.BasicTypeReference@25c1f5ee
2025-03-15T10:05:56.442-05:00 DEBUG 37662 --- [flight-booking] [           main] org.hibernate.type.BasicTypeRegistry     : Adding type registration materialized_nclob_char_array -> org.hibernate.type.BasicTypeReference@4bce62b
2025-03-15T10:05:56.442-05:00 DEBUG 37662 --- [flight-booking] [           main] org.hibernate.type.BasicTypeRegistry     : Adding type registration Duration -> org.hibernate.type.BasicTypeReference@7bf018dd
2025-03-15T10:05:56.443-05:00 DEBUG 37662 --- [flight-booking] [           main] org.hibernate.type.BasicTypeRegistry     : Adding type registration java.time.Duration -> org.hibernate.type.BasicTypeReference@7bf018dd
2025-03-15T10:05:56.444-05:00 DEBUG 37662 --- [flight-booking] [           main] org.hibernate.type.BasicTypeRegistry     : Adding type registration LocalDateTime -> org.hibernate.type.BasicTypeReference@15a8cebd
2025-03-15T10:05:56.444-05:00 DEBUG 37662 --- [flight-booking] [           main] org.hibernate.type.BasicTypeRegistry     : Adding type registration java.time.LocalDateTime -> org.hibernate.type.BasicTypeReference@15a8cebd
2025-03-15T10:05:56.444-05:00 DEBUG 37662 --- [flight-booking] [           main] org.hibernate.type.BasicTypeRegistry     : Adding type registration LocalDate -> org.hibernate.type.BasicTypeReference@3f6c2763
2025-03-15T10:05:56.444-05:00 DEBUG 37662 --- [flight-booking] [           main] org.hibernate.type.BasicTypeRegistry     : Adding type registration java.time.LocalDate -> org.hibernate.type.BasicTypeReference@3f6c2763
2025-03-15T10:05:56.444-05:00 DEBUG 37662 --- [flight-booking] [           main] org.hibernate.type.BasicTypeRegistry     : Adding type registration LocalTime -> org.hibernate.type.BasicTypeReference@5c82031b
2025-03-15T10:05:56.445-05:00 DEBUG 37662 --- [flight-booking] [           main] org.hibernate.type.BasicTypeRegistry     : Adding type registration java.time.LocalTime -> org.hibernate.type.BasicTypeReference@5c82031b
2025-03-15T10:05:56.445-05:00 DEBUG 37662 --- [flight-booking] [           main] org.hibernate.type.BasicTypeRegistry     : Adding type registration OffsetDateTime -> org.hibernate.type.BasicTypeReference@274fdea6
2025-03-15T10:05:56.445-05:00 DEBUG 37662 --- [flight-booking] [           main] org.hibernate.type.BasicTypeRegistry     : Adding type registration java.time.OffsetDateTime -> org.hibernate.type.BasicTypeReference@274fdea6
2025-03-15T10:05:56.445-05:00 DEBUG 37662 --- [flight-booking] [           main] org.hibernate.type.BasicTypeRegistry     : Adding type registration OffsetDateTimeWithTimezone -> org.hibernate.type.BasicTypeReference@74c121d4
2025-03-15T10:05:56.445-05:00 DEBUG 37662 --- [flight-booking] [           main] org.hibernate.type.BasicTypeRegistry     : Adding type registration OffsetDateTimeWithoutTimezone -> org.hibernate.type.BasicTypeReference@2a484710
2025-03-15T10:05:56.446-05:00 DEBUG 37662 --- [flight-booking] [           main] org.hibernate.type.BasicTypeRegistry     : Adding type registration OffsetTime -> org.hibernate.type.BasicTypeReference@661e1399
2025-03-15T10:05:56.446-05:00 DEBUG 37662 --- [flight-booking] [           main] org.hibernate.type.BasicTypeRegistry     : Adding type registration java.time.OffsetTime -> org.hibernate.type.BasicTypeReference@661e1399
2025-03-15T10:05:56.446-05:00 DEBUG 37662 --- [flight-booking] [           main] org.hibernate.type.BasicTypeRegistry     : Adding type registration OffsetTimeUtc -> org.hibernate.type.BasicTypeReference@3ffd4b12
2025-03-15T10:05:56.446-05:00 DEBUG 37662 --- [flight-booking] [           main] org.hibernate.type.BasicTypeRegistry     : Adding type registration OffsetTimeWithTimezone -> org.hibernate.type.BasicTypeReference@424f02b8
2025-03-15T10:05:56.446-05:00 DEBUG 37662 --- [flight-booking] [           main] org.hibernate.type.BasicTypeRegistry     : Adding type registration OffsetTimeWithoutTimezone -> org.hibernate.type.BasicTypeReference@2ad7bd26
2025-03-15T10:05:56.446-05:00 DEBUG 37662 --- [flight-booking] [           main] org.hibernate.type.BasicTypeRegistry     : Adding type registration ZonedDateTime -> org.hibernate.type.BasicTypeReference@3cc3f13e
2025-03-15T10:05:56.446-05:00 DEBUG 37662 --- [flight-booking] [           main] org.hibernate.type.BasicTypeRegistry     : Adding type registration java.time.ZonedDateTime -> org.hibernate.type.BasicTypeReference@3cc3f13e
2025-03-15T10:05:56.447-05:00 DEBUG 37662 --- [flight-booking] [           main] org.hibernate.type.BasicTypeRegistry     : Adding type registration ZonedDateTimeWithTimezone -> org.hibernate.type.BasicTypeReference@69b3886f
2025-03-15T10:05:56.447-05:00 DEBUG 37662 --- [flight-booking] [           main] org.hibernate.type.BasicTypeRegistry     : Adding type registration ZonedDateTimeWithoutTimezone -> org.hibernate.type.BasicTypeReference@53d30d23
2025-03-15T10:05:56.447-05:00 DEBUG 37662 --- [flight-booking] [           main] org.hibernate.type.BasicTypeRegistry     : Adding type registration date -> org.hibernate.type.BasicTypeReference@44faa4f2
2025-03-15T10:05:56.447-05:00 DEBUG 37662 --- [flight-booking] [           main] org.hibernate.type.BasicTypeRegistry     : Adding type registration java.sql.Date -> org.hibernate.type.BasicTypeReference@44faa4f2
2025-03-15T10:05:56.447-05:00 DEBUG 37662 --- [flight-booking] [           main] org.hibernate.type.BasicTypeRegistry     : Adding type registration time -> org.hibernate.type.BasicTypeReference@6793f752
2025-03-15T10:05:56.448-05:00 DEBUG 37662 --- [flight-booking] [           main] org.hibernate.type.BasicTypeRegistry     : Adding type registration java.sql.Time -> org.hibernate.type.BasicTypeReference@6793f752
2025-03-15T10:05:56.448-05:00 DEBUG 37662 --- [flight-booking] [           main] org.hibernate.type.BasicTypeRegistry     : Adding type registration timestamp -> org.hibernate.type.BasicTypeReference@1216eb3f
2025-03-15T10:05:56.448-05:00 DEBUG 37662 --- [flight-booking] [           main] org.hibernate.type.BasicTypeRegistry     : Adding type registration java.sql.Timestamp -> org.hibernate.type.BasicTypeReference@1216eb3f
2025-03-15T10:05:56.448-05:00 DEBUG 37662 --- [flight-booking] [           main] org.hibernate.type.BasicTypeRegistry     : Adding type registration java.util.Date -> org.hibernate.type.BasicTypeReference@1216eb3f
2025-03-15T10:05:56.448-05:00 DEBUG 37662 --- [flight-booking] [           main] org.hibernate.type.BasicTypeRegistry     : Adding type registration calendar -> org.hibernate.type.BasicTypeReference@59e7564b
2025-03-15T10:05:56.448-05:00 DEBUG 37662 --- [flight-booking] [           main] org.hibernate.type.BasicTypeRegistry     : Adding type registration java.util.Calendar -> org.hibernate.type.BasicTypeReference@59e7564b
2025-03-15T10:05:56.449-05:00 DEBUG 37662 --- [flight-booking] [           main] org.hibernate.type.BasicTypeRegistry     : Adding type registration java.util.GregorianCalendar -> org.hibernate.type.BasicTypeReference@59e7564b
2025-03-15T10:05:56.449-05:00 DEBUG 37662 --- [flight-booking] [           main] org.hibernate.type.BasicTypeRegistry     : Adding type registration calendar_date -> org.hibernate.type.BasicTypeReference@482ba4b1
2025-03-15T10:05:56.450-05:00 DEBUG 37662 --- [flight-booking] [           main] org.hibernate.type.BasicTypeRegistry     : Adding type registration calendar_time -> org.hibernate.type.BasicTypeReference@1510b9a2
2025-03-15T10:05:56.450-05:00 DEBUG 37662 --- [flight-booking] [           main] org.hibernate.type.BasicTypeRegistry     : Adding type registration instant -> org.hibernate.type.BasicTypeReference@76a6f045
2025-03-15T10:05:56.450-05:00 DEBUG 37662 --- [flight-booking] [           main] org.hibernate.type.BasicTypeRegistry     : Adding type registration java.time.Instant -> org.hibernate.type.BasicTypeReference@76a6f045
2025-03-15T10:05:56.450-05:00 DEBUG 37662 --- [flight-booking] [           main] org.hibernate.type.BasicTypeRegistry     : Adding type registration uuid -> org.hibernate.type.BasicTypeReference@633ddc0c
2025-03-15T10:05:56.450-05:00 DEBUG 37662 --- [flight-booking] [           main] org.hibernate.type.BasicTypeRegistry     : Adding type registration java.util.UUID -> org.hibernate.type.BasicTypeReference@633ddc0c
2025-03-15T10:05:56.450-05:00 DEBUG 37662 --- [flight-booking] [           main] org.hibernate.type.BasicTypeRegistry     : Adding type registration pg-uuid -> org.hibernate.type.BasicTypeReference@633ddc0c
2025-03-15T10:05:56.450-05:00 DEBUG 37662 --- [flight-booking] [           main] org.hibernate.type.BasicTypeRegistry     : Adding type registration uuid-binary -> org.hibernate.type.BasicTypeReference@4bcdd11
2025-03-15T10:05:56.451-05:00 DEBUG 37662 --- [flight-booking] [           main] org.hibernate.type.BasicTypeRegistry     : Adding type registration uuid-char -> org.hibernate.type.BasicTypeReference@1471b98d
2025-03-15T10:05:56.451-05:00 DEBUG 37662 --- [flight-booking] [           main] org.hibernate.type.BasicTypeRegistry     : Adding type registration class -> org.hibernate.type.BasicTypeReference@5514579e
2025-03-15T10:05:56.451-05:00 DEBUG 37662 --- [flight-booking] [           main] org.hibernate.type.BasicTypeRegistry     : Adding type registration java.lang.Class -> org.hibernate.type.BasicTypeReference@5514579e
2025-03-15T10:05:56.451-05:00 DEBUG 37662 --- [flight-booking] [           main] org.hibernate.type.BasicTypeRegistry     : Adding type registration currency -> org.hibernate.type.BasicTypeReference@58c42c8c
2025-03-15T10:05:56.451-05:00 DEBUG 37662 --- [flight-booking] [           main] org.hibernate.type.BasicTypeRegistry     : Adding type registration Currency -> org.hibernate.type.BasicTypeReference@58c42c8c
2025-03-15T10:05:56.451-05:00 DEBUG 37662 --- [flight-booking] [           main] org.hibernate.type.BasicTypeRegistry     : Adding type registration java.util.Currency -> org.hibernate.type.BasicTypeReference@58c42c8c
2025-03-15T10:05:56.451-05:00 DEBUG 37662 --- [flight-booking] [           main] org.hibernate.type.BasicTypeRegistry     : Adding type registration locale -> org.hibernate.type.BasicTypeReference@3af236d0
2025-03-15T10:05:56.451-05:00 DEBUG 37662 --- [flight-booking] [           main] org.hibernate.type.BasicTypeRegistry     : Adding type registration java.util.Locale -> org.hibernate.type.BasicTypeReference@3af236d0
2025-03-15T10:05:56.451-05:00 DEBUG 37662 --- [flight-booking] [           main] org.hibernate.type.BasicTypeRegistry     : Adding type registration serializable -> org.hibernate.type.BasicTypeReference@23564dd2
2025-03-15T10:05:56.452-05:00 DEBUG 37662 --- [flight-booking] [           main] org.hibernate.type.BasicTypeRegistry     : Adding type registration java.io.Serializable -> org.hibernate.type.BasicTypeReference@23564dd2
2025-03-15T10:05:56.452-05:00 DEBUG 37662 --- [flight-booking] [           main] org.hibernate.type.BasicTypeRegistry     : Adding type registration timezone -> org.hibernate.type.BasicTypeReference@54895681
2025-03-15T10:05:56.452-05:00 DEBUG 37662 --- [flight-booking] [           main] org.hibernate.type.BasicTypeRegistry     : Adding type registration java.util.TimeZone -> org.hibernate.type.BasicTypeReference@54895681
2025-03-15T10:05:56.452-05:00 DEBUG 37662 --- [flight-booking] [           main] org.hibernate.type.BasicTypeRegistry     : Adding type registration ZoneOffset -> org.hibernate.type.BasicTypeReference@2dd0a0d0
2025-03-15T10:05:56.452-05:00 DEBUG 37662 --- [flight-booking] [           main] org.hibernate.type.BasicTypeRegistry     : Adding type registration java.time.ZoneOffset -> org.hibernate.type.BasicTypeReference@2dd0a0d0
2025-03-15T10:05:56.452-05:00 DEBUG 37662 --- [flight-booking] [           main] org.hibernate.type.BasicTypeRegistry     : Adding type registration url -> org.hibernate.type.BasicTypeReference@6bf570c
2025-03-15T10:05:56.452-05:00 DEBUG 37662 --- [flight-booking] [           main] org.hibernate.type.BasicTypeRegistry     : Adding type registration java.net.URL -> org.hibernate.type.BasicTypeReference@6bf570c
2025-03-15T10:05:56.452-05:00 DEBUG 37662 --- [flight-booking] [           main] org.hibernate.type.BasicTypeRegistry     : Adding type registration vector -> org.hibernate.type.BasicTypeReference@1796b2d4
2025-03-15T10:05:56.453-05:00 DEBUG 37662 --- [flight-booking] [           main] org.hibernate.type.BasicTypeRegistry     : Adding type registration float_vector -> org.hibernate.type.BasicTypeReference@935d3f9
2025-03-15T10:05:56.453-05:00 DEBUG 37662 --- [flight-booking] [           main] org.hibernate.type.BasicTypeRegistry     : Adding type registration double_vector -> org.hibernate.type.BasicTypeReference@214b342f
2025-03-15T10:05:56.453-05:00 DEBUG 37662 --- [flight-booking] [           main] org.hibernate.type.BasicTypeRegistry     : Adding type registration byte_vector -> org.hibernate.type.BasicTypeReference@5db0003d
2025-03-15T10:05:56.453-05:00 DEBUG 37662 --- [flight-booking] [           main] org.hibernate.type.BasicTypeRegistry     : Adding type registration row_version -> org.hibernate.type.BasicTypeReference@7f12094d
2025-03-15T10:05:56.464-05:00 DEBUG 37662 --- [flight-booking] [           main] org.hibernate.type.BasicTypeRegistry     : Adding type registration object -> org.hibernate.type.JavaObjectType@6615237
2025-03-15T10:05:56.464-05:00 DEBUG 37662 --- [flight-booking] [           main] org.hibernate.type.BasicTypeRegistry     : Adding type registration java.lang.Object -> org.hibernate.type.JavaObjectType@6615237
2025-03-15T10:05:56.465-05:00 DEBUG 37662 --- [flight-booking] [           main] org.hibernate.type.BasicTypeRegistry     : Adding type registration null -> org.hibernate.type.NullType@7b5ac347
2025-03-15T10:05:56.466-05:00 DEBUG 37662 --- [flight-booking] [           main] org.hibernate.type.BasicTypeRegistry     : Adding type registration imm_date -> org.hibernate.type.BasicTypeReference@57b9389f
2025-03-15T10:05:56.466-05:00 DEBUG 37662 --- [flight-booking] [           main] org.hibernate.type.BasicTypeRegistry     : Adding type registration imm_time -> org.hibernate.type.BasicTypeReference@72b2c5ed
2025-03-15T10:05:56.466-05:00 DEBUG 37662 --- [flight-booking] [           main] org.hibernate.type.BasicTypeRegistry     : Adding type registration imm_timestamp -> org.hibernate.type.BasicTypeReference@41f785e3
2025-03-15T10:05:56.467-05:00 DEBUG 37662 --- [flight-booking] [           main] org.hibernate.type.BasicTypeRegistry     : Adding type registration imm_calendar -> org.hibernate.type.BasicTypeReference@6c9a3661
2025-03-15T10:05:56.467-05:00 DEBUG 37662 --- [flight-booking] [           main] org.hibernate.type.BasicTypeRegistry     : Adding type registration imm_calendar_date -> org.hibernate.type.BasicTypeReference@727986ad
2025-03-15T10:05:56.467-05:00 DEBUG 37662 --- [flight-booking] [           main] org.hibernate.type.BasicTypeRegistry     : Adding type registration imm_calendar_time -> org.hibernate.type.BasicTypeReference@1600a8a2
2025-03-15T10:05:56.467-05:00 DEBUG 37662 --- [flight-booking] [           main] org.hibernate.type.BasicTypeRegistry     : Adding type registration imm_binary -> org.hibernate.type.BasicTypeReference@6b25ef1c
2025-03-15T10:05:56.467-05:00 DEBUG 37662 --- [flight-booking] [           main] org.hibernate.type.BasicTypeRegistry     : Adding type registration imm_serializable -> org.hibernate.type.BasicTypeReference@56b1e527
2025-03-15T10:05:56.479-05:00 DEBUG 37662 --- [flight-booking] [           main] o.h.boot.internal.BootstrapContextImpl   : Injecting JPA temp ClassLoader [org.springframework.instrument.classloading.SimpleThrowawayClassLoader@6bcdd6e4] into BootstrapContext; was [null]
2025-03-15T10:05:56.479-05:00 DEBUG 37662 --- [flight-booking] [           main] o.h.boot.internal.ClassLoaderAccessImpl  : ClassLoaderAccessImpl#injectTempClassLoader(org.springframework.instrument.classloading.SimpleThrowawayClassLoader@6bcdd6e4) [was null]
2025-03-15T10:05:56.480-05:00 DEBUG 37662 --- [flight-booking] [           main] o.h.boot.internal.BootstrapContextImpl   : Injecting ScanEnvironment [org.hibernate.jpa.boot.internal.StandardJpaScanEnvironmentImpl@6537ac] into BootstrapContext; was [null]
2025-03-15T10:05:56.480-05:00 DEBUG 37662 --- [flight-booking] [           main] o.h.boot.internal.BootstrapContextImpl   : Injecting ScanOptions [org.hibernate.boot.archive.scan.internal.StandardScanOptions@3b218c74] into BootstrapContext; was [org.hibernate.boot.archive.scan.internal.StandardScanOptions@ddffa6c]
2025-03-15T10:05:56.537-05:00 DEBUG 37662 --- [flight-booking] [           main] o.h.j.b.i.PersistenceUnitInfoDescriptor  : Pushing class transformers for PU named 'default' on loading classloader jdk.internal.loader.ClassLoaders$AppClassLoader@18ff02e4
2025-03-15T10:05:56.988-05:00  INFO 37662 --- [flight-booking] [           main] o.s.o.j.p.SpringPersistenceUnitInfo      : No LoadTimeWeaver setup: ignoring JPA class transformer
2025-03-15T10:05:56.989-05:00 DEBUG 37662 --- [flight-booking] [           main] o.h.boot.internal.BootstrapContextImpl   : Injecting JPA temp ClassLoader [null] into BootstrapContext; was [org.springframework.instrument.classloading.SimpleThrowawayClassLoader@6bcdd6e4]
2025-03-15T10:05:56.989-05:00 DEBUG 37662 --- [flight-booking] [           main] o.h.boot.internal.ClassLoaderAccessImpl  : ClassLoaderAccessImpl#injectTempClassLoader(null) [was org.springframework.instrument.classloading.SimpleThrowawayClassLoader@6bcdd6e4]
2025-03-15T10:05:57.038-05:00  INFO 37662 --- [flight-booking] [           main] com.zaxxer.hikari.HikariDataSource       : HikariPool-1 - Starting...
2025-03-15T10:05:58.273-05:00 DEBUG 37662 --- [flight-booking] [           main] o.h.engine.jdbc.spi.SqlExceptionHelper   : unable to obtain isolated JDBC connection [n/a]

com.mysql.cj.jdbc.exceptions.CommunicationsException: Communications link failure

The last packet sent successfully to the server was 0 milliseconds ago. The driver has not received any packets from the server.
	at com.mysql.cj.jdbc.exceptions.SQLError.createCommunicationsException(SQLError.java:175) ~[mysql-connector-j-8.0.33.jar:8.0.33]
	at com.mysql.cj.jdbc.exceptions.SQLExceptionsMapping.translateException(SQLExceptionsMapping.java:64) ~[mysql-connector-j-8.0.33.jar:8.0.33]
	at com.mysql.cj.jdbc.ConnectionImpl.createNewIO(ConnectionImpl.java:825) ~[mysql-connector-j-8.0.33.jar:8.0.33]
	at com.mysql.cj.jdbc.ConnectionImpl.<init>(ConnectionImpl.java:446) ~[mysql-connector-j-8.0.33.jar:8.0.33]
	at com.mysql.cj.jdbc.ConnectionImpl.getInstance(ConnectionImpl.java:239) ~[mysql-connector-j-8.0.33.jar:8.0.33]
	at com.mysql.cj.jdbc.NonRegisteringDriver.connect(NonRegisteringDriver.java:188) ~[mysql-connector-j-8.0.33.jar:8.0.33]
	at com.zaxxer.hikari.util.DriverDataSource.getConnection(DriverDataSource.java:137) ~[HikariCP-5.1.0.jar:na]
	at com.zaxxer.hikari.pool.PoolBase.newConnection(PoolBase.java:360) ~[HikariCP-5.1.0.jar:na]
	at com.zaxxer.hikari.pool.PoolBase.newPoolEntry(PoolBase.java:202) ~[HikariCP-5.1.0.jar:na]
	at com.zaxxer.hikari.pool.HikariPool.createPoolEntry(HikariPool.java:461) ~[HikariCP-5.1.0.jar:na]
	at com.zaxxer.hikari.pool.HikariPool.checkFailFast(HikariPool.java:550) ~[HikariCP-5.1.0.jar:na]
	at com.zaxxer.hikari.pool.HikariPool.<init>(HikariPool.java:98) ~[HikariCP-5.1.0.jar:na]
	at com.zaxxer.hikari.HikariDataSource.getConnection(HikariDataSource.java:111) ~[HikariCP-5.1.0.jar:na]
	at org.hibernate.engine.jdbc.connections.internal.DatasourceConnectionProviderImpl.getConnection(DatasourceConnectionProviderImpl.java:126) ~[hibernate-core-6.6.8.Final.jar:6.6.8.Final]
	at org.hibernate.engine.jdbc.env.internal.JdbcEnvironmentInitiator$ConnectionProviderJdbcConnectionAccess.obtainConnection(JdbcEnvironmentInitiator.java:467) ~[hibernate-core-6.6.8.Final.jar:6.6.8.Final]
	at org.hibernate.resource.transaction.backend.jdbc.internal.JdbcIsolationDelegate.delegateWork(JdbcIsolationDelegate.java:61) ~[hibernate-core-6.6.8.Final.jar:6.6.8.Final]
	at org.hibernate.engine.jdbc.env.internal.JdbcEnvironmentInitiator.getJdbcEnvironmentUsingJdbcMetadata(JdbcEnvironmentInitiator.java:320) ~[hibernate-core-6.6.8.Final.jar:6.6.8.Final]
	at org.hibernate.engine.jdbc.env.internal.JdbcEnvironmentInitiator.initiateService(JdbcEnvironmentInitiator.java:129) ~[hibernate-core-6.6.8.Final.jar:6.6.8.Final]
	at org.hibernate.engine.jdbc.env.internal.JdbcEnvironmentInitiator.initiateService(JdbcEnvironmentInitiator.java:81) ~[hibernate-core-6.6.8.Final.jar:6.6.8.Final]
	at org.hibernate.boot.registry.internal.StandardServiceRegistryImpl.initiateService(StandardServiceRegistryImpl.java:130) ~[hibernate-core-6.6.8.Final.jar:6.6.8.Final]
	at org.hibernate.service.internal.AbstractServiceRegistryImpl.createService(AbstractServiceRegistryImpl.java:263) ~[hibernate-core-6.6.8.Final.jar:6.6.8.Final]
	at org.hibernate.service.internal.AbstractServiceRegistryImpl.initializeService(AbstractServiceRegistryImpl.java:238) ~[hibernate-core-6.6.8.Final.jar:6.6.8.Final]
	at org.hibernate.service.internal.AbstractServiceRegistryImpl.getService(AbstractServiceRegistryImpl.java:215) ~[hibernate-core-6.6.8.Final.jar:6.6.8.Final]
	at org.hibernate.boot.model.relational.Database.<init>(Database.java:45) ~[hibernate-core-6.6.8.Final.jar:6.6.8.Final]
	at org.hibernate.boot.internal.InFlightMetadataCollectorImpl.getDatabase(InFlightMetadataCollectorImpl.java:226) ~[hibernate-core-6.6.8.Final.jar:6.6.8.Final]
	at org.hibernate.boot.internal.InFlightMetadataCollectorImpl.<init>(InFlightMetadataCollectorImpl.java:194) ~[hibernate-core-6.6.8.Final.jar:6.6.8.Final]
	at org.hibernate.boot.model.process.spi.MetadataBuildingProcess.complete(MetadataBuildingProcess.java:171) ~[hibernate-core-6.6.8.Final.jar:6.6.8.Final]
	at org.hibernate.jpa.boot.internal.EntityManagerFactoryBuilderImpl.metadata(EntityManagerFactoryBuilderImpl.java:1442) ~[hibernate-core-6.6.8.Final.jar:6.6.8.Final]
	at org.hibernate.jpa.boot.internal.EntityManagerFactoryBuilderImpl.build(EntityManagerFactoryBuilderImpl.java:1513) ~[hibernate-core-6.6.8.Final.jar:6.6.8.Final]
	at org.springframework.orm.jpa.vendor.SpringHibernateJpaPersistenceProvider.createContainerEntityManagerFactory(SpringHibernateJpaPersistenceProvider.java:66) ~[spring-orm-6.2.3.jar:6.2.3]
	at org.springframework.orm.jpa.LocalContainerEntityManagerFactoryBean.createNativeEntityManagerFactory(LocalContainerEntityManagerFactoryBean.java:390) ~[spring-orm-6.2.3.jar:6.2.3]
	at org.springframework.orm.jpa.AbstractEntityManagerFactoryBean.buildNativeEntityManagerFactory(AbstractEntityManagerFactoryBean.java:419) ~[spring-orm-6.2.3.jar:6.2.3]
	at org.springframework.orm.jpa.AbstractEntityManagerFactoryBean.afterPropertiesSet(AbstractEntityManagerFactoryBean.java:400) ~[spring-orm-6.2.3.jar:6.2.3]
	at org.springframework.orm.jpa.LocalContainerEntityManagerFactoryBean.afterPropertiesSet(LocalContainerEntityManagerFactoryBean.java:366) ~[spring-orm-6.2.3.jar:6.2.3]
	at org.springframework.beans.factory.support.AbstractAutowireCapableBeanFactory.invokeInitMethods(AbstractAutowireCapableBeanFactory.java:1859) ~[spring-beans-6.2.3.jar:6.2.3]
	at org.springframework.beans.factory.support.AbstractAutowireCapableBeanFactory.initializeBean(AbstractAutowireCapableBeanFactory.java:1808) ~[spring-beans-6.2.3.jar:6.2.3]
	at org.springframework.beans.factory.support.AbstractAutowireCapableBeanFactory.doCreateBean(AbstractAutowireCapableBeanFactory.java:601) ~[spring-beans-6.2.3.jar:6.2.3]
	at org.springframework.beans.factory.support.AbstractAutowireCapableBeanFactory.createBean(AbstractAutowireCapableBeanFactory.java:523) ~[spring-beans-6.2.3.jar:6.2.3]
	at org.springframework.beans.factory.support.AbstractBeanFactory.lambda$doGetBean$0(AbstractBeanFactory.java:339) ~[spring-beans-6.2.3.jar:6.2.3]
	at org.springframework.beans.factory.support.DefaultSingletonBeanRegistry.getSingleton(DefaultSingletonBeanRegistry.java:346) ~[spring-beans-6.2.3.jar:6.2.3]
	at org.springframework.beans.factory.support.AbstractBeanFactory.doGetBean(AbstractBeanFactory.java:337) ~[spring-beans-6.2.3.jar:6.2.3]
	at org.springframework.beans.factory.support.AbstractBeanFactory.getBean(AbstractBeanFactory.java:207) ~[spring-beans-6.2.3.jar:6.2.3]
	at org.springframework.context.support.AbstractApplicationContext.finishBeanFactoryInitialization(AbstractApplicationContext.java:970) ~[spring-context-6.2.3.jar:6.2.3]
	at org.springframework.context.support.AbstractApplicationContext.refresh(AbstractApplicationContext.java:627) ~[spring-context-6.2.3.jar:6.2.3]
	at org.springframework.boot.SpringApplication.refresh(SpringApplication.java:752) ~[spring-boot-3.4.3.jar:3.4.3]
	at org.springframework.boot.SpringApplication.refreshContext(SpringApplication.java:439) ~[spring-boot-3.4.3.jar:3.4.3]
	at org.springframework.boot.SpringApplication.run(SpringApplication.java:318) ~[spring-boot-3.4.3.jar:3.4.3]
	at org.springframework.boot.test.context.SpringBootContextLoader.lambda$loadContext$3(SpringBootContextLoader.java:137) ~[spring-boot-test-3.4.3.jar:3.4.3]
	at org.springframework.util.function.ThrowingSupplier.get(ThrowingSupplier.java:58) ~[spring-core-6.2.3.jar:6.2.3]
	at org.springframework.util.function.ThrowingSupplier.get(ThrowingSupplier.java:46) ~[spring-core-6.2.3.jar:6.2.3]
	at org.springframework.boot.SpringApplication.withHook(SpringApplication.java:1461) ~[spring-boot-3.4.3.jar:3.4.3]
	at org.springframework.boot.test.context.SpringBootContextLoader$ContextLoaderHook.run(SpringBootContextLoader.java:553) ~[spring-boot-test-3.4.3.jar:3.4.3]
	at org.springframework.boot.test.context.SpringBootContextLoader.loadContext(SpringBootContextLoader.java:137) ~[spring-boot-test-3.4.3.jar:3.4.3]
	at org.springframework.boot.test.context.SpringBootContextLoader.loadContext(SpringBootContextLoader.java:108) ~[spring-boot-test-3.4.3.jar:3.4.3]
	at org.springframework.test.context.cache.DefaultCacheAwareContextLoaderDelegate.loadContextInternal(DefaultCacheAwareContextLoaderDelegate.java:225) ~[spring-test-6.2.3.jar:6.2.3]
	at org.springframework.test.context.cache.DefaultCacheAwareContextLoaderDelegate.loadContext(DefaultCacheAwareContextLoaderDelegate.java:152) ~[spring-test-6.2.3.jar:6.2.3]
	at org.springframework.test.context.support.DefaultTestContext.getApplicationContext(DefaultTestContext.java:130) ~[spring-test-6.2.3.jar:6.2.3]
	at org.springframework.test.context.web.ServletTestExecutionListener.setUpRequestContextIfNecessary(ServletTestExecutionListener.java:200) ~[spring-test-6.2.3.jar:6.2.3]
	at org.springframework.test.context.web.ServletTestExecutionListener.prepareTestInstance(ServletTestExecutionListener.java:139) ~[spring-test-6.2.3.jar:6.2.3]
	at org.springframework.test.context.TestContextManager.prepareTestInstance(TestContextManager.java:260) ~[spring-test-6.2.3.jar:6.2.3]
	at org.springframework.test.context.junit.jupiter.SpringExtension.postProcessTestInstance(SpringExtension.java:160) ~[spring-test-6.2.3.jar:6.2.3]
	at org.junit.jupiter.engine.descriptor.ClassBasedTestDescriptor.lambda$invokeTestInstancePostProcessors$11(ClassBasedTestDescriptor.java:378) ~[junit-jupiter-engine-5.11.4.jar:5.11.4]
	at org.junit.jupiter.engine.descriptor.ClassBasedTestDescriptor.executeAndMaskThrowable(ClassBasedTestDescriptor.java:383) ~[junit-jupiter-engine-5.11.4.jar:5.11.4]
	at org.junit.jupiter.engine.descriptor.ClassBasedTestDescriptor.lambda$invokeTestInstancePostProcessors$12(ClassBasedTestDescriptor.java:378) ~[junit-jupiter-engine-5.11.4.jar:5.11.4]
	at java.base/java.util.stream.ForEachOps$ForEachOp$OfRef.accept(ForEachOps.java:184) ~[na:na]
	at java.base/java.util.stream.ReferencePipeline$3$1.accept(ReferencePipeline.java:215) ~[na:na]
	at java.base/java.util.stream.ReferencePipeline$2$1.accept(ReferencePipeline.java:197) ~[na:na]
	at java.base/java.util.stream.ReferencePipeline$3$1.accept(ReferencePipeline.java:215) ~[na:na]
	at java.base/java.util.ArrayList$ArrayListSpliterator.forEachRemaining(ArrayList.java:1709) ~[na:na]
	at java.base/java.util.stream.AbstractPipeline.copyInto(AbstractPipeline.java:570) ~[na:na]
	at java.base/java.util.stream.AbstractPipeline.wrapAndCopyInto(AbstractPipeline.java:560) ~[na:na]
	at java.base/java.util.stream.ForEachOps$ForEachOp.evaluateSequential(ForEachOps.java:151) ~[na:na]
	at java.base/java.util.stream.ForEachOps$ForEachOp$OfRef.evaluateSequential(ForEachOps.java:174) ~[na:na]
	at java.base/java.util.stream.AbstractPipeline.evaluate(AbstractPipeline.java:265) ~[na:na]
	at java.base/java.util.stream.ReferencePipeline.forEach(ReferencePipeline.java:636) ~[na:na]
	at org.junit.jupiter.engine.descriptor.ClassBasedTestDescriptor.invokeTestInstancePostProcessors(ClassBasedTestDescriptor.java:377) ~[junit-jupiter-engine-5.11.4.jar:5.11.4]
	at org.junit.jupiter.engine.descriptor.ClassBasedTestDescriptor.lambda$instantiateAndPostProcessTestInstance$7(ClassBasedTestDescriptor.java:290) ~[junit-jupiter-engine-5.11.4.jar:5.11.4]
	at org.junit.platform.engine.support.hierarchical.ThrowableCollector.execute(ThrowableCollector.java:73) ~[junit-platform-engine-1.11.4.jar:1.11.4]
	at org.junit.jupiter.engine.descriptor.ClassBasedTestDescriptor.instantiateAndPostProcessTestInstance(ClassBasedTestDescriptor.java:289) ~[junit-jupiter-engine-5.11.4.jar:5.11.4]
	at org.junit.jupiter.engine.descriptor.ClassBasedTestDescriptor.lambda$testInstancesProvider$5(ClassBasedTestDescriptor.java:279) ~[junit-jupiter-engine-5.11.4.jar:5.11.4]
	at java.base/java.util.Optional.orElseGet(Optional.java:364) ~[na:na]
	at org.junit.jupiter.engine.descriptor.ClassBasedTestDescriptor.lambda$testInstancesProvider$6(ClassBasedTestDescriptor.java:278) ~[junit-jupiter-engine-5.11.4.jar:5.11.4]
	at org.junit.jupiter.engine.execution.TestInstancesProvider.getTestInstances(TestInstancesProvider.java:31) ~[junit-jupiter-engine-5.11.4.jar:5.11.4]
	at org.junit.jupiter.engine.descriptor.TestMethodTestDescriptor.lambda$prepare$1(TestMethodTestDescriptor.java:105) ~[junit-jupiter-engine-5.11.4.jar:5.11.4]
	at org.junit.platform.engine.support.hierarchical.ThrowableCollector.execute(ThrowableCollector.java:73) ~[junit-platform-engine-1.11.4.jar:1.11.4]
	at org.junit.jupiter.engine.descriptor.TestMethodTestDescriptor.prepare(TestMethodTestDescriptor.java:104) ~[junit-jupiter-engine-5.11.4.jar:5.11.4]
	at org.junit.jupiter.engine.descriptor.TestMethodTestDescriptor.prepare(TestMethodTestDescriptor.java:68) ~[junit-jupiter-engine-5.11.4.jar:5.11.4]
	at org.junit.platform.engine.support.hierarchical.NodeTestTask.lambda$prepare$2(NodeTestTask.java:128) ~[junit-platform-engine-1.11.4.jar:1.11.4]
	at org.junit.platform.engine.support.hierarchical.ThrowableCollector.execute(ThrowableCollector.java:73) ~[junit-platform-engine-1.11.4.jar:1.11.4]
	at org.junit.platform.engine.support.hierarchical.NodeTestTask.prepare(NodeTestTask.java:128) ~[junit-platform-engine-1.11.4.jar:1.11.4]
	at org.junit.platform.engine.support.hierarchical.NodeTestTask.execute(NodeTestTask.java:95) ~[junit-platform-engine-1.11.4.jar:1.11.4]
	at java.base/java.util.ArrayList.forEach(ArrayList.java:1597) ~[na:na]
	at org.junit.platform.engine.support.hierarchical.SameThreadHierarchicalTestExecutorService.invokeAll(SameThreadHierarchicalTestExecutorService.java:41) ~[junit-platform-engine-1.11.4.jar:1.11.4]
	at org.junit.platform.engine.support.hierarchical.NodeTestTask.lambda$executeRecursively$6(NodeTestTask.java:160) ~[junit-platform-engine-1.11.4.jar:1.11.4]
	at org.junit.platform.engine.support.hierarchical.ThrowableCollector.execute(ThrowableCollector.java:73) ~[junit-platform-engine-1.11.4.jar:1.11.4]
	at org.junit.platform.engine.support.hierarchical.NodeTestTask.lambda$executeRecursively$8(NodeTestTask.java:146) ~[junit-platform-engine-1.11.4.jar:1.11.4]
	at org.junit.platform.engine.support.hierarchical.Node.around(Node.java:137) ~[junit-platform-engine-1.11.4.jar:1.11.4]
	at org.junit.platform.engine.support.hierarchical.NodeTestTask.lambda$executeRecursively$9(NodeTestTask.java:144) ~[junit-platform-engine-1.11.4.jar:1.11.4]
	at org.junit.platform.engine.support.hierarchical.ThrowableCollector.execute(ThrowableCollector.java:73) ~[junit-platform-engine-1.11.4.jar:1.11.4]
	at org.junit.platform.engine.support.hierarchical.NodeTestTask.executeRecursively(NodeTestTask.java:143) ~[junit-platform-engine-1.11.4.jar:1.11.4]
	at org.junit.platform.engine.support.hierarchical.NodeTestTask.execute(NodeTestTask.java:100) ~[junit-platform-engine-1.11.4.jar:1.11.4]
	at java.base/java.util.ArrayList.forEach(ArrayList.java:1597) ~[na:na]
	at org.junit.platform.engine.support.hierarchical.SameThreadHierarchicalTestExecutorService.invokeAll(SameThreadHierarchicalTestExecutorService.java:41) ~[junit-platform-engine-1.11.4.jar:1.11.4]
	at org.junit.platform.engine.support.hierarchical.NodeTestTask.lambda$executeRecursively$6(NodeTestTask.java:160) ~[junit-platform-engine-1.11.4.jar:1.11.4]
	at org.junit.platform.engine.support.hierarchical.ThrowableCollector.execute(ThrowableCollector.java:73) ~[junit-platform-engine-1.11.4.jar:1.11.4]
	at org.junit.platform.engine.support.hierarchical.NodeTestTask.lambda$executeRecursively$8(NodeTestTask.java:146) ~[junit-platform-engine-1.11.4.jar:1.11.4]
	at org.junit.platform.engine.support.hierarchical.Node.around(Node.java:137) ~[junit-platform-engine-1.11.4.jar:1.11.4]
	at org.junit.platform.engine.support.hierarchical.NodeTestTask.lambda$executeRecursively$9(NodeTestTask.java:144) ~[junit-platform-engine-1.11.4.jar:1.11.4]
	at org.junit.platform.engine.support.hierarchical.ThrowableCollector.execute(ThrowableCollector.java:73) ~[junit-platform-engine-1.11.4.jar:1.11.4]
	at org.junit.platform.engine.support.hierarchical.NodeTestTask.executeRecursively(NodeTestTask.java:143) ~[junit-platform-engine-1.11.4.jar:1.11.4]
	at org.junit.platform.engine.support.hierarchical.NodeTestTask.execute(NodeTestTask.java:100) ~[junit-platform-engine-1.11.4.jar:1.11.4]
	at org.junit.platform.engine.support.hierarchical.SameThreadHierarchicalTestExecutorService.submit(SameThreadHierarchicalTestExecutorService.java:35) ~[junit-platform-engine-1.11.4.jar:1.11.4]
	at org.junit.platform.engine.support.hierarchical.HierarchicalTestExecutor.execute(HierarchicalTestExecutor.java:57) ~[junit-platform-engine-1.11.4.jar:1.11.4]
	at org.junit.platform.engine.support.hierarchical.HierarchicalTestEngine.execute(HierarchicalTestEngine.java:54) ~[junit-platform-engine-1.11.4.jar:1.11.4]
	at org.junit.platform.launcher.core.EngineExecutionOrchestrator.execute(EngineExecutionOrchestrator.java:198) ~[junit-platform-launcher-1.11.4.jar:1.11.4]
	at org.junit.platform.launcher.core.EngineExecutionOrchestrator.execute(EngineExecutionOrchestrator.java:169) ~[junit-platform-launcher-1.11.4.jar:1.11.4]
	at org.junit.platform.launcher.core.EngineExecutionOrchestrator.execute(EngineExecutionOrchestrator.java:93) ~[junit-platform-launcher-1.11.4.jar:1.11.4]
	at org.junit.platform.launcher.core.EngineExecutionOrchestrator.lambda$execute$0(EngineExecutionOrchestrator.java:58) ~[junit-platform-launcher-1.11.4.jar:1.11.4]
	at org.junit.platform.launcher.core.EngineExecutionOrchestrator.withInterceptedStreams(EngineExecutionOrchestrator.java:141) ~[junit-platform-launcher-1.11.4.jar:1.11.4]
	at org.junit.platform.launcher.core.EngineExecutionOrchestrator.execute(EngineExecutionOrchestrator.java:57) ~[junit-platform-launcher-1.11.4.jar:1.11.4]
	at org.junit.platform.launcher.core.DefaultLauncher.execute(DefaultLauncher.java:103) ~[junit-platform-launcher-1.11.4.jar:1.11.4]
	at org.junit.platform.launcher.core.DefaultLauncher.execute(DefaultLauncher.java:85) ~[junit-platform-launcher-1.11.4.jar:1.11.4]
	at org.junit.platform.launcher.core.DelegatingLauncher.execute(DelegatingLauncher.java:47) ~[junit-platform-launcher-1.11.4.jar:1.11.4]
	at org.apache.maven.surefire.junitplatform.LazyLauncher.execute(LazyLauncher.java:56) ~[surefire-junit-platform-3.5.2.jar:3.5.2]
	at org.apache.maven.surefire.junitplatform.JUnitPlatformProvider.execute(JUnitPlatformProvider.java:184) ~[surefire-junit-platform-3.5.2.jar:3.5.2]
	at org.apache.maven.surefire.junitplatform.JUnitPlatformProvider.invokeAllTests(JUnitPlatformProvider.java:148) ~[surefire-junit-platform-3.5.2.jar:3.5.2]
	at org.apache.maven.surefire.junitplatform.JUnitPlatformProvider.invoke(JUnitPlatformProvider.java:122) ~[surefire-junit-platform-3.5.2.jar:3.5.2]
	at org.apache.maven.surefire.booter.ForkedBooter.runSuitesInProcess(ForkedBooter.java:385) ~[surefire-booter-3.5.2.jar:3.5.2]
	at org.apache.maven.surefire.booter.ForkedBooter.execute(ForkedBooter.java:162) ~[surefire-booter-3.5.2.jar:3.5.2]
	at org.apache.maven.surefire.booter.ForkedBooter.run(ForkedBooter.java:507) ~[surefire-booter-3.5.2.jar:3.5.2]
	at org.apache.maven.surefire.booter.ForkedBooter.main(ForkedBooter.java:495) ~[surefire-booter-3.5.2.jar:3.5.2]
Caused by: com.mysql.cj.exceptions.CJCommunicationsException: Communications link failure

The last packet sent successfully to the server was 0 milliseconds ago. The driver has not received any packets from the server.
	at java.base/jdk.internal.reflect.DirectConstructorHandleAccessor.newInstance(DirectConstructorHandleAccessor.java:62) ~[na:na]
	at java.base/java.lang.reflect.Constructor.newInstanceWithCaller(Constructor.java:501) ~[na:na]
	at java.base/java.lang.reflect.Constructor.newInstance(Constructor.java:485) ~[na:na]
	at com.mysql.cj.exceptions.ExceptionFactory.createException(ExceptionFactory.java:62) ~[mysql-connector-j-8.0.33.jar:8.0.33]
	at com.mysql.cj.exceptions.ExceptionFactory.createException(ExceptionFactory.java:105) ~[mysql-connector-j-8.0.33.jar:8.0.33]
	at com.mysql.cj.exceptions.ExceptionFactory.createException(ExceptionFactory.java:150) ~[mysql-connector-j-8.0.33.jar:8.0.33]
	at com.mysql.cj.exceptions.ExceptionFactory.createCommunicationsException(ExceptionFactory.java:166) ~[mysql-connector-j-8.0.33.jar:8.0.33]
	at com.mysql.cj.protocol.a.NativeSocketConnection.connect(NativeSocketConnection.java:89) ~[mysql-connector-j-8.0.33.jar:8.0.33]
	at com.mysql.cj.NativeSession.connect(NativeSession.java:121) ~[mysql-connector-j-8.0.33.jar:8.0.33]
	at com.mysql.cj.jdbc.ConnectionImpl.connectOneTryOnly(ConnectionImpl.java:945) ~[mysql-connector-j-8.0.33.jar:8.0.33]
	at com.mysql.cj.jdbc.ConnectionImpl.createNewIO(ConnectionImpl.java:815) ~[mysql-connector-j-8.0.33.jar:8.0.33]
	... 128 common frames omitted
Caused by: java.net.UnknownHostException: flight-server.mysql.database.azure.com: nodename nor servname provided, or not known
	at java.base/java.net.Inet6AddressImpl.lookupAllHostAddr(Native Method) ~[na:na]
	at java.base/java.net.Inet6AddressImpl.lookupAllHostAddr(Inet6AddressImpl.java:52) ~[na:na]
	at java.base/java.net.InetAddress$PlatformResolver.lookupByName(InetAddress.java:1221) ~[na:na]
	at java.base/java.net.InetAddress.getAddressesFromNameService(InetAddress.java:1817) ~[na:na]
	at java.base/java.net.InetAddress$NameServiceAddresses.get(InetAddress.java:1149) ~[na:na]
	at java.base/java.net.InetAddress.getAllByName0(InetAddress.java:1807) ~[na:na]
	at java.base/java.net.InetAddress.getAllByName(InetAddress.java:1676) ~[na:na]
	at com.mysql.cj.protocol.StandardSocketFactory.connect(StandardSocketFactory.java:130) ~[mysql-connector-j-8.0.33.jar:8.0.33]
	at com.mysql.cj.protocol.a.NativeSocketConnection.connect(NativeSocketConnection.java:63) ~[mysql-connector-j-8.0.33.jar:8.0.33]
	... 131 common frames omitted

2025-03-15T10:05:58.296-05:00  WARN 37662 --- [flight-booking] [           main] o.h.engine.jdbc.spi.SqlExceptionHelper   : SQL Error: 0, SQLState: 08S01
2025-03-15T10:05:58.297-05:00 ERROR 37662 --- [flight-booking] [           main] o.h.engine.jdbc.spi.SqlExceptionHelper   : Communications link failure

The last packet sent successfully to the server was 0 milliseconds ago. The driver has not received any packets from the server.
2025-03-15T10:05:58.300-05:00  WARN 37662 --- [flight-booking] [           main] o.h.e.j.e.i.JdbcEnvironmentInitiator     : HHH000342: Could not obtain connection to query metadata

org.hibernate.exception.JDBCConnectionException: unable to obtain isolated JDBC connection [Communications link failure

The last packet sent successfully to the server was 0 milliseconds ago. The driver has not received any packets from the server.] [n/a]
	at org.hibernate.exception.internal.SQLStateConversionDelegate.convert(SQLStateConversionDelegate.java:100) ~[hibernate-core-6.6.8.Final.jar:6.6.8.Final]
	at org.hibernate.exception.internal.StandardSQLExceptionConverter.convert(StandardSQLExceptionConverter.java:58) ~[hibernate-core-6.6.8.Final.jar:6.6.8.Final]
	at org.hibernate.engine.jdbc.spi.SqlExceptionHelper.convert(SqlExceptionHelper.java:108) ~[hibernate-core-6.6.8.Final.jar:6.6.8.Final]
	at org.hibernate.engine.jdbc.spi.SqlExceptionHelper.convert(SqlExceptionHelper.java:94) ~[hibernate-core-6.6.8.Final.jar:6.6.8.Final]
	at org.hibernate.resource.transaction.backend.jdbc.internal.JdbcIsolationDelegate.delegateWork(JdbcIsolationDelegate.java:116) ~[hibernate-core-6.6.8.Final.jar:6.6.8.Final]
	at org.hibernate.engine.jdbc.env.internal.JdbcEnvironmentInitiator.getJdbcEnvironmentUsingJdbcMetadata(JdbcEnvironmentInitiator.java:320) ~[hibernate-core-6.6.8.Final.jar:6.6.8.Final]
	at org.hibernate.engine.jdbc.env.internal.JdbcEnvironmentInitiator.initiateService(JdbcEnvironmentInitiator.java:129) ~[hibernate-core-6.6.8.Final.jar:6.6.8.Final]
	at org.hibernate.engine.jdbc.env.internal.JdbcEnvironmentInitiator.initiateService(JdbcEnvironmentInitiator.java:81) ~[hibernate-core-6.6.8.Final.jar:6.6.8.Final]
	at org.hibernate.boot.registry.internal.StandardServiceRegistryImpl.initiateService(StandardServiceRegistryImpl.java:130) ~[hibernate-core-6.6.8.Final.jar:6.6.8.Final]
	at org.hibernate.service.internal.AbstractServiceRegistryImpl.createService(AbstractServiceRegistryImpl.java:263) ~[hibernate-core-6.6.8.Final.jar:6.6.8.Final]
	at org.hibernate.service.internal.AbstractServiceRegistryImpl.initializeService(AbstractServiceRegistryImpl.java:238) ~[hibernate-core-6.6.8.Final.jar:6.6.8.Final]
	at org.hibernate.service.internal.AbstractServiceRegistryImpl.getService(AbstractServiceRegistryImpl.java:215) ~[hibernate-core-6.6.8.Final.jar:6.6.8.Final]
	at org.hibernate.boot.model.relational.Database.<init>(Database.java:45) ~[hibernate-core-6.6.8.Final.jar:6.6.8.Final]
	at org.hibernate.boot.internal.InFlightMetadataCollectorImpl.getDatabase(InFlightMetadataCollectorImpl.java:226) ~[hibernate-core-6.6.8.Final.jar:6.6.8.Final]
	at org.hibernate.boot.internal.InFlightMetadataCollectorImpl.<init>(InFlightMetadataCollectorImpl.java:194) ~[hibernate-core-6.6.8.Final.jar:6.6.8.Final]
	at org.hibernate.boot.model.process.spi.MetadataBuildingProcess.complete(MetadataBuildingProcess.java:171) ~[hibernate-core-6.6.8.Final.jar:6.6.8.Final]
	at org.hibernate.jpa.boot.internal.EntityManagerFactoryBuilderImpl.metadata(EntityManagerFactoryBuilderImpl.java:1442) ~[hibernate-core-6.6.8.Final.jar:6.6.8.Final]
	at org.hibernate.jpa.boot.internal.EntityManagerFactoryBuilderImpl.build(EntityManagerFactoryBuilderImpl.java:1513) ~[hibernate-core-6.6.8.Final.jar:6.6.8.Final]
	at org.springframework.orm.jpa.vendor.SpringHibernateJpaPersistenceProvider.createContainerEntityManagerFactory(SpringHibernateJpaPersistenceProvider.java:66) ~[spring-orm-6.2.3.jar:6.2.3]
	at org.springframework.orm.jpa.LocalContainerEntityManagerFactoryBean.createNativeEntityManagerFactory(LocalContainerEntityManagerFactoryBean.java:390) ~[spring-orm-6.2.3.jar:6.2.3]
	at org.springframework.orm.jpa.AbstractEntityManagerFactoryBean.buildNativeEntityManagerFactory(AbstractEntityManagerFactoryBean.java:419) ~[spring-orm-6.2.3.jar:6.2.3]
	at org.springframework.orm.jpa.AbstractEntityManagerFactoryBean.afterPropertiesSet(AbstractEntityManagerFactoryBean.java:400) ~[spring-orm-6.2.3.jar:6.2.3]
	at org.springframework.orm.jpa.LocalContainerEntityManagerFactoryBean.afterPropertiesSet(LocalContainerEntityManagerFactoryBean.java:366) ~[spring-orm-6.2.3.jar:6.2.3]
	at org.springframework.beans.factory.support.AbstractAutowireCapableBeanFactory.invokeInitMethods(AbstractAutowireCapableBeanFactory.java:1859) ~[spring-beans-6.2.3.jar:6.2.3]
	at org.springframework.beans.factory.support.AbstractAutowireCapableBeanFactory.initializeBean(AbstractAutowireCapableBeanFactory.java:1808) ~[spring-beans-6.2.3.jar:6.2.3]
	at org.springframework.beans.factory.support.AbstractAutowireCapableBeanFactory.doCreateBean(AbstractAutowireCapableBeanFactory.java:601) ~[spring-beans-6.2.3.jar:6.2.3]
	at org.springframework.beans.factory.support.AbstractAutowireCapableBeanFactory.createBean(AbstractAutowireCapableBeanFactory.java:523) ~[spring-beans-6.2.3.jar:6.2.3]
	at org.springframework.beans.factory.support.AbstractBeanFactory.lambda$doGetBean$0(AbstractBeanFactory.java:339) ~[spring-beans-6.2.3.jar:6.2.3]
	at org.springframework.beans.factory.support.DefaultSingletonBeanRegistry.getSingleton(DefaultSingletonBeanRegistry.java:346) ~[spring-beans-6.2.3.jar:6.2.3]
	at org.springframework.beans.factory.support.AbstractBeanFactory.doGetBean(AbstractBeanFactory.java:337) ~[spring-beans-6.2.3.jar:6.2.3]
	at org.springframework.beans.factory.support.AbstractBeanFactory.getBean(AbstractBeanFactory.java:207) ~[spring-beans-6.2.3.jar:6.2.3]
	at org.springframework.context.support.AbstractApplicationContext.finishBeanFactoryInitialization(AbstractApplicationContext.java:970) ~[spring-context-6.2.3.jar:6.2.3]
	at org.springframework.context.support.AbstractApplicationContext.refresh(AbstractApplicationContext.java:627) ~[spring-context-6.2.3.jar:6.2.3]
	at org.springframework.boot.SpringApplication.refresh(SpringApplication.java:752) ~[spring-boot-3.4.3.jar:3.4.3]
	at org.springframework.boot.SpringApplication.refreshContext(SpringApplication.java:439) ~[spring-boot-3.4.3.jar:3.4.3]
	at org.springframework.boot.SpringApplication.run(SpringApplication.java:318) ~[spring-boot-3.4.3.jar:3.4.3]
	at org.springframework.boot.test.context.SpringBootContextLoader.lambda$loadContext$3(SpringBootContextLoader.java:137) ~[spring-boot-test-3.4.3.jar:3.4.3]
	at org.springframework.util.function.ThrowingSupplier.get(ThrowingSupplier.java:58) ~[spring-core-6.2.3.jar:6.2.3]
	at org.springframework.util.function.ThrowingSupplier.get(ThrowingSupplier.java:46) ~[spring-core-6.2.3.jar:6.2.3]
	at org.springframework.boot.SpringApplication.withHook(SpringApplication.java:1461) ~[spring-boot-3.4.3.jar:3.4.3]
	at org.springframework.boot.test.context.SpringBootContextLoader$ContextLoaderHook.run(SpringBootContextLoader.java:553) ~[spring-boot-test-3.4.3.jar:3.4.3]
	at org.springframework.boot.test.context.SpringBootContextLoader.loadContext(SpringBootContextLoader.java:137) ~[spring-boot-test-3.4.3.jar:3.4.3]
	at org.springframework.boot.test.context.SpringBootContextLoader.loadContext(SpringBootContextLoader.java:108) ~[spring-boot-test-3.4.3.jar:3.4.3]
	at org.springframework.test.context.cache.DefaultCacheAwareContextLoaderDelegate.loadContextInternal(DefaultCacheAwareContextLoaderDelegate.java:225) ~[spring-test-6.2.3.jar:6.2.3]
	at org.springframework.test.context.cache.DefaultCacheAwareContextLoaderDelegate.loadContext(DefaultCacheAwareContextLoaderDelegate.java:152) ~[spring-test-6.2.3.jar:6.2.3]
	at org.springframework.test.context.support.DefaultTestContext.getApplicationContext(DefaultTestContext.java:130) ~[spring-test-6.2.3.jar:6.2.3]
	at org.springframework.test.context.web.ServletTestExecutionListener.setUpRequestContextIfNecessary(ServletTestExecutionListener.java:200) ~[spring-test-6.2.3.jar:6.2.3]
	at org.springframework.test.context.web.ServletTestExecutionListener.prepareTestInstance(ServletTestExecutionListener.java:139) ~[spring-test-6.2.3.jar:6.2.3]
	at org.springframework.test.context.TestContextManager.prepareTestInstance(TestContextManager.java:260) ~[spring-test-6.2.3.jar:6.2.3]
	at org.springframework.test.context.junit.jupiter.SpringExtension.postProcessTestInstance(SpringExtension.java:160) ~[spring-test-6.2.3.jar:6.2.3]
	at org.junit.jupiter.engine.descriptor.ClassBasedTestDescriptor.lambda$invokeTestInstancePostProcessors$11(ClassBasedTestDescriptor.java:378) ~[junit-jupiter-engine-5.11.4.jar:5.11.4]
	at org.junit.jupiter.engine.descriptor.ClassBasedTestDescriptor.executeAndMaskThrowable(ClassBasedTestDescriptor.java:383) ~[junit-jupiter-engine-5.11.4.jar:5.11.4]
	at org.junit.jupiter.engine.descriptor.ClassBasedTestDescriptor.lambda$invokeTestInstancePostProcessors$12(ClassBasedTestDescriptor.java:378) ~[junit-jupiter-engine-5.11.4.jar:5.11.4]
	at java.base/java.util.stream.ForEachOps$ForEachOp$OfRef.accept(ForEachOps.java:184) ~[na:na]
	at java.base/java.util.stream.ReferencePipeline$3$1.accept(ReferencePipeline.java:215) ~[na:na]
	at java.base/java.util.stream.ReferencePipeline$2$1.accept(ReferencePipeline.java:197) ~[na:na]
	at java.base/java.util.stream.ReferencePipeline$3$1.accept(ReferencePipeline.java:215) ~[na:na]
	at java.base/java.util.ArrayList$ArrayListSpliterator.forEachRemaining(ArrayList.java:1709) ~[na:na]
	at java.base/java.util.stream.AbstractPipeline.copyInto(AbstractPipeline.java:570) ~[na:na]
	at java.base/java.util.stream.AbstractPipeline.wrapAndCopyInto(AbstractPipeline.java:560) ~[na:na]
	at java.base/java.util.stream.ForEachOps$ForEachOp.evaluateSequential(ForEachOps.java:151) ~[na:na]
	at java.base/java.util.stream.ForEachOps$ForEachOp$OfRef.evaluateSequential(ForEachOps.java:174) ~[na:na]
	at java.base/java.util.stream.AbstractPipeline.evaluate(AbstractPipeline.java:265) ~[na:na]
	at java.base/java.util.stream.ReferencePipeline.forEach(ReferencePipeline.java:636) ~[na:na]
	at org.junit.jupiter.engine.descriptor.ClassBasedTestDescriptor.invokeTestInstancePostProcessors(ClassBasedTestDescriptor.java:377) ~[junit-jupiter-engine-5.11.4.jar:5.11.4]
	at org.junit.jupiter.engine.descriptor.ClassBasedTestDescriptor.lambda$instantiateAndPostProcessTestInstance$7(ClassBasedTestDescriptor.java:290) ~[junit-jupiter-engine-5.11.4.jar:5.11.4]
	at org.junit.platform.engine.support.hierarchical.ThrowableCollector.execute(ThrowableCollector.java:73) ~[junit-platform-engine-1.11.4.jar:1.11.4]
	at org.junit.jupiter.engine.descriptor.ClassBasedTestDescriptor.instantiateAndPostProcessTestInstance(ClassBasedTestDescriptor.java:289) ~[junit-jupiter-engine-5.11.4.jar:5.11.4]
	at org.junit.jupiter.engine.descriptor.ClassBasedTestDescriptor.lambda$testInstancesProvider$5(ClassBasedTestDescriptor.java:279) ~[junit-jupiter-engine-5.11.4.jar:5.11.4]
	at java.base/java.util.Optional.orElseGet(Optional.java:364) ~[na:na]
	at org.junit.jupiter.engine.descriptor.ClassBasedTestDescriptor.lambda$testInstancesProvider$6(ClassBasedTestDescriptor.java:278) ~[junit-jupiter-engine-5.11.4.jar:5.11.4]
	at org.junit.jupiter.engine.execution.TestInstancesProvider.getTestInstances(TestInstancesProvider.java:31) ~[junit-jupiter-engine-5.11.4.jar:5.11.4]
	at org.junit.jupiter.engine.descriptor.TestMethodTestDescriptor.lambda$prepare$1(TestMethodTestDescriptor.java:105) ~[junit-jupiter-engine-5.11.4.jar:5.11.4]
	at org.junit.platform.engine.support.hierarchical.ThrowableCollector.execute(ThrowableCollector.java:73) ~[junit-platform-engine-1.11.4.jar:1.11.4]
	at org.junit.jupiter.engine.descriptor.TestMethodTestDescriptor.prepare(TestMethodTestDescriptor.java:104) ~[junit-jupiter-engine-5.11.4.jar:5.11.4]
	at org.junit.jupiter.engine.descriptor.TestMethodTestDescriptor.prepare(TestMethodTestDescriptor.java:68) ~[junit-jupiter-engine-5.11.4.jar:5.11.4]
	at org.junit.platform.engine.support.hierarchical.NodeTestTask.lambda$prepare$2(NodeTestTask.java:128) ~[junit-platform-engine-1.11.4.jar:1.11.4]
	at org.junit.platform.engine.support.hierarchical.ThrowableCollector.execute(ThrowableCollector.java:73) ~[junit-platform-engine-1.11.4.jar:1.11.4]
	at org.junit.platform.engine.support.hierarchical.NodeTestTask.prepare(NodeTestTask.java:128) ~[junit-platform-engine-1.11.4.jar:1.11.4]
	at org.junit.platform.engine.support.hierarchical.NodeTestTask.execute(NodeTestTask.java:95) ~[junit-platform-engine-1.11.4.jar:1.11.4]
	at java.base/java.util.ArrayList.forEach(ArrayList.java:1597) ~[na:na]
	at org.junit.platform.engine.support.hierarchical.SameThreadHierarchicalTestExecutorService.invokeAll(SameThreadHierarchicalTestExecutorService.java:41) ~[junit-platform-engine-1.11.4.jar:1.11.4]
	at org.junit.platform.engine.support.hierarchical.NodeTestTask.lambda$executeRecursively$6(NodeTestTask.java:160) ~[junit-platform-engine-1.11.4.jar:1.11.4]
	at org.junit.platform.engine.support.hierarchical.ThrowableCollector.execute(ThrowableCollector.java:73) ~[junit-platform-engine-1.11.4.jar:1.11.4]
	at org.junit.platform.engine.support.hierarchical.NodeTestTask.lambda$executeRecursively$8(NodeTestTask.java:146) ~[junit-platform-engine-1.11.4.jar:1.11.4]
	at org.junit.platform.engine.support.hierarchical.Node.around(Node.java:137) ~[junit-platform-engine-1.11.4.jar:1.11.4]
	at org.junit.platform.engine.support.hierarchical.NodeTestTask.lambda$executeRecursively$9(NodeTestTask.java:144) ~[junit-platform-engine-1.11.4.jar:1.11.4]
	at org.junit.platform.engine.support.hierarchical.ThrowableCollector.execute(ThrowableCollector.java:73) ~[junit-platform-engine-1.11.4.jar:1.11.4]
	at org.junit.platform.engine.support.hierarchical.NodeTestTask.executeRecursively(NodeTestTask.java:143) ~[junit-platform-engine-1.11.4.jar:1.11.4]
	at org.junit.platform.engine.support.hierarchical.NodeTestTask.execute(NodeTestTask.java:100) ~[junit-platform-engine-1.11.4.jar:1.11.4]
	at java.base/java.util.ArrayList.forEach(ArrayList.java:1597) ~[na:na]
	at org.junit.platform.engine.support.hierarchical.SameThreadHierarchicalTestExecutorService.invokeAll(SameThreadHierarchicalTestExecutorService.java:41) ~[junit-platform-engine-1.11.4.jar:1.11.4]
	at org.junit.platform.engine.support.hierarchical.NodeTestTask.lambda$executeRecursively$6(NodeTestTask.java:160) ~[junit-platform-engine-1.11.4.jar:1.11.4]
	at org.junit.platform.engine.support.hierarchical.ThrowableCollector.execute(ThrowableCollector.java:73) ~[junit-platform-engine-1.11.4.jar:1.11.4]
	at org.junit.platform.engine.support.hierarchical.NodeTestTask.lambda$executeRecursively$8(NodeTestTask.java:146) ~[junit-platform-engine-1.11.4.jar:1.11.4]
	at org.junit.platform.engine.support.hierarchical.Node.around(Node.java:137) ~[junit-platform-engine-1.11.4.jar:1.11.4]
	at org.junit.platform.engine.support.hierarchical.NodeTestTask.lambda$executeRecursively$9(NodeTestTask.java:144) ~[junit-platform-engine-1.11.4.jar:1.11.4]
	at org.junit.platform.engine.support.hierarchical.ThrowableCollector.execute(ThrowableCollector.java:73) ~[junit-platform-engine-1.11.4.jar:1.11.4]
	at org.junit.platform.engine.support.hierarchical.NodeTestTask.executeRecursively(NodeTestTask.java:143) ~[junit-platform-engine-1.11.4.jar:1.11.4]
	at org.junit.platform.engine.support.hierarchical.NodeTestTask.execute(NodeTestTask.java:100) ~[junit-platform-engine-1.11.4.jar:1.11.4]
	at org.junit.platform.engine.support.hierarchical.SameThreadHierarchicalTestExecutorService.submit(SameThreadHierarchicalTestExecutorService.java:35) ~[junit-platform-engine-1.11.4.jar:1.11.4]
	at org.junit.platform.engine.support.hierarchical.HierarchicalTestExecutor.execute(HierarchicalTestExecutor.java:57) ~[junit-platform-engine-1.11.4.jar:1.11.4]
	at org.junit.platform.engine.support.hierarchical.HierarchicalTestEngine.execute(HierarchicalTestEngine.java:54) ~[junit-platform-engine-1.11.4.jar:1.11.4]
	at org.junit.platform.launcher.core.EngineExecutionOrchestrator.execute(EngineExecutionOrchestrator.java:198) ~[junit-platform-launcher-1.11.4.jar:1.11.4]
	at org.junit.platform.launcher.core.EngineExecutionOrchestrator.execute(EngineExecutionOrchestrator.java:169) ~[junit-platform-launcher-1.11.4.jar:1.11.4]
	at org.junit.platform.launcher.core.EngineExecutionOrchestrator.execute(EngineExecutionOrchestrator.java:93) ~[junit-platform-launcher-1.11.4.jar:1.11.4]
	at org.junit.platform.launcher.core.EngineExecutionOrchestrator.lambda$execute$0(EngineExecutionOrchestrator.java:58) ~[junit-platform-launcher-1.11.4.jar:1.11.4]
	at org.junit.platform.launcher.core.EngineExecutionOrchestrator.withInterceptedStreams(EngineExecutionOrchestrator.java:141) ~[junit-platform-launcher-1.11.4.jar:1.11.4]
	at org.junit.platform.launcher.core.EngineExecutionOrchestrator.execute(EngineExecutionOrchestrator.java:57) ~[junit-platform-launcher-1.11.4.jar:1.11.4]
	at org.junit.platform.launcher.core.DefaultLauncher.execute(DefaultLauncher.java:103) ~[junit-platform-launcher-1.11.4.jar:1.11.4]
	at org.junit.platform.launcher.core.DefaultLauncher.execute(DefaultLauncher.java:85) ~[junit-platform-launcher-1.11.4.jar:1.11.4]
	at org.junit.platform.launcher.core.DelegatingLauncher.execute(DelegatingLauncher.java:47) ~[junit-platform-launcher-1.11.4.jar:1.11.4]
	at org.apache.maven.surefire.junitplatform.LazyLauncher.execute(LazyLauncher.java:56) ~[surefire-junit-platform-3.5.2.jar:3.5.2]
	at org.apache.maven.surefire.junitplatform.JUnitPlatformProvider.execute(JUnitPlatformProvider.java:184) ~[surefire-junit-platform-3.5.2.jar:3.5.2]
	at org.apache.maven.surefire.junitplatform.JUnitPlatformProvider.invokeAllTests(JUnitPlatformProvider.java:148) ~[surefire-junit-platform-3.5.2.jar:3.5.2]
	at org.apache.maven.surefire.junitplatform.JUnitPlatformProvider.invoke(JUnitPlatformProvider.java:122) ~[surefire-junit-platform-3.5.2.jar:3.5.2]
	at org.apache.maven.surefire.booter.ForkedBooter.runSuitesInProcess(ForkedBooter.java:385) ~[surefire-booter-3.5.2.jar:3.5.2]
	at org.apache.maven.surefire.booter.ForkedBooter.execute(ForkedBooter.java:162) ~[surefire-booter-3.5.2.jar:3.5.2]
	at org.apache.maven.surefire.booter.ForkedBooter.run(ForkedBooter.java:507) ~[surefire-booter-3.5.2.jar:3.5.2]
	at org.apache.maven.surefire.booter.ForkedBooter.main(ForkedBooter.java:495) ~[surefire-booter-3.5.2.jar:3.5.2]
Caused by: com.mysql.cj.jdbc.exceptions.CommunicationsException: Communications link failure

The last packet sent successfully to the server was 0 milliseconds ago. The driver has not received any packets from the server.
	at com.mysql.cj.jdbc.exceptions.SQLError.createCommunicationsException(SQLError.java:175) ~[mysql-connector-j-8.0.33.jar:8.0.33]
	at com.mysql.cj.jdbc.exceptions.SQLExceptionsMapping.translateException(SQLExceptionsMapping.java:64) ~[mysql-connector-j-8.0.33.jar:8.0.33]
	at com.mysql.cj.jdbc.ConnectionImpl.createNewIO(ConnectionImpl.java:825) ~[mysql-connector-j-8.0.33.jar:8.0.33]
	at com.mysql.cj.jdbc.ConnectionImpl.<init>(ConnectionImpl.java:446) ~[mysql-connector-j-8.0.33.jar:8.0.33]
	at com.mysql.cj.jdbc.ConnectionImpl.getInstance(ConnectionImpl.java:239) ~[mysql-connector-j-8.0.33.jar:8.0.33]
	at com.mysql.cj.jdbc.NonRegisteringDriver.connect(NonRegisteringDriver.java:188) ~[mysql-connector-j-8.0.33.jar:8.0.33]
	at com.zaxxer.hikari.util.DriverDataSource.getConnection(DriverDataSource.java:137) ~[HikariCP-5.1.0.jar:na]
	at com.zaxxer.hikari.pool.PoolBase.newConnection(PoolBase.java:360) ~[HikariCP-5.1.0.jar:na]
	at com.zaxxer.hikari.pool.PoolBase.newPoolEntry(PoolBase.java:202) ~[HikariCP-5.1.0.jar:na]
	at com.zaxxer.hikari.pool.HikariPool.createPoolEntry(HikariPool.java:461) ~[HikariCP-5.1.0.jar:na]
	at com.zaxxer.hikari.pool.HikariPool.checkFailFast(HikariPool.java:550) ~[HikariCP-5.1.0.jar:na]
	at com.zaxxer.hikari.pool.HikariPool.<init>(HikariPool.java:98) ~[HikariCP-5.1.0.jar:na]
	at com.zaxxer.hikari.HikariDataSource.getConnection(HikariDataSource.java:111) ~[HikariCP-5.1.0.jar:na]
	at org.hibernate.engine.jdbc.connections.internal.DatasourceConnectionProviderImpl.getConnection(DatasourceConnectionProviderImpl.java:126) ~[hibernate-core-6.6.8.Final.jar:6.6.8.Final]
	at org.hibernate.engine.jdbc.env.internal.JdbcEnvironmentInitiator$ConnectionProviderJdbcConnectionAccess.obtainConnection(JdbcEnvironmentInitiator.java:467) ~[hibernate-core-6.6.8.Final.jar:6.6.8.Final]
	at org.hibernate.resource.transaction.backend.jdbc.internal.JdbcIsolationDelegate.delegateWork(JdbcIsolationDelegate.java:61) ~[hibernate-core-6.6.8.Final.jar:6.6.8.Final]
	... 115 common frames omitted
Caused by: com.mysql.cj.exceptions.CJCommunicationsException: Communications link failure

The last packet sent successfully to the server was 0 milliseconds ago. The driver has not received any packets from the server.
	at java.base/jdk.internal.reflect.DirectConstructorHandleAccessor.newInstance(DirectConstructorHandleAccessor.java:62) ~[na:na]
	at java.base/java.lang.reflect.Constructor.newInstanceWithCaller(Constructor.java:501) ~[na:na]
	at java.base/java.lang.reflect.Constructor.newInstance(Constructor.java:485) ~[na:na]
	at com.mysql.cj.exceptions.ExceptionFactory.createException(ExceptionFactory.java:62) ~[mysql-connector-j-8.0.33.jar:8.0.33]
	at com.mysql.cj.exceptions.ExceptionFactory.createException(ExceptionFactory.java:105) ~[mysql-connector-j-8.0.33.jar:8.0.33]
	at com.mysql.cj.exceptions.ExceptionFactory.createException(ExceptionFactory.java:150) ~[mysql-connector-j-8.0.33.jar:8.0.33]
	at com.mysql.cj.exceptions.ExceptionFactory.createCommunicationsException(ExceptionFactory.java:166) ~[mysql-connector-j-8.0.33.jar:8.0.33]
	at com.mysql.cj.protocol.a.NativeSocketConnection.connect(NativeSocketConnection.java:89) ~[mysql-connector-j-8.0.33.jar:8.0.33]
	at com.mysql.cj.NativeSession.connect(NativeSession.java:121) ~[mysql-connector-j-8.0.33.jar:8.0.33]
	at com.mysql.cj.jdbc.ConnectionImpl.connectOneTryOnly(ConnectionImpl.java:945) ~[mysql-connector-j-8.0.33.jar:8.0.33]
	at com.mysql.cj.jdbc.ConnectionImpl.createNewIO(ConnectionImpl.java:815) ~[mysql-connector-j-8.0.33.jar:8.0.33]
	... 128 common frames omitted
Caused by: java.net.UnknownHostException: flight-server.mysql.database.azure.com: nodename nor servname provided, or not known
	at java.base/java.net.Inet6AddressImpl.lookupAllHostAddr(Native Method) ~[na:na]
	at java.base/java.net.Inet6AddressImpl.lookupAllHostAddr(Inet6AddressImpl.java:52) ~[na:na]
	at java.base/java.net.InetAddress$PlatformResolver.lookupByName(InetAddress.java:1221) ~[na:na]
	at java.base/java.net.InetAddress.getAddressesFromNameService(InetAddress.java:1817) ~[na:na]
	at java.base/java.net.InetAddress$NameServiceAddresses.get(InetAddress.java:1149) ~[na:na]
	at java.base/java.net.InetAddress.getAllByName0(InetAddress.java:1807) ~[na:na]
	at java.base/java.net.InetAddress.getAllByName(InetAddress.java:1676) ~[na:na]
	at com.mysql.cj.protocol.StandardSocketFactory.connect(StandardSocketFactory.java:130) ~[mysql-connector-j-8.0.33.jar:8.0.33]
	at com.mysql.cj.protocol.a.NativeSocketConnection.connect(NativeSocketConnection.java:63) ~[mysql-connector-j-8.0.33.jar:8.0.33]
	... 131 common frames omitted

2025-03-15T10:05:58.378-05:00  WARN 37662 --- [flight-booking] [           main] org.hibernate.orm.deprecation            : HHH90000025: MySQLDialect does not need to be specified explicitly using 'hibernate.dialect' (remove the property setting and it will be selected by default)
2025-03-15T10:05:58.381-05:00 DEBUG 37662 --- [flight-booking] [           main] org.hibernate.orm.dialect                : HHH035001: Using dialect: org.hibernate.dialect.MySQLDialect, version: 8.0
2025-03-15T10:05:58.394-05:00 DEBUG 37662 --- [flight-booking] [           main] o.h.e.j.env.spi.IdentifierHelperBuilder  : IdentifierCaseStrategy for both quoted and unquoted identifiers was set to the same strategy [MIXED]; that will likely lead to problems in schema update and validation if using quoted identifiers
2025-03-15T10:05:58.403-05:00 DEBUG 37662 --- [flight-booking] [           main] org.hibernate.orm.jdbc.lob               : HHH10010002: Disabling contextual LOB creation as connection was null
2025-03-15T10:05:58.416-05:00  INFO 37662 --- [flight-booking] [           main] org.hibernate.orm.connections.pooling    : HHH10001005: Database info:
	Database JDBC URL [Connecting through datasource 'HikariDataSource (null)']
	Database driver: undefined/unknown
	Database version: 8.0
	Autocommit mode: undefined/unknown
	Isolation level: undefined/unknown
	Minimum pool size: undefined/unknown
	Maximum pool size: undefined/unknown
2025-03-15T10:05:58.449-05:00 DEBUG 37662 --- [flight-booking] [           main] o.h.t.d.sql.spi.DdlTypeRegistry          : addDescriptor(12, org.hibernate.type.descriptor.sql.internal.CapacityDependentDdlType@7b1c501d) replaced previous registration(org.hibernate.type.descriptor.sql.internal.CapacityDependentDdlType@5abbb273)
2025-03-15T10:05:58.451-05:00 DEBUG 37662 --- [flight-booking] [           main] o.h.t.d.sql.spi.DdlTypeRegistry          : addDescriptor(-9, org.hibernate.type.descriptor.sql.internal.CapacityDependentDdlType@25d9291a) replaced previous registration(org.hibernate.type.descriptor.sql.internal.CapacityDependentDdlType@445058e8)
2025-03-15T10:05:58.452-05:00 DEBUG 37662 --- [flight-booking] [           main] o.h.t.d.sql.spi.DdlTypeRegistry          : addDescriptor(-3, org.hibernate.type.descriptor.sql.internal.CapacityDependentDdlType@5d5574c7) replaced previous registration(org.hibernate.type.descriptor.sql.internal.CapacityDependentDdlType@5a7a6d34)
2025-03-15T10:05:58.453-05:00 DEBUG 37662 --- [flight-booking] [           main] o.h.t.d.sql.spi.DdlTypeRegistry          : addDescriptor(4003, org.hibernate.type.descriptor.sql.internal.DdlTypeImpl@36871e98) replaced previous registration(org.hibernate.type.descriptor.sql.internal.DdlTypeImpl@70d687b8)
2025-03-15T10:05:58.454-05:00 DEBUG 37662 --- [flight-booking] [           main] o.h.t.d.sql.spi.DdlTypeRegistry          : addDescriptor(4001, org.hibernate.type.descriptor.sql.internal.DdlTypeImpl@6533629) replaced previous registration(org.hibernate.type.descriptor.sql.internal.DdlTypeImpl@f49e81a)
2025-03-15T10:05:58.455-05:00 DEBUG 37662 --- [flight-booking] [           main] o.h.t.d.sql.spi.DdlTypeRegistry          : addDescriptor(4002, org.hibernate.type.descriptor.sql.internal.DdlTypeImpl@1b444b5) replaced previous registration(org.hibernate.type.descriptor.sql.internal.DdlTypeImpl@459bf87c)
2025-03-15T10:05:58.459-05:00 DEBUG 37662 --- [flight-booking] [           main] o.h.t.d.sql.spi.DdlTypeRegistry          : addDescriptor(2004, org.hibernate.type.descriptor.sql.internal.CapacityDependentDdlType@5ae66c98) replaced previous registration(org.hibernate.type.descriptor.sql.internal.DdlTypeImpl@1aaf46e6)
2025-03-15T10:05:58.460-05:00 DEBUG 37662 --- [flight-booking] [           main] o.h.t.d.sql.spi.DdlTypeRegistry          : addDescriptor(2005, org.hibernate.type.descriptor.sql.internal.CapacityDependentDdlType@391d28ea) replaced previous registration(org.hibernate.type.descriptor.sql.internal.DdlTypeImpl@23df7fad)
2025-03-15T10:05:58.461-05:00 DEBUG 37662 --- [flight-booking] [           main] o.h.t.d.sql.spi.DdlTypeRegistry          : addDescriptor(2011, org.hibernate.type.descriptor.sql.internal.CapacityDependentDdlType@4ab455e2) replaced previous registration(org.hibernate.type.descriptor.sql.internal.DdlTypeImpl@2acca224)
2025-03-15T10:05:58.478-05:00 DEBUG 37662 --- [flight-booking] [           main] o.h.t.d.jdbc.spi.JdbcTypeRegistry        : addDescriptor(NCharTypeDescriptor) replaced previous registration(CharTypeDescriptor)
2025-03-15T10:05:58.480-05:00 DEBUG 37662 --- [flight-booking] [           main] o.h.t.d.jdbc.spi.JdbcTypeRegistry        : addDescriptor(NVarcharTypeDescriptor) replaced previous registration(VarcharTypeDescriptor)
2025-03-15T10:05:58.482-05:00 DEBUG 37662 --- [flight-booking] [           main] o.h.t.d.jdbc.spi.JdbcTypeRegistry        : addDescriptor(LongNVarcharTypeDescriptor) replaced previous registration(LongVarcharTypeDescriptor)
2025-03-15T10:05:58.505-05:00 DEBUG 37662 --- [flight-booking] [           main] o.h.t.d.jdbc.spi.JdbcTypeRegistry        : addDescriptor(NClobTypeDescriptor(DEFAULT)) replaced previous registration(ClobTypeDescriptor(DEFAULT))
2025-03-15T10:05:58.516-05:00 DEBUG 37662 --- [flight-booking] [           main] org.hibernate.type.BasicTypeRegistry     : Adding type registration null -> org.hibernate.type.NullType@579f3c8e
2025-03-15T10:05:58.516-05:00 DEBUG 37662 --- [flight-booking] [           main] org.hibernate.type.BasicTypeRegistry     : Type registration key [null] overrode previous entry : `org.hibernate.type.NullType@7b5ac347`
2025-03-15T10:05:58.529-05:00 DEBUG 37662 --- [flight-booking] [           main] org.hibernate.type.BasicTypeRegistry     : Adding type registration org.hibernate.type.DurationType -> basicType@1(java.time.Duration,3015)
2025-03-15T10:05:58.529-05:00 DEBUG 37662 --- [flight-booking] [           main] org.hibernate.type.BasicTypeRegistry     : Adding type registration Duration -> basicType@1(java.time.Duration,3015)
2025-03-15T10:05:58.529-05:00 DEBUG 37662 --- [flight-booking] [           main] org.hibernate.type.BasicTypeRegistry     : Adding type registration java.time.Duration -> basicType@1(java.time.Duration,3015)
2025-03-15T10:05:58.539-05:00 DEBUG 37662 --- [flight-booking] [           main] org.hibernate.type.BasicTypeRegistry     : Adding type registration org.hibernate.type.OffsetDateTimeType -> basicType@2(java.time.OffsetDateTime,3003)
2025-03-15T10:05:58.540-05:00 DEBUG 37662 --- [flight-booking] [           main] org.hibernate.type.BasicTypeRegistry     : Adding type registration OffsetDateTime -> basicType@2(java.time.OffsetDateTime,3003)
2025-03-15T10:05:58.540-05:00 DEBUG 37662 --- [flight-booking] [           main] org.hibernate.type.BasicTypeRegistry     : Adding type registration java.time.OffsetDateTime -> basicType@2(java.time.OffsetDateTime,3003)
2025-03-15T10:05:58.540-05:00 DEBUG 37662 --- [flight-booking] [           main] org.hibernate.type.BasicTypeRegistry     : Adding type registration org.hibernate.type.ZonedDateTimeType -> basicType@3(java.time.ZonedDateTime,3003)
2025-03-15T10:05:58.541-05:00 DEBUG 37662 --- [flight-booking] [           main] org.hibernate.type.BasicTypeRegistry     : Adding type registration ZonedDateTime -> basicType@3(java.time.ZonedDateTime,3003)
2025-03-15T10:05:58.542-05:00 DEBUG 37662 --- [flight-booking] [           main] org.hibernate.type.BasicTypeRegistry     : Adding type registration java.time.ZonedDateTime -> basicType@3(java.time.ZonedDateTime,3003)
2025-03-15T10:05:58.544-05:00 DEBUG 37662 --- [flight-booking] [           main] org.hibernate.type.BasicTypeRegistry     : Adding type registration org.hibernate.type.OffsetTimeType -> basicType@4(java.time.OffsetTime,3007)
2025-03-15T10:05:58.544-05:00 DEBUG 37662 --- [flight-booking] [           main] org.hibernate.type.BasicTypeRegistry     : Adding type registration OffsetTime -> basicType@4(java.time.OffsetTime,3007)
2025-03-15T10:05:58.545-05:00 DEBUG 37662 --- [flight-booking] [           main] org.hibernate.type.BasicTypeRegistry     : Adding type registration java.time.OffsetTime -> basicType@4(java.time.OffsetTime,3007)
2025-03-15T10:05:58.550-05:00 DEBUG 37662 --- [flight-booking] [           main] o.h.type.spi.TypeConfiguration$Scope     : Scoping TypeConfiguration [org.hibernate.type.spi.TypeConfiguration@2ce47652] to MetadataBuildingContext [org.hibernate.boot.internal.MetadataBuildingContextRootImpl@65d90b7f]
2025-03-15T10:05:58.654-05:00 DEBUG 37662 --- [flight-booking] [           main] o.h.boot.model.relational.Namespace      : Created database namespace [logicalName=Name{catalog=null, schema=null}, physicalName=Name{catalog=null, schema=null}]
2025-03-15T10:05:58.719-05:00 DEBUG 37662 --- [flight-booking] [           main] o.h.boot.model.internal.EntityBinder     : Binding entity from annotated class: edu.miu.cs.cs425.backend.domain.entity.Airline
2025-03-15T10:05:58.736-05:00 DEBUG 37662 --- [flight-booking] [           main] o.h.boot.model.internal.EntityBinder     : Import with entity name Airline
2025-03-15T10:05:58.753-05:00 DEBUG 37662 --- [flight-booking] [           main] o.h.boot.model.internal.EntityBinder     : Bind entity edu.miu.cs.cs425.backend.domain.entity.Airline on table airline
2025-03-15T10:05:58.777-05:00 DEBUG 37662 --- [flight-booking] [           main] o.h.boot.model.internal.AnnotatedColumn  : Binding column: AnnotatedDiscriminatorColumn(column='DTYPE')
2025-03-15T10:05:58.803-05:00 DEBUG 37662 --- [flight-booking] [           main] o.h.boot.model.internal.AnnotatedColumn  : Binding column: AnnotatedColumn()
2025-03-15T10:05:58.804-05:00 DEBUG 37662 --- [flight-booking] [           main] o.h.boot.internal.ClassLoaderAccessImpl  : Not known whether passed class name [edu.miu.cs.cs425.backend.domain.entity.Airline] is safe
2025-03-15T10:05:58.804-05:00 DEBUG 37662 --- [flight-booking] [           main] o.h.boot.internal.ClassLoaderAccessImpl  : No temp ClassLoader provided; using live ClassLoader for loading potentially unsafe class : edu.miu.cs.cs425.backend.domain.entity.Airline
2025-03-15T10:05:58.811-05:00 DEBUG 37662 --- [flight-booking] [           main] o.h.boot.model.internal.PropertyBinder   : MetadataSourceProcessor property code with lazy=false
2025-03-15T10:05:58.817-05:00 DEBUG 37662 --- [flight-booking] [           main] o.h.b.m.internal.AbstractPropertyHolder  : Attempting to locate auto-apply AttributeConverter for property [edu.miu.cs.cs425.backend.domain.entity.Airline:code]
2025-03-15T10:05:58.826-05:00 DEBUG 37662 --- [flight-booking] [           main] o.h.b.model.internal.BasicValueBinder    : building BasicValue for code
2025-03-15T10:05:58.833-05:00 DEBUG 37662 --- [flight-booking] [           main] org.hibernate.mapping.BasicValue         : Skipping column re-registration: airline.code
2025-03-15T10:05:58.833-05:00 DEBUG 37662 --- [flight-booking] [           main] o.h.boot.model.internal.PropertyBinder   : Building property code
2025-03-15T10:05:58.838-05:00 DEBUG 37662 --- [flight-booking] [           main] o.h.boot.model.internal.AnnotatedColumn  : Binding column: AnnotatedColumn()
2025-03-15T10:05:58.838-05:00 DEBUG 37662 --- [flight-booking] [           main] o.h.boot.model.internal.PropertyBinder   : MetadataSourceProcessor property logoUrl with lazy=false
2025-03-15T10:05:58.838-05:00 DEBUG 37662 --- [flight-booking] [           main] o.h.b.m.internal.AbstractPropertyHolder  : Attempting to locate auto-apply AttributeConverter for property [edu.miu.cs.cs425.backend.domain.entity.Airline:logoUrl]
2025-03-15T10:05:58.839-05:00 DEBUG 37662 --- [flight-booking] [           main] o.h.b.model.internal.BasicValueBinder    : building BasicValue for logoUrl
2025-03-15T10:05:58.839-05:00 DEBUG 37662 --- [flight-booking] [           main] org.hibernate.mapping.BasicValue         : Skipping column re-registration: airline.logo_url
2025-03-15T10:05:58.839-05:00 DEBUG 37662 --- [flight-booking] [           main] o.h.boot.model.internal.PropertyBinder   : Building property logoUrl
2025-03-15T10:05:58.841-05:00 DEBUG 37662 --- [flight-booking] [           main] o.h.boot.model.internal.AnnotatedColumn  : Binding column: AnnotatedColumn()
2025-03-15T10:05:58.842-05:00 DEBUG 37662 --- [flight-booking] [           main] o.h.boot.model.internal.PropertyBinder   : MetadataSourceProcessor property name with lazy=false
2025-03-15T10:05:58.843-05:00 DEBUG 37662 --- [flight-booking] [           main] o.h.b.m.internal.AbstractPropertyHolder  : Attempting to locate auto-apply AttributeConverter for property [edu.miu.cs.cs425.backend.domain.entity.Airline:name]
2025-03-15T10:05:58.845-05:00 DEBUG 37662 --- [flight-booking] [           main] o.h.b.model.internal.BasicValueBinder    : building BasicValue for name
2025-03-15T10:05:58.845-05:00 DEBUG 37662 --- [flight-booking] [           main] org.hibernate.mapping.BasicValue         : Skipping column re-registration: airline.name
2025-03-15T10:05:58.845-05:00 DEBUG 37662 --- [flight-booking] [           main] o.h.boot.model.internal.PropertyBinder   : Building property name
2025-03-15T10:05:58.848-05:00 DEBUG 37662 --- [flight-booking] [           main] o.h.b.r.c.i.ClassLoaderServiceImpl       : HHH000194: Package not found or no package-info.java: edu.miu.cs.cs425.backend.domain.entity
2025-03-15T10:05:58.857-05:00 DEBUG 37662 --- [flight-booking] [           main] o.h.boot.model.internal.EntityBinder     : Binding entity from annotated class: edu.miu.cs.cs425.backend.domain.entity.Airport
2025-03-15T10:05:58.859-05:00 DEBUG 37662 --- [flight-booking] [           main] o.h.boot.model.internal.EntityBinder     : Import with entity name Airport
2025-03-15T10:05:58.859-05:00 DEBUG 37662 --- [flight-booking] [           main] o.h.boot.model.internal.EntityBinder     : Bind entity edu.miu.cs.cs425.backend.domain.entity.Airport on table airport
2025-03-15T10:05:58.860-05:00 DEBUG 37662 --- [flight-booking] [           main] o.h.boot.model.internal.AnnotatedColumn  : Binding column: AnnotatedDiscriminatorColumn(column='DTYPE')
2025-03-15T10:05:58.861-05:00 DEBUG 37662 --- [flight-booking] [           main] o.h.boot.model.internal.AnnotatedColumn  : Binding column: AnnotatedColumn()
2025-03-15T10:05:58.861-05:00 DEBUG 37662 --- [flight-booking] [           main] o.h.boot.internal.ClassLoaderAccessImpl  : Not known whether passed class name [edu.miu.cs.cs425.backend.domain.entity.Airport] is safe
2025-03-15T10:05:58.861-05:00 DEBUG 37662 --- [flight-booking] [           main] o.h.boot.internal.ClassLoaderAccessImpl  : No temp ClassLoader provided; using live ClassLoader for loading potentially unsafe class : edu.miu.cs.cs425.backend.domain.entity.Airport
2025-03-15T10:05:58.861-05:00 DEBUG 37662 --- [flight-booking] [           main] o.h.boot.model.internal.PropertyBinder   : MetadataSourceProcessor property iataCode with lazy=false
2025-03-15T10:05:58.861-05:00 DEBUG 37662 --- [flight-booking] [           main] o.h.b.m.internal.AbstractPropertyHolder  : Attempting to locate auto-apply AttributeConverter for property [edu.miu.cs.cs425.backend.domain.entity.Airport:iataCode]
2025-03-15T10:05:58.862-05:00 DEBUG 37662 --- [flight-booking] [           main] o.h.b.model.internal.BasicValueBinder    : building BasicValue for iataCode
2025-03-15T10:05:58.862-05:00 DEBUG 37662 --- [flight-booking] [           main] org.hibernate.mapping.BasicValue         : Skipping column re-registration: airport.iata_code
2025-03-15T10:05:58.862-05:00 DEBUG 37662 --- [flight-booking] [           main] o.h.boot.model.internal.PropertyBinder   : Building property iataCode
2025-03-15T10:05:58.862-05:00 DEBUG 37662 --- [flight-booking] [           main] o.h.boot.model.internal.AnnotatedColumn  : Binding column: AnnotatedColumn()
2025-03-15T10:05:58.862-05:00 DEBUG 37662 --- [flight-booking] [           main] o.h.boot.model.internal.PropertyBinder   : MetadataSourceProcessor property city with lazy=false
2025-03-15T10:05:58.862-05:00 DEBUG 37662 --- [flight-booking] [           main] o.h.b.m.internal.AbstractPropertyHolder  : Attempting to locate auto-apply AttributeConverter for property [edu.miu.cs.cs425.backend.domain.entity.Airport:city]
2025-03-15T10:05:58.862-05:00 DEBUG 37662 --- [flight-booking] [           main] o.h.b.model.internal.BasicValueBinder    : building BasicValue for city
2025-03-15T10:05:58.863-05:00 DEBUG 37662 --- [flight-booking] [           main] org.hibernate.mapping.BasicValue         : Skipping column re-registration: airport.city
2025-03-15T10:05:58.863-05:00 DEBUG 37662 --- [flight-booking] [           main] o.h.boot.model.internal.PropertyBinder   : Building property city
2025-03-15T10:05:58.863-05:00 DEBUG 37662 --- [flight-booking] [           main] o.h.boot.model.internal.AnnotatedColumn  : Binding column: AnnotatedColumn()
2025-03-15T10:05:58.864-05:00 DEBUG 37662 --- [flight-booking] [           main] o.h.boot.model.internal.PropertyBinder   : MetadataSourceProcessor property country with lazy=false
2025-03-15T10:05:58.864-05:00 DEBUG 37662 --- [flight-booking] [           main] o.h.b.m.internal.AbstractPropertyHolder  : Attempting to locate auto-apply AttributeConverter for property [edu.miu.cs.cs425.backend.domain.entity.Airport:country]
2025-03-15T10:05:58.864-05:00 DEBUG 37662 --- [flight-booking] [           main] o.h.b.model.internal.BasicValueBinder    : building BasicValue for country
2025-03-15T10:05:58.864-05:00 DEBUG 37662 --- [flight-booking] [           main] org.hibernate.mapping.BasicValue         : Skipping column re-registration: airport.country
2025-03-15T10:05:58.864-05:00 DEBUG 37662 --- [flight-booking] [           main] o.h.boot.model.internal.PropertyBinder   : Building property country
2025-03-15T10:05:58.864-05:00 DEBUG 37662 --- [flight-booking] [           main] o.h.boot.model.internal.AnnotatedColumn  : Binding column: AnnotatedColumn()
2025-03-15T10:05:58.864-05:00 DEBUG 37662 --- [flight-booking] [           main] o.h.boot.model.internal.PropertyBinder   : MetadataSourceProcessor property name with lazy=false
2025-03-15T10:05:58.864-05:00 DEBUG 37662 --- [flight-booking] [           main] o.h.b.m.internal.AbstractPropertyHolder  : Attempting to locate auto-apply AttributeConverter for property [edu.miu.cs.cs425.backend.domain.entity.Airport:name]
2025-03-15T10:05:58.864-05:00 DEBUG 37662 --- [flight-booking] [           main] o.h.b.model.internal.BasicValueBinder    : building BasicValue for name
2025-03-15T10:05:58.865-05:00 DEBUG 37662 --- [flight-booking] [           main] org.hibernate.mapping.BasicValue         : Skipping column re-registration: airport.name
2025-03-15T10:05:58.865-05:00 DEBUG 37662 --- [flight-booking] [           main] o.h.boot.model.internal.PropertyBinder   : Building property name
2025-03-15T10:05:58.865-05:00 DEBUG 37662 --- [flight-booking] [           main] o.h.b.r.c.i.ClassLoaderServiceImpl       : HHH000194: Package not found or no package-info.java: edu.miu.cs.cs425.backend.domain.entity
2025-03-15T10:05:58.866-05:00 DEBUG 37662 --- [flight-booking] [           main] o.h.boot.model.internal.EntityBinder     : Binding entity from annotated class: edu.miu.cs.cs425.backend.domain.entity.Booking
2025-03-15T10:05:58.867-05:00 DEBUG 37662 --- [flight-booking] [           main] o.h.boot.model.internal.EntityBinder     : Import with entity name Booking
2025-03-15T10:05:58.867-05:00 DEBUG 37662 --- [flight-booking] [           main] o.h.boot.model.internal.EntityBinder     : Bind entity edu.miu.cs.cs425.backend.domain.entity.Booking on table bookings
2025-03-15T10:05:58.867-05:00 DEBUG 37662 --- [flight-booking] [           main] o.h.boot.model.internal.AnnotatedColumn  : Binding column: AnnotatedDiscriminatorColumn(column='DTYPE')
2025-03-15T10:05:58.894-05:00 DEBUG 37662 --- [flight-booking] [           main] o.h.boot.model.internal.AnnotatedColumn  : Binding column: AnnotatedColumn()
2025-03-15T10:05:58.894-05:00 DEBUG 37662 --- [flight-booking] [           main] o.h.boot.internal.ClassLoaderAccessImpl  : Not known whether passed class name [edu.miu.cs.cs425.backend.domain.entity.Booking] is safe
2025-03-15T10:05:58.894-05:00 DEBUG 37662 --- [flight-booking] [           main] o.h.boot.internal.ClassLoaderAccessImpl  : No temp ClassLoader provided; using live ClassLoader for loading potentially unsafe class : edu.miu.cs.cs425.backend.domain.entity.Booking
2025-03-15T10:05:58.896-05:00 DEBUG 37662 --- [flight-booking] [           main] o.h.boot.model.internal.PropertyBinder   : MetadataSourceProcessor property id with lazy=false
2025-03-15T10:05:58.896-05:00 DEBUG 37662 --- [flight-booking] [           main] o.h.b.m.internal.AbstractPropertyHolder  : Attempting to locate auto-apply AttributeConverter for property [edu.miu.cs.cs425.backend.domain.entity.Booking:id]
2025-03-15T10:05:58.897-05:00 DEBUG 37662 --- [flight-booking] [           main] o.h.b.model.internal.BasicValueBinder    : building BasicValue for id
2025-03-15T10:05:58.897-05:00 DEBUG 37662 --- [flight-booking] [           main] org.hibernate.mapping.BasicValue         : Skipping column re-registration: bookings.id
2025-03-15T10:05:58.897-05:00 DEBUG 37662 --- [flight-booking] [           main] o.h.boot.model.internal.PropertyBinder   : Building property id
2025-03-15T10:05:58.899-05:00 DEBUG 37662 --- [flight-booking] [           main] o.h.boot.model.internal.BinderHelper     : #makeIdGenerator(BasicValue([Column(id)]), id, identity, , ...)
2025-03-15T10:05:58.900-05:00 DEBUG 37662 --- [flight-booking] [           main] o.h.boot.model.internal.AnnotatedColumn  : Binding column: AnnotatedColumn()
2025-03-15T10:05:58.901-05:00 DEBUG 37662 --- [flight-booking] [           main] o.h.boot.model.internal.PropertyBinder   : MetadataSourceProcessor property createdAt with lazy=false
2025-03-15T10:05:58.901-05:00 DEBUG 37662 --- [flight-booking] [           main] o.h.b.m.internal.AbstractPropertyHolder  : Attempting to locate auto-apply AttributeConverter for property [edu.miu.cs.cs425.backend.domain.entity.Booking:createdAt]
2025-03-15T10:05:58.901-05:00 DEBUG 37662 --- [flight-booking] [           main] o.h.b.model.internal.BasicValueBinder    : building BasicValue for createdAt
2025-03-15T10:05:58.901-05:00 DEBUG 37662 --- [flight-booking] [           main] org.hibernate.mapping.BasicValue         : Skipping column re-registration: bookings.created_at
2025-03-15T10:05:58.901-05:00 DEBUG 37662 --- [flight-booking] [           main] o.h.boot.model.internal.PropertyBinder   : Building property createdAt
2025-03-15T10:05:58.902-05:00 DEBUG 37662 --- [flight-booking] [           main] o.h.boot.model.internal.AnnotatedColumn  : Binding column: AnnotatedColumn()
2025-03-15T10:05:58.902-05:00 DEBUG 37662 --- [flight-booking] [           main] o.h.boot.model.internal.PropertyBinder   : MetadataSourceProcessor property fareType with lazy=false
2025-03-15T10:05:58.902-05:00 DEBUG 37662 --- [flight-booking] [           main] o.h.b.m.internal.AbstractPropertyHolder  : Attempting to locate auto-apply AttributeConverter for property [edu.miu.cs.cs425.backend.domain.entity.Booking:fareType]
2025-03-15T10:05:58.902-05:00 DEBUG 37662 --- [flight-booking] [           main] o.h.b.model.internal.BasicValueBinder    : building BasicValue for fareType
2025-03-15T10:05:58.902-05:00 DEBUG 37662 --- [flight-booking] [           main] org.hibernate.mapping.BasicValue         : Skipping column re-registration: bookings.fare_type
2025-03-15T10:05:58.902-05:00 DEBUG 37662 --- [flight-booking] [           main] o.h.boot.model.internal.PropertyBinder   : Building property fareType
2025-03-15T10:05:58.906-05:00 DEBUG 37662 --- [flight-booking] [           main] o.h.boot.model.internal.AnnotatedColumn  : Binding column: AnnotatedJoinColumn(column='booking_id')
2025-03-15T10:05:58.908-05:00 DEBUG 37662 --- [flight-booking] [           main] o.h.boot.model.internal.AnnotatedColumn  : Binding column: AnnotatedColumn()
2025-03-15T10:05:58.923-05:00 DEBUG 37662 --- [flight-booking] [           main] o.h.boot.model.internal.AnnotatedColumn  : Binding column: IndexColumn(column='flightLegs_ORDER')
2025-03-15T10:05:58.928-05:00 DEBUG 37662 --- [flight-booking] [           main] o.h.boot.model.internal.AnnotatedColumn  : Binding column: AnnotatedColumn()
2025-03-15T10:05:58.929-05:00 DEBUG 37662 --- [flight-booking] [           main] o.h.boot.model.internal.AnnotatedColumn  : Binding column: AnnotatedColumn(column='flightLegs_KEY')
2025-03-15T10:05:58.930-05:00 DEBUG 37662 --- [flight-booking] [           main] o.h.boot.model.internal.AnnotatedColumn  : Binding column: AnnotatedJoinColumn(column='flightLegs_KEY')
2025-03-15T10:05:58.932-05:00 DEBUG 37662 --- [flight-booking] [           main] o.h.boot.model.internal.AnnotatedColumn  : Binding column: AnnotatedJoinColumn()
2025-03-15T10:05:58.933-05:00 DEBUG 37662 --- [flight-booking] [           main] o.h.boot.model.internal.AnnotatedColumn  : Binding column: AnnotatedJoinColumn()
2025-03-15T10:05:58.942-05:00 DEBUG 37662 --- [flight-booking] [           main] o.h.b.model.internal.CollectionBinder    : Collection role: edu.miu.cs.cs425.backend.domain.entity.Booking.flightLegs
2025-03-15T10:05:58.947-05:00 DEBUG 37662 --- [flight-booking] [           main] o.h.boot.model.internal.PropertyBinder   : Building property flightLegs
2025-03-15T10:05:58.948-05:00 DEBUG 37662 --- [flight-booking] [           main] o.h.boot.model.internal.AnnotatedColumn  : Binding column: AnnotatedJoinColumn(column='booking_id')
2025-03-15T10:05:58.949-05:00 DEBUG 37662 --- [flight-booking] [           main] o.h.boot.model.internal.AnnotatedColumn  : Binding column: AnnotatedColumn()
2025-03-15T10:05:58.950-05:00 DEBUG 37662 --- [flight-booking] [           main] o.h.boot.model.internal.AnnotatedColumn  : Binding column: IndexColumn(column='returnFlightLegs_ORDER')
2025-03-15T10:05:58.952-05:00 DEBUG 37662 --- [flight-booking] [           main] o.h.boot.model.internal.AnnotatedColumn  : Binding column: AnnotatedColumn()
2025-03-15T10:05:58.954-05:00 DEBUG 37662 --- [flight-booking] [           main] o.h.boot.model.internal.AnnotatedColumn  : Binding column: AnnotatedColumn(column='returnFlightLegs_KEY')
2025-03-15T10:05:58.954-05:00 DEBUG 37662 --- [flight-booking] [           main] o.h.boot.model.internal.AnnotatedColumn  : Binding column: AnnotatedJoinColumn(column='returnFlightLegs_KEY')
2025-03-15T10:05:58.955-05:00 DEBUG 37662 --- [flight-booking] [           main] o.h.boot.model.internal.AnnotatedColumn  : Binding column: AnnotatedJoinColumn()
2025-03-15T10:05:58.957-05:00 DEBUG 37662 --- [flight-booking] [           main] o.h.boot.model.internal.AnnotatedColumn  : Binding column: AnnotatedJoinColumn()
2025-03-15T10:05:58.960-05:00 DEBUG 37662 --- [flight-booking] [           main] o.h.b.model.internal.CollectionBinder    : Collection role: edu.miu.cs.cs425.backend.domain.entity.Booking.returnFlightLegs
2025-03-15T10:05:58.961-05:00 DEBUG 37662 --- [flight-booking] [           main] o.h.boot.model.internal.PropertyBinder   : Building property returnFlightLegs
2025-03-15T10:05:58.962-05:00 DEBUG 37662 --- [flight-booking] [           main] o.h.boot.model.internal.AnnotatedColumn  : Binding column: AnnotatedColumn()
2025-03-15T10:05:58.962-05:00 DEBUG 37662 --- [flight-booking] [           main] o.h.boot.model.internal.PropertyBinder   : MetadataSourceProcessor property selectedSeat with lazy=false
2025-03-15T10:05:58.962-05:00 DEBUG 37662 --- [flight-booking] [           main] o.h.b.m.internal.AbstractPropertyHolder  : Attempting to locate auto-apply AttributeConverter for property [edu.miu.cs.cs425.backend.domain.entity.Booking:selectedSeat]
2025-03-15T10:05:58.963-05:00 DEBUG 37662 --- [flight-booking] [           main] o.h.b.model.internal.BasicValueBinder    : building BasicValue for selectedSeat
2025-03-15T10:05:58.963-05:00 DEBUG 37662 --- [flight-booking] [           main] org.hibernate.mapping.BasicValue         : Skipping column re-registration: bookings.selected_seat
2025-03-15T10:05:58.963-05:00 DEBUG 37662 --- [flight-booking] [           main] o.h.boot.model.internal.PropertyBinder   : Building property selectedSeat
2025-03-15T10:05:58.964-05:00 DEBUG 37662 --- [flight-booking] [           main] o.h.boot.model.internal.AnnotatedColumn  : Binding column: AnnotatedColumn()
2025-03-15T10:05:58.964-05:00 DEBUG 37662 --- [flight-booking] [           main] o.h.boot.model.internal.PropertyBinder   : MetadataSourceProcessor property status with lazy=false
2025-03-15T10:05:58.964-05:00 DEBUG 37662 --- [flight-booking] [           main] o.h.b.m.internal.AbstractPropertyHolder  : Attempting to locate auto-apply AttributeConverter for property [edu.miu.cs.cs425.backend.domain.entity.Booking:status]
2025-03-15T10:05:58.965-05:00 DEBUG 37662 --- [flight-booking] [           main] o.h.b.model.internal.BasicValueBinder    : building BasicValue for status
2025-03-15T10:05:58.966-05:00 DEBUG 37662 --- [flight-booking] [           main] org.hibernate.mapping.BasicValue         : Skipping column re-registration: bookings.status
2025-03-15T10:05:58.967-05:00 DEBUG 37662 --- [flight-booking] [           main] o.h.boot.model.internal.PropertyBinder   : Building property status
2025-03-15T10:05:58.967-05:00 DEBUG 37662 --- [flight-booking] [           main] o.h.boot.model.internal.AnnotatedColumn  : Binding column: AnnotatedColumn()
2025-03-15T10:05:58.969-05:00 DEBUG 37662 --- [flight-booking] [           main] o.h.boot.model.internal.PropertyBinder   : MetadataSourceProcessor property totalPrice with lazy=false
2025-03-15T10:05:58.970-05:00 DEBUG 37662 --- [flight-booking] [           main] o.h.b.m.internal.AbstractPropertyHolder  : Attempting to locate auto-apply AttributeConverter for property [edu.miu.cs.cs425.backend.domain.entity.Booking:totalPrice]
2025-03-15T10:05:58.970-05:00 DEBUG 37662 --- [flight-booking] [           main] o.h.b.model.internal.BasicValueBinder    : building BasicValue for totalPrice
2025-03-15T10:05:58.970-05:00 DEBUG 37662 --- [flight-booking] [           main] org.hibernate.mapping.BasicValue         : Skipping column re-registration: bookings.total_price
2025-03-15T10:05:58.971-05:00 DEBUG 37662 --- [flight-booking] [           main] o.h.boot.model.internal.PropertyBinder   : Building property totalPrice
2025-03-15T10:05:58.972-05:00 DEBUG 37662 --- [flight-booking] [           main] o.h.boot.model.internal.AnnotatedColumn  : Binding column: AnnotatedColumn()
2025-03-15T10:05:58.972-05:00 DEBUG 37662 --- [flight-booking] [           main] o.h.boot.model.internal.PropertyBinder   : MetadataSourceProcessor property updatedAt with lazy=false
2025-03-15T10:05:58.972-05:00 DEBUG 37662 --- [flight-booking] [           main] o.h.b.m.internal.AbstractPropertyHolder  : Attempting to locate auto-apply AttributeConverter for property [edu.miu.cs.cs425.backend.domain.entity.Booking:updatedAt]
2025-03-15T10:05:58.973-05:00 DEBUG 37662 --- [flight-booking] [           main] o.h.b.model.internal.BasicValueBinder    : building BasicValue for updatedAt
2025-03-15T10:05:58.973-05:00 DEBUG 37662 --- [flight-booking] [           main] org.hibernate.mapping.BasicValue         : Skipping column re-registration: bookings.updated_at
2025-03-15T10:05:58.973-05:00 DEBUG 37662 --- [flight-booking] [           main] o.h.boot.model.internal.PropertyBinder   : Building property updatedAt
2025-03-15T10:05:58.974-05:00 DEBUG 37662 --- [flight-booking] [           main] o.h.boot.model.internal.AnnotatedColumn  : Binding column: AnnotatedColumn()
2025-03-15T10:05:58.996-05:00 DEBUG 37662 --- [flight-booking] [           main] o.h.boot.model.internal.AnnotatedColumn  : Binding column: AnnotatedColumn()
2025-03-15T10:05:58.997-05:00 DEBUG 37662 --- [flight-booking] [           main] o.h.boot.model.internal.PropertyBinder   : MetadataSourceProcessor property address with lazy=false
2025-03-15T10:05:58.998-05:00 DEBUG 37662 --- [flight-booking] [           main] o.h.b.m.internal.AbstractPropertyHolder  : Attempting to locate auto-apply AttributeConverter for property [edu.miu.cs.cs425.backend.domain.entity.Booking.userDetails:address]
2025-03-15T10:05:58.999-05:00 DEBUG 37662 --- [flight-booking] [           main] o.h.b.model.internal.BasicValueBinder    : building BasicValue for address
2025-03-15T10:05:58.999-05:00 DEBUG 37662 --- [flight-booking] [           main] org.hibernate.mapping.BasicValue         : Skipping column re-registration: bookings.address
2025-03-15T10:05:59.000-05:00 DEBUG 37662 --- [flight-booking] [           main] o.h.boot.model.internal.PropertyBinder   : Building property address
2025-03-15T10:05:59.001-05:00 DEBUG 37662 --- [flight-booking] [           main] o.h.boot.model.internal.AnnotatedColumn  : Binding column: AnnotatedColumn()
2025-03-15T10:05:59.002-05:00 DEBUG 37662 --- [flight-booking] [           main] o.h.boot.model.internal.PropertyBinder   : MetadataSourceProcessor property email with lazy=false
2025-03-15T10:05:59.003-05:00 DEBUG 37662 --- [flight-booking] [           main] o.h.b.m.internal.AbstractPropertyHolder  : Attempting to locate auto-apply AttributeConverter for property [edu.miu.cs.cs425.backend.domain.entity.Booking.userDetails:email]
2025-03-15T10:05:59.004-05:00 DEBUG 37662 --- [flight-booking] [           main] o.h.b.model.internal.BasicValueBinder    : building BasicValue for email
2025-03-15T10:05:59.005-05:00 DEBUG 37662 --- [flight-booking] [           main] org.hibernate.mapping.BasicValue         : Skipping column re-registration: bookings.email
2025-03-15T10:05:59.006-05:00 DEBUG 37662 --- [flight-booking] [           main] o.h.boot.model.internal.PropertyBinder   : Building property email
2025-03-15T10:05:59.011-05:00 DEBUG 37662 --- [flight-booking] [           main] o.h.boot.model.internal.AnnotatedColumn  : Binding column: AnnotatedColumn()
2025-03-15T10:05:59.012-05:00 DEBUG 37662 --- [flight-booking] [           main] o.h.boot.model.internal.PropertyBinder   : MetadataSourceProcessor property firstName with lazy=false
2025-03-15T10:05:59.014-05:00 DEBUG 37662 --- [flight-booking] [           main] o.h.b.m.internal.AbstractPropertyHolder  : Attempting to locate auto-apply AttributeConverter for property [edu.miu.cs.cs425.backend.domain.entity.Booking.userDetails:firstName]
2025-03-15T10:05:59.015-05:00 DEBUG 37662 --- [flight-booking] [           main] o.h.b.model.internal.BasicValueBinder    : building BasicValue for firstName
2025-03-15T10:05:59.019-05:00 DEBUG 37662 --- [flight-booking] [           main] org.hibernate.mapping.BasicValue         : Skipping column re-registration: bookings.first_name
2025-03-15T10:05:59.019-05:00 DEBUG 37662 --- [flight-booking] [           main] o.h.boot.model.internal.PropertyBinder   : Building property firstName
2025-03-15T10:05:59.020-05:00 DEBUG 37662 --- [flight-booking] [           main] o.h.boot.model.internal.AnnotatedColumn  : Binding column: AnnotatedColumn()
2025-03-15T10:05:59.020-05:00 DEBUG 37662 --- [flight-booking] [           main] o.h.boot.model.internal.PropertyBinder   : MetadataSourceProcessor property lastName with lazy=false
2025-03-15T10:05:59.021-05:00 DEBUG 37662 --- [flight-booking] [           main] o.h.b.m.internal.AbstractPropertyHolder  : Attempting to locate auto-apply AttributeConverter for property [edu.miu.cs.cs425.backend.domain.entity.Booking.userDetails:lastName]
2025-03-15T10:05:59.021-05:00 DEBUG 37662 --- [flight-booking] [           main] o.h.b.model.internal.BasicValueBinder    : building BasicValue for lastName
2025-03-15T10:05:59.025-05:00 DEBUG 37662 --- [flight-booking] [           main] org.hibernate.mapping.BasicValue         : Skipping column re-registration: bookings.last_name
2025-03-15T10:05:59.026-05:00 DEBUG 37662 --- [flight-booking] [           main] o.h.boot.model.internal.PropertyBinder   : Building property lastName
2025-03-15T10:05:59.027-05:00 DEBUG 37662 --- [flight-booking] [           main] o.h.boot.model.internal.AnnotatedColumn  : Binding column: AnnotatedColumn()
2025-03-15T10:05:59.028-05:00 DEBUG 37662 --- [flight-booking] [           main] o.h.boot.model.internal.PropertyBinder   : MetadataSourceProcessor property passportNumber with lazy=false
2025-03-15T10:05:59.029-05:00 DEBUG 37662 --- [flight-booking] [           main] o.h.b.m.internal.AbstractPropertyHolder  : Attempting to locate auto-apply AttributeConverter for property [edu.miu.cs.cs425.backend.domain.entity.Booking.userDetails:passportNumber]
2025-03-15T10:05:59.030-05:00 DEBUG 37662 --- [flight-booking] [           main] o.h.b.model.internal.BasicValueBinder    : building BasicValue for passportNumber
2025-03-15T10:05:59.031-05:00 DEBUG 37662 --- [flight-booking] [           main] org.hibernate.mapping.BasicValue         : Skipping column re-registration: bookings.passport_number
2025-03-15T10:05:59.032-05:00 DEBUG 37662 --- [flight-booking] [           main] o.h.boot.model.internal.PropertyBinder   : Building property passportNumber
2025-03-15T10:05:59.035-05:00 DEBUG 37662 --- [flight-booking] [           main] o.h.boot.model.internal.AnnotatedColumn  : Binding column: AnnotatedColumn()
2025-03-15T10:05:59.037-05:00 DEBUG 37662 --- [flight-booking] [           main] o.h.boot.model.internal.PropertyBinder   : MetadataSourceProcessor property phone with lazy=false
2025-03-15T10:05:59.038-05:00 DEBUG 37662 --- [flight-booking] [           main] o.h.b.m.internal.AbstractPropertyHolder  : Attempting to locate auto-apply AttributeConverter for property [edu.miu.cs.cs425.backend.domain.entity.Booking.userDetails:phone]
2025-03-15T10:05:59.038-05:00 DEBUG 37662 --- [flight-booking] [           main] o.h.b.model.internal.BasicValueBinder    : building BasicValue for phone
2025-03-15T10:05:59.039-05:00 DEBUG 37662 --- [flight-booking] [           main] org.hibernate.mapping.BasicValue         : Skipping column re-registration: bookings.phone
2025-03-15T10:05:59.039-05:00 DEBUG 37662 --- [flight-booking] [           main] o.h.boot.model.internal.PropertyBinder   : Building property phone
2025-03-15T10:05:59.039-05:00 DEBUG 37662 --- [flight-booking] [           main] o.h.boot.model.internal.PropertyBinder   : Building property userDetails
2025-03-15T10:05:59.040-05:00 DEBUG 37662 --- [flight-booking] [           main] o.h.boot.model.internal.AnnotatedColumn  : Binding column: AnnotatedColumn(column='user_id')
2025-03-15T10:05:59.046-05:00 DEBUG 37662 --- [flight-booking] [           main] o.h.boot.model.internal.PropertyBinder   : MetadataSourceProcessor property userId with lazy=false
2025-03-15T10:05:59.046-05:00 DEBUG 37662 --- [flight-booking] [           main] o.h.b.m.internal.AbstractPropertyHolder  : Attempting to locate auto-apply AttributeConverter for property [edu.miu.cs.cs425.backend.domain.entity.Booking:userId]
2025-03-15T10:05:59.047-05:00 DEBUG 37662 --- [flight-booking] [           main] o.h.b.model.internal.BasicValueBinder    : building BasicValue for userId
2025-03-15T10:05:59.049-05:00 DEBUG 37662 --- [flight-booking] [           main] org.hibernate.mapping.BasicValue         : Skipping column re-registration: bookings.user_id
2025-03-15T10:05:59.050-05:00 DEBUG 37662 --- [flight-booking] [           main] o.h.boot.model.internal.PropertyBinder   : Building property userId
2025-03-15T10:05:59.055-05:00 DEBUG 37662 --- [flight-booking] [           main] o.h.b.r.c.i.ClassLoaderServiceImpl       : HHH000194: Package not found or no package-info.java: edu.miu.cs.cs425.backend.domain.entity
2025-03-15T10:05:59.075-05:00 DEBUG 37662 --- [flight-booking] [           main] e.i.CallbackDefinitionResolverLegacyImpl : Adding onUpdate as PreUpdate callback for entity edu.miu.cs.cs425.backend.domain.entity.Booking
2025-03-15T10:05:59.079-05:00 DEBUG 37662 --- [flight-booking] [           main] e.i.CallbackDefinitionResolverLegacyImpl : Adding onCreate as PrePersist callback for entity edu.miu.cs.cs425.backend.domain.entity.Booking
2025-03-15T10:05:59.090-05:00 DEBUG 37662 --- [flight-booking] [           main] o.h.boot.model.internal.EntityBinder     : Binding entity from annotated class: edu.miu.cs.cs425.backend.domain.entity.Flight
2025-03-15T10:05:59.091-05:00 DEBUG 37662 --- [flight-booking] [           main] o.h.boot.model.internal.EntityBinder     : Import with entity name Flight
2025-03-15T10:05:59.091-05:00 DEBUG 37662 --- [flight-booking] [           main] o.h.boot.model.internal.EntityBinder     : Bind entity edu.miu.cs.cs425.backend.domain.entity.Flight on table flight
2025-03-15T10:05:59.095-05:00 DEBUG 37662 --- [flight-booking] [           main] o.h.boot.model.internal.AnnotatedColumn  : Binding column: AnnotatedDiscriminatorColumn(column='DTYPE')
2025-03-15T10:05:59.120-05:00 DEBUG 37662 --- [flight-booking] [           main] o.h.boot.model.internal.AnnotatedColumn  : Binding column: AnnotatedColumn()
2025-03-15T10:05:59.120-05:00 DEBUG 37662 --- [flight-booking] [           main] o.h.boot.internal.ClassLoaderAccessImpl  : Not known whether passed class name [edu.miu.cs.cs425.backend.domain.entity.Flight] is safe
2025-03-15T10:05:59.120-05:00 DEBUG 37662 --- [flight-booking] [           main] o.h.boot.internal.ClassLoaderAccessImpl  : No temp ClassLoader provided; using live ClassLoader for loading potentially unsafe class : edu.miu.cs.cs425.backend.domain.entity.Flight
2025-03-15T10:05:59.123-05:00 DEBUG 37662 --- [flight-booking] [           main] o.h.boot.model.internal.PropertyBinder   : MetadataSourceProcessor property id with lazy=false
2025-03-15T10:05:59.124-05:00 DEBUG 37662 --- [flight-booking] [           main] o.h.b.m.internal.AbstractPropertyHolder  : Attempting to locate auto-apply AttributeConverter for property [edu.miu.cs.cs425.backend.domain.entity.Flight:id]
2025-03-15T10:05:59.124-05:00 DEBUG 37662 --- [flight-booking] [           main] o.h.b.model.internal.BasicValueBinder    : building BasicValue for id
2025-03-15T10:05:59.125-05:00 DEBUG 37662 --- [flight-booking] [           main] org.hibernate.mapping.BasicValue         : Skipping column re-registration: flight.id
2025-03-15T10:05:59.125-05:00 DEBUG 37662 --- [flight-booking] [           main] o.h.boot.model.internal.PropertyBinder   : Building property id
2025-03-15T10:05:59.127-05:00 DEBUG 37662 --- [flight-booking] [           main] o.h.boot.model.internal.AnnotatedColumn  : Binding column: AnnotatedJoinColumn()
2025-03-15T10:05:59.130-05:00 DEBUG 37662 --- [flight-booking] [           main] o.h.boot.model.internal.AnnotatedColumn  : Binding column: AnnotatedColumn()
2025-03-15T10:05:59.148-05:00 DEBUG 37662 --- [flight-booking] [           main] o.h.boot.model.internal.PropertyBinder   : Building property airline
2025-03-15T10:05:59.149-05:00 DEBUG 37662 --- [flight-booking] [           main] o.h.boot.model.internal.AnnotatedColumn  : Binding column: AnnotatedColumn()
2025-03-15T10:05:59.149-05:00 DEBUG 37662 --- [flight-booking] [           main] o.h.boot.model.internal.PropertyBinder   : MetadataSourceProcessor property arrival with lazy=false
2025-03-15T10:05:59.150-05:00 DEBUG 37662 --- [flight-booking] [           main] o.h.b.m.internal.AbstractPropertyHolder  : Attempting to locate auto-apply AttributeConverter for property [edu.miu.cs.cs425.backend.domain.entity.Flight:arrival]
2025-03-15T10:05:59.150-05:00 DEBUG 37662 --- [flight-booking] [           main] o.h.b.model.internal.BasicValueBinder    : building BasicValue for arrival
2025-03-15T10:05:59.150-05:00 DEBUG 37662 --- [flight-booking] [           main] org.hibernate.mapping.BasicValue         : Skipping column re-registration: flight.arrival
2025-03-15T10:05:59.150-05:00 DEBUG 37662 --- [flight-booking] [           main] o.h.boot.model.internal.PropertyBinder   : Building property arrival
2025-03-15T10:05:59.151-05:00 DEBUG 37662 --- [flight-booking] [           main] o.h.boot.model.internal.AnnotatedColumn  : Binding column: AnnotatedColumn()
2025-03-15T10:05:59.151-05:00 DEBUG 37662 --- [flight-booking] [           main] o.h.boot.model.internal.PropertyBinder   : MetadataSourceProcessor property departure with lazy=false
2025-03-15T10:05:59.151-05:00 DEBUG 37662 --- [flight-booking] [           main] o.h.b.m.internal.AbstractPropertyHolder  : Attempting to locate auto-apply AttributeConverter for property [edu.miu.cs.cs425.backend.domain.entity.Flight:departure]
2025-03-15T10:05:59.152-05:00 DEBUG 37662 --- [flight-booking] [           main] o.h.b.model.internal.BasicValueBinder    : building BasicValue for departure
2025-03-15T10:05:59.152-05:00 DEBUG 37662 --- [flight-booking] [           main] org.hibernate.mapping.BasicValue         : Skipping column re-registration: flight.departure
2025-03-15T10:05:59.152-05:00 DEBUG 37662 --- [flight-booking] [           main] o.h.boot.model.internal.PropertyBinder   : Building property departure
2025-03-15T10:05:59.152-05:00 DEBUG 37662 --- [flight-booking] [           main] o.h.boot.model.internal.AnnotatedColumn  : Binding column: AnnotatedJoinColumn()
2025-03-15T10:05:59.153-05:00 DEBUG 37662 --- [flight-booking] [           main] o.h.boot.model.internal.AnnotatedColumn  : Binding column: AnnotatedColumn()
2025-03-15T10:05:59.153-05:00 DEBUG 37662 --- [flight-booking] [           main] o.h.boot.model.internal.PropertyBinder   : Building property destination
2025-03-15T10:05:59.153-05:00 DEBUG 37662 --- [flight-booking] [           main] o.h.boot.model.internal.AnnotatedColumn  : Binding column: AnnotatedColumn()
2025-03-15T10:05:59.154-05:00 DEBUG 37662 --- [flight-booking] [           main] o.h.boot.model.internal.PropertyBinder   : MetadataSourceProcessor property duration with lazy=false
2025-03-15T10:05:59.154-05:00 DEBUG 37662 --- [flight-booking] [           main] o.h.b.m.internal.AbstractPropertyHolder  : Attempting to locate auto-apply AttributeConverter for property [edu.miu.cs.cs425.backend.domain.entity.Flight:duration]
2025-03-15T10:05:59.154-05:00 DEBUG 37662 --- [flight-booking] [           main] o.h.b.model.internal.BasicValueBinder    : building BasicValue for duration
2025-03-15T10:05:59.154-05:00 DEBUG 37662 --- [flight-booking] [           main] org.hibernate.mapping.BasicValue         : Skipping column re-registration: flight.duration
2025-03-15T10:05:59.155-05:00 DEBUG 37662 --- [flight-booking] [           main] o.h.boot.model.internal.PropertyBinder   : Building property duration
2025-03-15T10:05:59.155-05:00 DEBUG 37662 --- [flight-booking] [           main] o.h.boot.model.internal.AnnotatedColumn  : Binding column: AnnotatedColumn()
2025-03-15T10:05:59.156-05:00 DEBUG 37662 --- [flight-booking] [           main] o.h.boot.model.internal.PropertyBinder   : MetadataSourceProcessor property flightNumber with lazy=false
2025-03-15T10:05:59.156-05:00 DEBUG 37662 --- [flight-booking] [           main] o.h.b.m.internal.AbstractPropertyHolder  : Attempting to locate auto-apply AttributeConverter for property [edu.miu.cs.cs425.backend.domain.entity.Flight:flightNumber]
2025-03-15T10:05:59.157-05:00 DEBUG 37662 --- [flight-booking] [           main] o.h.b.model.internal.BasicValueBinder    : building BasicValue for flightNumber
2025-03-15T10:05:59.157-05:00 DEBUG 37662 --- [flight-booking] [           main] org.hibernate.mapping.BasicValue         : Skipping column re-registration: flight.flight_number
2025-03-15T10:05:59.158-05:00 DEBUG 37662 --- [flight-booking] [           main] o.h.boot.model.internal.PropertyBinder   : Building property flightNumber
2025-03-15T10:05:59.159-05:00 DEBUG 37662 --- [flight-booking] [           main] o.h.boot.model.internal.AnnotatedColumn  : Binding column: AnnotatedJoinColumn()
2025-03-15T10:05:59.161-05:00 DEBUG 37662 --- [flight-booking] [           main] o.h.boot.model.internal.AnnotatedColumn  : Binding column: AnnotatedColumn()
2025-03-15T10:05:59.162-05:00 DEBUG 37662 --- [flight-booking] [           main] o.h.boot.model.internal.PropertyBinder   : Building property origin
2025-03-15T10:05:59.163-05:00 DEBUG 37662 --- [flight-booking] [           main] o.h.boot.model.internal.AnnotatedColumn  : Binding column: AnnotatedColumn()
2025-03-15T10:05:59.164-05:00 DEBUG 37662 --- [flight-booking] [           main] o.h.boot.model.internal.PropertyBinder   : MetadataSourceProcessor property price with lazy=false
2025-03-15T10:05:59.164-05:00 DEBUG 37662 --- [flight-booking] [           main] o.h.b.m.internal.AbstractPropertyHolder  : Attempting to locate auto-apply AttributeConverter for property [edu.miu.cs.cs425.backend.domain.entity.Flight:price]
2025-03-15T10:05:59.165-05:00 DEBUG 37662 --- [flight-booking] [           main] o.h.b.model.internal.BasicValueBinder    : building BasicValue for price
2025-03-15T10:05:59.165-05:00 DEBUG 37662 --- [flight-booking] [           main] org.hibernate.mapping.BasicValue         : Skipping column re-registration: flight.price
2025-03-15T10:05:59.165-05:00 DEBUG 37662 --- [flight-booking] [           main] o.h.boot.model.internal.PropertyBinder   : Building property price
2025-03-15T10:05:59.165-05:00 DEBUG 37662 --- [flight-booking] [           main] o.h.boot.model.internal.AnnotatedColumn  : Binding column: AnnotatedColumn()
2025-03-15T10:05:59.165-05:00 DEBUG 37662 --- [flight-booking] [           main] o.h.boot.model.internal.PropertyBinder   : MetadataSourceProcessor property seatsAvailable with lazy=false
2025-03-15T10:05:59.165-05:00 DEBUG 37662 --- [flight-booking] [           main] o.h.b.m.internal.AbstractPropertyHolder  : Attempting to locate auto-apply AttributeConverter for property [edu.miu.cs.cs425.backend.domain.entity.Flight:seatsAvailable]
2025-03-15T10:05:59.166-05:00 DEBUG 37662 --- [flight-booking] [           main] o.h.b.model.internal.BasicValueBinder    : building BasicValue for seatsAvailable
2025-03-15T10:05:59.166-05:00 DEBUG 37662 --- [flight-booking] [           main] org.hibernate.mapping.BasicValue         : Skipping column re-registration: flight.seats_available
2025-03-15T10:05:59.166-05:00 DEBUG 37662 --- [flight-booking] [           main] o.h.boot.model.internal.PropertyBinder   : Building property seatsAvailable
2025-03-15T10:05:59.167-05:00 DEBUG 37662 --- [flight-booking] [           main] o.h.b.r.c.i.ClassLoaderServiceImpl       : HHH000194: Package not found or no package-info.java: edu.miu.cs.cs425.backend.domain.entity
2025-03-15T10:05:59.168-05:00 DEBUG 37662 --- [flight-booking] [           main] o.h.boot.model.internal.EntityBinder     : Binding entity from annotated class: edu.miu.cs.cs425.backend.domain.entity.FlightLeg
2025-03-15T10:05:59.168-05:00 DEBUG 37662 --- [flight-booking] [           main] o.h.boot.model.internal.EntityBinder     : Import with entity name FlightLeg
2025-03-15T10:05:59.169-05:00 DEBUG 37662 --- [flight-booking] [           main] o.h.boot.model.internal.EntityBinder     : Bind entity edu.miu.cs.cs425.backend.domain.entity.FlightLeg on table flight_legs
2025-03-15T10:05:59.170-05:00 DEBUG 37662 --- [flight-booking] [           main] o.h.boot.model.internal.AnnotatedColumn  : Binding column: AnnotatedDiscriminatorColumn(column='DTYPE')
2025-03-15T10:05:59.172-05:00 DEBUG 37662 --- [flight-booking] [           main] o.h.boot.model.internal.AnnotatedColumn  : Binding column: AnnotatedColumn()
2025-03-15T10:05:59.172-05:00 DEBUG 37662 --- [flight-booking] [           main] o.h.boot.internal.ClassLoaderAccessImpl  : Not known whether passed class name [edu.miu.cs.cs425.backend.domain.entity.FlightLeg] is safe
2025-03-15T10:05:59.173-05:00 DEBUG 37662 --- [flight-booking] [           main] o.h.boot.internal.ClassLoaderAccessImpl  : No temp ClassLoader provided; using live ClassLoader for loading potentially unsafe class : edu.miu.cs.cs425.backend.domain.entity.FlightLeg
2025-03-15T10:05:59.175-05:00 DEBUG 37662 --- [flight-booking] [           main] o.h.boot.model.internal.PropertyBinder   : MetadataSourceProcessor property id with lazy=false
2025-03-15T10:05:59.176-05:00 DEBUG 37662 --- [flight-booking] [           main] o.h.b.m.internal.AbstractPropertyHolder  : Attempting to locate auto-apply AttributeConverter for property [edu.miu.cs.cs425.backend.domain.entity.FlightLeg:id]
2025-03-15T10:05:59.177-05:00 DEBUG 37662 --- [flight-booking] [           main] o.h.b.model.internal.BasicValueBinder    : building BasicValue for id
2025-03-15T10:05:59.178-05:00 DEBUG 37662 --- [flight-booking] [           main] org.hibernate.mapping.BasicValue         : Skipping column re-registration: flight_legs.id
2025-03-15T10:05:59.179-05:00 DEBUG 37662 --- [flight-booking] [           main] o.h.boot.model.internal.PropertyBinder   : Building property id
2025-03-15T10:05:59.179-05:00 DEBUG 37662 --- [flight-booking] [           main] o.h.boot.model.internal.BinderHelper     : #makeIdGenerator(BasicValue([Column(id)]), id, identity, , ...)
2025-03-15T10:05:59.180-05:00 DEBUG 37662 --- [flight-booking] [           main] o.h.boot.model.internal.AnnotatedColumn  : Binding column: AnnotatedJoinColumn(column='flight_id')
2025-03-15T10:05:59.180-05:00 DEBUG 37662 --- [flight-booking] [           main] o.h.boot.model.internal.AnnotatedColumn  : Binding column: AnnotatedColumn()
2025-03-15T10:05:59.181-05:00 DEBUG 37662 --- [flight-booking] [           main] o.h.boot.model.internal.PropertyBinder   : Building property flight
2025-03-15T10:05:59.182-05:00 DEBUG 37662 --- [flight-booking] [           main] o.h.boot.model.internal.AnnotatedColumn  : Binding column: AnnotatedColumn()
2025-03-15T10:05:59.182-05:00 DEBUG 37662 --- [flight-booking] [           main] o.h.boot.model.internal.PropertyBinder   : MetadataSourceProcessor property legNumber with lazy=false
2025-03-15T10:05:59.183-05:00 DEBUG 37662 --- [flight-booking] [           main] o.h.b.m.internal.AbstractPropertyHolder  : Attempting to locate auto-apply AttributeConverter for property [edu.miu.cs.cs425.backend.domain.entity.FlightLeg:legNumber]
2025-03-15T10:05:59.183-05:00 DEBUG 37662 --- [flight-booking] [           main] o.h.b.model.internal.BasicValueBinder    : building BasicValue for legNumber
2025-03-15T10:05:59.183-05:00 DEBUG 37662 --- [flight-booking] [           main] org.hibernate.mapping.BasicValue         : Skipping column re-registration: flight_legs.leg_number
2025-03-15T10:05:59.183-05:00 DEBUG 37662 --- [flight-booking] [           main] o.h.boot.model.internal.PropertyBinder   : Building property legNumber
2025-03-15T10:05:59.185-05:00 DEBUG 37662 --- [flight-booking] [           main] o.h.b.r.c.i.ClassLoaderServiceImpl       : HHH000194: Package not found or no package-info.java: edu.miu.cs.cs425.backend.domain.entity
2025-03-15T10:05:59.186-05:00 DEBUG 37662 --- [flight-booking] [           main] o.h.boot.model.internal.EntityBinder     : Binding entity from annotated class: edu.miu.cs.cs425.backend.domain.entity.User
2025-03-15T10:05:59.187-05:00 DEBUG 37662 --- [flight-booking] [           main] o.h.boot.model.internal.EntityBinder     : Import with entity name User
2025-03-15T10:05:59.188-05:00 DEBUG 37662 --- [flight-booking] [           main] o.h.boot.model.internal.EntityBinder     : Bind entity edu.miu.cs.cs425.backend.domain.entity.User on table user
2025-03-15T10:05:59.189-05:00 DEBUG 37662 --- [flight-booking] [           main] o.h.boot.model.internal.AnnotatedColumn  : Binding column: AnnotatedDiscriminatorColumn(column='DTYPE')
2025-03-15T10:05:59.192-05:00 DEBUG 37662 --- [flight-booking] [           main] o.h.boot.model.internal.AnnotatedColumn  : Binding column: AnnotatedColumn()
2025-03-15T10:05:59.193-05:00 DEBUG 37662 --- [flight-booking] [           main] o.h.boot.internal.ClassLoaderAccessImpl  : Not known whether passed class name [edu.miu.cs.cs425.backend.domain.entity.User] is safe
2025-03-15T10:05:59.194-05:00 DEBUG 37662 --- [flight-booking] [           main] o.h.boot.internal.ClassLoaderAccessImpl  : No temp ClassLoader provided; using live ClassLoader for loading potentially unsafe class : edu.miu.cs.cs425.backend.domain.entity.User
2025-03-15T10:05:59.196-05:00 DEBUG 37662 --- [flight-booking] [           main] o.h.boot.model.internal.PropertyBinder   : MetadataSourceProcessor property id with lazy=false
2025-03-15T10:05:59.196-05:00 DEBUG 37662 --- [flight-booking] [           main] o.h.b.m.internal.AbstractPropertyHolder  : Attempting to locate auto-apply AttributeConverter for property [edu.miu.cs.cs425.backend.domain.entity.User:id]
2025-03-15T10:05:59.196-05:00 DEBUG 37662 --- [flight-booking] [           main] o.h.b.model.internal.BasicValueBinder    : building BasicValue for id
2025-03-15T10:05:59.197-05:00 DEBUG 37662 --- [flight-booking] [           main] org.hibernate.mapping.BasicValue         : Skipping column re-registration: user.id
2025-03-15T10:05:59.197-05:00 DEBUG 37662 --- [flight-booking] [           main] o.h.boot.model.internal.PropertyBinder   : Building property id
2025-03-15T10:05:59.198-05:00 DEBUG 37662 --- [flight-booking] [           main] o.h.boot.model.internal.AnnotatedColumn  : Binding column: AnnotatedColumn()
2025-03-15T10:05:59.198-05:00 DEBUG 37662 --- [flight-booking] [           main] o.h.boot.model.internal.PropertyBinder   : MetadataSourceProcessor property address with lazy=false
2025-03-15T10:05:59.198-05:00 DEBUG 37662 --- [flight-booking] [           main] o.h.b.m.internal.AbstractPropertyHolder  : Attempting to locate auto-apply AttributeConverter for property [edu.miu.cs.cs425.backend.domain.entity.User:address]
2025-03-15T10:05:59.199-05:00 DEBUG 37662 --- [flight-booking] [           main] o.h.b.model.internal.BasicValueBinder    : building BasicValue for address
2025-03-15T10:05:59.199-05:00 DEBUG 37662 --- [flight-booking] [           main] org.hibernate.mapping.BasicValue         : Skipping column re-registration: user.address
2025-03-15T10:05:59.199-05:00 DEBUG 37662 --- [flight-booking] [           main] o.h.boot.model.internal.PropertyBinder   : Building property address
2025-03-15T10:05:59.199-05:00 DEBUG 37662 --- [flight-booking] [           main] o.h.boot.model.internal.AnnotatedColumn  : Binding column: AnnotatedColumn()
2025-03-15T10:05:59.200-05:00 DEBUG 37662 --- [flight-booking] [           main] o.h.boot.model.internal.PropertyBinder   : MetadataSourceProcessor property avatar with lazy=false
2025-03-15T10:05:59.200-05:00 DEBUG 37662 --- [flight-booking] [           main] o.h.b.m.internal.AbstractPropertyHolder  : Attempting to locate auto-apply AttributeConverter for property [edu.miu.cs.cs425.backend.domain.entity.User:avatar]
2025-03-15T10:05:59.200-05:00 DEBUG 37662 --- [flight-booking] [           main] o.h.b.model.internal.BasicValueBinder    : building BasicValue for avatar
2025-03-15T10:05:59.200-05:00 DEBUG 37662 --- [flight-booking] [           main] org.hibernate.mapping.BasicValue         : Skipping column re-registration: user.avatar
2025-03-15T10:05:59.200-05:00 DEBUG 37662 --- [flight-booking] [           main] o.h.boot.model.internal.PropertyBinder   : Building property avatar
2025-03-15T10:05:59.201-05:00 DEBUG 37662 --- [flight-booking] [           main] o.h.boot.model.internal.AnnotatedColumn  : Binding column: AnnotatedColumn()
2025-03-15T10:05:59.201-05:00 DEBUG 37662 --- [flight-booking] [           main] o.h.boot.model.internal.PropertyBinder   : MetadataSourceProcessor property createdAt with lazy=false
2025-03-15T10:05:59.201-05:00 DEBUG 37662 --- [flight-booking] [           main] o.h.b.m.internal.AbstractPropertyHolder  : Attempting to locate auto-apply AttributeConverter for property [edu.miu.cs.cs425.backend.domain.entity.User:createdAt]
2025-03-15T10:05:59.201-05:00 DEBUG 37662 --- [flight-booking] [           main] o.h.b.model.internal.BasicValueBinder    : building BasicValue for createdAt
2025-03-15T10:05:59.201-05:00 DEBUG 37662 --- [flight-booking] [           main] org.hibernate.mapping.BasicValue         : Skipping column re-registration: user.created_at
2025-03-15T10:05:59.201-05:00 DEBUG 37662 --- [flight-booking] [           main] o.h.boot.model.internal.PropertyBinder   : Building property createdAt
2025-03-15T10:05:59.202-05:00 DEBUG 37662 --- [flight-booking] [           main] o.h.boot.model.internal.AnnotatedColumn  : Binding column: AnnotatedColumn()
2025-03-15T10:05:59.202-05:00 DEBUG 37662 --- [flight-booking] [           main] o.h.boot.model.internal.PropertyBinder   : MetadataSourceProcessor property email with lazy=false
2025-03-15T10:05:59.202-05:00 DEBUG 37662 --- [flight-booking] [           main] o.h.b.m.internal.AbstractPropertyHolder  : Attempting to locate auto-apply AttributeConverter for property [edu.miu.cs.cs425.backend.domain.entity.User:email]
2025-03-15T10:05:59.202-05:00 DEBUG 37662 --- [flight-booking] [           main] o.h.b.model.internal.BasicValueBinder    : building BasicValue for email
2025-03-15T10:05:59.202-05:00 DEBUG 37662 --- [flight-booking] [           main] org.hibernate.mapping.BasicValue         : Skipping column re-registration: user.email
2025-03-15T10:05:59.202-05:00 DEBUG 37662 --- [flight-booking] [           main] o.h.boot.model.internal.PropertyBinder   : Building property email
2025-03-15T10:05:59.202-05:00 DEBUG 37662 --- [flight-booking] [           main] o.h.boot.model.internal.AnnotatedColumn  : Binding column: AnnotatedColumn()
2025-03-15T10:05:59.203-05:00 DEBUG 37662 --- [flight-booking] [           main] o.h.boot.model.internal.PropertyBinder   : MetadataSourceProcessor property name with lazy=false
2025-03-15T10:05:59.203-05:00 DEBUG 37662 --- [flight-booking] [           main] o.h.b.m.internal.AbstractPropertyHolder  : Attempting to locate auto-apply AttributeConverter for property [edu.miu.cs.cs425.backend.domain.entity.User:name]
2025-03-15T10:05:59.203-05:00 DEBUG 37662 --- [flight-booking] [           main] o.h.b.model.internal.BasicValueBinder    : building BasicValue for name
2025-03-15T10:05:59.204-05:00 DEBUG 37662 --- [flight-booking] [           main] org.hibernate.mapping.BasicValue         : Skipping column re-registration: user.name
2025-03-15T10:05:59.204-05:00 DEBUG 37662 --- [flight-booking] [           main] o.h.boot.model.internal.PropertyBinder   : Building property name
2025-03-15T10:05:59.204-05:00 DEBUG 37662 --- [flight-booking] [           main] o.h.boot.model.internal.AnnotatedColumn  : Binding column: AnnotatedColumn()
2025-03-15T10:05:59.205-05:00 DEBUG 37662 --- [flight-booking] [           main] o.h.boot.model.internal.PropertyBinder   : MetadataSourceProcessor property password with lazy=false
2025-03-15T10:05:59.205-05:00 DEBUG 37662 --- [flight-booking] [           main] o.h.b.m.internal.AbstractPropertyHolder  : Attempting to locate auto-apply AttributeConverter for property [edu.miu.cs.cs425.backend.domain.entity.User:password]
2025-03-15T10:05:59.205-05:00 DEBUG 37662 --- [flight-booking] [           main] o.h.b.model.internal.BasicValueBinder    : building BasicValue for password
2025-03-15T10:05:59.206-05:00 DEBUG 37662 --- [flight-booking] [           main] org.hibernate.mapping.BasicValue         : Skipping column re-registration: user.password
2025-03-15T10:05:59.208-05:00 DEBUG 37662 --- [flight-booking] [           main] o.h.boot.model.internal.PropertyBinder   : Building property password
2025-03-15T10:05:59.210-05:00 DEBUG 37662 --- [flight-booking] [           main] o.h.boot.model.internal.AnnotatedColumn  : Binding column: AnnotatedColumn()
2025-03-15T10:05:59.211-05:00 DEBUG 37662 --- [flight-booking] [           main] o.h.boot.model.internal.PropertyBinder   : MetadataSourceProcessor property phone with lazy=false
2025-03-15T10:05:59.211-05:00 DEBUG 37662 --- [flight-booking] [           main] o.h.b.m.internal.AbstractPropertyHolder  : Attempting to locate auto-apply AttributeConverter for property [edu.miu.cs.cs425.backend.domain.entity.User:phone]
2025-03-15T10:05:59.212-05:00 DEBUG 37662 --- [flight-booking] [           main] o.h.b.model.internal.BasicValueBinder    : building BasicValue for phone
2025-03-15T10:05:59.212-05:00 DEBUG 37662 --- [flight-booking] [           main] org.hibernate.mapping.BasicValue         : Skipping column re-registration: user.phone
2025-03-15T10:05:59.212-05:00 DEBUG 37662 --- [flight-booking] [           main] o.h.boot.model.internal.PropertyBinder   : Building property phone
2025-03-15T10:05:59.213-05:00 DEBUG 37662 --- [flight-booking] [           main] o.h.boot.model.internal.AnnotatedColumn  : Binding column: AnnotatedColumn()
2025-03-15T10:05:59.213-05:00 DEBUG 37662 --- [flight-booking] [           main] o.h.boot.model.internal.PropertyBinder   : MetadataSourceProcessor property role with lazy=false
2025-03-15T10:05:59.213-05:00 DEBUG 37662 --- [flight-booking] [           main] o.h.b.m.internal.AbstractPropertyHolder  : Attempting to locate auto-apply AttributeConverter for property [edu.miu.cs.cs425.backend.domain.entity.User:role]
2025-03-15T10:05:59.213-05:00 DEBUG 37662 --- [flight-booking] [           main] o.h.b.model.internal.BasicValueBinder    : building BasicValue for role
2025-03-15T10:05:59.213-05:00 DEBUG 37662 --- [flight-booking] [           main] org.hibernate.mapping.BasicValue         : Skipping column re-registration: user.role
2025-03-15T10:05:59.213-05:00 DEBUG 37662 --- [flight-booking] [           main] o.h.boot.model.internal.PropertyBinder   : Building property role
2025-03-15T10:05:59.214-05:00 DEBUG 37662 --- [flight-booking] [           main] o.h.boot.model.internal.AnnotatedColumn  : Binding column: AnnotatedColumn()
2025-03-15T10:05:59.214-05:00 DEBUG 37662 --- [flight-booking] [           main] o.h.boot.model.internal.PropertyBinder   : MetadataSourceProcessor property updatedAt with lazy=false
2025-03-15T10:05:59.214-05:00 DEBUG 37662 --- [flight-booking] [           main] o.h.b.m.internal.AbstractPropertyHolder  : Attempting to locate auto-apply AttributeConverter for property [edu.miu.cs.cs425.backend.domain.entity.User:updatedAt]
2025-03-15T10:05:59.214-05:00 DEBUG 37662 --- [flight-booking] [           main] o.h.b.model.internal.BasicValueBinder    : building BasicValue for updatedAt
2025-03-15T10:05:59.214-05:00 DEBUG 37662 --- [flight-booking] [           main] org.hibernate.mapping.BasicValue         : Skipping column re-registration: user.updated_at
2025-03-15T10:05:59.214-05:00 DEBUG 37662 --- [flight-booking] [           main] o.h.boot.model.internal.PropertyBinder   : Building property updatedAt
2025-03-15T10:05:59.216-05:00 DEBUG 37662 --- [flight-booking] [           main] o.h.b.r.c.i.ClassLoaderServiceImpl       : HHH000194: Package not found or no package-info.java: edu.miu.cs.cs425.backend.domain.entity
2025-03-15T10:05:59.220-05:00 DEBUG 37662 --- [flight-booking] [           main] o.h.b.model.internal.BasicValueBinder    : Starting `BasicValueBinder#fillSimpleValue` for code
2025-03-15T10:05:59.226-05:00 DEBUG 37662 --- [flight-booking] [           main] o.h.b.model.internal.BasicValueBinder    : Starting `BasicValueBinder#fillSimpleValue` for logoUrl
2025-03-15T10:05:59.226-05:00 DEBUG 37662 --- [flight-booking] [           main] o.h.b.model.internal.BasicValueBinder    : Starting `BasicValueBinder#fillSimpleValue` for name
2025-03-15T10:05:59.227-05:00 DEBUG 37662 --- [flight-booking] [           main] o.h.b.model.internal.BasicValueBinder    : Starting `BasicValueBinder#fillSimpleValue` for iataCode
2025-03-15T10:05:59.227-05:00 DEBUG 37662 --- [flight-booking] [           main] o.h.b.model.internal.BasicValueBinder    : Starting `BasicValueBinder#fillSimpleValue` for city
2025-03-15T10:05:59.227-05:00 DEBUG 37662 --- [flight-booking] [           main] o.h.b.model.internal.BasicValueBinder    : Starting `BasicValueBinder#fillSimpleValue` for country
2025-03-15T10:05:59.228-05:00 DEBUG 37662 --- [flight-booking] [           main] o.h.b.model.internal.BasicValueBinder    : Starting `BasicValueBinder#fillSimpleValue` for name
2025-03-15T10:05:59.228-05:00 DEBUG 37662 --- [flight-booking] [           main] o.h.b.model.internal.BasicValueBinder    : Starting `BasicValueBinder#fillSimpleValue` for id
2025-03-15T10:05:59.228-05:00 DEBUG 37662 --- [flight-booking] [           main] o.h.b.model.internal.BasicValueBinder    : Starting `BasicValueBinder#fillSimpleValue` for createdAt
2025-03-15T10:05:59.229-05:00 DEBUG 37662 --- [flight-booking] [           main] o.h.b.model.internal.BasicValueBinder    : Starting `BasicValueBinder#fillSimpleValue` for fareType
2025-03-15T10:05:59.229-05:00 DEBUG 37662 --- [flight-booking] [           main] o.h.b.model.internal.BasicValueBinder    : Starting `BasicValueBinder#fillSimpleValue` for selectedSeat
2025-03-15T10:05:59.229-05:00 DEBUG 37662 --- [flight-booking] [           main] o.h.b.model.internal.BasicValueBinder    : Starting `BasicValueBinder#fillSimpleValue` for status
2025-03-15T10:05:59.241-05:00 DEBUG 37662 --- [flight-booking] [           main] o.h.b.model.internal.BasicValueBinder    : Starting `BasicValueBinder#fillSimpleValue` for totalPrice
2025-03-15T10:05:59.242-05:00 DEBUG 37662 --- [flight-booking] [           main] o.h.b.model.internal.BasicValueBinder    : Starting `BasicValueBinder#fillSimpleValue` for updatedAt
2025-03-15T10:05:59.242-05:00 DEBUG 37662 --- [flight-booking] [           main] o.h.b.model.internal.BasicValueBinder    : Starting `BasicValueBinder#fillSimpleValue` for address
2025-03-15T10:05:59.243-05:00 DEBUG 37662 --- [flight-booking] [           main] o.h.b.model.internal.BasicValueBinder    : Starting `BasicValueBinder#fillSimpleValue` for email
2025-03-15T10:05:59.243-05:00 DEBUG 37662 --- [flight-booking] [           main] o.h.b.model.internal.BasicValueBinder    : Starting `BasicValueBinder#fillSimpleValue` for firstName
2025-03-15T10:05:59.245-05:00 DEBUG 37662 --- [flight-booking] [           main] o.h.b.model.internal.BasicValueBinder    : Starting `BasicValueBinder#fillSimpleValue` for lastName
2025-03-15T10:05:59.245-05:00 DEBUG 37662 --- [flight-booking] [           main] o.h.b.model.internal.BasicValueBinder    : Starting `BasicValueBinder#fillSimpleValue` for passportNumber
2025-03-15T10:05:59.246-05:00 DEBUG 37662 --- [flight-booking] [           main] o.h.b.model.internal.BasicValueBinder    : Starting `BasicValueBinder#fillSimpleValue` for phone
2025-03-15T10:05:59.246-05:00 DEBUG 37662 --- [flight-booking] [           main] o.h.b.model.internal.BasicValueBinder    : Starting `BasicValueBinder#fillSimpleValue` for userId
2025-03-15T10:05:59.246-05:00 DEBUG 37662 --- [flight-booking] [           main] o.h.b.model.internal.BasicValueBinder    : Starting `BasicValueBinder#fillSimpleValue` for id
2025-03-15T10:05:59.246-05:00 DEBUG 37662 --- [flight-booking] [           main] o.h.b.model.internal.BasicValueBinder    : Starting `BasicValueBinder#fillSimpleValue` for arrival
2025-03-15T10:05:59.246-05:00 DEBUG 37662 --- [flight-booking] [           main] o.h.b.model.internal.BasicValueBinder    : Starting `BasicValueBinder#fillSimpleValue` for departure
2025-03-15T10:05:59.246-05:00 DEBUG 37662 --- [flight-booking] [           main] o.h.b.model.internal.BasicValueBinder    : Starting `BasicValueBinder#fillSimpleValue` for duration
2025-03-15T10:05:59.246-05:00 DEBUG 37662 --- [flight-booking] [           main] o.h.b.model.internal.BasicValueBinder    : Starting `BasicValueBinder#fillSimpleValue` for flightNumber
2025-03-15T10:05:59.246-05:00 DEBUG 37662 --- [flight-booking] [           main] o.h.b.model.internal.BasicValueBinder    : Starting `BasicValueBinder#fillSimpleValue` for price
2025-03-15T10:05:59.247-05:00 DEBUG 37662 --- [flight-booking] [           main] o.h.b.model.internal.BasicValueBinder    : Starting `BasicValueBinder#fillSimpleValue` for seatsAvailable
2025-03-15T10:05:59.247-05:00 DEBUG 37662 --- [flight-booking] [           main] o.h.b.model.internal.BasicValueBinder    : Starting `BasicValueBinder#fillSimpleValue` for id
2025-03-15T10:05:59.247-05:00 DEBUG 37662 --- [flight-booking] [           main] o.h.b.model.internal.BasicValueBinder    : Starting `BasicValueBinder#fillSimpleValue` for legNumber
2025-03-15T10:05:59.247-05:00 DEBUG 37662 --- [flight-booking] [           main] o.h.b.model.internal.BasicValueBinder    : Starting `BasicValueBinder#fillSimpleValue` for id
2025-03-15T10:05:59.247-05:00 DEBUG 37662 --- [flight-booking] [           main] o.h.b.model.internal.BasicValueBinder    : Starting `BasicValueBinder#fillSimpleValue` for address
2025-03-15T10:05:59.247-05:00 DEBUG 37662 --- [flight-booking] [           main] o.h.b.model.internal.BasicValueBinder    : Starting `BasicValueBinder#fillSimpleValue` for avatar
2025-03-15T10:05:59.247-05:00 DEBUG 37662 --- [flight-booking] [           main] o.h.b.model.internal.BasicValueBinder    : Starting `BasicValueBinder#fillSimpleValue` for createdAt
2025-03-15T10:05:59.248-05:00 DEBUG 37662 --- [flight-booking] [           main] o.h.b.model.internal.BasicValueBinder    : Starting `BasicValueBinder#fillSimpleValue` for email
2025-03-15T10:05:59.248-05:00 DEBUG 37662 --- [flight-booking] [           main] o.h.b.model.internal.BasicValueBinder    : Starting `BasicValueBinder#fillSimpleValue` for name
2025-03-15T10:05:59.249-05:00 DEBUG 37662 --- [flight-booking] [           main] o.h.b.model.internal.BasicValueBinder    : Starting `BasicValueBinder#fillSimpleValue` for password
2025-03-15T10:05:59.250-05:00 DEBUG 37662 --- [flight-booking] [           main] o.h.b.model.internal.BasicValueBinder    : Starting `BasicValueBinder#fillSimpleValue` for phone
2025-03-15T10:05:59.254-05:00 DEBUG 37662 --- [flight-booking] [           main] o.h.b.model.internal.BasicValueBinder    : Starting `BasicValueBinder#fillSimpleValue` for role
2025-03-15T10:05:59.255-05:00 DEBUG 37662 --- [flight-booking] [           main] o.h.b.model.internal.BasicValueBinder    : Starting `BasicValueBinder#fillSimpleValue` for updatedAt
2025-03-15T10:05:59.278-05:00 DEBUG 37662 --- [flight-booking] [           main] org.hibernate.mapping.PrimaryKey         : Forcing column [code] to be non-null as it is part of the primary key for table [airline]
2025-03-15T10:05:59.278-05:00 DEBUG 37662 --- [flight-booking] [           main] org.hibernate.mapping.PrimaryKey         : Forcing column [iata_code] to be non-null as it is part of the primary key for table [airport]
2025-03-15T10:05:59.278-05:00 DEBUG 37662 --- [flight-booking] [           main] org.hibernate.mapping.PrimaryKey         : Forcing column [id] to be non-null as it is part of the primary key for table [bookings]
2025-03-15T10:05:59.278-05:00 DEBUG 37662 --- [flight-booking] [           main] org.hibernate.mapping.PrimaryKey         : Forcing column [id] to be non-null as it is part of the primary key for table [flight]
2025-03-15T10:05:59.279-05:00 DEBUG 37662 --- [flight-booking] [           main] org.hibernate.mapping.PrimaryKey         : Forcing column [id] to be non-null as it is part of the primary key for table [flight_legs]
2025-03-15T10:05:59.279-05:00 DEBUG 37662 --- [flight-booking] [           main] org.hibernate.mapping.PrimaryKey         : Forcing column [id] to be non-null as it is part of the primary key for table [user]
2025-03-15T10:05:59.279-05:00 DEBUG 37662 --- [flight-booking] [           main] o.h.b.m.internal.CollectionSecondPass    : Second pass for collection: edu.miu.cs.cs425.backend.domain.entity.Booking.returnFlightLegs
2025-03-15T10:05:59.279-05:00 DEBUG 37662 --- [flight-booking] [           main] o.h.b.model.internal.CollectionBinder    : Binding a OneToMany: edu.miu.cs.cs425.backend.domain.entity.Booking.returnFlightLegs through a foreign key
2025-03-15T10:05:59.286-05:00 DEBUG 37662 --- [flight-booking] [           main] o.h.b.model.internal.CollectionBinder    : Mapping collection: edu.miu.cs.cs425.backend.domain.entity.Booking.returnFlightLegs -> flight_legs
2025-03-15T10:05:59.291-05:00 DEBUG 37662 --- [flight-booking] [           main] o.h.b.m.internal.CollectionSecondPass    : Mapped collection key: booking_id, one-to-many: edu.miu.cs.cs425.backend.domain.entity.FlightLeg
2025-03-15T10:05:59.291-05:00 DEBUG 37662 --- [flight-booking] [           main] o.h.b.m.internal.CollectionSecondPass    : Second pass for collection: edu.miu.cs.cs425.backend.domain.entity.Booking.flightLegs
2025-03-15T10:05:59.292-05:00 DEBUG 37662 --- [flight-booking] [           main] o.h.b.model.internal.CollectionBinder    : Binding a OneToMany: edu.miu.cs.cs425.backend.domain.entity.Booking.flightLegs through a foreign key
2025-03-15T10:05:59.292-05:00 DEBUG 37662 --- [flight-booking] [           main] o.h.b.model.internal.CollectionBinder    : Mapping collection: edu.miu.cs.cs425.backend.domain.entity.Booking.flightLegs -> flight_legs
2025-03-15T10:05:59.293-05:00 DEBUG 37662 --- [flight-booking] [           main] o.h.b.m.internal.CollectionSecondPass    : Mapped collection key: booking_id, one-to-many: edu.miu.cs.cs425.backend.domain.entity.FlightLeg
2025-03-15T10:05:59.641-05:00 DEBUG 37662 --- [flight-booking] [           main] o.hibernate.internal.SessionFactoryImpl  : Building session factory
2025-03-15T10:05:59.898-05:00 DEBUG 37662 --- [flight-booking] [           main] .h.s.i.SessionFactoryServiceRegistryImpl : EventListenerRegistry access via ServiceRegistry is deprecated.  Use `sessionFactory.getEventEngine().getListenerRegistry()` instead
2025-03-15T10:05:59.899-05:00 DEBUG 37662 --- [flight-booking] [           main] o.hibernate.internal.SessionFactoryImpl  : Instantiating SessionFactory with settings: {hibernate.format_sql=true, java.specification.version=23, hibernate.resource.beans.container=org.springframework.orm.hibernate5.SpringBeanContainer@11ce9319, hibernate.connection.handling_mode=DELAYED_ACQUISITION_AND_HOLD, sun.jnu.encoding=UTF-8, hibernate.dialect=org.hibernate.dialect.MySQLDialect, hibernate.implicit_naming_strategy=org.springframework.boot.orm.jpa.hibernate.SpringImplicitNamingStrategy, java.class.path=/Users/mercelvubangsi/Documents/MY DOCS/MIU/STUDIES/CS425 SWE/PROJECT/new/backend/target/test-classes:/Users/mercelvubangsi/Documents/MY DOCS/MIU/STUDIES/CS425 SWE/PROJECT/new/backend/target/classes:/Users/mercelvubangsi/.m2/repository/org/springframework/boot/spring-boot-starter-web/3.4.3/spring-boot-starter-web-3.4.3.jar:/Users/mercelvubangsi/.m2/repository/org/springframework/boot/spring-boot-starter/3.4.3/spring-boot-starter-3.4.3.jar:/Users/mercelvubangsi/.m2/repository/org/springframework/boot/spring-boot/3.4.3/spring-boot-3.4.3.jar:/Users/mercelvubangsi/.m2/repository/org/springframework/boot/spring-boot-autoconfigure/3.4.3/spring-boot-autoconfigure-3.4.3.jar:/Users/mercelvubangsi/.m2/repository/org/springframework/boot/spring-boot-starter-logging/3.4.3/spring-boot-starter-logging-3.4.3.jar:/Users/mercelvubangsi/.m2/repository/ch/qos/logback/logback-classic/1.5.16/logback-classic-1.5.16.jar:/Users/mercelvubangsi/.m2/repository/ch/qos/logback/logback-core/1.5.16/logback-core-1.5.16.jar:/Users/mercelvubangsi/.m2/repository/org/apache/logging/log4j/log4j-to-slf4j/2.24.3/log4j-to-slf4j-2.24.3.jar:/Users/mercelvubangsi/.m2/repository/org/apache/logging/log4j/log4j-api/2.24.3/log4j-api-2.24.3.jar:/Users/mercelvubangsi/.m2/repository/org/slf4j/jul-to-slf4j/2.0.16/jul-to-slf4j-2.0.16.jar:/Users/mercelvubangsi/.m2/repository/jakarta/annotation/jakarta.annotation-api/2.1.1/jakarta.annotation-api-2.1.1.jar:/Users/mercelvubangsi/.m2/repository/org/yaml/snakeyaml/2.3/snakeyaml-2.3.jar:/Users/mercelvubangsi/.m2/repository/org/springframework/boot/spring-boot-starter-json/3.4.3/spring-boot-starter-json-3.4.3.jar:/Users/mercelvubangsi/.m2/repository/com/fasterxml/jackson/datatype/jackson-datatype-jdk8/2.18.2/jackson-datatype-jdk8-2.18.2.jar:/Users/mercelvubangsi/.m2/repository/com/fasterxml/jackson/datatype/jackson-datatype-jsr310/2.18.2/jackson-datatype-jsr310-2.18.2.jar:/Users/mercelvubangsi/.m2/repository/com/fasterxml/jackson/module/jackson-module-parameter-names/2.18.2/jackson-module-parameter-names-2.18.2.jar:/Users/mercelvubangsi/.m2/repository/org/springframework/boot/spring-boot-starter-tomcat/3.4.3/spring-boot-starter-tomcat-3.4.3.jar:/Users/mercelvubangsi/.m2/repository/org/apache/tomcat/embed/tomcat-embed-core/10.1.36/tomcat-embed-core-10.1.36.jar:/Users/mercelvubangsi/.m2/repository/org/apache/tomcat/embed/tomcat-embed-websocket/10.1.36/tomcat-embed-websocket-10.1.36.jar:/Users/mercelvubangsi/.m2/repository/org/springframework/spring-web/6.2.3/spring-web-6.2.3.jar:/Users/mercelvubangsi/.m2/repository/org/springframework/spring-beans/6.2.3/spring-beans-6.2.3.jar:/Users/mercelvubangsi/.m2/repository/io/micrometer/micrometer-observation/1.14.4/micrometer-observation-1.14.4.jar:/Users/mercelvubangsi/.m2/repository/io/micrometer/micrometer-commons/1.14.4/micrometer-commons-1.14.4.jar:/Users/mercelvubangsi/.m2/repository/org/springframework/spring-webmvc/6.2.3/spring-webmvc-6.2.3.jar:/Users/mercelvubangsi/.m2/repository/org/springframework/spring-aop/6.2.3/spring-aop-6.2.3.jar:/Users/mercelvubangsi/.m2/repository/org/springframework/spring-context/6.2.3/spring-context-6.2.3.jar:/Users/mercelvubangsi/.m2/repository/org/springframework/spring-expression/6.2.3/spring-expression-6.2.3.jar:/Users/mercelvubangsi/.m2/repository/org/springframework/boot/spring-boot-starter-data-jpa/3.4.3/spring-boot-starter-data-jpa-3.4.3.jar:/Users/mercelvubangsi/.m2/repository/org/springframework/boot/spring-boot-starter-jdbc/3.4.3/spring-boot-starter-jdbc-3.4.3.jar:/Users/mercelvubangsi/.m2/repository/com/zaxxer/HikariCP/5.1.0/HikariCP-5.1.0.jar:/Users/mercelvubangsi/.m2/repository/org/springframework/spring-jdbc/6.2.3/spring-jdbc-6.2.3.jar:/Users/mercelvubangsi/.m2/repository/org/hibernate/orm/hibernate-core/6.6.8.Final/hibernate-core-6.6.8.Final.jar:/Users/mercelvubangsi/.m2/repository/jakarta/persistence/jakarta.persistence-api/3.1.0/jakarta.persistence-api-3.1.0.jar:/Users/mercelvubangsi/.m2/repository/jakarta/transaction/jakarta.transaction-api/2.0.1/jakarta.transaction-api-2.0.1.jar:/Users/mercelvubangsi/.m2/repository/org/jboss/logging/jboss-logging/3.6.1.Final/jboss-logging-3.6.1.Final.jar:/Users/mercelvubangsi/.m2/repository/org/hibernate/common/hibernate-commons-annotations/7.0.3.Final/hibernate-commons-annotations-7.0.3.Final.jar:/Users/mercelvubangsi/.m2/repository/io/smallrye/jandex/3.2.0/jandex-3.2.0.jar:/Users/mercelvubangsi/.m2/repository/com/fasterxml/classmate/1.7.0/classmate-1.7.0.jar:/Users/mercelvubangsi/.m2/repository/net/bytebuddy/byte-buddy/1.15.11/byte-buddy-1.15.11.jar:/Users/mercelvubangsi/.m2/repository/org/glassfish/jaxb/jaxb-runtime/4.0.5/jaxb-runtime-4.0.5.jar:/Users/mercelvubangsi/.m2/repository/org/glassfish/jaxb/jaxb-core/4.0.5/jaxb-core-4.0.5.jar:/Users/mercelvubangsi/.m2/repository/org/eclipse/angus/angus-activation/2.0.2/angus-activation-2.0.2.jar:/Users/mercelvubangsi/.m2/repository/org/glassfish/jaxb/txw2/4.0.5/txw2-4.0.5.jar:/Users/mercelvubangsi/.m2/repository/com/sun/istack/istack-commons-runtime/4.1.2/istack-commons-runtime-4.1.2.jar:/Users/mercelvubangsi/.m2/repository/jakarta/inject/jakarta.inject-api/2.0.1/jakarta.inject-api-2.0.1.jar:/Users/mercelvubangsi/.m2/repository/org/antlr/antlr4-runtime/4.13.0/antlr4-runtime-4.13.0.jar:/Users/mercelvubangsi/.m2/repository/org/springframework/data/spring-data-jpa/3.4.3/spring-data-jpa-3.4.3.jar:/Users/mercelvubangsi/.m2/repository/org/springframework/data/spring-data-commons/3.4.3/spring-data-commons-3.4.3.jar:/Users/mercelvubangsi/.m2/repository/org/springframework/spring-orm/6.2.3/spring-orm-6.2.3.jar:/Users/mercelvubangsi/.m2/repository/org/springframework/spring-tx/6.2.3/spring-tx-6.2.3.jar:/Users/mercelvubangsi/.m2/repository/org/slf4j/slf4j-api/2.0.16/slf4j-api-2.0.16.jar:/Users/mercelvubangsi/.m2/repository/org/springframework/spring-aspects/6.2.3/spring-aspects-6.2.3.jar:/Users/mercelvubangsi/.m2/repository/org/aspectj/aspectjweaver/1.9.22.1/aspectjweaver-1.9.22.1.jar:/Users/mercelvubangsi/.m2/repository/com/mysql/mysql-connector-j/8.0.33/mysql-connector-j-8.0.33.jar:/Users/mercelvubangsi/.m2/repository/com/auth0/java-jwt/4.4.0/java-jwt-4.4.0.jar:/Users/mercelvubangsi/.m2/repository/com/fasterxml/jackson/core/jackson-databind/2.18.2/jackson-databind-2.18.2.jar:/Users/mercelvubangsi/.m2/repository/com/fasterxml/jackson/core/jackson-annotations/2.18.2/jackson-annotations-2.18.2.jar:/Users/mercelvubangsi/.m2/repository/com/fasterxml/jackson/core/jackson-core/2.18.2/jackson-core-2.18.2.jar:/Users/mercelvubangsi/.m2/repository/org/springframework/boot/spring-boot-starter-validation/3.4.3/spring-boot-starter-validation-3.4.3.jar:/Users/mercelvubangsi/.m2/repository/org/apache/tomcat/embed/tomcat-embed-el/10.1.36/tomcat-embed-el-10.1.36.jar:/Users/mercelvubangsi/.m2/repository/org/hibernate/validator/hibernate-validator/8.0.2.Final/hibernate-validator-8.0.2.Final.jar:/Users/mercelvubangsi/.m2/repository/jakarta/validation/jakarta.validation-api/3.0.2/jakarta.validation-api-3.0.2.jar:/Users/mercelvubangsi/.m2/repository/org/springdoc/springdoc-openapi-starter-webmvc-ui/2.6.0/springdoc-openapi-starter-webmvc-ui-2.6.0.jar:/Users/mercelvubangsi/.m2/repository/org/springdoc/springdoc-openapi-starter-webmvc-api/2.6.0/springdoc-openapi-starter-webmvc-api-2.6.0.jar:/Users/mercelvubangsi/.m2/repository/org/springdoc/springdoc-openapi-starter-common/2.6.0/springdoc-openapi-starter-common-2.6.0.jar:/Users/mercelvubangsi/.m2/repository/io/swagger/core/v3/swagger-core-jakarta/2.2.22/swagger-core-jakarta-2.2.22.jar:/Users/mercelvubangsi/.m2/repository/org/apache/commons/commons-lang3/3.17.0/commons-lang3-3.17.0.jar:/Users/mercelvubangsi/.m2/repository/io/swagger/core/v3/swagger-annotations-jakarta/2.2.22/swagger-annotations-jakarta-2.2.22.jar:/Users/mercelvubangsi/.m2/repository/io/swagger/core/v3/swagger-models-jakarta/2.2.22/swagger-models-jakarta-2.2.22.jar:/Users/mercelvubangsi/.m2/repository/com/fasterxml/jackson/dataformat/jackson-dataformat-yaml/2.18.2/jackson-dataformat-yaml-2.18.2.jar:/Users/mercelvubangsi/.m2/repository/org/webjars/swagger-ui/5.17.14/swagger-ui-5.17.14.jar:/Users/mercelvubangsi/.m2/repository/org/mindrot/jbcrypt/0.4/jbcrypt-0.4.jar:/Users/mercelvubangsi/.m2/repository/org/projectlombok/lombok/1.18.36/lombok-1.18.36.jar:/Users/mercelvubangsi/.m2/repository/org/springframework/boot/spring-boot-starter-test/3.4.3/spring-boot-starter-test-3.4.3.jar:/Users/mercelvubangsi/.m2/repository/org/springframework/boot/spring-boot-test/3.4.3/spring-boot-test-3.4.3.jar:/Users/mercelvubangsi/.m2/repository/org/springframework/boot/spring-boot-test-autoconfigure/3.4.3/spring-boot-test-autoconfigure-3.4.3.jar:/Users/mercelvubangsi/.m2/repository/com/jayway/jsonpath/json-path/2.9.0/json-path-2.9.0.jar:/Users/mercelvubangsi/.m2/repository/jakarta/xml/bind/jakarta.xml.bind-api/4.0.2/jakarta.xml.bind-api-4.0.2.jar:/Users/mercelvubangsi/.m2/repository/jakarta/activation/jakarta.activation-api/2.1.3/jakarta.activation-api-2.1.3.jar:/Users/mercelvubangsi/.m2/repository/net/minidev/json-smart/2.5.2/json-smart-2.5.2.jar:/Users/mercelvubangsi/.m2/repository/net/minidev/accessors-smart/2.5.2/accessors-smart-2.5.2.jar:/Users/mercelvubangsi/.m2/repository/org/ow2/asm/asm/9.7.1/asm-9.7.1.jar:/Users/mercelvubangsi/.m2/repository/org/assertj/assertj-core/3.26.3/assertj-core-3.26.3.jar:/Users/mercelvubangsi/.m2/repository/org/awaitility/awaitility/4.2.2/awaitility-4.2.2.jar:/Users/mercelvubangsi/.m2/repository/org/hamcrest/hamcrest/2.2/hamcrest-2.2.jar:/Users/mercelvubangsi/.m2/repository/org/junit/jupiter/junit-jupiter/5.11.4/junit-jupiter-5.11.4.jar:/Users/mercelvubangsi/.m2/repository/org/junit/jupiter/junit-jupiter-api/5.11.4/junit-jupiter-api-5.11.4.jar:/Users/mercelvubangsi/.m2/repository/org/opentest4j/opentest4j/1.3.0/opentest4j-1.3.0.jar:/Users/mercelvubangsi/.m2/repository/org/junit/platform/junit-platform-commons/1.11.4/junit-platform-commons-1.11.4.jar:/Users/mercelvubangsi/.m2/repository/org/apiguardian/apiguardian-api/1.1.2/apiguardian-api-1.1.2.jar:/Users/mercelvubangsi/.m2/repository/org/junit/jupiter/junit-jupiter-params/5.11.4/junit-jupiter-params-5.11.4.jar:/Users/mercelvubangsi/.m2/repository/org/junit/jupiter/junit-jupiter-engine/5.11.4/junit-jupiter-engine-5.11.4.jar:/Users/mercelvubangsi/.m2/repository/org/junit/platform/junit-platform-engine/1.11.4/junit-platform-engine-1.11.4.jar:/Users/mercelvubangsi/.m2/repository/org/mockito/mockito-core/5.14.2/mockito-core-5.14.2.jar:/Users/mercelvubangsi/.m2/repository/net/bytebuddy/byte-buddy-agent/1.15.11/byte-buddy-agent-1.15.11.jar:/Users/mercelvubangsi/.m2/repository/org/objenesis/objenesis/3.3/objenesis-3.3.jar:/Users/mercelvubangsi/.m2/repository/org/mockito/mockito-junit-jupiter/5.14.2/mockito-junit-jupiter-5.14.2.jar:/Users/mercelvubangsi/.m2/repository/org/skyscreamer/jsonassert/1.5.3/jsonassert-1.5.3.jar:/Users/mercelvubangsi/.m2/repository/com/vaadin/external/google/android-json/0.0.20131108.vaadin1/android-json-0.0.20131108.vaadin1.jar:/Users/mercelvubangsi/.m2/repository/org/springframework/spring-core/6.2.3/spring-core-6.2.3.jar:/Users/mercelvubangsi/.m2/repository/org/springframework/spring-jcl/6.2.3/spring-jcl-6.2.3.jar:/Users/mercelvubangsi/.m2/repository/org/springframework/spring-test/6.2.3/spring-test-6.2.3.jar:/Users/mercelvubangsi/.m2/repository/org/xmlunit/xmlunit-core/2.10.0/xmlunit-core-2.10.0.jar:, java.vm.vendor=Homebrew, sun.arch.data.model=64, java.vendor.url=https://github.com/Homebrew/homebrew-core/issues, user.timezone=America/Chicago, jakarta.persistence.sharedCache.mode=UNSPECIFIED, org.jboss.logging.provider=slf4j, os.name=Mac OS X, java.vm.specification.version=23, APPLICATION_NAME=flight-booking, jakarta.persistence.nonJtaDataSource=HikariDataSource (null), sun.java.launcher=SUN_STANDARD, user.country=US, sun.boot.library.path=/usr/local/Cellar/openjdk/23.0.1/libexec/openjdk.jdk/Contents/Home/lib, sun.java.command=/Users/mercelvubangsi/Documents/MY DOCS/MIU/STUDIES/CS425 SWE/PROJECT/new/backend/target/surefire/surefirebooter-20250315100551325_3.jar /Users/mercelvubangsi/Documents/MY DOCS/MIU/STUDIES/CS425 SWE/PROJECT/new/backend/target/surefire 2025-03-15T10-05-51_170-jvmRun1 surefire-20250315100551325_1tmp surefire_0-20250315100551325_2tmp, javax.persistence.nonJtaDataSource=HikariDataSource (null), hibernate.transaction.jta.platform=org.hibernate.engine.transaction.jta.platform.internal.NoJtaPlatform@780c0, http.nonProxyHosts=local|*.local|169.254/16|*.169.254/16, jdk.debug=release, surefire.test.class.path=/Users/mercelvubangsi/Documents/MY DOCS/MIU/STUDIES/CS425 SWE/PROJECT/new/backend/target/test-classes:/Users/mercelvubangsi/Documents/MY DOCS/MIU/STUDIES/CS425 SWE/PROJECT/new/backend/target/classes:/Users/mercelvubangsi/.m2/repository/org/springframework/boot/spring-boot-starter-web/3.4.3/spring-boot-starter-web-3.4.3.jar:/Users/mercelvubangsi/.m2/repository/org/springframework/boot/spring-boot-starter/3.4.3/spring-boot-starter-3.4.3.jar:/Users/mercelvubangsi/.m2/repository/org/springframework/boot/spring-boot/3.4.3/spring-boot-3.4.3.jar:/Users/mercelvubangsi/.m2/repository/org/springframework/boot/spring-boot-autoconfigure/3.4.3/spring-boot-autoconfigure-3.4.3.jar:/Users/mercelvubangsi/.m2/repository/org/springframework/boot/spring-boot-starter-logging/3.4.3/spring-boot-starter-logging-3.4.3.jar:/Users/mercelvubangsi/.m2/repository/ch/qos/logback/logback-classic/1.5.16/logback-classic-1.5.16.jar:/Users/mercelvubangsi/.m2/repository/ch/qos/logback/logback-core/1.5.16/logback-core-1.5.16.jar:/Users/mercelvubangsi/.m2/repository/org/apache/logging/log4j/log4j-to-slf4j/2.24.3/log4j-to-slf4j-2.24.3.jar:/Users/mercelvubangsi/.m2/repository/org/apache/logging/log4j/log4j-api/2.24.3/log4j-api-2.24.3.jar:/Users/mercelvubangsi/.m2/repository/org/slf4j/jul-to-slf4j/2.0.16/jul-to-slf4j-2.0.16.jar:/Users/mercelvubangsi/.m2/repository/jakarta/annotation/jakarta.annotation-api/2.1.1/jakarta.annotation-api-2.1.1.jar:/Users/mercelvubangsi/.m2/repository/org/yaml/snakeyaml/2.3/snakeyaml-2.3.jar:/Users/mercelvubangsi/.m2/repository/org/springframework/boot/spring-boot-starter-json/3.4.3/spring-boot-starter-json-3.4.3.jar:/Users/mercelvubangsi/.m2/repository/com/fasterxml/jackson/datatype/jackson-datatype-jdk8/2.18.2/jackson-datatype-jdk8-2.18.2.jar:/Users/mercelvubangsi/.m2/repository/com/fasterxml/jackson/datatype/jackson-datatype-jsr310/2.18.2/jackson-datatype-jsr310-2.18.2.jar:/Users/mercelvubangsi/.m2/repository/com/fasterxml/jackson/module/jackson-module-parameter-names/2.18.2/jackson-module-parameter-names-2.18.2.jar:/Users/mercelvubangsi/.m2/repository/org/springframework/boot/spring-boot-starter-tomcat/3.4.3/spring-boot-starter-tomcat-3.4.3.jar:/Users/mercelvubangsi/.m2/repository/org/apache/tomcat/embed/tomcat-embed-core/10.1.36/tomcat-embed-core-10.1.36.jar:/Users/mercelvubangsi/.m2/repository/org/apache/tomcat/embed/tomcat-embed-websocket/10.1.36/tomcat-embed-websocket-10.1.36.jar:/Users/mercelvubangsi/.m2/repository/org/springframework/spring-web/6.2.3/spring-web-6.2.3.jar:/Users/mercelvubangsi/.m2/repository/org/springframework/spring-beans/6.2.3/spring-beans-6.2.3.jar:/Users/mercelvubangsi/.m2/repository/io/micrometer/micrometer-observation/1.14.4/micrometer-observation-1.14.4.jar:/Users/mercelvubangsi/.m2/repository/io/micrometer/micrometer-commons/1.14.4/micrometer-commons-1.14.4.jar:/Users/mercelvubangsi/.m2/repository/org/springframework/spring-webmvc/6.2.3/spring-webmvc-6.2.3.jar:/Users/mercelvubangsi/.m2/repository/org/springframework/spring-aop/6.2.3/spring-aop-6.2.3.jar:/Users/mercelvubangsi/.m2/repository/org/springframework/spring-context/6.2.3/spring-context-6.2.3.jar:/Users/mercelvubangsi/.m2/repository/org/springframework/spring-expression/6.2.3/spring-expression-6.2.3.jar:/Users/mercelvubangsi/.m2/repository/org/springframework/boot/spring-boot-starter-data-jpa/3.4.3/spring-boot-starter-data-jpa-3.4.3.jar:/Users/mercelvubangsi/.m2/repository/org/springframework/boot/spring-boot-starter-jdbc/3.4.3/spring-boot-starter-jdbc-3.4.3.jar:/Users/mercelvubangsi/.m2/repository/com/zaxxer/HikariCP/5.1.0/HikariCP-5.1.0.jar:/Users/mercelvubangsi/.m2/repository/org/springframework/spring-jdbc/6.2.3/spring-jdbc-6.2.3.jar:/Users/mercelvubangsi/.m2/repository/org/hibernate/orm/hibernate-core/6.6.8.Final/hibernate-core-6.6.8.Final.jar:/Users/mercelvubangsi/.m2/repository/jakarta/persistence/jakarta.persistence-api/3.1.0/jakarta.persistence-api-3.1.0.jar:/Users/mercelvubangsi/.m2/repository/jakarta/transaction/jakarta.transaction-api/2.0.1/jakarta.transaction-api-2.0.1.jar:/Users/mercelvubangsi/.m2/repository/org/jboss/logging/jboss-logging/3.6.1.Final/jboss-logging-3.6.1.Final.jar:/Users/mercelvubangsi/.m2/repository/org/hibernate/common/hibernate-commons-annotations/7.0.3.Final/hibernate-commons-annotations-7.0.3.Final.jar:/Users/mercelvubangsi/.m2/repository/io/smallrye/jandex/3.2.0/jandex-3.2.0.jar:/Users/mercelvubangsi/.m2/repository/com/fasterxml/classmate/1.7.0/classmate-1.7.0.jar:/Users/mercelvubangsi/.m2/repository/net/bytebuddy/byte-buddy/1.15.11/byte-buddy-1.15.11.jar:/Users/mercelvubangsi/.m2/repository/org/glassfish/jaxb/jaxb-runtime/4.0.5/jaxb-runtime-4.0.5.jar:/Users/mercelvubangsi/.m2/repository/org/glassfish/jaxb/jaxb-core/4.0.5/jaxb-core-4.0.5.jar:/Users/mercelvubangsi/.m2/repository/org/eclipse/angus/angus-activation/2.0.2/angus-activation-2.0.2.jar:/Users/mercelvubangsi/.m2/repository/org/glassfish/jaxb/txw2/4.0.5/txw2-4.0.5.jar:/Users/mercelvubangsi/.m2/repository/com/sun/istack/istack-commons-runtime/4.1.2/istack-commons-runtime-4.1.2.jar:/Users/mercelvubangsi/.m2/repository/jakarta/inject/jakarta.inject-api/2.0.1/jakarta.inject-api-2.0.1.jar:/Users/mercelvubangsi/.m2/repository/org/antlr/antlr4-runtime/4.13.0/antlr4-runtime-4.13.0.jar:/Users/mercelvubangsi/.m2/repository/org/springframework/data/spring-data-jpa/3.4.3/spring-data-jpa-3.4.3.jar:/Users/mercelvubangsi/.m2/repository/org/springframework/data/spring-data-commons/3.4.3/spring-data-commons-3.4.3.jar:/Users/mercelvubangsi/.m2/repository/org/springframework/spring-orm/6.2.3/spring-orm-6.2.3.jar:/Users/mercelvubangsi/.m2/repository/org/springframework/spring-tx/6.2.3/spring-tx-6.2.3.jar:/Users/mercelvubangsi/.m2/repository/org/slf4j/slf4j-api/2.0.16/slf4j-api-2.0.16.jar:/Users/mercelvubangsi/.m2/repository/org/springframework/spring-aspects/6.2.3/spring-aspects-6.2.3.jar:/Users/mercelvubangsi/.m2/repository/org/aspectj/aspectjweaver/1.9.22.1/aspectjweaver-1.9.22.1.jar:/Users/mercelvubangsi/.m2/repository/com/mysql/mysql-connector-j/8.0.33/mysql-connector-j-8.0.33.jar:/Users/mercelvubangsi/.m2/repository/com/auth0/java-jwt/4.4.0/java-jwt-4.4.0.jar:/Users/mercelvubangsi/.m2/repository/com/fasterxml/jackson/core/jackson-databind/2.18.2/jackson-databind-2.18.2.jar:/Users/mercelvubangsi/.m2/repository/com/fasterxml/jackson/core/jackson-annotations/2.18.2/jackson-annotations-2.18.2.jar:/Users/mercelvubangsi/.m2/repository/com/fasterxml/jackson/core/jackson-core/2.18.2/jackson-core-2.18.2.jar:/Users/mercelvubangsi/.m2/repository/org/springframework/boot/spring-boot-starter-validation/3.4.3/spring-boot-starter-validation-3.4.3.jar:/Users/mercelvubangsi/.m2/repository/org/apache/tomcat/embed/tomcat-embed-el/10.1.36/tomcat-embed-el-10.1.36.jar:/Users/mercelvubangsi/.m2/repository/org/hibernate/validator/hibernate-validator/8.0.2.Final/hibernate-validator-8.0.2.Final.jar:/Users/mercelvubangsi/.m2/repository/jakarta/validation/jakarta.validation-api/3.0.2/jakarta.validation-api-3.0.2.jar:/Users/mercelvubangsi/.m2/repository/org/springdoc/springdoc-openapi-starter-webmvc-ui/2.6.0/springdoc-openapi-starter-webmvc-ui-2.6.0.jar:/Users/mercelvubangsi/.m2/repository/org/springdoc/springdoc-openapi-starter-webmvc-api/2.6.0/springdoc-openapi-starter-webmvc-api-2.6.0.jar:/Users/mercelvubangsi/.m2/repository/org/springdoc/springdoc-openapi-starter-common/2.6.0/springdoc-openapi-starter-common-2.6.0.jar:/Users/mercelvubangsi/.m2/repository/io/swagger/core/v3/swagger-core-jakarta/2.2.22/swagger-core-jakarta-2.2.22.jar:/Users/mercelvubangsi/.m2/repository/org/apache/commons/commons-lang3/3.17.0/commons-lang3-3.17.0.jar:/Users/mercelvubangsi/.m2/repository/io/swagger/core/v3/swagger-annotations-jakarta/2.2.22/swagger-annotations-jakarta-2.2.22.jar:/Users/mercelvubangsi/.m2/repository/io/swagger/core/v3/swagger-models-jakarta/2.2.22/swagger-models-jakarta-2.2.22.jar:/Users/mercelvubangsi/.m2/repository/com/fasterxml/jackson/dataformat/jackson-dataformat-yaml/2.18.2/jackson-dataformat-yaml-2.18.2.jar:/Users/mercelvubangsi/.m2/repository/org/webjars/swagger-ui/5.17.14/swagger-ui-5.17.14.jar:/Users/mercelvubangsi/.m2/repository/org/mindrot/jbcrypt/0.4/jbcrypt-0.4.jar:/Users/mercelvubangsi/.m2/repository/org/projectlombok/lombok/1.18.36/lombok-1.18.36.jar:/Users/mercelvubangsi/.m2/repository/org/springframework/boot/spring-boot-starter-test/3.4.3/spring-boot-starter-test-3.4.3.jar:/Users/mercelvubangsi/.m2/repository/org/springframework/boot/spring-boot-test/3.4.3/spring-boot-test-3.4.3.jar:/Users/mercelvubangsi/.m2/repository/org/springframework/boot/spring-boot-test-autoconfigure/3.4.3/spring-boot-test-autoconfigure-3.4.3.jar:/Users/mercelvubangsi/.m2/repository/com/jayway/jsonpath/json-path/2.9.0/json-path-2.9.0.jar:/Users/mercelvubangsi/.m2/repository/jakarta/xml/bind/jakarta.xml.bind-api/4.0.2/jakarta.xml.bind-api-4.0.2.jar:/Users/mercelvubangsi/.m2/repository/jakarta/activation/jakarta.activation-api/2.1.3/jakarta.activation-api-2.1.3.jar:/Users/mercelvubangsi/.m2/repository/net/minidev/json-smart/2.5.2/json-smart-2.5.2.jar:/Users/mercelvubangsi/.m2/repository/net/minidev/accessors-smart/2.5.2/accessors-smart-2.5.2.jar:/Users/mercelvubangsi/.m2/repository/org/ow2/asm/asm/9.7.1/asm-9.7.1.jar:/Users/mercelvubangsi/.m2/repository/org/assertj/assertj-core/3.26.3/assertj-core-3.26.3.jar:/Users/mercelvubangsi/.m2/repository/org/awaitility/awaitility/4.2.2/awaitility-4.2.2.jar:/Users/mercelvubangsi/.m2/repository/org/hamcrest/hamcrest/2.2/hamcrest-2.2.jar:/Users/mercelvubangsi/.m2/repository/org/junit/jupiter/junit-jupiter/5.11.4/junit-jupiter-5.11.4.jar:/Users/mercelvubangsi/.m2/repository/org/junit/jupiter/junit-jupiter-api/5.11.4/junit-jupiter-api-5.11.4.jar:/Users/mercelvubangsi/.m2/repository/org/opentest4j/opentest4j/1.3.0/opentest4j-1.3.0.jar:/Users/mercelvubangsi/.m2/repository/org/junit/platform/junit-platform-commons/1.11.4/junit-platform-commons-1.11.4.jar:/Users/mercelvubangsi/.m2/repository/org/apiguardian/apiguardian-api/1.1.2/apiguardian-api-1.1.2.jar:/Users/mercelvubangsi/.m2/repository/org/junit/jupiter/junit-jupiter-params/5.11.4/junit-jupiter-params-5.11.4.jar:/Users/mercelvubangsi/.m2/repository/org/junit/jupiter/junit-jupiter-engine/5.11.4/junit-jupiter-engine-5.11.4.jar:/Users/mercelvubangsi/.m2/repository/org/junit/platform/junit-platform-engine/1.11.4/junit-platform-engine-1.11.4.jar:/Users/mercelvubangsi/.m2/repository/org/mockito/mockito-core/5.14.2/mockito-core-5.14.2.jar:/Users/mercelvubangsi/.m2/repository/net/bytebuddy/byte-buddy-agent/1.15.11/byte-buddy-agent-1.15.11.jar:/Users/mercelvubangsi/.m2/repository/org/objenesis/objenesis/3.3/objenesis-3.3.jar:/Users/mercelvubangsi/.m2/repository/org/mockito/mockito-junit-jupiter/5.14.2/mockito-junit-jupiter-5.14.2.jar:/Users/mercelvubangsi/.m2/repository/org/skyscreamer/jsonassert/1.5.3/jsonassert-1.5.3.jar:/Users/mercelvubangsi/.m2/repository/com/vaadin/external/google/android-json/0.0.20131108.vaadin1/android-json-0.0.20131108.vaadin1.jar:/Users/mercelvubangsi/.m2/repository/org/springframework/spring-core/6.2.3/spring-core-6.2.3.jar:/Users/mercelvubangsi/.m2/repository/org/springframework/spring-jcl/6.2.3/spring-jcl-6.2.3.jar:/Users/mercelvubangsi/.m2/repository/org/springframework/spring-test/6.2.3/spring-test-6.2.3.jar:/Users/mercelvubangsi/.m2/repository/org/xmlunit/xmlunit-core/2.10.0/xmlunit-core-2.10.0.jar:, sun.cpu.endian=little, hibernate.cdi.extensions=true, user.home=/Users/mercelvubangsi, user.language=en, java.specification.vendor=Oracle Corporation, java.version.date=2024-10-15, java.home=/usr/local/Cellar/openjdk/23.0.1/libexec/openjdk.jdk/Contents/Home, file.separator=/, basedir=/Users/mercelvubangsi/Documents/MY DOCS/MIU/STUDIES/CS425 SWE/PROJECT/new/backend, java.vm.compressedOopsMode=Zero based, line.separator=
, hibernate.persistenceUnitName=default, java.vm.specification.vendor=Oracle Corporation, java.specification.name=Java Platform API Specification, FILE_LOG_CHARSET=UTF-8, hibernate.transaction.coordinator_class=class org.hibernate.resource.transaction.backend.jdbc.internal.JdbcResourceLocalTransactionCoordinatorBuilderImpl, java.awt.headless=true, apple.awt.application.name=ForkedBooter, surefire.real.class.path=/Users/mercelvubangsi/Documents/MY DOCS/MIU/STUDIES/CS425 SWE/PROJECT/new/backend/target/surefire/surefirebooter-20250315100551325_3.jar, jakarta.persistence.validation.mode=AUTO, hibernate.hbm2ddl.auto=create, sun.management.compiler=HotSpot 64-Bit Tiered Compilers, ftp.nonProxyHosts=local|*.local|169.254/16|*.169.254/16, java.runtime.version=23.0.1, user.name=mercelvubangsi, stdout.encoding=UTF-8, path.separator=:, os.version=13.7.2, java.runtime.name=OpenJDK Runtime Environment, file.encoding=UTF-8, java.vm.name=OpenJDK 64-Bit Server VM, hibernate.show_sql=true, java.vendor.version=Homebrew, localRepository=/Users/mercelvubangsi/.m2/repository, java.vendor.url.bug=https://github.com/Homebrew/homebrew-core/issues, java.io.tmpdir=/var/folders/cs/h8q220ps5nb4znyn5h36865m0000gn/T/, java.version=23.0.1, hibernate.physical_naming_strategy=org.hibernate.boot.model.naming.CamelCaseToUnderscoresNamingStrategy, user.dir=/Users/mercelvubangsi/Documents/MY DOCS/MIU/STUDIES/CS425 SWE/PROJECT/new/backend, os.arch=x86_64, java.vm.specification.name=Java Virtual Machine Specification, PID=37662, CONSOLE_LOG_CHARSET=UTF-8, hibernate.boot.CfgXmlAccessService.key=org.hibernate.boot.registry.StandardServiceRegistryBuilder$1@1b3bb287, native.encoding=UTF-8, java.library.path=/Users/mercelvubangsi/Library/Java/Extensions:/Library/Java/Extensions:/Network/Library/Java/Extensions:/System/Library/Java/Extensions:/usr/lib/java:., stderr.encoding=UTF-8, java.vendor=Homebrew, java.vm.info=mixed mode, sharing, java.vm.version=23.0.1, sun.io.unicode.encoding=UnicodeBig, hibernate.archive.scanner=org.hibernate.boot.archive.scan.internal.DisabledScanner, hibernate.connection.datasource=HikariDataSource (null), socksNonProxyHosts=local|*.local|169.254/16|*.169.254/16, java.class.version=67.0, LOGGED_APPLICATION_NAME=[flight-booking] }
2025-03-15T10:05:59.909-05:00 DEBUG 37662 --- [flight-booking] [           main] o.hibernate.internal.SessionFactoryImpl  : Session factory constructed with filter configurations : {}
2025-03-15T10:05:59.930-05:00 DEBUG 37662 --- [flight-booking] [           main] o.h.v.i.xml.config.ValidationXmlParser   : Trying to load META-INF/validation.xml for XML based Validator configuration.
2025-03-15T10:05:59.931-05:00 DEBUG 37662 --- [flight-booking] [           main] o.h.v.i.xml.config.ResourceLoaderHelper  : Trying to load META-INF/validation.xml via TCCL
2025-03-15T10:05:59.931-05:00 DEBUG 37662 --- [flight-booking] [           main] o.h.v.i.xml.config.ResourceLoaderHelper  : Trying to load META-INF/validation.xml via Hibernate Validator's class loader
2025-03-15T10:05:59.931-05:00 DEBUG 37662 --- [flight-booking] [           main] o.h.v.i.xml.config.ValidationXmlParser   : No META-INF/validation.xml found. Using annotation based configuration only.
2025-03-15T10:05:59.932-05:00 DEBUG 37662 --- [flight-booking] [           main] o.h.v.i.e.resolver.TraversableResolvers  : Found jakarta.persistence.Persistence on classpath containing 'getPersistenceUtil'. Assuming JPA 2 environment. Trying to instantiate JPA aware TraversableResolver
2025-03-15T10:05:59.932-05:00 DEBUG 37662 --- [flight-booking] [           main] o.h.v.i.e.resolver.TraversableResolvers  : Instantiated JPA aware TraversableResolver of type org.hibernate.validator.internal.engine.resolver.JPATraversableResolver.
2025-03-15T10:05:59.933-05:00 DEBUG 37662 --- [flight-booking] [           main] .h.v.m.ResourceBundleMessageInterpolator : Loaded expression factory via original TCCL
2025-03-15T10:05:59.936-05:00 DEBUG 37662 --- [flight-booking] [           main] .i.e.ValidatorFactoryConfigurationHelper : HV000252: Using org.hibernate.validator.internal.engine.DefaultPropertyNodeNameProvider as property node name provider.
2025-03-15T10:05:59.937-05:00 DEBUG 37662 --- [flight-booking] [           main] .i.e.ValidatorFactoryConfigurationHelper : HV000234: Using org.hibernate.validator.messageinterpolation.ResourceBundleMessageInterpolator as ValidatorFactory-scoped message interpolator.
2025-03-15T10:05:59.937-05:00 DEBUG 37662 --- [flight-booking] [           main] .i.e.ValidatorFactoryConfigurationHelper : HV000234: Using org.hibernate.validator.internal.engine.resolver.JPATraversableResolver as ValidatorFactory-scoped traversable resolver.
2025-03-15T10:05:59.937-05:00 DEBUG 37662 --- [flight-booking] [           main] .i.e.ValidatorFactoryConfigurationHelper : HV000234: Using org.hibernate.validator.internal.util.ExecutableParameterNameProvider as ValidatorFactory-scoped parameter name provider.
2025-03-15T10:05:59.937-05:00 DEBUG 37662 --- [flight-booking] [           main] .i.e.ValidatorFactoryConfigurationHelper : HV000234: Using org.hibernate.validator.internal.engine.DefaultClockProvider as ValidatorFactory-scoped clock provider.
2025-03-15T10:05:59.937-05:00 DEBUG 37662 --- [flight-booking] [           main] .i.e.ValidatorFactoryConfigurationHelper : HV000234: Using org.hibernate.validator.internal.engine.scripting.DefaultScriptEvaluatorFactory as ValidatorFactory-scoped script evaluator factory.
2025-03-15T10:05:59.949-05:00 DEBUG 37662 --- [flight-booking] [           main] o.h.boot.internal.ClassLoaderAccessImpl  : Not known whether passed class name [edu.miu.cs.cs425.backend.domain.entity.Flight] is safe
2025-03-15T10:05:59.949-05:00 DEBUG 37662 --- [flight-booking] [           main] o.h.boot.internal.ClassLoaderAccessImpl  : No temp ClassLoader provided; using live ClassLoader for loading potentially unsafe class : edu.miu.cs.cs425.backend.domain.entity.Flight
2025-03-15T10:06:00.059-05:00 DEBUG 37662 --- [flight-booking] [           main] o.h.boot.internal.ClassLoaderAccessImpl  : Not known whether passed class name [edu.miu.cs.cs425.backend.domain.entity.Airline] is safe
2025-03-15T10:06:00.059-05:00 DEBUG 37662 --- [flight-booking] [           main] o.h.boot.internal.ClassLoaderAccessImpl  : No temp ClassLoader provided; using live ClassLoader for loading potentially unsafe class : edu.miu.cs.cs425.backend.domain.entity.Airline
2025-03-15T10:06:00.074-05:00 DEBUG 37662 --- [flight-booking] [           main] o.h.boot.internal.ClassLoaderAccessImpl  : Not known whether passed class name [edu.miu.cs.cs425.backend.domain.entity.FlightLeg] is safe
2025-03-15T10:06:00.074-05:00 DEBUG 37662 --- [flight-booking] [           main] o.h.boot.internal.ClassLoaderAccessImpl  : No temp ClassLoader provided; using live ClassLoader for loading potentially unsafe class : edu.miu.cs.cs425.backend.domain.entity.FlightLeg
2025-03-15T10:06:00.086-05:00 DEBUG 37662 --- [flight-booking] [           main] o.h.boot.internal.ClassLoaderAccessImpl  : Not known whether passed class name [edu.miu.cs.cs425.backend.domain.entity.Airport] is safe
2025-03-15T10:06:00.087-05:00 DEBUG 37662 --- [flight-booking] [           main] o.h.boot.internal.ClassLoaderAccessImpl  : No temp ClassLoader provided; using live ClassLoader for loading potentially unsafe class : edu.miu.cs.cs425.backend.domain.entity.Airport
2025-03-15T10:06:00.133-05:00 DEBUG 37662 --- [flight-booking] [           main] o.h.boot.internal.ClassLoaderAccessImpl  : Not known whether passed class name [edu.miu.cs.cs425.backend.domain.entity.Booking] is safe
2025-03-15T10:06:00.134-05:00 DEBUG 37662 --- [flight-booking] [           main] o.h.boot.internal.ClassLoaderAccessImpl  : No temp ClassLoader provided; using live ClassLoader for loading potentially unsafe class : edu.miu.cs.cs425.backend.domain.entity.Booking
2025-03-15T10:06:00.178-05:00 DEBUG 37662 --- [flight-booking] [           main] o.h.boot.internal.ClassLoaderAccessImpl  : Not known whether passed class name [edu.miu.cs.cs425.backend.domain.entity.User] is safe
2025-03-15T10:06:00.178-05:00 DEBUG 37662 --- [flight-booking] [           main] o.h.boot.internal.ClassLoaderAccessImpl  : No temp ClassLoader provided; using live ClassLoader for loading potentially unsafe class : edu.miu.cs.cs425.backend.domain.entity.User
2025-03-15T10:06:00.187-05:00 DEBUG 37662 --- [flight-booking] [           main] .h.s.i.SessionFactoryServiceRegistryImpl : EventListenerRegistry access via ServiceRegistry is deprecated.  Use `sessionFactory.getEventEngine().getListenerRegistry()` instead
2025-03-15T10:06:00.431-05:00 DEBUG 37662 --- [flight-booking] [           main] o.h.q.sqm.function.SqmFunctionRegistry   : Registered SqmFunctionTemplate [NamedSqmFunctionTemplate(max)] under max; prior registration was null
2025-03-15T10:06:00.432-05:00 DEBUG 37662 --- [flight-booking] [           main] o.h.q.sqm.function.SqmFunctionRegistry   : Registered SqmFunctionTemplate [NamedSqmFunctionTemplate(min)] under min; prior registration was null
2025-03-15T10:06:00.434-05:00 DEBUG 37662 --- [flight-booking] [           main] o.h.q.sqm.function.SqmFunctionRegistry   : Registered SqmFunctionTemplate [NamedSqmFunctionTemplate(sum)] under sum; prior registration was null
2025-03-15T10:06:00.437-05:00 DEBUG 37662 --- [flight-booking] [           main] o.h.q.sqm.function.SqmFunctionRegistry   : Registered SqmFunctionTemplate [NamedSqmFunctionTemplate(avg)] under avg; prior registration was null
2025-03-15T10:06:00.440-05:00 DEBUG 37662 --- [flight-booking] [           main] o.h.q.sqm.function.SqmFunctionRegistry   : Registered SqmFunctionTemplate [org.hibernate.dialect.function.CountFunction@679f59f1] under count; prior registration was null
2025-03-15T10:06:00.443-05:00 DEBUG 37662 --- [flight-booking] [           main] o.h.q.sqm.function.SqmFunctionRegistry   : Registered SqmFunctionTemplate [org.hibernate.dialect.function.EveryAnyEmulation@55a055cc] under every; prior registration was null
2025-03-15T10:06:00.444-05:00 DEBUG 37662 --- [flight-booking] [           main] o.h.q.sqm.function.SqmFunctionRegistry   : Registered SqmFunctionTemplate [org.hibernate.dialect.function.EveryAnyEmulation@1ab1d93d] under any; prior registration was null
2025-03-15T10:06:00.446-05:00 DEBUG 37662 --- [flight-booking] [           main] o.h.q.sqm.function.SqmFunctionRegistry   : Registered SqmFunctionTemplate [NamedSqmFunctionTemplate(floor)] under floor; prior registration was null
2025-03-15T10:06:00.446-05:00 DEBUG 37662 --- [flight-booking] [           main] o.h.q.sqm.function.SqmFunctionRegistry   : Registered SqmFunctionTemplate [NamedSqmFunctionTemplate(ceiling)] under ceiling; prior registration was null
2025-03-15T10:06:00.446-05:00 DEBUG 37662 --- [flight-booking] [           main] o.h.q.sqm.function.SqmFunctionRegistry   : Registered SqmFunctionTemplate [NamedSqmFunctionTemplate(mod)] under mod; prior registration was null
2025-03-15T10:06:00.446-05:00 DEBUG 37662 --- [flight-booking] [           main] o.h.q.sqm.function.SqmFunctionRegistry   : Registered SqmFunctionTemplate [NamedSqmFunctionTemplate(abs)] under abs; prior registration was null
2025-03-15T10:06:00.447-05:00 DEBUG 37662 --- [flight-booking] [           main] o.h.q.sqm.function.SqmFunctionRegistry   : Registered SqmFunctionTemplate [NamedSqmFunctionTemplate(sign)] under sign; prior registration was null
2025-03-15T10:06:00.447-05:00 DEBUG 37662 --- [flight-booking] [           main] o.h.q.sqm.function.SqmFunctionRegistry   : Registered SqmFunctionTemplate [NamedSqmFunctionTemplate(sqrt)] under sqrt; prior registration was null
2025-03-15T10:06:00.447-05:00 DEBUG 37662 --- [flight-booking] [           main] o.h.q.sqm.function.SqmFunctionRegistry   : Registered SqmFunctionTemplate [NamedSqmFunctionTemplate(ln)] under ln; prior registration was null
2025-03-15T10:06:00.447-05:00 DEBUG 37662 --- [flight-booking] [           main] o.h.q.sqm.function.SqmFunctionRegistry   : Registered SqmFunctionTemplate [NamedSqmFunctionTemplate(exp)] under exp; prior registration was null
2025-03-15T10:06:00.447-05:00 DEBUG 37662 --- [flight-booking] [           main] o.h.q.sqm.function.SqmFunctionRegistry   : Registered SqmFunctionTemplate [NamedSqmFunctionTemplate(power)] under power; prior registration was null
2025-03-15T10:06:00.448-05:00 DEBUG 37662 --- [flight-booking] [           main] o.h.q.sqm.function.SqmFunctionRegistry   : Registered SqmFunctionTemplate [NamedSqmFunctionTemplate(round)] under round; prior registration was null
2025-03-15T10:06:00.448-05:00 DEBUG 37662 --- [flight-booking] [           main] o.h.q.sqm.function.SqmFunctionRegistry   : Registered SqmFunctionTemplate [NamedSqmFunctionTemplate(sin)] under sin; prior registration was null
2025-03-15T10:06:00.448-05:00 DEBUG 37662 --- [flight-booking] [           main] o.h.q.sqm.function.SqmFunctionRegistry   : Registered SqmFunctionTemplate [NamedSqmFunctionTemplate(cos)] under cos; prior registration was null
2025-03-15T10:06:00.448-05:00 DEBUG 37662 --- [flight-booking] [           main] o.h.q.sqm.function.SqmFunctionRegistry   : Registered SqmFunctionTemplate [NamedSqmFunctionTemplate(tan)] under tan; prior registration was null
2025-03-15T10:06:00.448-05:00 DEBUG 37662 --- [flight-booking] [           main] o.h.q.sqm.function.SqmFunctionRegistry   : Registered SqmFunctionTemplate [NamedSqmFunctionTemplate(asin)] under asin; prior registration was null
2025-03-15T10:06:00.448-05:00 DEBUG 37662 --- [flight-booking] [           main] o.h.q.sqm.function.SqmFunctionRegistry   : Registered SqmFunctionTemplate [NamedSqmFunctionTemplate(acos)] under acos; prior registration was null
2025-03-15T10:06:00.449-05:00 DEBUG 37662 --- [flight-booking] [           main] o.h.q.sqm.function.SqmFunctionRegistry   : Registered SqmFunctionTemplate [NamedSqmFunctionTemplate(atan)] under atan; prior registration was null
2025-03-15T10:06:00.449-05:00 DEBUG 37662 --- [flight-booking] [           main] o.h.q.sqm.function.SqmFunctionRegistry   : Registered SqmFunctionTemplate [NamedSqmFunctionTemplate(atan2)] under atan2; prior registration was null
2025-03-15T10:06:00.453-05:00 DEBUG 37662 --- [flight-booking] [           main] o.h.q.sqm.function.SqmFunctionRegistry   : Registered SqmFunctionTemplate [org.hibernate.query.sqm.function.PatternBasedSqmFunctionDescriptor@6b103db7] under sinh; prior registration was null
2025-03-15T10:06:00.453-05:00 DEBUG 37662 --- [flight-booking] [           main] o.h.q.sqm.function.SqmFunctionRegistry   : Registered SqmFunctionTemplate [org.hibernate.query.sqm.function.PatternBasedSqmFunctionDescriptor@b3042ed] under cosh; prior registration was null
2025-03-15T10:06:00.454-05:00 DEBUG 37662 --- [flight-booking] [           main] o.h.q.sqm.function.SqmFunctionRegistry   : Registered SqmFunctionTemplate [org.hibernate.query.sqm.function.PatternBasedSqmFunctionDescriptor@1f12d5e0] under tanh; prior registration was null
2025-03-15T10:06:00.454-05:00 DEBUG 37662 --- [flight-booking] [           main] o.h.q.sqm.function.SqmFunctionRegistry   : Registered SqmFunctionTemplate [org.hibernate.query.sqm.function.PatternBasedSqmFunctionDescriptor@6604f246] under pi; prior registration was null
2025-03-15T10:06:00.454-05:00 DEBUG 37662 --- [flight-booking] [           main] o.h.q.sqm.function.SqmFunctionRegistry   : Registered SqmFunctionTemplate [org.hibernate.query.sqm.function.PatternBasedSqmFunctionDescriptor@c1386b4] under log; prior registration was null
2025-03-15T10:06:00.455-05:00 DEBUG 37662 --- [flight-booking] [           main] o.h.q.sqm.function.SqmFunctionRegistry   : Registered SqmFunctionTemplate [NamedSqmFunctionTemplate(coalesce)] under coalesce; prior registration was null
2025-03-15T10:06:00.455-05:00 DEBUG 37662 --- [flight-booking] [           main] o.h.q.sqm.function.SqmFunctionRegistry   : Registered SqmFunctionTemplate [NamedSqmFunctionTemplate(nullif)] under nullif; prior registration was null
2025-03-15T10:06:00.457-05:00 DEBUG 37662 --- [flight-booking] [           main] o.h.q.sqm.function.SqmFunctionRegistry   : Registered SqmFunctionTemplate [NamedSqmFunctionTemplate(left)] under left; prior registration was null
2025-03-15T10:06:00.458-05:00 DEBUG 37662 --- [flight-booking] [           main] o.h.q.sqm.function.SqmFunctionRegistry   : Registered SqmFunctionTemplate [NamedSqmFunctionTemplate(right)] under right; prior registration was null
2025-03-15T10:06:00.459-05:00 DEBUG 37662 --- [flight-booking] [           main] o.h.q.sqm.function.SqmFunctionRegistry   : Registered SqmFunctionTemplate [NamedSqmFunctionTemplate(replace)] under replace; prior registration was null
2025-03-15T10:06:00.461-05:00 DEBUG 37662 --- [flight-booking] [           main] o.h.q.sqm.function.SqmFunctionRegistry   : Registered SqmFunctionTemplate [NamedSqmFunctionTemplate(concat)] under concat; prior registration was null
2025-03-15T10:06:00.461-05:00 DEBUG 37662 --- [flight-booking] [           main] o.h.q.sqm.function.SqmFunctionRegistry   : Registered SqmFunctionTemplate [NamedSqmFunctionTemplate(lower)] under lower; prior registration was null
2025-03-15T10:06:00.461-05:00 DEBUG 37662 --- [flight-booking] [           main] o.h.q.sqm.function.SqmFunctionRegistry   : Registered SqmFunctionTemplate [NamedSqmFunctionTemplate(upper)] under upper; prior registration was null
2025-03-15T10:06:00.462-05:00 DEBUG 37662 --- [flight-booking] [           main] o.h.q.sqm.function.SqmFunctionRegistry   : Registered SqmFunctionTemplate [NamedSqmFunctionTemplate(substring)] under substring; prior registration was null
2025-03-15T10:06:00.462-05:00 DEBUG 37662 --- [flight-booking] [           main] o.h.q.sqm.function.SqmFunctionRegistry   : Registered SqmFunctionTemplate [NamedSqmFunctionTemplate(locate)] under locate; prior registration was null
2025-03-15T10:06:00.462-05:00 DEBUG 37662 --- [flight-booking] [           main] o.h.q.sqm.function.SqmFunctionRegistry   : Registered SqmFunctionTemplate [NamedSqmFunctionTemplate(character_length)] under character_length; prior registration was null
2025-03-15T10:06:00.462-05:00 DEBUG 37662 --- [flight-booking] [           main] o.h.q.sqm.function.SqmFunctionRegistry   : Registering alternate key : length -> character_length
2025-03-15T10:06:00.464-05:00 DEBUG 37662 --- [flight-booking] [           main] o.h.q.sqm.function.SqmFunctionRegistry   : Registered SqmFunctionTemplate [org.hibernate.dialect.function.LocatePositionEmulation@5f0ca069] under position; prior registration was null
2025-03-15T10:06:00.469-05:00 DEBUG 37662 --- [flight-booking] [           main] o.h.q.sqm.function.SqmFunctionRegistry   : Registered SqmFunctionTemplate [org.hibernate.dialect.function.InsertSubstringOverlayEmulation@434ee422] under overlay; prior registration was null
2025-03-15T10:06:00.471-05:00 DEBUG 37662 --- [flight-booking] [           main] o.h.q.sqm.function.SqmFunctionRegistry   : Registered SqmFunctionTemplate [org.hibernate.dialect.function.TrimFunction@1d008e61] under trim; prior registration was null
2025-03-15T10:06:00.477-05:00 DEBUG 37662 --- [flight-booking] [           main] o.h.q.sqm.function.SqmFunctionRegistry   : Registered SqmFunctionTemplate [org.hibernate.dialect.function.CastFunction@72d0196d] under cast; prior registration was null
2025-03-15T10:06:00.478-05:00 DEBUG 37662 --- [flight-booking] [           main] o.h.q.sqm.function.SqmFunctionRegistry   : Registered SqmFunctionTemplate [org.hibernate.query.sqm.function.PatternBasedSqmFunctionDescriptor@77cf329d] under collate; prior registration was null
2025-03-15T10:06:00.479-05:00 DEBUG 37662 --- [flight-booking] [           main] o.h.q.sqm.function.SqmFunctionRegistry   : Registered SqmFunctionTemplate [org.hibernate.dialect.function.ExtractFunction@47d81427] under extract; prior registration was null
2025-03-15T10:06:00.480-05:00 DEBUG 37662 --- [flight-booking] [           main] o.h.q.sqm.function.SqmFunctionRegistry   : Registered SqmFunctionTemplate [NamedSqmFunctionTemplate(least)] under least; prior registration was null
2025-03-15T10:06:00.480-05:00 DEBUG 37662 --- [flight-booking] [           main] o.h.q.sqm.function.SqmFunctionRegistry   : Registered SqmFunctionTemplate [NamedSqmFunctionTemplate(greatest)] under greatest; prior registration was null
2025-03-15T10:06:00.480-05:00 DEBUG 37662 --- [flight-booking] [           main] o.h.q.sqm.function.SqmFunctionRegistry   : Registered SqmFunctionTemplate [org.hibernate.dialect.function.CoalesceIfnullEmulation@21bf308] under ifnull; prior registration was null
2025-03-15T10:06:00.480-05:00 DEBUG 37662 --- [flight-booking] [           main] o.h.q.sqm.function.SqmFunctionRegistry   : Registered SqmFunctionTemplate [NamedSqmFunctionTemplate(lpad)] under lpad; prior registration was null
2025-03-15T10:06:00.480-05:00 DEBUG 37662 --- [flight-booking] [           main] o.h.q.sqm.function.SqmFunctionRegistry   : Registered SqmFunctionTemplate [NamedSqmFunctionTemplate(rpad)] under rpad; prior registration was null
2025-03-15T10:06:00.481-05:00 DEBUG 37662 --- [flight-booking] [           main] o.h.q.sqm.function.SqmFunctionRegistry   : Registered SqmFunctionTemplate [org.hibernate.dialect.function.LpadRpadPadEmulation@67c2b55d] under pad; prior registration was null
2025-03-15T10:06:00.482-05:00 DEBUG 37662 --- [flight-booking] [           main] o.h.q.sqm.function.SqmFunctionRegistry   : Registered SqmFunctionTemplate [org.hibernate.dialect.function.CastStrEmulation@43df1377] under str; prior registration was null
2025-03-15T10:06:00.488-05:00 DEBUG 37662 --- [flight-booking] [           main] o.h.q.sqm.function.SqmFunctionRegistry   : Registered SqmFunctionTemplate [org.hibernate.dialect.function.FormatFunction@798b36fd] under format; prior registration was null
2025-03-15T10:06:00.490-05:00 DEBUG 37662 --- [flight-booking] [           main] o.h.q.sqm.function.SqmFunctionRegistry   : Registered SqmFunctionTemplate [org.hibernate.dialect.function.TimestampaddFunction@434a8938] under timestampadd; prior registration was null
2025-03-15T10:06:00.492-05:00 DEBUG 37662 --- [flight-booking] [           main] o.h.q.sqm.function.SqmFunctionRegistry   : Registered SqmFunctionTemplate [org.hibernate.dialect.function.TimestampdiffFunction@3b8b5b40] under timestampdiff; prior registration was null
2025-03-15T10:06:00.492-05:00 DEBUG 37662 --- [flight-booking] [           main] o.h.q.sqm.function.SqmFunctionRegistry   : Registering alternate key : dateadd -> timestampadd
2025-03-15T10:06:00.493-05:00 DEBUG 37662 --- [flight-booking] [           main] o.h.q.sqm.function.SqmFunctionRegistry   : Registering alternate key : datediff -> timestampdiff
2025-03-15T10:06:00.495-05:00 DEBUG 37662 --- [flight-booking] [           main] o.h.q.sqm.function.SqmFunctionRegistry   : Registered SqmFunctionTemplate [org.hibernate.dialect.function.CurrentFunction@1de6dc80] under current_date; prior registration was null
2025-03-15T10:06:00.495-05:00 DEBUG 37662 --- [flight-booking] [           main] o.h.q.sqm.function.SqmFunctionRegistry   : Registered SqmFunctionTemplate [org.hibernate.dialect.function.CurrentFunction@418d1c03] under current_time; prior registration was null
2025-03-15T10:06:00.495-05:00 DEBUG 37662 --- [flight-booking] [           main] o.h.q.sqm.function.SqmFunctionRegistry   : Registered SqmFunctionTemplate [org.hibernate.dialect.function.CurrentFunction@395197cb] under current_timestamp; prior registration was null
2025-03-15T10:06:00.496-05:00 DEBUG 37662 --- [flight-booking] [           main] o.h.q.sqm.function.SqmFunctionRegistry   : Registering alternate key : current date -> current_date
2025-03-15T10:06:00.496-05:00 DEBUG 37662 --- [flight-booking] [           main] o.h.q.sqm.function.SqmFunctionRegistry   : Registering alternate key : current time -> current_time
2025-03-15T10:06:00.496-05:00 DEBUG 37662 --- [flight-booking] [           main] o.h.q.sqm.function.SqmFunctionRegistry   : Registering alternate key : current timestamp -> current_timestamp
2025-03-15T10:06:00.496-05:00 DEBUG 37662 --- [flight-booking] [           main] o.h.q.sqm.function.SqmFunctionRegistry   : Registered SqmFunctionTemplate [org.hibernate.dialect.function.CurrentFunction@7305cfb1] under local_date; prior registration was null
2025-03-15T10:06:00.496-05:00 DEBUG 37662 --- [flight-booking] [           main] o.h.q.sqm.function.SqmFunctionRegistry   : Registered SqmFunctionTemplate [org.hibernate.dialect.function.CurrentFunction@582c1f8d] under local_time; prior registration was null
2025-03-15T10:06:00.496-05:00 DEBUG 37662 --- [flight-booking] [           main] o.h.q.sqm.function.SqmFunctionRegistry   : Registered SqmFunctionTemplate [org.hibernate.dialect.function.CurrentFunction@71687d8f] under local_datetime; prior registration was null
2025-03-15T10:06:00.496-05:00 DEBUG 37662 --- [flight-booking] [           main] o.h.q.sqm.function.SqmFunctionRegistry   : Registered SqmFunctionTemplate [org.hibernate.dialect.function.CurrentFunction@443253a6] under offset_datetime; prior registration was null
2025-03-15T10:06:00.496-05:00 DEBUG 37662 --- [flight-booking] [           main] o.h.q.sqm.function.SqmFunctionRegistry   : Registering alternate key : local date -> local_date
2025-03-15T10:06:00.496-05:00 DEBUG 37662 --- [flight-booking] [           main] o.h.q.sqm.function.SqmFunctionRegistry   : Registering alternate key : local time -> local_time
2025-03-15T10:06:00.496-05:00 DEBUG 37662 --- [flight-booking] [           main] o.h.q.sqm.function.SqmFunctionRegistry   : Registering alternate key : local datetime -> local_datetime
2025-03-15T10:06:00.496-05:00 DEBUG 37662 --- [flight-booking] [           main] o.h.q.sqm.function.SqmFunctionRegistry   : Registering alternate key : offset datetime -> offset_datetime
2025-03-15T10:06:00.496-05:00 DEBUG 37662 --- [flight-booking] [           main] o.h.q.sqm.function.SqmFunctionRegistry   : Registered SqmFunctionTemplate [org.hibernate.dialect.function.CurrentFunction@191774d6] under instant; prior registration was null
2025-03-15T10:06:00.496-05:00 DEBUG 37662 --- [flight-booking] [           main] o.h.q.sqm.function.SqmFunctionRegistry   : Registering alternate key : current_instant -> instant
2025-03-15T10:06:00.498-05:00 DEBUG 37662 --- [flight-booking] [           main] o.h.q.sqm.function.SqmFunctionRegistry   : Registered SqmFunctionTemplate [org.hibernate.dialect.function.SqlFunction@6723e6b3] under sql; prior registration was null
2025-03-15T10:06:00.498-05:00 DEBUG 37662 --- [flight-booking] [           main] o.h.q.sqm.function.SqmFunctionRegistry   : Registered SqmFunctionTemplate [NamedSqmFunctionTemplate(soundex)] under soundex; prior registration was null
2025-03-15T10:06:00.498-05:00 DEBUG 37662 --- [flight-booking] [           main] o.h.q.sqm.function.SqmFunctionRegistry   : Registered SqmFunctionTemplate [NamedSqmFunctionTemplate(radians)] under radians; prior registration was null
2025-03-15T10:06:00.498-05:00 DEBUG 37662 --- [flight-booking] [           main] o.h.q.sqm.function.SqmFunctionRegistry   : Registered SqmFunctionTemplate [NamedSqmFunctionTemplate(degrees)] under degrees; prior registration was null
2025-03-15T10:06:00.498-05:00 DEBUG 37662 --- [flight-booking] [           main] o.h.q.sqm.function.SqmFunctionRegistry   : Registered SqmFunctionTemplate [NamedSqmFunctionTemplate(cot)] under cot; prior registration was null
2025-03-15T10:06:00.498-05:00 DEBUG 37662 --- [flight-booking] [           main] o.h.q.sqm.function.SqmFunctionRegistry   : Registered SqmFunctionTemplate [NamedSqmFunctionTemplate(log)] under log; prior registration was org.hibernate.query.sqm.function.PatternBasedSqmFunctionDescriptor@c1386b4
2025-03-15T10:06:00.498-05:00 DEBUG 37662 --- [flight-booking] [           main] o.h.q.sqm.function.SqmFunctionRegistry   : Registered SqmFunctionTemplate [NamedSqmFunctionTemplate(log2)] under log2; prior registration was null
2025-03-15T10:06:00.498-05:00 DEBUG 37662 --- [flight-booking] [           main] o.h.q.sqm.function.SqmFunctionRegistry   : Registered SqmFunctionTemplate [NamedSqmFunctionTemplate(log10)] under log10; prior registration was null
2025-03-15T10:06:00.498-05:00 DEBUG 37662 --- [flight-booking] [           main] o.h.q.sqm.function.SqmFunctionRegistry   : Registered SqmFunctionTemplate [NamedSqmFunctionTemplate(ltrim)] under ltrim; prior registration was null
2025-03-15T10:06:00.498-05:00 DEBUG 37662 --- [flight-booking] [           main] o.h.q.sqm.function.SqmFunctionRegistry   : Registered SqmFunctionTemplate [NamedSqmFunctionTemplate(rtrim)] under rtrim; prior registration was null
2025-03-15T10:06:00.498-05:00 DEBUG 37662 --- [flight-booking] [           main] o.h.q.sqm.function.SqmFunctionRegistry   : Registered SqmFunctionTemplate [NamedSqmFunctionTemplate(octet_length)] under octet_length; prior registration was null
2025-03-15T10:06:00.498-05:00 DEBUG 37662 --- [flight-booking] [           main] o.h.q.sqm.function.SqmFunctionRegistry   : Registered SqmFunctionTemplate [NamedSqmFunctionTemplate(reverse)] under reverse; prior registration was null
2025-03-15T10:06:00.498-05:00 DEBUG 37662 --- [flight-booking] [           main] o.h.q.sqm.function.SqmFunctionRegistry   : Registered SqmFunctionTemplate [NamedSqmFunctionTemplate(space)] under space; prior registration was null
2025-03-15T10:06:00.498-05:00 DEBUG 37662 --- [flight-booking] [           main] o.h.q.sqm.function.SqmFunctionRegistry   : Registered SqmFunctionTemplate [NamedSqmFunctionTemplate(repeat)] under repeat; prior registration was null
2025-03-15T10:06:00.499-05:00 DEBUG 37662 --- [flight-booking] [           main] o.h.q.sqm.function.SqmFunctionRegistry   : Registered SqmFunctionTemplate [org.hibernate.query.sqm.function.MultipatternSqmFunctionDescriptor@58f97013] under lpad; prior registration was NamedSqmFunctionTemplate(lpad)
2025-03-15T10:06:00.499-05:00 DEBUG 37662 --- [flight-booking] [           main] o.h.q.sqm.function.SqmFunctionRegistry   : Registered SqmFunctionTemplate [org.hibernate.query.sqm.function.MultipatternSqmFunctionDescriptor@7d70ba18] under rpad; prior registration was NamedSqmFunctionTemplate(rpad)
2025-03-15T10:06:00.499-05:00 DEBUG 37662 --- [flight-booking] [           main] o.h.q.sqm.function.SqmFunctionRegistry   : Registered SqmFunctionTemplate [NamedSqmFunctionTemplate(md5)] under md5; prior registration was null
2025-03-15T10:06:00.499-05:00 DEBUG 37662 --- [flight-booking] [           main] o.h.q.sqm.function.SqmFunctionRegistry   : Registered SqmFunctionTemplate [NamedSqmFunctionTemplate(day)] under day; prior registration was null
2025-03-15T10:06:00.499-05:00 DEBUG 37662 --- [flight-booking] [           main] o.h.q.sqm.function.SqmFunctionRegistry   : Registered SqmFunctionTemplate [NamedSqmFunctionTemplate(month)] under month; prior registration was null
2025-03-15T10:06:00.499-05:00 DEBUG 37662 --- [flight-booking] [           main] o.h.q.sqm.function.SqmFunctionRegistry   : Registered SqmFunctionTemplate [NamedSqmFunctionTemplate(year)] under year; prior registration was null
2025-03-15T10:06:00.500-05:00 DEBUG 37662 --- [flight-booking] [           main] o.h.q.sqm.function.SqmFunctionRegistry   : Registered SqmFunctionTemplate [NamedSqmFunctionTemplate(hour)] under hour; prior registration was null
2025-03-15T10:06:00.500-05:00 DEBUG 37662 --- [flight-booking] [           main] o.h.q.sqm.function.SqmFunctionRegistry   : Registered SqmFunctionTemplate [NamedSqmFunctionTemplate(minute)] under minute; prior registration was null
2025-03-15T10:06:00.500-05:00 DEBUG 37662 --- [flight-booking] [           main] o.h.q.sqm.function.SqmFunctionRegistry   : Registered SqmFunctionTemplate [NamedSqmFunctionTemplate(second)] under second; prior registration was null
2025-03-15T10:06:00.500-05:00 DEBUG 37662 --- [flight-booking] [           main] o.h.q.sqm.function.SqmFunctionRegistry   : Registered SqmFunctionTemplate [NamedSqmFunctionTemplate(microsecond)] under microsecond; prior registration was null
2025-03-15T10:06:00.500-05:00 DEBUG 37662 --- [flight-booking] [           main] o.h.q.sqm.function.SqmFunctionRegistry   : Registered SqmFunctionTemplate [NamedSqmFunctionTemplate(dayofweek)] under dayofweek; prior registration was null
2025-03-15T10:06:00.500-05:00 DEBUG 37662 --- [flight-booking] [           main] o.h.q.sqm.function.SqmFunctionRegistry   : Registered SqmFunctionTemplate [NamedSqmFunctionTemplate(dayofmonth)] under dayofmonth; prior registration was null
2025-03-15T10:06:00.500-05:00 DEBUG 37662 --- [flight-booking] [           main] o.h.q.sqm.function.SqmFunctionRegistry   : Registering alternate key : day -> dayofmonth
2025-03-15T10:06:00.500-05:00 DEBUG 37662 --- [flight-booking] [           main] o.h.q.sqm.function.SqmFunctionRegistry   : Registered SqmFunctionTemplate [NamedSqmFunctionTemplate(dayofyear)] under dayofyear; prior registration was null
2025-03-15T10:06:00.500-05:00 DEBUG 37662 --- [flight-booking] [           main] o.h.q.sqm.function.SqmFunctionRegistry   : Registered SqmFunctionTemplate [NamedSqmFunctionTemplate(week)] under week; prior registration was null
2025-03-15T10:06:00.500-05:00 DEBUG 37662 --- [flight-booking] [           main] o.h.q.sqm.function.SqmFunctionRegistry   : Registered SqmFunctionTemplate [NamedSqmFunctionTemplate(quarter)] under quarter; prior registration was null
2025-03-15T10:06:00.500-05:00 DEBUG 37662 --- [flight-booking] [           main] o.h.q.sqm.function.SqmFunctionRegistry   : Registered SqmFunctionTemplate [NamedSqmFunctionTemplate(monthname)] under monthname; prior registration was null
2025-03-15T10:06:00.500-05:00 DEBUG 37662 --- [flight-booking] [           main] o.h.q.sqm.function.SqmFunctionRegistry   : Registered SqmFunctionTemplate [NamedSqmFunctionTemplate(dayname)] under dayname; prior registration was null
2025-03-15T10:06:00.500-05:00 DEBUG 37662 --- [flight-booking] [           main] o.h.q.sqm.function.SqmFunctionRegistry   : Registered SqmFunctionTemplate [NamedSqmFunctionTemplate(last_day)] under last_day; prior registration was null
2025-03-15T10:06:00.501-05:00 DEBUG 37662 --- [flight-booking] [           main] o.h.q.sqm.function.SqmFunctionRegistry   : Registered SqmFunctionTemplate [NamedSqmFunctionTemplate(date)] under date; prior registration was null
2025-03-15T10:06:00.501-05:00 DEBUG 37662 --- [flight-booking] [           main] o.h.q.sqm.function.SqmFunctionRegistry   : Registered SqmFunctionTemplate [NamedSqmFunctionTemplate(timestamp)] under timestamp; prior registration was null
2025-03-15T10:06:00.501-05:00 DEBUG 37662 --- [flight-booking] [           main] o.h.q.sqm.function.SqmFunctionRegistry   : Registered SqmFunctionTemplate [NamedSqmFunctionTemplate(time)] under time; prior registration was null
2025-03-15T10:06:00.501-05:00 DEBUG 37662 --- [flight-booking] [           main] o.h.q.sqm.function.SqmFunctionRegistry   : Registered SqmFunctionTemplate [NamedSqmFunctionTemplate(utc_date)] under utc_date; prior registration was null
2025-03-15T10:06:00.501-05:00 DEBUG 37662 --- [flight-booking] [           main] o.h.q.sqm.function.SqmFunctionRegistry   : Registered SqmFunctionTemplate [NamedSqmFunctionTemplate(utc_time)] under utc_time; prior registration was null
2025-03-15T10:06:00.502-05:00 DEBUG 37662 --- [flight-booking] [           main] o.h.q.sqm.function.SqmFunctionRegistry   : Registered SqmFunctionTemplate [NamedSqmFunctionTemplate(utc_timestamp)] under utc_timestamp; prior registration was null
2025-03-15T10:06:00.502-05:00 DEBUG 37662 --- [flight-booking] [           main] o.h.q.sqm.function.SqmFunctionRegistry   : Registered SqmFunctionTemplate [NamedSqmFunctionTemplate(rand)] under rand; prior registration was null
2025-03-15T10:06:00.502-05:00 DEBUG 37662 --- [flight-booking] [           main] o.h.q.sqm.function.SqmFunctionRegistry   : Registered SqmFunctionTemplate [NamedSqmFunctionTemplate(crc32)] under crc32; prior registration was null
2025-03-15T10:06:00.502-05:00 DEBUG 37662 --- [flight-booking] [           main] o.h.q.sqm.function.SqmFunctionRegistry   : Registered SqmFunctionTemplate [NamedSqmFunctionTemplate(sha1)] under sha1; prior registration was null
2025-03-15T10:06:00.502-05:00 DEBUG 37662 --- [flight-booking] [           main] o.h.q.sqm.function.SqmFunctionRegistry   : Registered SqmFunctionTemplate [NamedSqmFunctionTemplate(sha2)] under sha2; prior registration was null
2025-03-15T10:06:00.502-05:00 DEBUG 37662 --- [flight-booking] [           main] o.h.q.sqm.function.SqmFunctionRegistry   : Registered SqmFunctionTemplate [NamedSqmFunctionTemplate(sha)] under sha; prior registration was null
2025-03-15T10:06:00.502-05:00 DEBUG 37662 --- [flight-booking] [           main] o.h.q.sqm.function.SqmFunctionRegistry   : Registered SqmFunctionTemplate [NamedSqmFunctionTemplate(bit_length)] under bit_length; prior registration was null
2025-03-15T10:06:00.502-05:00 DEBUG 37662 --- [flight-booking] [           main] o.h.q.sqm.function.SqmFunctionRegistry   : Registered SqmFunctionTemplate [NamedSqmFunctionTemplate(octet_length)] under octet_length; prior registration was NamedSqmFunctionTemplate(octet_length)
2025-03-15T10:06:00.502-05:00 DEBUG 37662 --- [flight-booking] [           main] o.h.q.sqm.function.SqmFunctionRegistry   : Registered SqmFunctionTemplate [NamedSqmFunctionTemplate(ascii)] under ascii; prior registration was null
2025-03-15T10:06:00.502-05:00 DEBUG 37662 --- [flight-booking] [           main] o.h.q.sqm.function.SqmFunctionRegistry   : Registered SqmFunctionTemplate [NamedSqmFunctionTemplate(instr)] under instr; prior registration was null
2025-03-15T10:06:00.502-05:00 DEBUG 37662 --- [flight-booking] [           main] o.h.q.sqm.function.SqmFunctionRegistry   : Registered SqmFunctionTemplate [NamedSqmFunctionTemplate(substr)] under substr; prior registration was null
2025-03-15T10:06:00.502-05:00 DEBUG 37662 --- [flight-booking] [           main] o.h.q.sqm.function.SqmFunctionRegistry   : Registered SqmFunctionTemplate [org.hibernate.query.sqm.function.PatternBasedSqmFunctionDescriptor@6a07e6ca] under position; prior registration was org.hibernate.dialect.function.LocatePositionEmulation@5f0ca069
2025-03-15T10:06:00.502-05:00 DEBUG 37662 --- [flight-booking] [           main] o.h.q.sqm.function.SqmFunctionRegistry   : Registered SqmFunctionTemplate [NamedSqmFunctionTemplate(curtime)] under curtime; prior registration was null
2025-03-15T10:06:00.503-05:00 DEBUG 37662 --- [flight-booking] [           main] o.h.q.sqm.function.SqmFunctionRegistry   : Registered SqmFunctionTemplate [NamedSqmFunctionTemplate(curdate)] under curdate; prior registration was null
2025-03-15T10:06:00.503-05:00 DEBUG 37662 --- [flight-booking] [           main] o.h.q.sqm.function.SqmFunctionRegistry   : Registered SqmFunctionTemplate [NamedSqmFunctionTemplate(now)] under now; prior registration was null
2025-03-15T10:06:00.512-05:00 DEBUG 37662 --- [flight-booking] [           main] o.h.q.sqm.function.SqmFunctionRegistry   : Registered SqmFunctionTemplate [org.hibernate.dialect.function.TruncFunction@72d16d6] under trunc; prior registration was null
2025-03-15T10:06:00.513-05:00 DEBUG 37662 --- [flight-booking] [           main] o.h.q.sqm.function.SqmFunctionRegistry   : Registering alternate key : truncate -> trunc
2025-03-15T10:06:00.513-05:00 DEBUG 37662 --- [flight-booking] [           main] o.h.q.sqm.function.SqmFunctionRegistry   : Registered SqmFunctionTemplate [NamedSqmFunctionTemplate(insert)] under insert; prior registration was null
2025-03-15T10:06:00.513-05:00 DEBUG 37662 --- [flight-booking] [           main] o.h.q.sqm.function.SqmFunctionRegistry   : Registered SqmFunctionTemplate [org.hibernate.query.sqm.function.PatternBasedSqmFunctionDescriptor@7b0525a8] under bitand; prior registration was null
2025-03-15T10:06:00.513-05:00 DEBUG 37662 --- [flight-booking] [           main] o.h.q.sqm.function.SqmFunctionRegistry   : Registered SqmFunctionTemplate [org.hibernate.query.sqm.function.PatternBasedSqmFunctionDescriptor@4f2d8175] under bitor; prior registration was null
2025-03-15T10:06:00.513-05:00 DEBUG 37662 --- [flight-booking] [           main] o.h.q.sqm.function.SqmFunctionRegistry   : Registered SqmFunctionTemplate [org.hibernate.query.sqm.function.PatternBasedSqmFunctionDescriptor@44618fe6] under bitxor; prior registration was null
2025-03-15T10:06:00.513-05:00 DEBUG 37662 --- [flight-booking] [           main] o.h.q.sqm.function.SqmFunctionRegistry   : Registered SqmFunctionTemplate [org.hibernate.query.sqm.function.PatternBasedSqmFunctionDescriptor@2b15ba1a] under bitnot; prior registration was null
2025-03-15T10:06:00.513-05:00 DEBUG 37662 --- [flight-booking] [           main] o.h.q.sqm.function.SqmFunctionRegistry   : Registered SqmFunctionTemplate [NamedSqmFunctionTemplate(bit_and)] under bit_and; prior registration was null
2025-03-15T10:06:00.513-05:00 DEBUG 37662 --- [flight-booking] [           main] o.h.q.sqm.function.SqmFunctionRegistry   : Registered SqmFunctionTemplate [NamedSqmFunctionTemplate(bit_or)] under bit_or; prior registration was null
2025-03-15T10:06:00.513-05:00 DEBUG 37662 --- [flight-booking] [           main] o.h.q.sqm.function.SqmFunctionRegistry   : Registered SqmFunctionTemplate [NamedSqmFunctionTemplate(stddev)] under stddev; prior registration was null
2025-03-15T10:06:00.513-05:00 DEBUG 37662 --- [flight-booking] [           main] o.h.q.sqm.function.SqmFunctionRegistry   : Registered SqmFunctionTemplate [NamedSqmFunctionTemplate(stddev_pop)] under stddev_pop; prior registration was null
2025-03-15T10:06:00.513-05:00 DEBUG 37662 --- [flight-booking] [           main] o.h.q.sqm.function.SqmFunctionRegistry   : Registered SqmFunctionTemplate [NamedSqmFunctionTemplate(stddev_samp)] under stddev_samp; prior registration was null
2025-03-15T10:06:00.513-05:00 DEBUG 37662 --- [flight-booking] [           main] o.h.q.sqm.function.SqmFunctionRegistry   : Registered SqmFunctionTemplate [NamedSqmFunctionTemplate(variance)] under variance; prior registration was null
2025-03-15T10:06:00.514-05:00 DEBUG 37662 --- [flight-booking] [           main] o.h.q.sqm.function.SqmFunctionRegistry   : Registered SqmFunctionTemplate [NamedSqmFunctionTemplate(var_pop)] under var_pop; prior registration was null
2025-03-15T10:06:00.514-05:00 DEBUG 37662 --- [flight-booking] [           main] o.h.q.sqm.function.SqmFunctionRegistry   : Registered SqmFunctionTemplate [NamedSqmFunctionTemplate(var_samp)] under var_samp; prior registration was null
2025-03-15T10:06:00.514-05:00 DEBUG 37662 --- [flight-booking] [           main] o.h.q.sqm.function.SqmFunctionRegistry   : Registered SqmFunctionTemplate [NamedSqmFunctionTemplate(datediff)] under datediff; prior registration was null
2025-03-15T10:06:00.514-05:00 DEBUG 37662 --- [flight-booking] [           main] o.h.q.sqm.function.SqmFunctionRegistry   : Registered SqmFunctionTemplate [NamedSqmFunctionTemplate(adddate)] under adddate; prior registration was null
2025-03-15T10:06:00.514-05:00 DEBUG 37662 --- [flight-booking] [           main] o.h.q.sqm.function.SqmFunctionRegistry   : Registered SqmFunctionTemplate [NamedSqmFunctionTemplate(subdate)] under subdate; prior registration was null
2025-03-15T10:06:00.514-05:00 DEBUG 37662 --- [flight-booking] [           main] o.h.q.sqm.function.SqmFunctionRegistry   : Registered SqmFunctionTemplate [NamedSqmFunctionTemplate(addtime)] under addtime; prior registration was null
2025-03-15T10:06:00.514-05:00 DEBUG 37662 --- [flight-booking] [           main] o.h.q.sqm.function.SqmFunctionRegistry   : Registered SqmFunctionTemplate [NamedSqmFunctionTemplate(subtime)] under subtime; prior registration was null
2025-03-15T10:06:00.514-05:00 DEBUG 37662 --- [flight-booking] [           main] o.h.q.sqm.function.SqmFunctionRegistry   : Registered SqmFunctionTemplate [org.hibernate.dialect.function.FormatFunction@796fe2b5] under format; prior registration was org.hibernate.dialect.function.FormatFunction@798b36fd
2025-03-15T10:06:00.514-05:00 DEBUG 37662 --- [flight-booking] [           main] o.h.q.sqm.function.SqmFunctionRegistry   : Registered SqmFunctionTemplate [NamedSqmFunctionTemplate(makedate)] under makedate; prior registration was null
2025-03-15T10:06:00.514-05:00 DEBUG 37662 --- [flight-booking] [           main] o.h.q.sqm.function.SqmFunctionRegistry   : Registered SqmFunctionTemplate [NamedSqmFunctionTemplate(maketime)] under maketime; prior registration was null
2025-03-15T10:06:00.515-05:00 DEBUG 37662 --- [flight-booking] [           main] o.h.q.sqm.function.SqmFunctionRegistry   : Registered SqmFunctionTemplate [NamedSqmFunctionTemplate(localtime)] under localtime; prior registration was null
2025-03-15T10:06:00.515-05:00 DEBUG 37662 --- [flight-booking] [           main] o.h.q.sqm.function.SqmFunctionRegistry   : Registered SqmFunctionTemplate [NamedSqmFunctionTemplate(localtimestamp)] under localtimestamp; prior registration was null
2025-03-15T10:06:00.515-05:00 DEBUG 37662 --- [flight-booking] [           main] o.h.q.sqm.function.SqmFunctionRegistry   : Registered SqmFunctionTemplate [NamedSqmFunctionTemplate(localtime)] under local_time; prior registration was org.hibernate.dialect.function.CurrentFunction@582c1f8d
2025-03-15T10:06:00.515-05:00 DEBUG 37662 --- [flight-booking] [           main] o.h.q.sqm.function.SqmFunctionRegistry   : Registered SqmFunctionTemplate [NamedSqmFunctionTemplate(localtimestamp)] under local_datetime; prior registration was org.hibernate.dialect.function.CurrentFunction@71687d8f
2025-03-15T10:06:00.515-05:00 DEBUG 37662 --- [flight-booking] [           main] o.h.q.sqm.function.SqmFunctionRegistry   : Registered SqmFunctionTemplate [NamedSqmFunctionTemplate(localtime)] under localtime; prior registration was NamedSqmFunctionTemplate(localtime)
2025-03-15T10:06:00.515-05:00 DEBUG 37662 --- [flight-booking] [           main] o.h.q.sqm.function.SqmFunctionRegistry   : Registered SqmFunctionTemplate [org.hibernate.query.sqm.function.PatternBasedSqmFunctionDescriptor@5a6af2c4] under pi; prior registration was org.hibernate.query.sqm.function.PatternBasedSqmFunctionDescriptor@6604f246
2025-03-15T10:06:00.515-05:00 DEBUG 37662 --- [flight-booking] [           main] o.h.q.sqm.function.SqmFunctionRegistry   : Registered SqmFunctionTemplate [org.hibernate.query.sqm.function.PatternBasedSqmFunctionDescriptor@123c48d0] under chr; prior registration was null
2025-03-15T10:06:00.515-05:00 DEBUG 37662 --- [flight-booking] [           main] o.h.q.sqm.function.SqmFunctionRegistry   : Registering alternate key : char -> chr
2025-03-15T10:06:00.515-05:00 DEBUG 37662 --- [flight-booking] [           main] o.h.q.sqm.function.SqmFunctionRegistry   : Registered SqmFunctionTemplate [org.hibernate.query.sqm.function.PatternBasedSqmFunctionDescriptor@14fff5e7] under sysdate; prior registration was null
2025-03-15T10:06:00.517-05:00 DEBUG 37662 --- [flight-booking] [           main] o.h.q.sqm.function.SqmFunctionRegistry   : Registered SqmFunctionTemplate [org.hibernate.dialect.function.ListaggGroupConcatEmulation@443dae2] under listagg; prior registration was null
2025-03-15T10:06:00.521-05:00 DEBUG 37662 --- [flight-booking] [           main] org.hibernate.HQL_FUNCTIONS              : abs(NUMERIC arg)
2025-03-15T10:06:00.522-05:00 DEBUG 37662 --- [flight-booking] [           main] org.hibernate.HQL_FUNCTIONS              : Double acos(NUMERIC arg)
2025-03-15T10:06:00.522-05:00 DEBUG 37662 --- [flight-booking] [           main] org.hibernate.HQL_FUNCTIONS              : adddate(DATE datetime, INTEGER days)
2025-03-15T10:06:00.523-05:00 DEBUG 37662 --- [flight-booking] [           main] org.hibernate.HQL_FUNCTIONS              : addtime(TIME datetime, TIME time)
2025-03-15T10:06:00.523-05:00 DEBUG 37662 --- [flight-booking] [           main] org.hibernate.HQL_FUNCTIONS              : Boolean any(BOOLEAN arg)
2025-03-15T10:06:00.523-05:00 DEBUG 37662 --- [flight-booking] [           main] org.hibernate.HQL_FUNCTIONS              : Integer ascii(STRING arg)
2025-03-15T10:06:00.523-05:00 DEBUG 37662 --- [flight-booking] [           main] org.hibernate.HQL_FUNCTIONS              : Double asin(NUMERIC arg)
2025-03-15T10:06:00.523-05:00 DEBUG 37662 --- [flight-booking] [           main] org.hibernate.HQL_FUNCTIONS              : Double atan(NUMERIC arg)
2025-03-15T10:06:00.523-05:00 DEBUG 37662 --- [flight-booking] [           main] org.hibernate.HQL_FUNCTIONS              : Double atan2(NUMERIC arg0, NUMERIC arg1)
2025-03-15T10:06:00.523-05:00 DEBUG 37662 --- [flight-booking] [           main] org.hibernate.HQL_FUNCTIONS              : avg(arg)
2025-03-15T10:06:00.523-05:00 DEBUG 37662 --- [flight-booking] [           main] org.hibernate.HQL_FUNCTIONS              : bit_and(arg)
2025-03-15T10:06:00.523-05:00 DEBUG 37662 --- [flight-booking] [           main] org.hibernate.HQL_FUNCTIONS              : Integer bit_length(STRING_OR_CLOB arg)
2025-03-15T10:06:00.523-05:00 DEBUG 37662 --- [flight-booking] [           main] org.hibernate.HQL_FUNCTIONS              : bit_or(arg)
2025-03-15T10:06:00.524-05:00 DEBUG 37662 --- [flight-booking] [           main] org.hibernate.HQL_FUNCTIONS              : bitand(arg0, arg1)
2025-03-15T10:06:00.524-05:00 DEBUG 37662 --- [flight-booking] [           main] org.hibernate.HQL_FUNCTIONS              : bitnot(arg)
2025-03-15T10:06:00.524-05:00 DEBUG 37662 --- [flight-booking] [           main] org.hibernate.HQL_FUNCTIONS              : bitor(arg0, arg1)
2025-03-15T10:06:00.524-05:00 DEBUG 37662 --- [flight-booking] [           main] org.hibernate.HQL_FUNCTIONS              : bitxor(arg0, arg1)
2025-03-15T10:06:00.524-05:00 DEBUG 37662 --- [flight-booking] [           main] org.hibernate.HQL_FUNCTIONS              : cast(arg as Type)
2025-03-15T10:06:00.524-05:00 DEBUG 37662 --- [flight-booking] [           main] org.hibernate.HQL_FUNCTIONS              : ceiling(NUMERIC arg)
2025-03-15T10:06:00.524-05:00 DEBUG 37662 --- [flight-booking] [           main] org.hibernate.HQL_FUNCTIONS              : Character char(INTEGER arg)
2025-03-15T10:06:00.524-05:00 DEBUG 37662 --- [flight-booking] [           main] org.hibernate.HQL_FUNCTIONS              : Integer character_length(STRING_OR_CLOB arg)
2025-03-15T10:06:00.524-05:00 DEBUG 37662 --- [flight-booking] [           main] org.hibernate.HQL_FUNCTIONS              : Character chr(INTEGER arg)
2025-03-15T10:06:00.524-05:00 DEBUG 37662 --- [flight-booking] [           main] org.hibernate.HQL_FUNCTIONS              : coalesce(arg0[, arg1[, ...]])
2025-03-15T10:06:00.524-05:00 DEBUG 37662 --- [flight-booking] [           main] org.hibernate.HQL_FUNCTIONS              : String collate(STRING string as COLLATION collation)
2025-03-15T10:06:00.524-05:00 DEBUG 37662 --- [flight-booking] [           main] org.hibernate.HQL_FUNCTIONS              : String concat(STRING string0[, STRING string1[, ...]])
2025-03-15T10:06:00.524-05:00 DEBUG 37662 --- [flight-booking] [           main] org.hibernate.HQL_FUNCTIONS              : Double cos(NUMERIC arg)
2025-03-15T10:06:00.524-05:00 DEBUG 37662 --- [flight-booking] [           main] org.hibernate.HQL_FUNCTIONS              : Double cosh(NUMERIC arg)
2025-03-15T10:06:00.524-05:00 DEBUG 37662 --- [flight-booking] [           main] org.hibernate.HQL_FUNCTIONS              : Double cot(NUMERIC arg)
2025-03-15T10:06:00.525-05:00 DEBUG 37662 --- [flight-booking] [           main] org.hibernate.HQL_FUNCTIONS              : Long count([distinct ]{arg|*})
2025-03-15T10:06:00.525-05:00 DEBUG 37662 --- [flight-booking] [           main] org.hibernate.HQL_FUNCTIONS              : Integer crc32(arg)
2025-03-15T10:06:00.525-05:00 DEBUG 37662 --- [flight-booking] [           main] org.hibernate.HQL_FUNCTIONS              : Date curdate()
2025-03-15T10:06:00.525-05:00 DEBUG 37662 --- [flight-booking] [           main] org.hibernate.HQL_FUNCTIONS              : Date current date
2025-03-15T10:06:00.525-05:00 DEBUG 37662 --- [flight-booking] [           main] org.hibernate.HQL_FUNCTIONS              : Time current time
2025-03-15T10:06:00.525-05:00 DEBUG 37662 --- [flight-booking] [           main] org.hibernate.HQL_FUNCTIONS              : Timestamp current timestamp
2025-03-15T10:06:00.525-05:00 DEBUG 37662 --- [flight-booking] [           main] org.hibernate.HQL_FUNCTIONS              : Date current_date
2025-03-15T10:06:00.525-05:00 DEBUG 37662 --- [flight-booking] [           main] org.hibernate.HQL_FUNCTIONS              : Instant current_instant
2025-03-15T10:06:00.525-05:00 DEBUG 37662 --- [flight-booking] [           main] org.hibernate.HQL_FUNCTIONS              : Time current_time
2025-03-15T10:06:00.525-05:00 DEBUG 37662 --- [flight-booking] [           main] org.hibernate.HQL_FUNCTIONS              : Timestamp current_timestamp
2025-03-15T10:06:00.525-05:00 DEBUG 37662 --- [flight-booking] [           main] org.hibernate.HQL_FUNCTIONS              : Time curtime()
2025-03-15T10:06:00.525-05:00 DEBUG 37662 --- [flight-booking] [           main] org.hibernate.HQL_FUNCTIONS              : Date date(arg)
2025-03-15T10:06:00.525-05:00 DEBUG 37662 --- [flight-booking] [           main] org.hibernate.HQL_FUNCTIONS              : dateadd(TEMPORAL_UNIT field, INTEGER magnitude, TEMPORAL datetime)
2025-03-15T10:06:00.525-05:00 DEBUG 37662 --- [flight-booking] [           main] org.hibernate.HQL_FUNCTIONS              : Integer datediff(DATE end, DATE start)
2025-03-15T10:06:00.526-05:00 DEBUG 37662 --- [flight-booking] [           main] org.hibernate.HQL_FUNCTIONS              : Integer day(DATE arg)
2025-03-15T10:06:00.526-05:00 DEBUG 37662 --- [flight-booking] [           main] org.hibernate.HQL_FUNCTIONS              : String dayname(DATE arg)
2025-03-15T10:06:00.526-05:00 DEBUG 37662 --- [flight-booking] [           main] org.hibernate.HQL_FUNCTIONS              : Integer dayofmonth(DATE arg)
2025-03-15T10:06:00.526-05:00 DEBUG 37662 --- [flight-booking] [           main] org.hibernate.HQL_FUNCTIONS              : Integer dayofweek(DATE arg)
2025-03-15T10:06:00.527-05:00 DEBUG 37662 --- [flight-booking] [           main] org.hibernate.HQL_FUNCTIONS              : Integer dayofyear(DATE arg)
2025-03-15T10:06:00.527-05:00 DEBUG 37662 --- [flight-booking] [           main] org.hibernate.HQL_FUNCTIONS              : Double degrees(NUMERIC arg)
2025-03-15T10:06:00.527-05:00 DEBUG 37662 --- [flight-booking] [           main] org.hibernate.HQL_FUNCTIONS              : Boolean every(BOOLEAN arg)
2025-03-15T10:06:00.527-05:00 DEBUG 37662 --- [flight-booking] [           main] org.hibernate.HQL_FUNCTIONS              : Double exp(NUMERIC arg)
2025-03-15T10:06:00.527-05:00 DEBUG 37662 --- [flight-booking] [           main] org.hibernate.HQL_FUNCTIONS              : extract(TEMPORAL_UNIT field from TEMPORAL arg)
2025-03-15T10:06:00.527-05:00 DEBUG 37662 --- [flight-booking] [           main] org.hibernate.HQL_FUNCTIONS              : floor(NUMERIC arg)
2025-03-15T10:06:00.527-05:00 DEBUG 37662 --- [flight-booking] [           main] org.hibernate.HQL_FUNCTIONS              : String format(TEMPORAL datetime as STRING pattern)
2025-03-15T10:06:00.528-05:00 DEBUG 37662 --- [flight-booking] [           main] org.hibernate.HQL_FUNCTIONS              : greatest(COMPARABLE arg0, COMPARABLE arg1[, arg2[, ...]])
2025-03-15T10:06:00.528-05:00 DEBUG 37662 --- [flight-booking] [           main] org.hibernate.HQL_FUNCTIONS              : Integer hour(TIME arg)
2025-03-15T10:06:00.529-05:00 DEBUG 37662 --- [flight-booking] [           main] org.hibernate.HQL_FUNCTIONS              : ifnull(arg0, arg1)
2025-03-15T10:06:00.529-05:00 DEBUG 37662 --- [flight-booking] [           main] org.hibernate.HQL_FUNCTIONS              : String insert(STRING string, INTEGER start, INTEGER length, STRING replacement)
2025-03-15T10:06:00.530-05:00 DEBUG 37662 --- [flight-booking] [           main] org.hibernate.HQL_FUNCTIONS              : Instant instant
2025-03-15T10:06:00.530-05:00 DEBUG 37662 --- [flight-booking] [           main] org.hibernate.HQL_FUNCTIONS              : Integer instr(STRING string, STRING pattern[, INTEGER start[, INTEGER occurrence]])
2025-03-15T10:06:00.530-05:00 DEBUG 37662 --- [flight-booking] [           main] org.hibernate.HQL_FUNCTIONS              : Date last_day(DATE arg)
2025-03-15T10:06:00.531-05:00 DEBUG 37662 --- [flight-booking] [           main] org.hibernate.HQL_FUNCTIONS              : least(COMPARABLE arg0, COMPARABLE arg1[, arg2[, ...]])
2025-03-15T10:06:00.531-05:00 DEBUG 37662 --- [flight-booking] [           main] org.hibernate.HQL_FUNCTIONS              : String left(STRING string, INTEGER length)
2025-03-15T10:06:00.531-05:00 DEBUG 37662 --- [flight-booking] [           main] org.hibernate.HQL_FUNCTIONS              : Integer length(STRING_OR_CLOB arg)
2025-03-15T10:06:00.531-05:00 DEBUG 37662 --- [flight-booking] [           main] org.hibernate.HQL_FUNCTIONS              : String listagg(STRING arg0, STRING arg1)
2025-03-15T10:06:00.531-05:00 DEBUG 37662 --- [flight-booking] [           main] org.hibernate.HQL_FUNCTIONS              : Double ln(NUMERIC arg)
2025-03-15T10:06:00.531-05:00 DEBUG 37662 --- [flight-booking] [           main] org.hibernate.HQL_FUNCTIONS              : LocalDate local date
2025-03-15T10:06:00.531-05:00 DEBUG 37662 --- [flight-booking] [           main] org.hibernate.HQL_FUNCTIONS              : LocalDateTime local datetime
2025-03-15T10:06:00.531-05:00 DEBUG 37662 --- [flight-booking] [           main] org.hibernate.HQL_FUNCTIONS              : LocalTime local time
2025-03-15T10:06:00.531-05:00 DEBUG 37662 --- [flight-booking] [           main] org.hibernate.HQL_FUNCTIONS              : LocalDate local_date
2025-03-15T10:06:00.531-05:00 DEBUG 37662 --- [flight-booking] [           main] org.hibernate.HQL_FUNCTIONS              : LocalDateTime local_datetime
2025-03-15T10:06:00.531-05:00 DEBUG 37662 --- [flight-booking] [           main] org.hibernate.HQL_FUNCTIONS              : LocalTime local_time
2025-03-15T10:06:00.531-05:00 DEBUG 37662 --- [flight-booking] [           main] org.hibernate.HQL_FUNCTIONS              : Timestamp localtime
2025-03-15T10:06:00.531-05:00 DEBUG 37662 --- [flight-booking] [           main] org.hibernate.HQL_FUNCTIONS              : Timestamp localtimestamp
2025-03-15T10:06:00.531-05:00 DEBUG 37662 --- [flight-booking] [           main] org.hibernate.HQL_FUNCTIONS              : Integer locate(STRING pattern, STRING string[, INTEGER start])
2025-03-15T10:06:00.531-05:00 DEBUG 37662 --- [flight-booking] [           main] org.hibernate.HQL_FUNCTIONS              : Double log(NUMERIC arg0[, NUMERIC arg1])
2025-03-15T10:06:00.532-05:00 DEBUG 37662 --- [flight-booking] [           main] org.hibernate.HQL_FUNCTIONS              : Double log10(NUMERIC arg)
2025-03-15T10:06:00.532-05:00 DEBUG 37662 --- [flight-booking] [           main] org.hibernate.HQL_FUNCTIONS              : Double log2(NUMERIC arg)
2025-03-15T10:06:00.532-05:00 DEBUG 37662 --- [flight-booking] [           main] org.hibernate.HQL_FUNCTIONS              : String lower(STRING string)
2025-03-15T10:06:00.532-05:00 DEBUG 37662 --- [flight-booking] [           main] org.hibernate.HQL_FUNCTIONS              : String lpad(string, length[, padding])
2025-03-15T10:06:00.532-05:00 DEBUG 37662 --- [flight-booking] [           main] org.hibernate.HQL_FUNCTIONS              : String ltrim(STRING string[, STRING characters])
2025-03-15T10:06:00.532-05:00 DEBUG 37662 --- [flight-booking] [           main] org.hibernate.HQL_FUNCTIONS              : Date makedate(INTEGER year, INTEGER dayofyear)
2025-03-15T10:06:00.532-05:00 DEBUG 37662 --- [flight-booking] [           main] org.hibernate.HQL_FUNCTIONS              : Time maketime(INTEGER hour, INTEGER min, INTEGER sec)
2025-03-15T10:06:00.532-05:00 DEBUG 37662 --- [flight-booking] [           main] org.hibernate.HQL_FUNCTIONS              : max(COMPARABLE arg)
2025-03-15T10:06:00.532-05:00 DEBUG 37662 --- [flight-booking] [           main] org.hibernate.HQL_FUNCTIONS              : String md5(arg)
2025-03-15T10:06:00.532-05:00 DEBUG 37662 --- [flight-booking] [           main] org.hibernate.HQL_FUNCTIONS              : Integer microsecond(TIME arg)
2025-03-15T10:06:00.532-05:00 DEBUG 37662 --- [flight-booking] [           main] org.hibernate.HQL_FUNCTIONS              : min(COMPARABLE arg)
2025-03-15T10:06:00.532-05:00 DEBUG 37662 --- [flight-booking] [           main] org.hibernate.HQL_FUNCTIONS              : Integer minute(TIME arg)
2025-03-15T10:06:00.532-05:00 DEBUG 37662 --- [flight-booking] [           main] org.hibernate.HQL_FUNCTIONS              : Integer mod(INTEGER arg0, INTEGER arg1)
2025-03-15T10:06:00.532-05:00 DEBUG 37662 --- [flight-booking] [           main] org.hibernate.HQL_FUNCTIONS              : Integer month(DATE arg)
2025-03-15T10:06:00.532-05:00 DEBUG 37662 --- [flight-booking] [           main] org.hibernate.HQL_FUNCTIONS              : String monthname(DATE arg)
2025-03-15T10:06:00.532-05:00 DEBUG 37662 --- [flight-booking] [           main] org.hibernate.HQL_FUNCTIONS              : Timestamp now()
2025-03-15T10:06:00.532-05:00 DEBUG 37662 --- [flight-booking] [           main] org.hibernate.HQL_FUNCTIONS              : nullif(arg0, arg1)
2025-03-15T10:06:00.533-05:00 DEBUG 37662 --- [flight-booking] [           main] org.hibernate.HQL_FUNCTIONS              : Integer octet_length(STRING_OR_CLOB arg)
2025-03-15T10:06:00.533-05:00 DEBUG 37662 --- [flight-booking] [           main] org.hibernate.HQL_FUNCTIONS              : OffsetDateTime offset datetime
2025-03-15T10:06:00.533-05:00 DEBUG 37662 --- [flight-booking] [           main] org.hibernate.HQL_FUNCTIONS              : OffsetDateTime offset_datetime
2025-03-15T10:06:00.533-05:00 DEBUG 37662 --- [flight-booking] [           main] org.hibernate.HQL_FUNCTIONS              : String overlay(STRING string placing STRING replacement from INTEGER start[ for INTEGER length])
2025-03-15T10:06:00.533-05:00 DEBUG 37662 --- [flight-booking] [           main] org.hibernate.HQL_FUNCTIONS              : String pad(STRING string with INTEGER length {leading|trailing}[ STRING character])
2025-03-15T10:06:00.533-05:00 DEBUG 37662 --- [flight-booking] [           main] org.hibernate.HQL_FUNCTIONS              : Double pi
2025-03-15T10:06:00.533-05:00 DEBUG 37662 --- [flight-booking] [           main] org.hibernate.HQL_FUNCTIONS              : Integer position(STRING pattern in STRING string)
2025-03-15T10:06:00.533-05:00 DEBUG 37662 --- [flight-booking] [           main] org.hibernate.HQL_FUNCTIONS              : Double power(NUMERIC arg0, NUMERIC arg1)
2025-03-15T10:06:00.533-05:00 DEBUG 37662 --- [flight-booking] [           main] org.hibernate.HQL_FUNCTIONS              : Integer quarter(DATE arg)
2025-03-15T10:06:00.533-05:00 DEBUG 37662 --- [flight-booking] [           main] org.hibernate.HQL_FUNCTIONS              : Double radians(NUMERIC arg)
2025-03-15T10:06:00.533-05:00 DEBUG 37662 --- [flight-booking] [           main] org.hibernate.HQL_FUNCTIONS              : Double rand([INTEGER seed])
2025-03-15T10:06:00.533-05:00 DEBUG 37662 --- [flight-booking] [           main] org.hibernate.HQL_FUNCTIONS              : String repeat(STRING string, INTEGER times)
2025-03-15T10:06:00.533-05:00 DEBUG 37662 --- [flight-booking] [           main] org.hibernate.HQL_FUNCTIONS              : String replace(STRING string, STRING pattern, STRING replacement)
2025-03-15T10:06:00.533-05:00 DEBUG 37662 --- [flight-booking] [           main] org.hibernate.HQL_FUNCTIONS              : String reverse(STRING arg)
2025-03-15T10:06:00.533-05:00 DEBUG 37662 --- [flight-booking] [           main] org.hibernate.HQL_FUNCTIONS              : String right(STRING string, INTEGER length)
2025-03-15T10:06:00.533-05:00 DEBUG 37662 --- [flight-booking] [           main] org.hibernate.HQL_FUNCTIONS              : round(NUMERIC number[, INTEGER places])
2025-03-15T10:06:00.534-05:00 DEBUG 37662 --- [flight-booking] [           main] org.hibernate.HQL_FUNCTIONS              : String rpad(string, length[, padding])
2025-03-15T10:06:00.534-05:00 DEBUG 37662 --- [flight-booking] [           main] org.hibernate.HQL_FUNCTIONS              : String rtrim(STRING string[, STRING characters])
2025-03-15T10:06:00.534-05:00 DEBUG 37662 --- [flight-booking] [           main] org.hibernate.HQL_FUNCTIONS              : Integer second(TIME arg)
2025-03-15T10:06:00.534-05:00 DEBUG 37662 --- [flight-booking] [           main] org.hibernate.HQL_FUNCTIONS              : String sha(arg)
2025-03-15T10:06:00.534-05:00 DEBUG 37662 --- [flight-booking] [           main] org.hibernate.HQL_FUNCTIONS              : String sha1(arg)
2025-03-15T10:06:00.537-05:00 DEBUG 37662 --- [flight-booking] [           main] org.hibernate.HQL_FUNCTIONS              : String sha2(arg0, arg1)
2025-03-15T10:06:00.537-05:00 DEBUG 37662 --- [flight-booking] [           main] org.hibernate.HQL_FUNCTIONS              : Integer sign(NUMERIC arg)
2025-03-15T10:06:00.537-05:00 DEBUG 37662 --- [flight-booking] [           main] org.hibernate.HQL_FUNCTIONS              : Double sin(NUMERIC arg)
2025-03-15T10:06:00.537-05:00 DEBUG 37662 --- [flight-booking] [           main] org.hibernate.HQL_FUNCTIONS              : Double sinh(NUMERIC arg)
2025-03-15T10:06:00.537-05:00 DEBUG 37662 --- [flight-booking] [           main] org.hibernate.HQL_FUNCTIONS              : String soundex(arg)
2025-03-15T10:06:00.538-05:00 DEBUG 37662 --- [flight-booking] [           main] org.hibernate.HQL_FUNCTIONS              : String space(INTEGER arg)
2025-03-15T10:06:00.538-05:00 DEBUG 37662 --- [flight-booking] [           main] org.hibernate.HQL_FUNCTIONS              : Object sql
2025-03-15T10:06:00.538-05:00 DEBUG 37662 --- [flight-booking] [           main] org.hibernate.HQL_FUNCTIONS              : Double sqrt(NUMERIC arg)
2025-03-15T10:06:00.538-05:00 DEBUG 37662 --- [flight-booking] [           main] org.hibernate.HQL_FUNCTIONS              : Double stddev(NUMERIC arg)
2025-03-15T10:06:00.538-05:00 DEBUG 37662 --- [flight-booking] [           main] org.hibernate.HQL_FUNCTIONS              : Double stddev_pop(NUMERIC arg)
2025-03-15T10:06:00.546-05:00 DEBUG 37662 --- [flight-booking] [           main] org.hibernate.HQL_FUNCTIONS              : Double stddev_samp(NUMERIC arg)
2025-03-15T10:06:00.547-05:00 DEBUG 37662 --- [flight-booking] [           main] org.hibernate.HQL_FUNCTIONS              : String str(arg)
2025-03-15T10:06:00.548-05:00 DEBUG 37662 --- [flight-booking] [           main] org.hibernate.HQL_FUNCTIONS              : subdate(DATE datetime, INTEGER days)
2025-03-15T10:06:00.548-05:00 DEBUG 37662 --- [flight-booking] [           main] org.hibernate.HQL_FUNCTIONS              : String substr(STRING string, INTEGER start[, INTEGER length])
2025-03-15T10:06:00.549-05:00 DEBUG 37662 --- [flight-booking] [           main] org.hibernate.HQL_FUNCTIONS              : String substring(STRING string{ from|,} INTEGER start[{ for|,} INTEGER length])
2025-03-15T10:06:00.549-05:00 DEBUG 37662 --- [flight-booking] [           main] org.hibernate.HQL_FUNCTIONS              : subtime(TIME datetime, TIME time)
2025-03-15T10:06:00.549-05:00 DEBUG 37662 --- [flight-booking] [           main] org.hibernate.HQL_FUNCTIONS              : sum(arg)
2025-03-15T10:06:00.549-05:00 DEBUG 37662 --- [flight-booking] [           main] org.hibernate.HQL_FUNCTIONS              : Timestamp sysdate()
2025-03-15T10:06:00.549-05:00 DEBUG 37662 --- [flight-booking] [           main] org.hibernate.HQL_FUNCTIONS              : Double tan(NUMERIC arg)
2025-03-15T10:06:00.549-05:00 DEBUG 37662 --- [flight-booking] [           main] org.hibernate.HQL_FUNCTIONS              : Double tanh(NUMERIC arg)
2025-03-15T10:06:00.549-05:00 DEBUG 37662 --- [flight-booking] [           main] org.hibernate.HQL_FUNCTIONS              : String time(arg)
2025-03-15T10:06:00.549-05:00 DEBUG 37662 --- [flight-booking] [           main] org.hibernate.HQL_FUNCTIONS              : Timestamp timestamp(arg0[, arg1])
2025-03-15T10:06:00.549-05:00 DEBUG 37662 --- [flight-booking] [           main] org.hibernate.HQL_FUNCTIONS              : timestampadd(TEMPORAL_UNIT field, INTEGER magnitude, TEMPORAL datetime)
2025-03-15T10:06:00.550-05:00 DEBUG 37662 --- [flight-booking] [           main] org.hibernate.HQL_FUNCTIONS              : Long|Double timestampdiff(TEMPORAL_UNIT field, TEMPORAL start, TEMPORAL end)
2025-03-15T10:06:00.550-05:00 DEBUG 37662 --- [flight-booking] [           main] org.hibernate.HQL_FUNCTIONS              : String trim([[{leading|trailing|both} ][STRING arg0 ]from] STRING arg1)
2025-03-15T10:06:00.550-05:00 DEBUG 37662 --- [flight-booking] [           main] org.hibernate.HQL_FUNCTIONS              : trunc( ... )
2025-03-15T10:06:00.550-05:00 DEBUG 37662 --- [flight-booking] [           main] org.hibernate.HQL_FUNCTIONS              : truncate( ... )
2025-03-15T10:06:00.550-05:00 DEBUG 37662 --- [flight-booking] [           main] org.hibernate.HQL_FUNCTIONS              : String upper(STRING string)
2025-03-15T10:06:00.550-05:00 DEBUG 37662 --- [flight-booking] [           main] org.hibernate.HQL_FUNCTIONS              : Date utc_date
2025-03-15T10:06:00.550-05:00 DEBUG 37662 --- [flight-booking] [           main] org.hibernate.HQL_FUNCTIONS              : Time utc_time
2025-03-15T10:06:00.550-05:00 DEBUG 37662 --- [flight-booking] [           main] org.hibernate.HQL_FUNCTIONS              : Timestamp utc_timestamp
2025-03-15T10:06:00.550-05:00 DEBUG 37662 --- [flight-booking] [           main] org.hibernate.HQL_FUNCTIONS              : Double var_pop(NUMERIC arg)
2025-03-15T10:06:00.550-05:00 DEBUG 37662 --- [flight-booking] [           main] org.hibernate.HQL_FUNCTIONS              : Double var_samp(NUMERIC arg)
2025-03-15T10:06:00.550-05:00 DEBUG 37662 --- [flight-booking] [           main] org.hibernate.HQL_FUNCTIONS              : Double variance(NUMERIC arg)
2025-03-15T10:06:00.550-05:00 DEBUG 37662 --- [flight-booking] [           main] org.hibernate.HQL_FUNCTIONS              : Integer week(DATE arg)
2025-03-15T10:06:00.554-05:00 DEBUG 37662 --- [flight-booking] [           main] org.hibernate.HQL_FUNCTIONS              : Integer year(DATE arg)
2025-03-15T10:06:00.615-05:00 DEBUG 37662 --- [flight-booking] [           main] org.hibernate.orm.query.plan.cache       : Starting QueryInterpretationCache(2048)
2025-03-15T10:06:00.937-05:00 DEBUG 37662 --- [flight-booking] [           main] .h.s.i.SessionFactoryServiceRegistryImpl : EventListenerRegistry access via ServiceRegistry is deprecated.  Use `sessionFactory.getEventEngine().getListenerRegistry()` instead
2025-03-15T10:06:00.942-05:00 DEBUG 37662 --- [flight-booking] [           main] h.e.i.EntityCopyObserverFactoryInitiator : Configured EntityCopyObserver strategy: disallow
2025-03-15T10:06:01.224-05:00 DEBUG 37662 --- [flight-booking] [           main] org.hibernate.ormbytecode.interceptor    : To-one property `edu.miu.cs.cs425.backend.domain.entity.Flight#airline` was mapped with LAZY + NO_PROXY but the class was not enhanced
2025-03-15T10:06:01.231-05:00 DEBUG 37662 --- [flight-booking] [           main] org.hibernate.ormbytecode.interceptor    : To-one property `edu.miu.cs.cs425.backend.domain.entity.Flight#airline` was mapped with LAZY + NO_PROXY but the class was not enhanced
2025-03-15T10:06:01.249-05:00 DEBUG 37662 --- [flight-booking] [           main] org.hibernate.ormbytecode.interceptor    : To-one property `edu.miu.cs.cs425.backend.domain.entity.Flight#destination` was mapped with LAZY + NO_PROXY but the class was not enhanced
2025-03-15T10:06:01.249-05:00 DEBUG 37662 --- [flight-booking] [           main] org.hibernate.ormbytecode.interceptor    : To-one property `edu.miu.cs.cs425.backend.domain.entity.Flight#destination` was mapped with LAZY + NO_PROXY but the class was not enhanced
2025-03-15T10:06:01.250-05:00 DEBUG 37662 --- [flight-booking] [           main] org.hibernate.ormbytecode.interceptor    : To-one property `edu.miu.cs.cs425.backend.domain.entity.Flight#origin` was mapped with LAZY + NO_PROXY but the class was not enhanced
2025-03-15T10:06:01.250-05:00 DEBUG 37662 --- [flight-booking] [           main] org.hibernate.ormbytecode.interceptor    : To-one property `edu.miu.cs.cs425.backend.domain.entity.Flight#origin` was mapped with LAZY + NO_PROXY but the class was not enhanced
2025-03-15T10:06:01.250-05:00 DEBUG 37662 --- [flight-booking] [           main] o.h.boot.internal.ClassLoaderAccessImpl  : Not known whether passed class name [edu.miu.cs.cs425.backend.domain.entity.Flight] is safe
2025-03-15T10:06:01.250-05:00 DEBUG 37662 --- [flight-booking] [           main] o.h.boot.internal.ClassLoaderAccessImpl  : No temp ClassLoader provided; using live ClassLoader for loading potentially unsafe class : edu.miu.cs.cs425.backend.domain.entity.Flight
2025-03-15T10:06:01.862-05:00 DEBUG 37662 --- [flight-booking] [           main] o.h.b.i.bytebuddy.BytecodeProviderImpl   : HHH000513: Unable to create the ReflectionOptimizer for [edu.miu.cs.cs425.backend.domain.entity.Flight]: private accessor [airline]
2025-03-15T10:06:01.870-05:00 DEBUG 37662 --- [flight-booking] [           main] org.hibernate.ormbytecode.interceptor    : To-one property `edu.miu.cs.cs425.backend.domain.entity.Flight#airline` was mapped with LAZY + NO_PROXY but the class was not enhanced
2025-03-15T10:06:01.871-05:00 DEBUG 37662 --- [flight-booking] [           main] org.hibernate.ormbytecode.interceptor    : To-one property `edu.miu.cs.cs425.backend.domain.entity.Flight#destination` was mapped with LAZY + NO_PROXY but the class was not enhanced
2025-03-15T10:06:01.871-05:00 DEBUG 37662 --- [flight-booking] [           main] org.hibernate.ormbytecode.interceptor    : To-one property `edu.miu.cs.cs425.backend.domain.entity.Flight#origin` was mapped with LAZY + NO_PROXY but the class was not enhanced
2025-03-15T10:06:01.937-05:00 DEBUG 37662 --- [flight-booking] [           main] o.h.boot.internal.ClassLoaderAccessImpl  : Not known whether passed class name [edu.miu.cs.cs425.backend.domain.entity.Airline] is safe
2025-03-15T10:06:01.937-05:00 DEBUG 37662 --- [flight-booking] [           main] o.h.boot.internal.ClassLoaderAccessImpl  : No temp ClassLoader provided; using live ClassLoader for loading potentially unsafe class : edu.miu.cs.cs425.backend.domain.entity.Airline
2025-03-15T10:06:01.985-05:00 DEBUG 37662 --- [flight-booking] [           main] o.h.b.i.bytebuddy.BytecodeProviderImpl   : HHH000513: Unable to create the ReflectionOptimizer for [edu.miu.cs.cs425.backend.domain.entity.Airline]: private accessor [logoUrl]
2025-03-15T10:06:01.987-05:00 DEBUG 37662 --- [flight-booking] [           main] org.hibernate.ormbytecode.interceptor    : To-one property `edu.miu.cs.cs425.backend.domain.entity.FlightLeg#flight` was mapped with LAZY + NO_PROXY but the class was not enhanced
2025-03-15T10:06:01.987-05:00 DEBUG 37662 --- [flight-booking] [           main] org.hibernate.ormbytecode.interceptor    : To-one property `edu.miu.cs.cs425.backend.domain.entity.FlightLeg#flight` was mapped with LAZY + NO_PROXY but the class was not enhanced
2025-03-15T10:06:01.988-05:00 DEBUG 37662 --- [flight-booking] [           main] o.h.boot.internal.ClassLoaderAccessImpl  : Not known whether passed class name [edu.miu.cs.cs425.backend.domain.entity.FlightLeg] is safe
2025-03-15T10:06:01.988-05:00 DEBUG 37662 --- [flight-booking] [           main] o.h.boot.internal.ClassLoaderAccessImpl  : No temp ClassLoader provided; using live ClassLoader for loading potentially unsafe class : edu.miu.cs.cs425.backend.domain.entity.FlightLeg
2025-03-15T10:06:02.032-05:00 DEBUG 37662 --- [flight-booking] [           main] o.h.b.i.bytebuddy.BytecodeProviderImpl   : HHH000513: Unable to create the ReflectionOptimizer for [edu.miu.cs.cs425.backend.domain.entity.FlightLeg]: private accessor [flight]
2025-03-15T10:06:02.033-05:00 DEBUG 37662 --- [flight-booking] [           main] org.hibernate.ormbytecode.interceptor    : To-one property `edu.miu.cs.cs425.backend.domain.entity.FlightLeg#flight` was mapped with LAZY + NO_PROXY but the class was not enhanced
2025-03-15T10:06:02.034-05:00 DEBUG 37662 --- [flight-booking] [           main] o.h.boot.internal.ClassLoaderAccessImpl  : Not known whether passed class name [edu.miu.cs.cs425.backend.domain.entity.Airport] is safe
2025-03-15T10:06:02.034-05:00 DEBUG 37662 --- [flight-booking] [           main] o.h.boot.internal.ClassLoaderAccessImpl  : No temp ClassLoader provided; using live ClassLoader for loading potentially unsafe class : edu.miu.cs.cs425.backend.domain.entity.Airport
2025-03-15T10:06:02.088-05:00 DEBUG 37662 --- [flight-booking] [           main] o.h.b.i.bytebuddy.BytecodeProviderImpl   : HHH000513: Unable to create the ReflectionOptimizer for [edu.miu.cs.cs425.backend.domain.entity.Airport]: private accessor [city]
2025-03-15T10:06:02.114-05:00 DEBUG 37662 --- [flight-booking] [           main] o.h.boot.internal.ClassLoaderAccessImpl  : Not known whether passed class name [edu.miu.cs.cs425.backend.domain.entity.Booking] is safe
2025-03-15T10:06:02.115-05:00 DEBUG 37662 --- [flight-booking] [           main] o.h.boot.internal.ClassLoaderAccessImpl  : No temp ClassLoader provided; using live ClassLoader for loading potentially unsafe class : edu.miu.cs.cs425.backend.domain.entity.Booking
2025-03-15T10:06:02.209-05:00 DEBUG 37662 --- [flight-booking] [           main] o.h.b.i.bytebuddy.BytecodeProviderImpl   : HHH000513: Unable to create the ReflectionOptimizer for [edu.miu.cs.cs425.backend.domain.entity.Booking]: private accessor [createdAt]
2025-03-15T10:06:02.216-05:00 DEBUG 37662 --- [flight-booking] [           main] o.h.boot.internal.ClassLoaderAccessImpl  : Not known whether passed class name [edu.miu.cs.cs425.backend.domain.entity.User] is safe
2025-03-15T10:06:02.216-05:00 DEBUG 37662 --- [flight-booking] [           main] o.h.boot.internal.ClassLoaderAccessImpl  : No temp ClassLoader provided; using live ClassLoader for loading potentially unsafe class : edu.miu.cs.cs425.backend.domain.entity.User
2025-03-15T10:06:02.269-05:00 DEBUG 37662 --- [flight-booking] [           main] o.h.b.i.bytebuddy.BytecodeProviderImpl   : HHH000513: Unable to create the ReflectionOptimizer for [edu.miu.cs.cs425.backend.domain.entity.User]: private accessor [address]
2025-03-15T10:06:02.440-05:00 DEBUG 37662 --- [flight-booking] [           main] o.hibernate.orm.model.mapping.creation   : Starting post-init callbacks
2025-03-15T10:06:02.440-05:00 DEBUG 37662 --- [flight-booking] [           main] o.hibernate.orm.model.mapping.creation   : Starting PostInitCallbackEntry : To-one key - NavigableRole[edu.miu.cs.cs425.backend.domain.entity.Flight.airline]
2025-03-15T10:06:02.450-05:00 DEBUG 37662 --- [flight-booking] [           main] o.hibernate.orm.model.mapping.creation   : Starting PostInitCallbackEntry : To-one key - NavigableRole[edu.miu.cs.cs425.backend.domain.entity.Flight.destination]
2025-03-15T10:06:02.451-05:00 DEBUG 37662 --- [flight-booking] [           main] o.hibernate.orm.model.mapping.creation   : Starting PostInitCallbackEntry : To-one key - NavigableRole[edu.miu.cs.cs425.backend.domain.entity.Flight.origin]
2025-03-15T10:06:02.451-05:00 DEBUG 37662 --- [flight-booking] [           main] o.hibernate.orm.model.mapping.creation   : Starting PostInitCallbackEntry : Entity(edu.miu.cs.cs425.backend.domain.entity.Flight) `staticFetchableList` generator
2025-03-15T10:06:02.452-05:00 DEBUG 37662 --- [flight-booking] [           main] o.hibernate.orm.model.mapping.creation   : Starting PostInitCallbackEntry : Entity(edu.miu.cs.cs425.backend.domain.entity.Airline) `staticFetchableList` generator
2025-03-15T10:06:02.452-05:00 DEBUG 37662 --- [flight-booking] [           main] o.hibernate.orm.model.mapping.creation   : Starting PostInitCallbackEntry : To-one key - NavigableRole[edu.miu.cs.cs425.backend.domain.entity.FlightLeg.flight]
2025-03-15T10:06:02.452-05:00 DEBUG 37662 --- [flight-booking] [           main] o.hibernate.orm.model.mapping.creation   : Starting PostInitCallbackEntry : Entity(edu.miu.cs.cs425.backend.domain.entity.FlightLeg) `staticFetchableList` generator
2025-03-15T10:06:02.452-05:00 DEBUG 37662 --- [flight-booking] [           main] o.hibernate.orm.model.mapping.creation   : Starting PostInitCallbackEntry : Entity(edu.miu.cs.cs425.backend.domain.entity.Airport) `staticFetchableList` generator
2025-03-15T10:06:02.452-05:00 DEBUG 37662 --- [flight-booking] [           main] o.hibernate.orm.model.mapping.creation   : Starting PostInitCallbackEntry : PluralAttributeMapping( NavigableRole[edu.miu.cs.cs425.backend.domain.entity.Booking.flightLegs#{element}]) - element descriptor
2025-03-15T10:06:02.452-05:00 DEBUG 37662 --- [flight-booking] [           main] o.hibernate.orm.model.mapping.creation   : Starting PostInitCallbackEntry : PluralAttributeMapping(edu.miu.cs.cs425.backend.domain.entity.Booking.flightLegs)#finishInitialization
2025-03-15T10:06:02.452-05:00 DEBUG 37662 --- [flight-booking] [           main] o.hibernate.orm.model.mapping.creation   : Starting PostInitCallbackEntry : PluralAttributeMapping(edu.miu.cs.cs425.backend.domain.entity.Booking.flightLegs) - key descriptor
2025-03-15T10:06:02.452-05:00 DEBUG 37662 --- [flight-booking] [           main] o.hibernate.orm.model.mapping.creation   : Starting PostInitCallbackEntry : PluralAttributeMapping( NavigableRole[edu.miu.cs.cs425.backend.domain.entity.Booking.returnFlightLegs#{element}]) - element descriptor
2025-03-15T10:06:02.452-05:00 DEBUG 37662 --- [flight-booking] [           main] o.hibernate.orm.model.mapping.creation   : Starting PostInitCallbackEntry : PluralAttributeMapping(edu.miu.cs.cs425.backend.domain.entity.Booking.returnFlightLegs)#finishInitialization
2025-03-15T10:06:02.453-05:00 DEBUG 37662 --- [flight-booking] [           main] o.hibernate.orm.model.mapping.creation   : Starting PostInitCallbackEntry : PluralAttributeMapping(edu.miu.cs.cs425.backend.domain.entity.Booking.returnFlightLegs) - key descriptor
2025-03-15T10:06:02.453-05:00 DEBUG 37662 --- [flight-booking] [           main] o.hibernate.orm.model.mapping.creation   : Starting PostInitCallbackEntry : EmbeddableMappingType(edu.miu.cs.cs425.backend.domain.entity.Booking.userDetails)#finishInitialization
2025-03-15T10:06:02.454-05:00 DEBUG 37662 --- [flight-booking] [           main] o.hibernate.orm.model.mapping.creation   : Starting PostInitCallbackEntry : Entity(edu.miu.cs.cs425.backend.domain.entity.Booking) `staticFetchableList` generator
2025-03-15T10:06:02.454-05:00 DEBUG 37662 --- [flight-booking] [           main] o.hibernate.orm.model.mapping.creation   : Starting PostInitCallbackEntry : Entity(edu.miu.cs.cs425.backend.domain.entity.User) `staticFetchableList` generator
2025-03-15T10:06:02.455-05:00 DEBUG 37662 --- [flight-booking] [           main] o.hibernate.orm.model.mapping.creation   : Starting PostInitCallbackEntry : PluralAttributeMapping( NavigableRole[edu.miu.cs.cs425.backend.domain.entity.Booking.flightLegs#{element}]) - element descriptor
2025-03-15T10:06:02.455-05:00 DEBUG 37662 --- [flight-booking] [           main] o.hibernate.orm.model.mapping.creation   : Starting PostInitCallbackEntry : PluralAttributeMapping( NavigableRole[edu.miu.cs.cs425.backend.domain.entity.Booking.returnFlightLegs#{element}]) - element descriptor
2025-03-15T10:06:02.455-05:00 DEBUG 37662 --- [flight-booking] [           main] o.hibernate.orm.model.mapping.creation   : Starting PostInitCallbackEntry : EmbeddableMappingType(edu.miu.cs.cs425.backend.domain.entity.Booking.userDetails)#initColumnMappings
2025-03-15T10:06:02.676-05:00 DEBUG 37662 --- [flight-booking] [           main] org.hibernate.orm.sql.ast.create         : Created new SQL alias : f1_0
2025-03-15T10:06:02.680-05:00 DEBUG 37662 --- [flight-booking] [           main] org.hibernate.orm.sql.ast.create         : Registration of TableGroup [StandardTableGroup(edu.miu.cs.cs425.backend.domain.entity.Flight)] with identifierForTableGroup [edu.miu.cs.cs425.backend.domain.entity.Flight] for NavigablePath [edu.miu.cs.cs425.backend.domain.entity.Flight] 
2025-03-15T10:06:02.715-05:00 DEBUG 37662 --- [flight-booking] [           main] org.hibernate.orm.sql.ast.create         : Registration of TableGroup [org.hibernate.sql.ast.tree.from.LazyTableGroup@243162b1] with identifierForTableGroup [edu.miu.cs.cs425.backend.domain.entity.Flight.airline] for NavigablePath [edu.miu.cs.cs425.backend.domain.entity.Flight.airline] 
2025-03-15T10:06:02.720-05:00 DEBUG 37662 --- [flight-booking] [           main] org.hibernate.orm.sql.ast.create         : Created new SQL alias : a1_0
2025-03-15T10:06:02.731-05:00 DEBUG 37662 --- [flight-booking] [           main] org.hibernate.orm.sql.ast.create         : Registration of TableGroup [org.hibernate.sql.ast.tree.from.LazyTableGroup@498f5728] with identifierForTableGroup [edu.miu.cs.cs425.backend.domain.entity.Flight.destination] for NavigablePath [edu.miu.cs.cs425.backend.domain.entity.Flight.destination] 
2025-03-15T10:06:02.732-05:00 DEBUG 37662 --- [flight-booking] [           main] org.hibernate.orm.sql.ast.create         : Created new SQL alias : d1_0
2025-03-15T10:06:02.732-05:00 DEBUG 37662 --- [flight-booking] [           main] org.hibernate.orm.sql.ast.create         : Registration of TableGroup [org.hibernate.sql.ast.tree.from.LazyTableGroup@46610fc9] with identifierForTableGroup [edu.miu.cs.cs425.backend.domain.entity.Flight.origin] for NavigablePath [edu.miu.cs.cs425.backend.domain.entity.Flight.origin] 
2025-03-15T10:06:02.732-05:00 DEBUG 37662 --- [flight-booking] [           main] org.hibernate.orm.sql.ast.create         : Created new SQL alias : o1_0
2025-03-15T10:06:02.753-05:00 DEBUG 37662 --- [flight-booking] [           main] org.hibernate.orm.results.graph.AST      : DomainResult Graph:
 \-EntityResultImpl [edu.miu.cs.cs425.backend.domain.entity.Flight]
 |  +-EntityFetchJoinedImpl [edu.miu.cs.cs425.backend.domain.entity.Flight.airline]
 |  |  +-BasicFetch [edu.miu.cs.cs425.backend.domain.entity.Flight.airline.logoUrl]
 |  |  \-BasicFetch [edu.miu.cs.cs425.backend.domain.entity.Flight.airline.name]
 |  +-BasicFetch [edu.miu.cs.cs425.backend.domain.entity.Flight.arrival]
 |  +-BasicFetch [edu.miu.cs.cs425.backend.domain.entity.Flight.departure]
 |  +-EntityFetchJoinedImpl [edu.miu.cs.cs425.backend.domain.entity.Flight.destination]
 |  |  +-BasicFetch [edu.miu.cs.cs425.backend.domain.entity.Flight.destination.city]
 |  |  +-BasicFetch [edu.miu.cs.cs425.backend.domain.entity.Flight.destination.country]
 |  |  \-BasicFetch [edu.miu.cs.cs425.backend.domain.entity.Flight.destination.name]
 |  +-BasicFetch [edu.miu.cs.cs425.backend.domain.entity.Flight.duration]
 |  +-BasicFetch [edu.miu.cs.cs425.backend.domain.entity.Flight.flightNumber]
 |  +-EntityFetchJoinedImpl [edu.miu.cs.cs425.backend.domain.entity.Flight.origin]
 |  |  +-BasicFetch [edu.miu.cs.cs425.backend.domain.entity.Flight.origin.city]
 |  |  +-BasicFetch [edu.miu.cs.cs425.backend.domain.entity.Flight.origin.country]
 |  |  \-BasicFetch [edu.miu.cs.cs425.backend.domain.entity.Flight.origin.name]
 |  +-BasicFetch [edu.miu.cs.cs425.backend.domain.entity.Flight.price]
 |  \-BasicFetch [edu.miu.cs.cs425.backend.domain.entity.Flight.seatsAvailable]

2025-03-15T10:06:02.760-05:00 DEBUG 37662 --- [flight-booking] [           main] org.hibernate.orm.sql.ast.tree           : SQL AST Tree:
    SelectStatement {
      FromClause {
        StandardTableGroup (f1 : edu.miu.cs.cs425.backend.domain.entity.Flight) {
          primaryTableReference : flight as f1_0
          TableGroupJoins {
            left  join LazyTableGroup (a1 : edu.miu.cs.cs425.backend.domain.entity.Flight.airline) {
              primaryTableReference : airline as a1_0
            }
            left  join LazyTableGroup (d1 : edu.miu.cs.cs425.backend.domain.entity.Flight.destination) {
              primaryTableReference : airport as d1_0
            }
            left  join LazyTableGroup (o1 : edu.miu.cs.cs425.backend.domain.entity.Flight.origin) {
              primaryTableReference : airport as o1_0
            }
          }
        }
      }
    }

2025-03-15T10:06:02.786-05:00 DEBUG 37662 --- [flight-booking] [           main] o.h.p.entity.AbstractEntityPersister     : Static SQL for entity: edu.miu.cs.cs425.backend.domain.entity.Flight
2025-03-15T10:06:02.786-05:00 DEBUG 37662 --- [flight-booking] [           main] o.h.p.entity.AbstractEntityPersister     :  Version select: select id from flight where id=?
2025-03-15T10:06:02.787-05:00 DEBUG 37662 --- [flight-booking] [           main] o.h.p.entity.AbstractEntityPersister     :  Insert (0): insert into flight (airline_code,arrival,departure,destination_iata_code,duration,flight_number,origin_iata_code,price,seats_available,id) values (?,?,?,?,?,?,?,?,?,?)
2025-03-15T10:06:02.787-05:00 DEBUG 37662 --- [flight-booking] [           main] o.h.p.entity.AbstractEntityPersister     :  Update (0): update flight set airline_code=?,arrival=?,departure=?,destination_iata_code=?,duration=?,flight_number=?,origin_iata_code=?,price=?,seats_available=? where id=?
2025-03-15T10:06:02.787-05:00 DEBUG 37662 --- [flight-booking] [           main] o.h.p.entity.AbstractEntityPersister     :  Delete (0): delete from flight where id=?
2025-03-15T10:06:02.787-05:00 DEBUG 37662 --- [flight-booking] [           main] org.hibernate.orm.sql.ast.create         : Created new SQL alias : a1_0
2025-03-15T10:06:02.787-05:00 DEBUG 37662 --- [flight-booking] [           main] org.hibernate.orm.sql.ast.create         : Registration of TableGroup [StandardTableGroup(edu.miu.cs.cs425.backend.domain.entity.Airline)] with identifierForTableGroup [edu.miu.cs.cs425.backend.domain.entity.Airline] for NavigablePath [edu.miu.cs.cs425.backend.domain.entity.Airline] 
2025-03-15T10:06:02.787-05:00 DEBUG 37662 --- [flight-booking] [           main] org.hibernate.orm.results.graph.AST      : DomainResult Graph:
 \-EntityResultImpl [edu.miu.cs.cs425.backend.domain.entity.Airline]
 |  +-BasicFetch [edu.miu.cs.cs425.backend.domain.entity.Airline.logoUrl]
 |  \-BasicFetch [edu.miu.cs.cs425.backend.domain.entity.Airline.name]

2025-03-15T10:06:02.787-05:00 DEBUG 37662 --- [flight-booking] [           main] org.hibernate.orm.sql.ast.tree           : SQL AST Tree:
    SelectStatement {
      FromClause {
        StandardTableGroup (a1 : edu.miu.cs.cs425.backend.domain.entity.Airline) {
          primaryTableReference : airline as a1_0
        }
      }
    }

2025-03-15T10:06:02.788-05:00 DEBUG 37662 --- [flight-booking] [           main] o.h.p.entity.AbstractEntityPersister     : Static SQL for entity: edu.miu.cs.cs425.backend.domain.entity.Airline
2025-03-15T10:06:02.788-05:00 DEBUG 37662 --- [flight-booking] [           main] o.h.p.entity.AbstractEntityPersister     :  Version select: select code from airline where code=?
2025-03-15T10:06:02.788-05:00 DEBUG 37662 --- [flight-booking] [           main] o.h.p.entity.AbstractEntityPersister     :  Insert (0): insert into airline (logo_url,name,code) values (?,?,?)
2025-03-15T10:06:02.788-05:00 DEBUG 37662 --- [flight-booking] [           main] o.h.p.entity.AbstractEntityPersister     :  Update (0): update airline set logo_url=?,name=? where code=?
2025-03-15T10:06:02.788-05:00 DEBUG 37662 --- [flight-booking] [           main] o.h.p.entity.AbstractEntityPersister     :  Delete (0): delete from airline where code=?
2025-03-15T10:06:02.788-05:00 DEBUG 37662 --- [flight-booking] [           main] org.hibernate.orm.sql.ast.create         : Created new SQL alias : fl1_0
2025-03-15T10:06:02.803-05:00 DEBUG 37662 --- [flight-booking] [           main] org.hibernate.orm.sql.ast.create         : Registration of TableGroup [StandardTableGroup(edu.miu.cs.cs425.backend.domain.entity.FlightLeg)] with identifierForTableGroup [edu.miu.cs.cs425.backend.domain.entity.FlightLeg] for NavigablePath [edu.miu.cs.cs425.backend.domain.entity.FlightLeg] 
2025-03-15T10:06:02.803-05:00 DEBUG 37662 --- [flight-booking] [           main] org.hibernate.orm.sql.ast.create         : Registration of TableGroup [org.hibernate.sql.ast.tree.from.LazyTableGroup@18ffc008] with identifierForTableGroup [edu.miu.cs.cs425.backend.domain.entity.FlightLeg.flight] for NavigablePath [edu.miu.cs.cs425.backend.domain.entity.FlightLeg.flight] 
2025-03-15T10:06:02.806-05:00 DEBUG 37662 --- [flight-booking] [           main] org.hibernate.orm.sql.ast.create         : Created new SQL alias : f1_0
2025-03-15T10:06:02.808-05:00 DEBUG 37662 --- [flight-booking] [           main] org.hibernate.orm.sql.ast.create         : Registration of TableGroup [org.hibernate.sql.ast.tree.from.LazyTableGroup@608c7b5b] with identifierForTableGroup [edu.miu.cs.cs425.backend.domain.entity.FlightLeg.flight.airline] for NavigablePath [edu.miu.cs.cs425.backend.domain.entity.FlightLeg.flight.airline] 
2025-03-15T10:06:02.808-05:00 DEBUG 37662 --- [flight-booking] [           main] org.hibernate.orm.sql.ast.create         : Created new SQL alias : a1_0
2025-03-15T10:06:02.809-05:00 DEBUG 37662 --- [flight-booking] [           main] org.hibernate.orm.sql.ast.create         : Registration of TableGroup [org.hibernate.sql.ast.tree.from.LazyTableGroup@2643ed03] with identifierForTableGroup [edu.miu.cs.cs425.backend.domain.entity.FlightLeg.flight.destination] for NavigablePath [edu.miu.cs.cs425.backend.domain.entity.FlightLeg.flight.destination] 
2025-03-15T10:06:02.809-05:00 DEBUG 37662 --- [flight-booking] [           main] org.hibernate.orm.sql.ast.create         : Created new SQL alias : d1_0
2025-03-15T10:06:02.810-05:00 DEBUG 37662 --- [flight-booking] [           main] org.hibernate.orm.sql.ast.create         : Registration of TableGroup [org.hibernate.sql.ast.tree.from.LazyTableGroup@17d45cfb] with identifierForTableGroup [edu.miu.cs.cs425.backend.domain.entity.FlightLeg.flight.origin] for NavigablePath [edu.miu.cs.cs425.backend.domain.entity.FlightLeg.flight.origin] 
2025-03-15T10:06:02.810-05:00 DEBUG 37662 --- [flight-booking] [           main] org.hibernate.orm.sql.ast.create         : Created new SQL alias : o1_0
2025-03-15T10:06:02.814-05:00 DEBUG 37662 --- [flight-booking] [           main] org.hibernate.orm.results.graph.AST      : DomainResult Graph:
 \-EntityResultImpl [edu.miu.cs.cs425.backend.domain.entity.FlightLeg]
 |  +-EntityFetchJoinedImpl [edu.miu.cs.cs425.backend.domain.entity.FlightLeg.flight]
 |  |  +-EntityFetchJoinedImpl [edu.miu.cs.cs425.backend.domain.entity.FlightLeg.flight.airline]
 |  |  |  +-BasicFetch [edu.miu.cs.cs425.backend.domain.entity.FlightLeg.flight.airline.logoUrl]
 |  |  |  \-BasicFetch [edu.miu.cs.cs425.backend.domain.entity.FlightLeg.flight.airline.name]
 |  |  +-BasicFetch [edu.miu.cs.cs425.backend.domain.entity.FlightLeg.flight.arrival]
 |  |  +-BasicFetch [edu.miu.cs.cs425.backend.domain.entity.FlightLeg.flight.departure]
 |  |  +-EntityFetchJoinedImpl [edu.miu.cs.cs425.backend.domain.entity.FlightLeg.flight.destination]
 |  |  |  +-BasicFetch [edu.miu.cs.cs425.backend.domain.entity.FlightLeg.flight.destination.city]
 |  |  |  +-BasicFetch [edu.miu.cs.cs425.backend.domain.entity.FlightLeg.flight.destination.country]
 |  |  |  \-BasicFetch [edu.miu.cs.cs425.backend.domain.entity.FlightLeg.flight.destination.name]
 |  |  +-BasicFetch [edu.miu.cs.cs425.backend.domain.entity.FlightLeg.flight.duration]
 |  |  +-BasicFetch [edu.miu.cs.cs425.backend.domain.entity.FlightLeg.flight.flightNumber]
 |  |  +-EntityFetchJoinedImpl [edu.miu.cs.cs425.backend.domain.entity.FlightLeg.flight.origin]
 |  |  |  +-BasicFetch [edu.miu.cs.cs425.backend.domain.entity.FlightLeg.flight.origin.city]
 |  |  |  +-BasicFetch [edu.miu.cs.cs425.backend.domain.entity.FlightLeg.flight.origin.country]
 |  |  |  \-BasicFetch [edu.miu.cs.cs425.backend.domain.entity.FlightLeg.flight.origin.name]
 |  |  +-BasicFetch [edu.miu.cs.cs425.backend.domain.entity.FlightLeg.flight.price]
 |  |  \-BasicFetch [edu.miu.cs.cs425.backend.domain.entity.FlightLeg.flight.seatsAvailable]
 |  \-BasicFetch [edu.miu.cs.cs425.backend.domain.entity.FlightLeg.legNumber]

2025-03-15T10:06:02.814-05:00 DEBUG 37662 --- [flight-booking] [           main] org.hibernate.orm.sql.ast.tree           : SQL AST Tree:
    SelectStatement {
      FromClause {
        StandardTableGroup (fl1 : edu.miu.cs.cs425.backend.domain.entity.FlightLeg) {
          primaryTableReference : flight_legs as fl1_0
          TableGroupJoins {
             join LazyTableGroup (f1 : edu.miu.cs.cs425.backend.domain.entity.FlightLeg.flight) {
              primaryTableReference : flight as f1_0
              TableGroupJoins {
                left  join LazyTableGroup (a1 : edu.miu.cs.cs425.backend.domain.entity.FlightLeg.flight.airline) {
                  primaryTableReference : airline as a1_0
                }
                left  join LazyTableGroup (d1 : edu.miu.cs.cs425.backend.domain.entity.FlightLeg.flight.destination) {
                  primaryTableReference : airport as d1_0
                }
                left  join LazyTableGroup (o1 : edu.miu.cs.cs425.backend.domain.entity.FlightLeg.flight.origin) {
                  primaryTableReference : airport as o1_0
                }
              }
            }
          }
        }
      }
    }

2025-03-15T10:06:02.815-05:00 DEBUG 37662 --- [flight-booking] [           main] o.h.p.entity.AbstractEntityPersister     : Static SQL for entity: edu.miu.cs.cs425.backend.domain.entity.FlightLeg
2025-03-15T10:06:02.815-05:00 DEBUG 37662 --- [flight-booking] [           main] o.h.p.entity.AbstractEntityPersister     :  Version select: select id from flight_legs where id=?
2025-03-15T10:06:02.815-05:00 DEBUG 37662 --- [flight-booking] [           main] o.h.p.entity.AbstractEntityPersister     :  Insert (0): insert into flight_legs (flight_id,leg_number) values (?,?)
2025-03-15T10:06:02.815-05:00 DEBUG 37662 --- [flight-booking] [           main] o.h.p.entity.AbstractEntityPersister     :  Update (0): update flight_legs set flight_id=?,leg_number=? where id=?
2025-03-15T10:06:02.815-05:00 DEBUG 37662 --- [flight-booking] [           main] o.h.p.entity.AbstractEntityPersister     :  Delete (0): delete from flight_legs where id=?
2025-03-15T10:06:02.816-05:00 DEBUG 37662 --- [flight-booking] [           main] org.hibernate.orm.sql.ast.create         : Created new SQL alias : a1_0
2025-03-15T10:06:02.816-05:00 DEBUG 37662 --- [flight-booking] [           main] org.hibernate.orm.sql.ast.create         : Registration of TableGroup [StandardTableGroup(edu.miu.cs.cs425.backend.domain.entity.Airport)] with identifierForTableGroup [edu.miu.cs.cs425.backend.domain.entity.Airport] for NavigablePath [edu.miu.cs.cs425.backend.domain.entity.Airport] 
2025-03-15T10:06:02.816-05:00 DEBUG 37662 --- [flight-booking] [           main] org.hibernate.orm.results.graph.AST      : DomainResult Graph:
 \-EntityResultImpl [edu.miu.cs.cs425.backend.domain.entity.Airport]
 |  +-BasicFetch [edu.miu.cs.cs425.backend.domain.entity.Airport.city]
 |  +-BasicFetch [edu.miu.cs.cs425.backend.domain.entity.Airport.country]
 |  \-BasicFetch [edu.miu.cs.cs425.backend.domain.entity.Airport.name]

2025-03-15T10:06:02.817-05:00 DEBUG 37662 --- [flight-booking] [           main] org.hibernate.orm.sql.ast.tree           : SQL AST Tree:
    SelectStatement {
      FromClause {
        StandardTableGroup (a1 : edu.miu.cs.cs425.backend.domain.entity.Airport) {
          primaryTableReference : airport as a1_0
        }
      }
    }

2025-03-15T10:06:02.817-05:00 DEBUG 37662 --- [flight-booking] [           main] o.h.p.entity.AbstractEntityPersister     : Static SQL for entity: edu.miu.cs.cs425.backend.domain.entity.Airport
2025-03-15T10:06:02.817-05:00 DEBUG 37662 --- [flight-booking] [           main] o.h.p.entity.AbstractEntityPersister     :  Version select: select iata_code from airport where iata_code=?
2025-03-15T10:06:02.817-05:00 DEBUG 37662 --- [flight-booking] [           main] o.h.p.entity.AbstractEntityPersister     :  Insert (0): insert into airport (city,country,name,iata_code) values (?,?,?,?)
2025-03-15T10:06:02.817-05:00 DEBUG 37662 --- [flight-booking] [           main] o.h.p.entity.AbstractEntityPersister     :  Update (0): update airport set city=?,country=?,name=? where iata_code=?
2025-03-15T10:06:02.817-05:00 DEBUG 37662 --- [flight-booking] [           main] o.h.p.entity.AbstractEntityPersister     :  Delete (0): delete from airport where iata_code=?
2025-03-15T10:06:02.817-05:00 DEBUG 37662 --- [flight-booking] [           main] org.hibernate.orm.sql.ast.create         : Created new SQL alias : b1_0
2025-03-15T10:06:02.817-05:00 DEBUG 37662 --- [flight-booking] [           main] org.hibernate.orm.sql.ast.create         : Registration of TableGroup [StandardTableGroup(edu.miu.cs.cs425.backend.domain.entity.Booking)] with identifierForTableGroup [edu.miu.cs.cs425.backend.domain.entity.Booking] for NavigablePath [edu.miu.cs.cs425.backend.domain.entity.Booking] 
2025-03-15T10:06:02.825-05:00 DEBUG 37662 --- [flight-booking] [           main] org.hibernate.orm.sql.ast.create         : Registration of TableGroup [StandardVirtualTableGroup(edu.miu.cs.cs425.backend.domain.entity.Booking.userDetails)] with identifierForTableGroup [edu.miu.cs.cs425.backend.domain.entity.Booking.userDetails] for NavigablePath [edu.miu.cs.cs425.backend.domain.entity.Booking.userDetails] 
2025-03-15T10:06:02.830-05:00 DEBUG 37662 --- [flight-booking] [           main] org.hibernate.orm.results.graph.AST      : DomainResult Graph:
 \-EntityResultImpl [edu.miu.cs.cs425.backend.domain.entity.Booking]
 |  +-BasicFetch [edu.miu.cs.cs425.backend.domain.entity.Booking.createdAt]
 |  +-BasicFetch [edu.miu.cs.cs425.backend.domain.entity.Booking.fareType]
 |  +-DelayedCollectionFetch [edu.miu.cs.cs425.backend.domain.entity.Booking.flightLegs]
 |  +-DelayedCollectionFetch [edu.miu.cs.cs425.backend.domain.entity.Booking.returnFlightLegs]
 |  +-BasicFetch [edu.miu.cs.cs425.backend.domain.entity.Booking.selectedSeat]
 |  +-BasicFetch [edu.miu.cs.cs425.backend.domain.entity.Booking.status]
 |  +-BasicFetch [edu.miu.cs.cs425.backend.domain.entity.Booking.totalPrice]
 |  +-BasicFetch [edu.miu.cs.cs425.backend.domain.entity.Booking.updatedAt]
 |  +-EmbeddableFetchImpl [edu.miu.cs.cs425.backend.domain.entity.Booking.userDetails]
 |  |  +-BasicFetch [edu.miu.cs.cs425.backend.domain.entity.Booking.userDetails.address]
 |  |  +-BasicFetch [edu.miu.cs.cs425.backend.domain.entity.Booking.userDetails.email]
 |  |  +-BasicFetch [edu.miu.cs.cs425.backend.domain.entity.Booking.userDetails.firstName]
 |  |  +-BasicFetch [edu.miu.cs.cs425.backend.domain.entity.Booking.userDetails.lastName]
 |  |  +-BasicFetch [edu.miu.cs.cs425.backend.domain.entity.Booking.userDetails.passportNumber]
 |  |  \-BasicFetch [edu.miu.cs.cs425.backend.domain.entity.Booking.userDetails.phone]
 |  \-BasicFetch [edu.miu.cs.cs425.backend.domain.entity.Booking.userId]

2025-03-15T10:06:02.831-05:00 DEBUG 37662 --- [flight-booking] [           main] org.hibernate.orm.sql.ast.tree           : SQL AST Tree:
    SelectStatement {
      FromClause {
        StandardTableGroup (b1 : edu.miu.cs.cs425.backend.domain.entity.Booking) {
          primaryTableReference : bookings as b1_0
          TableGroupJoins {
             join StandardVirtualTableGroup (null : edu.miu.cs.cs425.backend.domain.entity.Booking.userDetails) {
              primaryTableReference : bookings as b1_0
            }
          }
        }
      }
    }

2025-03-15T10:06:02.833-05:00 DEBUG 37662 --- [flight-booking] [           main] o.h.p.entity.AbstractEntityPersister     : Static SQL for entity: edu.miu.cs.cs425.backend.domain.entity.Booking
2025-03-15T10:06:02.833-05:00 DEBUG 37662 --- [flight-booking] [           main] o.h.p.entity.AbstractEntityPersister     :  Version select: select id from bookings where id=?
2025-03-15T10:06:02.833-05:00 DEBUG 37662 --- [flight-booking] [           main] o.h.p.entity.AbstractEntityPersister     :  Insert (0): insert into bookings (created_at,fare_type,selected_seat,status,total_price,updated_at,address,email,first_name,last_name,passport_number,phone,user_id) values (?,?,?,?,?,?,?,?,?,?,?,?,?)
2025-03-15T10:06:02.833-05:00 DEBUG 37662 --- [flight-booking] [           main] o.h.p.entity.AbstractEntityPersister     :  Update (0): update bookings set created_at=?,fare_type=?,selected_seat=?,status=?,total_price=?,updated_at=?,address=?,email=?,first_name=?,last_name=?,passport_number=?,phone=?,user_id=? where id=?
2025-03-15T10:06:02.833-05:00 DEBUG 37662 --- [flight-booking] [           main] o.h.p.entity.AbstractEntityPersister     :  Delete (0): delete from bookings where id=?
2025-03-15T10:06:02.833-05:00 DEBUG 37662 --- [flight-booking] [           main] org.hibernate.orm.sql.ast.create         : Created new SQL alias : u1_0
2025-03-15T10:06:02.833-05:00 DEBUG 37662 --- [flight-booking] [           main] org.hibernate.orm.sql.ast.create         : Registration of TableGroup [StandardTableGroup(edu.miu.cs.cs425.backend.domain.entity.User)] with identifierForTableGroup [edu.miu.cs.cs425.backend.domain.entity.User] for NavigablePath [edu.miu.cs.cs425.backend.domain.entity.User] 
2025-03-15T10:06:02.836-05:00 DEBUG 37662 --- [flight-booking] [           main] org.hibernate.orm.results.graph.AST      : DomainResult Graph:
 \-EntityResultImpl [edu.miu.cs.cs425.backend.domain.entity.User]
 |  +-BasicFetch [edu.miu.cs.cs425.backend.domain.entity.User.address]
 |  +-BasicFetch [edu.miu.cs.cs425.backend.domain.entity.User.avatar]
 |  +-BasicFetch [edu.miu.cs.cs425.backend.domain.entity.User.createdAt]
 |  +-BasicFetch [edu.miu.cs.cs425.backend.domain.entity.User.email]
 |  +-BasicFetch [edu.miu.cs.cs425.backend.domain.entity.User.name]
 |  +-BasicFetch [edu.miu.cs.cs425.backend.domain.entity.User.password]
 |  +-BasicFetch [edu.miu.cs.cs425.backend.domain.entity.User.phone]
 |  +-BasicFetch [edu.miu.cs.cs425.backend.domain.entity.User.role]
 |  \-BasicFetch [edu.miu.cs.cs425.backend.domain.entity.User.updatedAt]

2025-03-15T10:06:02.836-05:00 DEBUG 37662 --- [flight-booking] [           main] org.hibernate.orm.sql.ast.tree           : SQL AST Tree:
    SelectStatement {
      FromClause {
        StandardTableGroup (u1 : edu.miu.cs.cs425.backend.domain.entity.User) {
          primaryTableReference : user as u1_0
        }
      }
    }

2025-03-15T10:06:02.837-05:00 DEBUG 37662 --- [flight-booking] [           main] o.h.p.entity.AbstractEntityPersister     : Static SQL for entity: edu.miu.cs.cs425.backend.domain.entity.User
2025-03-15T10:06:02.844-05:00 DEBUG 37662 --- [flight-booking] [           main] o.h.p.entity.AbstractEntityPersister     :  Version select: select id from user where id=?
2025-03-15T10:06:02.845-05:00 DEBUG 37662 --- [flight-booking] [           main] o.h.p.entity.AbstractEntityPersister     :  Insert (0): insert into user (address,avatar,created_at,email,name,password,phone,role,updated_at,id) values (?,?,?,?,?,?,?,?,?,?)
2025-03-15T10:06:02.846-05:00 DEBUG 37662 --- [flight-booking] [           main] o.h.p.entity.AbstractEntityPersister     :  Update (0): update user set address=?,avatar=?,created_at=?,email=?,name=?,password=?,phone=?,role=?,updated_at=? where id=?
2025-03-15T10:06:02.846-05:00 DEBUG 37662 --- [flight-booking] [           main] o.h.p.entity.AbstractEntityPersister     :  Delete (0): delete from user where id=?
2025-03-15T10:06:02.852-05:00 DEBUG 37662 --- [flight-booking] [           main] org.hibernate.orm.sql.ast.create         : Created new SQL alias : fl1_0
2025-03-15T10:06:02.853-05:00 DEBUG 37662 --- [flight-booking] [           main] org.hibernate.orm.sql.ast.create         : Registration of TableGroup [org.hibernate.sql.ast.tree.from.OneToManyTableGroup@5a5b394] with identifierForTableGroup [edu.miu.cs.cs425.backend.domain.entity.Booking.flightLegs] for NavigablePath [edu.miu.cs.cs425.backend.domain.entity.Booking.flightLegs] 
2025-03-15T10:06:02.854-05:00 DEBUG 37662 --- [flight-booking] [           main] org.hibernate.orm.sql.ast.create         : Registration of TableGroup [StandardTableGroup(edu.miu.cs.cs425.backend.domain.entity.Booking.flightLegs.{element})] with identifierForTableGroup [edu.miu.cs.cs425.backend.domain.entity.Booking.flightLegs.{element}] for NavigablePath [edu.miu.cs.cs425.backend.domain.entity.Booking.flightLegs.{element}] 
2025-03-15T10:06:02.862-05:00 DEBUG 37662 --- [flight-booking] [           main] org.hibernate.orm.sql.ast.create         : Registration of TableGroup [org.hibernate.sql.ast.tree.from.LazyTableGroup@16602333] with identifierForTableGroup [edu.miu.cs.cs425.backend.domain.entity.Booking.flightLegs.{element}.flight] for NavigablePath [edu.miu.cs.cs425.backend.domain.entity.Booking.flightLegs.{element}.flight] 
2025-03-15T10:06:02.863-05:00 DEBUG 37662 --- [flight-booking] [           main] org.hibernate.orm.sql.ast.create         : Created new SQL alias : f1_0
2025-03-15T10:06:02.864-05:00 DEBUG 37662 --- [flight-booking] [           main] org.hibernate.orm.sql.ast.create         : Registration of TableGroup [org.hibernate.sql.ast.tree.from.LazyTableGroup@67376bae] with identifierForTableGroup [edu.miu.cs.cs425.backend.domain.entity.Booking.flightLegs.{element}.flight.airline] for NavigablePath [edu.miu.cs.cs425.backend.domain.entity.Booking.flightLegs.{element}.flight.airline] 
2025-03-15T10:06:02.864-05:00 DEBUG 37662 --- [flight-booking] [           main] org.hibernate.orm.sql.ast.create         : Created new SQL alias : a1_0
2025-03-15T10:06:02.867-05:00 DEBUG 37662 --- [flight-booking] [           main] org.hibernate.orm.sql.ast.create         : Registration of TableGroup [org.hibernate.sql.ast.tree.from.LazyTableGroup@6d6d81c] with identifierForTableGroup [edu.miu.cs.cs425.backend.domain.entity.Booking.flightLegs.{element}.flight.destination] for NavigablePath [edu.miu.cs.cs425.backend.domain.entity.Booking.flightLegs.{element}.flight.destination] 
2025-03-15T10:06:02.867-05:00 DEBUG 37662 --- [flight-booking] [           main] org.hibernate.orm.sql.ast.create         : Created new SQL alias : d1_0
2025-03-15T10:06:02.869-05:00 DEBUG 37662 --- [flight-booking] [           main] org.hibernate.orm.sql.ast.create         : Registration of TableGroup [org.hibernate.sql.ast.tree.from.LazyTableGroup@7c59cf66] with identifierForTableGroup [edu.miu.cs.cs425.backend.domain.entity.Booking.flightLegs.{element}.flight.origin] for NavigablePath [edu.miu.cs.cs425.backend.domain.entity.Booking.flightLegs.{element}.flight.origin] 
2025-03-15T10:06:02.870-05:00 DEBUG 37662 --- [flight-booking] [           main] org.hibernate.orm.sql.ast.create         : Created new SQL alias : o1_0
2025-03-15T10:06:02.881-05:00 DEBUG 37662 --- [flight-booking] [           main] org.hibernate.orm.results.graph.AST      : DomainResult Graph:
 \-CollectionDomainResult [edu.miu.cs.cs425.backend.domain.entity.Booking.flightLegs]

2025-03-15T10:06:02.881-05:00 DEBUG 37662 --- [flight-booking] [           main] org.hibernate.orm.sql.ast.tree           : SQL AST Tree:
    SelectStatement {
      FromClause {
        OneToManyTableGroup (fl1 : edu.miu.cs.cs425.backend.domain.entity.Booking.flightLegs) {
          primaryTableReference : flight_legs as fl1_0
          TableGroupJoins {
            left  join LazyTableGroup (f1 : edu.miu.cs.cs425.backend.domain.entity.Booking.flightLegs.{element}.flight) {
              primaryTableReference : flight as f1_0
              TableGroupJoins {
                left  join LazyTableGroup (a1 : edu.miu.cs.cs425.backend.domain.entity.Booking.flightLegs.{element}.flight.airline) {
                  primaryTableReference : airline as a1_0
                }
                left  join LazyTableGroup (d1 : edu.miu.cs.cs425.backend.domain.entity.Booking.flightLegs.{element}.flight.destination) {
                  primaryTableReference : airport as d1_0
                }
                left  join LazyTableGroup (o1 : edu.miu.cs.cs425.backend.domain.entity.Booking.flightLegs.{element}.flight.origin) {
                  primaryTableReference : airport as o1_0
                }
              }
            }
          }
        }
      }
    }

2025-03-15T10:06:02.882-05:00 DEBUG 37662 --- [flight-booking] [           main] org.hibernate.orm.jdbc.mutation          : Static SQL for collection: edu.miu.cs.cs425.backend.domain.entity.Booking.flightLegs
2025-03-15T10:06:02.883-05:00 DEBUG 37662 --- [flight-booking] [           main] org.hibernate.orm.jdbc.mutation          :  Row insert: update flight_legs set booking_id=? where id=?
2025-03-15T10:06:02.886-05:00 DEBUG 37662 --- [flight-booking] [           main] org.hibernate.orm.jdbc.mutation          :  Row delete: update flight_legs set booking_id=null where booking_id=? and id=?
2025-03-15T10:06:02.890-05:00 DEBUG 37662 --- [flight-booking] [           main] org.hibernate.orm.jdbc.mutation          :  One-shot delete: update flight_legs set booking_id=null where booking_id=?
2025-03-15T10:06:02.891-05:00 DEBUG 37662 --- [flight-booking] [           main] org.hibernate.orm.sql.ast.create         : Created new SQL alias : rfl1_0
2025-03-15T10:06:02.894-05:00 DEBUG 37662 --- [flight-booking] [           main] org.hibernate.orm.sql.ast.create         : Registration of TableGroup [org.hibernate.sql.ast.tree.from.OneToManyTableGroup@61d527ac] with identifierForTableGroup [edu.miu.cs.cs425.backend.domain.entity.Booking.returnFlightLegs] for NavigablePath [edu.miu.cs.cs425.backend.domain.entity.Booking.returnFlightLegs] 
2025-03-15T10:06:02.894-05:00 DEBUG 37662 --- [flight-booking] [           main] org.hibernate.orm.sql.ast.create         : Registration of TableGroup [StandardTableGroup(edu.miu.cs.cs425.backend.domain.entity.Booking.returnFlightLegs.{element})] with identifierForTableGroup [edu.miu.cs.cs425.backend.domain.entity.Booking.returnFlightLegs.{element}] for NavigablePath [edu.miu.cs.cs425.backend.domain.entity.Booking.returnFlightLegs.{element}] 
2025-03-15T10:06:02.895-05:00 DEBUG 37662 --- [flight-booking] [           main] org.hibernate.orm.sql.ast.create         : Registration of TableGroup [org.hibernate.sql.ast.tree.from.LazyTableGroup@498503cb] with identifierForTableGroup [edu.miu.cs.cs425.backend.domain.entity.Booking.returnFlightLegs.{element}.flight] for NavigablePath [edu.miu.cs.cs425.backend.domain.entity.Booking.returnFlightLegs.{element}.flight] 
2025-03-15T10:06:02.896-05:00 DEBUG 37662 --- [flight-booking] [           main] org.hibernate.orm.sql.ast.create         : Created new SQL alias : f1_0
2025-03-15T10:06:02.921-05:00 DEBUG 37662 --- [flight-booking] [           main] org.hibernate.orm.sql.ast.create         : Registration of TableGroup [org.hibernate.sql.ast.tree.from.LazyTableGroup@380e3122] with identifierForTableGroup [edu.miu.cs.cs425.backend.domain.entity.Booking.returnFlightLegs.{element}.flight.airline] for NavigablePath [edu.miu.cs.cs425.backend.domain.entity.Booking.returnFlightLegs.{element}.flight.airline] 
2025-03-15T10:06:02.922-05:00 DEBUG 37662 --- [flight-booking] [           main] org.hibernate.orm.sql.ast.create         : Created new SQL alias : a1_0
2025-03-15T10:06:02.924-05:00 DEBUG 37662 --- [flight-booking] [           main] org.hibernate.orm.sql.ast.create         : Registration of TableGroup [org.hibernate.sql.ast.tree.from.LazyTableGroup@576323ff] with identifierForTableGroup [edu.miu.cs.cs425.backend.domain.entity.Booking.returnFlightLegs.{element}.flight.destination] for NavigablePath [edu.miu.cs.cs425.backend.domain.entity.Booking.returnFlightLegs.{element}.flight.destination] 
2025-03-15T10:06:02.925-05:00 DEBUG 37662 --- [flight-booking] [           main] org.hibernate.orm.sql.ast.create         : Created new SQL alias : d1_0
2025-03-15T10:06:02.925-05:00 DEBUG 37662 --- [flight-booking] [           main] org.hibernate.orm.sql.ast.create         : Registration of TableGroup [org.hibernate.sql.ast.tree.from.LazyTableGroup@1fc386f8] with identifierForTableGroup [edu.miu.cs.cs425.backend.domain.entity.Booking.returnFlightLegs.{element}.flight.origin] for NavigablePath [edu.miu.cs.cs425.backend.domain.entity.Booking.returnFlightLegs.{element}.flight.origin] 
2025-03-15T10:06:02.925-05:00 DEBUG 37662 --- [flight-booking] [           main] org.hibernate.orm.sql.ast.create         : Created new SQL alias : o1_0
2025-03-15T10:06:02.928-05:00 DEBUG 37662 --- [flight-booking] [           main] org.hibernate.orm.results.graph.AST      : DomainResult Graph:
 \-CollectionDomainResult [edu.miu.cs.cs425.backend.domain.entity.Booking.returnFlightLegs]

2025-03-15T10:06:02.930-05:00 DEBUG 37662 --- [flight-booking] [           main] org.hibernate.orm.sql.ast.tree           : SQL AST Tree:
    SelectStatement {
      FromClause {
        OneToManyTableGroup (rfl1 : edu.miu.cs.cs425.backend.domain.entity.Booking.returnFlightLegs) {
          primaryTableReference : flight_legs as rfl1_0
          TableGroupJoins {
            left  join LazyTableGroup (f1 : edu.miu.cs.cs425.backend.domain.entity.Booking.returnFlightLegs.{element}.flight) {
              primaryTableReference : flight as f1_0
              TableGroupJoins {
                left  join LazyTableGroup (a1 : edu.miu.cs.cs425.backend.domain.entity.Booking.returnFlightLegs.{element}.flight.airline) {
                  primaryTableReference : airline as a1_0
                }
                left  join LazyTableGroup (d1 : edu.miu.cs.cs425.backend.domain.entity.Booking.returnFlightLegs.{element}.flight.destination) {
                  primaryTableReference : airport as d1_0
                }
                left  join LazyTableGroup (o1 : edu.miu.cs.cs425.backend.domain.entity.Booking.returnFlightLegs.{element}.flight.origin) {
                  primaryTableReference : airport as o1_0
                }
              }
            }
          }
        }
      }
    }

2025-03-15T10:06:02.932-05:00 DEBUG 37662 --- [flight-booking] [           main] org.hibernate.orm.jdbc.mutation          : Static SQL for collection: edu.miu.cs.cs425.backend.domain.entity.Booking.returnFlightLegs
2025-03-15T10:06:02.932-05:00 DEBUG 37662 --- [flight-booking] [           main] org.hibernate.orm.jdbc.mutation          :  Row insert: update flight_legs set booking_id=? where id=?
2025-03-15T10:06:02.932-05:00 DEBUG 37662 --- [flight-booking] [           main] org.hibernate.orm.jdbc.mutation          :  Row delete: update flight_legs set booking_id=null where booking_id=? and id=?
2025-03-15T10:06:02.933-05:00 DEBUG 37662 --- [flight-booking] [           main] org.hibernate.orm.jdbc.mutation          :  One-shot delete: update flight_legs set booking_id=null where booking_id=?
2025-03-15T10:06:03.096-05:00  INFO 37662 --- [flight-booking] [           main] o.h.e.t.j.p.i.JtaPlatformInitiator       : HHH000489: No JTA platform available (set 'hibernate.transaction.jta.platform' to enable JTA platform integration)
2025-03-15T10:06:03.097-05:00 DEBUG 37662 --- [flight-booking] [           main] o.h.type.spi.TypeConfiguration$Scope     : Scoping TypeConfiguration [org.hibernate.type.spi.TypeConfiguration@2ce47652] to SessionFactoryImplementor [org.hibernate.internal.SessionFactoryImpl@25da1dc9]
2025-03-15T10:06:03.099-05:00 DEBUG 37662 --- [flight-booking] [           main] o.h.query.named.NamedObjectRepository    : Checking 0 named HQL queries
2025-03-15T10:06:03.099-05:00 DEBUG 37662 --- [flight-booking] [           main] o.h.query.named.NamedObjectRepository    : Checking 0 named SQL queries
2025-03-15T10:06:03.182-05:00 DEBUG 37662 --- [flight-booking] [           main] org.hibernate.SQL                        : 
    alter table flight 
       drop 
       foreign key FK1m4wjbo1sbsbjns2gu8i4m8no
Hibernate: 
    alter table flight 
       drop 
       foreign key FK1m4wjbo1sbsbjns2gu8i4m8no
2025-03-15T10:06:03.182-05:00  INFO 37662 --- [flight-booking] [           main] com.zaxxer.hikari.HikariDataSource       : HikariPool-1 - Starting...
2025-03-15T10:06:04.191-05:00 DEBUG 37662 --- [flight-booking] [           main] o.h.engine.jdbc.spi.SqlExceptionHelper   : Unable to open JDBC Connection for DDL execution [n/a]

com.mysql.cj.jdbc.exceptions.CommunicationsException: Communications link failure

The last packet sent successfully to the server was 0 milliseconds ago. The driver has not received any packets from the server.
	at com.mysql.cj.jdbc.exceptions.SQLError.createCommunicationsException(SQLError.java:175) ~[mysql-connector-j-8.0.33.jar:8.0.33]
	at com.mysql.cj.jdbc.exceptions.SQLExceptionsMapping.translateException(SQLExceptionsMapping.java:64) ~[mysql-connector-j-8.0.33.jar:8.0.33]
	at com.mysql.cj.jdbc.ConnectionImpl.createNewIO(ConnectionImpl.java:825) ~[mysql-connector-j-8.0.33.jar:8.0.33]
	at com.mysql.cj.jdbc.ConnectionImpl.<init>(ConnectionImpl.java:446) ~[mysql-connector-j-8.0.33.jar:8.0.33]
	at com.mysql.cj.jdbc.ConnectionImpl.getInstance(ConnectionImpl.java:239) ~[mysql-connector-j-8.0.33.jar:8.0.33]
	at com.mysql.cj.jdbc.NonRegisteringDriver.connect(NonRegisteringDriver.java:188) ~[mysql-connector-j-8.0.33.jar:8.0.33]
	at com.zaxxer.hikari.util.DriverDataSource.getConnection(DriverDataSource.java:137) ~[HikariCP-5.1.0.jar:na]
	at com.zaxxer.hikari.pool.PoolBase.newConnection(PoolBase.java:360) ~[HikariCP-5.1.0.jar:na]
	at com.zaxxer.hikari.pool.PoolBase.newPoolEntry(PoolBase.java:202) ~[HikariCP-5.1.0.jar:na]
	at com.zaxxer.hikari.pool.HikariPool.createPoolEntry(HikariPool.java:461) ~[HikariCP-5.1.0.jar:na]
	at com.zaxxer.hikari.pool.HikariPool.checkFailFast(HikariPool.java:550) ~[HikariCP-5.1.0.jar:na]
	at com.zaxxer.hikari.pool.HikariPool.<init>(HikariPool.java:98) ~[HikariCP-5.1.0.jar:na]
	at com.zaxxer.hikari.HikariDataSource.getConnection(HikariDataSource.java:111) ~[HikariCP-5.1.0.jar:na]
	at org.hibernate.engine.jdbc.connections.internal.DatasourceConnectionProviderImpl.getConnection(DatasourceConnectionProviderImpl.java:126) ~[hibernate-core-6.6.8.Final.jar:6.6.8.Final]
	at org.hibernate.engine.jdbc.env.internal.JdbcEnvironmentInitiator$ConnectionProviderJdbcConnectionAccess.obtainConnection(JdbcEnvironmentInitiator.java:467) ~[hibernate-core-6.6.8.Final.jar:6.6.8.Final]
	at org.hibernate.resource.transaction.backend.jdbc.internal.DdlTransactionIsolatorNonJtaImpl.getIsolatedConnection(DdlTransactionIsolatorNonJtaImpl.java:46) ~[hibernate-core-6.6.8.Final.jar:6.6.8.Final]
	at org.hibernate.tool.schema.internal.exec.GenerationTargetToDatabase.getIsolatedConnection(GenerationTargetToDatabase.java:60) ~[hibernate-core-6.6.8.Final.jar:6.6.8.Final]
	at org.hibernate.tool.schema.internal.exec.GenerationTargetToDatabase.jdbcStatement(GenerationTargetToDatabase.java:112) ~[hibernate-core-6.6.8.Final.jar:6.6.8.Final]
	at org.hibernate.tool.schema.internal.exec.GenerationTargetToDatabase.accept(GenerationTargetToDatabase.java:79) ~[hibernate-core-6.6.8.Final.jar:6.6.8.Final]
	at org.hibernate.tool.schema.internal.Helper.applySqlString(Helper.java:233) ~[hibernate-core-6.6.8.Final.jar:6.6.8.Final]
	at org.hibernate.tool.schema.internal.Helper.applySqlStrings(Helper.java:217) ~[hibernate-core-6.6.8.Final.jar:6.6.8.Final]
	at org.hibernate.tool.schema.internal.SchemaDropperImpl.applyConstraintDropping(SchemaDropperImpl.java:479) ~[hibernate-core-6.6.8.Final.jar:6.6.8.Final]
	at org.hibernate.tool.schema.internal.SchemaDropperImpl.dropConstraintsTablesSequences(SchemaDropperImpl.java:245) ~[hibernate-core-6.6.8.Final.jar:6.6.8.Final]
	at org.hibernate.tool.schema.internal.SchemaDropperImpl.dropFromMetadata(SchemaDropperImpl.java:218) ~[hibernate-core-6.6.8.Final.jar:6.6.8.Final]
	at org.hibernate.tool.schema.internal.SchemaDropperImpl.performDrop(SchemaDropperImpl.java:186) ~[hibernate-core-6.6.8.Final.jar:6.6.8.Final]
	at org.hibernate.tool.schema.internal.SchemaDropperImpl.doDrop(SchemaDropperImpl.java:156) ~[hibernate-core-6.6.8.Final.jar:6.6.8.Final]
	at org.hibernate.tool.schema.internal.SchemaDropperImpl.doDrop(SchemaDropperImpl.java:116) ~[hibernate-core-6.6.8.Final.jar:6.6.8.Final]
	at org.hibernate.tool.schema.spi.SchemaManagementToolCoordinator.performDatabaseAction(SchemaManagementToolCoordinator.java:238) ~[hibernate-core-6.6.8.Final.jar:6.6.8.Final]
	at org.hibernate.tool.schema.spi.SchemaManagementToolCoordinator.lambda$process$5(SchemaManagementToolCoordinator.java:144) ~[hibernate-core-6.6.8.Final.jar:6.6.8.Final]
	at java.base/java.util.HashMap.forEach(HashMap.java:1430) ~[na:na]
	at org.hibernate.tool.schema.spi.SchemaManagementToolCoordinator.process(SchemaManagementToolCoordinator.java:141) ~[hibernate-core-6.6.8.Final.jar:6.6.8.Final]
	at org.hibernate.boot.internal.SessionFactoryObserverForSchemaExport.sessionFactoryCreated(SessionFactoryObserverForSchemaExport.java:37) ~[hibernate-core-6.6.8.Final.jar:6.6.8.Final]
	at org.hibernate.internal.SessionFactoryObserverChain.sessionFactoryCreated(SessionFactoryObserverChain.java:35) ~[hibernate-core-6.6.8.Final.jar:6.6.8.Final]
	at org.hibernate.internal.SessionFactoryImpl.<init>(SessionFactoryImpl.java:324) ~[hibernate-core-6.6.8.Final.jar:6.6.8.Final]
	at org.hibernate.boot.internal.SessionFactoryBuilderImpl.build(SessionFactoryBuilderImpl.java:463) ~[hibernate-core-6.6.8.Final.jar:6.6.8.Final]
	at org.hibernate.jpa.boot.internal.EntityManagerFactoryBuilderImpl.build(EntityManagerFactoryBuilderImpl.java:1517) ~[hibernate-core-6.6.8.Final.jar:6.6.8.Final]
	at org.springframework.orm.jpa.vendor.SpringHibernateJpaPersistenceProvider.createContainerEntityManagerFactory(SpringHibernateJpaPersistenceProvider.java:66) ~[spring-orm-6.2.3.jar:6.2.3]
	at org.springframework.orm.jpa.LocalContainerEntityManagerFactoryBean.createNativeEntityManagerFactory(LocalContainerEntityManagerFactoryBean.java:390) ~[spring-orm-6.2.3.jar:6.2.3]
	at org.springframework.orm.jpa.AbstractEntityManagerFactoryBean.buildNativeEntityManagerFactory(AbstractEntityManagerFactoryBean.java:419) ~[spring-orm-6.2.3.jar:6.2.3]
	at org.springframework.orm.jpa.AbstractEntityManagerFactoryBean.afterPropertiesSet(AbstractEntityManagerFactoryBean.java:400) ~[spring-orm-6.2.3.jar:6.2.3]
	at org.springframework.orm.jpa.LocalContainerEntityManagerFactoryBean.afterPropertiesSet(LocalContainerEntityManagerFactoryBean.java:366) ~[spring-orm-6.2.3.jar:6.2.3]
	at org.springframework.beans.factory.support.AbstractAutowireCapableBeanFactory.invokeInitMethods(AbstractAutowireCapableBeanFactory.java:1859) ~[spring-beans-6.2.3.jar:6.2.3]
	at org.springframework.beans.factory.support.AbstractAutowireCapableBeanFactory.initializeBean(AbstractAutowireCapableBeanFactory.java:1808) ~[spring-beans-6.2.3.jar:6.2.3]
	at org.springframework.beans.factory.support.AbstractAutowireCapableBeanFactory.doCreateBean(AbstractAutowireCapableBeanFactory.java:601) ~[spring-beans-6.2.3.jar:6.2.3]
	at org.springframework.beans.factory.support.AbstractAutowireCapableBeanFactory.createBean(AbstractAutowireCapableBeanFactory.java:523) ~[spring-beans-6.2.3.jar:6.2.3]
	at org.springframework.beans.factory.support.AbstractBeanFactory.lambda$doGetBean$0(AbstractBeanFactory.java:339) ~[spring-beans-6.2.3.jar:6.2.3]
	at org.springframework.beans.factory.support.DefaultSingletonBeanRegistry.getSingleton(DefaultSingletonBeanRegistry.java:346) ~[spring-beans-6.2.3.jar:6.2.3]
	at org.springframework.beans.factory.support.AbstractBeanFactory.doGetBean(AbstractBeanFactory.java:337) ~[spring-beans-6.2.3.jar:6.2.3]
	at org.springframework.beans.factory.support.AbstractBeanFactory.getBean(AbstractBeanFactory.java:207) ~[spring-beans-6.2.3.jar:6.2.3]
	at org.springframework.context.support.AbstractApplicationContext.finishBeanFactoryInitialization(AbstractApplicationContext.java:970) ~[spring-context-6.2.3.jar:6.2.3]
	at org.springframework.context.support.AbstractApplicationContext.refresh(AbstractApplicationContext.java:627) ~[spring-context-6.2.3.jar:6.2.3]
	at org.springframework.boot.SpringApplication.refresh(SpringApplication.java:752) ~[spring-boot-3.4.3.jar:3.4.3]
	at org.springframework.boot.SpringApplication.refreshContext(SpringApplication.java:439) ~[spring-boot-3.4.3.jar:3.4.3]
	at org.springframework.boot.SpringApplication.run(SpringApplication.java:318) ~[spring-boot-3.4.3.jar:3.4.3]
	at org.springframework.boot.test.context.SpringBootContextLoader.lambda$loadContext$3(SpringBootContextLoader.java:137) ~[spring-boot-test-3.4.3.jar:3.4.3]
	at org.springframework.util.function.ThrowingSupplier.get(ThrowingSupplier.java:58) ~[spring-core-6.2.3.jar:6.2.3]
	at org.springframework.util.function.ThrowingSupplier.get(ThrowingSupplier.java:46) ~[spring-core-6.2.3.jar:6.2.3]
	at org.springframework.boot.SpringApplication.withHook(SpringApplication.java:1461) ~[spring-boot-3.4.3.jar:3.4.3]
	at org.springframework.boot.test.context.SpringBootContextLoader$ContextLoaderHook.run(SpringBootContextLoader.java:553) ~[spring-boot-test-3.4.3.jar:3.4.3]
	at org.springframework.boot.test.context.SpringBootContextLoader.loadContext(SpringBootContextLoader.java:137) ~[spring-boot-test-3.4.3.jar:3.4.3]
	at org.springframework.boot.test.context.SpringBootContextLoader.loadContext(SpringBootContextLoader.java:108) ~[spring-boot-test-3.4.3.jar:3.4.3]
	at org.springframework.test.context.cache.DefaultCacheAwareContextLoaderDelegate.loadContextInternal(DefaultCacheAwareContextLoaderDelegate.java:225) ~[spring-test-6.2.3.jar:6.2.3]
	at org.springframework.test.context.cache.DefaultCacheAwareContextLoaderDelegate.loadContext(DefaultCacheAwareContextLoaderDelegate.java:152) ~[spring-test-6.2.3.jar:6.2.3]
	at org.springframework.test.context.support.DefaultTestContext.getApplicationContext(DefaultTestContext.java:130) ~[spring-test-6.2.3.jar:6.2.3]
	at org.springframework.test.context.web.ServletTestExecutionListener.setUpRequestContextIfNecessary(ServletTestExecutionListener.java:200) ~[spring-test-6.2.3.jar:6.2.3]
	at org.springframework.test.context.web.ServletTestExecutionListener.prepareTestInstance(ServletTestExecutionListener.java:139) ~[spring-test-6.2.3.jar:6.2.3]
	at org.springframework.test.context.TestContextManager.prepareTestInstance(TestContextManager.java:260) ~[spring-test-6.2.3.jar:6.2.3]
	at org.springframework.test.context.junit.jupiter.SpringExtension.postProcessTestInstance(SpringExtension.java:160) ~[spring-test-6.2.3.jar:6.2.3]
	at org.junit.jupiter.engine.descriptor.ClassBasedTestDescriptor.lambda$invokeTestInstancePostProcessors$11(ClassBasedTestDescriptor.java:378) ~[junit-jupiter-engine-5.11.4.jar:5.11.4]
	at org.junit.jupiter.engine.descriptor.ClassBasedTestDescriptor.executeAndMaskThrowable(ClassBasedTestDescriptor.java:383) ~[junit-jupiter-engine-5.11.4.jar:5.11.4]
	at org.junit.jupiter.engine.descriptor.ClassBasedTestDescriptor.lambda$invokeTestInstancePostProcessors$12(ClassBasedTestDescriptor.java:378) ~[junit-jupiter-engine-5.11.4.jar:5.11.4]
	at java.base/java.util.stream.ForEachOps$ForEachOp$OfRef.accept(ForEachOps.java:184) ~[na:na]
	at java.base/java.util.stream.ReferencePipeline$3$1.accept(ReferencePipeline.java:215) ~[na:na]
	at java.base/java.util.stream.ReferencePipeline$2$1.accept(ReferencePipeline.java:197) ~[na:na]
	at java.base/java.util.stream.ReferencePipeline$3$1.accept(ReferencePipeline.java:215) ~[na:na]
	at java.base/java.util.ArrayList$ArrayListSpliterator.forEachRemaining(ArrayList.java:1709) ~[na:na]
	at java.base/java.util.stream.AbstractPipeline.copyInto(AbstractPipeline.java:570) ~[na:na]
	at java.base/java.util.stream.AbstractPipeline.wrapAndCopyInto(AbstractPipeline.java:560) ~[na:na]
	at java.base/java.util.stream.ForEachOps$ForEachOp.evaluateSequential(ForEachOps.java:151) ~[na:na]
	at java.base/java.util.stream.ForEachOps$ForEachOp$OfRef.evaluateSequential(ForEachOps.java:174) ~[na:na]
	at java.base/java.util.stream.AbstractPipeline.evaluate(AbstractPipeline.java:265) ~[na:na]
	at java.base/java.util.stream.ReferencePipeline.forEach(ReferencePipeline.java:636) ~[na:na]
	at org.junit.jupiter.engine.descriptor.ClassBasedTestDescriptor.invokeTestInstancePostProcessors(ClassBasedTestDescriptor.java:377) ~[junit-jupiter-engine-5.11.4.jar:5.11.4]
	at org.junit.jupiter.engine.descriptor.ClassBasedTestDescriptor.lambda$instantiateAndPostProcessTestInstance$7(ClassBasedTestDescriptor.java:290) ~[junit-jupiter-engine-5.11.4.jar:5.11.4]
	at org.junit.platform.engine.support.hierarchical.ThrowableCollector.execute(ThrowableCollector.java:73) ~[junit-platform-engine-1.11.4.jar:1.11.4]
	at org.junit.jupiter.engine.descriptor.ClassBasedTestDescriptor.instantiateAndPostProcessTestInstance(ClassBasedTestDescriptor.java:289) ~[junit-jupiter-engine-5.11.4.jar:5.11.4]
	at org.junit.jupiter.engine.descriptor.ClassBasedTestDescriptor.lambda$testInstancesProvider$5(ClassBasedTestDescriptor.java:279) ~[junit-jupiter-engine-5.11.4.jar:5.11.4]
	at java.base/java.util.Optional.orElseGet(Optional.java:364) ~[na:na]
	at org.junit.jupiter.engine.descriptor.ClassBasedTestDescriptor.lambda$testInstancesProvider$6(ClassBasedTestDescriptor.java:278) ~[junit-jupiter-engine-5.11.4.jar:5.11.4]
	at org.junit.jupiter.engine.execution.TestInstancesProvider.getTestInstances(TestInstancesProvider.java:31) ~[junit-jupiter-engine-5.11.4.jar:5.11.4]
	at org.junit.jupiter.engine.descriptor.TestMethodTestDescriptor.lambda$prepare$1(TestMethodTestDescriptor.java:105) ~[junit-jupiter-engine-5.11.4.jar:5.11.4]
	at org.junit.platform.engine.support.hierarchical.ThrowableCollector.execute(ThrowableCollector.java:73) ~[junit-platform-engine-1.11.4.jar:1.11.4]
	at org.junit.jupiter.engine.descriptor.TestMethodTestDescriptor.prepare(TestMethodTestDescriptor.java:104) ~[junit-jupiter-engine-5.11.4.jar:5.11.4]
	at org.junit.jupiter.engine.descriptor.TestMethodTestDescriptor.prepare(TestMethodTestDescriptor.java:68) ~[junit-jupiter-engine-5.11.4.jar:5.11.4]
	at org.junit.platform.engine.support.hierarchical.NodeTestTask.lambda$prepare$2(NodeTestTask.java:128) ~[junit-platform-engine-1.11.4.jar:1.11.4]
	at org.junit.platform.engine.support.hierarchical.ThrowableCollector.execute(ThrowableCollector.java:73) ~[junit-platform-engine-1.11.4.jar:1.11.4]
	at org.junit.platform.engine.support.hierarchical.NodeTestTask.prepare(NodeTestTask.java:128) ~[junit-platform-engine-1.11.4.jar:1.11.4]
	at org.junit.platform.engine.support.hierarchical.NodeTestTask.execute(NodeTestTask.java:95) ~[junit-platform-engine-1.11.4.jar:1.11.4]
	at java.base/java.util.ArrayList.forEach(ArrayList.java:1597) ~[na:na]
	at org.junit.platform.engine.support.hierarchical.SameThreadHierarchicalTestExecutorService.invokeAll(SameThreadHierarchicalTestExecutorService.java:41) ~[junit-platform-engine-1.11.4.jar:1.11.4]
	at org.junit.platform.engine.support.hierarchical.NodeTestTask.lambda$executeRecursively$6(NodeTestTask.java:160) ~[junit-platform-engine-1.11.4.jar:1.11.4]
	at org.junit.platform.engine.support.hierarchical.ThrowableCollector.execute(ThrowableCollector.java:73) ~[junit-platform-engine-1.11.4.jar:1.11.4]
	at org.junit.platform.engine.support.hierarchical.NodeTestTask.lambda$executeRecursively$8(NodeTestTask.java:146) ~[junit-platform-engine-1.11.4.jar:1.11.4]
	at org.junit.platform.engine.support.hierarchical.Node.around(Node.java:137) ~[junit-platform-engine-1.11.4.jar:1.11.4]
	at org.junit.platform.engine.support.hierarchical.NodeTestTask.lambda$executeRecursively$9(NodeTestTask.java:144) ~[junit-platform-engine-1.11.4.jar:1.11.4]
	at org.junit.platform.engine.support.hierarchical.ThrowableCollector.execute(ThrowableCollector.java:73) ~[junit-platform-engine-1.11.4.jar:1.11.4]
	at org.junit.platform.engine.support.hierarchical.NodeTestTask.executeRecursively(NodeTestTask.java:143) ~[junit-platform-engine-1.11.4.jar:1.11.4]
	at org.junit.platform.engine.support.hierarchical.NodeTestTask.execute(NodeTestTask.java:100) ~[junit-platform-engine-1.11.4.jar:1.11.4]
	at java.base/java.util.ArrayList.forEach(ArrayList.java:1597) ~[na:na]
	at org.junit.platform.engine.support.hierarchical.SameThreadHierarchicalTestExecutorService.invokeAll(SameThreadHierarchicalTestExecutorService.java:41) ~[junit-platform-engine-1.11.4.jar:1.11.4]
	at org.junit.platform.engine.support.hierarchical.NodeTestTask.lambda$executeRecursively$6(NodeTestTask.java:160) ~[junit-platform-engine-1.11.4.jar:1.11.4]
	at org.junit.platform.engine.support.hierarchical.ThrowableCollector.execute(ThrowableCollector.java:73) ~[junit-platform-engine-1.11.4.jar:1.11.4]
	at org.junit.platform.engine.support.hierarchical.NodeTestTask.lambda$executeRecursively$8(NodeTestTask.java:146) ~[junit-platform-engine-1.11.4.jar:1.11.4]
	at org.junit.platform.engine.support.hierarchical.Node.around(Node.java:137) ~[junit-platform-engine-1.11.4.jar:1.11.4]
	at org.junit.platform.engine.support.hierarchical.NodeTestTask.lambda$executeRecursively$9(NodeTestTask.java:144) ~[junit-platform-engine-1.11.4.jar:1.11.4]
	at org.junit.platform.engine.support.hierarchical.ThrowableCollector.execute(ThrowableCollector.java:73) ~[junit-platform-engine-1.11.4.jar:1.11.4]
	at org.junit.platform.engine.support.hierarchical.NodeTestTask.executeRecursively(NodeTestTask.java:143) ~[junit-platform-engine-1.11.4.jar:1.11.4]
	at org.junit.platform.engine.support.hierarchical.NodeTestTask.execute(NodeTestTask.java:100) ~[junit-platform-engine-1.11.4.jar:1.11.4]
	at org.junit.platform.engine.support.hierarchical.SameThreadHierarchicalTestExecutorService.submit(SameThreadHierarchicalTestExecutorService.java:35) ~[junit-platform-engine-1.11.4.jar:1.11.4]
	at org.junit.platform.engine.support.hierarchical.HierarchicalTestExecutor.execute(HierarchicalTestExecutor.java:57) ~[junit-platform-engine-1.11.4.jar:1.11.4]
	at org.junit.platform.engine.support.hierarchical.HierarchicalTestEngine.execute(HierarchicalTestEngine.java:54) ~[junit-platform-engine-1.11.4.jar:1.11.4]
	at org.junit.platform.launcher.core.EngineExecutionOrchestrator.execute(EngineExecutionOrchestrator.java:198) ~[junit-platform-launcher-1.11.4.jar:1.11.4]
	at org.junit.platform.launcher.core.EngineExecutionOrchestrator.execute(EngineExecutionOrchestrator.java:169) ~[junit-platform-launcher-1.11.4.jar:1.11.4]
	at org.junit.platform.launcher.core.EngineExecutionOrchestrator.execute(EngineExecutionOrchestrator.java:93) ~[junit-platform-launcher-1.11.4.jar:1.11.4]
	at org.junit.platform.launcher.core.EngineExecutionOrchestrator.lambda$execute$0(EngineExecutionOrchestrator.java:58) ~[junit-platform-launcher-1.11.4.jar:1.11.4]
	at org.junit.platform.launcher.core.EngineExecutionOrchestrator.withInterceptedStreams(EngineExecutionOrchestrator.java:141) ~[junit-platform-launcher-1.11.4.jar:1.11.4]
	at org.junit.platform.launcher.core.EngineExecutionOrchestrator.execute(EngineExecutionOrchestrator.java:57) ~[junit-platform-launcher-1.11.4.jar:1.11.4]
	at org.junit.platform.launcher.core.DefaultLauncher.execute(DefaultLauncher.java:103) ~[junit-platform-launcher-1.11.4.jar:1.11.4]
	at org.junit.platform.launcher.core.DefaultLauncher.execute(DefaultLauncher.java:85) ~[junit-platform-launcher-1.11.4.jar:1.11.4]
	at org.junit.platform.launcher.core.DelegatingLauncher.execute(DelegatingLauncher.java:47) ~[junit-platform-launcher-1.11.4.jar:1.11.4]
	at org.apache.maven.surefire.junitplatform.LazyLauncher.execute(LazyLauncher.java:56) ~[surefire-junit-platform-3.5.2.jar:3.5.2]
	at org.apache.maven.surefire.junitplatform.JUnitPlatformProvider.execute(JUnitPlatformProvider.java:184) ~[surefire-junit-platform-3.5.2.jar:3.5.2]
	at org.apache.maven.surefire.junitplatform.JUnitPlatformProvider.invokeAllTests(JUnitPlatformProvider.java:148) ~[surefire-junit-platform-3.5.2.jar:3.5.2]
	at org.apache.maven.surefire.junitplatform.JUnitPlatformProvider.invoke(JUnitPlatformProvider.java:122) ~[surefire-junit-platform-3.5.2.jar:3.5.2]
	at org.apache.maven.surefire.booter.ForkedBooter.runSuitesInProcess(ForkedBooter.java:385) ~[surefire-booter-3.5.2.jar:3.5.2]
	at org.apache.maven.surefire.booter.ForkedBooter.execute(ForkedBooter.java:162) ~[surefire-booter-3.5.2.jar:3.5.2]
	at org.apache.maven.surefire.booter.ForkedBooter.run(ForkedBooter.java:507) ~[surefire-booter-3.5.2.jar:3.5.2]
	at org.apache.maven.surefire.booter.ForkedBooter.main(ForkedBooter.java:495) ~[surefire-booter-3.5.2.jar:3.5.2]
Caused by: com.mysql.cj.exceptions.CJCommunicationsException: Communications link failure

The last packet sent successfully to the server was 0 milliseconds ago. The driver has not received any packets from the server.
	at java.base/jdk.internal.reflect.DirectConstructorHandleAccessor.newInstance(DirectConstructorHandleAccessor.java:62) ~[na:na]
	at java.base/java.lang.reflect.Constructor.newInstanceWithCaller(Constructor.java:501) ~[na:na]
	at java.base/java.lang.reflect.Constructor.newInstance(Constructor.java:485) ~[na:na]
	at com.mysql.cj.exceptions.ExceptionFactory.createException(ExceptionFactory.java:62) ~[mysql-connector-j-8.0.33.jar:8.0.33]
	at com.mysql.cj.exceptions.ExceptionFactory.createException(ExceptionFactory.java:105) ~[mysql-connector-j-8.0.33.jar:8.0.33]
	at com.mysql.cj.exceptions.ExceptionFactory.createException(ExceptionFactory.java:150) ~[mysql-connector-j-8.0.33.jar:8.0.33]
	at com.mysql.cj.exceptions.ExceptionFactory.createCommunicationsException(ExceptionFactory.java:166) ~[mysql-connector-j-8.0.33.jar:8.0.33]
	at com.mysql.cj.protocol.a.NativeSocketConnection.connect(NativeSocketConnection.java:89) ~[mysql-connector-j-8.0.33.jar:8.0.33]
	at com.mysql.cj.NativeSession.connect(NativeSession.java:121) ~[mysql-connector-j-8.0.33.jar:8.0.33]
	at com.mysql.cj.jdbc.ConnectionImpl.connectOneTryOnly(ConnectionImpl.java:945) ~[mysql-connector-j-8.0.33.jar:8.0.33]
	at com.mysql.cj.jdbc.ConnectionImpl.createNewIO(ConnectionImpl.java:815) ~[mysql-connector-j-8.0.33.jar:8.0.33]
	... 135 common frames omitted
Caused by: java.net.UnknownHostException: flight-server.mysql.database.azure.com
	at java.base/java.net.InetAddress$CachedLookup.get(InetAddress.java:998) ~[na:na]
	at java.base/java.net.InetAddress.getAllByName0(InetAddress.java:1807) ~[na:na]
	at java.base/java.net.InetAddress.getAllByName(InetAddress.java:1676) ~[na:na]
	at com.mysql.cj.protocol.StandardSocketFactory.connect(StandardSocketFactory.java:130) ~[mysql-connector-j-8.0.33.jar:8.0.33]
	at com.mysql.cj.protocol.a.NativeSocketConnection.connect(NativeSocketConnection.java:63) ~[mysql-connector-j-8.0.33.jar:8.0.33]
	... 138 common frames omitted

2025-03-15T10:06:04.196-05:00  WARN 37662 --- [flight-booking] [           main] o.h.engine.jdbc.spi.SqlExceptionHelper   : SQL Error: 0, SQLState: 08S01
2025-03-15T10:06:04.196-05:00 ERROR 37662 --- [flight-booking] [           main] o.h.engine.jdbc.spi.SqlExceptionHelper   : Communications link failure

The last packet sent successfully to the server was 0 milliseconds ago. The driver has not received any packets from the server.
2025-03-15T10:06:04.197-05:00 DEBUG 37662 --- [flight-booking] [           main] o.hibernate.internal.SessionFactoryImpl  : HHH000031: Closing
2025-03-15T10:06:04.198-05:00 DEBUG 37662 --- [flight-booking] [           main] o.h.type.spi.TypeConfiguration$Scope     : Un-scoping TypeConfiguration [org.hibernate.type.spi.TypeConfiguration$Scope@7c3ae369] from SessionFactory [org.hibernate.internal.SessionFactoryImpl@25da1dc9]
2025-03-15T10:06:04.198-05:00 DEBUG 37662 --- [flight-booking] [           main] o.h.s.i.AbstractServiceRegistryImpl      : Implicitly destroying ServiceRegistry on de-registration of all child ServiceRegistries
2025-03-15T10:06:04.201-05:00 DEBUG 37662 --- [flight-booking] [           main] o.h.b.r.i.BootstrapServiceRegistryImpl   : Implicitly destroying Boot-strap registry on de-registration of all child ServiceRegistries
2025-03-15T10:06:04.203-05:00 DEBUG 37662 --- [flight-booking] [           main] o.h.internal.SessionFactoryRegistry      : Initializing SessionFactoryRegistry : org.hibernate.internal.SessionFactoryRegistry@6b468710
2025-03-15T10:06:04.204-05:00 ERROR 37662 --- [flight-booking] [           main] j.LocalContainerEntityManagerFactoryBean : Failed to initialize JPA EntityManagerFactory: [PersistenceUnit: default] Unable to build Hibernate SessionFactory; nested exception is org.hibernate.exception.JDBCConnectionException: Unable to open JDBC Connection for DDL execution [Communications link failure

The last packet sent successfully to the server was 0 milliseconds ago. The driver has not received any packets from the server.] [n/a]
2025-03-15T10:06:04.205-05:00  WARN 37662 --- [flight-booking] [           main] o.s.w.c.s.GenericWebApplicationContext   : Exception encountered during context initialization - cancelling refresh attempt: org.springframework.beans.factory.BeanCreationException: Error creating bean with name 'entityManagerFactory' defined in class path resource [org/springframework/boot/autoconfigure/orm/jpa/HibernateJpaConfiguration.class]: [PersistenceUnit: default] Unable to build Hibernate SessionFactory; nested exception is org.hibernate.exception.JDBCConnectionException: Unable to open JDBC Connection for DDL execution [Communications link failure

The last packet sent successfully to the server was 0 milliseconds ago. The driver has not received any packets from the server.] [n/a]
2025-03-15T10:06:04.240-05:00  INFO 37662 --- [flight-booking] [           main] .s.b.a.l.ConditionEvaluationReportLogger : 

Error starting ApplicationContext. To display the condition evaluation report re-run your application with 'debug' enabled.
2025-03-15T10:06:04.308-05:00 ERROR 37662 --- [flight-booking] [           main] o.s.boot.SpringApplication               : Application run failed

org.springframework.beans.factory.BeanCreationException: Error creating bean with name 'entityManagerFactory' defined in class path resource [org/springframework/boot/autoconfigure/orm/jpa/HibernateJpaConfiguration.class]: [PersistenceUnit: default] Unable to build Hibernate SessionFactory; nested exception is org.hibernate.exception.JDBCConnectionException: Unable to open JDBC Connection for DDL execution [Communications link failure

The last packet sent successfully to the server was 0 milliseconds ago. The driver has not received any packets from the server.] [n/a]
	at org.springframework.beans.factory.support.AbstractAutowireCapableBeanFactory.initializeBean(AbstractAutowireCapableBeanFactory.java:1812) ~[spring-beans-6.2.3.jar:6.2.3]
	at org.springframework.beans.factory.support.AbstractAutowireCapableBeanFactory.doCreateBean(AbstractAutowireCapableBeanFactory.java:601) ~[spring-beans-6.2.3.jar:6.2.3]
	at org.springframework.beans.factory.support.AbstractAutowireCapableBeanFactory.createBean(AbstractAutowireCapableBeanFactory.java:523) ~[spring-beans-6.2.3.jar:6.2.3]
	at org.springframework.beans.factory.support.AbstractBeanFactory.lambda$doGetBean$0(AbstractBeanFactory.java:339) ~[spring-beans-6.2.3.jar:6.2.3]
	at org.springframework.beans.factory.support.DefaultSingletonBeanRegistry.getSingleton(DefaultSingletonBeanRegistry.java:346) ~[spring-beans-6.2.3.jar:6.2.3]
	at org.springframework.beans.factory.support.AbstractBeanFactory.doGetBean(AbstractBeanFactory.java:337) ~[spring-beans-6.2.3.jar:6.2.3]
	at org.springframework.beans.factory.support.AbstractBeanFactory.getBean(AbstractBeanFactory.java:207) ~[spring-beans-6.2.3.jar:6.2.3]
	at org.springframework.context.support.AbstractApplicationContext.finishBeanFactoryInitialization(AbstractApplicationContext.java:970) ~[spring-context-6.2.3.jar:6.2.3]
	at org.springframework.context.support.AbstractApplicationContext.refresh(AbstractApplicationContext.java:627) ~[spring-context-6.2.3.jar:6.2.3]
	at org.springframework.boot.SpringApplication.refresh(SpringApplication.java:752) ~[spring-boot-3.4.3.jar:3.4.3]
	at org.springframework.boot.SpringApplication.refreshContext(SpringApplication.java:439) ~[spring-boot-3.4.3.jar:3.4.3]
	at org.springframework.boot.SpringApplication.run(SpringApplication.java:318) ~[spring-boot-3.4.3.jar:3.4.3]
	at org.springframework.boot.test.context.SpringBootContextLoader.lambda$loadContext$3(SpringBootContextLoader.java:137) ~[spring-boot-test-3.4.3.jar:3.4.3]
	at org.springframework.util.function.ThrowingSupplier.get(ThrowingSupplier.java:58) ~[spring-core-6.2.3.jar:6.2.3]
	at org.springframework.util.function.ThrowingSupplier.get(ThrowingSupplier.java:46) ~[spring-core-6.2.3.jar:6.2.3]
	at org.springframework.boot.SpringApplication.withHook(SpringApplication.java:1461) ~[spring-boot-3.4.3.jar:3.4.3]
	at org.springframework.boot.test.context.SpringBootContextLoader$ContextLoaderHook.run(SpringBootContextLoader.java:553) ~[spring-boot-test-3.4.3.jar:3.4.3]
	at org.springframework.boot.test.context.SpringBootContextLoader.loadContext(SpringBootContextLoader.java:137) ~[spring-boot-test-3.4.3.jar:3.4.3]
	at org.springframework.boot.test.context.SpringBootContextLoader.loadContext(SpringBootContextLoader.java:108) ~[spring-boot-test-3.4.3.jar:3.4.3]
	at org.springframework.test.context.cache.DefaultCacheAwareContextLoaderDelegate.loadContextInternal(DefaultCacheAwareContextLoaderDelegate.java:225) ~[spring-test-6.2.3.jar:6.2.3]
	at org.springframework.test.context.cache.DefaultCacheAwareContextLoaderDelegate.loadContext(DefaultCacheAwareContextLoaderDelegate.java:152) ~[spring-test-6.2.3.jar:6.2.3]
	at org.springframework.test.context.support.DefaultTestContext.getApplicationContext(DefaultTestContext.java:130) ~[spring-test-6.2.3.jar:6.2.3]
	at org.springframework.test.context.web.ServletTestExecutionListener.setUpRequestContextIfNecessary(ServletTestExecutionListener.java:200) ~[spring-test-6.2.3.jar:6.2.3]
	at org.springframework.test.context.web.ServletTestExecutionListener.prepareTestInstance(ServletTestExecutionListener.java:139) ~[spring-test-6.2.3.jar:6.2.3]
	at org.springframework.test.context.TestContextManager.prepareTestInstance(TestContextManager.java:260) ~[spring-test-6.2.3.jar:6.2.3]
	at org.springframework.test.context.junit.jupiter.SpringExtension.postProcessTestInstance(SpringExtension.java:160) ~[spring-test-6.2.3.jar:6.2.3]
	at org.junit.jupiter.engine.descriptor.ClassBasedTestDescriptor.lambda$invokeTestInstancePostProcessors$11(ClassBasedTestDescriptor.java:378) ~[junit-jupiter-engine-5.11.4.jar:5.11.4]
	at org.junit.jupiter.engine.descriptor.ClassBasedTestDescriptor.executeAndMaskThrowable(ClassBasedTestDescriptor.java:383) ~[junit-jupiter-engine-5.11.4.jar:5.11.4]
	at org.junit.jupiter.engine.descriptor.ClassBasedTestDescriptor.lambda$invokeTestInstancePostProcessors$12(ClassBasedTestDescriptor.java:378) ~[junit-jupiter-engine-5.11.4.jar:5.11.4]
	at java.base/java.util.stream.ForEachOps$ForEachOp$OfRef.accept(ForEachOps.java:184) ~[na:na]
	at java.base/java.util.stream.ReferencePipeline$3$1.accept(ReferencePipeline.java:215) ~[na:na]
	at java.base/java.util.stream.ReferencePipeline$2$1.accept(ReferencePipeline.java:197) ~[na:na]
	at java.base/java.util.stream.ReferencePipeline$3$1.accept(ReferencePipeline.java:215) ~[na:na]
	at java.base/java.util.ArrayList$ArrayListSpliterator.forEachRemaining(ArrayList.java:1709) ~[na:na]
	at java.base/java.util.stream.AbstractPipeline.copyInto(AbstractPipeline.java:570) ~[na:na]
	at java.base/java.util.stream.AbstractPipeline.wrapAndCopyInto(AbstractPipeline.java:560) ~[na:na]
	at java.base/java.util.stream.ForEachOps$ForEachOp.evaluateSequential(ForEachOps.java:151) ~[na:na]
	at java.base/java.util.stream.ForEachOps$ForEachOp$OfRef.evaluateSequential(ForEachOps.java:174) ~[na:na]
	at java.base/java.util.stream.AbstractPipeline.evaluate(AbstractPipeline.java:265) ~[na:na]
	at java.base/java.util.stream.ReferencePipeline.forEach(ReferencePipeline.java:636) ~[na:na]
	at org.junit.jupiter.engine.descriptor.ClassBasedTestDescriptor.invokeTestInstancePostProcessors(ClassBasedTestDescriptor.java:377) ~[junit-jupiter-engine-5.11.4.jar:5.11.4]
	at org.junit.jupiter.engine.descriptor.ClassBasedTestDescriptor.lambda$instantiateAndPostProcessTestInstance$7(ClassBasedTestDescriptor.java:290) ~[junit-jupiter-engine-5.11.4.jar:5.11.4]
	at org.junit.platform.engine.support.hierarchical.ThrowableCollector.execute(ThrowableCollector.java:73) ~[junit-platform-engine-1.11.4.jar:1.11.4]
	at org.junit.jupiter.engine.descriptor.ClassBasedTestDescriptor.instantiateAndPostProcessTestInstance(ClassBasedTestDescriptor.java:289) ~[junit-jupiter-engine-5.11.4.jar:5.11.4]
	at org.junit.jupiter.engine.descriptor.ClassBasedTestDescriptor.lambda$testInstancesProvider$5(ClassBasedTestDescriptor.java:279) ~[junit-jupiter-engine-5.11.4.jar:5.11.4]
	at java.base/java.util.Optional.orElseGet(Optional.java:364) ~[na:na]
	at org.junit.jupiter.engine.descriptor.ClassBasedTestDescriptor.lambda$testInstancesProvider$6(ClassBasedTestDescriptor.java:278) ~[junit-jupiter-engine-5.11.4.jar:5.11.4]
	at org.junit.jupiter.engine.execution.TestInstancesProvider.getTestInstances(TestInstancesProvider.java:31) ~[junit-jupiter-engine-5.11.4.jar:5.11.4]
	at org.junit.jupiter.engine.descriptor.TestMethodTestDescriptor.lambda$prepare$1(TestMethodTestDescriptor.java:105) ~[junit-jupiter-engine-5.11.4.jar:5.11.4]
	at org.junit.platform.engine.support.hierarchical.ThrowableCollector.execute(ThrowableCollector.java:73) ~[junit-platform-engine-1.11.4.jar:1.11.4]
	at org.junit.jupiter.engine.descriptor.TestMethodTestDescriptor.prepare(TestMethodTestDescriptor.java:104) ~[junit-jupiter-engine-5.11.4.jar:5.11.4]
	at org.junit.jupiter.engine.descriptor.TestMethodTestDescriptor.prepare(TestMethodTestDescriptor.java:68) ~[junit-jupiter-engine-5.11.4.jar:5.11.4]
	at org.junit.platform.engine.support.hierarchical.NodeTestTask.lambda$prepare$2(NodeTestTask.java:128) ~[junit-platform-engine-1.11.4.jar:1.11.4]
	at org.junit.platform.engine.support.hierarchical.ThrowableCollector.execute(ThrowableCollector.java:73) ~[junit-platform-engine-1.11.4.jar:1.11.4]
	at org.junit.platform.engine.support.hierarchical.NodeTestTask.prepare(NodeTestTask.java:128) ~[junit-platform-engine-1.11.4.jar:1.11.4]
	at org.junit.platform.engine.support.hierarchical.NodeTestTask.execute(NodeTestTask.java:95) ~[junit-platform-engine-1.11.4.jar:1.11.4]
	at java.base/java.util.ArrayList.forEach(ArrayList.java:1597) ~[na:na]
	at org.junit.platform.engine.support.hierarchical.SameThreadHierarchicalTestExecutorService.invokeAll(SameThreadHierarchicalTestExecutorService.java:41) ~[junit-platform-engine-1.11.4.jar:1.11.4]
	at org.junit.platform.engine.support.hierarchical.NodeTestTask.lambda$executeRecursively$6(NodeTestTask.java:160) ~[junit-platform-engine-1.11.4.jar:1.11.4]
	at org.junit.platform.engine.support.hierarchical.ThrowableCollector.execute(ThrowableCollector.java:73) ~[junit-platform-engine-1.11.4.jar:1.11.4]
	at org.junit.platform.engine.support.hierarchical.NodeTestTask.lambda$executeRecursively$8(NodeTestTask.java:146) ~[junit-platform-engine-1.11.4.jar:1.11.4]
	at org.junit.platform.engine.support.hierarchical.Node.around(Node.java:137) ~[junit-platform-engine-1.11.4.jar:1.11.4]
	at org.junit.platform.engine.support.hierarchical.NodeTestTask.lambda$executeRecursively$9(NodeTestTask.java:144) ~[junit-platform-engine-1.11.4.jar:1.11.4]
	at org.junit.platform.engine.support.hierarchical.ThrowableCollector.execute(ThrowableCollector.java:73) ~[junit-platform-engine-1.11.4.jar:1.11.4]
	at org.junit.platform.engine.support.hierarchical.NodeTestTask.executeRecursively(NodeTestTask.java:143) ~[junit-platform-engine-1.11.4.jar:1.11.4]
	at org.junit.platform.engine.support.hierarchical.NodeTestTask.execute(NodeTestTask.java:100) ~[junit-platform-engine-1.11.4.jar:1.11.4]
	at java.base/java.util.ArrayList.forEach(ArrayList.java:1597) ~[na:na]
	at org.junit.platform.engine.support.hierarchical.SameThreadHierarchicalTestExecutorService.invokeAll(SameThreadHierarchicalTestExecutorService.java:41) ~[junit-platform-engine-1.11.4.jar:1.11.4]
	at org.junit.platform.engine.support.hierarchical.NodeTestTask.lambda$executeRecursively$6(NodeTestTask.java:160) ~[junit-platform-engine-1.11.4.jar:1.11.4]
	at org.junit.platform.engine.support.hierarchical.ThrowableCollector.execute(ThrowableCollector.java:73) ~[junit-platform-engine-1.11.4.jar:1.11.4]
	at org.junit.platform.engine.support.hierarchical.NodeTestTask.lambda$executeRecursively$8(NodeTestTask.java:146) ~[junit-platform-engine-1.11.4.jar:1.11.4]
	at org.junit.platform.engine.support.hierarchical.Node.around(Node.java:137) ~[junit-platform-engine-1.11.4.jar:1.11.4]
	at org.junit.platform.engine.support.hierarchical.NodeTestTask.lambda$executeRecursively$9(NodeTestTask.java:144) ~[junit-platform-engine-1.11.4.jar:1.11.4]
	at org.junit.platform.engine.support.hierarchical.ThrowableCollector.execute(ThrowableCollector.java:73) ~[junit-platform-engine-1.11.4.jar:1.11.4]
	at org.junit.platform.engine.support.hierarchical.NodeTestTask.executeRecursively(NodeTestTask.java:143) ~[junit-platform-engine-1.11.4.jar:1.11.4]
	at org.junit.platform.engine.support.hierarchical.NodeTestTask.execute(NodeTestTask.java:100) ~[junit-platform-engine-1.11.4.jar:1.11.4]
	at org.junit.platform.engine.support.hierarchical.SameThreadHierarchicalTestExecutorService.submit(SameThreadHierarchicalTestExecutorService.java:35) ~[junit-platform-engine-1.11.4.jar:1.11.4]
	at org.junit.platform.engine.support.hierarchical.HierarchicalTestExecutor.execute(HierarchicalTestExecutor.java:57) ~[junit-platform-engine-1.11.4.jar:1.11.4]
	at org.junit.platform.engine.support.hierarchical.HierarchicalTestEngine.execute(HierarchicalTestEngine.java:54) ~[junit-platform-engine-1.11.4.jar:1.11.4]
	at org.junit.platform.launcher.core.EngineExecutionOrchestrator.execute(EngineExecutionOrchestrator.java:198) ~[junit-platform-launcher-1.11.4.jar:1.11.4]
	at org.junit.platform.launcher.core.EngineExecutionOrchestrator.execute(EngineExecutionOrchestrator.java:169) ~[junit-platform-launcher-1.11.4.jar:1.11.4]
	at org.junit.platform.launcher.core.EngineExecutionOrchestrator.execute(EngineExecutionOrchestrator.java:93) ~[junit-platform-launcher-1.11.4.jar:1.11.4]
	at org.junit.platform.launcher.core.EngineExecutionOrchestrator.lambda$execute$0(EngineExecutionOrchestrator.java:58) ~[junit-platform-launcher-1.11.4.jar:1.11.4]
	at org.junit.platform.launcher.core.EngineExecutionOrchestrator.withInterceptedStreams(EngineExecutionOrchestrator.java:141) ~[junit-platform-launcher-1.11.4.jar:1.11.4]
	at org.junit.platform.launcher.core.EngineExecutionOrchestrator.execute(EngineExecutionOrchestrator.java:57) ~[junit-platform-launcher-1.11.4.jar:1.11.4]
	at org.junit.platform.launcher.core.DefaultLauncher.execute(DefaultLauncher.java:103) ~[junit-platform-launcher-1.11.4.jar:1.11.4]
	at org.junit.platform.launcher.core.DefaultLauncher.execute(DefaultLauncher.java:85) ~[junit-platform-launcher-1.11.4.jar:1.11.4]
	at org.junit.platform.launcher.core.DelegatingLauncher.execute(DelegatingLauncher.java:47) ~[junit-platform-launcher-1.11.4.jar:1.11.4]
	at org.apache.maven.surefire.junitplatform.LazyLauncher.execute(LazyLauncher.java:56) ~[surefire-junit-platform-3.5.2.jar:3.5.2]
	at org.apache.maven.surefire.junitplatform.JUnitPlatformProvider.execute(JUnitPlatformProvider.java:184) ~[surefire-junit-platform-3.5.2.jar:3.5.2]
	at org.apache.maven.surefire.junitplatform.JUnitPlatformProvider.invokeAllTests(JUnitPlatformProvider.java:148) ~[surefire-junit-platform-3.5.2.jar:3.5.2]
	at org.apache.maven.surefire.junitplatform.JUnitPlatformProvider.invoke(JUnitPlatformProvider.java:122) ~[surefire-junit-platform-3.5.2.jar:3.5.2]
	at org.apache.maven.surefire.booter.ForkedBooter.runSuitesInProcess(ForkedBooter.java:385) ~[surefire-booter-3.5.2.jar:3.5.2]
	at org.apache.maven.surefire.booter.ForkedBooter.execute(ForkedBooter.java:162) ~[surefire-booter-3.5.2.jar:3.5.2]
	at org.apache.maven.surefire.booter.ForkedBooter.run(ForkedBooter.java:507) ~[surefire-booter-3.5.2.jar:3.5.2]
	at org.apache.maven.surefire.booter.ForkedBooter.main(ForkedBooter.java:495) ~[surefire-booter-3.5.2.jar:3.5.2]
Caused by: jakarta.persistence.PersistenceException: [PersistenceUnit: default] Unable to build Hibernate SessionFactory; nested exception is org.hibernate.exception.JDBCConnectionException: Unable to open JDBC Connection for DDL execution [Communications link failure

The last packet sent successfully to the server was 0 milliseconds ago. The driver has not received any packets from the server.] [n/a]
	at org.springframework.orm.jpa.AbstractEntityManagerFactoryBean.buildNativeEntityManagerFactory(AbstractEntityManagerFactoryBean.java:431) ~[spring-orm-6.2.3.jar:6.2.3]
	at org.springframework.orm.jpa.AbstractEntityManagerFactoryBean.afterPropertiesSet(AbstractEntityManagerFactoryBean.java:400) ~[spring-orm-6.2.3.jar:6.2.3]
	at org.springframework.orm.jpa.LocalContainerEntityManagerFactoryBean.afterPropertiesSet(LocalContainerEntityManagerFactoryBean.java:366) ~[spring-orm-6.2.3.jar:6.2.3]
	at org.springframework.beans.factory.support.AbstractAutowireCapableBeanFactory.invokeInitMethods(AbstractAutowireCapableBeanFactory.java:1859) ~[spring-beans-6.2.3.jar:6.2.3]
	at org.springframework.beans.factory.support.AbstractAutowireCapableBeanFactory.initializeBean(AbstractAutowireCapableBeanFactory.java:1808) ~[spring-beans-6.2.3.jar:6.2.3]
	... 95 common frames omitted
Caused by: org.hibernate.exception.JDBCConnectionException: Unable to open JDBC Connection for DDL execution [Communications link failure

The last packet sent successfully to the server was 0 milliseconds ago. The driver has not received any packets from the server.] [n/a]
	at org.hibernate.exception.internal.SQLStateConversionDelegate.convert(SQLStateConversionDelegate.java:100) ~[hibernate-core-6.6.8.Final.jar:6.6.8.Final]
	at org.hibernate.exception.internal.StandardSQLExceptionConverter.convert(StandardSQLExceptionConverter.java:58) ~[hibernate-core-6.6.8.Final.jar:6.6.8.Final]
	at org.hibernate.engine.jdbc.spi.SqlExceptionHelper.convert(SqlExceptionHelper.java:108) ~[hibernate-core-6.6.8.Final.jar:6.6.8.Final]
	at org.hibernate.engine.jdbc.spi.SqlExceptionHelper.convert(SqlExceptionHelper.java:94) ~[hibernate-core-6.6.8.Final.jar:6.6.8.Final]
	at org.hibernate.resource.transaction.backend.jdbc.internal.DdlTransactionIsolatorNonJtaImpl.getIsolatedConnection(DdlTransactionIsolatorNonJtaImpl.java:74) ~[hibernate-core-6.6.8.Final.jar:6.6.8.Final]
	at org.hibernate.tool.schema.internal.exec.GenerationTargetToDatabase.getIsolatedConnection(GenerationTargetToDatabase.java:60) ~[hibernate-core-6.6.8.Final.jar:6.6.8.Final]
	at org.hibernate.tool.schema.internal.exec.GenerationTargetToDatabase.jdbcStatement(GenerationTargetToDatabase.java:112) ~[hibernate-core-6.6.8.Final.jar:6.6.8.Final]
	at org.hibernate.tool.schema.internal.exec.GenerationTargetToDatabase.accept(GenerationTargetToDatabase.java:79) ~[hibernate-core-6.6.8.Final.jar:6.6.8.Final]
	at org.hibernate.tool.schema.internal.Helper.applySqlString(Helper.java:233) ~[hibernate-core-6.6.8.Final.jar:6.6.8.Final]
	at org.hibernate.tool.schema.internal.Helper.applySqlStrings(Helper.java:217) ~[hibernate-core-6.6.8.Final.jar:6.6.8.Final]
	at org.hibernate.tool.schema.internal.SchemaDropperImpl.applyConstraintDropping(SchemaDropperImpl.java:479) ~[hibernate-core-6.6.8.Final.jar:6.6.8.Final]
	at org.hibernate.tool.schema.internal.SchemaDropperImpl.dropConstraintsTablesSequences(SchemaDropperImpl.java:245) ~[hibernate-core-6.6.8.Final.jar:6.6.8.Final]
	at org.hibernate.tool.schema.internal.SchemaDropperImpl.dropFromMetadata(SchemaDropperImpl.java:218) ~[hibernate-core-6.6.8.Final.jar:6.6.8.Final]
	at org.hibernate.tool.schema.internal.SchemaDropperImpl.performDrop(SchemaDropperImpl.java:186) ~[hibernate-core-6.6.8.Final.jar:6.6.8.Final]
	at org.hibernate.tool.schema.internal.SchemaDropperImpl.doDrop(SchemaDropperImpl.java:156) ~[hibernate-core-6.6.8.Final.jar:6.6.8.Final]
	at org.hibernate.tool.schema.internal.SchemaDropperImpl.doDrop(SchemaDropperImpl.java:116) ~[hibernate-core-6.6.8.Final.jar:6.6.8.Final]
	at org.hibernate.tool.schema.spi.SchemaManagementToolCoordinator.performDatabaseAction(SchemaManagementToolCoordinator.java:238) ~[hibernate-core-6.6.8.Final.jar:6.6.8.Final]
	at org.hibernate.tool.schema.spi.SchemaManagementToolCoordinator.lambda$process$5(SchemaManagementToolCoordinator.java:144) ~[hibernate-core-6.6.8.Final.jar:6.6.8.Final]
	at java.base/java.util.HashMap.forEach(HashMap.java:1430) ~[na:na]
	at org.hibernate.tool.schema.spi.SchemaManagementToolCoordinator.process(SchemaManagementToolCoordinator.java:141) ~[hibernate-core-6.6.8.Final.jar:6.6.8.Final]
	at org.hibernate.boot.internal.SessionFactoryObserverForSchemaExport.sessionFactoryCreated(SessionFactoryObserverForSchemaExport.java:37) ~[hibernate-core-6.6.8.Final.jar:6.6.8.Final]
	at org.hibernate.internal.SessionFactoryObserverChain.sessionFactoryCreated(SessionFactoryObserverChain.java:35) ~[hibernate-core-6.6.8.Final.jar:6.6.8.Final]
	at org.hibernate.internal.SessionFactoryImpl.<init>(SessionFactoryImpl.java:324) ~[hibernate-core-6.6.8.Final.jar:6.6.8.Final]
	at org.hibernate.boot.internal.SessionFactoryBuilderImpl.build(SessionFactoryBuilderImpl.java:463) ~[hibernate-core-6.6.8.Final.jar:6.6.8.Final]
	at org.hibernate.jpa.boot.internal.EntityManagerFactoryBuilderImpl.build(EntityManagerFactoryBuilderImpl.java:1517) ~[hibernate-core-6.6.8.Final.jar:6.6.8.Final]
	at org.springframework.orm.jpa.vendor.SpringHibernateJpaPersistenceProvider.createContainerEntityManagerFactory(SpringHibernateJpaPersistenceProvider.java:66) ~[spring-orm-6.2.3.jar:6.2.3]
	at org.springframework.orm.jpa.LocalContainerEntityManagerFactoryBean.createNativeEntityManagerFactory(LocalContainerEntityManagerFactoryBean.java:390) ~[spring-orm-6.2.3.jar:6.2.3]
	at org.springframework.orm.jpa.AbstractEntityManagerFactoryBean.buildNativeEntityManagerFactory(AbstractEntityManagerFactoryBean.java:419) ~[spring-orm-6.2.3.jar:6.2.3]
	... 99 common frames omitted
Caused by: com.mysql.cj.jdbc.exceptions.CommunicationsException: Communications link failure

The last packet sent successfully to the server was 0 milliseconds ago. The driver has not received any packets from the server.
	at com.mysql.cj.jdbc.exceptions.SQLError.createCommunicationsException(SQLError.java:175) ~[mysql-connector-j-8.0.33.jar:8.0.33]
	at com.mysql.cj.jdbc.exceptions.SQLExceptionsMapping.translateException(SQLExceptionsMapping.java:64) ~[mysql-connector-j-8.0.33.jar:8.0.33]
	at com.mysql.cj.jdbc.ConnectionImpl.createNewIO(ConnectionImpl.java:825) ~[mysql-connector-j-8.0.33.jar:8.0.33]
	at com.mysql.cj.jdbc.ConnectionImpl.<init>(ConnectionImpl.java:446) ~[mysql-connector-j-8.0.33.jar:8.0.33]
	at com.mysql.cj.jdbc.ConnectionImpl.getInstance(ConnectionImpl.java:239) ~[mysql-connector-j-8.0.33.jar:8.0.33]
	at com.mysql.cj.jdbc.NonRegisteringDriver.connect(NonRegisteringDriver.java:188) ~[mysql-connector-j-8.0.33.jar:8.0.33]
	at com.zaxxer.hikari.util.DriverDataSource.getConnection(DriverDataSource.java:137) ~[HikariCP-5.1.0.jar:na]
	at com.zaxxer.hikari.pool.PoolBase.newConnection(PoolBase.java:360) ~[HikariCP-5.1.0.jar:na]
	at com.zaxxer.hikari.pool.PoolBase.newPoolEntry(PoolBase.java:202) ~[HikariCP-5.1.0.jar:na]
	at com.zaxxer.hikari.pool.HikariPool.createPoolEntry(HikariPool.java:461) ~[HikariCP-5.1.0.jar:na]
	at com.zaxxer.hikari.pool.HikariPool.checkFailFast(HikariPool.java:550) ~[HikariCP-5.1.0.jar:na]
	at com.zaxxer.hikari.pool.HikariPool.<init>(HikariPool.java:98) ~[HikariCP-5.1.0.jar:na]
	at com.zaxxer.hikari.HikariDataSource.getConnection(HikariDataSource.java:111) ~[HikariCP-5.1.0.jar:na]
	at org.hibernate.engine.jdbc.connections.internal.DatasourceConnectionProviderImpl.getConnection(DatasourceConnectionProviderImpl.java:126) ~[hibernate-core-6.6.8.Final.jar:6.6.8.Final]
	at org.hibernate.engine.jdbc.env.internal.JdbcEnvironmentInitiator$ConnectionProviderJdbcConnectionAccess.obtainConnection(JdbcEnvironmentInitiator.java:467) ~[hibernate-core-6.6.8.Final.jar:6.6.8.Final]
	at org.hibernate.resource.transaction.backend.jdbc.internal.DdlTransactionIsolatorNonJtaImpl.getIsolatedConnection(DdlTransactionIsolatorNonJtaImpl.java:46) ~[hibernate-core-6.6.8.Final.jar:6.6.8.Final]
	... 122 common frames omitted
Caused by: com.mysql.cj.exceptions.CJCommunicationsException: Communications link failure

The last packet sent successfully to the server was 0 milliseconds ago. The driver has not received any packets from the server.
	at java.base/jdk.internal.reflect.DirectConstructorHandleAccessor.newInstance(DirectConstructorHandleAccessor.java:62) ~[na:na]
	at java.base/java.lang.reflect.Constructor.newInstanceWithCaller(Constructor.java:501) ~[na:na]
	at java.base/java.lang.reflect.Constructor.newInstance(Constructor.java:485) ~[na:na]
	at com.mysql.cj.exceptions.ExceptionFactory.createException(ExceptionFactory.java:62) ~[mysql-connector-j-8.0.33.jar:8.0.33]
	at com.mysql.cj.exceptions.ExceptionFactory.createException(ExceptionFactory.java:105) ~[mysql-connector-j-8.0.33.jar:8.0.33]
	at com.mysql.cj.exceptions.ExceptionFactory.createException(ExceptionFactory.java:150) ~[mysql-connector-j-8.0.33.jar:8.0.33]
	at com.mysql.cj.exceptions.ExceptionFactory.createCommunicationsException(ExceptionFactory.java:166) ~[mysql-connector-j-8.0.33.jar:8.0.33]
	at com.mysql.cj.protocol.a.NativeSocketConnection.connect(NativeSocketConnection.java:89) ~[mysql-connector-j-8.0.33.jar:8.0.33]
	at com.mysql.cj.NativeSession.connect(NativeSession.java:121) ~[mysql-connector-j-8.0.33.jar:8.0.33]
	at com.mysql.cj.jdbc.ConnectionImpl.connectOneTryOnly(ConnectionImpl.java:945) ~[mysql-connector-j-8.0.33.jar:8.0.33]
	at com.mysql.cj.jdbc.ConnectionImpl.createNewIO(ConnectionImpl.java:815) ~[mysql-connector-j-8.0.33.jar:8.0.33]
	... 135 common frames omitted
Caused by: java.net.UnknownHostException: flight-server.mysql.database.azure.com
	at java.base/java.net.InetAddress$CachedLookup.get(InetAddress.java:998) ~[na:na]
	at java.base/java.net.InetAddress.getAllByName0(InetAddress.java:1807) ~[na:na]
	at java.base/java.net.InetAddress.getAllByName(InetAddress.java:1676) ~[na:na]
	at com.mysql.cj.protocol.StandardSocketFactory.connect(StandardSocketFactory.java:130) ~[mysql-connector-j-8.0.33.jar:8.0.33]
	at com.mysql.cj.protocol.a.NativeSocketConnection.connect(NativeSocketConnection.java:63) ~[mysql-connector-j-8.0.33.jar:8.0.33]
	... 138 common frames omitted

2025-03-15T10:06:04.324-05:00  WARN 37662 --- [flight-booking] [           main] o.s.test.context.TestContextManager      : Caught exception while allowing TestExecutionListener [org.springframework.test.context.web.ServletTestExecutionListener] to prepare test instance [edu.miu.cs.cs425.backend.BackendApplicationTests@22a22f1]

java.lang.IllegalStateException: Failed to load ApplicationContext for [WebMergedContextConfiguration@4587f0f9 testClass = edu.miu.cs.cs425.backend.BackendApplicationTests, locations = [], classes = [edu.miu.cs.cs425.backend.BackendApplication], contextInitializerClasses = [], activeProfiles = [], propertySourceDescriptors = [], propertySourceProperties = ["org.springframework.boot.test.context.SpringBootTestContextBootstrapper=true"], contextCustomizers = [org.springframework.boot.test.context.filter.ExcludeFilterContextCustomizer@2584b82d, org.springframework.boot.test.json.DuplicateJsonObjectContextCustomizerFactory$DuplicateJsonObjectContextCustomizer@626abbd0, org.springframework.boot.test.mock.mockito.MockitoContextCustomizer@0, org.springframework.boot.test.web.client.TestRestTemplateContextCustomizer@798162bc, org.springframework.boot.test.web.reactor.netty.DisableReactorResourceFactoryGlobalResourcesContextCustomizerFactory$DisableReactorResourceFactoryGlobalResourcesContextCustomizerCustomizer@565f390, org.springframework.boot.test.autoconfigure.OnFailureConditionReportContextCustomizerFactory$OnFailureConditionReportContextCustomizer@5e3f861, org.springframework.boot.test.autoconfigure.actuate.observability.ObservabilityContextCustomizerFactory$DisableObservabilityContextCustomizer@1f, org.springframework.boot.test.autoconfigure.properties.PropertyMappingContextCustomizer@0, org.springframework.boot.test.autoconfigure.web.servlet.WebDriverContextCustomizer@32115b28, org.springframework.test.context.support.DynamicPropertiesContextCustomizer@0, org.springframework.boot.test.context.SpringBootTestAnnotation@95981886], resourceBasePath = "src/main/webapp", contextLoader = org.springframework.boot.test.context.SpringBootContextLoader, parent = null]
	at org.springframework.test.context.cache.DefaultCacheAwareContextLoaderDelegate.loadContext(DefaultCacheAwareContextLoaderDelegate.java:180) ~[spring-test-6.2.3.jar:6.2.3]
	at org.springframework.test.context.support.DefaultTestContext.getApplicationContext(DefaultTestContext.java:130) ~[spring-test-6.2.3.jar:6.2.3]
	at org.springframework.test.context.web.ServletTestExecutionListener.setUpRequestContextIfNecessary(ServletTestExecutionListener.java:200) ~[spring-test-6.2.3.jar:6.2.3]
	at org.springframework.test.context.web.ServletTestExecutionListener.prepareTestInstance(ServletTestExecutionListener.java:139) ~[spring-test-6.2.3.jar:6.2.3]
	at org.springframework.test.context.TestContextManager.prepareTestInstance(TestContextManager.java:260) ~[spring-test-6.2.3.jar:6.2.3]
	at org.springframework.test.context.junit.jupiter.SpringExtension.postProcessTestInstance(SpringExtension.java:160) ~[spring-test-6.2.3.jar:6.2.3]
	at org.junit.jupiter.engine.descriptor.ClassBasedTestDescriptor.lambda$invokeTestInstancePostProcessors$11(ClassBasedTestDescriptor.java:378) ~[junit-jupiter-engine-5.11.4.jar:5.11.4]
	at org.junit.jupiter.engine.descriptor.ClassBasedTestDescriptor.executeAndMaskThrowable(ClassBasedTestDescriptor.java:383) ~[junit-jupiter-engine-5.11.4.jar:5.11.4]
	at org.junit.jupiter.engine.descriptor.ClassBasedTestDescriptor.lambda$invokeTestInstancePostProcessors$12(ClassBasedTestDescriptor.java:378) ~[junit-jupiter-engine-5.11.4.jar:5.11.4]
	at java.base/java.util.stream.ForEachOps$ForEachOp$OfRef.accept(ForEachOps.java:184) ~[na:na]
	at java.base/java.util.stream.ReferencePipeline$3$1.accept(ReferencePipeline.java:215) ~[na:na]
	at java.base/java.util.stream.ReferencePipeline$2$1.accept(ReferencePipeline.java:197) ~[na:na]
	at java.base/java.util.stream.ReferencePipeline$3$1.accept(ReferencePipeline.java:215) ~[na:na]
	at java.base/java.util.ArrayList$ArrayListSpliterator.forEachRemaining(ArrayList.java:1709) ~[na:na]
	at java.base/java.util.stream.AbstractPipeline.copyInto(AbstractPipeline.java:570) ~[na:na]
	at java.base/java.util.stream.AbstractPipeline.wrapAndCopyInto(AbstractPipeline.java:560) ~[na:na]
	at java.base/java.util.stream.ForEachOps$ForEachOp.evaluateSequential(ForEachOps.java:151) ~[na:na]
	at java.base/java.util.stream.ForEachOps$ForEachOp$OfRef.evaluateSequential(ForEachOps.java:174) ~[na:na]
	at java.base/java.util.stream.AbstractPipeline.evaluate(AbstractPipeline.java:265) ~[na:na]
	at java.base/java.util.stream.ReferencePipeline.forEach(ReferencePipeline.java:636) ~[na:na]
	at org.junit.jupiter.engine.descriptor.ClassBasedTestDescriptor.invokeTestInstancePostProcessors(ClassBasedTestDescriptor.java:377) ~[junit-jupiter-engine-5.11.4.jar:5.11.4]
	at org.junit.jupiter.engine.descriptor.ClassBasedTestDescriptor.lambda$instantiateAndPostProcessTestInstance$7(ClassBasedTestDescriptor.java:290) ~[junit-jupiter-engine-5.11.4.jar:5.11.4]
	at org.junit.platform.engine.support.hierarchical.ThrowableCollector.execute(ThrowableCollector.java:73) ~[junit-platform-engine-1.11.4.jar:1.11.4]
	at org.junit.jupiter.engine.descriptor.ClassBasedTestDescriptor.instantiateAndPostProcessTestInstance(ClassBasedTestDescriptor.java:289) ~[junit-jupiter-engine-5.11.4.jar:5.11.4]
	at org.junit.jupiter.engine.descriptor.ClassBasedTestDescriptor.lambda$testInstancesProvider$5(ClassBasedTestDescriptor.java:279) ~[junit-jupiter-engine-5.11.4.jar:5.11.4]
	at java.base/java.util.Optional.orElseGet(Optional.java:364) ~[na:na]
	at org.junit.jupiter.engine.descriptor.ClassBasedTestDescriptor.lambda$testInstancesProvider$6(ClassBasedTestDescriptor.java:278) ~[junit-jupiter-engine-5.11.4.jar:5.11.4]
	at org.junit.jupiter.engine.execution.TestInstancesProvider.getTestInstances(TestInstancesProvider.java:31) ~[junit-jupiter-engine-5.11.4.jar:5.11.4]
	at org.junit.jupiter.engine.descriptor.TestMethodTestDescriptor.lambda$prepare$1(TestMethodTestDescriptor.java:105) ~[junit-jupiter-engine-5.11.4.jar:5.11.4]
	at org.junit.platform.engine.support.hierarchical.ThrowableCollector.execute(ThrowableCollector.java:73) ~[junit-platform-engine-1.11.4.jar:1.11.4]
	at org.junit.jupiter.engine.descriptor.TestMethodTestDescriptor.prepare(TestMethodTestDescriptor.java:104) ~[junit-jupiter-engine-5.11.4.jar:5.11.4]
	at org.junit.jupiter.engine.descriptor.TestMethodTestDescriptor.prepare(TestMethodTestDescriptor.java:68) ~[junit-jupiter-engine-5.11.4.jar:5.11.4]
	at org.junit.platform.engine.support.hierarchical.NodeTestTask.lambda$prepare$2(NodeTestTask.java:128) ~[junit-platform-engine-1.11.4.jar:1.11.4]
	at org.junit.platform.engine.support.hierarchical.ThrowableCollector.execute(ThrowableCollector.java:73) ~[junit-platform-engine-1.11.4.jar:1.11.4]
	at org.junit.platform.engine.support.hierarchical.NodeTestTask.prepare(NodeTestTask.java:128) ~[junit-platform-engine-1.11.4.jar:1.11.4]
	at org.junit.platform.engine.support.hierarchical.NodeTestTask.execute(NodeTestTask.java:95) ~[junit-platform-engine-1.11.4.jar:1.11.4]
	at java.base/java.util.ArrayList.forEach(ArrayList.java:1597) ~[na:na]
	at org.junit.platform.engine.support.hierarchical.SameThreadHierarchicalTestExecutorService.invokeAll(SameThreadHierarchicalTestExecutorService.java:41) ~[junit-platform-engine-1.11.4.jar:1.11.4]
	at org.junit.platform.engine.support.hierarchical.NodeTestTask.lambda$executeRecursively$6(NodeTestTask.java:160) ~[junit-platform-engine-1.11.4.jar:1.11.4]
	at org.junit.platform.engine.support.hierarchical.ThrowableCollector.execute(ThrowableCollector.java:73) ~[junit-platform-engine-1.11.4.jar:1.11.4]
	at org.junit.platform.engine.support.hierarchical.NodeTestTask.lambda$executeRecursively$8(NodeTestTask.java:146) ~[junit-platform-engine-1.11.4.jar:1.11.4]
	at org.junit.platform.engine.support.hierarchical.Node.around(Node.java:137) ~[junit-platform-engine-1.11.4.jar:1.11.4]
	at org.junit.platform.engine.support.hierarchical.NodeTestTask.lambda$executeRecursively$9(NodeTestTask.java:144) ~[junit-platform-engine-1.11.4.jar:1.11.4]
	at org.junit.platform.engine.support.hierarchical.ThrowableCollector.execute(ThrowableCollector.java:73) ~[junit-platform-engine-1.11.4.jar:1.11.4]
	at org.junit.platform.engine.support.hierarchical.NodeTestTask.executeRecursively(NodeTestTask.java:143) ~[junit-platform-engine-1.11.4.jar:1.11.4]
	at org.junit.platform.engine.support.hierarchical.NodeTestTask.execute(NodeTestTask.java:100) ~[junit-platform-engine-1.11.4.jar:1.11.4]
	at java.base/java.util.ArrayList.forEach(ArrayList.java:1597) ~[na:na]
	at org.junit.platform.engine.support.hierarchical.SameThreadHierarchicalTestExecutorService.invokeAll(SameThreadHierarchicalTestExecutorService.java:41) ~[junit-platform-engine-1.11.4.jar:1.11.4]
	at org.junit.platform.engine.support.hierarchical.NodeTestTask.lambda$executeRecursively$6(NodeTestTask.java:160) ~[junit-platform-engine-1.11.4.jar:1.11.4]
	at org.junit.platform.engine.support.hierarchical.ThrowableCollector.execute(ThrowableCollector.java:73) ~[junit-platform-engine-1.11.4.jar:1.11.4]
	at org.junit.platform.engine.support.hierarchical.NodeTestTask.lambda$executeRecursively$8(NodeTestTask.java:146) ~[junit-platform-engine-1.11.4.jar:1.11.4]
	at org.junit.platform.engine.support.hierarchical.Node.around(Node.java:137) ~[junit-platform-engine-1.11.4.jar:1.11.4]
	at org.junit.platform.engine.support.hierarchical.NodeTestTask.lambda$executeRecursively$9(NodeTestTask.java:144) ~[junit-platform-engine-1.11.4.jar:1.11.4]
	at org.junit.platform.engine.support.hierarchical.ThrowableCollector.execute(ThrowableCollector.java:73) ~[junit-platform-engine-1.11.4.jar:1.11.4]
	at org.junit.platform.engine.support.hierarchical.NodeTestTask.executeRecursively(NodeTestTask.java:143) ~[junit-platform-engine-1.11.4.jar:1.11.4]
	at org.junit.platform.engine.support.hierarchical.NodeTestTask.execute(NodeTestTask.java:100) ~[junit-platform-engine-1.11.4.jar:1.11.4]
	at org.junit.platform.engine.support.hierarchical.SameThreadHierarchicalTestExecutorService.submit(SameThreadHierarchicalTestExecutorService.java:35) ~[junit-platform-engine-1.11.4.jar:1.11.4]
	at org.junit.platform.engine.support.hierarchical.HierarchicalTestExecutor.execute(HierarchicalTestExecutor.java:57) ~[junit-platform-engine-1.11.4.jar:1.11.4]
	at org.junit.platform.engine.support.hierarchical.HierarchicalTestEngine.execute(HierarchicalTestEngine.java:54) ~[junit-platform-engine-1.11.4.jar:1.11.4]
	at org.junit.platform.launcher.core.EngineExecutionOrchestrator.execute(EngineExecutionOrchestrator.java:198) ~[junit-platform-launcher-1.11.4.jar:1.11.4]
	at org.junit.platform.launcher.core.EngineExecutionOrchestrator.execute(EngineExecutionOrchestrator.java:169) ~[junit-platform-launcher-1.11.4.jar:1.11.4]
	at org.junit.platform.launcher.core.EngineExecutionOrchestrator.execute(EngineExecutionOrchestrator.java:93) ~[junit-platform-launcher-1.11.4.jar:1.11.4]
	at org.junit.platform.launcher.core.EngineExecutionOrchestrator.lambda$execute$0(EngineExecutionOrchestrator.java:58) ~[junit-platform-launcher-1.11.4.jar:1.11.4]
	at org.junit.platform.launcher.core.EngineExecutionOrchestrator.withInterceptedStreams(EngineExecutionOrchestrator.java:141) ~[junit-platform-launcher-1.11.4.jar:1.11.4]
	at org.junit.platform.launcher.core.EngineExecutionOrchestrator.execute(EngineExecutionOrchestrator.java:57) ~[junit-platform-launcher-1.11.4.jar:1.11.4]
	at org.junit.platform.launcher.core.DefaultLauncher.execute(DefaultLauncher.java:103) ~[junit-platform-launcher-1.11.4.jar:1.11.4]
	at org.junit.platform.launcher.core.DefaultLauncher.execute(DefaultLauncher.java:85) ~[junit-platform-launcher-1.11.4.jar:1.11.4]
	at org.junit.platform.launcher.core.DelegatingLauncher.execute(DelegatingLauncher.java:47) ~[junit-platform-launcher-1.11.4.jar:1.11.4]
	at org.apache.maven.surefire.junitplatform.LazyLauncher.execute(LazyLauncher.java:56) ~[surefire-junit-platform-3.5.2.jar:3.5.2]
	at org.apache.maven.surefire.junitplatform.JUnitPlatformProvider.execute(JUnitPlatformProvider.java:184) ~[surefire-junit-platform-3.5.2.jar:3.5.2]
	at org.apache.maven.surefire.junitplatform.JUnitPlatformProvider.invokeAllTests(JUnitPlatformProvider.java:148) ~[surefire-junit-platform-3.5.2.jar:3.5.2]
	at org.apache.maven.surefire.junitplatform.JUnitPlatformProvider.invoke(JUnitPlatformProvider.java:122) ~[surefire-junit-platform-3.5.2.jar:3.5.2]
	at org.apache.maven.surefire.booter.ForkedBooter.runSuitesInProcess(ForkedBooter.java:385) ~[surefire-booter-3.5.2.jar:3.5.2]
	at org.apache.maven.surefire.booter.ForkedBooter.execute(ForkedBooter.java:162) ~[surefire-booter-3.5.2.jar:3.5.2]
	at org.apache.maven.surefire.booter.ForkedBooter.run(ForkedBooter.java:507) ~[surefire-booter-3.5.2.jar:3.5.2]
	at org.apache.maven.surefire.booter.ForkedBooter.main(ForkedBooter.java:495) ~[surefire-booter-3.5.2.jar:3.5.2]
Caused by: org.springframework.beans.factory.BeanCreationException: Error creating bean with name 'entityManagerFactory' defined in class path resource [org/springframework/boot/autoconfigure/orm/jpa/HibernateJpaConfiguration.class]: [PersistenceUnit: default] Unable to build Hibernate SessionFactory; nested exception is org.hibernate.exception.JDBCConnectionException: Unable to open JDBC Connection for DDL execution [Communications link failure

The last packet sent successfully to the server was 0 milliseconds ago. The driver has not received any packets from the server.] [n/a]
	at org.springframework.beans.factory.support.AbstractAutowireCapableBeanFactory.initializeBean(AbstractAutowireCapableBeanFactory.java:1812) ~[spring-beans-6.2.3.jar:6.2.3]
	at org.springframework.beans.factory.support.AbstractAutowireCapableBeanFactory.doCreateBean(AbstractAutowireCapableBeanFactory.java:601) ~[spring-beans-6.2.3.jar:6.2.3]
	at org.springframework.beans.factory.support.AbstractAutowireCapableBeanFactory.createBean(AbstractAutowireCapableBeanFactory.java:523) ~[spring-beans-6.2.3.jar:6.2.3]
	at org.springframework.beans.factory.support.AbstractBeanFactory.lambda$doGetBean$0(AbstractBeanFactory.java:339) ~[spring-beans-6.2.3.jar:6.2.3]
	at org.springframework.beans.factory.support.DefaultSingletonBeanRegistry.getSingleton(DefaultSingletonBeanRegistry.java:346) ~[spring-beans-6.2.3.jar:6.2.3]
	at org.springframework.beans.factory.support.AbstractBeanFactory.doGetBean(AbstractBeanFactory.java:337) ~[spring-beans-6.2.3.jar:6.2.3]
	at org.springframework.beans.factory.support.AbstractBeanFactory.getBean(AbstractBeanFactory.java:207) ~[spring-beans-6.2.3.jar:6.2.3]
	at org.springframework.context.support.AbstractApplicationContext.finishBeanFactoryInitialization(AbstractApplicationContext.java:970) ~[spring-context-6.2.3.jar:6.2.3]
	at org.springframework.context.support.AbstractApplicationContext.refresh(AbstractApplicationContext.java:627) ~[spring-context-6.2.3.jar:6.2.3]
	at org.springframework.boot.SpringApplication.refresh(SpringApplication.java:752) ~[spring-boot-3.4.3.jar:3.4.3]
	at org.springframework.boot.SpringApplication.refreshContext(SpringApplication.java:439) ~[spring-boot-3.4.3.jar:3.4.3]
	at org.springframework.boot.SpringApplication.run(SpringApplication.java:318) ~[spring-boot-3.4.3.jar:3.4.3]
	at org.springframework.boot.test.context.SpringBootContextLoader.lambda$loadContext$3(SpringBootContextLoader.java:137) ~[spring-boot-test-3.4.3.jar:3.4.3]
	at org.springframework.util.function.ThrowingSupplier.get(ThrowingSupplier.java:58) ~[spring-core-6.2.3.jar:6.2.3]
	at org.springframework.util.function.ThrowingSupplier.get(ThrowingSupplier.java:46) ~[spring-core-6.2.3.jar:6.2.3]
	at org.springframework.boot.SpringApplication.withHook(SpringApplication.java:1461) ~[spring-boot-3.4.3.jar:3.4.3]
	at org.springframework.boot.test.context.SpringBootContextLoader$ContextLoaderHook.run(SpringBootContextLoader.java:553) ~[spring-boot-test-3.4.3.jar:3.4.3]
	at org.springframework.boot.test.context.SpringBootContextLoader.loadContext(SpringBootContextLoader.java:137) ~[spring-boot-test-3.4.3.jar:3.4.3]
	at org.springframework.boot.test.context.SpringBootContextLoader.loadContext(SpringBootContextLoader.java:108) ~[spring-boot-test-3.4.3.jar:3.4.3]
	at org.springframework.test.context.cache.DefaultCacheAwareContextLoaderDelegate.loadContextInternal(DefaultCacheAwareContextLoaderDelegate.java:225) ~[spring-test-6.2.3.jar:6.2.3]
	at org.springframework.test.context.cache.DefaultCacheAwareContextLoaderDelegate.loadContext(DefaultCacheAwareContextLoaderDelegate.java:152) ~[spring-test-6.2.3.jar:6.2.3]
	... 75 common frames omitted
Caused by: jakarta.persistence.PersistenceException: [PersistenceUnit: default] Unable to build Hibernate SessionFactory; nested exception is org.hibernate.exception.JDBCConnectionException: Unable to open JDBC Connection for DDL execution [Communications link failure

The last packet sent successfully to the server was 0 milliseconds ago. The driver has not received any packets from the server.] [n/a]
	at org.springframework.orm.jpa.AbstractEntityManagerFactoryBean.buildNativeEntityManagerFactory(AbstractEntityManagerFactoryBean.java:431) ~[spring-orm-6.2.3.jar:6.2.3]
	at org.springframework.orm.jpa.AbstractEntityManagerFactoryBean.afterPropertiesSet(AbstractEntityManagerFactoryBean.java:400) ~[spring-orm-6.2.3.jar:6.2.3]
	at org.springframework.orm.jpa.LocalContainerEntityManagerFactoryBean.afterPropertiesSet(LocalContainerEntityManagerFactoryBean.java:366) ~[spring-orm-6.2.3.jar:6.2.3]
	at org.springframework.beans.factory.support.AbstractAutowireCapableBeanFactory.invokeInitMethods(AbstractAutowireCapableBeanFactory.java:1859) ~[spring-beans-6.2.3.jar:6.2.3]
	at org.springframework.beans.factory.support.AbstractAutowireCapableBeanFactory.initializeBean(AbstractAutowireCapableBeanFactory.java:1808) ~[spring-beans-6.2.3.jar:6.2.3]
	... 95 common frames omitted
Caused by: org.hibernate.exception.JDBCConnectionException: Unable to open JDBC Connection for DDL execution [Communications link failure

The last packet sent successfully to the server was 0 milliseconds ago. The driver has not received any packets from the server.] [n/a]
	at org.hibernate.exception.internal.SQLStateConversionDelegate.convert(SQLStateConversionDelegate.java:100) ~[hibernate-core-6.6.8.Final.jar:6.6.8.Final]
	at org.hibernate.exception.internal.StandardSQLExceptionConverter.convert(StandardSQLExceptionConverter.java:58) ~[hibernate-core-6.6.8.Final.jar:6.6.8.Final]
	at org.hibernate.engine.jdbc.spi.SqlExceptionHelper.convert(SqlExceptionHelper.java:108) ~[hibernate-core-6.6.8.Final.jar:6.6.8.Final]
	at org.hibernate.engine.jdbc.spi.SqlExceptionHelper.convert(SqlExceptionHelper.java:94) ~[hibernate-core-6.6.8.Final.jar:6.6.8.Final]
	at org.hibernate.resource.transaction.backend.jdbc.internal.DdlTransactionIsolatorNonJtaImpl.getIsolatedConnection(DdlTransactionIsolatorNonJtaImpl.java:74) ~[hibernate-core-6.6.8.Final.jar:6.6.8.Final]
	at org.hibernate.tool.schema.internal.exec.GenerationTargetToDatabase.getIsolatedConnection(GenerationTargetToDatabase.java:60) ~[hibernate-core-6.6.8.Final.jar:6.6.8.Final]
	at org.hibernate.tool.schema.internal.exec.GenerationTargetToDatabase.jdbcStatement(GenerationTargetToDatabase.java:112) ~[hibernate-core-6.6.8.Final.jar:6.6.8.Final]
	at org.hibernate.tool.schema.internal.exec.GenerationTargetToDatabase.accept(GenerationTargetToDatabase.java:79) ~[hibernate-core-6.6.8.Final.jar:6.6.8.Final]
	at org.hibernate.tool.schema.internal.Helper.applySqlString(Helper.java:233) ~[hibernate-core-6.6.8.Final.jar:6.6.8.Final]
	at org.hibernate.tool.schema.internal.Helper.applySqlStrings(Helper.java:217) ~[hibernate-core-6.6.8.Final.jar:6.6.8.Final]
	at org.hibernate.tool.schema.internal.SchemaDropperImpl.applyConstraintDropping(SchemaDropperImpl.java:479) ~[hibernate-core-6.6.8.Final.jar:6.6.8.Final]
	at org.hibernate.tool.schema.internal.SchemaDropperImpl.dropConstraintsTablesSequences(SchemaDropperImpl.java:245) ~[hibernate-core-6.6.8.Final.jar:6.6.8.Final]
	at org.hibernate.tool.schema.internal.SchemaDropperImpl.dropFromMetadata(SchemaDropperImpl.java:218) ~[hibernate-core-6.6.8.Final.jar:6.6.8.Final]
	at org.hibernate.tool.schema.internal.SchemaDropperImpl.performDrop(SchemaDropperImpl.java:186) ~[hibernate-core-6.6.8.Final.jar:6.6.8.Final]
	at org.hibernate.tool.schema.internal.SchemaDropperImpl.doDrop(SchemaDropperImpl.java:156) ~[hibernate-core-6.6.8.Final.jar:6.6.8.Final]
	at org.hibernate.tool.schema.internal.SchemaDropperImpl.doDrop(SchemaDropperImpl.java:116) ~[hibernate-core-6.6.8.Final.jar:6.6.8.Final]
	at org.hibernate.tool.schema.spi.SchemaManagementToolCoordinator.performDatabaseAction(SchemaManagementToolCoordinator.java:238) ~[hibernate-core-6.6.8.Final.jar:6.6.8.Final]
	at org.hibernate.tool.schema.spi.SchemaManagementToolCoordinator.lambda$process$5(SchemaManagementToolCoordinator.java:144) ~[hibernate-core-6.6.8.Final.jar:6.6.8.Final]
	at java.base/java.util.HashMap.forEach(HashMap.java:1430) ~[na:na]
	at org.hibernate.tool.schema.spi.SchemaManagementToolCoordinator.process(SchemaManagementToolCoordinator.java:141) ~[hibernate-core-6.6.8.Final.jar:6.6.8.Final]
	at org.hibernate.boot.internal.SessionFactoryObserverForSchemaExport.sessionFactoryCreated(SessionFactoryObserverForSchemaExport.java:37) ~[hibernate-core-6.6.8.Final.jar:6.6.8.Final]
	at org.hibernate.internal.SessionFactoryObserverChain.sessionFactoryCreated(SessionFactoryObserverChain.java:35) ~[hibernate-core-6.6.8.Final.jar:6.6.8.Final]
	at org.hibernate.internal.SessionFactoryImpl.<init>(SessionFactoryImpl.java:324) ~[hibernate-core-6.6.8.Final.jar:6.6.8.Final]
	at org.hibernate.boot.internal.SessionFactoryBuilderImpl.build(SessionFactoryBuilderImpl.java:463) ~[hibernate-core-6.6.8.Final.jar:6.6.8.Final]
	at org.hibernate.jpa.boot.internal.EntityManagerFactoryBuilderImpl.build(EntityManagerFactoryBuilderImpl.java:1517) ~[hibernate-core-6.6.8.Final.jar:6.6.8.Final]
	at org.springframework.orm.jpa.vendor.SpringHibernateJpaPersistenceProvider.createContainerEntityManagerFactory(SpringHibernateJpaPersistenceProvider.java:66) ~[spring-orm-6.2.3.jar:6.2.3]
	at org.springframework.orm.jpa.LocalContainerEntityManagerFactoryBean.createNativeEntityManagerFactory(LocalContainerEntityManagerFactoryBean.java:390) ~[spring-orm-6.2.3.jar:6.2.3]
	at org.springframework.orm.jpa.AbstractEntityManagerFactoryBean.buildNativeEntityManagerFactory(AbstractEntityManagerFactoryBean.java:419) ~[spring-orm-6.2.3.jar:6.2.3]
	... 99 common frames omitted
Caused by: com.mysql.cj.jdbc.exceptions.CommunicationsException: Communications link failure

The last packet sent successfully to the server was 0 milliseconds ago. The driver has not received any packets from the server.
	at com.mysql.cj.jdbc.exceptions.SQLError.createCommunicationsException(SQLError.java:175) ~[mysql-connector-j-8.0.33.jar:8.0.33]
	at com.mysql.cj.jdbc.exceptions.SQLExceptionsMapping.translateException(SQLExceptionsMapping.java:64) ~[mysql-connector-j-8.0.33.jar:8.0.33]
	at com.mysql.cj.jdbc.ConnectionImpl.createNewIO(ConnectionImpl.java:825) ~[mysql-connector-j-8.0.33.jar:8.0.33]
	at com.mysql.cj.jdbc.ConnectionImpl.<init>(ConnectionImpl.java:446) ~[mysql-connector-j-8.0.33.jar:8.0.33]
	at com.mysql.cj.jdbc.ConnectionImpl.getInstance(ConnectionImpl.java:239) ~[mysql-connector-j-8.0.33.jar:8.0.33]
	at com.mysql.cj.jdbc.NonRegisteringDriver.connect(NonRegisteringDriver.java:188) ~[mysql-connector-j-8.0.33.jar:8.0.33]
	at com.zaxxer.hikari.util.DriverDataSource.getConnection(DriverDataSource.java:137) ~[HikariCP-5.1.0.jar:na]
	at com.zaxxer.hikari.pool.PoolBase.newConnection(PoolBase.java:360) ~[HikariCP-5.1.0.jar:na]
	at com.zaxxer.hikari.pool.PoolBase.newPoolEntry(PoolBase.java:202) ~[HikariCP-5.1.0.jar:na]
	at com.zaxxer.hikari.pool.HikariPool.createPoolEntry(HikariPool.java:461) ~[HikariCP-5.1.0.jar:na]
	at com.zaxxer.hikari.pool.HikariPool.checkFailFast(HikariPool.java:550) ~[HikariCP-5.1.0.jar:na]
	at com.zaxxer.hikari.pool.HikariPool.<init>(HikariPool.java:98) ~[HikariCP-5.1.0.jar:na]
	at com.zaxxer.hikari.HikariDataSource.getConnection(HikariDataSource.java:111) ~[HikariCP-5.1.0.jar:na]
	at org.hibernate.engine.jdbc.connections.internal.DatasourceConnectionProviderImpl.getConnection(DatasourceConnectionProviderImpl.java:126) ~[hibernate-core-6.6.8.Final.jar:6.6.8.Final]
	at org.hibernate.engine.jdbc.env.internal.JdbcEnvironmentInitiator$ConnectionProviderJdbcConnectionAccess.obtainConnection(JdbcEnvironmentInitiator.java:467) ~[hibernate-core-6.6.8.Final.jar:6.6.8.Final]
	at org.hibernate.resource.transaction.backend.jdbc.internal.DdlTransactionIsolatorNonJtaImpl.getIsolatedConnection(DdlTransactionIsolatorNonJtaImpl.java:46) ~[hibernate-core-6.6.8.Final.jar:6.6.8.Final]
	... 122 common frames omitted
Caused by: com.mysql.cj.exceptions.CJCommunicationsException: Communications link failure

The last packet sent successfully to the server was 0 milliseconds ago. The driver has not received any packets from the server.
	at java.base/jdk.internal.reflect.DirectConstructorHandleAccessor.newInstance(DirectConstructorHandleAccessor.java:62) ~[na:na]
	at java.base/java.lang.reflect.Constructor.newInstanceWithCaller(Constructor.java:501) ~[na:na]
	at java.base/java.lang.reflect.Constructor.newInstance(Constructor.java:485) ~[na:na]
	at com.mysql.cj.exceptions.ExceptionFactory.createException(ExceptionFactory.java:62) ~[mysql-connector-j-8.0.33.jar:8.0.33]
	at com.mysql.cj.exceptions.ExceptionFactory.createException(ExceptionFactory.java:105) ~[mysql-connector-j-8.0.33.jar:8.0.33]
	at com.mysql.cj.exceptions.ExceptionFactory.createException(ExceptionFactory.java:150) ~[mysql-connector-j-8.0.33.jar:8.0.33]
	at com.mysql.cj.exceptions.ExceptionFactory.createCommunicationsException(ExceptionFactory.java:166) ~[mysql-connector-j-8.0.33.jar:8.0.33]
	at com.mysql.cj.protocol.a.NativeSocketConnection.connect(NativeSocketConnection.java:89) ~[mysql-connector-j-8.0.33.jar:8.0.33]
	at com.mysql.cj.NativeSession.connect(NativeSession.java:121) ~[mysql-connector-j-8.0.33.jar:8.0.33]
	at com.mysql.cj.jdbc.ConnectionImpl.connectOneTryOnly(ConnectionImpl.java:945) ~[mysql-connector-j-8.0.33.jar:8.0.33]
	at com.mysql.cj.jdbc.ConnectionImpl.createNewIO(ConnectionImpl.java:815) ~[mysql-connector-j-8.0.33.jar:8.0.33]
	... 135 common frames omitted
Caused by: java.net.UnknownHostException: flight-server.mysql.database.azure.com
	at java.base/java.net.InetAddress$CachedLookup.get(InetAddress.java:998) ~[na:na]
	at java.base/java.net.InetAddress.getAllByName0(InetAddress.java:1807) ~[na:na]
	at java.base/java.net.InetAddress.getAllByName(InetAddress.java:1676) ~[na:na]
	at com.mysql.cj.protocol.StandardSocketFactory.connect(StandardSocketFactory.java:130) ~[mysql-connector-j-8.0.33.jar:8.0.33]
	at com.mysql.cj.protocol.a.NativeSocketConnection.connect(NativeSocketConnection.java:63) ~[mysql-connector-j-8.0.33.jar:8.0.33]
	... 138 common frames omitted

]]></system-out>
    <system-err><![CDATA[


============================
CONDITIONS EVALUATION REPORT
============================


Positive matches:
-----------------

   AopAutoConfiguration matched:
      - @ConditionalOnProperty (spring.aop.auto=true) matched (OnPropertyCondition)

   AopAutoConfiguration.AspectJAutoProxyingConfiguration matched:
      - @ConditionalOnClass found required class 'org.aspectj.weaver.Advice' (OnClassCondition)

   AopAutoConfiguration.AspectJAutoProxyingConfiguration.CglibAutoProxyConfiguration matched:
      - @ConditionalOnProperty (spring.aop.proxy-target-class=true) matched (OnPropertyCondition)

   ApplicationAvailabilityAutoConfiguration#applicationAvailability matched:
      - @ConditionalOnMissingBean (types: org.springframework.boot.availability.ApplicationAvailability; SearchStrategy: all) did not find any beans (OnBeanCondition)

   DataSourceAutoConfiguration matched:
      - @ConditionalOnClass found required classes 'javax.sql.DataSource', 'org.springframework.jdbc.datasource.embedded.EmbeddedDatabaseType' (OnClassCondition)
      - @ConditionalOnMissingBean (types: io.r2dbc.spi.ConnectionFactory; SearchStrategy: all) did not find any beans (OnBeanCondition)

   DataSourceAutoConfiguration.PooledDataSourceConfiguration matched:
      - AnyNestedCondition 1 matched 1 did not; NestedCondition on DataSourceAutoConfiguration.PooledDataSourceCondition.PooledDataSourceAvailable PooledDataSource found supported DataSource; NestedCondition on DataSourceAutoConfiguration.PooledDataSourceCondition.ExplicitType @ConditionalOnProperty (spring.datasource.type) did not find property 'type' (DataSourceAutoConfiguration.PooledDataSourceCondition)
      - @ConditionalOnMissingBean (types: javax.sql.DataSource,javax.sql.XADataSource; SearchStrategy: all) did not find any beans (OnBeanCondition)

   DataSourceAutoConfiguration.PooledDataSourceConfiguration#jdbcConnectionDetails matched:
      - @ConditionalOnMissingBean (types: org.springframework.boot.autoconfigure.jdbc.JdbcConnectionDetails; SearchStrategy: all) did not find any beans (OnBeanCondition)

   DataSourceConfiguration.Hikari matched:
      - @ConditionalOnClass found required class 'com.zaxxer.hikari.HikariDataSource' (OnClassCondition)
      - @ConditionalOnProperty (spring.datasource.type=com.zaxxer.hikari.HikariDataSource) matched (OnPropertyCondition)
      - @ConditionalOnMissingBean (types: javax.sql.DataSource; SearchStrategy: all) did not find any beans (OnBeanCondition)

   DataSourceInitializationConfiguration matched:
      - @ConditionalOnClass found required class 'org.springframework.jdbc.datasource.init.DatabasePopulator' (OnClassCondition)
      - @ConditionalOnSingleCandidate (types: javax.sql.DataSource; SearchStrategy: all) found a single bean 'dataSource'; @ConditionalOnMissingBean (types: org.springframework.boot.autoconfigure.sql.init.SqlDataSourceScriptDatabaseInitializer,org.springframework.boot.autoconfigure.sql.init.SqlR2dbcScriptDatabaseInitializer; SearchStrategy: all) did not find any beans (OnBeanCondition)

   DataSourcePoolMetadataProvidersConfiguration.HikariPoolDataSourceMetadataProviderConfiguration matched:
      - @ConditionalOnClass found required class 'com.zaxxer.hikari.HikariDataSource' (OnClassCondition)

   DataSourceTransactionManagerAutoConfiguration matched:
      - @ConditionalOnClass found required classes 'javax.sql.DataSource', 'org.springframework.jdbc.core.JdbcTemplate', 'org.springframework.transaction.TransactionManager' (OnClassCondition)

   DataSourceTransactionManagerAutoConfiguration.JdbcTransactionManagerConfiguration matched:
      - @ConditionalOnSingleCandidate (types: javax.sql.DataSource; SearchStrategy: all) found a single bean 'dataSource' (OnBeanCondition)

   DispatcherServletAutoConfiguration matched:
      - @ConditionalOnClass found required class 'org.springframework.web.servlet.DispatcherServlet' (OnClassCondition)
      - found 'session' scope (OnWebApplicationCondition)

   DispatcherServletAutoConfiguration.DispatcherServletConfiguration matched:
      - @ConditionalOnClass found required class 'jakarta.servlet.ServletRegistration' (OnClassCondition)
      - Default DispatcherServlet did not find dispatcher servlet beans (DispatcherServletAutoConfiguration.DefaultDispatcherServletCondition)

   DispatcherServletAutoConfiguration.DispatcherServletRegistrationConfiguration matched:
      - @ConditionalOnClass found required class 'jakarta.servlet.ServletRegistration' (OnClassCondition)
      - DispatcherServlet Registration did not find servlet registration bean (DispatcherServletAutoConfiguration.DispatcherServletRegistrationCondition)

   DispatcherServletAutoConfiguration.DispatcherServletRegistrationConfiguration#dispatcherServletRegistration matched:
      - @ConditionalOnBean (names: dispatcherServlet types: org.springframework.web.servlet.DispatcherServlet; SearchStrategy: all) found bean 'dispatcherServlet' (OnBeanCondition)

   ErrorMvcAutoConfiguration matched:
      - @ConditionalOnClass found required classes 'jakarta.servlet.Servlet', 'org.springframework.web.servlet.DispatcherServlet' (OnClassCondition)
      - found 'session' scope (OnWebApplicationCondition)

   ErrorMvcAutoConfiguration#basicErrorController matched:
      - @ConditionalOnMissingBean (types: org.springframework.boot.web.servlet.error.ErrorController; SearchStrategy: current) did not find any beans (OnBeanCondition)

   ErrorMvcAutoConfiguration#errorAttributes matched:
      - @ConditionalOnMissingBean (types: org.springframework.boot.web.servlet.error.ErrorAttributes; SearchStrategy: current) did not find any beans (OnBeanCondition)

   ErrorMvcAutoConfiguration.DefaultErrorViewResolverConfiguration#conventionErrorViewResolver matched:
      - @ConditionalOnBean (types: org.springframework.web.servlet.DispatcherServlet; SearchStrategy: all) found bean 'dispatcherServlet'; @ConditionalOnMissingBean (types: org.springframework.boot.autoconfigure.web.servlet.error.ErrorViewResolver; SearchStrategy: all) did not find any beans (OnBeanCondition)

   ErrorMvcAutoConfiguration.WhitelabelErrorViewConfiguration matched:
      - @ConditionalOnProperty (server.error.whitelabel.enabled) matched (OnPropertyCondition)
      - ErrorTemplate Missing did not find error template view (ErrorMvcAutoConfiguration.ErrorTemplateMissingCondition)

   ErrorMvcAutoConfiguration.WhitelabelErrorViewConfiguration#beanNameViewResolver matched:
      - @ConditionalOnMissingBean (types: org.springframework.web.servlet.view.BeanNameViewResolver; SearchStrategy: all) did not find any beans (OnBeanCondition)

   ErrorMvcAutoConfiguration.WhitelabelErrorViewConfiguration#defaultErrorView matched:
      - @ConditionalOnMissingBean (names: error; SearchStrategy: all) did not find any beans (OnBeanCondition)

   GenericCacheConfiguration matched:
      - Cache org.springframework.boot.autoconfigure.cache.GenericCacheConfiguration automatic cache type (CacheCondition)

   HibernateJpaAutoConfiguration matched:
      - @ConditionalOnClass found required classes 'org.springframework.orm.jpa.LocalContainerEntityManagerFactoryBean', 'jakarta.persistence.EntityManager', 'org.hibernate.engine.spi.SessionImplementor' (OnClassCondition)

   HibernateJpaConfiguration matched:
      - @ConditionalOnSingleCandidate (types: javax.sql.DataSource; SearchStrategy: all) found a single bean 'dataSource' (OnBeanCondition)

   HttpClientAutoConfiguration matched:
      - @ConditionalOnClass found required class 'org.springframework.http.client.ClientHttpRequestFactory' (OnClassCondition)
      - NoneNestedConditions 0 matched 1 did not; NestedCondition on NotReactiveWebApplicationCondition.ReactiveWebApplication did not find reactive web application classes (NotReactiveWebApplicationCondition)

   HttpClientAutoConfiguration#clientHttpRequestFactoryBuilder matched:
      - @ConditionalOnMissingBean (types: org.springframework.boot.http.client.ClientHttpRequestFactoryBuilder; SearchStrategy: all) did not find any beans (OnBeanCondition)

   HttpClientAutoConfiguration#clientHttpRequestFactorySettings matched:
      - @ConditionalOnMissingBean (types: org.springframework.boot.http.client.ClientHttpRequestFactorySettings; SearchStrategy: all) did not find any beans (OnBeanCondition)

   HttpEncodingAutoConfiguration matched:
      - @ConditionalOnClass found required class 'org.springframework.web.filter.CharacterEncodingFilter' (OnClassCondition)
      - found 'session' scope (OnWebApplicationCondition)
      - @ConditionalOnProperty (server.servlet.encoding.enabled) matched (OnPropertyCondition)

   HttpEncodingAutoConfiguration#characterEncodingFilter matched:
      - @ConditionalOnMissingBean (types: org.springframework.web.filter.CharacterEncodingFilter; SearchStrategy: all) did not find any beans (OnBeanCondition)

   HttpMessageConvertersAutoConfiguration matched:
      - @ConditionalOnClass found required class 'org.springframework.http.converter.HttpMessageConverter' (OnClassCondition)
      - NoneNestedConditions 0 matched 1 did not; NestedCondition on HttpMessageConvertersAutoConfiguration.NotReactiveWebApplicationCondition.ReactiveWebApplication did not find reactive web application classes (HttpMessageConvertersAutoConfiguration.NotReactiveWebApplicationCondition)

   HttpMessageConvertersAutoConfiguration#messageConverters matched:
      - @ConditionalOnMissingBean (types: org.springframework.boot.autoconfigure.http.HttpMessageConverters; SearchStrategy: all) did not find any beans (OnBeanCondition)

   HttpMessageConvertersAutoConfiguration.StringHttpMessageConverterConfiguration matched:
      - @ConditionalOnClass found required class 'org.springframework.http.converter.StringHttpMessageConverter' (OnClassCondition)

   HttpMessageConvertersAutoConfiguration.StringHttpMessageConverterConfiguration#stringHttpMessageConverter matched:
      - @ConditionalOnMissingBean (types: org.springframework.http.converter.StringHttpMessageConverter; SearchStrategy: all) did not find any beans (OnBeanCondition)

   JacksonAutoConfiguration matched:
      - @ConditionalOnClass found required class 'com.fasterxml.jackson.databind.ObjectMapper' (OnClassCondition)

   JacksonAutoConfiguration.Jackson2ObjectMapperBuilderCustomizerConfiguration matched:
      - @ConditionalOnClass found required class 'org.springframework.http.converter.json.Jackson2ObjectMapperBuilder' (OnClassCondition)

   JacksonAutoConfiguration.JacksonObjectMapperBuilderConfiguration matched:
      - @ConditionalOnClass found required class 'org.springframework.http.converter.json.Jackson2ObjectMapperBuilder' (OnClassCondition)

   JacksonAutoConfiguration.JacksonObjectMapperBuilderConfiguration#jacksonObjectMapperBuilder matched:
      - @ConditionalOnMissingBean (types: org.springframework.http.converter.json.Jackson2ObjectMapperBuilder; SearchStrategy: all) did not find any beans (OnBeanCondition)

   JacksonAutoConfiguration.JacksonObjectMapperConfiguration matched:
      - @ConditionalOnClass found required class 'org.springframework.http.converter.json.Jackson2ObjectMapperBuilder' (OnClassCondition)

   JacksonAutoConfiguration.JacksonObjectMapperConfiguration#jacksonObjectMapper matched:
      - @ConditionalOnMissingBean (types: com.fasterxml.jackson.databind.ObjectMapper; SearchStrategy: all) did not find any beans (OnBeanCondition)

   JacksonAutoConfiguration.ParameterNamesModuleConfiguration matched:
      - @ConditionalOnClass found required class 'com.fasterxml.jackson.module.paramnames.ParameterNamesModule' (OnClassCondition)

   JacksonAutoConfiguration.ParameterNamesModuleConfiguration#parameterNamesModule matched:
      - @ConditionalOnMissingBean (types: com.fasterxml.jackson.module.paramnames.ParameterNamesModule; SearchStrategy: all) did not find any beans (OnBeanCondition)

   JacksonHttpMessageConvertersConfiguration.MappingJackson2HttpMessageConverterConfiguration matched:
      - @ConditionalOnClass found required class 'com.fasterxml.jackson.databind.ObjectMapper' (OnClassCondition)
      - @ConditionalOnProperty (spring.mvc.converters.preferred-json-mapper=jackson) matched (OnPropertyCondition)
      - @ConditionalOnBean (types: com.fasterxml.jackson.databind.ObjectMapper; SearchStrategy: all) found bean 'jacksonObjectMapper' (OnBeanCondition)

   JacksonHttpMessageConvertersConfiguration.MappingJackson2HttpMessageConverterConfiguration#mappingJackson2HttpMessageConverter matched:
      - @ConditionalOnMissingBean (types: org.springframework.http.converter.json.MappingJackson2HttpMessageConverter ignored: org.springframework.hateoas.server.mvc.TypeConstrainedMappingJackson2HttpMessageConverter,org.springframework.data.rest.webmvc.alps.AlpsJsonHttpMessageConverter; SearchStrategy: all) did not find any beans (OnBeanCondition)

   JdbcClientAutoConfiguration matched:
      - @ConditionalOnSingleCandidate (types: org.springframework.jdbc.core.namedparam.NamedParameterJdbcTemplate; SearchStrategy: all) found a single bean 'namedParameterJdbcTemplate'; @ConditionalOnMissingBean (types: org.springframework.jdbc.core.simple.JdbcClient; SearchStrategy: all) did not find any beans (OnBeanCondition)

   JdbcTemplateAutoConfiguration matched:
      - @ConditionalOnClass found required classes 'javax.sql.DataSource', 'org.springframework.jdbc.core.JdbcTemplate' (OnClassCondition)
      - @ConditionalOnSingleCandidate (types: javax.sql.DataSource; SearchStrategy: all) found a single bean 'dataSource' (OnBeanCondition)

   JdbcTemplateConfiguration matched:
      - @ConditionalOnMissingBean (types: org.springframework.jdbc.core.JdbcOperations; SearchStrategy: all) did not find any beans (OnBeanCondition)

   JpaBaseConfiguration#entityManagerFactory matched:
      - @ConditionalOnMissingBean (types: org.springframework.orm.jpa.LocalContainerEntityManagerFactoryBean,jakarta.persistence.EntityManagerFactory; SearchStrategy: all) did not find any beans (OnBeanCondition)

   JpaBaseConfiguration#entityManagerFactoryBuilder matched:
      - @ConditionalOnMissingBean (types: org.springframework.boot.orm.jpa.EntityManagerFactoryBuilder; SearchStrategy: all) did not find any beans (OnBeanCondition)

   JpaBaseConfiguration#jpaVendorAdapter matched:
      - @ConditionalOnMissingBean (types: org.springframework.orm.jpa.JpaVendorAdapter; SearchStrategy: all) did not find any beans (OnBeanCondition)

   JpaBaseConfiguration#transactionManager matched:
      - @ConditionalOnMissingBean (types: org.springframework.transaction.TransactionManager; SearchStrategy: all) did not find any beans (OnBeanCondition)

   JpaBaseConfiguration.JpaWebConfiguration matched:
      - @ConditionalOnClass found required class 'org.springframework.web.servlet.config.annotation.WebMvcConfigurer' (OnClassCondition)
      - found 'session' scope (OnWebApplicationCondition)
      - @ConditionalOnProperty (spring.jpa.open-in-view=true) matched (OnPropertyCondition)
      - @ConditionalOnMissingBean (types: org.springframework.orm.jpa.support.OpenEntityManagerInViewInterceptor,org.springframework.orm.jpa.support.OpenEntityManagerInViewFilter; SearchStrategy: all) did not find any beans (OnBeanCondition)

   JpaBaseConfiguration.PersistenceManagedTypesConfiguration matched:
      - @ConditionalOnMissingBean (types: org.springframework.orm.jpa.LocalContainerEntityManagerFactoryBean,jakarta.persistence.EntityManagerFactory; SearchStrategy: all) did not find any beans (OnBeanCondition)

   JpaBaseConfiguration.PersistenceManagedTypesConfiguration#persistenceManagedTypes matched:
      - @ConditionalOnMissingBean (types: org.springframework.orm.jpa.persistenceunit.PersistenceManagedTypes; SearchStrategy: all) did not find any beans (OnBeanCondition)

   JpaRepositoriesAutoConfiguration matched:
      - @ConditionalOnClass found required class 'org.springframework.data.jpa.repository.JpaRepository' (OnClassCondition)
      - @ConditionalOnProperty (spring.data.jpa.repositories.enabled=true) matched (OnPropertyCondition)
      - @ConditionalOnBean (types: javax.sql.DataSource; SearchStrategy: all) found bean 'dataSource'; @ConditionalOnMissingBean (types: org.springframework.data.jpa.repository.support.JpaRepositoryFactoryBean,org.springframework.data.jpa.repository.config.JpaRepositoryConfigExtension; SearchStrategy: all) did not find any beans (OnBeanCondition)

   JtaAutoConfiguration matched:
      - @ConditionalOnClass found required class 'jakarta.transaction.Transaction' (OnClassCondition)
      - @ConditionalOnProperty (spring.jta.enabled) matched (OnPropertyCondition)

   LifecycleAutoConfiguration#defaultLifecycleProcessor matched:
      - @ConditionalOnMissingBean (names: lifecycleProcessor; SearchStrategy: current) did not find any beans (OnBeanCondition)

   MultipartAutoConfiguration matched:
      - @ConditionalOnClass found required classes 'jakarta.servlet.Servlet', 'org.springframework.web.multipart.support.StandardServletMultipartResolver', 'jakarta.servlet.MultipartConfigElement' (OnClassCondition)
      - found 'session' scope (OnWebApplicationCondition)
      - @ConditionalOnProperty (spring.servlet.multipart.enabled) matched (OnPropertyCondition)

   MultipartAutoConfiguration#multipartConfigElement matched:
      - @ConditionalOnMissingBean (types: jakarta.servlet.MultipartConfigElement; SearchStrategy: all) did not find any beans (OnBeanCondition)

   MultipartAutoConfiguration#multipartResolver matched:
      - @ConditionalOnMissingBean (types: org.springframework.web.multipart.MultipartResolver; SearchStrategy: all) did not find any beans (OnBeanCondition)

   NamedParameterJdbcTemplateConfiguration matched:
      - @ConditionalOnSingleCandidate (types: org.springframework.jdbc.core.JdbcTemplate; SearchStrategy: all) found a single bean 'jdbcTemplate'; @ConditionalOnMissingBean (types: org.springframework.jdbc.core.namedparam.NamedParameterJdbcOperations; SearchStrategy: all) did not find any beans (OnBeanCondition)

   NoOpCacheConfiguration matched:
      - Cache org.springframework.boot.autoconfigure.cache.NoOpCacheConfiguration automatic cache type (CacheCondition)

   PersistenceExceptionTranslationAutoConfiguration matched:
      - @ConditionalOnClass found required class 'org.springframework.dao.annotation.PersistenceExceptionTranslationPostProcessor' (OnClassCondition)

   PersistenceExceptionTranslationAutoConfiguration#persistenceExceptionTranslationPostProcessor matched:
      - @ConditionalOnProperty (spring.dao.exceptiontranslation.enabled) matched (OnPropertyCondition)
      - @ConditionalOnMissingBean (types: org.springframework.dao.annotation.PersistenceExceptionTranslationPostProcessor; SearchStrategy: all) did not find any beans (OnBeanCondition)

   PropertyPlaceholderAutoConfiguration#propertySourcesPlaceholderConfigurer matched:
      - @ConditionalOnMissingBean (types: org.springframework.context.support.PropertySourcesPlaceholderConfigurer; SearchStrategy: current) did not find any beans (OnBeanCondition)

   RestClientAutoConfiguration matched:
      - @ConditionalOnClass found required class 'org.springframework.web.client.RestClient' (OnClassCondition)
      - NoneNestedConditions 0 matched 1 did not; NestedCondition on NotReactiveWebApplicationCondition.ReactiveWebApplication did not find reactive web application classes (NotReactiveWebApplicationCondition)

   RestClientAutoConfiguration#httpMessageConvertersRestClientCustomizer matched:
      - @ConditionalOnMissingBean (types: org.springframework.boot.autoconfigure.web.client.HttpMessageConvertersRestClientCustomizer; SearchStrategy: all) did not find any beans (OnBeanCondition)

   RestClientAutoConfiguration#restClientBuilder matched:
      - @ConditionalOnMissingBean (types: org.springframework.web.client.RestClient$Builder; SearchStrategy: all) did not find any beans (OnBeanCondition)

   RestClientAutoConfiguration#restClientBuilderConfigurer matched:
      - @ConditionalOnMissingBean (types: org.springframework.boot.autoconfigure.web.client.RestClientBuilderConfigurer; SearchStrategy: all) did not find any beans (OnBeanCondition)

   RestClientAutoConfiguration#restClientSsl matched:
      - @ConditionalOnBean (types: org.springframework.boot.ssl.SslBundles; SearchStrategy: all) found bean 'sslBundleRegistry'; @ConditionalOnMissingBean (types: org.springframework.boot.autoconfigure.web.client.RestClientSsl; SearchStrategy: all) did not find any beans (OnBeanCondition)

   RestTemplateAutoConfiguration matched:
      - @ConditionalOnClass found required class 'org.springframework.web.client.RestTemplate' (OnClassCondition)
      - NoneNestedConditions 0 matched 1 did not; NestedCondition on NotReactiveWebApplicationCondition.ReactiveWebApplication did not find reactive web application classes (NotReactiveWebApplicationCondition)

   RestTemplateAutoConfiguration#restTemplateBuilder matched:
      - @ConditionalOnMissingBean (types: org.springframework.boot.web.client.RestTemplateBuilder; SearchStrategy: all) did not find any beans (OnBeanCondition)

   ServletWebServerFactoryAutoConfiguration matched:
      - @ConditionalOnClass found required class 'jakarta.servlet.ServletRequest' (OnClassCondition)
      - found 'session' scope (OnWebApplicationCondition)

   ServletWebServerFactoryAutoConfiguration#tomcatServletWebServerFactoryCustomizer matched:
      - @ConditionalOnClass found required class 'org.apache.catalina.startup.Tomcat' (OnClassCondition)

   ServletWebServerFactoryConfiguration.EmbeddedTomcat matched:
      - @ConditionalOnClass found required classes 'jakarta.servlet.Servlet', 'org.apache.catalina.startup.Tomcat', 'org.apache.coyote.UpgradeProtocol' (OnClassCondition)
      - @ConditionalOnMissingBean (types: org.springframework.boot.web.servlet.server.ServletWebServerFactory; SearchStrategy: current) did not find any beans (OnBeanCondition)

   SimpleCacheConfiguration matched:
      - Cache org.springframework.boot.autoconfigure.cache.SimpleCacheConfiguration automatic cache type (CacheCondition)

   SpringDataWebAutoConfiguration matched:
      - @ConditionalOnClass found required classes 'org.springframework.data.web.PageableHandlerMethodArgumentResolver', 'org.springframework.web.servlet.config.annotation.WebMvcConfigurer' (OnClassCondition)
      - found 'session' scope (OnWebApplicationCondition)
      - @ConditionalOnMissingBean (types: org.springframework.data.web.PageableHandlerMethodArgumentResolver; SearchStrategy: all) did not find any beans (OnBeanCondition)

   SpringDataWebAutoConfiguration#pageableCustomizer matched:
      - @ConditionalOnMissingBean (types: org.springframework.data.web.config.PageableHandlerMethodArgumentResolverCustomizer; SearchStrategy: all) did not find any beans (OnBeanCondition)

   SpringDataWebAutoConfiguration#sortCustomizer matched:
      - @ConditionalOnMissingBean (types: org.springframework.data.web.config.SortHandlerMethodArgumentResolverCustomizer; SearchStrategy: all) did not find any beans (OnBeanCondition)

   SpringDataWebAutoConfiguration#springDataWebSettings matched:
      - @ConditionalOnMissingBean (types: org.springframework.data.web.config.SpringDataWebSettings; SearchStrategy: all) did not find any beans (OnBeanCondition)

   SpringDocConfigProperties matched:
      - @ConditionalOnProperty (springdoc.api-docs.enabled) matched (OnPropertyCondition)
      - @ConditionalOnBean (types: org.springdoc.core.configuration.SpringDocConfiguration; SearchStrategy: all) found bean 'org.springdoc.core.configuration.SpringDocConfiguration' (OnBeanCondition)

   SpringDocConfiguration matched:
      - @ConditionalOnWebApplication (required) found 'session' scope (OnWebApplicationCondition)
      - @ConditionalOnProperty (springdoc.api-docs.enabled) matched (OnPropertyCondition)

   SpringDocConfiguration#fileSupportConverter matched:
      - @ConditionalOnMissingBean (types: org.springdoc.core.converters.FileSupportConverter; SearchStrategy: all) did not find any beans (OnBeanCondition)

   SpringDocConfiguration#openAPIBuilder matched:
      - @ConditionalOnMissingBean (types: org.springdoc.core.service.OpenAPIService; SearchStrategy: all) did not find any beans (OnBeanCondition)

   SpringDocConfiguration#operationBuilder matched:
      - @ConditionalOnMissingBean (types: org.springdoc.core.service.OperationService; SearchStrategy: all) did not find any beans (OnBeanCondition)

   SpringDocConfiguration#parameterBuilder matched:
      - @ConditionalOnMissingBean (types: org.springdoc.core.service.GenericParameterService; SearchStrategy: all) did not find any beans (OnBeanCondition)

   SpringDocConfiguration#polymorphicModelConverter matched:
      - @ConditionalOnProperty (springdoc.model-converters.polymorphic-converter.enabled) matched (OnPropertyCondition)
      - @ConditionalOnMissingBean (types: org.springdoc.core.converters.PolymorphicModelConverter; SearchStrategy: all) did not find any beans (OnBeanCondition)

   SpringDocConfiguration#requestBodyBuilder matched:
      - @ConditionalOnMissingBean (types: org.springdoc.core.service.RequestBodyService; SearchStrategy: all) did not find any beans (OnBeanCondition)

   SpringDocConfiguration#responseSupportConverter matched:
      - @ConditionalOnMissingBean (types: org.springdoc.core.converters.ResponseSupportConverter; SearchStrategy: all) did not find any beans (OnBeanCondition)

   SpringDocConfiguration#schemaPropertyDeprecatingConverter matched:
      - @ConditionalOnProperty (springdoc.model-converters.deprecating-converter.enabled) matched (OnPropertyCondition)
      - @ConditionalOnMissingBean (types: org.springdoc.core.converters.SchemaPropertyDeprecatingConverter; SearchStrategy: all) did not find any beans (OnBeanCondition)

   SpringDocConfiguration#securityParser matched:
      - @ConditionalOnMissingBean (types: org.springdoc.core.service.SecurityService; SearchStrategy: all) did not find any beans (OnBeanCondition)

   SpringDocConfiguration#springDocCustomizers matched:
      - @ConditionalOnMissingBean (types: org.springdoc.core.customizers.SpringDocCustomizers; SearchStrategy: all) did not find any beans (OnBeanCondition)

   SpringDocConfiguration#springDocProviders matched:
      - @ConditionalOnMissingBean (types: org.springdoc.core.providers.SpringDocProviders; SearchStrategy: all) did not find any beans (OnBeanCondition)

   SpringDocConfiguration#springdocObjectMapperProvider matched:
      - @ConditionalOnMissingBean (types: org.springdoc.core.providers.ObjectMapperProvider; SearchStrategy: all) did not find any beans (OnBeanCondition)

   SpringDocConfiguration.QuerydslProvider matched:
      - @ConditionalOnClass found required class 'org.springframework.data.querydsl.binding.QuerydslBindingsFactory' (OnClassCondition)

   SpringDocConfiguration.QuerydslProvider#queryDslQuerydslPredicateOperationCustomizer matched:
      - @ConditionalOnMissingBean (types: org.springdoc.core.customizers.QuerydslPredicateOperationCustomizer; SearchStrategy: all) did not find any beans (OnBeanCondition)

   SpringDocConfiguration.SpringDocSpringDataWebPropertiesProvider matched:
      - @ConditionalOnClass found required class 'org.springframework.boot.autoconfigure.data.web.SpringDataWebProperties' (OnClassCondition)

   SpringDocConfiguration.SpringDocSpringDataWebPropertiesProvider#springDataWebPropertiesProvider matched:
      - @ConditionalOnMissingBean (types: org.springdoc.core.providers.SpringDataWebPropertiesProvider; SearchStrategy: all) did not find any beans (OnBeanCondition)

   SpringDocConfiguration.WebConversionServiceConfiguration matched:
      - @ConditionalOnClass found required class 'org.springframework.boot.autoconfigure.web.format.WebConversionService' (OnClassCondition)

   SpringDocPageableConfiguration matched:
      - @ConditionalOnClass found required class 'org.springframework.data.domain.Pageable' (OnClassCondition)
      - @ConditionalOnWebApplication (required) found 'session' scope (OnWebApplicationCondition)
      - @ConditionalOnProperty (springdoc.api-docs.enabled) matched (OnPropertyCondition)
      - @ConditionalOnBean (types: org.springdoc.core.configuration.SpringDocConfiguration; SearchStrategy: all) found bean 'org.springdoc.core.configuration.SpringDocConfiguration' (OnBeanCondition)

   SpringDocPageableConfiguration#delegatingMethodParameterCustomizer matched:
      - @ConditionalOnMissingBean (types: org.springdoc.core.customizers.DelegatingMethodParameterCustomizer; SearchStrategy: all) did not find any beans (OnBeanCondition)

   SpringDocPageableConfiguration#pageOpenAPIConverter matched:
      - @ConditionalOnClass found required classes 'org.springframework.data.web.PagedModel', 'org.springframework.data.web.config.SpringDataWebSettings' (OnClassCondition)
      - @ConditionalOnMissingBean (types: org.springdoc.core.converters.PageOpenAPIConverter; SearchStrategy: all) did not find any beans (OnBeanCondition)

   SpringDocPageableConfiguration#pageableOpenAPIConverter matched:
      - @ConditionalOnProperty (springdoc.model-converters.pageable-converter.enabled) matched (OnPropertyCondition)
      - @ConditionalOnMissingBean (types: org.springdoc.core.converters.PageableOpenAPIConverter; SearchStrategy: all) did not find any beans (OnBeanCondition)

   SpringDocSortConfiguration matched:
      - @ConditionalOnClass found required class 'org.springframework.data.domain.Sort' (OnClassCondition)
      - @ConditionalOnWebApplication (required) found 'session' scope (OnWebApplicationCondition)
      - @ConditionalOnProperty (springdoc.api-docs.enabled) matched (OnPropertyCondition)
      - @ConditionalOnBean (types: org.springdoc.core.configuration.SpringDocConfiguration; SearchStrategy: all) found bean 'org.springdoc.core.configuration.SpringDocConfiguration' (OnBeanCondition)

   SpringDocSortConfiguration#sortOpenAPIConverter matched:
      - @ConditionalOnProperty (springdoc.sort-converter.enabled) matched (OnPropertyCondition)
      - @ConditionalOnMissingBean (types: org.springdoc.core.converters.SortOpenAPIConverter; SearchStrategy: all) did not find any beans (OnBeanCondition)

   SpringDocUIConfiguration matched:
      - @ConditionalOnWebApplication (required) found 'session' scope (OnWebApplicationCondition)
      - @ConditionalOnBean (types: org.springdoc.core.configuration.SpringDocConfiguration; SearchStrategy: all) found bean 'org.springdoc.core.configuration.SpringDocConfiguration' (OnBeanCondition)

   SpringDocWebMvcConfiguration matched:
      - found 'session' scope (OnWebApplicationCondition)
      - @ConditionalOnProperty (springdoc.api-docs.enabled) matched (OnPropertyCondition)
      - @ConditionalOnBean (types: org.springdoc.core.configuration.SpringDocConfiguration; SearchStrategy: all) found bean 'org.springdoc.core.configuration.SpringDocConfiguration' (OnBeanCondition)

   SpringDocWebMvcConfiguration#openApiResource matched:
      - @ConditionalOnExpression (#{(${springdoc.use-management-port:false} == false ) and ${springdoc.enable-default-api-docs:true}}) resulted in true (OnExpressionCondition)
      - @ConditionalOnMissingBean (types: org.springdoc.webmvc.api.OpenApiWebMvcResource; SearchStrategy: all) did not find any beans (OnBeanCondition)

   SpringDocWebMvcConfiguration#requestBuilder matched:
      - @ConditionalOnMissingBean (types: org.springdoc.webmvc.core.service.RequestService; SearchStrategy: all) did not find any beans (OnBeanCondition)

   SpringDocWebMvcConfiguration#responseBuilder matched:
      - @ConditionalOnMissingBean (types: org.springdoc.core.service.GenericResponseService; SearchStrategy: all) did not find any beans (OnBeanCondition)

   SpringDocWebMvcConfiguration#springWebProvider matched:
      - @ConditionalOnMissingBean (types: org.springdoc.core.providers.SpringWebProvider; SearchStrategy: all) did not find any beans (OnBeanCondition)

   SpringDocWebMvcConfiguration.SpringDocWebMvcRouterConfiguration matched:
      - @ConditionalOnClass found required class 'org.springframework.web.servlet.function.RouterFunction' (OnClassCondition)

   SpringDocWebMvcConfiguration.SpringDocWebMvcRouterConfiguration#routerFunctionProvider matched:
      - @ConditionalOnMissingBean (types: org.springdoc.webmvc.core.providers.RouterFunctionWebMvcProvider; SearchStrategy: all) did not find any beans (OnBeanCondition)

   SqlInitializationAutoConfiguration matched:
      - @ConditionalOnProperty (spring.sql.init.enabled) matched (OnPropertyCondition)
      - NoneNestedConditions 0 matched 1 did not; NestedCondition on SqlInitializationAutoConfiguration.SqlInitializationModeCondition.ModeIsNever @ConditionalOnProperty (spring.sql.init.mode=never) did not find property 'mode' (SqlInitializationAutoConfiguration.SqlInitializationModeCondition)

   SslAutoConfiguration#sslBundleRegistry matched:
      - @ConditionalOnMissingBean (types: org.springframework.boot.ssl.SslBundleRegistry,org.springframework.boot.ssl.SslBundles; SearchStrategy: all) did not find any beans (OnBeanCondition)

   SwaggerConfig matched:
      - found 'session' scope (OnWebApplicationCondition)
      - @ConditionalOnProperty (springdoc.swagger-ui.enabled) matched (OnPropertyCondition)
      - @ConditionalOnBean (types: org.springdoc.core.configuration.SpringDocConfiguration; SearchStrategy: all) found bean 'org.springdoc.core.configuration.SpringDocConfiguration' (OnBeanCondition)

   SwaggerConfig#indexPageTransformer matched:
      - @ConditionalOnMissingBean (types: org.springdoc.webmvc.ui.SwaggerIndexTransformer; SearchStrategy: all) did not find any beans (OnBeanCondition)

   SwaggerConfig#swaggerConfigResource matched:
      - @ConditionalOnProperty (springdoc.use-management-port=false) matched (OnPropertyCondition)
      - @ConditionalOnMissingBean (types: org.springdoc.webmvc.ui.SwaggerConfigResource; SearchStrategy: all) did not find any beans (OnBeanCondition)

   SwaggerConfig#swaggerResourceResolver matched:
      - @ConditionalOnMissingBean (types: org.springdoc.webmvc.ui.SwaggerResourceResolver; SearchStrategy: all) did not find any beans (OnBeanCondition)

   SwaggerConfig#swaggerWebMvcConfigurer matched:
      - @ConditionalOnMissingBean (types: org.springdoc.webmvc.ui.SwaggerWebMvcConfigurer; SearchStrategy: all) did not find any beans (OnBeanCondition)

   SwaggerConfig#swaggerWelcome matched:
      - @ConditionalOnProperty (springdoc.use-management-port=false) matched (OnPropertyCondition)
      - @ConditionalOnMissingBean (types: org.springdoc.webmvc.ui.SwaggerWelcomeWebMvc; SearchStrategy: all) did not find any beans (OnBeanCondition)

   SwaggerUiConfigParameters matched:
      - @ConditionalOnProperty (springdoc.swagger-ui.enabled) matched (OnPropertyCondition)
      - @ConditionalOnBean (types: org.springdoc.core.configuration.SpringDocConfiguration; SearchStrategy: all) found bean 'org.springdoc.core.configuration.SpringDocConfiguration' (OnBeanCondition)

   SwaggerUiConfigProperties matched:
      - @ConditionalOnProperty (springdoc.swagger-ui.enabled) matched (OnPropertyCondition)
      - @ConditionalOnBean (types: org.springdoc.core.configuration.SpringDocConfiguration; SearchStrategy: all) found bean 'org.springdoc.core.configuration.SpringDocConfiguration' (OnBeanCondition)

   SwaggerUiOAuthProperties matched:
      - @ConditionalOnProperty (springdoc.swagger-ui.enabled) matched (OnPropertyCondition)
      - @ConditionalOnBean (types: org.springdoc.core.configuration.SpringDocConfiguration; SearchStrategy: all) found bean 'org.springdoc.core.configuration.SpringDocConfiguration' (OnBeanCondition)

   TaskExecutionAutoConfiguration matched:
      - @ConditionalOnClass found required class 'org.springframework.scheduling.concurrent.ThreadPoolTaskExecutor' (OnClassCondition)

   TaskExecutorConfigurations.SimpleAsyncTaskExecutorBuilderConfiguration#simpleAsyncTaskExecutorBuilder matched:
      - @ConditionalOnMissingBean (types: org.springframework.boot.task.SimpleAsyncTaskExecutorBuilder; SearchStrategy: all) did not find any beans (OnBeanCondition)
      - @ConditionalOnThreading found PLATFORM (OnThreadingCondition)

   TaskExecutorConfigurations.TaskExecutorConfiguration matched:
      - @ConditionalOnMissingBean (types: java.util.concurrent.Executor; SearchStrategy: all) did not find any beans (OnBeanCondition)

   TaskExecutorConfigurations.TaskExecutorConfiguration#applicationTaskExecutor matched:
      - @ConditionalOnThreading found PLATFORM (OnThreadingCondition)

   TaskExecutorConfigurations.ThreadPoolTaskExecutorBuilderConfiguration#threadPoolTaskExecutorBuilder matched:
      - @ConditionalOnMissingBean (types: org.springframework.boot.task.ThreadPoolTaskExecutorBuilder; SearchStrategy: all) did not find any beans (OnBeanCondition)

   TaskSchedulingAutoConfiguration matched:
      - @ConditionalOnClass found required class 'org.springframework.scheduling.concurrent.ThreadPoolTaskScheduler' (OnClassCondition)

   TaskSchedulingConfigurations.SimpleAsyncTaskSchedulerBuilderConfiguration#simpleAsyncTaskSchedulerBuilder matched:
      - @ConditionalOnMissingBean (types: org.springframework.boot.task.SimpleAsyncTaskSchedulerBuilder; SearchStrategy: all) did not find any beans (OnBeanCondition)
      - @ConditionalOnThreading found PLATFORM (OnThreadingCondition)

   TaskSchedulingConfigurations.ThreadPoolTaskSchedulerBuilderConfiguration#threadPoolTaskSchedulerBuilder matched:
      - @ConditionalOnMissingBean (types: org.springframework.boot.task.ThreadPoolTaskSchedulerBuilder; SearchStrategy: all) did not find any beans (OnBeanCondition)

   TransactionAutoConfiguration matched:
      - @ConditionalOnClass found required class 'org.springframework.transaction.PlatformTransactionManager' (OnClassCondition)

   TransactionAutoConfiguration.EnableTransactionManagementConfiguration matched:
      - @ConditionalOnBean (types: org.springframework.transaction.TransactionManager; SearchStrategy: all) found bean 'transactionManager'; @ConditionalOnMissingBean (types: org.springframework.transaction.annotation.AbstractTransactionManagementConfiguration; SearchStrategy: all) did not find any beans (OnBeanCondition)

   TransactionAutoConfiguration.EnableTransactionManagementConfiguration.CglibAutoProxyConfiguration matched:
      - @ConditionalOnProperty (spring.aop.proxy-target-class=true) matched (OnPropertyCondition)

   TransactionAutoConfiguration.TransactionTemplateConfiguration matched:
      - @ConditionalOnSingleCandidate (types: org.springframework.transaction.PlatformTransactionManager; SearchStrategy: all) found a single bean 'transactionManager' (OnBeanCondition)

   TransactionAutoConfiguration.TransactionTemplateConfiguration#transactionTemplate matched:
      - @ConditionalOnMissingBean (types: org.springframework.transaction.support.TransactionOperations; SearchStrategy: all) did not find any beans (OnBeanCondition)

   TransactionManagerCustomizationAutoConfiguration matched:
      - @ConditionalOnClass found required class 'org.springframework.transaction.PlatformTransactionManager' (OnClassCondition)

   TransactionManagerCustomizationAutoConfiguration#platformTransactionManagerCustomizers matched:
      - @ConditionalOnMissingBean (types: org.springframework.boot.autoconfigure.transaction.TransactionManagerCustomizers; SearchStrategy: all) did not find any beans (OnBeanCondition)

   ValidationAutoConfiguration matched:
      - @ConditionalOnClass found required class 'jakarta.validation.executable.ExecutableValidator' (OnClassCondition)
      - @ConditionalOnResource found location classpath:META-INF/services/jakarta.validation.spi.ValidationProvider (OnResourceCondition)

   ValidationAutoConfiguration#defaultValidator matched:
      - @ConditionalOnMissingBean (types: jakarta.validation.Validator; SearchStrategy: all) did not find any beans (OnBeanCondition)

   ValidationAutoConfiguration#methodValidationPostProcessor matched:
      - @ConditionalOnMissingBean (types: org.springframework.validation.beanvalidation.MethodValidationPostProcessor; SearchStrategy: current) did not find any beans (OnBeanCondition)

   WebMvcAutoConfiguration matched:
      - @ConditionalOnClass found required classes 'jakarta.servlet.Servlet', 'org.springframework.web.servlet.DispatcherServlet', 'org.springframework.web.servlet.config.annotation.WebMvcConfigurer' (OnClassCondition)
      - found 'session' scope (OnWebApplicationCondition)
      - @ConditionalOnMissingBean (types: org.springframework.web.servlet.config.annotation.WebMvcConfigurationSupport; SearchStrategy: all) did not find any beans (OnBeanCondition)

   WebMvcAutoConfiguration#formContentFilter matched:
      - @ConditionalOnProperty (spring.mvc.formcontent.filter.enabled) matched (OnPropertyCondition)
      - @ConditionalOnMissingBean (types: org.springframework.web.filter.FormContentFilter; SearchStrategy: all) did not find any beans (OnBeanCondition)

   WebMvcAutoConfiguration.EnableWebMvcConfiguration#flashMapManager matched:
      - @ConditionalOnMissingBean (names: flashMapManager; SearchStrategy: all) did not find any beans (OnBeanCondition)

   WebMvcAutoConfiguration.EnableWebMvcConfiguration#localeResolver matched:
      - @ConditionalOnMissingBean (names: localeResolver; SearchStrategy: all) did not find any beans (OnBeanCondition)

   WebMvcAutoConfiguration.EnableWebMvcConfiguration#themeResolver matched:
      - @ConditionalOnMissingBean (names: themeResolver; SearchStrategy: all) did not find any beans (OnBeanCondition)

   WebMvcAutoConfiguration.EnableWebMvcConfiguration#viewNameTranslator matched:
      - @ConditionalOnMissingBean (names: viewNameTranslator; SearchStrategy: all) did not find any beans (OnBeanCondition)

   WebMvcAutoConfiguration.WebMvcAutoConfigurationAdapter#defaultViewResolver matched:
      - @ConditionalOnMissingBean (types: org.springframework.web.servlet.view.InternalResourceViewResolver; SearchStrategy: all) did not find any beans (OnBeanCondition)

   WebMvcAutoConfiguration.WebMvcAutoConfigurationAdapter#requestContextFilter matched:
      - @ConditionalOnMissingBean (types: org.springframework.web.context.request.RequestContextListener,org.springframework.web.filter.RequestContextFilter; SearchStrategy: all) did not find any beans (OnBeanCondition)

   WebMvcAutoConfiguration.WebMvcAutoConfigurationAdapter#viewResolver matched:
      - @ConditionalOnBean (types: org.springframework.web.servlet.ViewResolver; SearchStrategy: all) found beans 'defaultViewResolver', 'beanNameViewResolver', 'mvcViewResolver'; @ConditionalOnMissingBean (names: viewResolver types: org.springframework.web.servlet.view.ContentNegotiatingViewResolver; SearchStrategy: all) did not find any beans (OnBeanCondition)

   WebSocketServletAutoConfiguration matched:
      - @ConditionalOnClass found required classes 'jakarta.servlet.Servlet', 'jakarta.websocket.server.ServerContainer' (OnClassCondition)
      - found 'session' scope (OnWebApplicationCondition)

   WebSocketServletAutoConfiguration.TomcatWebSocketConfiguration matched:
      - @ConditionalOnClass found required classes 'org.apache.catalina.startup.Tomcat', 'org.apache.tomcat.websocket.server.WsSci' (OnClassCondition)

   WebSocketServletAutoConfiguration.TomcatWebSocketConfiguration#websocketServletWebServerCustomizer matched:
      - @ConditionalOnMissingBean (names: websocketServletWebServerCustomizer; SearchStrategy: all) did not find any beans (OnBeanCondition)


Negative matches:
-----------------

   ActiveMQAutoConfiguration:
      Did not match:
         - @ConditionalOnClass did not find required class 'jakarta.jms.ConnectionFactory' (OnClassCondition)

   AopAutoConfiguration.AspectJAutoProxyingConfiguration.JdkDynamicAutoProxyConfiguration:
      Did not match:
         - @ConditionalOnProperty (spring.aop.proxy-target-class=false) did not find property 'proxy-target-class' (OnPropertyCondition)

   AopAutoConfiguration.ClassProxyingConfiguration:
      Did not match:
         - @ConditionalOnMissingClass found unwanted class 'org.aspectj.weaver.Advice' (OnClassCondition)

   ArtemisAutoConfiguration:
      Did not match:
         - @ConditionalOnClass did not find required class 'jakarta.jms.ConnectionFactory' (OnClassCondition)

   BatchAutoConfiguration:
      Did not match:
         - @ConditionalOnClass did not find required class 'org.springframework.batch.core.launch.JobLauncher' (OnClassCondition)

   Cache2kCacheConfiguration:
      Did not match:
         - @ConditionalOnClass did not find required class 'org.cache2k.Cache2kBuilder' (OnClassCondition)

   CacheAutoConfiguration:
      Did not match:
         - @ConditionalOnBean (types: org.springframework.cache.interceptor.CacheAspectSupport; SearchStrategy: all) did not find any beans of type org.springframework.cache.interceptor.CacheAspectSupport (OnBeanCondition)
      Matched:
         - @ConditionalOnClass found required class 'org.springframework.cache.CacheManager' (OnClassCondition)

   CacheAutoConfiguration.CacheManagerEntityManagerFactoryDependsOnPostProcessor:
      Did not match:
         - Ancestor org.springframework.boot.autoconfigure.cache.CacheAutoConfiguration did not match (ConditionEvaluationReport.AncestorsMatchedCondition)
      Matched:
         - @ConditionalOnClass found required class 'org.springframework.orm.jpa.LocalContainerEntityManagerFactoryBean' (OnClassCondition)

   CaffeineCacheConfiguration:
      Did not match:
         - @ConditionalOnClass did not find required class 'com.github.benmanes.caffeine.cache.Caffeine' (OnClassCondition)

   CassandraAutoConfiguration:
      Did not match:
         - @ConditionalOnClass did not find required class 'com.datastax.oss.driver.api.core.CqlSession' (OnClassCondition)

   CassandraDataAutoConfiguration:
      Did not match:
         - @ConditionalOnClass did not find required class 'com.datastax.oss.driver.api.core.CqlSession' (OnClassCondition)

   CassandraReactiveDataAutoConfiguration:
      Did not match:
         - @ConditionalOnClass did not find required class 'com.datastax.oss.driver.api.core.CqlSession' (OnClassCondition)

   CassandraReactiveRepositoriesAutoConfiguration:
      Did not match:
         - @ConditionalOnClass did not find required class 'org.springframework.data.cassandra.ReactiveSession' (OnClassCondition)

   CassandraRepositoriesAutoConfiguration:
      Did not match:
         - @ConditionalOnClass did not find required class 'com.datastax.oss.driver.api.core.CqlSession' (OnClassCondition)

   ClientHttpConnectorAutoConfiguration:
      Did not match:
         - @ConditionalOnClass did not find required class 'org.springframework.web.reactive.function.client.WebClient' (OnClassCondition)

   CodecsAutoConfiguration:
      Did not match:
         - @ConditionalOnClass did not find required class 'org.springframework.web.reactive.function.client.WebClient' (OnClassCondition)

   CouchbaseAutoConfiguration:
      Did not match:
         - @ConditionalOnClass did not find required class 'com.couchbase.client.java.Cluster' (OnClassCondition)

   CouchbaseCacheConfiguration:
      Did not match:
         - @ConditionalOnClass did not find required class 'com.couchbase.client.java.Cluster' (OnClassCondition)

   CouchbaseDataAutoConfiguration:
      Did not match:
         - @ConditionalOnClass did not find required class 'com.couchbase.client.java.Bucket' (OnClassCondition)

   CouchbaseReactiveDataAutoConfiguration:
      Did not match:
         - @ConditionalOnClass did not find required class 'com.couchbase.client.java.Cluster' (OnClassCondition)

   CouchbaseReactiveRepositoriesAutoConfiguration:
      Did not match:
         - @ConditionalOnClass did not find required class 'com.couchbase.client.java.Cluster' (OnClassCondition)

   CouchbaseRepositoriesAutoConfiguration:
      Did not match:
         - @ConditionalOnClass did not find required class 'com.couchbase.client.java.Bucket' (OnClassCondition)

   DataSourceAutoConfiguration.EmbeddedDatabaseConfiguration:
      Did not match:
         - EmbeddedDataSource spring.datasource.url is set (DataSourceAutoConfiguration.EmbeddedDatabaseCondition)

   DataSourceCheckpointRestoreConfiguration:
      Did not match:
         - @ConditionalOnClass did not find required class 'org.crac.Resource' (OnClassCondition)

   DataSourceConfiguration.Dbcp2:
      Did not match:
         - @ConditionalOnClass did not find required class 'org.apache.commons.dbcp2.BasicDataSource' (OnClassCondition)

   DataSourceConfiguration.Generic:
      Did not match:
         - @ConditionalOnProperty (spring.datasource.type) did not find property 'spring.datasource.type' (OnPropertyCondition)

   DataSourceConfiguration.OracleUcp:
      Did not match:
         - @ConditionalOnClass did not find required classes 'oracle.ucp.jdbc.PoolDataSourceImpl', 'oracle.jdbc.OracleConnection' (OnClassCondition)

   DataSourceConfiguration.Tomcat:
      Did not match:
         - @ConditionalOnClass did not find required class 'org.apache.tomcat.jdbc.pool.DataSource' (OnClassCondition)

   DataSourceJmxConfiguration:
      Did not match:
         - @ConditionalOnProperty (spring.jmx.enabled=true) found different value in property 'enabled' (OnPropertyCondition)

   DataSourcePoolMetadataProvidersConfiguration.CommonsDbcp2PoolDataSourceMetadataProviderConfiguration:
      Did not match:
         - @ConditionalOnClass did not find required class 'org.apache.commons.dbcp2.BasicDataSource' (OnClassCondition)

   DataSourcePoolMetadataProvidersConfiguration.OracleUcpPoolDataSourceMetadataProviderConfiguration:
      Did not match:
         - @ConditionalOnClass did not find required classes 'oracle.ucp.jdbc.PoolDataSource', 'oracle.jdbc.OracleConnection' (OnClassCondition)

   DataSourcePoolMetadataProvidersConfiguration.TomcatDataSourcePoolMetadataProviderConfiguration:
      Did not match:
         - @ConditionalOnClass did not find required class 'org.apache.tomcat.jdbc.pool.DataSource' (OnClassCondition)

   DataSourceTransactionManagerAutoConfiguration.JdbcTransactionManagerConfiguration#transactionManager:
      Did not match:
         - @ConditionalOnMissingBean (types: org.springframework.transaction.TransactionManager; SearchStrategy: all) found beans of type 'org.springframework.transaction.TransactionManager' transactionManager (OnBeanCondition)

   DispatcherServletAutoConfiguration.DispatcherServletConfiguration#multipartResolver:
      Did not match:
         - @ConditionalOnBean (types: org.springframework.web.multipart.MultipartResolver; SearchStrategy: all) did not find any beans of type org.springframework.web.multipart.MultipartResolver (OnBeanCondition)

   ElasticsearchClientAutoConfiguration:
      Did not match:
         - @ConditionalOnClass did not find required class 'co.elastic.clients.elasticsearch.ElasticsearchClient' (OnClassCondition)

   ElasticsearchDataAutoConfiguration:
      Did not match:
         - @ConditionalOnClass did not find required class 'org.springframework.data.elasticsearch.client.elc.ElasticsearchTemplate' (OnClassCondition)

   ElasticsearchRepositoriesAutoConfiguration:
      Did not match:
         - @ConditionalOnClass did not find required class 'org.springframework.data.elasticsearch.repository.ElasticsearchRepository' (OnClassCondition)

   ElasticsearchRestClientAutoConfiguration:
      Did not match:
         - @ConditionalOnClass did not find required class 'org.elasticsearch.client.RestClientBuilder' (OnClassCondition)

   EmbeddedLdapAutoConfiguration:
      Did not match:
         - @ConditionalOnClass did not find required class 'com.unboundid.ldap.listener.InMemoryDirectoryServer' (OnClassCondition)

   EmbeddedWebServerFactoryCustomizerAutoConfiguration:
      Did not match:
         - Application is deployed as a WAR file. (OnWarDeploymentCondition)
      Matched:
         - @ConditionalOnWebApplication (required) found 'session' scope (OnWebApplicationCondition)

   ErrorWebFluxAutoConfiguration:
      Did not match:
         - @ConditionalOnClass did not find required class 'org.springframework.web.reactive.config.WebFluxConfigurer' (OnClassCondition)

   FlywayAutoConfiguration:
      Did not match:
         - @ConditionalOnClass did not find required class 'org.flywaydb.core.Flyway' (OnClassCondition)

   FreeMarkerAutoConfiguration:
      Did not match:
         - @ConditionalOnClass did not find required class 'freemarker.template.Configuration' (OnClassCondition)

   GraphQlAutoConfiguration:
      Did not match:
         - @ConditionalOnClass did not find required class 'graphql.GraphQL' (OnClassCondition)

   GraphQlQueryByExampleAutoConfiguration:
      Did not match:
         - @ConditionalOnClass did not find required class 'graphql.GraphQL' (OnClassCondition)

   GraphQlQuerydslAutoConfiguration:
      Did not match:
         - @ConditionalOnClass did not find required class 'com.querydsl.core.Query' (OnClassCondition)

   GraphQlRSocketAutoConfiguration:
      Did not match:
         - @ConditionalOnClass did not find required class 'graphql.GraphQL' (OnClassCondition)

   GraphQlReactiveQueryByExampleAutoConfiguration:
      Did not match:
         - @ConditionalOnClass did not find required class 'graphql.GraphQL' (OnClassCondition)

   GraphQlReactiveQuerydslAutoConfiguration:
      Did not match:
         - @ConditionalOnClass did not find required class 'com.querydsl.core.Query' (OnClassCondition)

   GraphQlWebFluxAutoConfiguration:
      Did not match:
         - @ConditionalOnClass did not find required class 'graphql.GraphQL' (OnClassCondition)

   GraphQlWebFluxSecurityAutoConfiguration:
      Did not match:
         - @ConditionalOnClass did not find required class 'graphql.GraphQL' (OnClassCondition)

   GraphQlWebMvcAutoConfiguration:
      Did not match:
         - @ConditionalOnClass did not find required class 'graphql.GraphQL' (OnClassCondition)

   GraphQlWebMvcSecurityAutoConfiguration:
      Did not match:
         - @ConditionalOnClass did not find required class 'graphql.GraphQL' (OnClassCondition)

   GroovyTemplateAutoConfiguration:
      Did not match:
         - @ConditionalOnClass did not find required class 'groovy.text.markup.MarkupTemplateEngine' (OnClassCondition)

   GsonAutoConfiguration:
      Did not match:
         - @ConditionalOnClass did not find required class 'com.google.gson.Gson' (OnClassCondition)

   GsonHttpMessageConvertersConfiguration:
      Did not match:
         - @ConditionalOnClass did not find required class 'com.google.gson.Gson' (OnClassCondition)

   H2ConsoleAutoConfiguration:
      Did not match:
         - @ConditionalOnClass did not find required class 'org.h2.server.web.JakartaWebServlet' (OnClassCondition)

   HazelcastAutoConfiguration:
      Did not match:
         - @ConditionalOnClass did not find required class 'com.hazelcast.core.HazelcastInstance' (OnClassCondition)

   HazelcastCacheConfiguration:
      Did not match:
         - @ConditionalOnClass did not find required class 'com.hazelcast.core.HazelcastInstance' (OnClassCondition)

   HazelcastJpaDependencyAutoConfiguration:
      Did not match:
         - @ConditionalOnClass did not find required class 'com.hazelcast.core.HazelcastInstance' (OnClassCondition)

   HttpHandlerAutoConfiguration:
      Did not match:
         - @ConditionalOnClass did not find required class 'org.springframework.web.reactive.DispatcherHandler' (OnClassCondition)

   HypermediaAutoConfiguration:
      Did not match:
         - @ConditionalOnClass did not find required class 'org.springframework.hateoas.EntityModel' (OnClassCondition)

   InfinispanCacheConfiguration:
      Did not match:
         - @ConditionalOnClass did not find required class 'org.infinispan.spring.embedded.provider.SpringEmbeddedCacheManager' (OnClassCondition)

   IntegrationAutoConfiguration:
      Did not match:
         - @ConditionalOnClass did not find required class 'org.springframework.integration.config.EnableIntegration' (OnClassCondition)

   JCacheCacheConfiguration:
      Did not match:
         - @ConditionalOnClass did not find required class 'javax.cache.Caching' (OnClassCondition)

   JacksonHttpMessageConvertersConfiguration.MappingJackson2XmlHttpMessageConverterConfiguration:
      Did not match:
         - @ConditionalOnClass did not find required class 'com.fasterxml.jackson.dataformat.xml.XmlMapper' (OnClassCondition)

   JdbcRepositoriesAutoConfiguration:
      Did not match:
         - @ConditionalOnClass did not find required class 'org.springframework.data.jdbc.repository.config.AbstractJdbcConfiguration' (OnClassCondition)

   JerseyAutoConfiguration:
      Did not match:
         - @ConditionalOnClass did not find required class 'org.glassfish.jersey.server.spring.SpringComponentProvider' (OnClassCondition)

   JmsAutoConfiguration:
      Did not match:
         - @ConditionalOnClass did not find required class 'jakarta.jms.Message' (OnClassCondition)

   JmxAutoConfiguration:
      Did not match:
         - @ConditionalOnProperty (spring.jmx.enabled=true) found different value in property 'enabled' (OnPropertyCondition)
      Matched:
         - @ConditionalOnClass found required class 'org.springframework.jmx.export.MBeanExporter' (OnClassCondition)

   JndiConnectionFactoryAutoConfiguration:
      Did not match:
         - @ConditionalOnClass did not find required class 'org.springframework.jms.core.JmsTemplate' (OnClassCondition)

   JndiDataSourceAutoConfiguration:
      Did not match:
         - @ConditionalOnProperty (spring.datasource.jndi-name) did not find property 'jndi-name' (OnPropertyCondition)
      Matched:
         - @ConditionalOnClass found required classes 'javax.sql.DataSource', 'org.springframework.jdbc.datasource.embedded.EmbeddedDatabaseType' (OnClassCondition)

   JndiJtaConfiguration:
      Did not match:
         - @ConditionalOnJndi JNDI environment is not available (OnJndiCondition)
      Matched:
         - @ConditionalOnClass found required class 'org.springframework.transaction.jta.JtaTransactionManager' (OnClassCondition)

   JooqAutoConfiguration:
      Did not match:
         - @ConditionalOnClass did not find required class 'org.jooq.DSLContext' (OnClassCondition)

   JpaRepositoriesAutoConfiguration#entityManagerFactoryBootstrapExecutorCustomizer:
      Did not match:
         - AnyNestedCondition 0 matched 2 did not; NestedCondition on JpaRepositoriesAutoConfiguration.BootstrapExecutorCondition.LazyBootstrapMode @ConditionalOnProperty (spring.data.jpa.repositories.bootstrap-mode=lazy) did not find property 'bootstrap-mode'; NestedCondition on JpaRepositoriesAutoConfiguration.BootstrapExecutorCondition.DeferredBootstrapMode @ConditionalOnProperty (spring.data.jpa.repositories.bootstrap-mode=deferred) did not find property 'bootstrap-mode' (JpaRepositoriesAutoConfiguration.BootstrapExecutorCondition)

   JsonbAutoConfiguration:
      Did not match:
         - @ConditionalOnClass did not find required class 'jakarta.json.bind.Jsonb' (OnClassCondition)

   JsonbHttpMessageConvertersConfiguration:
      Did not match:
         - @ConditionalOnClass did not find required class 'jakarta.json.bind.Jsonb' (OnClassCondition)

   KafkaAutoConfiguration:
      Did not match:
         - @ConditionalOnClass did not find required class 'org.springframework.kafka.core.KafkaTemplate' (OnClassCondition)

   LdapAutoConfiguration:
      Did not match:
         - @ConditionalOnClass did not find required class 'org.springframework.ldap.core.ContextSource' (OnClassCondition)

   LdapRepositoriesAutoConfiguration:
      Did not match:
         - @ConditionalOnClass did not find required class 'org.springframework.data.ldap.repository.LdapRepository' (OnClassCondition)

   LiquibaseAutoConfiguration:
      Did not match:
         - @ConditionalOnClass did not find required class 'liquibase.change.DatabaseChange' (OnClassCondition)

   MailSenderAutoConfiguration:
      Did not match:
         - @ConditionalOnClass did not find required class 'jakarta.mail.internet.MimeMessage' (OnClassCondition)

   MailSenderValidatorAutoConfiguration:
      Did not match:
         - @ConditionalOnSingleCandidate did not find required type 'org.springframework.mail.javamail.JavaMailSenderImpl' (OnBeanCondition)

   MessageSourceAutoConfiguration:
      Did not match:
         - ResourceBundle did not find bundle with basename messages (MessageSourceAutoConfiguration.ResourceBundleCondition)

   MongoAutoConfiguration:
      Did not match:
         - @ConditionalOnClass did not find required class 'com.mongodb.client.MongoClient' (OnClassCondition)

   MongoDataAutoConfiguration:
      Did not match:
         - @ConditionalOnClass did not find required class 'com.mongodb.client.MongoClient' (OnClassCondition)

   MongoReactiveAutoConfiguration:
      Did not match:
         - @ConditionalOnClass did not find required class 'com.mongodb.reactivestreams.client.MongoClient' (OnClassCondition)

   MongoReactiveDataAutoConfiguration:
      Did not match:
         - @ConditionalOnClass did not find required class 'com.mongodb.reactivestreams.client.MongoClient' (OnClassCondition)

   MongoReactiveRepositoriesAutoConfiguration:
      Did not match:
         - @ConditionalOnClass did not find required class 'com.mongodb.reactivestreams.client.MongoClient' (OnClassCondition)

   MongoRepositoriesAutoConfiguration:
      Did not match:
         - @ConditionalOnClass did not find required class 'com.mongodb.client.MongoClient' (OnClassCondition)

   MultipleOpenApiSupportConfiguration:
      Did not match:
         - AnyNestedCondition 0 matched 2 did not; NestedCondition on MultipleOpenApiSupportCondition.OnActuatorDifferentPort @ConditionalOnProperty (springdoc.show-actuator) did not find property 'springdoc.show-actuator'; NestedCondition on MultipleOpenApiSupportCondition.OnMultipleOpenApiSupportCondition AnyNestedCondition 0 matched 3 did not; NestedCondition on MultipleOpenApiGroupsCondition.OnListGroupedOpenApiBean @ConditionalOnBean (types: org.springdoc.core.models.GroupedOpenApi; SearchStrategy: all) did not find any beans of type org.springdoc.core.models.GroupedOpenApi; NestedCondition on MultipleOpenApiGroupsCondition.OnGroupConfigProperty @ConditionalOnProperty (springdoc.group-configs[0].group) did not find property 'springdoc.group-configs[0].group'; NestedCondition on MultipleOpenApiGroupsCondition.OnGroupedOpenApiBean @ConditionalOnBean (types: org.springdoc.core.models.GroupedOpenApi; SearchStrategy: all) did not find any beans of type org.springdoc.core.models.GroupedOpenApi (MultipleOpenApiSupportCondition)
      Matched:
         - found 'session' scope (OnWebApplicationCondition)
         - @ConditionalOnProperty (springdoc.api-docs.enabled) matched (OnPropertyCondition)

   MultipleOpenApiSupportConfiguration.SpringDocWebMvcActuatorDifferentConfiguration:
      Did not match:
         - @ConditionalOnClass did not find required class 'org.springframework.boot.actuate.endpoint.web.servlet.WebMvcEndpointHandlerMapping' (OnClassCondition)
         - Ancestor org.springdoc.webmvc.core.configuration.MultipleOpenApiSupportConfiguration did not match (ConditionEvaluationReport.AncestorsMatchedCondition)

   MustacheAutoConfiguration:
      Did not match:
         - @ConditionalOnClass did not find required class 'com.samskivert.mustache.Mustache' (OnClassCondition)

   Neo4jAutoConfiguration:
      Did not match:
         - @ConditionalOnClass did not find required class 'org.neo4j.driver.Driver' (OnClassCondition)

   Neo4jDataAutoConfiguration:
      Did not match:
         - @ConditionalOnClass did not find required class 'org.neo4j.driver.Driver' (OnClassCondition)

   Neo4jReactiveDataAutoConfiguration:
      Did not match:
         - @ConditionalOnClass did not find required class 'org.neo4j.driver.Driver' (OnClassCondition)

   Neo4jReactiveRepositoriesAutoConfiguration:
      Did not match:
         - @ConditionalOnClass did not find required class 'org.neo4j.driver.Driver' (OnClassCondition)

   Neo4jRepositoriesAutoConfiguration:
      Did not match:
         - @ConditionalOnClass did not find required class 'org.neo4j.driver.Driver' (OnClassCondition)

   NettyAutoConfiguration:
      Did not match:
         - @ConditionalOnClass did not find required class 'io.netty.util.NettyRuntime' (OnClassCondition)

   OAuth2AuthorizationServerAutoConfiguration:
      Did not match:
         - @ConditionalOnClass did not find required class 'org.springframework.security.oauth2.server.authorization.OAuth2Authorization' (OnClassCondition)

   OAuth2AuthorizationServerJwtAutoConfiguration:
      Did not match:
         - @ConditionalOnClass did not find required class 'org.springframework.security.oauth2.server.authorization.OAuth2Authorization' (OnClassCondition)

   OAuth2ClientAutoConfiguration:
      Did not match:
         - @ConditionalOnClass did not find required class 'org.springframework.security.config.annotation.web.configuration.EnableWebSecurity' (OnClassCondition)

   OAuth2ResourceServerAutoConfiguration:
      Did not match:
         - @ConditionalOnClass did not find required class 'org.springframework.security.oauth2.server.resource.authentication.BearerTokenAuthenticationToken' (OnClassCondition)

   ProjectInfoAutoConfiguration#buildProperties:
      Did not match:
         - @ConditionalOnResource did not find resource '${spring.info.build.location:classpath:META-INF/build-info.properties}' (OnResourceCondition)

   ProjectInfoAutoConfiguration#gitProperties:
      Did not match:
         - GitResource did not find git info at classpath:git.properties (ProjectInfoAutoConfiguration.GitResourceAvailableCondition)

   PulsarAutoConfiguration:
      Did not match:
         - @ConditionalOnClass did not find required class 'org.apache.pulsar.client.api.PulsarClient' (OnClassCondition)

   PulsarReactiveAutoConfiguration:
      Did not match:
         - @ConditionalOnClass did not find required class 'org.apache.pulsar.client.api.PulsarClient' (OnClassCondition)

   QuartzAutoConfiguration:
      Did not match:
         - @ConditionalOnClass did not find required class 'org.quartz.Scheduler' (OnClassCondition)

   R2dbcAutoConfiguration:
      Did not match:
         - @ConditionalOnClass did not find required class 'io.r2dbc.spi.ConnectionFactory' (OnClassCondition)

   R2dbcDataAutoConfiguration:
      Did not match:
         - @ConditionalOnClass did not find required class 'org.springframework.data.r2dbc.core.R2dbcEntityTemplate' (OnClassCondition)

   R2dbcInitializationConfiguration:
      Did not match:
         - @ConditionalOnClass did not find required classes 'io.r2dbc.spi.ConnectionFactory', 'org.springframework.r2dbc.connection.init.DatabasePopulator' (OnClassCondition)

   R2dbcProxyAutoConfiguration:
      Did not match:
         - @ConditionalOnClass did not find required class 'io.r2dbc.proxy.ProxyConnectionFactory' (OnClassCondition)

   R2dbcRepositoriesAutoConfiguration:
      Did not match:
         - @ConditionalOnClass did not find required class 'io.r2dbc.spi.ConnectionFactory' (OnClassCondition)

   R2dbcTransactionManagerAutoConfiguration:
      Did not match:
         - @ConditionalOnClass did not find required class 'org.springframework.r2dbc.connection.R2dbcTransactionManager' (OnClassCondition)

   RSocketGraphQlClientAutoConfiguration:
      Did not match:
         - @ConditionalOnClass did not find required class 'graphql.GraphQL' (OnClassCondition)

   RSocketMessagingAutoConfiguration:
      Did not match:
         - @ConditionalOnClass did not find required class 'io.rsocket.RSocket' (OnClassCondition)

   RSocketRequesterAutoConfiguration:
      Did not match:
         - @ConditionalOnClass did not find required class 'io.rsocket.RSocket' (OnClassCondition)

   RSocketSecurityAutoConfiguration:
      Did not match:
         - @ConditionalOnClass did not find required class 'org.springframework.security.rsocket.core.SecuritySocketAcceptorInterceptor' (OnClassCondition)

   RSocketServerAutoConfiguration:
      Did not match:
         - @ConditionalOnClass did not find required class 'io.rsocket.core.RSocketServer' (OnClassCondition)

   RSocketStrategiesAutoConfiguration:
      Did not match:
         - @ConditionalOnClass did not find required class 'io.netty.buffer.PooledByteBufAllocator' (OnClassCondition)

   RabbitAutoConfiguration:
      Did not match:
         - @ConditionalOnClass did not find required class 'com.rabbitmq.client.Channel' (OnClassCondition)

   ReactiveElasticsearchClientAutoConfiguration:
      Did not match:
         - @ConditionalOnClass did not find required class 'co.elastic.clients.transport.ElasticsearchTransport' (OnClassCondition)

   ReactiveElasticsearchRepositoriesAutoConfiguration:
      Did not match:
         - @ConditionalOnClass did not find required class 'reactor.core.publisher.Mono' (OnClassCondition)

   ReactiveMultipartAutoConfiguration:
      Did not match:
         - @ConditionalOnClass did not find required class 'org.springframework.web.reactive.config.WebFluxConfigurer' (OnClassCondition)

   ReactiveOAuth2ClientAutoConfiguration:
      Did not match:
         - @ConditionalOnClass did not find required class 'reactor.core.publisher.Flux' (OnClassCondition)

   ReactiveOAuth2ResourceServerAutoConfiguration:
      Did not match:
         - @ConditionalOnClass did not find required class 'org.springframework.security.config.annotation.web.reactive.EnableWebFluxSecurity' (OnClassCondition)

   ReactiveSecurityAutoConfiguration:
      Did not match:
         - @ConditionalOnClass did not find required class 'reactor.core.publisher.Flux' (OnClassCondition)

   ReactiveUserDetailsServiceAutoConfiguration:
      Did not match:
         - @ConditionalOnClass did not find required class 'org.springframework.security.authentication.ReactiveAuthenticationManager' (OnClassCondition)

   ReactiveWebServerFactoryAutoConfiguration:
      Did not match:
         - @ConditionalOnWebApplication did not find reactive web application classes (OnWebApplicationCondition)

   ReactorAutoConfiguration:
      Did not match:
         - @ConditionalOnClass did not find required class 'reactor.core.publisher.Hooks' (OnClassCondition)

   RedisAutoConfiguration:
      Did not match:
         - @ConditionalOnClass did not find required class 'org.springframework.data.redis.core.RedisOperations' (OnClassCondition)

   RedisCacheConfiguration:
      Did not match:
         - @ConditionalOnClass did not find required class 'org.springframework.data.redis.connection.RedisConnectionFactory' (OnClassCondition)

   RedisReactiveAutoConfiguration:
      Did not match:
         - @ConditionalOnClass did not find required class 'reactor.core.publisher.Flux' (OnClassCondition)

   RedisRepositoriesAutoConfiguration:
      Did not match:
         - @ConditionalOnClass did not find required class 'org.springframework.data.redis.repository.configuration.EnableRedisRepositories' (OnClassCondition)

   RepositoryRestMvcAutoConfiguration:
      Did not match:
         - @ConditionalOnClass did not find required class 'org.springframework.data.rest.webmvc.config.RepositoryRestMvcConfiguration' (OnClassCondition)

   Saml2RelyingPartyAutoConfiguration:
      Did not match:
         - @ConditionalOnClass did not find required class 'org.springframework.security.saml2.provider.service.registration.RelyingPartyRegistrationRepository' (OnClassCondition)

   SecurityAutoConfiguration:
      Did not match:
         - @ConditionalOnClass did not find required class 'org.springframework.security.authentication.DefaultAuthenticationEventPublisher' (OnClassCondition)

   SecurityFilterAutoConfiguration:
      Did not match:
         - @ConditionalOnClass did not find required class 'org.springframework.security.config.http.SessionCreationPolicy' (OnClassCondition)

   SendGridAutoConfiguration:
      Did not match:
         - @ConditionalOnClass did not find required class 'com.sendgrid.SendGrid' (OnClassCondition)

   ServletWebServerFactoryAutoConfiguration.ForwardedHeaderFilterConfiguration:
      Did not match:
         - @ConditionalOnProperty (server.forward-headers-strategy=framework) did not find property 'server.forward-headers-strategy' (OnPropertyCondition)

   ServletWebServerFactoryConfiguration.EmbeddedJetty:
      Did not match:
         - @ConditionalOnClass did not find required classes 'org.eclipse.jetty.server.Server', 'org.eclipse.jetty.util.Loader', 'org.eclipse.jetty.ee10.webapp.WebAppContext' (OnClassCondition)

   ServletWebServerFactoryConfiguration.EmbeddedUndertow:
      Did not match:
         - @ConditionalOnClass did not find required classes 'io.undertow.Undertow', 'org.xnio.SslClientAuthMode' (OnClassCondition)

   SessionAutoConfiguration:
      Did not match:
         - @ConditionalOnClass did not find required class 'org.springframework.session.Session' (OnClassCondition)

   SpringApplicationAdminJmxAutoConfiguration:
      Did not match:
         - @ConditionalOnProperty (spring.application.admin.enabled=true) did not find property 'enabled' (OnPropertyCondition)

   SpringDocConfiguration#propertiesResolverForSchema:
      Did not match:
         - @ConditionalOnProperty (springdoc.api-docs.resolve-schema-properties) did not find property 'springdoc.api-docs.resolve-schema-properties' (OnPropertyCondition)

   SpringDocConfiguration#propertyCustomizingConverter:
      Did not match:
         - @ConditionalOnBean (types: org.springdoc.core.customizers.PropertyCustomizer; SearchStrategy: all) did not find any beans of type org.springdoc.core.customizers.PropertyCustomizer (OnBeanCondition)

   SpringDocConfiguration#springdocBeanFactoryPostProcessor:
      Did not match:
         - AnyNestedCondition 0 matched 2 did not; NestedCondition on CacheOrGroupedOpenApiCondition.OnCacheDisabled found non-matching nested conditions @ConditionalOnProperty (springdoc.cache.disabled) did not find property 'springdoc.cache.disabled'; NestedCondition on CacheOrGroupedOpenApiCondition.OnMultipleOpenApiSupportCondition AnyNestedCondition 0 matched 2 did not; NestedCondition on MultipleOpenApiSupportCondition.OnActuatorDifferentPort @ConditionalOnProperty (springdoc.show-actuator) did not find property 'springdoc.show-actuator'; NestedCondition on MultipleOpenApiSupportCondition.OnMultipleOpenApiSupportCondition AnyNestedCondition 0 matched 3 did not; NestedCondition on MultipleOpenApiGroupsCondition.OnListGroupedOpenApiBean @ConditionalOnBean (types: org.springdoc.core.models.GroupedOpenApi; SearchStrategy: all) did not find any beans of type org.springdoc.core.models.GroupedOpenApi; NestedCondition on MultipleOpenApiGroupsCondition.OnGroupConfigProperty @ConditionalOnProperty (springdoc.group-configs[0].group) did not find property 'springdoc.group-configs[0].group'; NestedCondition on MultipleOpenApiGroupsCondition.OnGroupedOpenApiBean @ConditionalOnBean (types: org.springdoc.core.models.GroupedOpenApi; SearchStrategy: all) did not find any beans of type org.springdoc.core.models.GroupedOpenApi (CacheOrGroupedOpenApiCondition)
      Matched:
         - @ConditionalOnClass found required class 'org.springframework.boot.context.properties.bind.BindResult' (OnClassCondition)

   SpringDocConfiguration#springdocBeanFactoryPostProcessor2:
      Did not match:
         - @ConditionalOnMissingClass found unwanted class 'org.springframework.boot.context.properties.bind.BindResult' (OnClassCondition)

   SpringDocConfiguration.SpringDocActuatorConfiguration:
      Did not match:
         - @ConditionalOnClass did not find required class 'org.springframework.boot.actuate.autoconfigure.endpoint.web.WebEndpointProperties' (OnClassCondition)

   SpringDocConfiguration.SpringDocRepositoryRestConfiguration:
      Did not match:
         - @ConditionalOnClass did not find required class 'org.springframework.data.rest.core.config.RepositoryRestConfiguration' (OnClassCondition)

   SpringDocConfiguration.SpringDocWebFluxSupportConfiguration:
      Did not match:
         - @ConditionalOnClass did not find required class 'reactor.core.publisher.Flux' (OnClassCondition)

   SpringDocDataRestConfiguration:
      Did not match:
         - @ConditionalOnClass did not find required class 'org.springframework.data.rest.core.config.RepositoryRestConfiguration' (OnClassCondition)

   SpringDocFunctionCatalogConfiguration:
      Did not match:
         - @ConditionalOnClass did not find required class 'org.springframework.cloud.function.web.function.FunctionEndpointInitializer' (OnClassCondition)

   SpringDocGroovyConfiguration:
      Did not match:
         - @ConditionalOnClass did not find required class 'groovy.lang.MetaClass' (OnClassCondition)

   SpringDocHateoasConfiguration:
      Did not match:
         - @ConditionalOnClass did not find required class 'org.springframework.hateoas.server.LinkRelationProvider' (OnClassCondition)

   SpringDocJacksonKotlinModuleConfiguration:
      Did not match:
         - @ConditionalOnClass did not find required class 'com.fasterxml.jackson.module.kotlin.KotlinModule' (OnClassCondition)

   SpringDocJavadocConfiguration:
      Did not match:
         - @ConditionalOnClass did not find required class 'com.github.therapi.runtimejavadoc.CommentFormatter' (OnClassCondition)

   SpringDocKotlinConfiguration:
      Did not match:
         - @ConditionalOnClass did not find required class 'kotlin.coroutines.Continuation' (OnClassCondition)

   SpringDocKotlinxConfiguration:
      Did not match:
         - @ConditionalOnClass did not find required class 'kotlinx.coroutines.flow.Flow' (OnClassCondition)

   SpringDocSecurityConfiguration:
      Did not match:
         - @ConditionalOnClass did not find required class 'org.springframework.security.web.SecurityFilterChain' (OnClassCondition)

   SpringDocSortConfiguration#delegatingMethodParameterCustomizer:
      Did not match:
         - @ConditionalOnMissingBean (types: org.springdoc.core.customizers.DelegatingMethodParameterCustomizer; SearchStrategy: all) found beans of type 'org.springdoc.core.customizers.DelegatingMethodParameterCustomizer' delegatingMethodParameterCustomizer (OnBeanCondition)

   SpringDocWebMvcConfiguration.SpringDocWebMvcActuatorConfiguration:
      Did not match:
         - @ConditionalOnClass did not find required class 'org.springframework.boot.actuate.endpoint.web.servlet.WebMvcEndpointHandlerMapping' (OnClassCondition)

   SwaggerConfig#springWebProvider:
      Did not match:
         - @ConditionalOnMissingBean (types: org.springdoc.core.providers.SpringWebProvider; SearchStrategy: all) found beans of type 'org.springdoc.core.providers.SpringWebProvider' springWebProvider (OnBeanCondition)

   SwaggerConfig#swaggerUiConfigParameters:
      Did not match:
         - @ConditionalOnMissingBean (types: org.springdoc.core.properties.SwaggerUiConfigParameters; SearchStrategy: all) found beans of type 'org.springdoc.core.properties.SwaggerUiConfigParameters' org.springdoc.core.properties.SwaggerUiConfigParameters (OnBeanCondition)

   SwaggerConfig#swaggerUiHome:
      Did not match:
         - @ConditionalOnProperty (springdoc.swagger-ui.use-root-path=true) did not find property 'springdoc.swagger-ui.use-root-path' (OnPropertyCondition)

   SwaggerConfig.SwaggerActuatorWelcomeConfiguration:
      Did not match:
         - @ConditionalOnClass did not find required class 'org.springframework.boot.actuate.endpoint.web.servlet.WebMvcEndpointHandlerMapping' (OnClassCondition)

   TaskExecutorConfigurations.SimpleAsyncTaskExecutorBuilderConfiguration#simpleAsyncTaskExecutorBuilderVirtualThreads:
      Did not match:
         - @ConditionalOnMissingBean (types: org.springframework.boot.task.SimpleAsyncTaskExecutorBuilder; SearchStrategy: all) found beans of type 'org.springframework.boot.task.SimpleAsyncTaskExecutorBuilder' simpleAsyncTaskExecutorBuilder (OnBeanCondition)

   TaskExecutorConfigurations.TaskExecutorConfiguration#applicationTaskExecutorVirtualThreads:
      Did not match:
         - @ConditionalOnThreading did not find VIRTUAL (OnThreadingCondition)

   TaskSchedulingAutoConfiguration#scheduledBeanLazyInitializationExcludeFilter:
      Did not match:
         - @ConditionalOnBean (names: org.springframework.context.annotation.internalScheduledAnnotationProcessor; SearchStrategy: all) did not find any beans named org.springframework.context.annotation.internalScheduledAnnotationProcessor (OnBeanCondition)

   TaskSchedulingConfigurations.SimpleAsyncTaskSchedulerBuilderConfiguration#simpleAsyncTaskSchedulerBuilderVirtualThreads:
      Did not match:
         - @ConditionalOnMissingBean (types: org.springframework.boot.task.SimpleAsyncTaskSchedulerBuilder; SearchStrategy: all) found beans of type 'org.springframework.boot.task.SimpleAsyncTaskSchedulerBuilder' simpleAsyncTaskSchedulerBuilder (OnBeanCondition)

   TaskSchedulingConfigurations.TaskSchedulerConfiguration:
      Did not match:
         - @ConditionalOnBean (names: org.springframework.context.annotation.internalScheduledAnnotationProcessor; SearchStrategy: all) did not find any beans named org.springframework.context.annotation.internalScheduledAnnotationProcessor (OnBeanCondition)

   ThymeleafAutoConfiguration:
      Did not match:
         - @ConditionalOnClass did not find required class 'org.thymeleaf.spring6.SpringTemplateEngine' (OnClassCondition)

   TransactionAutoConfiguration#transactionalOperator:
      Did not match:
         - @ConditionalOnSingleCandidate (types: org.springframework.transaction.ReactiveTransactionManager; SearchStrategy: all) did not find any beans (OnBeanCondition)

   TransactionAutoConfiguration.AspectJTransactionManagementConfiguration:
      Did not match:
         - @ConditionalOnBean (types: org.springframework.transaction.aspectj.AbstractTransactionAspect; SearchStrategy: all) did not find any beans of type org.springframework.transaction.aspectj.AbstractTransactionAspect (OnBeanCondition)

   TransactionAutoConfiguration.EnableTransactionManagementConfiguration.JdkDynamicAutoProxyConfiguration:
      Did not match:
         - @ConditionalOnProperty (spring.aop.proxy-target-class=false) did not find property 'proxy-target-class' (OnPropertyCondition)

   UserDetailsServiceAutoConfiguration:
      Did not match:
         - @ConditionalOnClass did not find required class 'org.springframework.security.authentication.AuthenticationManager' (OnClassCondition)

   WebClientAutoConfiguration:
      Did not match:
         - @ConditionalOnClass did not find required class 'org.springframework.web.reactive.function.client.WebClient' (OnClassCondition)

   WebFluxAutoConfiguration:
      Did not match:
         - @ConditionalOnClass did not find required class 'org.springframework.web.reactive.config.WebFluxConfigurer' (OnClassCondition)

   WebMvcAutoConfiguration#hiddenHttpMethodFilter:
      Did not match:
         - @ConditionalOnProperty (spring.mvc.hiddenmethod.filter.enabled) did not find property 'enabled' (OnPropertyCondition)

   WebMvcAutoConfiguration.ProblemDetailsErrorHandlingConfiguration:
      Did not match:
         - @ConditionalOnProperty (spring.mvc.problemdetails.enabled=true) did not find property 'enabled' (OnPropertyCondition)

   WebMvcAutoConfiguration.ResourceChainCustomizerConfiguration:
      Did not match:
         - @ConditionalOnEnabledResourceChain did not find class org.webjars.WebJarVersionLocator (OnEnabledResourceChainCondition)

   WebMvcAutoConfiguration.WebMvcAutoConfigurationAdapter#beanNameViewResolver:
      Did not match:
         - @ConditionalOnMissingBean (types: org.springframework.web.servlet.view.BeanNameViewResolver; SearchStrategy: all) found beans of type 'org.springframework.web.servlet.view.BeanNameViewResolver' beanNameViewResolver (OnBeanCondition)

   WebServiceTemplateAutoConfiguration:
      Did not match:
         - @ConditionalOnClass did not find required class 'org.springframework.oxm.Marshaller' (OnClassCondition)

   WebServicesAutoConfiguration:
      Did not match:
         - @ConditionalOnClass did not find required class 'org.springframework.ws.transport.http.MessageDispatcherServlet' (OnClassCondition)

   WebSessionIdResolverAutoConfiguration:
      Did not match:
         - @ConditionalOnClass did not find required class 'reactor.core.publisher.Mono' (OnClassCondition)

   WebSocketMessagingAutoConfiguration:
      Did not match:
         - @ConditionalOnClass did not find required class 'org.springframework.web.socket.config.annotation.WebSocketMessageBrokerConfigurer' (OnClassCondition)

   WebSocketReactiveAutoConfiguration:
      Did not match:
         - @ConditionalOnWebApplication did not find reactive web application classes (OnWebApplicationCondition)

   WebSocketServletAutoConfiguration.JettyWebSocketConfiguration:
      Did not match:
         - @ConditionalOnClass did not find required class 'org.eclipse.jetty.ee10.websocket.jakarta.server.config.JakartaWebSocketServletContainerInitializer' (OnClassCondition)

   WebSocketServletAutoConfiguration.UndertowWebSocketConfiguration:
      Did not match:
         - @ConditionalOnClass did not find required class 'io.undertow.websockets.jsr.Bootstrap' (OnClassCondition)

   XADataSourceAutoConfiguration:
      Did not match:
         - @ConditionalOnBean (types: org.springframework.boot.jdbc.XADataSourceWrapper; SearchStrategy: all) did not find any beans of type org.springframework.boot.jdbc.XADataSourceWrapper (OnBeanCondition)
      Matched:
         - @ConditionalOnClass found required classes 'javax.sql.DataSource', 'jakarta.transaction.TransactionManager', 'org.springframework.jdbc.datasource.embedded.EmbeddedDatabaseType' (OnClassCondition)


Exclusions:
-----------

    None


Unconditional classes:
----------------------

    org.springframework.boot.autoconfigure.context.ConfigurationPropertiesAutoConfiguration

    org.springframework.boot.autoconfigure.ssl.SslAutoConfiguration

    org.springframework.boot.autoconfigure.context.PropertyPlaceholderAutoConfiguration

    org.springframework.boot.autoconfigure.context.LifecycleAutoConfiguration

    org.springdoc.core.configuration.SpringDocSpecPropertiesConfiguration

    org.springframework.boot.autoconfigure.availability.ApplicationAvailabilityAutoConfiguration

    org.springframework.boot.autoconfigure.info.ProjectInfoAutoConfiguration



]]></system-err>
  </testcase>
</testsuite>